[2024-10-09 17:39:26.876] [info] Preparing to run InverseKinematicsTool.
[2024-10-09 17:39:26.898] [info] Loaded model Pose2Sim_scaled from file Model_Pose2Sim_Halpe26_scaled.osim
[2024-10-09 17:39:26.898] [warning] Couldn't find file 'r_pelvis.vtp'.
[2024-10-09 17:39:26.899] [warning] Couldn't find file 'l_pelvis.vtp'.
[2024-10-09 17:39:26.899] [warning] Couldn't find file 'sacrum.vtp'.
[2024-10-09 17:39:26.899] [warning] Couldn't find file 'femur_r.vtp'.
[2024-10-09 17:39:26.899] [warning] Couldn't find file 'r_patella.vtp'.
[2024-10-09 17:39:26.899] [warning] Couldn't find file 'tibia_r.vtp'.
[2024-10-09 17:39:26.899] [warning] Couldn't find file 'fibula_r.vtp'.
[2024-10-09 17:39:26.899] [warning] Couldn't find file 'talus_rv.vtp'.
[2024-10-09 17:39:26.900] [warning] Couldn't find file 'foot.vtp'.
[2024-10-09 17:39:26.900] [warning] Couldn't find file 'bofoot.vtp'.
[2024-10-09 17:39:26.900] [warning] Couldn't find file 'femur_l.vtp'.
[2024-10-09 17:39:26.900] [warning] Couldn't find file 'l_patella.vtp'.
[2024-10-09 17:39:26.900] [warning] Couldn't find file 'tibia_l.vtp'.
[2024-10-09 17:39:26.900] [warning] Couldn't find file 'fibula_l.vtp'.
[2024-10-09 17:39:26.900] [warning] Couldn't find file 'talus_lv.vtp'.
[2024-10-09 17:39:26.901] [warning] Couldn't find file 'l_foot.vtp'.
[2024-10-09 17:39:26.901] [warning] Couldn't find file 'l_bofoot.vtp'.
[2024-10-09 17:39:26.901] [warning] Couldn't find file 'lumbar5.vtp'.
[2024-10-09 17:39:26.901] [warning] Couldn't find file 'lumbar4.vtp'.
[2024-10-09 17:39:26.901] [warning] Couldn't find file 'lumbar3.vtp'.
[2024-10-09 17:39:26.901] [warning] Couldn't find file 'lumbar2.vtp'.
[2024-10-09 17:39:26.902] [warning] Couldn't find file 'lumbar1.vtp'.
[2024-10-09 17:39:26.902] [warning] Couldn't find file 'cerv1sm.vtp'.
[2024-10-09 17:39:26.902] [warning] Couldn't find file 'cerv2sm.vtp'.
[2024-10-09 17:39:26.902] [warning] Couldn't find file 'cerv3sm.vtp'.
[2024-10-09 17:39:26.902] [warning] Couldn't find file 'cerv4sm.vtp'.
[2024-10-09 17:39:26.903] [warning] Couldn't find file 'cerv5sm.vtp'.
[2024-10-09 17:39:26.903] [warning] Couldn't find file 'cerv6sm.vtp'.
[2024-10-09 17:39:26.903] [warning] Couldn't find file 'cerv7.vtp'.
[2024-10-09 17:39:26.903] [warning] Couldn't find file 'thoracic12_s.vtp'.
[2024-10-09 17:39:26.903] [warning] Couldn't find file 'thoracic11_s.vtp'.
[2024-10-09 17:39:26.903] [warning] Couldn't find file 'thoracic10_s.vtp'.
[2024-10-09 17:39:26.904] [warning] Couldn't find file 'thoracic9_s.vtp'.
[2024-10-09 17:39:26.904] [warning] Couldn't find file 'thoracic8_s.vtp'.
[2024-10-09 17:39:26.904] [warning] Couldn't find file 'thoracic7_s.vtp'.
[2024-10-09 17:39:26.904] [warning] Couldn't find file 'thoracic6_s.vtp'.
[2024-10-09 17:39:26.904] [warning] Couldn't find file 'thoracic5_s.vtp'.
[2024-10-09 17:39:26.904] [warning] Couldn't find file 'thoracic4_s.vtp'.
[2024-10-09 17:39:26.904] [warning] Couldn't find file 'thoracic3_s.vtp'.
[2024-10-09 17:39:26.904] [warning] Couldn't find file 'thoracic2_s.vtp'.
[2024-10-09 17:39:26.905] [warning] Couldn't find file 'thoracic1_s.vtp'.
[2024-10-09 17:39:26.905] [warning] Couldn't find file 'hat_ribs_scap.vtp'.
[2024-10-09 17:39:26.905] [warning] Couldn't find file 'hat_jaw.vtp'.
[2024-10-09 17:39:26.905] [warning] Couldn't find file 'hat_skull.vtp'.
[2024-10-09 17:39:26.905] [warning] Couldn't find file 'humerus_rv.vtp'.
[2024-10-09 17:39:26.905] [warning] Couldn't find file 'ulna_rv.vtp'.
[2024-10-09 17:39:26.905] [warning] Couldn't find file 'radius_rv.vtp'.
[2024-10-09 17:39:26.906] [warning] Couldn't find file 'pisiform_rvs.vtp'.
[2024-10-09 17:39:26.906] [warning] Couldn't find file 'lunate_rvs.vtp'.
[2024-10-09 17:39:26.906] [warning] Couldn't find file 'scaphoid_rvs.vtp'.
[2024-10-09 17:39:26.906] [warning] Couldn't find file 'triquetrum_rvs.vtp'.
[2024-10-09 17:39:26.906] [warning] Couldn't find file 'hamate_rvs.vtp'.
[2024-10-09 17:39:26.906] [warning] Couldn't find file 'capitate_rvs.vtp'.
[2024-10-09 17:39:26.906] [warning] Couldn't find file 'trapezoid_rvs.vtp'.
[2024-10-09 17:39:26.906] [warning] Couldn't find file 'trapezium_rvs.vtp'.
[2024-10-09 17:39:26.907] [warning] Couldn't find file 'metacarpal2_rvs.vtp'.
[2024-10-09 17:39:26.907] [warning] Couldn't find file 'index_proximal_rvs.vtp'.
[2024-10-09 17:39:26.907] [warning] Couldn't find file 'index_medial_rvs.vtp'.
[2024-10-09 17:39:26.907] [warning] Couldn't find file 'index_distal_rvs.vtp'.
[2024-10-09 17:39:26.907] [warning] Couldn't find file 'metacarpal3_rvs.vtp'.
[2024-10-09 17:39:26.907] [warning] Couldn't find file 'middle_proximal_rvs.vtp'.
[2024-10-09 17:39:26.907] [warning] Couldn't find file 'middle_medial_rvs.vtp'.
[2024-10-09 17:39:26.907] [warning] Couldn't find file 'middle_distal_rvs.vtp'.
[2024-10-09 17:39:26.908] [warning] Couldn't find file 'metacarpal4_rvs.vtp'.
[2024-10-09 17:39:26.908] [warning] Couldn't find file 'ring_proximal_rvs.vtp'.
[2024-10-09 17:39:26.908] [warning] Couldn't find file 'ring_medial_rvs.vtp'.
[2024-10-09 17:39:26.908] [warning] Couldn't find file 'ring_distal_rvs.vtp'.
[2024-10-09 17:39:26.908] [warning] Couldn't find file 'metacarpal5_rvs.vtp'.
[2024-10-09 17:39:26.908] [warning] Couldn't find file 'little_proximal_rvs.vtp'.
[2024-10-09 17:39:26.908] [warning] Couldn't find file 'little_medial_rvs.vtp'.
[2024-10-09 17:39:26.909] [warning] Couldn't find file 'little_distal_rvs.vtp'.
[2024-10-09 17:39:26.909] [warning] Couldn't find file 'metacarpal1_rvs.vtp'.
[2024-10-09 17:39:26.909] [warning] Couldn't find file 'thumb_proximal_rvs.vtp'.
[2024-10-09 17:39:26.909] [warning] Couldn't find file 'thumb_distal_rvs.vtp'.
[2024-10-09 17:39:26.909] [warning] Couldn't find file 'humerus_lv.vtp'.
[2024-10-09 17:39:26.909] [warning] Couldn't find file 'ulna_lv.vtp'.
[2024-10-09 17:39:26.909] [warning] Couldn't find file 'radius_lv.vtp'.
[2024-10-09 17:39:26.909] [warning] Couldn't find file 'pisiform_lvs.vtp'.
[2024-10-09 17:39:26.910] [warning] Couldn't find file 'lunate_lvs.vtp'.
[2024-10-09 17:39:26.910] [warning] Couldn't find file 'scaphoid_lvs.vtp'.
[2024-10-09 17:39:26.910] [warning] Couldn't find file 'triquetrum_lvs.vtp'.
[2024-10-09 17:39:26.910] [warning] Couldn't find file 'hamate_lvs.vtp'.
[2024-10-09 17:39:26.910] [warning] Couldn't find file 'capitate_lvs.vtp'.
[2024-10-09 17:39:26.910] [warning] Couldn't find file 'trapezoid_lvs.vtp'.
[2024-10-09 17:39:26.910] [warning] Couldn't find file 'trapezium_lvs.vtp'.
[2024-10-09 17:39:26.911] [warning] Couldn't find file 'metacarpal2_lvs.vtp'.
[2024-10-09 17:39:26.911] [warning] Couldn't find file 'index_proximal_lvs.vtp'.
[2024-10-09 17:39:26.911] [warning] Couldn't find file 'index_medial_lvs.vtp'.
[2024-10-09 17:39:26.911] [warning] Couldn't find file 'index_distal_lvs.vtp'.
[2024-10-09 17:39:26.911] [warning] Couldn't find file 'metacarpal3_lvs.vtp'.
[2024-10-09 17:39:26.911] [warning] Couldn't find file 'middle_proximal_lvs.vtp'.
[2024-10-09 17:39:26.911] [warning] Couldn't find file 'middle_medial_lvs.vtp'.
[2024-10-09 17:39:26.911] [warning] Couldn't find file 'middle_distal_lvs.vtp'.
[2024-10-09 17:39:26.912] [warning] Couldn't find file 'metacarpal4_lvs.vtp'.
[2024-10-09 17:39:26.912] [warning] Couldn't find file 'ring_proximal_lvs.vtp'.
[2024-10-09 17:39:26.912] [warning] Couldn't find file 'ring_medial_lvs.vtp'.
[2024-10-09 17:39:26.912] [warning] Couldn't find file 'ring_distal_lvs.vtp'.
[2024-10-09 17:39:26.912] [warning] Couldn't find file 'metacarpal5_lvs.vtp'.
[2024-10-09 17:39:26.912] [warning] Couldn't find file 'little_proximal_lvs.vtp'.
[2024-10-09 17:39:26.912] [warning] Couldn't find file 'little_medial_lvs.vtp'.
[2024-10-09 17:39:26.912] [warning] Couldn't find file 'little_distal_lvs.vtp'.
[2024-10-09 17:39:26.913] [warning] Couldn't find file 'metacarpal1_lvs.vtp'.
[2024-10-09 17:39:26.913] [warning] Couldn't find file 'thumb_proximal_lvs.vtp'.
[2024-10-09 17:39:26.913] [warning] Couldn't find file 'thumb_distal_lvs.vtp'.
[2024-10-09 17:39:26.914] [cout] [info] 
               MODEL: Pose2Sim_scaled
         coordinates: 62
              forces: 0
           actuators: 0
             muscles: 0
            analyses: 0
              probes: 0
              bodies: 30
              joints: 30
         constraints: 20
             markers: 22
         controllers: 0
  contact geometries: 0
misc modelcomponents: 0
[2024-10-09 17:39:26.915] [info] Running tool .
[2024-10-09 17:39:27.388] [info] Frame 0 (t = 0.0333333):	 total squared error = 0.0134759, marker error: RMS = 0.0266319, max = 0.0493481 (LShoulder)
[2024-10-09 17:39:27.437] [info] Frame 1 (t = 0.0666667):	 total squared error = 0.0113473, marker error: RMS = 0.0244383, max = 0.0464257 (LShoulder)
[2024-10-09 17:39:27.514] [info] Frame 2 (t = 0.1):	 total squared error = 0.0101800, marker error: RMS = 0.0231471, max = 0.0433015 (LShoulder)
[2024-10-09 17:39:27.540] [info] Frame 3 (t = 0.133333):	 total squared error = 0.00962111, marker error: RMS = 0.0225028, max = 0.0396507 (LShoulder)
[2024-10-09 17:39:27.660] [info] Frame 4 (t = 0.166667):	 total squared error = 0.00937083, marker error: RMS = 0.0222081, max = 0.0367852 (LShoulder)
[2024-10-09 17:39:27.742] [info] Frame 5 (t = 0.2):	 total squared error = 0.00928409, marker error: RMS = 0.0221051, max = 0.0351308 (LShoulder)
[2024-10-09 17:39:27.791] [info] Frame 6 (t = 0.233333):	 total squared error = 0.00930355, marker error: RMS = 0.0221283, max = 0.0349903 (LShoulder)
[2024-10-09 17:39:27.834] [info] Frame 7 (t = 0.266667):	 total squared error = 0.00944502, marker error: RMS = 0.0222959, max = 0.035983 (LShoulder)
[2024-10-09 17:39:27.897] [info] Frame 8 (t = 0.3):	 total squared error = 0.00966902, marker error: RMS = 0.0225587, max = 0.0371046 (LShoulder)
[2024-10-09 17:39:27.957] [info] Frame 9 (t = 0.333333):	 total squared error = 0.00996944, marker error: RMS = 0.0229065, max = 0.0379375 (LShoulder)
[2024-10-09 17:39:27.998] [info] Frame 10 (t = 0.366667):	 total squared error = 0.0103641, marker error: RMS = 0.0233555, max = 0.0382972 (LShoulder)
[2024-10-09 17:39:28.022] [info] Frame 11 (t = 0.4):	 total squared error = 0.0108382, marker error: RMS = 0.0238838, max = 0.0380540 (LShoulder)
[2024-10-09 17:39:28.069] [info] Frame 12 (t = 0.433333):	 total squared error = 0.0113631, marker error: RMS = 0.0244552, max = 0.0374773 (LShoulder)
[2024-10-09 17:39:28.125] [info] Frame 13 (t = 0.466667):	 total squared error = 0.0118505, marker error: RMS = 0.0249742, max = 0.0365642 (LShoulder)
[2024-10-09 17:39:28.144] [info] Frame 14 (t = 0.5):	 total squared error = 0.0122494, marker error: RMS = 0.0253911, max = 0.0355436 (LShoulder)
[2024-10-09 17:39:28.172] [info] Frame 15 (t = 0.533333):	 total squared error = 0.0125141, marker error: RMS = 0.025664, max = 0.0358616 (Neck)
[2024-10-09 17:39:28.236] [info] Frame 16 (t = 0.566667):	 total squared error = 0.0125969, marker error: RMS = 0.0257487, max = 0.0368259 (Neck)
[2024-10-09 17:39:28.284] [info] Frame 17 (t = 0.6):	 total squared error = 0.0125908, marker error: RMS = 0.0257424, max = 0.0370274 (Neck)
[2024-10-09 17:39:28.308] [info] Frame 18 (t = 0.633333):	 total squared error = 0.0125352, marker error: RMS = 0.0256856, max = 0.0369458 (Neck)
[2024-10-09 17:39:28.352] [info] Frame 19 (t = 0.666667):	 total squared error = 0.0124379, marker error: RMS = 0.0255857, max = 0.0366928 (Neck)
[2024-10-09 17:39:28.383] [info] Frame 20 (t = 0.7):	 total squared error = 0.0123404, marker error: RMS = 0.0254852, max = 0.0365388 (Neck)
[2024-10-09 17:39:28.403] [info] Frame 21 (t = 0.733333):	 total squared error = 0.0122596, marker error: RMS = 0.0254016, max = 0.0364785 (Neck)
[2024-10-09 17:39:28.476] [info] Frame 22 (t = 0.766667):	 total squared error = 0.0121413, marker error: RMS = 0.0252788, max = 0.0361018 (Neck)
[2024-10-09 17:39:28.505] [info] Frame 23 (t = 0.8):	 total squared error = 0.0120158, marker error: RMS = 0.0251478, max = 0.0355054 (Neck)
[2024-10-09 17:39:28.529] [info] Frame 24 (t = 0.833333):	 total squared error = 0.0118381, marker error: RMS = 0.0249611, max = 0.0354989 (LShoulder)
[2024-10-09 17:39:28.555] [info] Frame 25 (t = 0.866667):	 total squared error = 0.0115681, marker error: RMS = 0.0246748, max = 0.0364025 (LShoulder)
[2024-10-09 17:39:28.574] [info] Frame 26 (t = 0.9):	 total squared error = 0.0112736, marker error: RMS = 0.0243587, max = 0.0375443 (LShoulder)
[2024-10-09 17:39:28.625] [info] Frame 27 (t = 0.933333):	 total squared error = 0.0110208, marker error: RMS = 0.0240841, max = 0.0381645 (LShoulder)
[2024-10-09 17:39:28.672] [info] Frame 28 (t = 0.966667):	 total squared error = 0.0109015, marker error: RMS = 0.0239534, max = 0.0384644 (LShoulder)
[2024-10-09 17:39:28.691] [info] Frame 29 (t = 1.0):	 total squared error = 0.0109634, marker error: RMS = 0.0240213, max = 0.0387167 (LShoulder)
[2024-10-09 17:39:28.715] [info] Frame 30 (t = 1.03333):	 total squared error = 0.0112044, marker error: RMS = 0.0242838, max = 0.0392503 (LShoulder)
[2024-10-09 17:39:28.735] [info] Frame 31 (t = 1.06667):	 total squared error = 0.0115097, marker error: RMS = 0.0246125, max = 0.0405074 (LShoulder)
[2024-10-09 17:39:28.753] [info] Frame 32 (t = 1.1):	 total squared error = 0.0118045, marker error: RMS = 0.0249257, max = 0.042329 (LShoulder)
[2024-10-09 17:39:28.770] [info] Frame 33 (t = 1.13333):	 total squared error = 0.0121293, marker error: RMS = 0.0252663, max = 0.0449404 (LShoulder)
[2024-10-09 17:39:28.815] [info] Frame 34 (t = 1.16667):	 total squared error = 0.0124943, marker error: RMS = 0.0256436, max = 0.0475082 (LShoulder)
[2024-10-09 17:39:28.837] [info] Frame 35 (t = 1.2):	 total squared error = 0.0129309, marker error: RMS = 0.0260878, max = 0.0501007 (LShoulder)
[2024-10-09 17:39:28.864] [info] Frame 36 (t = 1.23333):	 total squared error = 0.0132406, marker error: RMS = 0.0263984, max = 0.0514734 (LShoulder)
[2024-10-09 17:39:28.886] [info] Frame 37 (t = 1.26667):	 total squared error = 0.0134263, marker error: RMS = 0.0265828, max = 0.0515724 (LShoulder)
[2024-10-09 17:39:28.902] [info] Frame 38 (t = 1.3):	 total squared error = 0.0135097, marker error: RMS = 0.0266653, max = 0.0510227 (LShoulder)
[2024-10-09 17:39:28.921] [info] Frame 39 (t = 1.33333):	 total squared error = 0.0134343, marker error: RMS = 0.0265908, max = 0.0499945 (LShoulder)
[2024-10-09 17:39:28.951] [info] Frame 40 (t = 1.36667):	 total squared error = 0.0130827, marker error: RMS = 0.0262405, max = 0.0479998 (LShoulder)
[2024-10-09 17:39:29.036] [info] Frame 41 (t = 1.4):	 total squared error = 0.0124721, marker error: RMS = 0.0256208, max = 0.0450757 (LShoulder)
[2024-10-09 17:39:29.053] [info] Frame 42 (t = 1.43333):	 total squared error = 0.0118221, marker error: RMS = 0.0249442, max = 0.0417682 (LShoulder)
[2024-10-09 17:39:29.085] [info] Frame 43 (t = 1.46667):	 total squared error = 0.0114096, marker error: RMS = 0.0245053, max = 0.0393714 (LShoulder)
[2024-10-09 17:39:29.105] [info] Frame 44 (t = 1.5):	 total squared error = 0.011363, marker error: RMS = 0.0244551, max = 0.0390509 (LShoulder)
[2024-10-09 17:39:29.133] [info] Frame 45 (t = 1.53333):	 total squared error = 0.0117184, marker error: RMS = 0.0248346, max = 0.0404226 (LShoulder)
[2024-10-09 17:39:29.182] [info] Frame 46 (t = 1.56667):	 total squared error = 0.0123010, marker error: RMS = 0.0254445, max = 0.0424572 (LShoulder)
[2024-10-09 17:39:29.200] [info] Frame 47 (t = 1.6):	 total squared error = 0.0129159, marker error: RMS = 0.0260727, max = 0.0442819 (LShoulder)
[2024-10-09 17:39:29.217] [info] Frame 48 (t = 1.63333):	 total squared error = 0.0134271, marker error: RMS = 0.0265836, max = 0.0453289 (LShoulder)
[2024-10-09 17:39:29.273] [info] Frame 49 (t = 1.66667):	 total squared error = 0.0137252, marker error: RMS = 0.0268771, max = 0.0463887 (LShoulder)
[2024-10-09 17:39:29.300] [info] Frame 50 (t = 1.7):	 total squared error = 0.0138293, marker error: RMS = 0.0269788, max = 0.0471028 (LShoulder)
[2024-10-09 17:39:29.331] [info] Frame 51 (t = 1.73333):	 total squared error = 0.0135789, marker error: RMS = 0.0267335, max = 0.0469404 (LShoulder)
[2024-10-09 17:39:29.376] [info] Frame 52 (t = 1.76667):	 total squared error = 0.0130264, marker error: RMS = 0.026184, max = 0.0455269 (LShoulder)
[2024-10-09 17:39:29.396] [info] Frame 53 (t = 1.8):	 total squared error = 0.012424, marker error: RMS = 0.0255714, max = 0.0432442 (LShoulder)
[2024-10-09 17:39:29.424] [info] Frame 54 (t = 1.83333):	 total squared error = 0.0120195, marker error: RMS = 0.0251516, max = 0.0417785 (LShoulder)
[2024-10-09 17:39:29.445] [info] Frame 55 (t = 1.86667):	 total squared error = 0.0119442, marker error: RMS = 0.0250728, max = 0.0418349 (LShoulder)
[2024-10-09 17:39:29.492] [info] Frame 56 (t = 1.9):	 total squared error = 0.0120901, marker error: RMS = 0.0252254, max = 0.0426424 (LShoulder)
[2024-10-09 17:39:29.550] [info] Frame 57 (t = 1.93333):	 total squared error = 0.0123401, marker error: RMS = 0.0254848, max = 0.043635 (LShoulder)
[2024-10-09 17:39:29.600] [info] Frame 58 (t = 1.96667):	 total squared error = 0.0126283, marker error: RMS = 0.0257807, max = 0.0446526 (LShoulder)
[2024-10-09 17:39:29.679] [info] Frame 59 (t = 2.0):	 total squared error = 0.0129476, marker error: RMS = 0.0261047, max = 0.045737 (LShoulder)
[2024-10-09 17:39:29.699] [info] Frame 60 (t = 2.03333):	 total squared error = 0.0132729, marker error: RMS = 0.0264305, max = 0.0474646 (LShoulder)
[2024-10-09 17:39:29.730] [info] Frame 61 (t = 2.06667):	 total squared error = 0.0135525, marker error: RMS = 0.0267074, max = 0.0492329 (LShoulder)
[2024-10-09 17:39:29.752] [info] Frame 62 (t = 2.1):	 total squared error = 0.0137029, marker error: RMS = 0.0268553, max = 0.0508719 (LShoulder)
[2024-10-09 17:39:29.804] [info] Frame 63 (t = 2.13333):	 total squared error = 0.0135438, marker error: RMS = 0.0266989, max = 0.0512948 (LShoulder)
[2024-10-09 17:39:29.823] [info] Frame 64 (t = 2.16667):	 total squared error = 0.0131277, marker error: RMS = 0.0262856, max = 0.0503931 (LShoulder)
[2024-10-09 17:39:29.876] [info] Frame 65 (t = 2.2):	 total squared error = 0.0124973, marker error: RMS = 0.0256467, max = 0.048312 (LShoulder)
[2024-10-09 17:39:29.893] [info] Frame 66 (t = 2.23333):	 total squared error = 0.0119714, marker error: RMS = 0.0251012, max = 0.0450397 (LShoulder)
[2024-10-09 17:39:29.913] [info] Frame 67 (t = 2.26667):	 total squared error = 0.0116697, marker error: RMS = 0.024783, max = 0.0420765 (LShoulder)
[2024-10-09 17:39:30.003] [info] Frame 68 (t = 2.3):	 total squared error = 0.011634, marker error: RMS = 0.024745, max = 0.0411978 (LShoulder)
[2024-10-09 17:39:30.052] [info] Frame 69 (t = 2.33333):	 total squared error = 0.0118897, marker error: RMS = 0.0250155, max = 0.0418084 (LShoulder)
[2024-10-09 17:39:30.087] [info] Frame 70 (t = 2.36667):	 total squared error = 0.0123089, marker error: RMS = 0.0254526, max = 0.0437409 (LShoulder)
[2024-10-09 17:39:30.106] [info] Frame 71 (t = 2.4):	 total squared error = 0.0127903, marker error: RMS = 0.0259456, max = 0.0457495 (LShoulder)
[2024-10-09 17:39:30.148] [info] Frame 72 (t = 2.43333):	 total squared error = 0.0131889, marker error: RMS = 0.0263467, max = 0.0470356 (LShoulder)
[2024-10-09 17:39:30.215] [info] Frame 73 (t = 2.46667):	 total squared error = 0.0133062, marker error: RMS = 0.0264637, max = 0.0473345 (LShoulder)
[2024-10-09 17:39:30.251] [info] Frame 74 (t = 2.5):	 total squared error = 0.0129763, marker error: RMS = 0.0261335, max = 0.0466951 (LShoulder)
[2024-10-09 17:39:30.281] [info] Frame 75 (t = 2.53333):	 total squared error = 0.0122509, marker error: RMS = 0.0253926, max = 0.0445685 (LShoulder)
[2024-10-09 17:39:30.307] [info] Frame 76 (t = 2.56667):	 total squared error = 0.0113752, marker error: RMS = 0.0244683, max = 0.0417007 (LShoulder)
[2024-10-09 17:39:30.355] [info] Frame 77 (t = 2.6):	 total squared error = 0.0105684, marker error: RMS = 0.0235845, max = 0.0388312 (LShoulder)
[2024-10-09 17:39:30.374] [info] Frame 78 (t = 2.63333):	 total squared error = 0.0100838, marker error: RMS = 0.0230375, max = 0.0358671 (LShoulder)
[2024-10-09 17:39:30.402] [info] Frame 79 (t = 2.66667):	 total squared error = 0.00984261, marker error: RMS = 0.0227603, max = 0.0337517 (LShoulder)
[2024-10-09 17:39:30.420] [info] Frame 80 (t = 2.7):	 total squared error = 0.00981399, marker error: RMS = 0.0227272, max = 0.0325447 (LShoulder)
[2024-10-09 17:39:30.440] [info] Frame 81 (t = 2.73333):	 total squared error = 0.00984532, marker error: RMS = 0.0227635, max = 0.0319915 (LShoulder)
[2024-10-09 17:39:30.495] [info] Frame 82 (t = 2.76667):	 total squared error = 0.00984643, marker error: RMS = 0.0227647, max = 0.0320193 (LShoulder)
[2024-10-09 17:39:30.529] [info] Frame 83 (t = 2.8):	 total squared error = 0.00990557, marker error: RMS = 0.022833, max = 0.0318606 (LShoulder)
[2024-10-09 17:39:30.554] [info] Frame 84 (t = 2.83333):	 total squared error = 0.00998268, marker error: RMS = 0.0229217, max = 0.0317063 (LShoulder)
[2024-10-09 17:39:30.613] [info] Frame 85 (t = 2.86667):	 total squared error = 0.0100271, marker error: RMS = 0.0229726, max = 0.0317561 (LShoulder)
[2024-10-09 17:39:30.637] [info] Frame 86 (t = 2.9):	 total squared error = 0.0100255, marker error: RMS = 0.0229708, max = 0.0329883 (Neck)
[2024-10-09 17:39:30.671] [info] Frame 87 (t = 2.93333):	 total squared error = 0.00992817, marker error: RMS = 0.022859, max = 0.0337761 (Neck)
[2024-10-09 17:39:30.691] [info] Frame 88 (t = 2.96667):	 total squared error = 0.00982401, marker error: RMS = 0.0227388, max = 0.0337419 (Neck)
[2024-10-09 17:39:30.733] [info] Frame 89 (t = 3.0):	 total squared error = 0.00967186, marker error: RMS = 0.022562, max = 0.0325708 (Neck)
[2024-10-09 17:39:30.760] [info] Frame 90 (t = 3.03333):	 total squared error = 0.00963212, marker error: RMS = 0.0225156, max = 0.0319366 (LHeel)
[2024-10-09 17:39:30.822] [info] Frame 91 (t = 3.06667):	 total squared error = 0.00971664, marker error: RMS = 0.0226142, max = 0.0322409 (LHeel)
[2024-10-09 17:39:30.870] [info] Frame 92 (t = 3.1):	 total squared error = 0.00990187, marker error: RMS = 0.0228287, max = 0.0318499 (LHeel)
[2024-10-09 17:39:30.934] [info] Frame 93 (t = 3.13333):	 total squared error = 0.0101064, marker error: RMS = 0.0230633, max = 0.0316568 (LHeel)
[2024-10-09 17:39:30.989] [info] Frame 94 (t = 3.16667):	 total squared error = 0.0103186, marker error: RMS = 0.0233041, max = 0.0323119 (LKnee)
[2024-10-09 17:39:31.039] [info] Frame 95 (t = 3.2):	 total squared error = 0.0105225, marker error: RMS = 0.0235333, max = 0.0323558 (LKnee)
[2024-10-09 17:39:31.085] [info] Frame 96 (t = 3.23333):	 total squared error = 0.0107448, marker error: RMS = 0.0237806, max = 0.0321486 (LShoulder)
[2024-10-09 17:39:31.117] [info] Frame 97 (t = 3.26667):	 total squared error = 0.0108995, marker error: RMS = 0.0239512, max = 0.0323535 (LShoulder)
[2024-10-09 17:39:31.137] [info] Frame 98 (t = 3.3):	 total squared error = 0.0109161, marker error: RMS = 0.0239694, max = 0.0325206 (LShoulder)
[2024-10-09 17:39:31.171] [info] Frame 99 (t = 3.33333):	 total squared error = 0.0107839, marker error: RMS = 0.0238238, max = 0.0329103 (LShoulder)
[2024-10-09 17:39:31.229] [info] Frame 100 (t = 3.36667):	 total squared error = 0.0105619, marker error: RMS = 0.0235773, max = 0.0328046 (LShoulder)
[2024-10-09 17:39:31.279] [info] Frame 101 (t = 3.4):	 total squared error = 0.0104086, marker error: RMS = 0.0234055, max = 0.0331366 (LAnkle)
[2024-10-09 17:39:31.303] [info] Frame 102 (t = 3.43333):	 total squared error = 0.0103316, marker error: RMS = 0.0233188, max = 0.0335793 (LAnkle)
[2024-10-09 17:39:31.333] [info] Frame 103 (t = 3.46667):	 total squared error = 0.0102901, marker error: RMS = 0.023272, max = 0.0340585 (LAnkle)
[2024-10-09 17:39:31.378] [info] Frame 104 (t = 3.5):	 total squared error = 0.0103243, marker error: RMS = 0.0233106, max = 0.0344378 (LAnkle)
[2024-10-09 17:39:31.430] [info] Frame 105 (t = 3.53333):	 total squared error = 0.0103887, marker error: RMS = 0.0233832, max = 0.0342817 (LAnkle)
[2024-10-09 17:39:31.486] [info] Frame 106 (t = 3.56667):	 total squared error = 0.0104548, marker error: RMS = 0.0234575, max = 0.0338494 (LAnkle)
[2024-10-09 17:39:31.521] [info] Frame 107 (t = 3.6):	 total squared error = 0.0105466, marker error: RMS = 0.0235603, max = 0.0331633 (LAnkle)
[2024-10-09 17:39:31.551] [info] Frame 108 (t = 3.63333):	 total squared error = 0.0107457, marker error: RMS = 0.0237815, max = 0.0346088 (LShoulder)
[2024-10-09 17:39:31.575] [info] Frame 109 (t = 3.66667):	 total squared error = 0.0111243, marker error: RMS = 0.0241969, max = 0.03777 (LShoulder)
[2024-10-09 17:39:31.628] [info] Frame 110 (t = 3.7):	 total squared error = 0.011618, marker error: RMS = 0.024728, max = 0.0414838 (LShoulder)
[2024-10-09 17:39:31.678] [info] Frame 111 (t = 3.73333):	 total squared error = 0.0121551, marker error: RMS = 0.0252931, max = 0.0457875 (LShoulder)
[2024-10-09 17:39:31.704] [info] Frame 112 (t = 3.76667):	 total squared error = 0.0125924, marker error: RMS = 0.025744, max = 0.0496302 (LShoulder)
[2024-10-09 17:39:31.727] [info] Frame 113 (t = 3.8):	 total squared error = 0.0127765, marker error: RMS = 0.0259316, max = 0.0517352 (LShoulder)
[2024-10-09 17:39:31.803] [info] Frame 114 (t = 3.83333):	 total squared error = 0.0126129, marker error: RMS = 0.025765, max = 0.0515938 (LShoulder)
[2024-10-09 17:39:31.828] [info] Frame 115 (t = 3.86667):	 total squared error = 0.012165, marker error: RMS = 0.0253034, max = 0.0502671 (LShoulder)
[2024-10-09 17:39:31.905] [info] Frame 116 (t = 3.9):	 total squared error = 0.0115069, marker error: RMS = 0.0246095, max = 0.0483335 (LShoulder)
[2024-10-09 17:39:31.925] [info] Frame 117 (t = 3.93333):	 total squared error = 0.0108951, marker error: RMS = 0.0239463, max = 0.0455474 (LShoulder)
[2024-10-09 17:39:31.958] [info] Frame 118 (t = 3.96667):	 total squared error = 0.0105028, marker error: RMS = 0.0235112, max = 0.0440567 (LShoulder)
[2024-10-09 17:39:31.978] [info] Frame 119 (t = 4.0):	 total squared error = 0.0103719, marker error: RMS = 0.0233643, max = 0.0427624 (LShoulder)
[2024-10-09 17:39:32.030] [info] Frame 120 (t = 4.03333):	 total squared error = 0.0103770, marker error: RMS = 0.0233701, max = 0.0419374 (LShoulder)
[2024-10-09 17:39:32.048] [info] Frame 121 (t = 4.06667):	 total squared error = 0.0104250, marker error: RMS = 0.023424, max = 0.0402233 (LShoulder)
[2024-10-09 17:39:32.078] [info] Frame 122 (t = 4.1):	 total squared error = 0.0104332, marker error: RMS = 0.0234332, max = 0.0384131 (LShoulder)
[2024-10-09 17:39:32.152] [info] Frame 123 (t = 4.13333):	 total squared error = 0.0104385, marker error: RMS = 0.0234392, max = 0.0364976 (LShoulder)
[2024-10-09 17:39:32.174] [info] Frame 124 (t = 4.16667):	 total squared error = 0.0104518, marker error: RMS = 0.0234541, max = 0.0346246 (LShoulder)
[2024-10-09 17:39:32.216] [info] Frame 125 (t = 4.2):	 total squared error = 0.0103589, marker error: RMS = 0.0233496, max = 0.033917 (Neck)
[2024-10-09 17:39:32.236] [info] Frame 126 (t = 4.23333):	 total squared error = 0.0102473, marker error: RMS = 0.0232235, max = 0.0352305 (Neck)
[2024-10-09 17:39:32.256] [info] Frame 127 (t = 4.26667):	 total squared error = 0.0101932, marker error: RMS = 0.0231621, max = 0.0357896 (Neck)
[2024-10-09 17:39:32.282] [info] Frame 128 (t = 4.3):	 total squared error = 0.0102598, marker error: RMS = 0.0232376, max = 0.035832 (Neck)
[2024-10-09 17:39:32.314] [info] Frame 129 (t = 4.33333):	 total squared error = 0.0103967, marker error: RMS = 0.0233922, max = 0.0356044 (Neck)
[2024-10-09 17:39:32.360] [info] Frame 130 (t = 4.36667):	 total squared error = 0.0104915, marker error: RMS = 0.0234986, max = 0.0354171 (Neck)
[2024-10-09 17:39:32.406] [info] Frame 131 (t = 4.4):	 total squared error = 0.0104486, marker error: RMS = 0.0234505, max = 0.0350895 (Neck)
[2024-10-09 17:39:32.429] [info] Frame 132 (t = 4.43333):	 total squared error = 0.0103319, marker error: RMS = 0.0233192, max = 0.0346021 (Neck)
[2024-10-09 17:39:32.478] [info] Frame 133 (t = 4.46667):	 total squared error = 0.0101874, marker error: RMS = 0.0231556, max = 0.0343894 (LShoulder)
[2024-10-09 17:39:32.511] [info] Frame 134 (t = 4.5):	 total squared error = 0.0101332, marker error: RMS = 0.0230939, max = 0.034319 (LShoulder)
[2024-10-09 17:39:32.543] [info] Frame 135 (t = 4.53333):	 total squared error = 0.0101612, marker error: RMS = 0.0231258, max = 0.0341199 (LShoulder)
[2024-10-09 17:39:32.611] [info] Frame 136 (t = 4.56667):	 total squared error = 0.0101947, marker error: RMS = 0.0231638, max = 0.0339235 (LShoulder)
[2024-10-09 17:39:32.662] [info] Frame 137 (t = 4.6):	 total squared error = 0.0101367, marker error: RMS = 0.0230978, max = 0.0336827 (LShoulder)
[2024-10-09 17:39:32.748] [info] Frame 138 (t = 4.63333):	 total squared error = 0.00993321, marker error: RMS = 0.0228648, max = 0.0334081 (LShoulder)
[2024-10-09 17:39:32.813] [info] Frame 139 (t = 4.66667):	 total squared error = 0.00967578, marker error: RMS = 0.0225666, max = 0.0331558 (LShoulder)
[2024-10-09 17:39:32.867] [info] Frame 140 (t = 4.7):	 total squared error = 0.00946116, marker error: RMS = 0.0223149, max = 0.0330053 (LShoulder)
[2024-10-09 17:39:32.938] [info] Frame 141 (t = 4.73333):	 total squared error = 0.00937103, marker error: RMS = 0.0222084, max = 0.0327221 (LShoulder)
[2024-10-09 17:39:32.994] [info] Frame 142 (t = 4.76667):	 total squared error = 0.00944937, marker error: RMS = 0.0223010, max = 0.0326681 (LShoulder)
[2024-10-09 17:39:33.050] [info] Frame 143 (t = 4.8):	 total squared error = 0.00967982, marker error: RMS = 0.0225713, max = 0.0326645 (LShoulder)
[2024-10-09 17:39:33.131] [info] Frame 144 (t = 4.83333):	 total squared error = 0.0100154, marker error: RMS = 0.0229593, max = 0.0339984 (Neck)
[2024-10-09 17:39:33.150] [info] Frame 145 (t = 4.86667):	 total squared error = 0.0103823, marker error: RMS = 0.023376, max = 0.0350340 (Neck)
[2024-10-09 17:39:33.178] [info] Frame 146 (t = 4.9):	 total squared error = 0.0106255, marker error: RMS = 0.0236482, max = 0.0352951 (Neck)
[2024-10-09 17:39:33.199] [info] Frame 147 (t = 4.93333):	 total squared error = 0.0106191, marker error: RMS = 0.023641, max = 0.0346539 (Neck)
[2024-10-09 17:39:33.231] [info] Frame 148 (t = 4.96667):	 total squared error = 0.0103946, marker error: RMS = 0.0233898, max = 0.0340749 (LShoulder)
[2024-10-09 17:39:33.269] [info] Frame 149 (t = 5.0):	 total squared error = 0.0100583, marker error: RMS = 0.0230084, max = 0.0340738 (LShoulder)
[2024-10-09 17:39:33.302] [info] Frame 150 (t = 5.03333):	 total squared error = 0.00976941, marker error: RMS = 0.0226755, max = 0.033969 (LShoulder)
[2024-10-09 17:39:33.343] [info] Frame 151 (t = 5.06667):	 total squared error = 0.00961231, marker error: RMS = 0.0224925, max = 0.033874 (LShoulder)
[2024-10-09 17:39:33.404] [info] Frame 152 (t = 5.1):	 total squared error = 0.00959148, marker error: RMS = 0.0224681, max = 0.0336084 (LShoulder)
[2024-10-09 17:39:33.445] [info] Frame 153 (t = 5.13333):	 total squared error = 0.00965340, marker error: RMS = 0.0225405, max = 0.0333451 (LShoulder)
[2024-10-09 17:39:33.493] [info] Frame 154 (t = 5.16667):	 total squared error = 0.00975196, marker error: RMS = 0.0226553, max = 0.032964 (LShoulder)
[2024-10-09 17:39:33.548] [info] Frame 155 (t = 5.2):	 total squared error = 0.00989634, marker error: RMS = 0.0228224, max = 0.0326672 (LShoulder)
[2024-10-09 17:39:33.634] [info] Frame 156 (t = 5.23333):	 total squared error = 0.0100665, marker error: RMS = 0.0230177, max = 0.0322824 (LShoulder)
[2024-10-09 17:39:33.712] [info] Frame 157 (t = 5.26667):	 total squared error = 0.0102651, marker error: RMS = 0.0232437, max = 0.0327323 (Neck)
[2024-10-09 17:39:33.774] [info] Frame 158 (t = 5.3):	 total squared error = 0.0104328, marker error: RMS = 0.0234328, max = 0.0335062 (Neck)
[2024-10-09 17:39:33.826] [info] Frame 159 (t = 5.33333):	 total squared error = 0.0105203, marker error: RMS = 0.0235309, max = 0.0338374 (Neck)
[2024-10-09 17:39:33.890] [info] Frame 160 (t = 5.36667):	 total squared error = 0.0104594, marker error: RMS = 0.0234627, max = 0.0335533 (Neck)
[2024-10-09 17:39:33.937] [info] Frame 161 (t = 5.4):	 total squared error = 0.0102270, marker error: RMS = 0.0232005, max = 0.0327155 (Neck)
[2024-10-09 17:39:33.978] [info] Frame 162 (t = 5.43333):	 total squared error = 0.00989113, marker error: RMS = 0.0228163, max = 0.0327663 (LShoulder)
[2024-10-09 17:39:34.031] [info] Frame 163 (t = 5.46667):	 total squared error = 0.00958754, marker error: RMS = 0.0224635, max = 0.0330747 (LShoulder)
[2024-10-09 17:39:34.065] [info] Frame 164 (t = 5.5):	 total squared error = 0.00942524, marker error: RMS = 0.0222725, max = 0.0335825 (LShoulder)
[2024-10-09 17:39:34.118] [info] Frame 165 (t = 5.53333):	 total squared error = 0.00943505, marker error: RMS = 0.0222841, max = 0.03399 (LShoulder)
[2024-10-09 17:39:34.170] [info] Frame 166 (t = 5.56667):	 total squared error = 0.00960924, marker error: RMS = 0.0224889, max = 0.0343462 (LShoulder)
[2024-10-09 17:39:34.217] [info] Frame 167 (t = 5.6):	 total squared error = 0.00988518, marker error: RMS = 0.0228095, max = 0.0344532 (LShoulder)
[2024-10-09 17:39:34.261] [info] Frame 168 (t = 5.63333):	 total squared error = 0.0102077, marker error: RMS = 0.0231786, max = 0.0343573 (LShoulder)
[2024-10-09 17:39:34.305] [info] Frame 169 (t = 5.66667):	 total squared error = 0.0104893, marker error: RMS = 0.0234961, max = 0.0347602 (Neck)
[2024-10-09 17:39:34.344] [info] Frame 170 (t = 5.7):	 total squared error = 0.0106479, marker error: RMS = 0.0236731, max = 0.0349248 (Neck)
[2024-10-09 17:39:34.417] [info] Frame 171 (t = 5.73333):	 total squared error = 0.0106541, marker error: RMS = 0.02368, max = 0.0349099 (Neck)
[2024-10-09 17:39:34.485] [info] Frame 172 (t = 5.76667):	 total squared error = 0.0105677, marker error: RMS = 0.0235838, max = 0.0347643 (Neck)
[2024-10-09 17:39:34.533] [info] Frame 173 (t = 5.8):	 total squared error = 0.0104646, marker error: RMS = 0.0234685, max = 0.0345363 (Neck)
[2024-10-09 17:39:34.586] [info] Frame 174 (t = 5.83333):	 total squared error = 0.0103905, marker error: RMS = 0.0233853, max = 0.0342814 (Neck)
[2024-10-09 17:39:34.640] [info] Frame 175 (t = 5.86667):	 total squared error = 0.0103377, marker error: RMS = 0.0233257, max = 0.0340171 (Neck)
[2024-10-09 17:39:34.686] [info] Frame 176 (t = 5.9):	 total squared error = 0.0102720, marker error: RMS = 0.0232514, max = 0.0337913 (Neck)
[2024-10-09 17:39:34.728] [info] Frame 177 (t = 5.93333):	 total squared error = 0.0101964, marker error: RMS = 0.0231657, max = 0.0338007 (LShoulder)
[2024-10-09 17:39:34.782] [info] Frame 178 (t = 5.96667):	 total squared error = 0.0101673, marker error: RMS = 0.0231326, max = 0.0337122 (Neck)
[2024-10-09 17:39:34.841] [info] Frame 179 (t = 6.0):	 total squared error = 0.0102695, marker error: RMS = 0.0232486, max = 0.033967 (Neck)
[2024-10-09 17:39:34.895] [info] Frame 180 (t = 6.03333):	 total squared error = 0.0104919, marker error: RMS = 0.0234991, max = 0.0342612 (Neck)
[2024-10-09 17:39:34.944] [info] Frame 181 (t = 6.06667):	 total squared error = 0.0107316, marker error: RMS = 0.023766, max = 0.0344468 (Neck)
[2024-10-09 17:39:34.979] [info] Frame 182 (t = 6.1):	 total squared error = 0.0108605, marker error: RMS = 0.0239082, max = 0.0344663 (Neck)
[2024-10-09 17:39:35.001] [info] Frame 183 (t = 6.13333):	 total squared error = 0.0108372, marker error: RMS = 0.0238826, max = 0.034511 (Neck)
[2024-10-09 17:39:35.050] [info] Frame 184 (t = 6.16667):	 total squared error = 0.0106300, marker error: RMS = 0.0236532, max = 0.034179 (Neck)
[2024-10-09 17:39:35.091] [info] Frame 185 (t = 6.2):	 total squared error = 0.0103847, marker error: RMS = 0.0233787, max = 0.0339701 (Neck)
[2024-10-09 17:39:35.146] [info] Frame 186 (t = 6.23333):	 total squared error = 0.0101307, marker error: RMS = 0.0230911, max = 0.0337282 (Neck)
[2024-10-09 17:39:35.164] [info] Frame 187 (t = 6.26667):	 total squared error = 0.00995249, marker error: RMS = 0.022887, max = 0.0336523 (Neck)
[2024-10-09 17:39:35.183] [info] Frame 188 (t = 6.3):	 total squared error = 0.00987389, marker error: RMS = 0.0227965, max = 0.0337649 (Neck)
[2024-10-09 17:39:35.204] [info] Frame 189 (t = 6.33333):	 total squared error = 0.00993999, marker error: RMS = 0.0228726, max = 0.0342051 (Neck)
[2024-10-09 17:39:35.224] [info] Frame 190 (t = 6.36667):	 total squared error = 0.0101375, marker error: RMS = 0.0230988, max = 0.034798 (Neck)
[2024-10-09 17:39:35.280] [info] Frame 191 (t = 6.4):	 total squared error = 0.0104174, marker error: RMS = 0.0234155, max = 0.0352153 (Neck)
[2024-10-09 17:39:35.306] [info] Frame 192 (t = 6.43333):	 total squared error = 0.0108224, marker error: RMS = 0.0238663, max = 0.0358165 (Neck)
[2024-10-09 17:39:35.323] [info] Frame 193 (t = 6.46667):	 total squared error = 0.0111605, marker error: RMS = 0.0242362, max = 0.0360876 (Neck)
[2024-10-09 17:39:35.341] [info] Frame 194 (t = 6.5):	 total squared error = 0.0112072, marker error: RMS = 0.0242869, max = 0.0356585 (Neck)
[2024-10-09 17:39:35.375] [info] Frame 195 (t = 6.53333):	 total squared error = 0.0108535, marker error: RMS = 0.0239006, max = 0.0341996 (Neck)
[2024-10-09 17:39:35.439] [info] Frame 196 (t = 6.56667):	 total squared error = 0.0102430, marker error: RMS = 0.0232186, max = 0.0336696 (LShoulder)
[2024-10-09 17:39:35.470] [info] Frame 197 (t = 6.6):	 total squared error = 0.00968391, marker error: RMS = 0.0225761, max = 0.0329665 (LShoulder)
[2024-10-09 17:39:35.515] [info] Frame 198 (t = 6.63333):	 total squared error = 0.00931487, marker error: RMS = 0.0221417, max = 0.032369 (LShoulder)
[2024-10-09 17:39:35.564] [info] Frame 199 (t = 6.66667):	 total squared error = 0.00919531, marker error: RMS = 0.0219992, max = 0.0320714 (LShoulder)
[2024-10-09 17:39:35.620] [info] Frame 200 (t = 6.7):	 total squared error = 0.00923494, marker error: RMS = 0.0220465, max = 0.0324034 (LShoulder)
[2024-10-09 17:39:35.674] [info] Frame 201 (t = 6.73333):	 total squared error = 0.00940919, marker error: RMS = 0.0222536, max = 0.0332965 (LShoulder)
[2024-10-09 17:39:35.733] [info] Frame 202 (t = 6.76667):	 total squared error = 0.00972895, marker error: RMS = 0.0226285, max = 0.0348496 (LShoulder)
[2024-10-09 17:39:35.784] [info] Frame 203 (t = 6.8):	 total squared error = 0.0101920, marker error: RMS = 0.0231607, max = 0.0366197 (LShoulder)
[2024-10-09 17:39:35.821] [info] Frame 204 (t = 6.83333):	 total squared error = 0.0106963, marker error: RMS = 0.0237269, max = 0.0378974 (LShoulder)
[2024-10-09 17:39:35.841] [info] Frame 205 (t = 6.86667):	 total squared error = 0.0110719, marker error: RMS = 0.0241398, max = 0.037757 (LShoulder)
[2024-10-09 17:39:35.870] [info] Frame 206 (t = 6.9):	 total squared error = 0.0111546, marker error: RMS = 0.0242298, max = 0.0367181 (LShoulder)
[2024-10-09 17:39:35.888] [info] Frame 207 (t = 6.93333):	 total squared error = 0.0109711, marker error: RMS = 0.0240297, max = 0.0355975 (Neck)
[2024-10-09 17:39:35.938] [info] Frame 208 (t = 6.96667):	 total squared error = 0.0105636, marker error: RMS = 0.0235792, max = 0.0356419 (Neck)
[2024-10-09 17:39:35.959] [info] Frame 209 (t = 7.0):	 total squared error = 0.0101122, marker error: RMS = 0.0230699, max = 0.0350599 (Neck)
[2024-10-09 17:39:36.007] [info] Frame 210 (t = 7.03333):	 total squared error = 0.00966217, marker error: RMS = 0.0225507, max = 0.033784 (Neck)
[2024-10-09 17:39:36.026] [info] Frame 211 (t = 7.06667):	 total squared error = 0.00936670, marker error: RMS = 0.0222032, max = 0.0332424 (LShoulder)
[2024-10-09 17:39:36.065] [info] Frame 212 (t = 7.1):	 total squared error = 0.00914608, marker error: RMS = 0.0219402, max = 0.0329041 (LShoulder)
[2024-10-09 17:39:36.090] [info] Frame 213 (t = 7.13333):	 total squared error = 0.00912014, marker error: RMS = 0.0219091, max = 0.0326405 (LShoulder)
[2024-10-09 17:39:36.109] [info] Frame 214 (t = 7.16667):	 total squared error = 0.00922745, marker error: RMS = 0.0220376, max = 0.0325531 (LShoulder)
[2024-10-09 17:39:36.152] [info] Frame 215 (t = 7.2):	 total squared error = 0.00939597, marker error: RMS = 0.0222379, max = 0.0324124 (LShoulder)
[2024-10-09 17:39:36.190] [info] Frame 216 (t = 7.23333):	 total squared error = 0.00960810, marker error: RMS = 0.0224875, max = 0.0324189 (LShoulder)
[2024-10-09 17:39:36.238] [info] Frame 217 (t = 7.26667):	 total squared error = 0.00981496, marker error: RMS = 0.0227283, max = 0.0325939 (LShoulder)
[2024-10-09 17:39:36.272] [info] Frame 218 (t = 7.3):	 total squared error = 0.00996897, marker error: RMS = 0.0229060, max = 0.0331543 (LShoulder)
[2024-10-09 17:39:36.311] [info] Frame 219 (t = 7.33333):	 total squared error = 0.0100568, marker error: RMS = 0.0230067, max = 0.0338599 (LShoulder)
[2024-10-09 17:39:36.393] [info] Frame 220 (t = 7.36667):	 total squared error = 0.0100859, marker error: RMS = 0.0230398, max = 0.0351045 (LShoulder)
[2024-10-09 17:39:36.422] [info] Frame 221 (t = 7.4):	 total squared error = 0.0100790, marker error: RMS = 0.0230320, max = 0.0366522 (LShoulder)
[2024-10-09 17:39:36.476] [info] Frame 222 (t = 7.43333):	 total squared error = 0.00994197, marker error: RMS = 0.0228749, max = 0.0374882 (LShoulder)
[2024-10-09 17:39:36.508] [info] Frame 223 (t = 7.46667):	 total squared error = 0.00973856, marker error: RMS = 0.0226397, max = 0.0376027 (LShoulder)
[2024-10-09 17:39:36.591] [info] Frame 224 (t = 7.5):	 total squared error = 0.00957414, marker error: RMS = 0.0224478, max = 0.0374915 (LShoulder)
[2024-10-09 17:39:36.609] [info] Frame 225 (t = 7.53333):	 total squared error = 0.00955658, marker error: RMS = 0.0224272, max = 0.0368819 (LShoulder)
[2024-10-09 17:39:36.655] [info] Frame 226 (t = 7.56667):	 total squared error = 0.00950519, marker error: RMS = 0.0223668, max = 0.0364862 (LShoulder)
[2024-10-09 17:39:36.678] [info] Frame 227 (t = 7.6):	 total squared error = 0.00939303, marker error: RMS = 0.0222344, max = 0.0354891 (LShoulder)
[2024-10-09 17:39:36.698] [info] Frame 228 (t = 7.63333):	 total squared error = 0.00924135, marker error: RMS = 0.0220542, max = 0.0347054 (LShoulder)
[2024-10-09 17:39:36.748] [info] Frame 229 (t = 7.66667):	 total squared error = 0.00912590, marker error: RMS = 0.021916, max = 0.0346332 (LShoulder)
[2024-10-09 17:39:36.769] [info] Frame 230 (t = 7.7):	 total squared error = 0.00911798, marker error: RMS = 0.0219065, max = 0.0360218 (LShoulder)
[2024-10-09 17:39:36.787] [info] Frame 231 (t = 7.73333):	 total squared error = 0.00923850, marker error: RMS = 0.0220508, max = 0.0384179 (LShoulder)
[2024-10-09 17:39:36.817] [info] Frame 232 (t = 7.76667):	 total squared error = 0.00943291, marker error: RMS = 0.0222816, max = 0.0403566 (LShoulder)
[2024-10-09 17:39:36.848] [info] Frame 233 (t = 7.8):	 total squared error = 0.00963589, marker error: RMS = 0.02252, max = 0.0416808 (LShoulder)
[2024-10-09 17:39:36.877] [info] Frame 234 (t = 7.83333):	 total squared error = 0.00982704, marker error: RMS = 0.0227423, max = 0.0422084 (LShoulder)
[2024-10-09 17:39:36.894] [info] Frame 235 (t = 7.86667):	 total squared error = 0.0100731, marker error: RMS = 0.0230253, max = 0.0431522 (LShoulder)
[2024-10-09 17:39:36.946] [info] Frame 236 (t = 7.9):	 total squared error = 0.0104012, marker error: RMS = 0.0233972, max = 0.0442643 (LShoulder)
[2024-10-09 17:39:36.984] [info] Frame 237 (t = 7.93333):	 total squared error = 0.0107762, marker error: RMS = 0.0238153, max = 0.0459902 (LShoulder)
[2024-10-09 17:39:37.050] [info] Frame 238 (t = 7.96667):	 total squared error = 0.0110675, marker error: RMS = 0.0241351, max = 0.046975 (LShoulder)
[2024-10-09 17:39:37.076] [info] Frame 239 (t = 8.0):	 total squared error = 0.0111186, marker error: RMS = 0.0241907, max = 0.0468795 (LShoulder)
[2024-10-09 17:39:37.105] [info] Frame 240 (t = 8.03333):	 total squared error = 0.0108542, marker error: RMS = 0.0239014, max = 0.0450445 (LShoulder)
[2024-10-09 17:39:37.124] [info] Frame 241 (t = 8.06667):	 total squared error = 0.0104457, marker error: RMS = 0.0234472, max = 0.0421195 (LShoulder)
[2024-10-09 17:39:37.202] [info] Frame 242 (t = 8.1):	 total squared error = 0.0101819, marker error: RMS = 0.0231492, max = 0.0403294 (LShoulder)
[2024-10-09 17:39:37.258] [info] Frame 243 (t = 8.13333):	 total squared error = 0.0101784, marker error: RMS = 0.0231453, max = 0.0398276 (LShoulder)
[2024-10-09 17:39:37.306] [info] Frame 244 (t = 8.16667):	 total squared error = 0.0104233, marker error: RMS = 0.0234221, max = 0.0414482 (LShoulder)
[2024-10-09 17:39:37.324] [info] Frame 245 (t = 8.2):	 total squared error = 0.0108294, marker error: RMS = 0.023874, max = 0.0443541 (LShoulder)
[2024-10-09 17:39:37.353] [info] Frame 246 (t = 8.23333):	 total squared error = 0.0112997, marker error: RMS = 0.0243869, max = 0.0470684 (LShoulder)
[2024-10-09 17:39:37.432] [info] Frame 247 (t = 8.26667):	 total squared error = 0.0117105, marker error: RMS = 0.0248263, max = 0.0485933 (LShoulder)
[2024-10-09 17:39:37.451] [info] Frame 248 (t = 8.3):	 total squared error = 0.0120944, marker error: RMS = 0.0252299, max = 0.0502024 (LShoulder)
[2024-10-09 17:39:37.530] [info] Frame 249 (t = 8.33333):	 total squared error = 0.0123951, marker error: RMS = 0.0255416, max = 0.0511055 (LShoulder)
[2024-10-09 17:39:37.561] [info] Frame 250 (t = 8.36667):	 total squared error = 0.0127198, marker error: RMS = 0.025874, max = 0.0524533 (LShoulder)
[2024-10-09 17:39:37.592] [info] Frame 251 (t = 8.4):	 total squared error = 0.0130671, marker error: RMS = 0.0262249, max = 0.0533601 (LShoulder)
[2024-10-09 17:39:37.616] [info] Frame 252 (t = 8.43333):	 total squared error = 0.0134512, marker error: RMS = 0.0266075, max = 0.0538563 (LShoulder)
[2024-10-09 17:39:37.661] [info] Frame 253 (t = 8.46667):	 total squared error = 0.0138467, marker error: RMS = 0.0269958, max = 0.0537443 (LShoulder)
[2024-10-09 17:39:37.685] [info] Frame 254 (t = 8.5):	 total squared error = 0.0141987, marker error: RMS = 0.0273368, max = 0.0536706 (LShoulder)
[2024-10-09 17:39:37.706] [info] Frame 255 (t = 8.53333):	 total squared error = 0.014373, marker error: RMS = 0.0275040, max = 0.0535953 (LShoulder)
[2024-10-09 17:39:37.738] [info] Frame 256 (t = 8.56667):	 total squared error = 0.0142995, marker error: RMS = 0.0274336, max = 0.0535775 (LShoulder)
[2024-10-09 17:39:37.790] [info] Frame 257 (t = 8.6):	 total squared error = 0.0139834, marker error: RMS = 0.0271288, max = 0.053629 (LShoulder)
[2024-10-09 17:39:37.817] [info] Frame 258 (t = 8.63333):	 total squared error = 0.0136134, marker error: RMS = 0.0267674, max = 0.0531659 (LShoulder)
[2024-10-09 17:39:37.872] [info] Frame 259 (t = 8.66667):	 total squared error = 0.0132274, marker error: RMS = 0.0263852, max = 0.0524989 (LShoulder)
[2024-10-09 17:39:37.893] [info] Frame 260 (t = 8.7):	 total squared error = 0.0129436, marker error: RMS = 0.0261006, max = 0.0513458 (LShoulder)
[2024-10-09 17:39:37.919] [info] Frame 261 (t = 8.73333):	 total squared error = 0.0128317, marker error: RMS = 0.0259875, max = 0.0503224 (LShoulder)
[2024-10-09 17:39:37.936] [info] Frame 262 (t = 8.76667):	 total squared error = 0.0129073, marker error: RMS = 0.0260640, max = 0.0492726 (LShoulder)
[2024-10-09 17:39:37.968] [info] Frame 263 (t = 8.8):	 total squared error = 0.0129967, marker error: RMS = 0.0261541, max = 0.0477824 (LShoulder)
[2024-10-09 17:39:37.986] [info] Frame 264 (t = 8.83333):	 total squared error = 0.0130167, marker error: RMS = 0.0261742, max = 0.0454524 (LShoulder)
[2024-10-09 17:39:38.039] [info] Frame 265 (t = 8.86667):	 total squared error = 0.0129335, marker error: RMS = 0.0260904, max = 0.0437804 (LShoulder)
[2024-10-09 17:39:38.059] [info] Frame 266 (t = 8.9):	 total squared error = 0.01287, marker error: RMS = 0.0260263, max = 0.0423575 (LShoulder)
[2024-10-09 17:39:38.087] [info] Frame 267 (t = 8.93333):	 total squared error = 0.0127623, marker error: RMS = 0.0259172, max = 0.0427967 (LShoulder)
[2024-10-09 17:39:38.140] [info] Frame 268 (t = 8.96667):	 total squared error = 0.0125691, marker error: RMS = 0.0257203, max = 0.0442354 (LShoulder)
[2024-10-09 17:39:38.161] [info] Frame 269 (t = 9.0):	 total squared error = 0.0123284, marker error: RMS = 0.0254728, max = 0.0454285 (LShoulder)
[2024-10-09 17:39:38.235] [info] Frame 270 (t = 9.03333):	 total squared error = 0.0120517, marker error: RMS = 0.0251853, max = 0.0456116 (LShoulder)
[2024-10-09 17:39:38.291] [info] Frame 271 (t = 9.06667):	 total squared error = 0.0118535, marker error: RMS = 0.0249773, max = 0.0451279 (LShoulder)
[2024-10-09 17:39:38.311] [info] Frame 272 (t = 9.1):	 total squared error = 0.0117288, marker error: RMS = 0.0248456, max = 0.0439392 (LShoulder)
[2024-10-09 17:39:38.346] [info] Frame 273 (t = 9.13333):	 total squared error = 0.0117288, marker error: RMS = 0.0248456, max = 0.0427682 (LShoulder)
[2024-10-09 17:39:38.387] [info] Frame 274 (t = 9.16667):	 total squared error = 0.0120285, marker error: RMS = 0.025161, max = 0.0427319 (LShoulder)
[2024-10-09 17:39:38.406] [info] Frame 275 (t = 9.2):	 total squared error = 0.0126809, marker error: RMS = 0.0258344, max = 0.0444823 (LShoulder)
[2024-10-09 17:39:38.459] [info] Frame 276 (t = 9.23333):	 total squared error = 0.013491, marker error: RMS = 0.0266469, max = 0.0469635 (LShoulder)
[2024-10-09 17:39:38.477] [info] Frame 277 (t = 9.26667):	 total squared error = 0.0141534, marker error: RMS = 0.0272932, max = 0.0494743 (LShoulder)
[2024-10-09 17:39:38.511] [info] Frame 278 (t = 9.3):	 total squared error = 0.0143087, marker error: RMS = 0.0274425, max = 0.0503190 (LShoulder)
[2024-10-09 17:39:38.530] [info] Frame 279 (t = 9.33333):	 total squared error = 0.0139492, marker error: RMS = 0.0270956, max = 0.049195 (LShoulder)
[2024-10-09 17:39:38.565] [info] Frame 280 (t = 9.36667):	 total squared error = 0.0132636, marker error: RMS = 0.0264213, max = 0.0468491 (LShoulder)
[2024-10-09 17:39:38.589] [info] Frame 281 (t = 9.4):	 total squared error = 0.0125507, marker error: RMS = 0.0257014, max = 0.0439583 (LShoulder)
[2024-10-09 17:39:38.606] [info] Frame 282 (t = 9.43333):	 total squared error = 0.011952, marker error: RMS = 0.0250809, max = 0.0413204 (LShoulder)
[2024-10-09 17:39:38.625] [info] Frame 283 (t = 9.46667):	 total squared error = 0.0114995, marker error: RMS = 0.0246016, max = 0.0395843 (LShoulder)
[2024-10-09 17:39:38.653] [info] Frame 284 (t = 9.5):	 total squared error = 0.0111267, marker error: RMS = 0.0241995, max = 0.0387307 (LShoulder)
[2024-10-09 17:39:38.674] [info] Frame 285 (t = 9.53333):	 total squared error = 0.0109075, marker error: RMS = 0.02396, max = 0.0380402 (LShoulder)
[2024-10-09 17:39:38.691] [info] Frame 286 (t = 9.56667):	 total squared error = 0.0108283, marker error: RMS = 0.0238728, max = 0.0370548 (LShoulder)
[2024-10-09 17:39:38.719] [info] Frame 287 (t = 9.6):	 total squared error = 0.0108993, marker error: RMS = 0.0239509, max = 0.0360986 (LShoulder)
[2024-10-09 17:39:38.751] [info] Frame 288 (t = 9.63333):	 total squared error = 0.0110269, marker error: RMS = 0.0240907, max = 0.0352938 (LShoulder)
[2024-10-09 17:39:38.770] [info] Frame 289 (t = 9.66667):	 total squared error = 0.0111539, marker error: RMS = 0.024229, max = 0.0349248 (Neck)
[2024-10-09 17:39:38.803] [info] Frame 290 (t = 9.7):	 total squared error = 0.011145, marker error: RMS = 0.0242194, max = 0.0348149 (Neck)
[2024-10-09 17:39:38.895] [info] Frame 291 (t = 9.73333):	 total squared error = 0.0109273, marker error: RMS = 0.0239817, max = 0.0343722 (Neck)
[2024-10-09 17:39:38.917] [info] Frame 292 (t = 9.76667):	 total squared error = 0.0105620, marker error: RMS = 0.0235774, max = 0.033793 (LShoulder)
[2024-10-09 17:39:38.968] [info] Frame 293 (t = 9.8):	 total squared error = 0.0100738, marker error: RMS = 0.0230260, max = 0.03419 (LShoulder)
[2024-10-09 17:39:39.010] [info] Frame 294 (t = 9.83333):	 total squared error = 0.00977878, marker error: RMS = 0.0226864, max = 0.0354058 (LShoulder)
[2024-10-09 17:39:39.065] [info] Frame 295 (t = 9.86667):	 total squared error = 0.00983221, marker error: RMS = 0.0227483, max = 0.0377138 (LShoulder)
[2024-10-09 17:39:39.115] [info] Frame 296 (t = 9.9):	 total squared error = 0.0102759, marker error: RMS = 0.0232559, max = 0.0411012 (LShoulder)
[2024-10-09 17:39:39.144] [info] Frame 297 (t = 9.93333):	 total squared error = 0.0110194, marker error: RMS = 0.0240825, max = 0.0449412 (LShoulder)
[2024-10-09 17:39:39.194] [info] Frame 298 (t = 9.96667):	 total squared error = 0.0117298, marker error: RMS = 0.0248467, max = 0.047736 (LShoulder)
[2024-10-09 17:39:39.245] [info] Frame 299 (t = 10.0):	 total squared error = 0.0122685, marker error: RMS = 0.0254109, max = 0.0495063 (LShoulder)
[2024-10-09 17:39:39.293] [info] Frame 300 (t = 10.0333):	 total squared error = 0.0126097, marker error: RMS = 0.0257618, max = 0.0499922 (LShoulder)
[2024-10-09 17:39:39.365] [info] Frame 301 (t = 10.0667):	 total squared error = 0.0128455, marker error: RMS = 0.0260015, max = 0.0498458 (LShoulder)
[2024-10-09 17:39:39.385] [info] Frame 302 (t = 10.1):	 total squared error = 0.0129542, marker error: RMS = 0.0261113, max = 0.0499932 (LShoulder)
[2024-10-09 17:39:39.428] [info] Frame 303 (t = 10.1333):	 total squared error = 0.0129025, marker error: RMS = 0.0260591, max = 0.0494299 (LShoulder)
[2024-10-09 17:39:39.444] [info] Frame 304 (t = 10.1667):	 total squared error = 0.0125763, marker error: RMS = 0.0257277, max = 0.0482908 (LShoulder)
[2024-10-09 17:39:39.462] [info] Frame 305 (t = 10.2):	 total squared error = 0.0120838, marker error: RMS = 0.0252189, max = 0.0465312 (LShoulder)
[2024-10-09 17:39:39.539] [info] Frame 306 (t = 10.2333):	 total squared error = 0.0114805, marker error: RMS = 0.0245812, max = 0.0451991 (LShoulder)
[2024-10-09 17:39:39.578] [info] Frame 307 (t = 10.2667):	 total squared error = 0.0108505, marker error: RMS = 0.0238973, max = 0.0431328 (LShoulder)
[2024-10-09 17:39:39.624] [info] Frame 308 (t = 10.3):	 total squared error = 0.0103357, marker error: RMS = 0.0233234, max = 0.0409864 (LShoulder)
[2024-10-09 17:39:39.647] [info] Frame 309 (t = 10.3333):	 total squared error = 0.0101090, marker error: RMS = 0.0230663, max = 0.0389498 (LShoulder)
[2024-10-09 17:39:39.675] [info] Frame 310 (t = 10.3667):	 total squared error = 0.0102858, marker error: RMS = 0.0232671, max = 0.038228 (LShoulder)
[2024-10-09 17:39:39.706] [info] Frame 311 (t = 10.4):	 total squared error = 0.0108909, marker error: RMS = 0.0239417, max = 0.0397011 (LShoulder)
[2024-10-09 17:39:39.734] [info] Frame 312 (t = 10.4333):	 total squared error = 0.011831, marker error: RMS = 0.0249537, max = 0.0430765 (LShoulder)
[2024-10-09 17:39:39.774] [info] Frame 313 (t = 10.4667):	 total squared error = 0.0127899, marker error: RMS = 0.0259452, max = 0.0473363 (LShoulder)
[2024-10-09 17:39:39.833] [info] Frame 314 (t = 10.5):	 total squared error = 0.0134283, marker error: RMS = 0.0265848, max = 0.0510273 (LShoulder)
[2024-10-09 17:39:39.860] [info] Frame 315 (t = 10.5333):	 total squared error = 0.0135643, marker error: RMS = 0.0267191, max = 0.0536632 (LShoulder)
[2024-10-09 17:39:39.936] [info] Frame 316 (t = 10.5667):	 total squared error = 0.0132484, marker error: RMS = 0.0264062, max = 0.0541136 (LShoulder)
[2024-10-09 17:39:39.959] [info] Frame 317 (t = 10.6):	 total squared error = 0.0126791, marker error: RMS = 0.0258325, max = 0.0533012 (LShoulder)
[2024-10-09 17:39:39.992] [info] Frame 318 (t = 10.6333):	 total squared error = 0.0120177, marker error: RMS = 0.0251497, max = 0.0511883 (LShoulder)
[2024-10-09 17:39:40.045] [info] Frame 319 (t = 10.6667):	 total squared error = 0.0113412, marker error: RMS = 0.0244317, max = 0.0486191 (LShoulder)
[2024-10-09 17:39:40.095] [info] Frame 320 (t = 10.7):	 total squared error = 0.0108412, marker error: RMS = 0.023887, max = 0.0460415 (LShoulder)
[2024-10-09 17:39:40.126] [info] Frame 321 (t = 10.7333):	 total squared error = 0.0106839, marker error: RMS = 0.0237131, max = 0.044277 (LShoulder)
[2024-10-09 17:39:40.163] [info] Frame 322 (t = 10.7667):	 total squared error = 0.0109343, marker error: RMS = 0.0239893, max = 0.044189 (LShoulder)
[2024-10-09 17:39:40.226] [info] Frame 323 (t = 10.8):	 total squared error = 0.0116504, marker error: RMS = 0.0247625, max = 0.0457685 (LShoulder)
[2024-10-09 17:39:40.275] [info] Frame 324 (t = 10.8333):	 total squared error = 0.012674, marker error: RMS = 0.0258273, max = 0.048276 (LShoulder)
[2024-10-09 17:39:40.308] [info] Frame 325 (t = 10.8667):	 total squared error = 0.013597, marker error: RMS = 0.0267513, max = 0.0502922 (LShoulder)
[2024-10-09 17:39:40.348] [info] Frame 326 (t = 10.9):	 total squared error = 0.013956, marker error: RMS = 0.0271021, max = 0.0502170 (LShoulder)
[2024-10-09 17:39:40.374] [info] Frame 327 (t = 10.9333):	 total squared error = 0.0135008, marker error: RMS = 0.0266565, max = 0.0476836 (LShoulder)
[2024-10-09 17:39:40.438] [info] Frame 328 (t = 10.9667):	 total squared error = 0.0125059, marker error: RMS = 0.0256555, max = 0.0437309 (LShoulder)
[2024-10-09 17:39:40.459] [info] Frame 329 (t = 11.0):	 total squared error = 0.0114635, marker error: RMS = 0.024563, max = 0.0390983 (LShoulder)
[2024-10-09 17:39:40.508] [info] Frame 330 (t = 11.0333):	 total squared error = 0.0106942, marker error: RMS = 0.0237245, max = 0.0358576 (LShoulder)
[2024-10-09 17:39:40.597] [info] Frame 331 (t = 11.0667):	 total squared error = 0.0103262, marker error: RMS = 0.0233128, max = 0.0335547 (LShoulder)
[2024-10-09 17:39:40.653] [info] Frame 332 (t = 11.1):	 total squared error = 0.0102692, marker error: RMS = 0.0232483, max = 0.032576 (LAnkle)
[2024-10-09 17:39:40.708] [info] Frame 333 (t = 11.1333):	 total squared error = 0.0104333, marker error: RMS = 0.0234334, max = 0.0336823 (LAnkle)
[2024-10-09 17:39:40.749] [info] Frame 334 (t = 11.1667):	 total squared error = 0.0107762, marker error: RMS = 0.0238153, max = 0.0345969 (LShoulder)
[2024-10-09 17:39:40.768] [info] Frame 335 (t = 11.2):	 total squared error = 0.0112701, marker error: RMS = 0.024355, max = 0.0378666 (LShoulder)
[2024-10-09 17:39:40.805] [info] Frame 336 (t = 11.2333):	 total squared error = 0.0118462, marker error: RMS = 0.0249697, max = 0.0421559 (LShoulder)
[2024-10-09 17:39:40.824] [info] Frame 337 (t = 11.2667):	 total squared error = 0.0123534, marker error: RMS = 0.0254986, max = 0.046936 (LShoulder)
[2024-10-09 17:39:40.881] [info] Frame 338 (t = 11.3):	 total squared error = 0.0125407, marker error: RMS = 0.0256911, max = 0.0501877 (LShoulder)
[2024-10-09 17:39:40.900] [info] Frame 339 (t = 11.3333):	 total squared error = 0.0124255, marker error: RMS = 0.0255729, max = 0.0522146 (LShoulder)
[2024-10-09 17:39:40.968] [info] Frame 340 (t = 11.3667):	 total squared error = 0.0120919, marker error: RMS = 0.0252273, max = 0.0525813 (LShoulder)
[2024-10-09 17:39:40.999] [info] Frame 341 (t = 11.4):	 total squared error = 0.011842, marker error: RMS = 0.0249652, max = 0.0525981 (LShoulder)
[2024-10-09 17:39:41.034] [info] Frame 342 (t = 11.4333):	 total squared error = 0.0118283, marker error: RMS = 0.0249507, max = 0.0528069 (LShoulder)
[2024-10-09 17:39:41.074] [info] Frame 343 (t = 11.4667):	 total squared error = 0.0120139, marker error: RMS = 0.0251458, max = 0.053279 (LShoulder)
[2024-10-09 17:39:41.113] [info] Frame 344 (t = 11.5):	 total squared error = 0.0122381, marker error: RMS = 0.0253793, max = 0.0536984 (LShoulder)
[2024-10-09 17:39:41.157] [info] Frame 345 (t = 11.5333):	 total squared error = 0.012378, marker error: RMS = 0.0255239, max = 0.0539162 (LShoulder)
[2024-10-09 17:39:41.214] [info] Frame 346 (t = 11.5667):	 total squared error = 0.0123611, marker error: RMS = 0.0255066, max = 0.0538965 (LShoulder)
[2024-10-09 17:39:41.279] [info] Frame 347 (t = 11.6):	 total squared error = 0.0123118, marker error: RMS = 0.0254557, max = 0.0537716 (LShoulder)
[2024-10-09 17:39:41.376] [info] Frame 348 (t = 11.6333):	 total squared error = 0.0124614, marker error: RMS = 0.0256098, max = 0.0536111 (LShoulder)
[2024-10-09 17:39:41.451] [info] Frame 349 (t = 11.6667):	 total squared error = 0.0128040, marker error: RMS = 0.0259595, max = 0.0533405 (LShoulder)
[2024-10-09 17:39:41.489] [info] Frame 350 (t = 11.7):	 total squared error = 0.0130535, marker error: RMS = 0.0262112, max = 0.0529788 (LShoulder)
[2024-10-09 17:39:41.535] [info] Frame 351 (t = 11.7333):	 total squared error = 0.0130035, marker error: RMS = 0.0261609, max = 0.0523368 (LShoulder)
[2024-10-09 17:39:41.645] [info] Frame 352 (t = 11.7667):	 total squared error = 0.012656, marker error: RMS = 0.0258090, max = 0.0509583 (LShoulder)
[2024-10-09 17:39:41.732] [info] Frame 353 (t = 11.8):	 total squared error = 0.0122251, marker error: RMS = 0.0253659, max = 0.0494133 (LShoulder)
[2024-10-09 17:39:41.812] [info] Frame 354 (t = 11.8333):	 total squared error = 0.0118333, marker error: RMS = 0.0249561, max = 0.0475918 (LShoulder)
[2024-10-09 17:39:41.857] [info] Frame 355 (t = 11.8667):	 total squared error = 0.0115833, marker error: RMS = 0.024691, max = 0.0460525 (LShoulder)
[2024-10-09 17:39:41.940] [info] Frame 356 (t = 11.9):	 total squared error = 0.011391, marker error: RMS = 0.0244852, max = 0.0438322 (LShoulder)
[2024-10-09 17:39:41.997] [info] Frame 357 (t = 11.9333):	 total squared error = 0.0112179, marker error: RMS = 0.0242985, max = 0.0425495 (RShoulder)
[2024-10-09 17:39:42.054] [info] Frame 358 (t = 11.9667):	 total squared error = 0.0110448, marker error: RMS = 0.0241102, max = 0.0421947 (RShoulder)
[2024-10-09 17:39:42.092] [info] Frame 359 (t = 12.0):	 total squared error = 0.0109701, marker error: RMS = 0.0240286, max = 0.0427417 (RShoulder)
[2024-10-09 17:39:42.154] [info] Frame 360 (t = 12.0333):	 total squared error = 0.0110369, marker error: RMS = 0.0241016, max = 0.0443072 (RShoulder)
[2024-10-09 17:39:42.188] [info] Frame 361 (t = 12.0667):	 total squared error = 0.0111342, marker error: RMS = 0.0242077, max = 0.0462127 (RShoulder)
[2024-10-09 17:39:42.251] [info] Frame 362 (t = 12.1):	 total squared error = 0.0112084, marker error: RMS = 0.0242882, max = 0.0473823 (RShoulder)
[2024-10-09 17:39:42.313] [info] Frame 363 (t = 12.1333):	 total squared error = 0.0110251, marker error: RMS = 0.0240888, max = 0.0482498 (RShoulder)
[2024-10-09 17:39:42.356] [info] Frame 364 (t = 12.1667):	 total squared error = 0.0105377, marker error: RMS = 0.0235503, max = 0.0484536 (RShoulder)
[2024-10-09 17:39:42.410] [info] Frame 365 (t = 12.2):	 total squared error = 0.00978242, marker error: RMS = 0.0226906, max = 0.0472154 (RShoulder)
[2024-10-09 17:39:42.468] [info] Frame 366 (t = 12.2333):	 total squared error = 0.00887676, marker error: RMS = 0.0216148, max = 0.0447633 (RShoulder)
[2024-10-09 17:39:42.710] [info] Frame 367 (t = 12.2667):	 total squared error = 0.00790035, marker error: RMS = 0.0203914, max = 0.0405387 (RShoulder)
[2024-10-09 17:39:42.766] [info] Frame 368 (t = 12.3):	 total squared error = 0.00728354, marker error: RMS = 0.0195792, max = 0.0362659 (RShoulder)
[2024-10-09 17:39:42.833] [info] Frame 369 (t = 12.3333):	 total squared error = 0.00701422, marker error: RMS = 0.0192138, max = 0.0327316 (Neck)
[2024-10-09 17:39:42.873] [info] Frame 370 (t = 12.3667):	 total squared error = 0.00689920, marker error: RMS = 0.0190556, max = 0.032423 (Neck)
[2024-10-09 17:39:42.923] [info] Frame 371 (t = 12.4):	 total squared error = 0.00669214, marker error: RMS = 0.0187675, max = 0.0307557 (Neck)
[2024-10-09 17:39:42.996] [info] Frame 372 (t = 12.4333):	 total squared error = 0.00635856, marker error: RMS = 0.0182937, max = 0.0280898 (Neck)
[2024-10-09 17:39:43.041] [info] Frame 373 (t = 12.4667):	 total squared error = 0.00592115, marker error: RMS = 0.0176533, max = 0.0287148 (RShoulder)
[2024-10-09 17:39:43.076] [info] Frame 374 (t = 12.5):	 total squared error = 0.00551417, marker error: RMS = 0.0170358, max = 0.029573 (RShoulder)
[2024-10-09 17:39:43.147] [info] Frame 375 (t = 12.5333):	 total squared error = 0.00518779, marker error: RMS = 0.016524, max = 0.0304404 (RShoulder)
[2024-10-09 17:39:43.191] [info] Frame 376 (t = 12.5667):	 total squared error = 0.00492818, marker error: RMS = 0.0161052, max = 0.0304815 (RShoulder)
[2024-10-09 17:39:43.229] [info] Frame 377 (t = 12.6):	 total squared error = 0.00461536, marker error: RMS = 0.0155857, max = 0.0298273 (RShoulder)
[2024-10-09 17:39:43.302] [info] Frame 378 (t = 12.6333):	 total squared error = 0.00425772, marker error: RMS = 0.0149697, max = 0.0284015 (RShoulder)
[2024-10-09 17:39:43.357] [info] Frame 379 (t = 12.6667):	 total squared error = 0.00397376, marker error: RMS = 0.0144619, max = 0.0270777 (RShoulder)
[2024-10-09 17:39:43.425] [info] Frame 380 (t = 12.7):	 total squared error = 0.00388083, marker error: RMS = 0.0142917, max = 0.026927 (LShoulder)
[2024-10-09 17:39:43.480] [info] Frame 381 (t = 12.7333):	 total squared error = 0.00397766, marker error: RMS = 0.014469, max = 0.0282834 (LShoulder)
[2024-10-09 17:39:43.538] [info] Frame 382 (t = 12.7667):	 total squared error = 0.00420516, marker error: RMS = 0.014877, max = 0.0298019 (LShoulder)
[2024-10-09 17:39:43.580] [info] Frame 383 (t = 12.8):	 total squared error = 0.00450634, marker error: RMS = 0.0154005, max = 0.0308010 (LShoulder)
[2024-10-09 17:39:43.636] [info] Frame 384 (t = 12.8333):	 total squared error = 0.00479615, marker error: RMS = 0.015888, max = 0.0314148 (LShoulder)
[2024-10-09 17:39:43.692] [info] Frame 385 (t = 12.8667):	 total squared error = 0.00508028, marker error: RMS = 0.0163518, max = 0.0317313 (LShoulder)
[2024-10-09 17:39:43.753] [info] Frame 386 (t = 12.9):	 total squared error = 0.00541469, marker error: RMS = 0.0168815, max = 0.0317147 (LShoulder)
[2024-10-09 17:39:43.822] [info] Frame 387 (t = 12.9333):	 total squared error = 0.00585136, marker error: RMS = 0.017549, max = 0.0310782 (LShoulder)
[2024-10-09 17:39:43.863] [info] Frame 388 (t = 12.9667):	 total squared error = 0.00630911, marker error: RMS = 0.0182225, max = 0.0304042 (LKnee)
[2024-10-09 17:39:43.938] [info] Frame 389 (t = 13.0):	 total squared error = 0.00647925, marker error: RMS = 0.0184665, max = 0.0327919 (LKnee)
[2024-10-09 17:39:44.011] [info] Frame 390 (t = 13.0333):	 total squared error = 0.00617805, marker error: RMS = 0.0180322, max = 0.0327081 (LKnee)
[2024-10-09 17:39:44.054] [info] Frame 391 (t = 13.0667):	 total squared error = 0.00556815, marker error: RMS = 0.017119, max = 0.0300977 (LKnee)
[2024-10-09 17:39:44.128] [info] Frame 392 (t = 13.1):	 total squared error = 0.00498798, marker error: RMS = 0.0162026, max = 0.0279090 (LShoulder)
[2024-10-09 17:39:44.165] [info] Frame 393 (t = 13.1333):	 total squared error = 0.00464233, marker error: RMS = 0.0156312, max = 0.0277188 (LShoulder)
[2024-10-09 17:39:44.214] [info] Frame 394 (t = 13.1667):	 total squared error = 0.00437200, marker error: RMS = 0.0151692, max = 0.0272471 (RShoulder)
[2024-10-09 17:39:44.259] [info] Frame 395 (t = 13.2):	 total squared error = 0.00412973, marker error: RMS = 0.0147429, max = 0.0270406 (RShoulder)
[2024-10-09 17:39:44.342] [info] Frame 396 (t = 13.2333):	 total squared error = 0.00392693, marker error: RMS = 0.0143764, max = 0.0272762 (RShoulder)
[2024-10-09 17:39:44.384] [info] Frame 397 (t = 13.2667):	 total squared error = 0.00385840, marker error: RMS = 0.0142504, max = 0.0269355 (RKnee)
[2024-10-09 17:39:44.424] [info] Frame 398 (t = 13.3):	 total squared error = 0.00395095, marker error: RMS = 0.0144203, max = 0.0270835 (RShoulder)
[2024-10-09 17:39:44.474] [info] Frame 399 (t = 13.3333):	 total squared error = 0.00423994, marker error: RMS = 0.0149384, max = 0.0272347 (RShoulder)
[2024-10-09 17:39:44.518] [info] Frame 400 (t = 13.3667):	 total squared error = 0.00460314, marker error: RMS = 0.015565, max = 0.0274354 (RKnee)
[2024-10-09 17:39:44.573] [info] Frame 401 (t = 13.4):	 total squared error = 0.00485831, marker error: RMS = 0.0159906, max = 0.0273153 (RShoulder)
[2024-10-09 17:39:44.634] [info] Frame 402 (t = 13.4333):	 total squared error = 0.00493272, marker error: RMS = 0.0161126, max = 0.0272207 (RShoulder)
[2024-10-09 17:39:44.691] [info] Frame 403 (t = 13.4667):	 total squared error = 0.00495041, marker error: RMS = 0.0161415, max = 0.0271041 (RShoulder)
[2024-10-09 17:39:44.728] [info] Frame 404 (t = 13.5):	 total squared error = 0.00506550, marker error: RMS = 0.0163281, max = 0.027797 (RKnee)
[2024-10-09 17:39:44.805] [info] Frame 405 (t = 13.5333):	 total squared error = 0.00523945, marker error: RMS = 0.0166060, max = 0.0281886 (RKnee)
[2024-10-09 17:39:44.879] [info] Frame 406 (t = 13.5667):	 total squared error = 0.00546673, marker error: RMS = 0.0169624, max = 0.0279456 (RShoulder)
[2024-10-09 17:39:44.954] [info] Frame 407 (t = 13.6):	 total squared error = 0.00570653, marker error: RMS = 0.0173304, max = 0.028757 (RShoulder)
[2024-10-09 17:39:45.024] [info] Frame 408 (t = 13.6333):	 total squared error = 0.00595479, marker error: RMS = 0.0177034, max = 0.0294028 (RShoulder)
[2024-10-09 17:39:45.069] [info] Frame 409 (t = 13.6667):	 total squared error = 0.00617042, marker error: RMS = 0.0180211, max = 0.0299177 (RShoulder)
[2024-10-09 17:39:45.124] [info] Frame 410 (t = 13.7):	 total squared error = 0.00617689, marker error: RMS = 0.0180305, max = 0.0303347 (RShoulder)
[2024-10-09 17:39:45.168] [info] Frame 411 (t = 13.7333):	 total squared error = 0.00586513, marker error: RMS = 0.0175696, max = 0.0310107 (RShoulder)
[2024-10-09 17:39:45.240] [info] Frame 412 (t = 13.7667):	 total squared error = 0.00538704, marker error: RMS = 0.0168383, max = 0.0316129 (RShoulder)
[2024-10-09 17:39:45.304] [info] Frame 413 (t = 13.8):	 total squared error = 0.00501600, marker error: RMS = 0.0162481, max = 0.0322645 (RShoulder)
[2024-10-09 17:39:45.348] [info] Frame 414 (t = 13.8333):	 total squared error = 0.00487008, marker error: RMS = 0.0160100, max = 0.0326698 (RShoulder)
[2024-10-09 17:39:45.404] [info] Frame 415 (t = 13.8667):	 total squared error = 0.00489772, marker error: RMS = 0.0160554, max = 0.0324978 (RShoulder)
[2024-10-09 17:39:45.475] [info] Frame 416 (t = 13.9):	 total squared error = 0.00500382, marker error: RMS = 0.0162283, max = 0.0320111 (RShoulder)
[2024-10-09 17:39:45.529] [info] Frame 417 (t = 13.9333):	 total squared error = 0.00508979, marker error: RMS = 0.0163672, max = 0.0310350 (RShoulder)
[2024-10-09 17:39:45.582] [info] Frame 418 (t = 13.9667):	 total squared error = 0.00515541, marker error: RMS = 0.0164723, max = 0.0300519 (LKnee)
[2024-10-09 17:39:45.634] [info] Frame 419 (t = 14.0):	 total squared error = 0.00538221, marker error: RMS = 0.0168308, max = 0.0320667 (LKnee)
[2024-10-09 17:39:45.673] [info] Frame 420 (t = 14.0333):	 total squared error = 0.00582056, marker error: RMS = 0.0175027, max = 0.0337659 (LKnee)
[2024-10-09 17:39:45.744] [info] Frame 421 (t = 14.0667):	 total squared error = 0.00624273, marker error: RMS = 0.0181264, max = 0.0359719 (LKnee)
[2024-10-09 17:39:45.790] [info] Frame 422 (t = 14.1):	 total squared error = 0.00651197, marker error: RMS = 0.0185131, max = 0.039569 (LKnee)
[2024-10-09 17:39:45.855] [info] Frame 423 (t = 14.1333):	 total squared error = 0.00673831, marker error: RMS = 0.0188321, max = 0.0442473 (LKnee)
[2024-10-09 17:39:45.927] [info] Frame 424 (t = 14.1667):	 total squared error = 0.00694599, marker error: RMS = 0.0191201, max = 0.047582 (LKnee)
[2024-10-09 17:39:46.015] [info] Frame 425 (t = 14.2):	 total squared error = 0.00678890, marker error: RMS = 0.0189027, max = 0.0471641 (LKnee)
[2024-10-09 17:39:46.101] [info] Frame 426 (t = 14.2333):	 total squared error = 0.00607061, marker error: RMS = 0.0178747, max = 0.0415205 (LKnee)
[2024-10-09 17:39:46.143] [info] Frame 427 (t = 14.2667):	 total squared error = 0.00497486, marker error: RMS = 0.0161813, max = 0.0317057 (LKnee)
[2024-10-09 17:39:46.198] [info] Frame 428 (t = 14.3):	 total squared error = 0.00388370, marker error: RMS = 0.014297, max = 0.0230391 (LShoulder)
[2024-10-09 17:39:46.247] [info] Frame 429 (t = 14.3333):	 total squared error = 0.00311474, marker error: RMS = 0.0128037, max = 0.0219632 (LShoulder)
[2024-10-09 17:39:46.290] [info] Frame 430 (t = 14.3667):	 total squared error = 0.00270294, marker error: RMS = 0.0119273, max = 0.0209557 (LShoulder)
[2024-10-09 17:39:46.359] [info] Frame 431 (t = 14.4):	 total squared error = 0.00254637, marker error: RMS = 0.0115767, max = 0.0207297 (LShoulder)
[2024-10-09 17:39:46.426] [info] Frame 432 (t = 14.4333):	 total squared error = 0.00270741, marker error: RMS = 0.0119371, max = 0.0212299 (LShoulder)
[2024-10-09 17:39:46.473] [info] Frame 433 (t = 14.4667):	 total squared error = 0.00319123, marker error: RMS = 0.0129599, max = 0.02152 (LShoulder)
[2024-10-09 17:39:46.533] [info] Frame 434 (t = 14.5):	 total squared error = 0.00376532, marker error: RMS = 0.0140774, max = 0.0227889 (LHeel)
[2024-10-09 17:39:46.589] [info] Frame 435 (t = 14.5333):	 total squared error = 0.00423591, marker error: RMS = 0.0149313, max = 0.0271379 (LHeel)
[2024-10-09 17:39:46.647] [info] Frame 436 (t = 14.5667):	 total squared error = 0.00447137, marker error: RMS = 0.0153406, max = 0.0300042 (LHeel)
[2024-10-09 17:39:46.694] [info] Frame 437 (t = 14.6):	 total squared error = 0.00453639, marker error: RMS = 0.0154518, max = 0.0313916 (LHeel)
[2024-10-09 17:39:46.767] [info] Frame 438 (t = 14.6333):	 total squared error = 0.00448910, marker error: RMS = 0.015371, max = 0.0320030 (LHeel)
[2024-10-09 17:39:46.817] [info] Frame 439 (t = 14.6667):	 total squared error = 0.00452326, marker error: RMS = 0.0154294, max = 0.0313538 (LHeel)
[2024-10-09 17:39:46.859] [info] Frame 440 (t = 14.7):	 total squared error = 0.00496907, marker error: RMS = 0.0161719, max = 0.0303132 (LHeel)
[2024-10-09 17:39:46.912] [info] Frame 441 (t = 14.7333):	 total squared error = 0.00571953, marker error: RMS = 0.0173502, max = 0.0380637 (RKnee)
[2024-10-09 17:39:46.982] [info] Frame 442 (t = 14.7667):	 total squared error = 0.00638071, marker error: RMS = 0.0183256, max = 0.0424741 (RKnee)
[2024-10-09 17:39:47.063] [info] Frame 443 (t = 14.8):	 total squared error = 0.00667962, marker error: RMS = 0.0187499, max = 0.0417025 (RKnee)
[2024-10-09 17:39:47.123] [info] Frame 444 (t = 14.8333):	 total squared error = 0.00643476, marker error: RMS = 0.0184030, max = 0.0352616 (RKnee)
[2024-10-09 17:39:47.168] [info] Frame 445 (t = 14.8667):	 total squared error = 0.00577469, marker error: RMS = 0.0174336, max = 0.0302717 (LHeel)
[2024-10-09 17:39:47.217] [info] Frame 446 (t = 14.9):	 total squared error = 0.00509883, marker error: RMS = 0.0163817, max = 0.0308968 (LHeel)
[2024-10-09 17:39:47.289] [info] Frame 447 (t = 14.9333):	 total squared error = 0.00466807, marker error: RMS = 0.0156744, max = 0.0296226 (LHeel)
[2024-10-09 17:39:47.365] [info] Frame 448 (t = 14.9667):	 total squared error = 0.00431249, marker error: RMS = 0.0150656, max = 0.0265969 (LHeel)
[2024-10-09 17:39:47.429] [info] Frame 449 (t = 15.0):	 total squared error = 0.00390060, marker error: RMS = 0.0143281, max = 0.0219436 (LHeel)
[2024-10-09 17:39:47.481] [info] Frame 450 (t = 15.0333):	 total squared error = 0.00359999, marker error: RMS = 0.0137649, max = 0.0206430 (LKnee)
[2024-10-09 17:39:47.555] [info] Frame 451 (t = 15.0667):	 total squared error = 0.00357429, marker error: RMS = 0.0137157, max = 0.0215572 (RElbow)
[2024-10-09 17:39:47.611] [info] Frame 452 (t = 15.1):	 total squared error = 0.00372398, marker error: RMS = 0.014, max = 0.0233885 (RElbow)
[2024-10-09 17:39:47.684] [info] Frame 453 (t = 15.1333):	 total squared error = 0.00383304, marker error: RMS = 0.0142035, max = 0.0240949 (RElbow)
[2024-10-09 17:39:47.744] [info] Frame 454 (t = 15.1667):	 total squared error = 0.00391169, marker error: RMS = 0.0143485, max = 0.0229871 (RElbow)
[2024-10-09 17:39:47.804] [info] Frame 455 (t = 15.2):	 total squared error = 0.00391889, marker error: RMS = 0.0143617, max = 0.0201070 (RElbow)
[2024-10-09 17:39:47.865] [info] Frame 456 (t = 15.2333):	 total squared error = 0.00377093, marker error: RMS = 0.0140879, max = 0.0200096 (RHeel)
[2024-10-09 17:39:47.917] [info] Frame 457 (t = 15.2667):	 total squared error = 0.00370705, marker error: RMS = 0.0139681, max = 0.0199803 (RHeel)
[2024-10-09 17:39:47.978] [info] Frame 458 (t = 15.3):	 total squared error = 0.00417446, marker error: RMS = 0.0148226, max = 0.0294227 (LKnee)
[2024-10-09 17:39:48.052] [info] Frame 459 (t = 15.3333):	 total squared error = 0.00509252, marker error: RMS = 0.0163715, max = 0.0401274 (LKnee)
[2024-10-09 17:39:48.200] [info] Frame 460 (t = 15.3667):	 total squared error = 0.00568345, marker error: RMS = 0.0172953, max = 0.0436509 (LKnee)
[2024-10-09 17:39:48.274] [info] Frame 461 (t = 15.4):	 total squared error = 0.00534347, marker error: RMS = 0.0167701, max = 0.0376072 (LKnee)
[2024-10-09 17:39:48.355] [info] Frame 462 (t = 15.4333):	 total squared error = 0.00450966, marker error: RMS = 0.0154062, max = 0.0276375 (LKnee)
[2024-10-09 17:39:48.429] [info] Frame 463 (t = 15.4667):	 total squared error = 0.00426818, marker error: RMS = 0.014988, max = 0.024195 (LKnee)
[2024-10-09 17:39:48.476] [info] Frame 464 (t = 15.5):	 total squared error = 0.00460462, marker error: RMS = 0.0155675, max = 0.0256243 (Neck)
[2024-10-09 17:39:48.518] [info] Frame 465 (t = 15.5333):	 total squared error = 0.00462968, marker error: RMS = 0.0156099, max = 0.0300167 (Neck)
[2024-10-09 17:39:48.560] [info] Frame 466 (t = 15.5667):	 total squared error = 0.00410972, marker error: RMS = 0.0147072, max = 0.0333864 (Neck)
[2024-10-09 17:39:48.613] [info] Frame 467 (t = 15.6):	 total squared error = 0.00349589, marker error: RMS = 0.0135644, max = 0.036225 (Neck)
[2024-10-09 17:39:48.662] [info] Frame 468 (t = 15.6333):	 total squared error = 0.00327422, marker error: RMS = 0.0131274, max = 0.0389308 (Neck)
[2024-10-09 17:39:48.734] [info] Frame 469 (t = 15.6667):	 total squared error = 0.00354264, marker error: RMS = 0.0136548, max = 0.041189 (Neck)
[2024-10-09 17:39:48.781] [info] Frame 470 (t = 15.7):	 total squared error = 0.00424995, marker error: RMS = 0.014956, max = 0.0428999 (Neck)
[2024-10-09 17:39:48.833] [info] Frame 471 (t = 15.7333):	 total squared error = 0.00550923, marker error: RMS = 0.0170282, max = 0.0447923 (Neck)
[2024-10-09 17:39:48.896] [info] Frame 472 (t = 15.7667):	 total squared error = 0.00737648, marker error: RMS = 0.0197037, max = 0.0477769 (Neck)
[2024-10-09 17:39:48.954] [info] Frame 473 (t = 15.8):	 total squared error = 0.00935797, marker error: RMS = 0.0221929, max = 0.0517765 (Neck)
[2024-10-09 17:39:49.018] [info] Frame 474 (t = 15.8333):	 total squared error = 0.0108383, marker error: RMS = 0.0238838, max = 0.0558135 (Neck)
[2024-10-09 17:39:49.096] [info] Frame 475 (t = 15.8667):	 total squared error = 0.0116013, marker error: RMS = 0.0247102, max = 0.0586954 (Neck)
[2024-10-09 17:39:49.146] [info] Frame 476 (t = 15.9):	 total squared error = 0.0115142, marker error: RMS = 0.0246173, max = 0.0596697 (Neck)
[2024-10-09 17:39:49.227] [info] Frame 477 (t = 15.9333):	 total squared error = 0.0103936, marker error: RMS = 0.0233887, max = 0.0583251 (Neck)
[2024-10-09 17:39:49.315] [info] Frame 478 (t = 15.9667):	 total squared error = 0.00889689, marker error: RMS = 0.0216393, max = 0.0551897 (Neck)
[2024-10-09 17:39:49.399] [info] Frame 479 (t = 16.0):	 total squared error = 0.00796279, marker error: RMS = 0.0204718, max = 0.0510816 (Neck)
[2024-10-09 17:39:49.454] [info] Frame 480 (t = 16.0333):	 total squared error = 0.00772402, marker error: RMS = 0.0201625, max = 0.0470116 (Neck)
[2024-10-09 17:39:49.505] [info] Frame 481 (t = 16.0667):	 total squared error = 0.00779150, marker error: RMS = 0.0202504, max = 0.0436343 (Neck)
[2024-10-09 17:39:49.555] [info] Frame 482 (t = 16.1):	 total squared error = 0.00804321, marker error: RMS = 0.0205749, max = 0.0407350 (Neck)
[2024-10-09 17:39:49.615] [info] Frame 483 (t = 16.1333):	 total squared error = 0.00860297, marker error: RMS = 0.0212788, max = 0.0391047 (LHeel)
[2024-10-09 17:39:49.664] [info] Frame 484 (t = 16.1667):	 total squared error = 0.00948856, marker error: RMS = 0.0223472, max = 0.0395554 (LHeel)
[2024-10-09 17:39:49.729] [info] Frame 485 (t = 16.2):	 total squared error = 0.0103021, marker error: RMS = 0.0232855, max = 0.0370879 (LHeel)
[2024-10-09 17:39:49.793] [info] Frame 486 (t = 16.2333):	 total squared error = 0.0105979, marker error: RMS = 0.0236174, max = 0.0378324 (Neck)
[2024-10-09 17:39:49.832] [info] Frame 487 (t = 16.2667):	 total squared error = 0.0104853, marker error: RMS = 0.0234917, max = 0.0436056 (Neck)
[2024-10-09 17:39:49.891] [info] Frame 488 (t = 16.3):	 total squared error = 0.0103229, marker error: RMS = 0.0233090, max = 0.0494453 (Neck)
[2024-10-09 17:39:49.941] [info] Frame 489 (t = 16.3333):	 total squared error = 0.0104483, marker error: RMS = 0.0234502, max = 0.0523055 (Neck)
[2024-10-09 17:39:49.996] [info] Frame 490 (t = 16.3667):	 total squared error = 0.0110988, marker error: RMS = 0.0241692, max = 0.0509192 (Neck)
[2024-10-09 17:39:50.060] [info] Frame 491 (t = 16.4):	 total squared error = 0.0124056, marker error: RMS = 0.0255524, max = 0.0580918 (LKnee)
[2024-10-09 17:39:50.118] [info] Frame 492 (t = 16.4333):	 total squared error = 0.0138804, marker error: RMS = 0.0270286, max = 0.0656818 (LKnee)
[2024-10-09 17:39:50.153] [info] Frame 493 (t = 16.4667):	 total squared error = 0.0147771, marker error: RMS = 0.027888, max = 0.0693707 (LKnee)
[2024-10-09 17:39:50.230] [info] Frame 494 (t = 16.5):	 total squared error = 0.01468, marker error: RMS = 0.0277963, max = 0.0683548 (LKnee)
[2024-10-09 17:39:50.281] [info] Frame 495 (t = 16.5333):	 total squared error = 0.0137655, marker error: RMS = 0.0269165, max = 0.0634183 (LKnee)
[2024-10-09 17:39:50.361] [info] Frame 496 (t = 16.5667):	 total squared error = 0.0124411, marker error: RMS = 0.025589, max = 0.0557883 (LKnee)
[2024-10-09 17:39:50.422] [info] Frame 497 (t = 16.6):	 total squared error = 0.0109863, marker error: RMS = 0.0240463, max = 0.0459675 (LKnee)
[2024-10-09 17:39:50.496] [info] Frame 498 (t = 16.6333):	 total squared error = 0.00961290, marker error: RMS = 0.0224932, max = 0.0364070 (LHeel)
[2024-10-09 17:39:50.557] [info] Frame 499 (t = 16.6667):	 total squared error = 0.00858766, marker error: RMS = 0.0212599, max = 0.0315969 (RHip)
[2024-10-09 17:39:50.628] [info] Frame 500 (t = 16.7):	 total squared error = 0.00814821, marker error: RMS = 0.0207088, max = 0.0316982 (Neck)
[2024-10-09 17:39:50.672] [info] Frame 501 (t = 16.7333):	 total squared error = 0.00846140, marker error: RMS = 0.0211030, max = 0.0330512 (Neck)
[2024-10-09 17:39:50.706] [info] Frame 502 (t = 16.7667):	 total squared error = 0.00941091, marker error: RMS = 0.0222556, max = 0.0340017 (Neck)
[2024-10-09 17:39:50.741] [info] Frame 503 (t = 16.8):	 total squared error = 0.0106266, marker error: RMS = 0.0236495, max = 0.0383085 (LHeel)
[2024-10-09 17:39:50.800] [info] Frame 504 (t = 16.8333):	 total squared error = 0.0117534, marker error: RMS = 0.0248717, max = 0.0429215 (LHeel)
[2024-10-09 17:39:50.833] [info] Frame 505 (t = 16.8667):	 total squared error = 0.0125417, marker error: RMS = 0.0256922, max = 0.0447027 (LHeel)
[2024-10-09 17:39:50.867] [info] Frame 506 (t = 16.9):	 total squared error = 0.0128147, marker error: RMS = 0.0259703, max = 0.0434516 (LHeel)
[2024-10-09 17:39:50.984] [info] Frame 507 (t = 16.9333):	 total squared error = 0.0126, marker error: RMS = 0.0257519, max = 0.0412819 (LAnkle)
[2024-10-09 17:39:51.007] [info] Frame 508 (t = 16.9667):	 total squared error = 0.0120651, marker error: RMS = 0.0251993, max = 0.0422781 (LAnkle)
[2024-10-09 17:39:51.038] [info] Frame 509 (t = 17.0):	 total squared error = 0.0114564, marker error: RMS = 0.0245554, max = 0.0431271 (LAnkle)
[2024-10-09 17:39:51.055] [info] Frame 510 (t = 17.0333):	 total squared error = 0.0109872, marker error: RMS = 0.0240473, max = 0.0434374 (LAnkle)
[2024-10-09 17:39:51.093] [info] Frame 511 (t = 17.0667):	 total squared error = 0.0107281, marker error: RMS = 0.0237621, max = 0.0434368 (LAnkle)
[2024-10-09 17:39:51.118] [info] Frame 512 (t = 17.1):	 total squared error = 0.0106159, marker error: RMS = 0.0236375, max = 0.042775 (LAnkle)
[2024-10-09 17:39:51.145] [info] Frame 513 (t = 17.1333):	 total squared error = 0.0106013, marker error: RMS = 0.0236213, max = 0.0417915 (LAnkle)
[2024-10-09 17:39:51.179] [info] Frame 514 (t = 17.1667):	 total squared error = 0.0106491, marker error: RMS = 0.0236744, max = 0.0407629 (LAnkle)
[2024-10-09 17:39:51.193] [info] Frame 515 (t = 17.2):	 total squared error = 0.0107703, marker error: RMS = 0.0238088, max = 0.0401368 (LAnkle)
[2024-10-09 17:39:51.218] [info] Frame 516 (t = 17.2333):	 total squared error = 0.0109422, marker error: RMS = 0.0239981, max = 0.0395646 (LAnkle)
[2024-10-09 17:39:51.254] [info] Frame 517 (t = 17.2667):	 total squared error = 0.0111352, marker error: RMS = 0.0242088, max = 0.0392643 (LAnkle)
[2024-10-09 17:39:51.276] [info] Frame 518 (t = 17.3):	 total squared error = 0.0112983, marker error: RMS = 0.0243854, max = 0.0393656 (LAnkle)
[2024-10-09 17:39:51.301] [info] Frame 519 (t = 17.3333):	 total squared error = 0.0113847, marker error: RMS = 0.0244785, max = 0.0395166 (LAnkle)
[2024-10-09 17:39:51.345] [info] Frame 520 (t = 17.3667):	 total squared error = 0.0113657, marker error: RMS = 0.024458, max = 0.039534 (LAnkle)
[2024-10-09 17:39:51.362] [info] Frame 521 (t = 17.4):	 total squared error = 0.0112694, marker error: RMS = 0.0243542, max = 0.0395703 (LAnkle)
[2024-10-09 17:39:51.383] [info] Frame 522 (t = 17.4333):	 total squared error = 0.0111183, marker error: RMS = 0.0241904, max = 0.0395968 (LAnkle)
[2024-10-09 17:39:51.397] [info] Frame 523 (t = 17.4667):	 total squared error = 0.0109778, marker error: RMS = 0.0240371, max = 0.0395302 (LAnkle)
[2024-10-09 17:39:51.416] [info] Frame 524 (t = 17.5):	 total squared error = 0.0108767, marker error: RMS = 0.0239261, max = 0.0395571 (LAnkle)
[2024-10-09 17:39:51.472] [info] Frame 525 (t = 17.5333):	 total squared error = 0.0108753, marker error: RMS = 0.0239245, max = 0.0399611 (LAnkle)
[2024-10-09 17:39:51.533] [info] Frame 526 (t = 17.5667):	 total squared error = 0.0109672, marker error: RMS = 0.0240254, max = 0.0406952 (LAnkle)
[2024-10-09 17:39:51.585] [info] Frame 527 (t = 17.6):	 total squared error = 0.0111707, marker error: RMS = 0.0242473, max = 0.0418426 (LAnkle)
[2024-10-09 17:39:51.653] [info] Frame 528 (t = 17.6333):	 total squared error = 0.0114203, marker error: RMS = 0.0245167, max = 0.0427027 (LAnkle)
[2024-10-09 17:39:51.715] [info] Frame 529 (t = 17.6667):	 total squared error = 0.0117055, marker error: RMS = 0.0248209, max = 0.0432031 (LAnkle)
[2024-10-09 17:39:51.763] [info] Frame 530 (t = 17.7):	 total squared error = 0.0119454, marker error: RMS = 0.0250740, max = 0.0431609 (LAnkle)
[2024-10-09 17:39:51.849] [info] Frame 531 (t = 17.7333):	 total squared error = 0.0121046, marker error: RMS = 0.0252405, max = 0.0426286 (LAnkle)
[2024-10-09 17:39:51.901] [info] Frame 532 (t = 17.7667):	 total squared error = 0.0121583, marker error: RMS = 0.0252964, max = 0.0420993 (LAnkle)
[2024-10-09 17:39:51.973] [info] Frame 533 (t = 17.8):	 total squared error = 0.0121008, marker error: RMS = 0.0252365, max = 0.0414959 (LAnkle)
[2024-10-09 17:39:52.019] [info] Frame 534 (t = 17.8333):	 total squared error = 0.0120067, marker error: RMS = 0.0251382, max = 0.0412486 (LAnkle)
[2024-10-09 17:39:52.091] [info] Frame 535 (t = 17.8667):	 total squared error = 0.011872, marker error: RMS = 0.0249968, max = 0.0408935 (LAnkle)
[2024-10-09 17:39:52.133] [info] Frame 536 (t = 17.9):	 total squared error = 0.0117791, marker error: RMS = 0.0248989, max = 0.0406963 (LAnkle)
[2024-10-09 17:39:52.210] [info] Frame 537 (t = 17.9333):	 total squared error = 0.0117515, marker error: RMS = 0.0248696, max = 0.0404365 (LAnkle)
[2024-10-09 17:39:52.260] [info] Frame 538 (t = 17.9667):	 total squared error = 0.0118414, marker error: RMS = 0.0249646, max = 0.0402486 (LAnkle)
[2024-10-09 17:39:52.331] [info] Frame 539 (t = 18.0):	 total squared error = 0.0119951, marker error: RMS = 0.0251261, max = 0.0408825 (RHip)
[2024-10-09 17:39:52.381] [info] Frame 540 (t = 18.0333):	 total squared error = 0.0121974, marker error: RMS = 0.0253371, max = 0.0418216 (RHip)
[2024-10-09 17:39:52.424] [info] Frame 541 (t = 18.0667):	 total squared error = 0.0123417, marker error: RMS = 0.0254865, max = 0.0423199 (RHip)
[2024-10-09 17:39:52.471] [info] Frame 542 (t = 18.1):	 total squared error = 0.0124121, marker error: RMS = 0.0255592, max = 0.0424249 (RHip)
[2024-10-09 17:39:52.536] [info] Frame 543 (t = 18.1333):	 total squared error = 0.0124385, marker error: RMS = 0.0255863, max = 0.0423119 (RHip)
[2024-10-09 17:39:52.579] [info] Frame 544 (t = 18.1667):	 total squared error = 0.0125135, marker error: RMS = 0.0256634, max = 0.0420921 (RHip)
[2024-10-09 17:39:52.660] [info] Frame 545 (t = 18.2):	 total squared error = 0.0126187, marker error: RMS = 0.025771, max = 0.0426722 (LAnkle)
[2024-10-09 17:39:52.677] [info] Frame 546 (t = 18.2333):	 total squared error = 0.0126949, marker error: RMS = 0.0258486, max = 0.0430173 (LAnkle)
[2024-10-09 17:39:52.697] [info] Frame 547 (t = 18.2667):	 total squared error = 0.0126675, marker error: RMS = 0.0258208, max = 0.0428108 (LAnkle)
[2024-10-09 17:39:52.719] [info] Frame 548 (t = 18.3):	 total squared error = 0.0125395, marker error: RMS = 0.0256899, max = 0.0419378 (LAnkle)
[2024-10-09 17:39:52.740] [info] Frame 549 (t = 18.3333):	 total squared error = 0.0124137, marker error: RMS = 0.0255607, max = 0.0413038 (RHip)
[2024-10-09 17:39:52.760] [info] Frame 550 (t = 18.3667):	 total squared error = 0.0124585, marker error: RMS = 0.0256068, max = 0.0413429 (RHip)
[2024-10-09 17:39:52.787] [info] Frame 551 (t = 18.4):	 total squared error = 0.0127002, marker error: RMS = 0.025854, max = 0.0419773 (RHip)
[2024-10-09 17:39:52.825] [info] Frame 552 (t = 18.4333):	 total squared error = 0.0129892, marker error: RMS = 0.0261465, max = 0.0426299 (LSmallToe)
[2024-10-09 17:39:52.870] [info] Frame 553 (t = 18.4667):	 total squared error = 0.013137, marker error: RMS = 0.0262949, max = 0.0429665 (RHip)
[2024-10-09 17:39:52.922] [info] Frame 554 (t = 18.5):	 total squared error = 0.0131043, marker error: RMS = 0.0262621, max = 0.0430132 (RHip)
[2024-10-09 17:39:53.027] [info] Frame 555 (t = 18.5333):	 total squared error = 0.0129108, marker error: RMS = 0.0260675, max = 0.0427224 (RHip)
[2024-10-09 17:39:53.118] [info] Frame 556 (t = 18.5667):	 total squared error = 0.0126238, marker error: RMS = 0.0257761, max = 0.041932 (RHip)
[2024-10-09 17:39:53.202] [info] Frame 557 (t = 18.6):	 total squared error = 0.0123278, marker error: RMS = 0.0254722, max = 0.0409417 (RHip)
[2024-10-09 17:39:53.249] [info] Frame 558 (t = 18.6333):	 total squared error = 0.0121398, marker error: RMS = 0.0252772, max = 0.0401247 (RHip)
[2024-10-09 17:39:53.324] [info] Frame 559 (t = 18.6667):	 total squared error = 0.0121246, marker error: RMS = 0.0252613, max = 0.0406648 (LSmallToe)
[2024-10-09 17:39:53.414] [info] Frame 560 (t = 18.7):	 total squared error = 0.012286, marker error: RMS = 0.025429, max = 0.0422893 (LSmallToe)
[2024-10-09 17:39:53.452] [info] Frame 561 (t = 18.7333):	 total squared error = 0.0124224, marker error: RMS = 0.0255697, max = 0.042877 (LSmallToe)
[2024-10-09 17:39:53.523] [info] Frame 562 (t = 18.7667):	 total squared error = 0.0123219, marker error: RMS = 0.025466, max = 0.0417521 (LSmallToe)
[2024-10-09 17:39:53.571] [info] Frame 563 (t = 18.8):	 total squared error = 0.0121259, marker error: RMS = 0.0252628, max = 0.0401016 (RHip)
[2024-10-09 17:39:53.635] [info] Frame 564 (t = 18.8333):	 total squared error = 0.0120237, marker error: RMS = 0.025156, max = 0.0405582 (RHip)
[2024-10-09 17:39:53.683] [info] Frame 565 (t = 18.8667):	 total squared error = 0.0120795, marker error: RMS = 0.0252144, max = 0.0407811 (RHip)
[2024-10-09 17:39:53.754] [info] Frame 566 (t = 18.9):	 total squared error = 0.0121591, marker error: RMS = 0.0252973, max = 0.041439 (LAnkle)
[2024-10-09 17:39:53.827] [info] Frame 567 (t = 18.9333):	 total squared error = 0.0122102, marker error: RMS = 0.0253504, max = 0.0419751 (LAnkle)
[2024-10-09 17:39:53.877] [info] Frame 568 (t = 18.9667):	 total squared error = 0.0122198, marker error: RMS = 0.0253604, max = 0.0423062 (LAnkle)
[2024-10-09 17:39:53.936] [info] Frame 569 (t = 19.0):	 total squared error = 0.0121337, marker error: RMS = 0.0252709, max = 0.0419864 (LAnkle)
[2024-10-09 17:39:54.007] [info] Frame 570 (t = 19.0333):	 total squared error = 0.0120388, marker error: RMS = 0.0251719, max = 0.0415746 (LAnkle)
[2024-10-09 17:39:54.022] [info] Frame 571 (t = 19.0667):	 total squared error = 0.0119657, marker error: RMS = 0.0250953, max = 0.041134 (LAnkle)
[2024-10-09 17:39:54.043] [info] Frame 572 (t = 19.1):	 total squared error = 0.011928, marker error: RMS = 0.0250557, max = 0.0405626 (LAnkle)
[2024-10-09 17:39:54.060] [info] Frame 573 (t = 19.1333):	 total squared error = 0.011898, marker error: RMS = 0.0250242, max = 0.0400743 (LAnkle)
[2024-10-09 17:39:54.122] [info] Frame 574 (t = 19.1667):	 total squared error = 0.0118417, marker error: RMS = 0.0249649, max = 0.0402783 (RHip)
[2024-10-09 17:39:54.178] [info] Frame 575 (t = 19.2):	 total squared error = 0.0117835, marker error: RMS = 0.0249035, max = 0.0405953 (RHip)
[2024-10-09 17:39:54.221] [info] Frame 576 (t = 19.2333):	 total squared error = 0.011656, marker error: RMS = 0.0247684, max = 0.0411286 (LAnkle)
[2024-10-09 17:39:54.258] [info] Frame 577 (t = 19.2667):	 total squared error = 0.0114777, marker error: RMS = 0.0245783, max = 0.0424594 (LAnkle)
[2024-10-09 17:39:54.272] [info] InverseKinematicsTool completed 578 frames in 27 second(s).
