[2024-10-09 18:25:09.259] [info] Preparing to run InverseKinematicsTool.
[2024-10-09 18:25:09.281] [info] Loaded model Pose2Sim_scaled from file Model_Pose2Sim_Halpe26_scaled.osim
[2024-10-09 18:25:09.281] [warning] Couldn't find file 'r_pelvis.vtp'.
[2024-10-09 18:25:09.282] [warning] Couldn't find file 'l_pelvis.vtp'.
[2024-10-09 18:25:09.282] [warning] Couldn't find file 'sacrum.vtp'.
[2024-10-09 18:25:09.282] [warning] Couldn't find file 'femur_r.vtp'.
[2024-10-09 18:25:09.282] [warning] Couldn't find file 'r_patella.vtp'.
[2024-10-09 18:25:09.282] [warning] Couldn't find file 'tibia_r.vtp'.
[2024-10-09 18:25:09.282] [warning] Couldn't find file 'fibula_r.vtp'.
[2024-10-09 18:25:09.283] [warning] Couldn't find file 'talus_rv.vtp'.
[2024-10-09 18:25:09.283] [warning] Couldn't find file 'foot.vtp'.
[2024-10-09 18:25:09.283] [warning] Couldn't find file 'bofoot.vtp'.
[2024-10-09 18:25:09.283] [warning] Couldn't find file 'femur_l.vtp'.
[2024-10-09 18:25:09.283] [warning] Couldn't find file 'l_patella.vtp'.
[2024-10-09 18:25:09.283] [warning] Couldn't find file 'tibia_l.vtp'.
[2024-10-09 18:25:09.284] [warning] Couldn't find file 'fibula_l.vtp'.
[2024-10-09 18:25:09.284] [warning] Couldn't find file 'talus_lv.vtp'.
[2024-10-09 18:25:09.284] [warning] Couldn't find file 'l_foot.vtp'.
[2024-10-09 18:25:09.284] [warning] Couldn't find file 'l_bofoot.vtp'.
[2024-10-09 18:25:09.284] [warning] Couldn't find file 'lumbar5.vtp'.
[2024-10-09 18:25:09.284] [warning] Couldn't find file 'lumbar4.vtp'.
[2024-10-09 18:25:09.284] [warning] Couldn't find file 'lumbar3.vtp'.
[2024-10-09 18:25:09.284] [warning] Couldn't find file 'lumbar2.vtp'.
[2024-10-09 18:25:09.285] [warning] Couldn't find file 'lumbar1.vtp'.
[2024-10-09 18:25:09.285] [warning] Couldn't find file 'cerv1sm.vtp'.
[2024-10-09 18:25:09.285] [warning] Couldn't find file 'cerv2sm.vtp'.
[2024-10-09 18:25:09.285] [warning] Couldn't find file 'cerv3sm.vtp'.
[2024-10-09 18:25:09.285] [warning] Couldn't find file 'cerv4sm.vtp'.
[2024-10-09 18:25:09.285] [warning] Couldn't find file 'cerv5sm.vtp'.
[2024-10-09 18:25:09.285] [warning] Couldn't find file 'cerv6sm.vtp'.
[2024-10-09 18:25:09.285] [warning] Couldn't find file 'cerv7.vtp'.
[2024-10-09 18:25:09.285] [warning] Couldn't find file 'thoracic12_s.vtp'.
[2024-10-09 18:25:09.286] [warning] Couldn't find file 'thoracic11_s.vtp'.
[2024-10-09 18:25:09.286] [warning] Couldn't find file 'thoracic10_s.vtp'.
[2024-10-09 18:25:09.286] [warning] Couldn't find file 'thoracic9_s.vtp'.
[2024-10-09 18:25:09.286] [warning] Couldn't find file 'thoracic8_s.vtp'.
[2024-10-09 18:25:09.286] [warning] Couldn't find file 'thoracic7_s.vtp'.
[2024-10-09 18:25:09.286] [warning] Couldn't find file 'thoracic6_s.vtp'.
[2024-10-09 18:25:09.287] [warning] Couldn't find file 'thoracic5_s.vtp'.
[2024-10-09 18:25:09.287] [warning] Couldn't find file 'thoracic4_s.vtp'.
[2024-10-09 18:25:09.287] [warning] Couldn't find file 'thoracic3_s.vtp'.
[2024-10-09 18:25:09.287] [warning] Couldn't find file 'thoracic2_s.vtp'.
[2024-10-09 18:25:09.287] [warning] Couldn't find file 'thoracic1_s.vtp'.
[2024-10-09 18:25:09.287] [warning] Couldn't find file 'hat_ribs_scap.vtp'.
[2024-10-09 18:25:09.287] [warning] Couldn't find file 'hat_jaw.vtp'.
[2024-10-09 18:25:09.287] [warning] Couldn't find file 'hat_skull.vtp'.
[2024-10-09 18:25:09.288] [warning] Couldn't find file 'humerus_rv.vtp'.
[2024-10-09 18:25:09.288] [warning] Couldn't find file 'ulna_rv.vtp'.
[2024-10-09 18:25:09.288] [warning] Couldn't find file 'radius_rv.vtp'.
[2024-10-09 18:25:09.288] [warning] Couldn't find file 'pisiform_rvs.vtp'.
[2024-10-09 18:25:09.288] [warning] Couldn't find file 'lunate_rvs.vtp'.
[2024-10-09 18:25:09.288] [warning] Couldn't find file 'scaphoid_rvs.vtp'.
[2024-10-09 18:25:09.288] [warning] Couldn't find file 'triquetrum_rvs.vtp'.
[2024-10-09 18:25:09.288] [warning] Couldn't find file 'hamate_rvs.vtp'.
[2024-10-09 18:25:09.289] [warning] Couldn't find file 'capitate_rvs.vtp'.
[2024-10-09 18:25:09.289] [warning] Couldn't find file 'trapezoid_rvs.vtp'.
[2024-10-09 18:25:09.289] [warning] Couldn't find file 'trapezium_rvs.vtp'.
[2024-10-09 18:25:09.289] [warning] Couldn't find file 'metacarpal2_rvs.vtp'.
[2024-10-09 18:25:09.289] [warning] Couldn't find file 'index_proximal_rvs.vtp'.
[2024-10-09 18:25:09.289] [warning] Couldn't find file 'index_medial_rvs.vtp'.
[2024-10-09 18:25:09.289] [warning] Couldn't find file 'index_distal_rvs.vtp'.
[2024-10-09 18:25:09.289] [warning] Couldn't find file 'metacarpal3_rvs.vtp'.
[2024-10-09 18:25:09.290] [warning] Couldn't find file 'middle_proximal_rvs.vtp'.
[2024-10-09 18:25:09.290] [warning] Couldn't find file 'middle_medial_rvs.vtp'.
[2024-10-09 18:25:09.290] [warning] Couldn't find file 'middle_distal_rvs.vtp'.
[2024-10-09 18:25:09.290] [warning] Couldn't find file 'metacarpal4_rvs.vtp'.
[2024-10-09 18:25:09.290] [warning] Couldn't find file 'ring_proximal_rvs.vtp'.
[2024-10-09 18:25:09.290] [warning] Couldn't find file 'ring_medial_rvs.vtp'.
[2024-10-09 18:25:09.290] [warning] Couldn't find file 'ring_distal_rvs.vtp'.
[2024-10-09 18:25:09.290] [warning] Couldn't find file 'metacarpal5_rvs.vtp'.
[2024-10-09 18:25:09.290] [warning] Couldn't find file 'little_proximal_rvs.vtp'.
[2024-10-09 18:25:09.291] [warning] Couldn't find file 'little_medial_rvs.vtp'.
[2024-10-09 18:25:09.291] [warning] Couldn't find file 'little_distal_rvs.vtp'.
[2024-10-09 18:25:09.291] [warning] Couldn't find file 'metacarpal1_rvs.vtp'.
[2024-10-09 18:25:09.291] [warning] Couldn't find file 'thumb_proximal_rvs.vtp'.
[2024-10-09 18:25:09.291] [warning] Couldn't find file 'thumb_distal_rvs.vtp'.
[2024-10-09 18:25:09.291] [warning] Couldn't find file 'humerus_lv.vtp'.
[2024-10-09 18:25:09.292] [warning] Couldn't find file 'ulna_lv.vtp'.
[2024-10-09 18:25:09.292] [warning] Couldn't find file 'radius_lv.vtp'.
[2024-10-09 18:25:09.292] [warning] Couldn't find file 'pisiform_lvs.vtp'.
[2024-10-09 18:25:09.292] [warning] Couldn't find file 'lunate_lvs.vtp'.
[2024-10-09 18:25:09.292] [warning] Couldn't find file 'scaphoid_lvs.vtp'.
[2024-10-09 18:25:09.292] [warning] Couldn't find file 'triquetrum_lvs.vtp'.
[2024-10-09 18:25:09.292] [warning] Couldn't find file 'hamate_lvs.vtp'.
[2024-10-09 18:25:09.292] [warning] Couldn't find file 'capitate_lvs.vtp'.
[2024-10-09 18:25:09.293] [warning] Couldn't find file 'trapezoid_lvs.vtp'.
[2024-10-09 18:25:09.293] [warning] Couldn't find file 'trapezium_lvs.vtp'.
[2024-10-09 18:25:09.293] [warning] Couldn't find file 'metacarpal2_lvs.vtp'.
[2024-10-09 18:25:09.293] [warning] Couldn't find file 'index_proximal_lvs.vtp'.
[2024-10-09 18:25:09.293] [warning] Couldn't find file 'index_medial_lvs.vtp'.
[2024-10-09 18:25:09.293] [warning] Couldn't find file 'index_distal_lvs.vtp'.
[2024-10-09 18:25:09.293] [warning] Couldn't find file 'metacarpal3_lvs.vtp'.
[2024-10-09 18:25:09.293] [warning] Couldn't find file 'middle_proximal_lvs.vtp'.
[2024-10-09 18:25:09.294] [warning] Couldn't find file 'middle_medial_lvs.vtp'.
[2024-10-09 18:25:09.294] [warning] Couldn't find file 'middle_distal_lvs.vtp'.
[2024-10-09 18:25:09.294] [warning] Couldn't find file 'metacarpal4_lvs.vtp'.
[2024-10-09 18:25:09.294] [warning] Couldn't find file 'ring_proximal_lvs.vtp'.
[2024-10-09 18:25:09.294] [warning] Couldn't find file 'ring_medial_lvs.vtp'.
[2024-10-09 18:25:09.294] [warning] Couldn't find file 'ring_distal_lvs.vtp'.
[2024-10-09 18:25:09.294] [warning] Couldn't find file 'metacarpal5_lvs.vtp'.
[2024-10-09 18:25:09.294] [warning] Couldn't find file 'little_proximal_lvs.vtp'.
[2024-10-09 18:25:09.295] [warning] Couldn't find file 'little_medial_lvs.vtp'.
[2024-10-09 18:25:09.295] [warning] Couldn't find file 'little_distal_lvs.vtp'.
[2024-10-09 18:25:09.295] [warning] Couldn't find file 'metacarpal1_lvs.vtp'.
[2024-10-09 18:25:09.295] [warning] Couldn't find file 'thumb_proximal_lvs.vtp'.
[2024-10-09 18:25:09.295] [warning] Couldn't find file 'thumb_distal_lvs.vtp'.
[2024-10-09 18:25:09.297] [cout] [info] 
               MODEL: Pose2Sim_scaled
         coordinates: 62
              forces: 0
           actuators: 0
             muscles: 0
            analyses: 0
              probes: 0
              bodies: 30
              joints: 30
         constraints: 20
             markers: 22
         controllers: 0
  contact geometries: 0
misc modelcomponents: 0
[2024-10-09 18:25:09.298] [info] Running tool .
[2024-10-09 18:25:09.731] [info] Frame 0 (t = 0.0333333):	 total squared error = 0.012137, marker error: RMS = 0.0252743, max = 0.0443433 (Neck)
[2024-10-09 18:25:09.775] [info] Frame 1 (t = 0.0666667):	 total squared error = 0.0125923, marker error: RMS = 0.025744, max = 0.0400143 (LHeel)
[2024-10-09 18:25:09.811] [info] Frame 2 (t = 0.1):	 total squared error = 0.0136207, marker error: RMS = 0.0267746, max = 0.0405382 (LHeel)
[2024-10-09 18:25:09.876] [info] Frame 3 (t = 0.133333):	 total squared error = 0.0145739, marker error: RMS = 0.0276957, max = 0.0420022 (LShoulder)
[2024-10-09 18:25:09.945] [info] Frame 4 (t = 0.166667):	 total squared error = 0.0151053, marker error: RMS = 0.0281961, max = 0.0429049 (LShoulder)
[2024-10-09 18:25:10.003] [info] Frame 5 (t = 0.2):	 total squared error = 0.0151836, marker error: RMS = 0.028269, max = 0.0432353 (LHeel)
[2024-10-09 18:25:10.073] [info] Frame 6 (t = 0.233333):	 total squared error = 0.0149146, marker error: RMS = 0.0280175, max = 0.0436534 (LHeel)
[2024-10-09 18:25:10.112] [info] Frame 7 (t = 0.266667):	 total squared error = 0.014544, marker error: RMS = 0.0276672, max = 0.0438141 (LHeel)
[2024-10-09 18:25:10.179] [info] Frame 8 (t = 0.3):	 total squared error = 0.0141494, marker error: RMS = 0.0272893, max = 0.0437135 (LHeel)
[2024-10-09 18:25:10.247] [info] Frame 9 (t = 0.333333):	 total squared error = 0.0137333, marker error: RMS = 0.0268851, max = 0.0433433 (LHeel)
[2024-10-09 18:25:10.334] [info] Frame 10 (t = 0.366667):	 total squared error = 0.013316, marker error: RMS = 0.0264734, max = 0.0427851 (LHeel)
[2024-10-09 18:25:10.412] [info] Frame 11 (t = 0.4):	 total squared error = 0.0129639, marker error: RMS = 0.0261211, max = 0.0424484 (LHeel)
[2024-10-09 18:25:10.475] [info] Frame 12 (t = 0.433333):	 total squared error = 0.0128046, marker error: RMS = 0.02596, max = 0.0424334 (LHeel)
[2024-10-09 18:25:10.541] [info] Frame 13 (t = 0.466667):	 total squared error = 0.0129128, marker error: RMS = 0.0260695, max = 0.0425666 (LHeel)
[2024-10-09 18:25:10.592] [info] Frame 14 (t = 0.5):	 total squared error = 0.0132709, marker error: RMS = 0.0264286, max = 0.042881 (LHeel)
[2024-10-09 18:25:10.640] [info] Frame 15 (t = 0.533333):	 total squared error = 0.0137836, marker error: RMS = 0.0269342, max = 0.0432852 (LHeel)
[2024-10-09 18:25:10.698] [info] Frame 16 (t = 0.566667):	 total squared error = 0.0142806, marker error: RMS = 0.0274155, max = 0.043735 (LHeel)
[2024-10-09 18:25:10.780] [info] Frame 17 (t = 0.6):	 total squared error = 0.014637, marker error: RMS = 0.0277555, max = 0.04426 (LAnkle)
[2024-10-09 18:25:10.819] [info] Frame 18 (t = 0.633333):	 total squared error = 0.0148043, marker error: RMS = 0.0279137, max = 0.0448424 (LAnkle)
[2024-10-09 18:25:10.860] [info] Frame 19 (t = 0.666667):	 total squared error = 0.0147881, marker error: RMS = 0.0278984, max = 0.0443096 (LAnkle)
[2024-10-09 18:25:10.932] [info] Frame 20 (t = 0.7):	 total squared error = 0.0146261, marker error: RMS = 0.0277452, max = 0.0436969 (LHeel)
[2024-10-09 18:25:10.975] [info] Frame 21 (t = 0.733333):	 total squared error = 0.0143678, marker error: RMS = 0.027499, max = 0.043932 (LHeel)
[2024-10-09 18:25:11.015] [info] Frame 22 (t = 0.766667):	 total squared error = 0.0140778, marker error: RMS = 0.0272202, max = 0.0444025 (LHeel)
[2024-10-09 18:25:11.095] [info] Frame 23 (t = 0.8):	 total squared error = 0.0138291, marker error: RMS = 0.0269787, max = 0.0447169 (LHeel)
[2024-10-09 18:25:11.140] [info] Frame 24 (t = 0.833333):	 total squared error = 0.0136935, marker error: RMS = 0.0268461, max = 0.0447306 (LHeel)
[2024-10-09 18:25:11.215] [info] Frame 25 (t = 0.866667):	 total squared error = 0.0136469, marker error: RMS = 0.0268003, max = 0.0443795 (LHeel)
[2024-10-09 18:25:11.255] [info] Frame 26 (t = 0.9):	 total squared error = 0.0136336, marker error: RMS = 0.0267873, max = 0.0438769 (LHeel)
[2024-10-09 18:25:11.312] [info] Frame 27 (t = 0.933333):	 total squared error = 0.0136413, marker error: RMS = 0.0267949, max = 0.0432324 (LHeel)
[2024-10-09 18:25:11.363] [info] Frame 28 (t = 0.966667):	 total squared error = 0.0137109, marker error: RMS = 0.0268631, max = 0.0424733 (LHeel)
[2024-10-09 18:25:11.405] [info] Frame 29 (t = 1.0):	 total squared error = 0.0138334, marker error: RMS = 0.0269829, max = 0.0418154 (LHeel)
[2024-10-09 18:25:11.447] [info] Frame 30 (t = 1.03333):	 total squared error = 0.0139322, marker error: RMS = 0.0270790, max = 0.0423409 (LAnkle)
[2024-10-09 18:25:11.499] [info] Frame 31 (t = 1.06667):	 total squared error = 0.0139612, marker error: RMS = 0.0271072, max = 0.0431057 (LAnkle)
[2024-10-09 18:25:11.590] [info] Frame 32 (t = 1.1):	 total squared error = 0.0138752, marker error: RMS = 0.0270235, max = 0.0433558 (LAnkle)
[2024-10-09 18:25:11.638] [info] Frame 33 (t = 1.13333):	 total squared error = 0.0137134, marker error: RMS = 0.0268656, max = 0.0428731 (LAnkle)
[2024-10-09 18:25:11.690] [info] Frame 34 (t = 1.16667):	 total squared error = 0.0134273, marker error: RMS = 0.0265838, max = 0.0419151 (LAnkle)
[2024-10-09 18:25:11.738] [info] Frame 35 (t = 1.2):	 total squared error = 0.0130312, marker error: RMS = 0.0261888, max = 0.0401305 (LAnkle)
[2024-10-09 18:25:11.778] [info] Frame 36 (t = 1.23333):	 total squared error = 0.0126147, marker error: RMS = 0.0257668, max = 0.0393529 (LHeel)
[2024-10-09 18:25:11.806] [info] Frame 37 (t = 1.26667):	 total squared error = 0.0122972, marker error: RMS = 0.0254405, max = 0.0386533 (LHeel)
[2024-10-09 18:25:11.860] [info] Frame 38 (t = 1.3):	 total squared error = 0.0120744, marker error: RMS = 0.0252090, max = 0.0379317 (LHeel)
[2024-10-09 18:25:11.928] [info] Frame 39 (t = 1.33333):	 total squared error = 0.0119389, marker error: RMS = 0.0250671, max = 0.0370714 (LHeel)
[2024-10-09 18:25:12.042] [info] Frame 40 (t = 1.36667):	 total squared error = 0.0118575, marker error: RMS = 0.0249816, max = 0.0365111 (LHeel)
[2024-10-09 18:25:12.111] [info] Frame 41 (t = 1.4):	 total squared error = 0.0118422, marker error: RMS = 0.0249654, max = 0.0359352 (LHeel)
[2024-10-09 18:25:12.155] [info] Frame 42 (t = 1.43333):	 total squared error = 0.0119192, marker error: RMS = 0.0250465, max = 0.0358618 (LHeel)
[2024-10-09 18:25:12.207] [info] Frame 43 (t = 1.46667):	 total squared error = 0.0121521, marker error: RMS = 0.02529, max = 0.0363599 (LHeel)
[2024-10-09 18:25:12.258] [info] Frame 44 (t = 1.5):	 total squared error = 0.0125559, marker error: RMS = 0.0257067, max = 0.0375258 (LHeel)
[2024-10-09 18:25:12.326] [info] Frame 45 (t = 1.53333):	 total squared error = 0.0130358, marker error: RMS = 0.0261934, max = 0.0395476 (LHeel)
[2024-10-09 18:25:12.352] [info] Frame 46 (t = 1.56667):	 total squared error = 0.0134428, marker error: RMS = 0.0265991, max = 0.0417752 (LHeel)
[2024-10-09 18:25:12.434] [info] Frame 47 (t = 1.6):	 total squared error = 0.0135422, marker error: RMS = 0.0266973, max = 0.0438575 (LHeel)
[2024-10-09 18:25:12.508] [info] Frame 48 (t = 1.63333):	 total squared error = 0.0132661, marker error: RMS = 0.0264238, max = 0.0450296 (LHeel)
[2024-10-09 18:25:12.583] [info] Frame 49 (t = 1.66667):	 total squared error = 0.0127701, marker error: RMS = 0.0259251, max = 0.0452664 (LHeel)
[2024-10-09 18:25:12.654] [info] Frame 50 (t = 1.7):	 total squared error = 0.0122891, marker error: RMS = 0.0254321, max = 0.0447324 (LHeel)
[2024-10-09 18:25:12.722] [info] Frame 51 (t = 1.73333):	 total squared error = 0.0119977, marker error: RMS = 0.0251289, max = 0.0438774 (LHeel)
[2024-10-09 18:25:12.765] [info] Frame 52 (t = 1.76667):	 total squared error = 0.0119404, marker error: RMS = 0.0250688, max = 0.0431076 (LHeel)
[2024-10-09 18:25:12.848] [info] Frame 53 (t = 1.8):	 total squared error = 0.0120011, marker error: RMS = 0.0251324, max = 0.0424534 (LHeel)
[2024-10-09 18:25:12.935] [info] Frame 54 (t = 1.83333):	 total squared error = 0.012144, marker error: RMS = 0.0252816, max = 0.0419033 (LHeel)
[2024-10-09 18:25:12.994] [info] Frame 55 (t = 1.86667):	 total squared error = 0.0123277, marker error: RMS = 0.0254721, max = 0.0415548 (LHeel)
[2024-10-09 18:25:13.051] [info] Frame 56 (t = 1.9):	 total squared error = 0.0125668, marker error: RMS = 0.0257179, max = 0.0416354 (LHeel)
[2024-10-09 18:25:13.116] [info] Frame 57 (t = 1.93333):	 total squared error = 0.0128715, marker error: RMS = 0.0260278, max = 0.0418807 (LHeel)
[2024-10-09 18:25:13.149] [info] Frame 58 (t = 1.96667):	 total squared error = 0.0132491, marker error: RMS = 0.0264069, max = 0.0425386 (LHeel)
[2024-10-09 18:25:13.180] [info] Frame 59 (t = 2.0):	 total squared error = 0.0136791, marker error: RMS = 0.0268319, max = 0.0433416 (LHeel)
[2024-10-09 18:25:13.234] [info] Frame 60 (t = 2.03333):	 total squared error = 0.0140904, marker error: RMS = 0.0272324, max = 0.0442753 (LHeel)
[2024-10-09 18:25:13.262] [info] Frame 61 (t = 2.06667):	 total squared error = 0.0144041, marker error: RMS = 0.0275338, max = 0.0451986 (LHeel)
[2024-10-09 18:25:13.319] [info] Frame 62 (t = 2.1):	 total squared error = 0.0146007, marker error: RMS = 0.0277211, max = 0.0458648 (LHeel)
[2024-10-09 18:25:13.378] [info] Frame 63 (t = 2.13333):	 total squared error = 0.0146366, marker error: RMS = 0.0277551, max = 0.0463522 (LHeel)
[2024-10-09 18:25:13.418] [info] Frame 64 (t = 2.16667):	 total squared error = 0.0145607, marker error: RMS = 0.0276831, max = 0.0465365 (LHeel)
[2024-10-09 18:25:13.465] [info] Frame 65 (t = 2.2):	 total squared error = 0.0144796, marker error: RMS = 0.0276059, max = 0.0463922 (LHeel)
[2024-10-09 18:25:13.552] [info] Frame 66 (t = 2.23333):	 total squared error = 0.014453, marker error: RMS = 0.0275805, max = 0.0459149 (LHeel)
[2024-10-09 18:25:13.645] [info] Frame 67 (t = 2.26667):	 total squared error = 0.0144793, marker error: RMS = 0.0276056, max = 0.0454232 (LHeel)
[2024-10-09 18:25:13.688] [info] Frame 68 (t = 2.3):	 total squared error = 0.0145169, marker error: RMS = 0.0276415, max = 0.0450387 (LHeel)
[2024-10-09 18:25:13.747] [info] Frame 69 (t = 2.33333):	 total squared error = 0.0144555, marker error: RMS = 0.0275829, max = 0.0450195 (LHeel)
[2024-10-09 18:25:13.825] [info] Frame 70 (t = 2.36667):	 total squared error = 0.0142658, marker error: RMS = 0.0274013, max = 0.0451917 (LHeel)
[2024-10-09 18:25:13.896] [info] Frame 71 (t = 2.4):	 total squared error = 0.0139628, marker error: RMS = 0.0271088, max = 0.0457678 (LHeel)
[2024-10-09 18:25:13.937] [info] Frame 72 (t = 2.43333):	 total squared error = 0.0136083, marker error: RMS = 0.0267624, max = 0.0461846 (LHeel)
[2024-10-09 18:25:14.025] [info] Frame 73 (t = 2.46667):	 total squared error = 0.0132872, marker error: RMS = 0.0264448, max = 0.0466195 (LHeel)
[2024-10-09 18:25:14.077] [info] Frame 74 (t = 2.5):	 total squared error = 0.0130553, marker error: RMS = 0.026213, max = 0.0467529 (LHeel)
[2024-10-09 18:25:14.147] [info] Frame 75 (t = 2.53333):	 total squared error = 0.0129699, marker error: RMS = 0.0261271, max = 0.0467262 (LHeel)
[2024-10-09 18:25:14.222] [info] Frame 76 (t = 2.56667):	 total squared error = 0.0130696, marker error: RMS = 0.0262273, max = 0.0464846 (LHeel)
[2024-10-09 18:25:14.308] [info] Frame 77 (t = 2.6):	 total squared error = 0.0133084, marker error: RMS = 0.0264659, max = 0.0463258 (LHeel)
[2024-10-09 18:25:14.379] [info] Frame 78 (t = 2.63333):	 total squared error = 0.0136041, marker error: RMS = 0.0267583, max = 0.0460986 (LHeel)
[2024-10-09 18:25:14.422] [info] Frame 79 (t = 2.66667):	 total squared error = 0.0138818, marker error: RMS = 0.0270300, max = 0.0455103 (LHeel)
[2024-10-09 18:25:14.465] [info] Frame 80 (t = 2.7):	 total squared error = 0.0141086, marker error: RMS = 0.0272499, max = 0.0446501 (LHeel)
[2024-10-09 18:25:14.501] [info] Frame 81 (t = 2.73333):	 total squared error = 0.0142672, marker error: RMS = 0.0274027, max = 0.0437998 (LHeel)
[2024-10-09 18:25:14.547] [info] Frame 82 (t = 2.76667):	 total squared error = 0.0143473, marker error: RMS = 0.0274794, max = 0.0422643 (LHeel)
[2024-10-09 18:25:14.627] [info] Frame 83 (t = 2.8):	 total squared error = 0.0143484, marker error: RMS = 0.0274805, max = 0.0413452 (LAnkle)
[2024-10-09 18:25:14.670] [info] Frame 84 (t = 2.83333):	 total squared error = 0.0143295, marker error: RMS = 0.0274624, max = 0.0410953 (LAnkle)
[2024-10-09 18:25:14.723] [info] Frame 85 (t = 2.86667):	 total squared error = 0.0142936, marker error: RMS = 0.027428, max = 0.0410918 (LAnkle)
[2024-10-09 18:25:14.797] [info] Frame 86 (t = 2.9):	 total squared error = 0.0142851, marker error: RMS = 0.0274198, max = 0.0411807 (LAnkle)
[2024-10-09 18:25:14.840] [info] Frame 87 (t = 2.93333):	 total squared error = 0.0143556, marker error: RMS = 0.0274875, max = 0.0416691 (LAnkle)
[2024-10-09 18:25:14.881] [info] Frame 88 (t = 2.96667):	 total squared error = 0.014522, marker error: RMS = 0.0276462, max = 0.0424729 (LAnkle)
[2024-10-09 18:25:14.945] [info] Frame 89 (t = 3.0):	 total squared error = 0.0147727, marker error: RMS = 0.0278839, max = 0.0435203 (LAnkle)
[2024-10-09 18:25:14.992] [info] Frame 90 (t = 3.03333):	 total squared error = 0.0150379, marker error: RMS = 0.0281331, max = 0.0444577 (LAnkle)
[2024-10-09 18:25:15.056] [info] Frame 91 (t = 3.06667):	 total squared error = 0.0152442, marker error: RMS = 0.0283254, max = 0.0454107 (LAnkle)
[2024-10-09 18:25:15.147] [info] Frame 92 (t = 3.1):	 total squared error = 0.0153854, marker error: RMS = 0.0284562, max = 0.0459287 (LAnkle)
[2024-10-09 18:25:15.192] [info] Frame 93 (t = 3.13333):	 total squared error = 0.0154812, marker error: RMS = 0.0285447, max = 0.046169 (LAnkle)
[2024-10-09 18:25:15.274] [info] Frame 94 (t = 3.16667):	 total squared error = 0.0155351, marker error: RMS = 0.0285944, max = 0.0461518 (LAnkle)
[2024-10-09 18:25:15.341] [info] Frame 95 (t = 3.2):	 total squared error = 0.0155914, marker error: RMS = 0.0286461, max = 0.0461093 (LAnkle)
[2024-10-09 18:25:15.423] [info] Frame 96 (t = 3.23333):	 total squared error = 0.01569, marker error: RMS = 0.0287366, max = 0.0459513 (LAnkle)
[2024-10-09 18:25:15.449] [info] Frame 97 (t = 3.26667):	 total squared error = 0.0159248, marker error: RMS = 0.0289508, max = 0.0455106 (LHeel)
[2024-10-09 18:25:15.497] [info] Frame 98 (t = 3.3):	 total squared error = 0.0160519, marker error: RMS = 0.0290661, max = 0.0455156 (LHeel)
[2024-10-09 18:25:15.707] [info] Frame 99 (t = 3.33333):	 total squared error = 0.015982, marker error: RMS = 0.0290027, max = 0.0452941 (LHeel)
[2024-10-09 18:25:15.819] [info] Frame 100 (t = 3.36667):	 total squared error = 0.0158013, marker error: RMS = 0.0288383, max = 0.044835 (LHeel)
[2024-10-09 18:25:15.934] [info] Frame 101 (t = 3.4):	 total squared error = 0.0154901, marker error: RMS = 0.0285529, max = 0.044593 (LHeel)
[2024-10-09 18:25:16.011] [info] Frame 102 (t = 3.43333):	 total squared error = 0.0152175, marker error: RMS = 0.0283006, max = 0.0447235 (LHeel)
[2024-10-09 18:25:16.104] [info] Frame 103 (t = 3.46667):	 total squared error = 0.0150795, marker error: RMS = 0.028172, max = 0.0449489 (LHeel)
[2024-10-09 18:25:16.165] [info] Frame 104 (t = 3.5):	 total squared error = 0.0150548, marker error: RMS = 0.0281488, max = 0.0453603 (LHeel)
[2024-10-09 18:25:16.208] [info] Frame 105 (t = 3.53333):	 total squared error = 0.0150672, marker error: RMS = 0.0281604, max = 0.0456746 (LHeel)
[2024-10-09 18:25:16.292] [info] Frame 106 (t = 3.56667):	 total squared error = 0.0150595, marker error: RMS = 0.0281532, max = 0.0459272 (LHeel)
[2024-10-09 18:25:16.333] [info] Frame 107 (t = 3.6):	 total squared error = 0.0150060, marker error: RMS = 0.0281032, max = 0.0461257 (LHeel)
[2024-10-09 18:25:16.390] [info] Frame 108 (t = 3.63333):	 total squared error = 0.0149176, marker error: RMS = 0.0280203, max = 0.0463878 (LHeel)
[2024-10-09 18:25:16.428] [info] Frame 109 (t = 3.66667):	 total squared error = 0.0148558, marker error: RMS = 0.0279622, max = 0.0462504 (LHeel)
[2024-10-09 18:25:16.484] [info] Frame 110 (t = 3.7):	 total squared error = 0.0148912, marker error: RMS = 0.0279955, max = 0.0460720 (LHeel)
[2024-10-09 18:25:16.565] [info] Frame 111 (t = 3.73333):	 total squared error = 0.01499, marker error: RMS = 0.0280882, max = 0.0457573 (LHeel)
[2024-10-09 18:25:16.655] [info] Frame 112 (t = 3.76667):	 total squared error = 0.01515, marker error: RMS = 0.0282377, max = 0.0454333 (LHeel)
[2024-10-09 18:25:16.695] [info] Frame 113 (t = 3.8):	 total squared error = 0.0153551, marker error: RMS = 0.0284282, max = 0.0452038 (LHeel)
[2024-10-09 18:25:16.806] [info] Frame 114 (t = 3.83333):	 total squared error = 0.0155308, marker error: RMS = 0.0285904, max = 0.0452657 (LHeel)
[2024-10-09 18:25:16.901] [info] Frame 115 (t = 3.86667):	 total squared error = 0.0157251, marker error: RMS = 0.0287687, max = 0.0453855 (LHeel)
[2024-10-09 18:25:17.002] [info] Frame 116 (t = 3.9):	 total squared error = 0.0158887, marker error: RMS = 0.028918, max = 0.0457104 (LHeel)
[2024-10-09 18:25:17.051] [info] Frame 117 (t = 3.93333):	 total squared error = 0.0159894, marker error: RMS = 0.0290094, max = 0.0460670 (LHeel)
[2024-10-09 18:25:17.099] [info] Frame 118 (t = 3.96667):	 total squared error = 0.0159887, marker error: RMS = 0.0290088, max = 0.046494 (LHeel)
[2024-10-09 18:25:17.144] [info] Frame 119 (t = 4.0):	 total squared error = 0.015886, marker error: RMS = 0.0289154, max = 0.0466598 (LHeel)
[2024-10-09 18:25:17.222] [info] Frame 120 (t = 4.03333):	 total squared error = 0.0156998, marker error: RMS = 0.0287455, max = 0.0464234 (LHeel)
[2024-10-09 18:25:17.261] [info] Frame 121 (t = 4.06667):	 total squared error = 0.0154482, marker error: RMS = 0.0285143, max = 0.0457859 (LHeel)
[2024-10-09 18:25:17.300] [info] Frame 122 (t = 4.1):	 total squared error = 0.0152030, marker error: RMS = 0.0282871, max = 0.0448569 (LHeel)
[2024-10-09 18:25:17.355] [info] Frame 123 (t = 4.13333):	 total squared error = 0.0149532, marker error: RMS = 0.0280537, max = 0.0439237 (LHeel)
[2024-10-09 18:25:17.416] [info] Frame 124 (t = 4.16667):	 total squared error = 0.0147614, marker error: RMS = 0.0278732, max = 0.0431637 (LAnkle)
[2024-10-09 18:25:17.489] [info] Frame 125 (t = 4.2):	 total squared error = 0.0145983, marker error: RMS = 0.0277188, max = 0.0427603 (LAnkle)
[2024-10-09 18:25:17.534] [info] Frame 126 (t = 4.23333):	 total squared error = 0.0144633, marker error: RMS = 0.0275903, max = 0.0423655 (LAnkle)
[2024-10-09 18:25:17.572] [info] Frame 127 (t = 4.26667):	 total squared error = 0.0143381, marker error: RMS = 0.0274707, max = 0.0420316 (LAnkle)
[2024-10-09 18:25:17.631] [info] Frame 128 (t = 4.3):	 total squared error = 0.0142627, marker error: RMS = 0.0273983, max = 0.0419065 (LAnkle)
[2024-10-09 18:25:17.671] [info] Frame 129 (t = 4.33333):	 total squared error = 0.0142925, marker error: RMS = 0.0274269, max = 0.0420412 (LAnkle)
[2024-10-09 18:25:17.747] [info] Frame 130 (t = 4.36667):	 total squared error = 0.0144516, marker error: RMS = 0.0275791, max = 0.0425976 (LAnkle)
[2024-10-09 18:25:17.796] [info] Frame 131 (t = 4.4):	 total squared error = 0.0147119, marker error: RMS = 0.0278264, max = 0.0433847 (LHeel)
[2024-10-09 18:25:17.855] [info] Frame 132 (t = 4.43333):	 total squared error = 0.0149537, marker error: RMS = 0.0280542, max = 0.0443827 (LHeel)
[2024-10-09 18:25:17.899] [info] Frame 133 (t = 4.46667):	 total squared error = 0.0151265, marker error: RMS = 0.0282158, max = 0.0449679 (LHeel)
[2024-10-09 18:25:17.942] [info] Frame 134 (t = 4.5):	 total squared error = 0.0151959, marker error: RMS = 0.0282804, max = 0.0450618 (LHeel)
[2024-10-09 18:25:17.992] [info] Frame 135 (t = 4.53333):	 total squared error = 0.0151905, marker error: RMS = 0.0282754, max = 0.0448436 (LHeel)
[2024-10-09 18:25:18.049] [info] Frame 136 (t = 4.56667):	 total squared error = 0.0151066, marker error: RMS = 0.0281972, max = 0.044587 (LAnkle)
[2024-10-09 18:25:18.111] [info] Frame 137 (t = 4.6):	 total squared error = 0.0149871, marker error: RMS = 0.0280855, max = 0.0442514 (LAnkle)
[2024-10-09 18:25:18.190] [info] Frame 138 (t = 4.63333):	 total squared error = 0.0148539, marker error: RMS = 0.0279604, max = 0.043698 (LHeel)
[2024-10-09 18:25:18.229] [info] Frame 139 (t = 4.66667):	 total squared error = 0.0147328, marker error: RMS = 0.0278462, max = 0.043611 (LHeel)
[2024-10-09 18:25:18.319] [info] Frame 140 (t = 4.7):	 total squared error = 0.0146066, marker error: RMS = 0.0277266, max = 0.0436937 (LHeel)
[2024-10-09 18:25:18.405] [info] Frame 141 (t = 4.73333):	 total squared error = 0.0145567, marker error: RMS = 0.0276793, max = 0.0437814 (LHeel)
[2024-10-09 18:25:18.472] [info] Frame 142 (t = 4.76667):	 total squared error = 0.0146229, marker error: RMS = 0.0277421, max = 0.0438438 (LHeel)
[2024-10-09 18:25:18.520] [info] Frame 143 (t = 4.8):	 total squared error = 0.0147361, marker error: RMS = 0.0278493, max = 0.0439206 (LHeel)
[2024-10-09 18:25:18.597] [info] Frame 144 (t = 4.83333):	 total squared error = 0.0147756, marker error: RMS = 0.0278867, max = 0.0440300 (LHeel)
[2024-10-09 18:25:18.686] [info] Frame 145 (t = 4.86667):	 total squared error = 0.0147431, marker error: RMS = 0.027856, max = 0.0440379 (LHeel)
[2024-10-09 18:25:18.744] [info] Frame 146 (t = 4.9):	 total squared error = 0.0146884, marker error: RMS = 0.0278042, max = 0.043886 (LHeel)
[2024-10-09 18:25:18.835] [info] Frame 147 (t = 4.93333):	 total squared error = 0.0146015, marker error: RMS = 0.0277218, max = 0.0436364 (LHeel)
[2024-10-09 18:25:18.883] [info] Frame 148 (t = 4.96667):	 total squared error = 0.0145287, marker error: RMS = 0.0276526, max = 0.0432604 (LHeel)
[2024-10-09 18:25:18.930] [info] Frame 149 (t = 5.0):	 total squared error = 0.014499, marker error: RMS = 0.0276244, max = 0.0430182 (LAnkle)
[2024-10-09 18:25:18.986] [info] Frame 150 (t = 5.03333):	 total squared error = 0.0145398, marker error: RMS = 0.0276632, max = 0.0429887 (LAnkle)
[2024-10-09 18:25:19.028] [info] Frame 151 (t = 5.06667):	 total squared error = 0.0146629, marker error: RMS = 0.0277801, max = 0.0430369 (LAnkle)
[2024-10-09 18:25:19.123] [info] Frame 152 (t = 5.1):	 total squared error = 0.0148253, marker error: RMS = 0.0279335, max = 0.0431258 (LAnkle)
[2024-10-09 18:25:19.191] [info] Frame 153 (t = 5.13333):	 total squared error = 0.0149856, marker error: RMS = 0.0280840, max = 0.0432288 (LAnkle)
[2024-10-09 18:25:19.244] [info] Frame 154 (t = 5.16667):	 total squared error = 0.0150694, marker error: RMS = 0.0281625, max = 0.0433539 (LHeel)
[2024-10-09 18:25:19.286] [info] Frame 155 (t = 5.2):	 total squared error = 0.0150620, marker error: RMS = 0.0281556, max = 0.0443159 (LHeel)
[2024-10-09 18:25:19.325] [info] Frame 156 (t = 5.23333):	 total squared error = 0.0150012, marker error: RMS = 0.0280987, max = 0.0454206 (LHeel)
[2024-10-09 18:25:19.403] [info] Frame 157 (t = 5.26667):	 total squared error = 0.014965, marker error: RMS = 0.0280648, max = 0.0463274 (LHeel)
[2024-10-09 18:25:19.480] [info] Frame 158 (t = 5.3):	 total squared error = 0.0150095, marker error: RMS = 0.0281065, max = 0.0469702 (LHeel)
[2024-10-09 18:25:19.523] [info] Frame 159 (t = 5.33333):	 total squared error = 0.0151707, marker error: RMS = 0.028257, max = 0.0472267 (LHeel)
[2024-10-09 18:25:19.564] [info] Frame 160 (t = 5.36667):	 total squared error = 0.0154001, marker error: RMS = 0.0284698, max = 0.0470278 (LHeel)
[2024-10-09 18:25:19.606] [info] Frame 161 (t = 5.4):	 total squared error = 0.0156139, marker error: RMS = 0.0286668, max = 0.0465401 (LHeel)
[2024-10-09 18:25:19.691] [info] Frame 162 (t = 5.43333):	 total squared error = 0.0157023, marker error: RMS = 0.0287478, max = 0.0458543 (LHeel)
[2024-10-09 18:25:19.748] [info] Frame 163 (t = 5.46667):	 total squared error = 0.0156128, marker error: RMS = 0.0286658, max = 0.0450188 (LHeel)
[2024-10-09 18:25:19.827] [info] Frame 164 (t = 5.5):	 total squared error = 0.0153985, marker error: RMS = 0.0284684, max = 0.043994 (LHeel)
[2024-10-09 18:25:19.885] [info] Frame 165 (t = 5.53333):	 total squared error = 0.0152083, marker error: RMS = 0.028292, max = 0.0429166 (LAnkle)
[2024-10-09 18:25:19.944] [info] Frame 166 (t = 5.56667):	 total squared error = 0.0151326, marker error: RMS = 0.0282215, max = 0.0421155 (LAnkle)
[2024-10-09 18:25:20.001] [info] Frame 167 (t = 5.6):	 total squared error = 0.015141, marker error: RMS = 0.0282293, max = 0.0417594 (LAnkle)
[2024-10-09 18:25:20.075] [info] Frame 168 (t = 5.63333):	 total squared error = 0.0151694, marker error: RMS = 0.0282557, max = 0.0420090 (LAnkle)
[2024-10-09 18:25:20.156] [info] Frame 169 (t = 5.66667):	 total squared error = 0.0152477, marker error: RMS = 0.0283286, max = 0.042869 (LHeel)
[2024-10-09 18:25:20.202] [info] Frame 170 (t = 5.7):	 total squared error = 0.0153963, marker error: RMS = 0.0284663, max = 0.0442621 (LHeel)
[2024-10-09 18:25:20.280] [info] Frame 171 (t = 5.73333):	 total squared error = 0.0155389, marker error: RMS = 0.0285979, max = 0.0455343 (LHeel)
[2024-10-09 18:25:20.339] [info] Frame 172 (t = 5.76667):	 total squared error = 0.0156296, marker error: RMS = 0.0286812, max = 0.0464526 (LHeel)
[2024-10-09 18:25:20.395] [info] Frame 173 (t = 5.8):	 total squared error = 0.0155873, marker error: RMS = 0.0286423, max = 0.0472236 (LHeel)
[2024-10-09 18:25:20.465] [info] Frame 174 (t = 5.83333):	 total squared error = 0.0154592, marker error: RMS = 0.0285244, max = 0.0476070 (LHeel)
[2024-10-09 18:25:20.509] [info] Frame 175 (t = 5.86667):	 total squared error = 0.0152747, marker error: RMS = 0.0283537, max = 0.0477764 (LHeel)
[2024-10-09 18:25:20.561] [info] Frame 176 (t = 5.9):	 total squared error = 0.0151112, marker error: RMS = 0.0282015, max = 0.0477542 (LHeel)
[2024-10-09 18:25:20.628] [info] Frame 177 (t = 5.93333):	 total squared error = 0.0150152, marker error: RMS = 0.0281118, max = 0.0475632 (LHeel)
[2024-10-09 18:25:20.662] [info] Frame 178 (t = 5.96667):	 total squared error = 0.014996, marker error: RMS = 0.0280938, max = 0.0471066 (LHeel)
[2024-10-09 18:25:20.707] [info] Frame 179 (t = 6.0):	 total squared error = 0.0150112, marker error: RMS = 0.0281081, max = 0.0468452 (LHeel)
[2024-10-09 18:25:20.744] [info] Frame 180 (t = 6.03333):	 total squared error = 0.0149944, marker error: RMS = 0.0280923, max = 0.0467152 (LHeel)
[2024-10-09 18:25:20.826] [info] Frame 181 (t = 6.06667):	 total squared error = 0.0148557, marker error: RMS = 0.0279621, max = 0.0467716 (LHeel)
[2024-10-09 18:25:20.869] [info] Frame 182 (t = 6.1):	 total squared error = 0.0146394, marker error: RMS = 0.0277578, max = 0.0472161 (LHeel)
[2024-10-09 18:25:20.916] [info] Frame 183 (t = 6.13333):	 total squared error = 0.0144228, marker error: RMS = 0.0275517, max = 0.0477406 (LHeel)
[2024-10-09 18:25:20.971] [info] Frame 184 (t = 6.16667):	 total squared error = 0.0143030, marker error: RMS = 0.027437, max = 0.0479835 (LHeel)
[2024-10-09 18:25:21.029] [info] Frame 185 (t = 6.2):	 total squared error = 0.0142733, marker error: RMS = 0.0274085, max = 0.0478493 (LHeel)
[2024-10-09 18:25:21.085] [info] Frame 186 (t = 6.23333):	 total squared error = 0.0143314, marker error: RMS = 0.0274642, max = 0.0472292 (LHeel)
[2024-10-09 18:25:21.135] [info] Frame 187 (t = 6.26667):	 total squared error = 0.0144563, marker error: RMS = 0.0275836, max = 0.0464262 (LHeel)
[2024-10-09 18:25:21.179] [info] Frame 188 (t = 6.3):	 total squared error = 0.0146466, marker error: RMS = 0.0277646, max = 0.0455481 (LHeel)
[2024-10-09 18:25:21.224] [info] Frame 189 (t = 6.33333):	 total squared error = 0.0148568, marker error: RMS = 0.0279631, max = 0.0448874 (LHeel)
[2024-10-09 18:25:21.266] [info] Frame 190 (t = 6.36667):	 total squared error = 0.0150225, marker error: RMS = 0.0281186, max = 0.0445056 (LHeel)
[2024-10-09 18:25:21.320] [info] Frame 191 (t = 6.4):	 total squared error = 0.0151626, marker error: RMS = 0.0282495, max = 0.0445178 (LHeel)
[2024-10-09 18:25:21.363] [info] Frame 192 (t = 6.43333):	 total squared error = 0.0152357, marker error: RMS = 0.0283174, max = 0.0447924 (LHeel)
[2024-10-09 18:25:21.412] [info] Frame 193 (t = 6.46667):	 total squared error = 0.0152759, marker error: RMS = 0.0283548, max = 0.045113 (LHeel)
[2024-10-09 18:25:21.470] [info] Frame 194 (t = 6.5):	 total squared error = 0.0152724, marker error: RMS = 0.0283515, max = 0.0453679 (LHeel)
[2024-10-09 18:25:21.552] [info] Frame 195 (t = 6.53333):	 total squared error = 0.0152698, marker error: RMS = 0.0283491, max = 0.0453436 (LHeel)
[2024-10-09 18:25:21.593] [info] Frame 196 (t = 6.56667):	 total squared error = 0.0153202, marker error: RMS = 0.0283958, max = 0.045174 (LHeel)
[2024-10-09 18:25:21.647] [info] Frame 197 (t = 6.6):	 total squared error = 0.0153615, marker error: RMS = 0.0284341, max = 0.0447903 (LHeel)
[2024-10-09 18:25:21.720] [info] Frame 198 (t = 6.63333):	 total squared error = 0.015297, marker error: RMS = 0.0283744, max = 0.0444292 (LHeel)
[2024-10-09 18:25:21.767] [info] Frame 199 (t = 6.66667):	 total squared error = 0.0151097, marker error: RMS = 0.0282002, max = 0.0441881 (LHeel)
[2024-10-09 18:25:21.814] [info] Frame 200 (t = 6.7):	 total squared error = 0.0148296, marker error: RMS = 0.0279375, max = 0.0444035 (LHeel)
[2024-10-09 18:25:21.849] [info] Frame 201 (t = 6.73333):	 total squared error = 0.014545, marker error: RMS = 0.0276681, max = 0.0449885 (LHeel)
[2024-10-09 18:25:21.893] [info] Frame 202 (t = 6.76667):	 total squared error = 0.0143404, marker error: RMS = 0.0274729, max = 0.0459093 (LHeel)
[2024-10-09 18:25:21.955] [info] Frame 203 (t = 6.8):	 total squared error = 0.0142114, marker error: RMS = 0.027349, max = 0.046729 (LHeel)
[2024-10-09 18:25:22.006] [info] Frame 204 (t = 6.83333):	 total squared error = 0.0141458, marker error: RMS = 0.0272858, max = 0.0471485 (LHeel)
[2024-10-09 18:25:22.050] [info] Frame 205 (t = 6.86667):	 total squared error = 0.0141065, marker error: RMS = 0.0272479, max = 0.0471765 (LHeel)
[2024-10-09 18:25:22.091] [info] Frame 206 (t = 6.9):	 total squared error = 0.0141015, marker error: RMS = 0.0272431, max = 0.0470711 (LHeel)
[2024-10-09 18:25:22.138] [info] Frame 207 (t = 6.93333):	 total squared error = 0.0141489, marker error: RMS = 0.0272888, max = 0.0470035 (LHeel)
[2024-10-09 18:25:22.183] [info] Frame 208 (t = 6.96667):	 total squared error = 0.0142487, marker error: RMS = 0.0273849, max = 0.0468436 (LHeel)
[2024-10-09 18:25:22.261] [info] Frame 209 (t = 7.0):	 total squared error = 0.0144019, marker error: RMS = 0.0275317, max = 0.0467248 (LHeel)
[2024-10-09 18:25:22.300] [info] Frame 210 (t = 7.03333):	 total squared error = 0.0146229, marker error: RMS = 0.0277421, max = 0.0464020 (LHeel)
[2024-10-09 18:25:22.402] [info] Frame 211 (t = 7.06667):	 total squared error = 0.0148399, marker error: RMS = 0.0279472, max = 0.0459542 (LHeel)
[2024-10-09 18:25:22.473] [info] Frame 212 (t = 7.1):	 total squared error = 0.0150027, marker error: RMS = 0.0281001, max = 0.045531 (LHeel)
[2024-10-09 18:25:22.521] [info] Frame 213 (t = 7.13333):	 total squared error = 0.0150641, marker error: RMS = 0.0281575, max = 0.0452267 (LHeel)
[2024-10-09 18:25:22.566] [info] Frame 214 (t = 7.16667):	 total squared error = 0.0150195, marker error: RMS = 0.0281158, max = 0.0449933 (LHeel)
[2024-10-09 18:25:22.613] [info] Frame 215 (t = 7.2):	 total squared error = 0.0149173, marker error: RMS = 0.0280200, max = 0.0449606 (LHeel)
[2024-10-09 18:25:22.657] [info] Frame 216 (t = 7.23333):	 total squared error = 0.014827, marker error: RMS = 0.0279351, max = 0.0449374 (LHeel)
[2024-10-09 18:25:22.723] [info] Frame 217 (t = 7.26667):	 total squared error = 0.0148006, marker error: RMS = 0.0279102, max = 0.0448867 (LHeel)
[2024-10-09 18:25:22.787] [info] Frame 218 (t = 7.3):	 total squared error = 0.0148585, marker error: RMS = 0.0279647, max = 0.0449253 (LHeel)
[2024-10-09 18:25:22.859] [info] Frame 219 (t = 7.33333):	 total squared error = 0.0149679, marker error: RMS = 0.0280675, max = 0.0449878 (LHeel)
[2024-10-09 18:25:22.912] [info] Frame 220 (t = 7.36667):	 total squared error = 0.0151235, marker error: RMS = 0.028213, max = 0.045176 (LHeel)
[2024-10-09 18:25:22.964] [info] Frame 221 (t = 7.4):	 total squared error = 0.0153010, marker error: RMS = 0.0283781, max = 0.0453397 (LHeel)
[2024-10-09 18:25:23.015] [info] Frame 222 (t = 7.43333):	 total squared error = 0.0154759, marker error: RMS = 0.0285398, max = 0.0460415 (LAnkle)
[2024-10-09 18:25:23.059] [info] Frame 223 (t = 7.46667):	 total squared error = 0.0156, marker error: RMS = 0.028654, max = 0.046474 (LAnkle)
[2024-10-09 18:25:23.102] [info] Frame 224 (t = 7.5):	 total squared error = 0.0156226, marker error: RMS = 0.0286747, max = 0.0464805 (LAnkle)
[2024-10-09 18:25:23.141] [info] Frame 225 (t = 7.53333):	 total squared error = 0.0155155, marker error: RMS = 0.0285763, max = 0.0459318 (LAnkle)
[2024-10-09 18:25:23.205] [info] Frame 226 (t = 7.56667):	 total squared error = 0.0153092, marker error: RMS = 0.0283857, max = 0.0449607 (LHeel)
[2024-10-09 18:25:23.255] [info] Frame 227 (t = 7.6):	 total squared error = 0.0150469, marker error: RMS = 0.0281415, max = 0.0451677 (LHeel)
[2024-10-09 18:25:23.294] [info] Frame 228 (t = 7.63333):	 total squared error = 0.0147486, marker error: RMS = 0.0278612, max = 0.045779 (LHeel)
[2024-10-09 18:25:23.338] [info] Frame 229 (t = 7.66667):	 total squared error = 0.0144235, marker error: RMS = 0.0275523, max = 0.0466606 (LHeel)
[2024-10-09 18:25:23.399] [info] Frame 230 (t = 7.7):	 total squared error = 0.0140984, marker error: RMS = 0.0272401, max = 0.0472627 (LHeel)
[2024-10-09 18:25:23.453] [info] Frame 231 (t = 7.73333):	 total squared error = 0.0138794, marker error: RMS = 0.0270277, max = 0.0475117 (LHeel)
[2024-10-09 18:25:23.507] [info] Frame 232 (t = 7.76667):	 total squared error = 0.0138176, marker error: RMS = 0.0269675, max = 0.0472084 (LHeel)
[2024-10-09 18:25:23.571] [info] Frame 233 (t = 7.8):	 total squared error = 0.0139353, marker error: RMS = 0.0270820, max = 0.0465854 (LHeel)
[2024-10-09 18:25:23.610] [info] Frame 234 (t = 7.83333):	 total squared error = 0.0142162, marker error: RMS = 0.0273536, max = 0.045828 (LHeel)
[2024-10-09 18:25:23.657] [info] Frame 235 (t = 7.86667):	 total squared error = 0.0145737, marker error: RMS = 0.0276954, max = 0.045291 (LHeel)
[2024-10-09 18:25:23.705] [info] Frame 236 (t = 7.9):	 total squared error = 0.0149072, marker error: RMS = 0.0280105, max = 0.0450370 (LHeel)
[2024-10-09 18:25:23.750] [info] Frame 237 (t = 7.93333):	 total squared error = 0.0151468, marker error: RMS = 0.0282348, max = 0.0456015 (LAnkle)
[2024-10-09 18:25:23.825] [info] Frame 238 (t = 7.96667):	 total squared error = 0.0152518, marker error: RMS = 0.0283324, max = 0.0463019 (LAnkle)
[2024-10-09 18:25:23.881] [info] Frame 239 (t = 8.0):	 total squared error = 0.0152369, marker error: RMS = 0.0283185, max = 0.0459436 (LAnkle)
[2024-10-09 18:25:23.939] [info] Frame 240 (t = 8.03333):	 total squared error = 0.0150780, marker error: RMS = 0.0281706, max = 0.045486 (LHeel)
[2024-10-09 18:25:23.981] [info] Frame 241 (t = 8.06667):	 total squared error = 0.0147539, marker error: RMS = 0.0278661, max = 0.0454423 (LHeel)
[2024-10-09 18:25:24.034] [info] Frame 242 (t = 8.1):	 total squared error = 0.0143212, marker error: RMS = 0.0274544, max = 0.0453599 (LHeel)
[2024-10-09 18:25:24.077] [info] Frame 243 (t = 8.13333):	 total squared error = 0.013898, marker error: RMS = 0.0270458, max = 0.0452726 (LHeel)
[2024-10-09 18:25:24.120] [info] Frame 244 (t = 8.16667):	 total squared error = 0.0135651, marker error: RMS = 0.0267199, max = 0.0451938 (LHeel)
[2024-10-09 18:25:24.168] [info] Frame 245 (t = 8.2):	 total squared error = 0.013331, marker error: RMS = 0.0264884, max = 0.0450518 (LHeel)
[2024-10-09 18:25:24.224] [info] Frame 246 (t = 8.23333):	 total squared error = 0.0131292, marker error: RMS = 0.0262871, max = 0.0447192 (LHeel)
[2024-10-09 18:25:24.284] [info] Frame 247 (t = 8.26667):	 total squared error = 0.0129275, marker error: RMS = 0.0260843, max = 0.0441693 (LHeel)
[2024-10-09 18:25:24.324] [info] Frame 248 (t = 8.3):	 total squared error = 0.0127409, marker error: RMS = 0.0258954, max = 0.0434541 (LHeel)
[2024-10-09 18:25:24.377] [info] Frame 249 (t = 8.33333):	 total squared error = 0.0126207, marker error: RMS = 0.025773, max = 0.0424659 (LHeel)
[2024-10-09 18:25:24.424] [info] Frame 250 (t = 8.36667):	 total squared error = 0.0126806, marker error: RMS = 0.0258341, max = 0.0413426 (LHeel)
[2024-10-09 18:25:24.492] [info] Frame 251 (t = 8.4):	 total squared error = 0.0129174, marker error: RMS = 0.0260742, max = 0.0404806 (LHeel)
[2024-10-09 18:25:24.542] [info] Frame 252 (t = 8.43333):	 total squared error = 0.0133162, marker error: RMS = 0.0264737, max = 0.0399777 (LHeel)
[2024-10-09 18:25:24.620] [info] Frame 253 (t = 8.46667):	 total squared error = 0.0138065, marker error: RMS = 0.0269566, max = 0.0397994 (LHeel)
[2024-10-09 18:25:24.707] [info] Frame 254 (t = 8.5):	 total squared error = 0.014332, marker error: RMS = 0.0274648, max = 0.0398732 (LHeel)
[2024-10-09 18:25:24.756] [info] Frame 255 (t = 8.53333):	 total squared error = 0.0147722, marker error: RMS = 0.0278834, max = 0.0413294 (LAnkle)
[2024-10-09 18:25:24.835] [info] Frame 256 (t = 8.56667):	 total squared error = 0.0149309, marker error: RMS = 0.0280328, max = 0.0423592 (LAnkle)
[2024-10-09 18:25:24.902] [info] Frame 257 (t = 8.6):	 total squared error = 0.0149232, marker error: RMS = 0.0280256, max = 0.0427174 (LAnkle)
[2024-10-09 18:25:24.949] [info] Frame 258 (t = 8.63333):	 total squared error = 0.0148236, marker error: RMS = 0.0279319, max = 0.0426864 (LAnkle)
[2024-10-09 18:25:25.022] [info] Frame 259 (t = 8.66667):	 total squared error = 0.0147074, marker error: RMS = 0.0278221, max = 0.042357 (LAnkle)
[2024-10-09 18:25:25.077] [info] Frame 260 (t = 8.7):	 total squared error = 0.014652, marker error: RMS = 0.0277697, max = 0.041938 (LAnkle)
[2024-10-09 18:25:25.121] [info] Frame 261 (t = 8.73333):	 total squared error = 0.0146133, marker error: RMS = 0.027733, max = 0.0416478 (LAnkle)
[2024-10-09 18:25:25.195] [info] Frame 262 (t = 8.76667):	 total squared error = 0.0145589, marker error: RMS = 0.0276814, max = 0.0414489 (LAnkle)
[2024-10-09 18:25:25.239] [info] Frame 263 (t = 8.8):	 total squared error = 0.0145093, marker error: RMS = 0.0276342, max = 0.0414449 (LAnkle)
[2024-10-09 18:25:25.288] [info] Frame 264 (t = 8.83333):	 total squared error = 0.0145109, marker error: RMS = 0.0276357, max = 0.0414628 (LAnkle)
[2024-10-09 18:25:25.341] [info] Frame 265 (t = 8.86667):	 total squared error = 0.014611, marker error: RMS = 0.0277308, max = 0.0415862 (LAnkle)
[2024-10-09 18:25:25.389] [info] Frame 266 (t = 8.9):	 total squared error = 0.0148099, marker error: RMS = 0.027919, max = 0.0419946 (LAnkle)
[2024-10-09 18:25:25.454] [info] Frame 267 (t = 8.93333):	 total squared error = 0.0150361, marker error: RMS = 0.0281314, max = 0.0425177 (LAnkle)
[2024-10-09 18:25:25.494] [info] Frame 268 (t = 8.96667):	 total squared error = 0.0152313, marker error: RMS = 0.0283134, max = 0.0430218 (LAnkle)
[2024-10-09 18:25:25.538] [info] Frame 269 (t = 9.0):	 total squared error = 0.0153967, marker error: RMS = 0.0284667, max = 0.0435172 (LAnkle)
[2024-10-09 18:25:25.583] [info] Frame 270 (t = 9.03333):	 total squared error = 0.0155291, marker error: RMS = 0.0285889, max = 0.0439156 (LHeel)
[2024-10-09 18:25:25.638] [info] Frame 271 (t = 9.06667):	 total squared error = 0.0155844, marker error: RMS = 0.0286397, max = 0.0444136 (LHeel)
[2024-10-09 18:25:25.691] [info] Frame 272 (t = 9.1):	 total squared error = 0.015493, marker error: RMS = 0.0285555, max = 0.0446643 (LHeel)
[2024-10-09 18:25:25.751] [info] Frame 273 (t = 9.13333):	 total squared error = 0.015229, marker error: RMS = 0.0283112, max = 0.0449327 (LHeel)
[2024-10-09 18:25:25.796] [info] Frame 274 (t = 9.16667):	 total squared error = 0.0148893, marker error: RMS = 0.0279937, max = 0.0451525 (LHeel)
[2024-10-09 18:25:25.836] [info] Frame 275 (t = 9.2):	 total squared error = 0.0146038, marker error: RMS = 0.027724, max = 0.0452028 (LHeel)
[2024-10-09 18:25:25.876] [info] Frame 276 (t = 9.23333):	 total squared error = 0.0144506, marker error: RMS = 0.0275782, max = 0.0447618 (LHeel)
[2024-10-09 18:25:25.919] [info] Frame 277 (t = 9.26667):	 total squared error = 0.014456, marker error: RMS = 0.0275834, max = 0.0442681 (LHeel)
[2024-10-09 18:25:26.000] [info] Frame 278 (t = 9.3):	 total squared error = 0.0145774, marker error: RMS = 0.0276989, max = 0.0439112 (LHeel)
[2024-10-09 18:25:26.048] [info] Frame 279 (t = 9.33333):	 total squared error = 0.0147508, marker error: RMS = 0.0278632, max = 0.0442654 (LAnkle)
[2024-10-09 18:25:26.116] [info] Frame 280 (t = 9.36667):	 total squared error = 0.0148796, marker error: RMS = 0.0279845, max = 0.0445585 (LAnkle)
[2024-10-09 18:25:26.183] [info] Frame 281 (t = 9.4):	 total squared error = 0.0148934, marker error: RMS = 0.0279975, max = 0.0449521 (LHeel)
[2024-10-09 18:25:26.272] [info] Frame 282 (t = 9.43333):	 total squared error = 0.0147627, marker error: RMS = 0.0278744, max = 0.0453064 (LHeel)
[2024-10-09 18:25:26.338] [info] Frame 283 (t = 9.46667):	 total squared error = 0.0145541, marker error: RMS = 0.0276768, max = 0.0456176 (LHeel)
[2024-10-09 18:25:26.378] [info] Frame 284 (t = 9.5):	 total squared error = 0.014338, marker error: RMS = 0.0274705, max = 0.0454543 (LHeel)
[2024-10-09 18:25:26.423] [info] Frame 285 (t = 9.53333):	 total squared error = 0.0141928, marker error: RMS = 0.0273311, max = 0.0454197 (LHeel)
[2024-10-09 18:25:26.468] [info] Frame 286 (t = 9.56667):	 total squared error = 0.0141357, marker error: RMS = 0.0272761, max = 0.0453208 (LHeel)
[2024-10-09 18:25:26.508] [info] Frame 287 (t = 9.6):	 total squared error = 0.0141409, marker error: RMS = 0.0272811, max = 0.0454601 (LHeel)
[2024-10-09 18:25:26.552] [info] Frame 288 (t = 9.63333):	 total squared error = 0.0142063, marker error: RMS = 0.0273441, max = 0.045728 (LHeel)
[2024-10-09 18:25:26.624] [info] Frame 289 (t = 9.66667):	 total squared error = 0.0143175, marker error: RMS = 0.027451, max = 0.0459273 (LHeel)
[2024-10-09 18:25:26.677] [info] Frame 290 (t = 9.7):	 total squared error = 0.014465, marker error: RMS = 0.027592, max = 0.0459955 (LHeel)
[2024-10-09 18:25:26.732] [info] Frame 291 (t = 9.73333):	 total squared error = 0.0145972, marker error: RMS = 0.0277177, max = 0.0459843 (LHeel)
[2024-10-09 18:25:26.807] [info] Frame 292 (t = 9.76667):	 total squared error = 0.0146941, marker error: RMS = 0.0278096, max = 0.045861 (LHeel)
[2024-10-09 18:25:26.885] [info] Frame 293 (t = 9.8):	 total squared error = 0.0148070, marker error: RMS = 0.0279162, max = 0.0457331 (LHeel)
[2024-10-09 18:25:26.939] [info] Frame 294 (t = 9.83333):	 total squared error = 0.0149455, marker error: RMS = 0.0280465, max = 0.0456384 (LHeel)
[2024-10-09 18:25:26.989] [info] Frame 295 (t = 9.86667):	 total squared error = 0.0150852, marker error: RMS = 0.0281772, max = 0.0456316 (LHeel)
[2024-10-09 18:25:27.054] [info] Frame 296 (t = 9.9):	 total squared error = 0.01519, marker error: RMS = 0.028275, max = 0.0454786 (LHeel)
[2024-10-09 18:25:27.100] [info] Frame 297 (t = 9.93333):	 total squared error = 0.0152664, marker error: RMS = 0.0283459, max = 0.0451975 (LAnkle)
[2024-10-09 18:25:27.151] [info] Frame 298 (t = 9.96667):	 total squared error = 0.0152821, marker error: RMS = 0.0283606, max = 0.0451149 (LAnkle)
[2024-10-09 18:25:27.237] [info] Frame 299 (t = 10.0):	 total squared error = 0.0152033, marker error: RMS = 0.0282873, max = 0.0449878 (LAnkle)
[2024-10-09 18:25:27.308] [info] Frame 300 (t = 10.0333):	 total squared error = 0.0150727, marker error: RMS = 0.0281656, max = 0.0446542 (LAnkle)
[2024-10-09 18:25:27.351] [info] Frame 301 (t = 10.0667):	 total squared error = 0.0148265, marker error: RMS = 0.0279346, max = 0.0438991 (LAnkle)
[2024-10-09 18:25:27.448] [info] Frame 302 (t = 10.1):	 total squared error = 0.0144258, marker error: RMS = 0.0275545, max = 0.0431672 (LHeel)
[2024-10-09 18:25:27.509] [info] Frame 303 (t = 10.1333):	 total squared error = 0.0139997, marker error: RMS = 0.0271446, max = 0.0424788 (LHeel)
[2024-10-09 18:25:27.577] [info] Frame 304 (t = 10.1667):	 total squared error = 0.0136531, marker error: RMS = 0.0268064, max = 0.0419312 (LHeel)
[2024-10-09 18:25:27.633] [info] Frame 305 (t = 10.2):	 total squared error = 0.0135544, marker error: RMS = 0.0267094, max = 0.0418567 (LHeel)
[2024-10-09 18:25:27.719] [info] Frame 306 (t = 10.2333):	 total squared error = 0.0137161, marker error: RMS = 0.0268682, max = 0.0421514 (LHeel)
[2024-10-09 18:25:27.795] [info] Frame 307 (t = 10.2667):	 total squared error = 0.0140340, marker error: RMS = 0.0271778, max = 0.0426835 (LHeel)
[2024-10-09 18:25:27.831] [info] Frame 308 (t = 10.3):	 total squared error = 0.0143229, marker error: RMS = 0.0274561, max = 0.0427842 (LHeel)
[2024-10-09 18:25:27.902] [info] Frame 309 (t = 10.3333):	 total squared error = 0.0144446, marker error: RMS = 0.0275725, max = 0.0423754 (LHeel)
[2024-10-09 18:25:27.950] [info] Frame 310 (t = 10.3667):	 total squared error = 0.0143844, marker error: RMS = 0.027515, max = 0.0415506 (LHeel)
[2024-10-09 18:25:27.997] [info] Frame 311 (t = 10.4):	 total squared error = 0.0142301, marker error: RMS = 0.027367, max = 0.0409812 (LHeel)
[2024-10-09 18:25:28.075] [info] Frame 312 (t = 10.4333):	 total squared error = 0.0140978, marker error: RMS = 0.0272394, max = 0.0407355 (LHeel)
[2024-10-09 18:25:28.154] [info] Frame 313 (t = 10.4667):	 total squared error = 0.0141233, marker error: RMS = 0.0272641, max = 0.0404581 (LHeel)
[2024-10-09 18:25:28.172] [info] Frame 314 (t = 10.5):	 total squared error = 0.0142402, marker error: RMS = 0.0273767, max = 0.0402636 (LShoulder)
[2024-10-09 18:25:28.224] [info] Frame 315 (t = 10.5333):	 total squared error = 0.014355, marker error: RMS = 0.0274869, max = 0.041643 (LShoulder)
[2024-10-09 18:25:28.267] [info] Frame 316 (t = 10.5667):	 total squared error = 0.0143189, marker error: RMS = 0.0274523, max = 0.0422753 (LShoulder)
[2024-10-09 18:25:28.339] [info] Frame 317 (t = 10.6):	 total squared error = 0.0141551, marker error: RMS = 0.0272948, max = 0.0411842 (LShoulder)
[2024-10-09 18:25:28.401] [info] Frame 318 (t = 10.6333):	 total squared error = 0.0139227, marker error: RMS = 0.0270698, max = 0.0390727 (LShoulder)
[2024-10-09 18:25:28.487] [info] Frame 319 (t = 10.6667):	 total squared error = 0.0137549, marker error: RMS = 0.0269061, max = 0.0392426 (LHeel)
[2024-10-09 18:25:28.504] [info] Frame 320 (t = 10.7):	 total squared error = 0.0137644, marker error: RMS = 0.0269155, max = 0.0403111 (LHeel)
[2024-10-09 18:25:28.562] [info] Frame 321 (t = 10.7333):	 total squared error = 0.0139268, marker error: RMS = 0.0270738, max = 0.0415026 (LHeel)
[2024-10-09 18:25:28.660] [info] Frame 322 (t = 10.7667):	 total squared error = 0.014129, marker error: RMS = 0.0272696, max = 0.04247 (LHeel)
[2024-10-09 18:25:28.736] [info] Frame 323 (t = 10.8):	 total squared error = 0.0142808, marker error: RMS = 0.0274157, max = 0.0434093 (LHeel)
[2024-10-09 18:25:28.801] [info] Frame 324 (t = 10.8333):	 total squared error = 0.0143406, marker error: RMS = 0.027473, max = 0.0441631 (LHeel)
[2024-10-09 18:25:28.839] [info] Frame 325 (t = 10.8667):	 total squared error = 0.0143276, marker error: RMS = 0.0274606, max = 0.0443764 (LHeel)
[2024-10-09 18:25:28.928] [info] Frame 326 (t = 10.9):	 total squared error = 0.0142546, marker error: RMS = 0.0273905, max = 0.0441055 (LHeel)
[2024-10-09 18:25:28.968] [info] Frame 327 (t = 10.9333):	 total squared error = 0.0141215, marker error: RMS = 0.0272623, max = 0.043143 (LHeel)
[2024-10-09 18:25:29.024] [info] Frame 328 (t = 10.9667):	 total squared error = 0.0139035, marker error: RMS = 0.0270511, max = 0.041788 (LHeel)
[2024-10-09 18:25:29.067] [info] Frame 329 (t = 11.0):	 total squared error = 0.0136542, marker error: RMS = 0.0268075, max = 0.0403813 (LHeel)
[2024-10-09 18:25:29.116] [info] Frame 330 (t = 11.0333):	 total squared error = 0.013513, marker error: RMS = 0.0266685, max = 0.0394669 (LHeel)
[2024-10-09 18:25:29.175] [info] Frame 331 (t = 11.0667):	 total squared error = 0.013576, marker error: RMS = 0.0267306, max = 0.0401698 (LAnkle)
[2024-10-09 18:25:29.240] [info] Frame 332 (t = 11.1):	 total squared error = 0.0138158, marker error: RMS = 0.0269656, max = 0.0413032 (LAnkle)
[2024-10-09 18:25:29.291] [info] Frame 333 (t = 11.1333):	 total squared error = 0.014139, marker error: RMS = 0.0272793, max = 0.0423441 (LAnkle)
[2024-10-09 18:25:29.350] [info] Frame 334 (t = 11.1667):	 total squared error = 0.0144596, marker error: RMS = 0.0275868, max = 0.0428813 (LAnkle)
[2024-10-09 18:25:29.426] [info] Frame 335 (t = 11.2):	 total squared error = 0.0147386, marker error: RMS = 0.0278517, max = 0.0430268 (LAnkle)
[2024-10-09 18:25:29.519] [info] Frame 336 (t = 11.2333):	 total squared error = 0.0149892, marker error: RMS = 0.0280875, max = 0.0431276 (LHeel)
[2024-10-09 18:25:29.609] [info] Frame 337 (t = 11.2667):	 total squared error = 0.0152129, marker error: RMS = 0.0282963, max = 0.0437693 (LHeel)
[2024-10-09 18:25:29.710] [info] Frame 338 (t = 11.3):	 total squared error = 0.0154105, marker error: RMS = 0.0284795, max = 0.0440493 (LHeel)
[2024-10-09 18:25:29.744] [info] Frame 339 (t = 11.3333):	 total squared error = 0.0155949, marker error: RMS = 0.0286493, max = 0.0434267 (LHeel)
[2024-10-09 18:25:29.774] [info] Frame 340 (t = 11.3667):	 total squared error = 0.0157534, marker error: RMS = 0.0287945, max = 0.0422316 (LShoulder)
[2024-10-09 18:25:29.855] [info] Frame 341 (t = 11.4):	 total squared error = 0.0157776, marker error: RMS = 0.0288166, max = 0.0450765 (LShoulder)
[2024-10-09 18:25:29.889] [info] Frame 342 (t = 11.4333):	 total squared error = 0.0155966, marker error: RMS = 0.0286509, max = 0.0476969 (LShoulder)
[2024-10-09 18:25:30.034] [info] Frame 343 (t = 11.4667):	 total squared error = 0.0150126, marker error: RMS = 0.0281093, max = 0.0492508 (LShoulder)
[2024-10-09 18:25:30.076] [info] Frame 344 (t = 11.5):	 total squared error = 0.0140772, marker error: RMS = 0.0272196, max = 0.0502178 (LShoulder)
[2024-10-09 18:25:30.151] [info] Frame 345 (t = 11.5333):	 total squared error = 0.0128828, marker error: RMS = 0.0260392, max = 0.0499645 (LShoulder)
[2024-10-09 18:25:30.202] [info] Frame 346 (t = 11.5667):	 total squared error = 0.0117741, marker error: RMS = 0.0248935, max = 0.0495655 (LShoulder)
[2024-10-09 18:25:30.268] [info] Frame 347 (t = 11.6):	 total squared error = 0.0110015, marker error: RMS = 0.0240630, max = 0.0486876 (LShoulder)
[2024-10-09 18:25:30.306] [info] Frame 348 (t = 11.6333):	 total squared error = 0.0105779, marker error: RMS = 0.0235952, max = 0.0471079 (LShoulder)
[2024-10-09 18:25:30.410] [info] Frame 349 (t = 11.6667):	 total squared error = 0.0101672, marker error: RMS = 0.0231326, max = 0.0450329 (LShoulder)
[2024-10-09 18:25:30.439] [info] Frame 350 (t = 11.7):	 total squared error = 0.00968253, marker error: RMS = 0.0225745, max = 0.0409149 (LShoulder)
[2024-10-09 18:25:30.512] [info] Frame 351 (t = 11.7333):	 total squared error = 0.00895665, marker error: RMS = 0.0217118, max = 0.035582 (Neck)
[2024-10-09 18:25:30.572] [info] Frame 352 (t = 11.7667):	 total squared error = 0.00828075, marker error: RMS = 0.0208765, max = 0.0341077 (Neck)
[2024-10-09 18:25:30.611] [info] Frame 353 (t = 11.8):	 total squared error = 0.00771137, marker error: RMS = 0.0201460, max = 0.0326035 (Neck)
[2024-10-09 18:25:30.669] [info] Frame 354 (t = 11.8333):	 total squared error = 0.00722687, marker error: RMS = 0.0195029, max = 0.0305608 (LHeel)
[2024-10-09 18:25:30.715] [info] Frame 355 (t = 11.8667):	 total squared error = 0.00675872, marker error: RMS = 0.0188606, max = 0.0317966 (LHeel)
[2024-10-09 18:25:30.758] [info] Frame 356 (t = 11.9):	 total squared error = 0.00633274, marker error: RMS = 0.0182566, max = 0.0316094 (LHeel)
[2024-10-09 18:25:30.798] [info] Frame 357 (t = 11.9333):	 total squared error = 0.00603960, marker error: RMS = 0.017829, max = 0.0299325 (LHeel)
[2024-10-09 18:25:30.863] [info] Frame 358 (t = 11.9667):	 total squared error = 0.00597343, marker error: RMS = 0.0177311, max = 0.0304131 (LShoulder)
[2024-10-09 18:25:30.900] [info] Frame 359 (t = 12.0):	 total squared error = 0.00608230, marker error: RMS = 0.0178919, max = 0.0331639 (LShoulder)
[2024-10-09 18:25:30.935] [info] Frame 360 (t = 12.0333):	 total squared error = 0.00621293, marker error: RMS = 0.0180830, max = 0.0347899 (LShoulder)
[2024-10-09 18:25:31.009] [info] Frame 361 (t = 12.0667):	 total squared error = 0.00615227, marker error: RMS = 0.0179945, max = 0.0354054 (LShoulder)
[2024-10-09 18:25:31.051] [info] Frame 362 (t = 12.1):	 total squared error = 0.00590599, marker error: RMS = 0.0176307, max = 0.0340579 (LShoulder)
[2024-10-09 18:25:31.109] [info] Frame 363 (t = 12.1333):	 total squared error = 0.00563265, marker error: RMS = 0.0172179, max = 0.031944 (LShoulder)
[2024-10-09 18:25:31.148] [info] Frame 364 (t = 12.1667):	 total squared error = 0.00550109, marker error: RMS = 0.0170156, max = 0.0300755 (LShoulder)
[2024-10-09 18:25:31.228] [info] Frame 365 (t = 12.2):	 total squared error = 0.00546874, marker error: RMS = 0.0169655, max = 0.0285746 (LShoulder)
[2024-10-09 18:25:31.267] [info] Frame 366 (t = 12.2333):	 total squared error = 0.00552135, marker error: RMS = 0.0170469, max = 0.0312191 (Neck)
[2024-10-09 18:25:31.311] [info] Frame 367 (t = 12.2667):	 total squared error = 0.00557466, marker error: RMS = 0.017129, max = 0.0334992 (Neck)
[2024-10-09 18:25:31.363] [info] Frame 368 (t = 12.3):	 total squared error = 0.00573406, marker error: RMS = 0.0173722, max = 0.0351046 (Neck)
[2024-10-09 18:25:31.412] [info] Frame 369 (t = 12.3333):	 total squared error = 0.00609600, marker error: RMS = 0.0179121, max = 0.0366392 (Neck)
[2024-10-09 18:25:31.483] [info] Frame 370 (t = 12.3667):	 total squared error = 0.00663272, marker error: RMS = 0.018684, max = 0.0373963 (Neck)
[2024-10-09 18:25:31.544] [info] Frame 371 (t = 12.4):	 total squared error = 0.00721716, marker error: RMS = 0.0194897, max = 0.0368809 (Neck)
[2024-10-09 18:25:31.645] [info] Frame 372 (t = 12.4333):	 total squared error = 0.00770324, marker error: RMS = 0.0201354, max = 0.0351806 (Neck)
[2024-10-09 18:25:31.712] [info] Frame 373 (t = 12.4667):	 total squared error = 0.00790010, marker error: RMS = 0.0203911, max = 0.0334051 (LKnee)
[2024-10-09 18:25:31.784] [info] Frame 374 (t = 12.5):	 total squared error = 0.00768862, marker error: RMS = 0.0201163, max = 0.03396 (LKnee)
[2024-10-09 18:25:31.828] [info] Frame 375 (t = 12.5333):	 total squared error = 0.00726752, marker error: RMS = 0.0195576, max = 0.0330873 (LKnee)
[2024-10-09 18:25:31.872] [info] Frame 376 (t = 12.5667):	 total squared error = 0.00705433, marker error: RMS = 0.0192686, max = 0.0318723 (LKnee)
[2024-10-09 18:25:32.054] [info] Frame 377 (t = 12.6):	 total squared error = 0.00706805, marker error: RMS = 0.0192874, max = 0.0320223 (RShoulder)
[2024-10-09 18:25:32.131] [info] Frame 378 (t = 12.6333):	 total squared error = 0.00724385, marker error: RMS = 0.0195258, max = 0.03266 (RShoulder)
[2024-10-09 18:25:32.201] [info] Frame 379 (t = 12.6667):	 total squared error = 0.00726855, marker error: RMS = 0.019559, max = 0.0327681 (RShoulder)
[2024-10-09 18:25:32.281] [info] Frame 380 (t = 12.7):	 total squared error = 0.00708889, marker error: RMS = 0.0193158, max = 0.0321841 (RShoulder)
[2024-10-09 18:25:32.332] [info] Frame 381 (t = 12.7333):	 total squared error = 0.00691069, marker error: RMS = 0.0190715, max = 0.0321143 (RKnee)
[2024-10-09 18:25:32.416] [info] Frame 382 (t = 12.7667):	 total squared error = 0.00667145, marker error: RMS = 0.0187384, max = 0.0327156 (RKnee)
[2024-10-09 18:25:32.542] [info] Frame 383 (t = 12.8):	 total squared error = 0.00647762, marker error: RMS = 0.0184642, max = 0.0311041 (RKnee)
[2024-10-09 18:25:32.575] [info] Frame 384 (t = 12.8333):	 total squared error = 0.00635976, marker error: RMS = 0.0182955, max = 0.0279174 (RKnee)
[2024-10-09 18:25:32.624] [info] Frame 385 (t = 12.8667):	 total squared error = 0.00630959, marker error: RMS = 0.0182232, max = 0.0280385 (Neck)
[2024-10-09 18:25:32.674] [info] Frame 386 (t = 12.9):	 total squared error = 0.00634547, marker error: RMS = 0.0182749, max = 0.0295245 (Neck)
[2024-10-09 18:25:32.731] [info] Frame 387 (t = 12.9333):	 total squared error = 0.00644952, marker error: RMS = 0.0184241, max = 0.0315502 (RShoulder)
[2024-10-09 18:25:32.785] [info] Frame 388 (t = 12.9667):	 total squared error = 0.00665663, marker error: RMS = 0.0187176, max = 0.0339006 (RShoulder)
[2024-10-09 18:25:32.832] [info] Frame 389 (t = 13.0):	 total squared error = 0.00690785, marker error: RMS = 0.0190675, max = 0.0355973 (RShoulder)
[2024-10-09 18:25:32.887] [info] Frame 390 (t = 13.0333):	 total squared error = 0.00703798, marker error: RMS = 0.0192463, max = 0.0365654 (RShoulder)
[2024-10-09 18:25:32.964] [info] Frame 391 (t = 13.0667):	 total squared error = 0.00688978, marker error: RMS = 0.0190426, max = 0.036272 (RShoulder)
[2024-10-09 18:25:33.027] [info] Frame 392 (t = 13.1):	 total squared error = 0.00645466, marker error: RMS = 0.0184315, max = 0.0350942 (RShoulder)
[2024-10-09 18:25:33.072] [info] Frame 393 (t = 13.1333):	 total squared error = 0.00595309, marker error: RMS = 0.0177009, max = 0.0341647 (Neck)
[2024-10-09 18:25:33.146] [info] Frame 394 (t = 13.1667):	 total squared error = 0.00558330, marker error: RMS = 0.0171423, max = 0.0336453 (Neck)
[2024-10-09 18:25:33.191] [info] Frame 395 (t = 13.2):	 total squared error = 0.00540799, marker error: RMS = 0.016871, max = 0.0326914 (Neck)
[2024-10-09 18:25:33.272] [info] Frame 396 (t = 13.2333):	 total squared error = 0.00533671, marker error: RMS = 0.0167595, max = 0.0316846 (Neck)
[2024-10-09 18:25:33.315] [info] Frame 397 (t = 13.2667):	 total squared error = 0.00530594, marker error: RMS = 0.0167111, max = 0.0305039 (Neck)
[2024-10-09 18:25:33.386] [info] Frame 398 (t = 13.3):	 total squared error = 0.00526115, marker error: RMS = 0.0166404, max = 0.0290216 (Neck)
[2024-10-09 18:25:33.464] [info] Frame 399 (t = 13.3333):	 total squared error = 0.00521016, marker error: RMS = 0.0165596, max = 0.0298020 (RShoulder)
[2024-10-09 18:25:33.498] [info] Frame 400 (t = 13.3667):	 total squared error = 0.00516214, marker error: RMS = 0.0164831, max = 0.0316704 (RShoulder)
[2024-10-09 18:25:33.565] [info] Frame 401 (t = 13.4):	 total squared error = 0.00522595, marker error: RMS = 0.0165846, max = 0.0329431 (RShoulder)
[2024-10-09 18:25:33.620] [info] Frame 402 (t = 13.4333):	 total squared error = 0.00537095, marker error: RMS = 0.0168131, max = 0.0332804 (RShoulder)
[2024-10-09 18:25:33.669] [info] Frame 403 (t = 13.4667):	 total squared error = 0.00561957, marker error: RMS = 0.0171979, max = 0.0326524 (RShoulder)
[2024-10-09 18:25:33.726] [info] Frame 404 (t = 13.5):	 total squared error = 0.00585713, marker error: RMS = 0.0175576, max = 0.031361 (RShoulder)
[2024-10-09 18:25:33.778] [info] Frame 405 (t = 13.5333):	 total squared error = 0.00605436, marker error: RMS = 0.0178508, max = 0.029717 (LShoulder)
[2024-10-09 18:25:33.839] [info] Frame 406 (t = 13.5667):	 total squared error = 0.00636502, marker error: RMS = 0.0183030, max = 0.0305174 (LKnee)
[2024-10-09 18:25:33.888] [info] Frame 407 (t = 13.6):	 total squared error = 0.00680902, marker error: RMS = 0.0189307, max = 0.0342467 (LKnee)
[2024-10-09 18:25:33.955] [info] Frame 408 (t = 13.6333):	 total squared error = 0.00724853, marker error: RMS = 0.0195321, max = 0.036988 (LKnee)
[2024-10-09 18:25:33.994] [info] Frame 409 (t = 13.6667):	 total squared error = 0.00751251, marker error: RMS = 0.0198846, max = 0.0381299 (LKnee)
[2024-10-09 18:25:34.059] [info] Frame 410 (t = 13.7):	 total squared error = 0.00744182, marker error: RMS = 0.0197908, max = 0.0375444 (LKnee)
[2024-10-09 18:25:34.123] [info] Frame 411 (t = 13.7333):	 total squared error = 0.00707465, marker error: RMS = 0.0192964, max = 0.0349324 (LKnee)
[2024-10-09 18:25:34.170] [info] Frame 412 (t = 13.7667):	 total squared error = 0.00644730, marker error: RMS = 0.018421, max = 0.0301177 (LKnee)
[2024-10-09 18:25:34.202] [info] Frame 413 (t = 13.8):	 total squared error = 0.00562719, marker error: RMS = 0.0172095, max = 0.0300557 (LShoulder)
[2024-10-09 18:25:34.266] [info] Frame 414 (t = 13.8333):	 total squared error = 0.00480890, marker error: RMS = 0.0159091, max = 0.0294936 (LShoulder)
[2024-10-09 18:25:34.314] [info] Frame 415 (t = 13.8667):	 total squared error = 0.00434672, marker error: RMS = 0.0151253, max = 0.0300208 (LShoulder)
[2024-10-09 18:25:34.377] [info] Frame 416 (t = 13.9):	 total squared error = 0.00428698, marker error: RMS = 0.0150210, max = 0.0300737 (LShoulder)
[2024-10-09 18:25:34.444] [info] Frame 417 (t = 13.9333):	 total squared error = 0.00439308, marker error: RMS = 0.0152057, max = 0.0296885 (LShoulder)
[2024-10-09 18:25:34.513] [info] Frame 418 (t = 13.9667):	 total squared error = 0.00453347, marker error: RMS = 0.0154468, max = 0.0287576 (LShoulder)
[2024-10-09 18:25:34.567] [info] Frame 419 (t = 14.0):	 total squared error = 0.00479333, marker error: RMS = 0.0158833, max = 0.0277787 (LShoulder)
[2024-10-09 18:25:34.622] [info] Frame 420 (t = 14.0333):	 total squared error = 0.00516159, marker error: RMS = 0.0164822, max = 0.0279645 (RShoulder)
[2024-10-09 18:25:34.676] [info] Frame 421 (t = 14.0667):	 total squared error = 0.00545252, marker error: RMS = 0.0169403, max = 0.0293732 (LHeel)
[2024-10-09 18:25:34.746] [info] Frame 422 (t = 14.1):	 total squared error = 0.00559900, marker error: RMS = 0.0171664, max = 0.0306010 (LHeel)
[2024-10-09 18:25:34.783] [info] Frame 423 (t = 14.1333):	 total squared error = 0.00573441, marker error: RMS = 0.0173727, max = 0.0308744 (LHeel)
[2024-10-09 18:25:34.826] [info] Frame 424 (t = 14.1667):	 total squared error = 0.00581121, marker error: RMS = 0.0174887, max = 0.0308210 (RShoulder)
[2024-10-09 18:25:34.877] [info] Frame 425 (t = 14.2):	 total squared error = 0.00589619, marker error: RMS = 0.0176161, max = 0.029646 (RShoulder)
[2024-10-09 18:25:34.951] [info] Frame 426 (t = 14.2333):	 total squared error = 0.00589550, marker error: RMS = 0.017615, max = 0.0305318 (RKnee)
[2024-10-09 18:25:35.014] [info] Frame 427 (t = 14.2667):	 total squared error = 0.00563887, marker error: RMS = 0.0172274, max = 0.0319777 (RKnee)
[2024-10-09 18:25:35.081] [info] Frame 428 (t = 14.3):	 total squared error = 0.00519546, marker error: RMS = 0.0165362, max = 0.0307932 (RKnee)
[2024-10-09 18:25:35.158] [info] Frame 429 (t = 14.3333):	 total squared error = 0.00481950, marker error: RMS = 0.0159266, max = 0.0278926 (RKnee)
[2024-10-09 18:25:35.197] [info] Frame 430 (t = 14.3667):	 total squared error = 0.00463029, marker error: RMS = 0.0156109, max = 0.0246619 (LHeel)
[2024-10-09 18:25:35.243] [info] Frame 431 (t = 14.4):	 total squared error = 0.00459690, marker error: RMS = 0.0155545, max = 0.0254713 (LHeel)
[2024-10-09 18:25:35.311] [info] Frame 432 (t = 14.4333):	 total squared error = 0.00467692, marker error: RMS = 0.0156893, max = 0.0266176 (LHeel)
[2024-10-09 18:25:35.359] [info] Frame 433 (t = 14.4667):	 total squared error = 0.00480307, marker error: RMS = 0.0158995, max = 0.0279586 (LHeel)
[2024-10-09 18:25:35.419] [info] Frame 434 (t = 14.5):	 total squared error = 0.00486128, marker error: RMS = 0.0159955, max = 0.0280792 (LHeel)
[2024-10-09 18:25:35.483] [info] Frame 435 (t = 14.5333):	 total squared error = 0.00480626, marker error: RMS = 0.0159047, max = 0.0264825 (LHeel)
[2024-10-09 18:25:35.541] [info] Frame 436 (t = 14.5667):	 total squared error = 0.00462716, marker error: RMS = 0.0156056, max = 0.0251429 (Neck)
[2024-10-09 18:25:35.607] [info] Frame 437 (t = 14.6):	 total squared error = 0.00439046, marker error: RMS = 0.0152012, max = 0.0266851 (Neck)
[2024-10-09 18:25:35.658] [info] Frame 438 (t = 14.6333):	 total squared error = 0.00424109, marker error: RMS = 0.0149404, max = 0.0271504 (Neck)
[2024-10-09 18:25:35.711] [info] Frame 439 (t = 14.6667):	 total squared error = 0.00430008, marker error: RMS = 0.0150439, max = 0.0279134 (RHeel)
[2024-10-09 18:25:35.752] [info] Frame 440 (t = 14.7):	 total squared error = 0.00462315, marker error: RMS = 0.0155988, max = 0.0284461 (RHeel)
[2024-10-09 18:25:35.822] [info] Frame 441 (t = 14.7333):	 total squared error = 0.00490977, marker error: RMS = 0.0160751, max = 0.0292305 (RHeel)
[2024-10-09 18:25:35.872] [info] Frame 442 (t = 14.7667):	 total squared error = 0.00489371, marker error: RMS = 0.0160488, max = 0.0296785 (RHeel)
[2024-10-09 18:25:35.938] [info] Frame 443 (t = 14.8):	 total squared error = 0.00486974, marker error: RMS = 0.0160094, max = 0.0296301 (RHeel)
[2024-10-09 18:25:35.972] [info] Frame 444 (t = 14.8333):	 total squared error = 0.00528156, marker error: RMS = 0.0166726, max = 0.0285647 (RHeel)
[2024-10-09 18:25:36.036] [info] Frame 445 (t = 14.8667):	 total squared error = 0.00579834, marker error: RMS = 0.0174693, max = 0.0315264 (LKnee)
[2024-10-09 18:25:36.121] [info] Frame 446 (t = 14.9):	 total squared error = 0.00582475, marker error: RMS = 0.0175090, max = 0.0353179 (LKnee)
[2024-10-09 18:25:36.198] [info] Frame 447 (t = 14.9333):	 total squared error = 0.00505389, marker error: RMS = 0.0163093, max = 0.0317221 (LKnee)
[2024-10-09 18:25:36.272] [info] Frame 448 (t = 14.9667):	 total squared error = 0.00385801, marker error: RMS = 0.0142497, max = 0.0224565 (LKnee)
[2024-10-09 18:25:36.319] [info] Frame 449 (t = 15.0):	 total squared error = 0.00305541, marker error: RMS = 0.0126811, max = 0.0204306 (RHeel)
[2024-10-09 18:25:36.409] [info] Frame 450 (t = 15.0333):	 total squared error = 0.00307031, marker error: RMS = 0.012712, max = 0.0197776 (RHeel)
[2024-10-09 18:25:36.476] [info] Frame 451 (t = 15.0667):	 total squared error = 0.00358298, marker error: RMS = 0.0137324, max = 0.0227311 (Neck)
[2024-10-09 18:25:36.507] [info] Frame 452 (t = 15.1):	 total squared error = 0.00412865, marker error: RMS = 0.014741, max = 0.0258139 (Neck)
[2024-10-09 18:25:36.568] [info] Frame 453 (t = 15.1333):	 total squared error = 0.00455232, marker error: RMS = 0.0154789, max = 0.0282827 (Neck)
[2024-10-09 18:25:36.666] [info] Frame 454 (t = 15.1667):	 total squared error = 0.00496845, marker error: RMS = 0.0161709, max = 0.0302692 (Neck)
[2024-10-09 18:25:36.697] [info] Frame 455 (t = 15.2):	 total squared error = 0.00553675, marker error: RMS = 0.0170707, max = 0.0317487 (Neck)
[2024-10-09 18:25:36.770] [info] Frame 456 (t = 15.2333):	 total squared error = 0.00617828, marker error: RMS = 0.0180325, max = 0.0336329 (LHeel)
[2024-10-09 18:25:36.833] [info] Frame 457 (t = 15.2667):	 total squared error = 0.00665411, marker error: RMS = 0.0187141, max = 0.0340733 (LHeel)
[2024-10-09 18:25:36.901] [info] Frame 458 (t = 15.3):	 total squared error = 0.00694407, marker error: RMS = 0.0191175, max = 0.0339111 (Neck)
[2024-10-09 18:25:36.964] [info] Frame 459 (t = 15.3333):	 total squared error = 0.00720562, marker error: RMS = 0.0194742, max = 0.0347273 (Neck)
[2024-10-09 18:25:37.017] [info] Frame 460 (t = 15.3667):	 total squared error = 0.00757396, marker error: RMS = 0.0199657, max = 0.0363427 (Neck)
[2024-10-09 18:25:37.078] [info] Frame 461 (t = 15.4):	 total squared error = 0.00803953, marker error: RMS = 0.0205702, max = 0.0380066 (Neck)
[2024-10-09 18:25:37.144] [info] Frame 462 (t = 15.4333):	 total squared error = 0.00843965, marker error: RMS = 0.0210759, max = 0.0387224 (Neck)
[2024-10-09 18:25:37.224] [info] Frame 463 (t = 15.4667):	 total squared error = 0.00869777, marker error: RMS = 0.0213957, max = 0.0382904 (Neck)
[2024-10-09 18:25:37.288] [info] Frame 464 (t = 15.5):	 total squared error = 0.00895435, marker error: RMS = 0.0217090, max = 0.0374729 (RBigToe)
[2024-10-09 18:25:37.385] [info] Frame 465 (t = 15.5333):	 total squared error = 0.00902160, marker error: RMS = 0.0217904, max = 0.038291 (RBigToe)
[2024-10-09 18:25:37.446] [info] Frame 466 (t = 15.5667):	 total squared error = 0.00865148, marker error: RMS = 0.0213387, max = 0.0336841 (Neck)
[2024-10-09 18:25:37.519] [info] Frame 467 (t = 15.6):	 total squared error = 0.00803796, marker error: RMS = 0.0205682, max = 0.0327385 (RShoulder)
[2024-10-09 18:25:37.653] [info] Frame 468 (t = 15.6333):	 total squared error = 0.00764645, marker error: RMS = 0.0200610, max = 0.0342608 (LHeel)
[2024-10-09 18:25:37.700] [info] Frame 469 (t = 15.6667):	 total squared error = 0.00763643, marker error: RMS = 0.0200479, max = 0.0343359 (LHeel)
[2024-10-09 18:25:37.772] [info] Frame 470 (t = 15.7):	 total squared error = 0.00742959, marker error: RMS = 0.0197745, max = 0.0326428 (LHeel)
[2024-10-09 18:25:37.835] [info] Frame 471 (t = 15.7333):	 total squared error = 0.00695211, marker error: RMS = 0.0191285, max = 0.0303215 (LHeel)
[2024-10-09 18:25:37.903] [info] Frame 472 (t = 15.7667):	 total squared error = 0.00652303, marker error: RMS = 0.0185288, max = 0.0288056 (LWrist)
[2024-10-09 18:25:37.966] [info] Frame 473 (t = 15.8):	 total squared error = 0.00647763, marker error: RMS = 0.0184642, max = 0.0295205 (LKnee)
[2024-10-09 18:25:38.018] [info] Frame 474 (t = 15.8333):	 total squared error = 0.00704675, marker error: RMS = 0.0192583, max = 0.0368443 (LKnee)
[2024-10-09 18:25:38.082] [info] Frame 475 (t = 15.8667):	 total squared error = 0.00814065, marker error: RMS = 0.0206992, max = 0.0426772 (LKnee)
[2024-10-09 18:25:38.125] [info] Frame 476 (t = 15.9):	 total squared error = 0.00941382, marker error: RMS = 0.022259, max = 0.0462301 (LKnee)
[2024-10-09 18:25:38.209] [info] Frame 477 (t = 15.9333):	 total squared error = 0.0103767, marker error: RMS = 0.0233697, max = 0.0494206 (Neck)
[2024-10-09 18:25:38.293] [info] Frame 478 (t = 15.9667):	 total squared error = 0.0108301, marker error: RMS = 0.0238748, max = 0.0523302 (Neck)
[2024-10-09 18:25:38.366] [info] Frame 479 (t = 16.0):	 total squared error = 0.0114273, marker error: RMS = 0.0245242, max = 0.0510922 (Neck)
[2024-10-09 18:25:38.435] [info] Frame 480 (t = 16.0333):	 total squared error = 0.0131015, marker error: RMS = 0.0262593, max = 0.0521354 (LKnee)
[2024-10-09 18:25:38.490] [info] Frame 481 (t = 16.0667):	 total squared error = 0.0160944, marker error: RMS = 0.0291045, max = 0.0563234 (LKnee)
[2024-10-09 18:25:38.554] [info] Frame 482 (t = 16.1):	 total squared error = 0.0192012, marker error: RMS = 0.0317898, max = 0.0571279 (LKnee)
[2024-10-09 18:25:38.631] [info] Frame 483 (t = 16.1333):	 total squared error = 0.0201020, marker error: RMS = 0.0325269, max = 0.0609284 (LHeel)
[2024-10-09 18:25:38.723] [info] Frame 484 (t = 16.1667):	 total squared error = 0.0179707, marker error: RMS = 0.0307543, max = 0.0589324 (LHeel)
[2024-10-09 18:25:38.773] [info] Frame 485 (t = 16.2):	 total squared error = 0.0142341, marker error: RMS = 0.0273709, max = 0.0508398 (LHeel)
[2024-10-09 18:25:38.825] [info] Frame 486 (t = 16.2333):	 total squared error = 0.0111464, marker error: RMS = 0.0242209, max = 0.0414558 (LHeel)
[2024-10-09 18:25:38.877] [info] Frame 487 (t = 16.2667):	 total squared error = 0.00969946, marker error: RMS = 0.0225942, max = 0.0381365 (LKnee)
[2024-10-09 18:25:38.921] [info] Frame 488 (t = 16.3):	 total squared error = 0.00939264, marker error: RMS = 0.022234, max = 0.0408424 (LKnee)
[2024-10-09 18:25:38.961] [info] Frame 489 (t = 16.3333):	 total squared error = 0.00951605, marker error: RMS = 0.0223796, max = 0.0426929 (LKnee)
[2024-10-09 18:25:39.107] [info] Frame 490 (t = 16.3667):	 total squared error = 0.00964094, marker error: RMS = 0.0225259, max = 0.0432349 (LKnee)
[2024-10-09 18:25:39.159] [info] Frame 491 (t = 16.4):	 total squared error = 0.00971231, marker error: RMS = 0.0226092, max = 0.0417366 (LKnee)
[2024-10-09 18:25:39.206] [info] Frame 492 (t = 16.4333):	 total squared error = 0.00979287, marker error: RMS = 0.0227027, max = 0.0383714 (LKnee)
[2024-10-09 18:25:39.263] [info] Frame 493 (t = 16.4667):	 total squared error = 0.0100004, marker error: RMS = 0.022942, max = 0.0370217 (Neck)
[2024-10-09 18:25:39.315] [info] Frame 494 (t = 16.5):	 total squared error = 0.0104013, marker error: RMS = 0.0233974, max = 0.0381056 (Neck)
[2024-10-09 18:25:39.387] [info] Frame 495 (t = 16.5333):	 total squared error = 0.0109777, marker error: RMS = 0.0240370, max = 0.0392637 (Neck)
[2024-10-09 18:25:39.432] [info] Frame 496 (t = 16.5667):	 total squared error = 0.0115836, marker error: RMS = 0.0246914, max = 0.0402405 (Neck)
[2024-10-09 18:25:39.518] [info] Frame 497 (t = 16.6):	 total squared error = 0.0121307, marker error: RMS = 0.0252677, max = 0.0410802 (Neck)
[2024-10-09 18:25:39.553] [info] Frame 498 (t = 16.6333):	 total squared error = 0.0129122, marker error: RMS = 0.0260689, max = 0.0450108 (LAnkle)
[2024-10-09 18:25:39.590] [info] Frame 499 (t = 16.6667):	 total squared error = 0.0142435, marker error: RMS = 0.0273798, max = 0.0484535 (LAnkle)
[2024-10-09 18:25:39.673] [info] Frame 500 (t = 16.7):	 total squared error = 0.0156781, marker error: RMS = 0.0287257, max = 0.0497060 (LAnkle)
[2024-10-09 18:25:39.853] [info] Frame 501 (t = 16.7333):	 total squared error = 0.0162495, marker error: RMS = 0.0292444, max = 0.0537365 (LSmallToe)
[2024-10-09 18:25:39.938] [info] Frame 502 (t = 16.7667):	 total squared error = 0.0158619, marker error: RMS = 0.0288935, max = 0.0591133 (LSmallToe)
[2024-10-09 18:25:39.980] [info] Frame 503 (t = 16.8):	 total squared error = 0.0153739, marker error: RMS = 0.0284456, max = 0.0642337 (LSmallToe)
[2024-10-09 18:25:40.065] [info] Frame 504 (t = 16.8333):	 total squared error = 0.0154402, marker error: RMS = 0.0285069, max = 0.0677141 (LSmallToe)
[2024-10-09 18:25:40.099] [info] Frame 505 (t = 16.8667):	 total squared error = 0.0161121, marker error: RMS = 0.0291205, max = 0.0707519 (LSmallToe)
[2024-10-09 18:25:40.153] [info] Frame 506 (t = 16.9):	 total squared error = 0.016868, marker error: RMS = 0.0297958, max = 0.0721082 (LSmallToe)
[2024-10-09 18:25:40.223] [info] Frame 507 (t = 16.9333):	 total squared error = 0.0174477, marker error: RMS = 0.0303034, max = 0.0725588 (LSmallToe)
[2024-10-09 18:25:40.256] [info] Frame 508 (t = 16.9667):	 total squared error = 0.0176937, marker error: RMS = 0.0305164, max = 0.0724124 (LSmallToe)
[2024-10-09 18:25:40.293] [info] Frame 509 (t = 17.0):	 total squared error = 0.0176409, marker error: RMS = 0.0304708, max = 0.0718753 (LSmallToe)
[2024-10-09 18:25:40.355] [info] Frame 510 (t = 17.0333):	 total squared error = 0.017513, marker error: RMS = 0.0303601, max = 0.0710931 (LSmallToe)
[2024-10-09 18:25:40.387] [info] Frame 511 (t = 17.0667):	 total squared error = 0.0174118, marker error: RMS = 0.0302723, max = 0.0700743 (LSmallToe)
[2024-10-09 18:25:40.404] [info] Frame 512 (t = 17.1):	 total squared error = 0.0173186, marker error: RMS = 0.0301911, max = 0.0687185 (LSmallToe)
[2024-10-09 18:25:40.427] [info] Frame 513 (t = 17.1333):	 total squared error = 0.0172174, marker error: RMS = 0.0301028, max = 0.0672026 (LSmallToe)
[2024-10-09 18:25:40.447] [info] Frame 514 (t = 17.1667):	 total squared error = 0.0170251, marker error: RMS = 0.0299342, max = 0.0652879 (LSmallToe)
[2024-10-09 18:25:40.482] [info] Frame 515 (t = 17.2):	 total squared error = 0.0168757, marker error: RMS = 0.0298026, max = 0.0632312 (LSmallToe)
[2024-10-09 18:25:40.505] [info] Frame 516 (t = 17.2333):	 total squared error = 0.0168333, marker error: RMS = 0.0297652, max = 0.0617384 (LSmallToe)
[2024-10-09 18:25:40.558] [info] Frame 517 (t = 17.2667):	 total squared error = 0.016867, marker error: RMS = 0.0297949, max = 0.0609854 (LSmallToe)
[2024-10-09 18:25:40.575] [info] Frame 518 (t = 17.3):	 total squared error = 0.0168921, marker error: RMS = 0.0298171, max = 0.0612893 (LSmallToe)
[2024-10-09 18:25:40.610] [info] Frame 519 (t = 17.3333):	 total squared error = 0.0169327, marker error: RMS = 0.0298529, max = 0.0622798 (LSmallToe)
[2024-10-09 18:25:40.630] [info] Frame 520 (t = 17.3667):	 total squared error = 0.016974, marker error: RMS = 0.0298893, max = 0.0632525 (LSmallToe)
[2024-10-09 18:25:40.686] [info] Frame 521 (t = 17.4):	 total squared error = 0.0169785, marker error: RMS = 0.0298932, max = 0.063758 (LSmallToe)
[2024-10-09 18:25:40.768] [info] Frame 522 (t = 17.4333):	 total squared error = 0.0168973, marker error: RMS = 0.0298217, max = 0.0636623 (LSmallToe)
[2024-10-09 18:25:40.807] [info] Frame 523 (t = 17.4667):	 total squared error = 0.0167614, marker error: RMS = 0.0297015, max = 0.0635393 (LSmallToe)
[2024-10-09 18:25:40.859] [info] Frame 524 (t = 17.5):	 total squared error = 0.0166458, marker error: RMS = 0.0295989, max = 0.0639821 (LSmallToe)
[2024-10-09 18:25:40.903] [info] Frame 525 (t = 17.5333):	 total squared error = 0.0166158, marker error: RMS = 0.0295722, max = 0.0650397 (LSmallToe)
[2024-10-09 18:25:40.945] [info] Frame 526 (t = 17.5667):	 total squared error = 0.0167031, marker error: RMS = 0.0296498, max = 0.0663546 (LSmallToe)
[2024-10-09 18:25:41.025] [info] Frame 527 (t = 17.6):	 total squared error = 0.0168627, marker error: RMS = 0.0297911, max = 0.0674983 (LSmallToe)
[2024-10-09 18:25:41.069] [info] Frame 528 (t = 17.6333):	 total squared error = 0.0170365, marker error: RMS = 0.0299443, max = 0.0680996 (LSmallToe)
[2024-10-09 18:25:41.114] [info] Frame 529 (t = 17.6667):	 total squared error = 0.0171474, marker error: RMS = 0.0300415, max = 0.0683097 (LSmallToe)
[2024-10-09 18:25:41.156] [info] Frame 530 (t = 17.7):	 total squared error = 0.0171604, marker error: RMS = 0.0300530, max = 0.0681695 (LSmallToe)
[2024-10-09 18:25:41.213] [info] Frame 531 (t = 17.7333):	 total squared error = 0.0170978, marker error: RMS = 0.0299981, max = 0.0682191 (LSmallToe)
[2024-10-09 18:25:41.269] [info] Frame 532 (t = 17.7667):	 total squared error = 0.0169729, marker error: RMS = 0.0298883, max = 0.0682583 (LSmallToe)
[2024-10-09 18:25:41.319] [info] Frame 533 (t = 17.8):	 total squared error = 0.0167931, marker error: RMS = 0.0297296, max = 0.0684456 (LSmallToe)
[2024-10-09 18:25:41.376] [info] Frame 534 (t = 17.8333):	 total squared error = 0.0165782, marker error: RMS = 0.0295387, max = 0.0685455 (LSmallToe)
[2024-10-09 18:25:41.434] [info] Frame 535 (t = 17.8667):	 total squared error = 0.0163566, marker error: RMS = 0.0293407, max = 0.0685093 (LSmallToe)
[2024-10-09 18:25:41.481] [info] Frame 536 (t = 17.9):	 total squared error = 0.0161591, marker error: RMS = 0.0291629, max = 0.0682044 (LSmallToe)
[2024-10-09 18:25:41.530] [info] Frame 537 (t = 17.9333):	 total squared error = 0.0160077, marker error: RMS = 0.0290260, max = 0.0675638 (LSmallToe)
[2024-10-09 18:25:41.578] [info] Frame 538 (t = 17.9667):	 total squared error = 0.0159026, marker error: RMS = 0.0289306, max = 0.0663254 (LSmallToe)
[2024-10-09 18:25:41.660] [info] Frame 539 (t = 18.0):	 total squared error = 0.0158333, marker error: RMS = 0.0288674, max = 0.0644672 (LSmallToe)
[2024-10-09 18:25:41.821] [info] Frame 540 (t = 18.0333):	 total squared error = 0.0158243, marker error: RMS = 0.0288592, max = 0.0621082 (LSmallToe)
[2024-10-09 18:25:41.911] [info] Frame 541 (t = 18.0667):	 total squared error = 0.015871, marker error: RMS = 0.0289019, max = 0.0597025 (LSmallToe)
[2024-10-09 18:25:41.988] [info] Frame 542 (t = 18.1):	 total squared error = 0.0158859, marker error: RMS = 0.0289154, max = 0.0577262 (LSmallToe)
[2024-10-09 18:25:42.040] [info] Frame 543 (t = 18.1333):	 total squared error = 0.0157606, marker error: RMS = 0.0288011, max = 0.0567287 (LSmallToe)
[2024-10-09 18:25:42.083] [info] Frame 544 (t = 18.1667):	 total squared error = 0.0154667, marker error: RMS = 0.0285313, max = 0.0569161 (LSmallToe)
[2024-10-09 18:25:42.139] [info] Frame 545 (t = 18.2):	 total squared error = 0.0150956, marker error: RMS = 0.028187, max = 0.0580985 (LSmallToe)
[2024-10-09 18:25:42.159] [info] Frame 546 (t = 18.2333):	 total squared error = 0.0147499, marker error: RMS = 0.0278624, max = 0.0597723 (LSmallToe)
[2024-10-09 18:25:42.188] [info] Frame 547 (t = 18.2667):	 total squared error = 0.0145229, marker error: RMS = 0.0276471, max = 0.0617064 (LSmallToe)
[2024-10-09 18:25:42.206] [info] Frame 548 (t = 18.3):	 total squared error = 0.0144026, marker error: RMS = 0.0275324, max = 0.0632732 (LSmallToe)
[2024-10-09 18:25:42.219] [info] InverseKinematicsTool completed 549 frames in 33 second(s).
