[2024-10-09 17:46:46.924] [info] Preparing to run InverseKinematicsTool.
[2024-10-09 17:46:46.946] [info] Loaded model Pose2Sim_scaled from file Model_Pose2Sim_Halpe26_scaled.osim
[2024-10-09 17:46:46.947] [warning] Couldn't find file 'r_pelvis.vtp'.
[2024-10-09 17:46:46.947] [warning] Couldn't find file 'l_pelvis.vtp'.
[2024-10-09 17:46:46.947] [warning] Couldn't find file 'sacrum.vtp'.
[2024-10-09 17:46:46.947] [warning] Couldn't find file 'femur_r.vtp'.
[2024-10-09 17:46:46.948] [warning] Couldn't find file 'r_patella.vtp'.
[2024-10-09 17:46:46.948] [warning] Couldn't find file 'tibia_r.vtp'.
[2024-10-09 17:46:46.948] [warning] Couldn't find file 'fibula_r.vtp'.
[2024-10-09 17:46:46.948] [warning] Couldn't find file 'talus_rv.vtp'.
[2024-10-09 17:46:46.949] [warning] Couldn't find file 'foot.vtp'.
[2024-10-09 17:46:46.949] [warning] Couldn't find file 'bofoot.vtp'.
[2024-10-09 17:46:46.949] [warning] Couldn't find file 'femur_l.vtp'.
[2024-10-09 17:46:46.949] [warning] Couldn't find file 'l_patella.vtp'.
[2024-10-09 17:46:46.949] [warning] Couldn't find file 'tibia_l.vtp'.
[2024-10-09 17:46:46.949] [warning] Couldn't find file 'fibula_l.vtp'.
[2024-10-09 17:46:46.950] [warning] Couldn't find file 'talus_lv.vtp'.
[2024-10-09 17:46:46.950] [warning] Couldn't find file 'l_foot.vtp'.
[2024-10-09 17:46:46.950] [warning] Couldn't find file 'l_bofoot.vtp'.
[2024-10-09 17:46:46.950] [warning] Couldn't find file 'lumbar5.vtp'.
[2024-10-09 17:46:46.950] [warning] Couldn't find file 'lumbar4.vtp'.
[2024-10-09 17:46:46.950] [warning] Couldn't find file 'lumbar3.vtp'.
[2024-10-09 17:46:46.950] [warning] Couldn't find file 'lumbar2.vtp'.
[2024-10-09 17:46:46.950] [warning] Couldn't find file 'lumbar1.vtp'.
[2024-10-09 17:46:46.951] [warning] Couldn't find file 'cerv1sm.vtp'.
[2024-10-09 17:46:46.951] [warning] Couldn't find file 'cerv2sm.vtp'.
[2024-10-09 17:46:46.951] [warning] Couldn't find file 'cerv3sm.vtp'.
[2024-10-09 17:46:46.951] [warning] Couldn't find file 'cerv4sm.vtp'.
[2024-10-09 17:46:46.951] [warning] Couldn't find file 'cerv5sm.vtp'.
[2024-10-09 17:46:46.951] [warning] Couldn't find file 'cerv6sm.vtp'.
[2024-10-09 17:46:46.952] [warning] Couldn't find file 'cerv7.vtp'.
[2024-10-09 17:46:46.952] [warning] Couldn't find file 'thoracic12_s.vtp'.
[2024-10-09 17:46:46.952] [warning] Couldn't find file 'thoracic11_s.vtp'.
[2024-10-09 17:46:46.952] [warning] Couldn't find file 'thoracic10_s.vtp'.
[2024-10-09 17:46:46.952] [warning] Couldn't find file 'thoracic9_s.vtp'.
[2024-10-09 17:46:46.952] [warning] Couldn't find file 'thoracic8_s.vtp'.
[2024-10-09 17:46:46.952] [warning] Couldn't find file 'thoracic7_s.vtp'.
[2024-10-09 17:46:46.952] [warning] Couldn't find file 'thoracic6_s.vtp'.
[2024-10-09 17:46:46.953] [warning] Couldn't find file 'thoracic5_s.vtp'.
[2024-10-09 17:46:46.953] [warning] Couldn't find file 'thoracic4_s.vtp'.
[2024-10-09 17:46:46.953] [warning] Couldn't find file 'thoracic3_s.vtp'.
[2024-10-09 17:46:46.953] [warning] Couldn't find file 'thoracic2_s.vtp'.
[2024-10-09 17:46:46.953] [warning] Couldn't find file 'thoracic1_s.vtp'.
[2024-10-09 17:46:46.953] [warning] Couldn't find file 'hat_ribs_scap.vtp'.
[2024-10-09 17:46:46.953] [warning] Couldn't find file 'hat_jaw.vtp'.
[2024-10-09 17:46:46.953] [warning] Couldn't find file 'hat_skull.vtp'.
[2024-10-09 17:46:46.954] [warning] Couldn't find file 'humerus_rv.vtp'.
[2024-10-09 17:46:46.954] [warning] Couldn't find file 'ulna_rv.vtp'.
[2024-10-09 17:46:46.954] [warning] Couldn't find file 'radius_rv.vtp'.
[2024-10-09 17:46:46.954] [warning] Couldn't find file 'pisiform_rvs.vtp'.
[2024-10-09 17:46:46.954] [warning] Couldn't find file 'lunate_rvs.vtp'.
[2024-10-09 17:46:46.954] [warning] Couldn't find file 'scaphoid_rvs.vtp'.
[2024-10-09 17:46:46.954] [warning] Couldn't find file 'triquetrum_rvs.vtp'.
[2024-10-09 17:46:46.954] [warning] Couldn't find file 'hamate_rvs.vtp'.
[2024-10-09 17:46:46.955] [warning] Couldn't find file 'capitate_rvs.vtp'.
[2024-10-09 17:46:46.955] [warning] Couldn't find file 'trapezoid_rvs.vtp'.
[2024-10-09 17:46:46.955] [warning] Couldn't find file 'trapezium_rvs.vtp'.
[2024-10-09 17:46:46.955] [warning] Couldn't find file 'metacarpal2_rvs.vtp'.
[2024-10-09 17:46:46.955] [warning] Couldn't find file 'index_proximal_rvs.vtp'.
[2024-10-09 17:46:46.955] [warning] Couldn't find file 'index_medial_rvs.vtp'.
[2024-10-09 17:46:46.955] [warning] Couldn't find file 'index_distal_rvs.vtp'.
[2024-10-09 17:46:46.955] [warning] Couldn't find file 'metacarpal3_rvs.vtp'.
[2024-10-09 17:46:46.956] [warning] Couldn't find file 'middle_proximal_rvs.vtp'.
[2024-10-09 17:46:46.956] [warning] Couldn't find file 'middle_medial_rvs.vtp'.
[2024-10-09 17:46:46.956] [warning] Couldn't find file 'middle_distal_rvs.vtp'.
[2024-10-09 17:46:46.956] [warning] Couldn't find file 'metacarpal4_rvs.vtp'.
[2024-10-09 17:46:46.956] [warning] Couldn't find file 'ring_proximal_rvs.vtp'.
[2024-10-09 17:46:46.956] [warning] Couldn't find file 'ring_medial_rvs.vtp'.
[2024-10-09 17:46:46.957] [warning] Couldn't find file 'ring_distal_rvs.vtp'.
[2024-10-09 17:46:46.957] [warning] Couldn't find file 'metacarpal5_rvs.vtp'.
[2024-10-09 17:46:46.957] [warning] Couldn't find file 'little_proximal_rvs.vtp'.
[2024-10-09 17:46:46.957] [warning] Couldn't find file 'little_medial_rvs.vtp'.
[2024-10-09 17:46:46.957] [warning] Couldn't find file 'little_distal_rvs.vtp'.
[2024-10-09 17:46:46.957] [warning] Couldn't find file 'metacarpal1_rvs.vtp'.
[2024-10-09 17:46:46.957] [warning] Couldn't find file 'thumb_proximal_rvs.vtp'.
[2024-10-09 17:46:46.957] [warning] Couldn't find file 'thumb_distal_rvs.vtp'.
[2024-10-09 17:46:46.958] [warning] Couldn't find file 'humerus_lv.vtp'.
[2024-10-09 17:46:46.958] [warning] Couldn't find file 'ulna_lv.vtp'.
[2024-10-09 17:46:46.958] [warning] Couldn't find file 'radius_lv.vtp'.
[2024-10-09 17:46:46.958] [warning] Couldn't find file 'pisiform_lvs.vtp'.
[2024-10-09 17:46:46.958] [warning] Couldn't find file 'lunate_lvs.vtp'.
[2024-10-09 17:46:46.958] [warning] Couldn't find file 'scaphoid_lvs.vtp'.
[2024-10-09 17:46:46.958] [warning] Couldn't find file 'triquetrum_lvs.vtp'.
[2024-10-09 17:46:46.958] [warning] Couldn't find file 'hamate_lvs.vtp'.
[2024-10-09 17:46:46.959] [warning] Couldn't find file 'capitate_lvs.vtp'.
[2024-10-09 17:46:46.959] [warning] Couldn't find file 'trapezoid_lvs.vtp'.
[2024-10-09 17:46:46.959] [warning] Couldn't find file 'trapezium_lvs.vtp'.
[2024-10-09 17:46:46.959] [warning] Couldn't find file 'metacarpal2_lvs.vtp'.
[2024-10-09 17:46:46.959] [warning] Couldn't find file 'index_proximal_lvs.vtp'.
[2024-10-09 17:46:46.959] [warning] Couldn't find file 'index_medial_lvs.vtp'.
[2024-10-09 17:46:46.959] [warning] Couldn't find file 'index_distal_lvs.vtp'.
[2024-10-09 17:46:46.959] [warning] Couldn't find file 'metacarpal3_lvs.vtp'.
[2024-10-09 17:46:46.960] [warning] Couldn't find file 'middle_proximal_lvs.vtp'.
[2024-10-09 17:46:46.960] [warning] Couldn't find file 'middle_medial_lvs.vtp'.
[2024-10-09 17:46:46.960] [warning] Couldn't find file 'middle_distal_lvs.vtp'.
[2024-10-09 17:46:46.960] [warning] Couldn't find file 'metacarpal4_lvs.vtp'.
[2024-10-09 17:46:46.960] [warning] Couldn't find file 'ring_proximal_lvs.vtp'.
[2024-10-09 17:46:46.960] [warning] Couldn't find file 'ring_medial_lvs.vtp'.
[2024-10-09 17:46:46.960] [warning] Couldn't find file 'ring_distal_lvs.vtp'.
[2024-10-09 17:46:46.960] [warning] Couldn't find file 'metacarpal5_lvs.vtp'.
[2024-10-09 17:46:46.960] [warning] Couldn't find file 'little_proximal_lvs.vtp'.
[2024-10-09 17:46:46.961] [warning] Couldn't find file 'little_medial_lvs.vtp'.
[2024-10-09 17:46:46.961] [warning] Couldn't find file 'little_distal_lvs.vtp'.
[2024-10-09 17:46:46.961] [warning] Couldn't find file 'metacarpal1_lvs.vtp'.
[2024-10-09 17:46:46.961] [warning] Couldn't find file 'thumb_proximal_lvs.vtp'.
[2024-10-09 17:46:46.961] [warning] Couldn't find file 'thumb_distal_lvs.vtp'.
[2024-10-09 17:46:46.963] [cout] [info] 
               MODEL: Pose2Sim_scaled
         coordinates: 62
              forces: 0
           actuators: 0
             muscles: 0
            analyses: 0
              probes: 0
              bodies: 30
              joints: 30
         constraints: 20
             markers: 22
         controllers: 0
  contact geometries: 0
misc modelcomponents: 0
[2024-10-09 17:46:46.963] [info] Running tool .
[2024-10-09 17:46:47.539] [info] Frame 0 (t = 0.0333333):	 total squared error = 0.0899148, marker error: RMS = 0.0687921, max = 0.135276 (LHip)
[2024-10-09 17:46:47.595] [info] Frame 1 (t = 0.0666667):	 total squared error = 0.0869107, marker error: RMS = 0.0676332, max = 0.134983 (LHip)
[2024-10-09 17:46:47.629] [info] Frame 2 (t = 0.1):	 total squared error = 0.0856080, marker error: RMS = 0.0671244, max = 0.135026 (LHip)
[2024-10-09 17:46:47.649] [info] Frame 3 (t = 0.133333):	 total squared error = 0.0858658, marker error: RMS = 0.0672254, max = 0.134803 (LHip)
[2024-10-09 17:46:47.688] [info] Frame 4 (t = 0.166667):	 total squared error = 0.0861844, marker error: RMS = 0.06735, max = 0.135041 (LHip)
[2024-10-09 17:46:47.706] [info] Frame 5 (t = 0.2):	 total squared error = 0.0867337, marker error: RMS = 0.0675643, max = 0.135453 (LHip)
[2024-10-09 17:46:47.724] [info] Frame 6 (t = 0.233333):	 total squared error = 0.0871123, marker error: RMS = 0.0677116, max = 0.136001 (LHip)
[2024-10-09 17:46:47.775] [info] Frame 7 (t = 0.266667):	 total squared error = 0.0875205, marker error: RMS = 0.06787, max = 0.135633 (LHip)
[2024-10-09 17:46:47.807] [info] Frame 8 (t = 0.3):	 total squared error = 0.0875613, marker error: RMS = 0.0678859, max = 0.135644 (LHip)
[2024-10-09 17:46:47.854] [info] Frame 9 (t = 0.333333):	 total squared error = 0.0872515, marker error: RMS = 0.0677657, max = 0.135643 (LHip)
[2024-10-09 17:46:47.888] [info] Frame 10 (t = 0.366667):	 total squared error = 0.0866189, marker error: RMS = 0.0675195, max = 0.135472 (LHip)
[2024-10-09 17:46:47.925] [info] Frame 11 (t = 0.4):	 total squared error = 0.0859446, marker error: RMS = 0.0672562, max = 0.135182 (LHip)
[2024-10-09 17:46:47.959] [info] Frame 12 (t = 0.433333):	 total squared error = 0.0854467, marker error: RMS = 0.0670611, max = 0.134664 (LHip)
[2024-10-09 17:46:48.014] [info] Frame 13 (t = 0.466667):	 total squared error = 0.0852172, marker error: RMS = 0.066971, max = 0.134092 (LHip)
[2024-10-09 17:46:48.051] [info] Frame 14 (t = 0.5):	 total squared error = 0.0851461, marker error: RMS = 0.0669431, max = 0.133777 (LHip)
[2024-10-09 17:46:48.089] [info] Frame 15 (t = 0.533333):	 total squared error = 0.0852607, marker error: RMS = 0.0669881, max = 0.13349 (LHip)
[2024-10-09 17:46:48.128] [info] Frame 16 (t = 0.566667):	 total squared error = 0.0854030, marker error: RMS = 0.0670440, max = 0.133466 (LHip)
[2024-10-09 17:46:48.164] [info] Frame 17 (t = 0.6):	 total squared error = 0.0856106, marker error: RMS = 0.0671254, max = 0.133322 (LHip)
[2024-10-09 17:46:48.211] [info] Frame 18 (t = 0.633333):	 total squared error = 0.0857478, marker error: RMS = 0.0671792, max = 0.133227 (LHip)
[2024-10-09 17:46:48.253] [info] Frame 19 (t = 0.666667):	 total squared error = 0.0858406, marker error: RMS = 0.0672155, max = 0.133384 (LHip)
[2024-10-09 17:46:48.282] [info] Frame 20 (t = 0.7):	 total squared error = 0.0858709, marker error: RMS = 0.0672274, max = 0.133528 (LHip)
[2024-10-09 17:46:48.301] [info] Frame 21 (t = 0.733333):	 total squared error = 0.08586, marker error: RMS = 0.0672231, max = 0.133813 (LHip)
[2024-10-09 17:46:48.360] [info] Frame 22 (t = 0.766667):	 total squared error = 0.0857774, marker error: RMS = 0.0671908, max = 0.134090 (LHip)
[2024-10-09 17:46:48.376] [info] Frame 23 (t = 0.8):	 total squared error = 0.085651, marker error: RMS = 0.0671413, max = 0.134417 (LHip)
[2024-10-09 17:46:48.404] [info] Frame 24 (t = 0.833333):	 total squared error = 0.0854192, marker error: RMS = 0.0670503, max = 0.134639 (LHip)
[2024-10-09 17:46:48.441] [info] Frame 25 (t = 0.866667):	 total squared error = 0.0851846, marker error: RMS = 0.0669582, max = 0.134741 (LHip)
[2024-10-09 17:46:48.495] [info] Frame 26 (t = 0.9):	 total squared error = 0.0850093, marker error: RMS = 0.0668893, max = 0.134514 (LHip)
[2024-10-09 17:46:48.542] [info] Frame 27 (t = 0.933333):	 total squared error = 0.0849221, marker error: RMS = 0.066855, max = 0.13437 (LHip)
[2024-10-09 17:46:48.576] [info] Frame 28 (t = 0.966667):	 total squared error = 0.0849498, marker error: RMS = 0.0668659, max = 0.133976 (LHip)
[2024-10-09 17:46:48.602] [info] Frame 29 (t = 1.0):	 total squared error = 0.0851171, marker error: RMS = 0.0669316, max = 0.133489 (LHip)
[2024-10-09 17:46:48.636] [info] Frame 30 (t = 1.03333):	 total squared error = 0.0852241, marker error: RMS = 0.0669737, max = 0.132797 (LHip)
[2024-10-09 17:46:48.720] [info] Frame 31 (t = 1.06667):	 total squared error = 0.0852094, marker error: RMS = 0.066968, max = 0.132274 (LHip)
[2024-10-09 17:46:48.751] [info] Frame 32 (t = 1.1):	 total squared error = 0.0851963, marker error: RMS = 0.0669628, max = 0.13171 (LHip)
[2024-10-09 17:46:48.787] [info] Frame 33 (t = 1.13333):	 total squared error = 0.0851296, marker error: RMS = 0.0669366, max = 0.131336 (LHip)
[2024-10-09 17:46:48.823] [info] Frame 34 (t = 1.16667):	 total squared error = 0.0849982, marker error: RMS = 0.0668849, max = 0.131452 (LHip)
[2024-10-09 17:46:48.856] [info] Frame 35 (t = 1.2):	 total squared error = 0.0849375, marker error: RMS = 0.066861, max = 0.13198 (LHip)
[2024-10-09 17:46:48.873] [info] Frame 36 (t = 1.23333):	 total squared error = 0.0850318, marker error: RMS = 0.0668981, max = 0.132715 (LHip)
[2024-10-09 17:46:48.887] [info] Frame 37 (t = 1.26667):	 total squared error = 0.0852068, marker error: RMS = 0.0669669, max = 0.133608 (LHip)
[2024-10-09 17:46:48.911] [info] Frame 38 (t = 1.3):	 total squared error = 0.0853682, marker error: RMS = 0.0670303, max = 0.13463 (LHip)
[2024-10-09 17:46:48.927] [info] Frame 39 (t = 1.33333):	 total squared error = 0.0855659, marker error: RMS = 0.0671079, max = 0.135421 (LHip)
[2024-10-09 17:46:48.962] [info] Frame 40 (t = 1.36667):	 total squared error = 0.0858233, marker error: RMS = 0.0672088, max = 0.135839 (LHip)
[2024-10-09 17:46:48.979] [info] Frame 41 (t = 1.4):	 total squared error = 0.0859933, marker error: RMS = 0.0672753, max = 0.136053 (LHip)
[2024-10-09 17:46:49.019] [info] Frame 42 (t = 1.43333):	 total squared error = 0.0863844, marker error: RMS = 0.0674281, max = 0.135544 (LHip)
[2024-10-09 17:46:49.059] [info] Frame 43 (t = 1.46667):	 total squared error = 0.0866416, marker error: RMS = 0.0675284, max = 0.134997 (LHip)
[2024-10-09 17:46:49.097] [info] Frame 44 (t = 1.5):	 total squared error = 0.0868213, marker error: RMS = 0.0675984, max = 0.134208 (LHip)
[2024-10-09 17:46:49.134] [info] Frame 45 (t = 1.53333):	 total squared error = 0.0870133, marker error: RMS = 0.0676731, max = 0.133403 (LHip)
[2024-10-09 17:46:49.169] [info] Frame 46 (t = 1.56667):	 total squared error = 0.0873256, marker error: RMS = 0.0677944, max = 0.132593 (LHip)
[2024-10-09 17:46:49.212] [info] Frame 47 (t = 1.6):	 total squared error = 0.0876032, marker error: RMS = 0.0679021, max = 0.132003 (LHip)
[2024-10-09 17:46:49.234] [info] Frame 48 (t = 1.63333):	 total squared error = 0.0876721, marker error: RMS = 0.0679288, max = 0.131834 (LHip)
[2024-10-09 17:46:49.268] [info] Frame 49 (t = 1.66667):	 total squared error = 0.0875865, marker error: RMS = 0.0678956, max = 0.131736 (LHip)
[2024-10-09 17:46:49.291] [info] Frame 50 (t = 1.7):	 total squared error = 0.087553, marker error: RMS = 0.0678826, max = 0.132054 (LHip)
[2024-10-09 17:46:49.320] [info] Frame 51 (t = 1.73333):	 total squared error = 0.0874528, marker error: RMS = 0.0678438, max = 0.132322 (LHip)
[2024-10-09 17:46:49.338] [info] Frame 52 (t = 1.76667):	 total squared error = 0.0874083, marker error: RMS = 0.0678265, max = 0.132564 (LHip)
[2024-10-09 17:46:49.370] [info] Frame 53 (t = 1.8):	 total squared error = 0.0870203, marker error: RMS = 0.0676758, max = 0.132765 (LHip)
[2024-10-09 17:46:49.397] [info] Frame 54 (t = 1.83333):	 total squared error = 0.086537, marker error: RMS = 0.0674876, max = 0.132857 (LHip)
[2024-10-09 17:46:49.414] [info] Frame 55 (t = 1.86667):	 total squared error = 0.0860189, marker error: RMS = 0.0672853, max = 0.132693 (LHip)
[2024-10-09 17:46:49.442] [info] Frame 56 (t = 1.9):	 total squared error = 0.0855005, marker error: RMS = 0.0670822, max = 0.13293 (LHip)
[2024-10-09 17:46:49.464] [info] Frame 57 (t = 1.93333):	 total squared error = 0.0852336, marker error: RMS = 0.0669775, max = 0.132854 (LHip)
[2024-10-09 17:46:49.480] [info] Frame 58 (t = 1.96667):	 total squared error = 0.0850814, marker error: RMS = 0.0669176, max = 0.132591 (LHip)
[2024-10-09 17:46:49.517] [info] Frame 59 (t = 2.0):	 total squared error = 0.0852627, marker error: RMS = 0.0669889, max = 0.132174 (LHip)
[2024-10-09 17:46:49.550] [info] Frame 60 (t = 2.03333):	 total squared error = 0.0854098, marker error: RMS = 0.0670466, max = 0.131973 (LHip)
[2024-10-09 17:46:49.613] [info] Frame 61 (t = 2.06667):	 total squared error = 0.0855176, marker error: RMS = 0.0670890, max = 0.132044 (LHip)
[2024-10-09 17:46:49.649] [info] Frame 62 (t = 2.1):	 total squared error = 0.085781, marker error: RMS = 0.0671922, max = 0.132499 (LHip)
[2024-10-09 17:46:49.681] [info] Frame 63 (t = 2.13333):	 total squared error = 0.0862484, marker error: RMS = 0.067375, max = 0.13297 (LHip)
[2024-10-09 17:46:49.719] [info] Frame 64 (t = 2.16667):	 total squared error = 0.0868637, marker error: RMS = 0.0676149, max = 0.133238 (LHip)
[2024-10-09 17:46:49.771] [info] Frame 65 (t = 2.2):	 total squared error = 0.0875561, marker error: RMS = 0.0678838, max = 0.133079 (LHip)
[2024-10-09 17:46:49.803] [info] Frame 66 (t = 2.23333):	 total squared error = 0.087927, marker error: RMS = 0.0680275, max = 0.133145 (LHip)
[2024-10-09 17:46:49.821] [info] Frame 67 (t = 2.26667):	 total squared error = 0.0879654, marker error: RMS = 0.0680423, max = 0.133238 (LHip)
[2024-10-09 17:46:49.873] [info] Frame 68 (t = 2.3):	 total squared error = 0.0878002, marker error: RMS = 0.0679784, max = 0.133277 (LHip)
[2024-10-09 17:46:49.892] [info] Frame 69 (t = 2.33333):	 total squared error = 0.087545, marker error: RMS = 0.0678795, max = 0.133346 (LHip)
[2024-10-09 17:46:49.908] [info] Frame 70 (t = 2.36667):	 total squared error = 0.0873876, marker error: RMS = 0.0678185, max = 0.133435 (LHip)
[2024-10-09 17:46:49.944] [info] Frame 71 (t = 2.4):	 total squared error = 0.0873061, marker error: RMS = 0.0677869, max = 0.133654 (LHip)
[2024-10-09 17:46:49.979] [info] Frame 72 (t = 2.43333):	 total squared error = 0.0874355, marker error: RMS = 0.0678371, max = 0.13386 (LHip)
[2024-10-09 17:46:50.016] [info] Frame 73 (t = 2.46667):	 total squared error = 0.0878014, marker error: RMS = 0.0679789, max = 0.134068 (LHip)
[2024-10-09 17:46:50.060] [info] Frame 74 (t = 2.5):	 total squared error = 0.0883268, marker error: RMS = 0.0681819, max = 0.134124 (LHip)
[2024-10-09 17:46:50.099] [info] Frame 75 (t = 2.53333):	 total squared error = 0.0886585, marker error: RMS = 0.0683099, max = 0.134299 (LHip)
[2024-10-09 17:46:50.135] [info] Frame 76 (t = 2.56667):	 total squared error = 0.0889732, marker error: RMS = 0.068431, max = 0.134112 (LHip)
[2024-10-09 17:46:50.170] [info] Frame 77 (t = 2.6):	 total squared error = 0.0891605, marker error: RMS = 0.0685030, max = 0.133738 (LHip)
[2024-10-09 17:46:50.204] [info] Frame 78 (t = 2.63333):	 total squared error = 0.0890980, marker error: RMS = 0.068479, max = 0.13356 (LHip)
[2024-10-09 17:46:50.235] [info] Frame 79 (t = 2.66667):	 total squared error = 0.0890589, marker error: RMS = 0.0684639, max = 0.133236 (LHip)
[2024-10-09 17:46:50.287] [info] Frame 80 (t = 2.7):	 total squared error = 0.0888925, marker error: RMS = 0.0683999, max = 0.133212 (LHip)
[2024-10-09 17:46:50.323] [info] Frame 81 (t = 2.73333):	 total squared error = 0.0887754, marker error: RMS = 0.0683549, max = 0.133021 (LHip)
[2024-10-09 17:46:50.390] [info] Frame 82 (t = 2.76667):	 total squared error = 0.0886769, marker error: RMS = 0.0683169, max = 0.132809 (LHip)
[2024-10-09 17:46:50.423] [info] Frame 83 (t = 2.8):	 total squared error = 0.0886714, marker error: RMS = 0.0683148, max = 0.132606 (LHip)
[2024-10-09 17:46:50.445] [info] Frame 84 (t = 2.83333):	 total squared error = 0.0885985, marker error: RMS = 0.0682867, max = 0.132426 (LHip)
[2024-10-09 17:46:50.507] [info] Frame 85 (t = 2.86667):	 total squared error = 0.0885171, marker error: RMS = 0.0682554, max = 0.13218 (LHip)
[2024-10-09 17:46:50.531] [info] Frame 86 (t = 2.9):	 total squared error = 0.0880602, marker error: RMS = 0.0680790, max = 0.132325 (LHip)
[2024-10-09 17:46:50.547] [info] Frame 87 (t = 2.93333):	 total squared error = 0.0874715, marker error: RMS = 0.067851, max = 0.132524 (LHip)
[2024-10-09 17:46:50.584] [info] Frame 88 (t = 2.96667):	 total squared error = 0.0871083, marker error: RMS = 0.06771, max = 0.132949 (LHip)
[2024-10-09 17:46:50.651] [info] Frame 89 (t = 3.0):	 total squared error = 0.0868312, marker error: RMS = 0.0676023, max = 0.133415 (LHip)
[2024-10-09 17:46:50.670] [info] Frame 90 (t = 3.03333):	 total squared error = 0.0869274, marker error: RMS = 0.0676397, max = 0.133636 (LHip)
[2024-10-09 17:46:50.700] [info] Frame 91 (t = 3.06667):	 total squared error = 0.0868504, marker error: RMS = 0.0676097, max = 0.134215 (LHip)
[2024-10-09 17:46:50.719] [info] Frame 92 (t = 3.1):	 total squared error = 0.0869842, marker error: RMS = 0.0676618, max = 0.134172 (LHip)
[2024-10-09 17:46:50.788] [info] Frame 93 (t = 3.13333):	 total squared error = 0.0866771, marker error: RMS = 0.0675422, max = 0.134064 (LHip)
[2024-10-09 17:46:50.853] [info] Frame 94 (t = 3.16667):	 total squared error = 0.0864845, marker error: RMS = 0.0674672, max = 0.13364 (LHip)
[2024-10-09 17:46:50.918] [info] Frame 95 (t = 3.2):	 total squared error = 0.0863964, marker error: RMS = 0.0674328, max = 0.132959 (LHip)
[2024-10-09 17:46:50.960] [info] Frame 96 (t = 3.23333):	 total squared error = 0.0865245, marker error: RMS = 0.0674827, max = 0.132294 (LHip)
[2024-10-09 17:46:50.978] [info] Frame 97 (t = 3.26667):	 total squared error = 0.0868429, marker error: RMS = 0.0676068, max = 0.131862 (LHip)
[2024-10-09 17:46:51.017] [info] Frame 98 (t = 3.3):	 total squared error = 0.0873901, marker error: RMS = 0.0678194, max = 0.131368 (LHip)
[2024-10-09 17:46:51.047] [info] Frame 99 (t = 3.33333):	 total squared error = 0.0878085, marker error: RMS = 0.0679816, max = 0.131225 (LHip)
[2024-10-09 17:46:51.066] [info] Frame 100 (t = 3.36667):	 total squared error = 0.0878916, marker error: RMS = 0.0680138, max = 0.131312 (LHip)
[2024-10-09 17:46:51.096] [info] Frame 101 (t = 3.4):	 total squared error = 0.0881651, marker error: RMS = 0.0681195, max = 0.131253 (LHip)
[2024-10-09 17:46:51.115] [info] Frame 102 (t = 3.43333):	 total squared error = 0.0880487, marker error: RMS = 0.0680745, max = 0.131366 (LHip)
[2024-10-09 17:46:51.134] [info] Frame 103 (t = 3.46667):	 total squared error = 0.087873, marker error: RMS = 0.0680066, max = 0.131572 (LHip)
[2024-10-09 17:46:51.156] [info] Frame 104 (t = 3.5):	 total squared error = 0.0876955, marker error: RMS = 0.0679379, max = 0.131723 (LHip)
[2024-10-09 17:46:51.188] [info] Frame 105 (t = 3.53333):	 total squared error = 0.0875464, marker error: RMS = 0.0678801, max = 0.131565 (LHip)
[2024-10-09 17:46:51.260] [info] Frame 106 (t = 3.56667):	 total squared error = 0.0876196, marker error: RMS = 0.0679085, max = 0.131345 (LHip)
[2024-10-09 17:46:51.289] [info] Frame 107 (t = 3.6):	 total squared error = 0.0875918, marker error: RMS = 0.0678977, max = 0.131356 (LHip)
[2024-10-09 17:46:51.323] [info] Frame 108 (t = 3.63333):	 total squared error = 0.0877072, marker error: RMS = 0.0679424, max = 0.130840 (LHip)
[2024-10-09 17:46:51.358] [info] Frame 109 (t = 3.66667):	 total squared error = 0.0876782, marker error: RMS = 0.0679312, max = 0.130573 (LHip)
[2024-10-09 17:46:51.375] [info] Frame 110 (t = 3.7):	 total squared error = 0.0874163, marker error: RMS = 0.0678296, max = 0.130534 (LHip)
[2024-10-09 17:46:51.401] [info] Frame 111 (t = 3.73333):	 total squared error = 0.0870883, marker error: RMS = 0.0677023, max = 0.130924 (LHip)
[2024-10-09 17:46:51.417] [info] Frame 112 (t = 3.76667):	 total squared error = 0.086871, marker error: RMS = 0.0676177, max = 0.130843 (LHip)
[2024-10-09 17:46:51.435] [info] Frame 113 (t = 3.8):	 total squared error = 0.0866523, marker error: RMS = 0.0675326, max = 0.130841 (LHip)
[2024-10-09 17:46:51.461] [info] Frame 114 (t = 3.83333):	 total squared error = 0.0862249, marker error: RMS = 0.0673658, max = 0.131207 (LHip)
[2024-10-09 17:46:51.505] [info] Frame 115 (t = 3.86667):	 total squared error = 0.0859491, marker error: RMS = 0.067258, max = 0.131103 (LHip)
[2024-10-09 17:46:51.543] [info] Frame 116 (t = 3.9):	 total squared error = 0.0858299, marker error: RMS = 0.0672113, max = 0.131056 (LHip)
[2024-10-09 17:46:51.586] [info] Frame 117 (t = 3.93333):	 total squared error = 0.0858829, marker error: RMS = 0.0672321, max = 0.131039 (LHip)
[2024-10-09 17:46:51.600] [info] Frame 118 (t = 3.96667):	 total squared error = 0.0859505, marker error: RMS = 0.0672585, max = 0.131279 (LHip)
[2024-10-09 17:46:51.618] [info] Frame 119 (t = 4.0):	 total squared error = 0.0860442, marker error: RMS = 0.0672952, max = 0.131653 (LHip)
[2024-10-09 17:46:51.655] [info] Frame 120 (t = 4.03333):	 total squared error = 0.0861162, marker error: RMS = 0.0673233, max = 0.131956 (LHip)
[2024-10-09 17:46:51.688] [info] Frame 121 (t = 4.06667):	 total squared error = 0.0861457, marker error: RMS = 0.0673349, max = 0.132285 (LHip)
[2024-10-09 17:46:51.711] [info] Frame 122 (t = 4.1):	 total squared error = 0.0861368, marker error: RMS = 0.0673314, max = 0.132622 (LHip)
[2024-10-09 17:46:51.739] [info] Frame 123 (t = 4.13333):	 total squared error = 0.086233, marker error: RMS = 0.067369, max = 0.132726 (LHip)
[2024-10-09 17:46:51.762] [info] Frame 124 (t = 4.16667):	 total squared error = 0.086553, marker error: RMS = 0.0674939, max = 0.132884 (LHip)
[2024-10-09 17:46:51.778] [info] Frame 125 (t = 4.2):	 total squared error = 0.0869365, marker error: RMS = 0.0676432, max = 0.132933 (LHip)
[2024-10-09 17:46:51.825] [info] Frame 126 (t = 4.23333):	 total squared error = 0.0874363, marker error: RMS = 0.0678374, max = 0.132418 (LHip)
[2024-10-09 17:46:51.860] [info] Frame 127 (t = 4.26667):	 total squared error = 0.0876209, marker error: RMS = 0.0679089, max = 0.132222 (LHip)
[2024-10-09 17:46:51.901] [info] Frame 128 (t = 4.3):	 total squared error = 0.0877797, marker error: RMS = 0.0679704, max = 0.131973 (LHip)
[2024-10-09 17:46:51.920] [info] Frame 129 (t = 4.33333):	 total squared error = 0.0878068, marker error: RMS = 0.067981, max = 0.131851 (LHip)
[2024-10-09 17:46:51.949] [info] Frame 130 (t = 4.36667):	 total squared error = 0.0877321, marker error: RMS = 0.067952, max = 0.131901 (LHip)
[2024-10-09 17:46:51.966] [info] Frame 131 (t = 4.4):	 total squared error = 0.0878183, marker error: RMS = 0.0679854, max = 0.131898 (LHip)
[2024-10-09 17:46:51.985] [info] Frame 132 (t = 4.43333):	 total squared error = 0.0879915, marker error: RMS = 0.0680524, max = 0.131951 (LHip)
[2024-10-09 17:46:52.020] [info] Frame 133 (t = 4.46667):	 total squared error = 0.0882151, marker error: RMS = 0.0681388, max = 0.131967 (LHip)
[2024-10-09 17:46:52.036] [info] Frame 134 (t = 4.5):	 total squared error = 0.0881516, marker error: RMS = 0.0681143, max = 0.131972 (LHip)
[2024-10-09 17:46:52.053] [info] Frame 135 (t = 4.53333):	 total squared error = 0.087872, marker error: RMS = 0.0680062, max = 0.131999 (LHip)
[2024-10-09 17:46:52.086] [info] Frame 136 (t = 4.56667):	 total squared error = 0.0878769, marker error: RMS = 0.0680081, max = 0.131392 (LHip)
[2024-10-09 17:46:52.103] [info] Frame 137 (t = 4.6):	 total squared error = 0.0875503, marker error: RMS = 0.0678816, max = 0.13123 (LHip)
[2024-10-09 17:46:52.138] [info] Frame 138 (t = 4.63333):	 total squared error = 0.0874941, marker error: RMS = 0.0678598, max = 0.130827 (LHip)
[2024-10-09 17:46:52.175] [info] Frame 139 (t = 4.66667):	 total squared error = 0.0873499, marker error: RMS = 0.0678038, max = 0.131113 (LHip)
[2024-10-09 17:46:52.205] [info] Frame 140 (t = 4.7):	 total squared error = 0.0872108, marker error: RMS = 0.0677498, max = 0.13152 (LHip)
[2024-10-09 17:46:52.236] [info] Frame 141 (t = 4.73333):	 total squared error = 0.086876, marker error: RMS = 0.0676197, max = 0.132269 (LHip)
[2024-10-09 17:46:52.265] [info] Frame 142 (t = 4.76667):	 total squared error = 0.0864385, marker error: RMS = 0.0674492, max = 0.133235 (LHip)
[2024-10-09 17:46:52.327] [info] Frame 143 (t = 4.8):	 total squared error = 0.0861193, marker error: RMS = 0.0673246, max = 0.133844 (LHip)
[2024-10-09 17:46:52.390] [info] Frame 144 (t = 4.83333):	 total squared error = 0.085852, marker error: RMS = 0.06722, max = 0.13445 (LHip)
[2024-10-09 17:46:52.450] [info] Frame 145 (t = 4.86667):	 total squared error = 0.0857088, marker error: RMS = 0.0671639, max = 0.134579 (LHip)
[2024-10-09 17:46:52.470] [info] Frame 146 (t = 4.9):	 total squared error = 0.0856667, marker error: RMS = 0.0671474, max = 0.134387 (LHip)
[2024-10-09 17:46:52.491] [info] Frame 147 (t = 4.93333):	 total squared error = 0.0856465, marker error: RMS = 0.0671395, max = 0.13423 (LHip)
[2024-10-09 17:46:52.518] [info] Frame 148 (t = 4.96667):	 total squared error = 0.0856428, marker error: RMS = 0.067138, max = 0.134267 (LHip)
[2024-10-09 17:46:52.548] [info] Frame 149 (t = 5.0):	 total squared error = 0.0855539, marker error: RMS = 0.0671032, max = 0.134617 (LHip)
[2024-10-09 17:46:52.572] [info] Frame 150 (t = 5.03333):	 total squared error = 0.085597, marker error: RMS = 0.0671201, max = 0.135231 (LHip)
[2024-10-09 17:46:52.625] [info] Frame 151 (t = 5.06667):	 total squared error = 0.0854187, marker error: RMS = 0.0670501, max = 0.135999 (LHip)
[2024-10-09 17:46:52.671] [info] Frame 152 (t = 5.1):	 total squared error = 0.085542, marker error: RMS = 0.0670985, max = 0.136455 (LHip)
[2024-10-09 17:46:52.707] [info] Frame 153 (t = 5.13333):	 total squared error = 0.0857695, marker error: RMS = 0.0671877, max = 0.136603 (LHip)
[2024-10-09 17:46:52.792] [info] Frame 154 (t = 5.16667):	 total squared error = 0.086147, marker error: RMS = 0.0673354, max = 0.136144 (LHip)
[2024-10-09 17:46:52.871] [info] Frame 155 (t = 5.2):	 total squared error = 0.0864599, marker error: RMS = 0.0674575, max = 0.135428 (LHip)
[2024-10-09 17:46:52.917] [info] Frame 156 (t = 5.23333):	 total squared error = 0.0868144, marker error: RMS = 0.0675957, max = 0.134446 (LHip)
[2024-10-09 17:46:52.950] [info] Frame 157 (t = 5.26667):	 total squared error = 0.0871574, marker error: RMS = 0.0677291, max = 0.133316 (LHip)
[2024-10-09 17:46:53.017] [info] Frame 158 (t = 5.3):	 total squared error = 0.0874297, marker error: RMS = 0.0678348, max = 0.132408 (LHip)
[2024-10-09 17:46:53.055] [info] Frame 159 (t = 5.33333):	 total squared error = 0.0874315, marker error: RMS = 0.0678355, max = 0.131614 (LHip)
[2024-10-09 17:46:53.092] [info] Frame 160 (t = 5.36667):	 total squared error = 0.0871413, marker error: RMS = 0.0677228, max = 0.131189 (LHip)
[2024-10-09 17:46:53.154] [info] Frame 161 (t = 5.4):	 total squared error = 0.08685, marker error: RMS = 0.0676096, max = 0.130920 (LHip)
[2024-10-09 17:46:53.177] [info] Frame 162 (t = 5.43333):	 total squared error = 0.0865273, marker error: RMS = 0.0674838, max = 0.130883 (LHip)
[2024-10-09 17:46:53.205] [info] Frame 163 (t = 5.46667):	 total squared error = 0.0862087, marker error: RMS = 0.0673595, max = 0.130764 (LHip)
[2024-10-09 17:46:53.221] [info] Frame 164 (t = 5.5):	 total squared error = 0.0860605, marker error: RMS = 0.0673015, max = 0.130782 (LHip)
[2024-10-09 17:46:53.251] [info] Frame 165 (t = 5.53333):	 total squared error = 0.0856321, marker error: RMS = 0.0671338, max = 0.130828 (LHip)
[2024-10-09 17:46:53.284] [info] Frame 166 (t = 5.56667):	 total squared error = 0.0852783, marker error: RMS = 0.066995, max = 0.131133 (LHip)
[2024-10-09 17:46:53.360] [info] Frame 167 (t = 5.6):	 total squared error = 0.0851195, marker error: RMS = 0.0669326, max = 0.130895 (LHip)
[2024-10-09 17:46:53.414] [info] Frame 168 (t = 5.63333):	 total squared error = 0.0852235, marker error: RMS = 0.0669735, max = 0.130777 (LHip)
[2024-10-09 17:46:53.430] [info] Frame 169 (t = 5.66667):	 total squared error = 0.085485, marker error: RMS = 0.0670761, max = 0.130766 (LHip)
[2024-10-09 17:46:53.495] [info] Frame 170 (t = 5.7):	 total squared error = 0.0858675, marker error: RMS = 0.0672261, max = 0.130660 (LHip)
[2024-10-09 17:46:53.512] [info] Frame 171 (t = 5.73333):	 total squared error = 0.0858349, marker error: RMS = 0.0672133, max = 0.131047 (LHip)
[2024-10-09 17:46:53.568] [info] Frame 172 (t = 5.76667):	 total squared error = 0.0859796, marker error: RMS = 0.0672699, max = 0.131156 (LHip)
[2024-10-09 17:46:53.605] [info] Frame 173 (t = 5.8):	 total squared error = 0.0860102, marker error: RMS = 0.0672819, max = 0.131385 (LHip)
[2024-10-09 17:46:53.652] [info] Frame 174 (t = 5.83333):	 total squared error = 0.0860757, marker error: RMS = 0.0673075, max = 0.131327 (LHip)
[2024-10-09 17:46:53.687] [info] Frame 175 (t = 5.86667):	 total squared error = 0.0863090, marker error: RMS = 0.0673987, max = 0.130959 (LHip)
[2024-10-09 17:46:53.707] [info] Frame 176 (t = 5.9):	 total squared error = 0.0866088, marker error: RMS = 0.0675156, max = 0.130557 (LHip)
[2024-10-09 17:46:53.776] [info] Frame 177 (t = 5.93333):	 total squared error = 0.0869062, marker error: RMS = 0.0676314, max = 0.130115 (LHip)
[2024-10-09 17:46:53.807] [info] Frame 178 (t = 5.96667):	 total squared error = 0.0869888, marker error: RMS = 0.0676636, max = 0.129757 (LHip)
[2024-10-09 17:46:53.827] [info] Frame 179 (t = 6.0):	 total squared error = 0.0870423, marker error: RMS = 0.0676844, max = 0.129405 (LHip)
[2024-10-09 17:46:53.880] [info] Frame 180 (t = 6.03333):	 total squared error = 0.0865611, marker error: RMS = 0.067497, max = 0.129847 (LHip)
[2024-10-09 17:46:53.906] [info] Frame 181 (t = 6.06667):	 total squared error = 0.0863565, marker error: RMS = 0.0674172, max = 0.130153 (LHip)
[2024-10-09 17:46:53.922] [info] Frame 182 (t = 6.1):	 total squared error = 0.0862971, marker error: RMS = 0.067394, max = 0.130461 (LHip)
[2024-10-09 17:46:53.978] [info] Frame 183 (t = 6.13333):	 total squared error = 0.0860953, marker error: RMS = 0.0673152, max = 0.130902 (LHip)
[2024-10-09 17:46:54.015] [info] Frame 184 (t = 6.16667):	 total squared error = 0.0859074, marker error: RMS = 0.0672417, max = 0.131776 (LHip)
[2024-10-09 17:46:54.054] [info] Frame 185 (t = 6.2):	 total squared error = 0.0857788, marker error: RMS = 0.0671913, max = 0.132483 (LHip)
[2024-10-09 17:46:54.074] [info] Frame 186 (t = 6.23333):	 total squared error = 0.0857756, marker error: RMS = 0.0671901, max = 0.133122 (LHip)
[2024-10-09 17:46:54.090] [info] Frame 187 (t = 6.26667):	 total squared error = 0.0858676, marker error: RMS = 0.0672261, max = 0.133292 (LHip)
[2024-10-09 17:46:54.138] [info] Frame 188 (t = 6.3):	 total squared error = 0.0859814, marker error: RMS = 0.0672706, max = 0.13293 (LHip)
[2024-10-09 17:46:54.156] [info] Frame 189 (t = 6.33333):	 total squared error = 0.0860478, marker error: RMS = 0.0672966, max = 0.132653 (LHip)
[2024-10-09 17:46:54.173] [info] Frame 190 (t = 6.36667):	 total squared error = 0.0861348, marker error: RMS = 0.0673306, max = 0.132239 (LHip)
[2024-10-09 17:46:54.203] [info] Frame 191 (t = 6.4):	 total squared error = 0.086298, marker error: RMS = 0.0673944, max = 0.131598 (LHip)
[2024-10-09 17:46:54.227] [info] Frame 192 (t = 6.43333):	 total squared error = 0.0862918, marker error: RMS = 0.0673919, max = 0.131577 (LHip)
[2024-10-09 17:46:54.246] [info] Frame 193 (t = 6.46667):	 total squared error = 0.0861703, marker error: RMS = 0.0673445, max = 0.131933 (LHip)
[2024-10-09 17:46:54.281] [info] Frame 194 (t = 6.5):	 total squared error = 0.0859809, marker error: RMS = 0.0672704, max = 0.132227 (LHip)
[2024-10-09 17:46:54.320] [info] Frame 195 (t = 6.53333):	 total squared error = 0.0857871, marker error: RMS = 0.0671946, max = 0.132605 (LHip)
[2024-10-09 17:46:54.335] [info] Frame 196 (t = 6.56667):	 total squared error = 0.085662, marker error: RMS = 0.0671456, max = 0.132951 (LHip)
[2024-10-09 17:46:54.386] [info] Frame 197 (t = 6.6):	 total squared error = 0.0855381, marker error: RMS = 0.0670970, max = 0.133189 (LHip)
[2024-10-09 17:46:54.408] [info] Frame 198 (t = 6.63333):	 total squared error = 0.0855384, marker error: RMS = 0.0670971, max = 0.133178 (LHip)
[2024-10-09 17:46:54.446] [info] Frame 199 (t = 6.66667):	 total squared error = 0.0854748, marker error: RMS = 0.0670721, max = 0.132968 (LHip)
[2024-10-09 17:46:54.481] [info] Frame 200 (t = 6.7):	 total squared error = 0.0856296, marker error: RMS = 0.0671329, max = 0.132424 (LHip)
[2024-10-09 17:46:54.515] [info] Frame 201 (t = 6.73333):	 total squared error = 0.0856813, marker error: RMS = 0.0671531, max = 0.132235 (LHip)
[2024-10-09 17:46:54.551] [info] Frame 202 (t = 6.76667):	 total squared error = 0.0863694, marker error: RMS = 0.0674222, max = 0.131126 (LHip)
[2024-10-09 17:46:54.574] [info] Frame 203 (t = 6.8):	 total squared error = 0.0867922, marker error: RMS = 0.067587, max = 0.131020 (LHip)
[2024-10-09 17:46:54.606] [info] Frame 204 (t = 6.83333):	 total squared error = 0.087372, marker error: RMS = 0.0678124, max = 0.130478 (LHip)
[2024-10-09 17:46:54.664] [info] Frame 205 (t = 6.86667):	 total squared error = 0.087784, marker error: RMS = 0.0679721, max = 0.130466 (LHip)
[2024-10-09 17:46:54.689] [info] Frame 206 (t = 6.9):	 total squared error = 0.0881242, marker error: RMS = 0.0681037, max = 0.130289 (LHip)
[2024-10-09 17:46:54.718] [info] Frame 207 (t = 6.93333):	 total squared error = 0.0883902, marker error: RMS = 0.0682064, max = 0.130078 (LHip)
[2024-10-09 17:46:54.735] [info] Frame 208 (t = 6.96667):	 total squared error = 0.0883411, marker error: RMS = 0.0681875, max = 0.129886 (LHip)
[2024-10-09 17:46:54.763] [info] Frame 209 (t = 7.0):	 total squared error = 0.0885692, marker error: RMS = 0.0682755, max = 0.129696 (LHip)
[2024-10-09 17:46:54.798] [info] Frame 210 (t = 7.03333):	 total squared error = 0.0885706, marker error: RMS = 0.068276, max = 0.129509 (LHip)
[2024-10-09 17:46:54.822] [info] Frame 211 (t = 7.06667):	 total squared error = 0.0883855, marker error: RMS = 0.0682046, max = 0.129605 (LHip)
[2024-10-09 17:46:54.844] [info] Frame 212 (t = 7.1):	 total squared error = 0.0882436, marker error: RMS = 0.0681498, max = 0.129678 (LHip)
[2024-10-09 17:46:54.874] [info] Frame 213 (t = 7.13333):	 total squared error = 0.0881367, marker error: RMS = 0.0681085, max = 0.129381 (LHip)
[2024-10-09 17:46:54.903] [info] Frame 214 (t = 7.16667):	 total squared error = 0.0879707, marker error: RMS = 0.0680444, max = 0.129211 (LHip)
[2024-10-09 17:46:54.942] [info] Frame 215 (t = 7.2):	 total squared error = 0.0878145, marker error: RMS = 0.0679839, max = 0.1291 (LHip)
[2024-10-09 17:46:54.973] [info] Frame 216 (t = 7.23333):	 total squared error = 0.0877443, marker error: RMS = 0.0679568, max = 0.128883 (LHip)
[2024-10-09 17:46:54.991] [info] Frame 217 (t = 7.26667):	 total squared error = 0.0877085, marker error: RMS = 0.0679429, max = 0.128806 (LHip)
[2024-10-09 17:46:55.038] [info] Frame 218 (t = 7.3):	 total squared error = 0.0876442, marker error: RMS = 0.067918, max = 0.128939 (LHip)
[2024-10-09 17:46:55.054] [info] Frame 219 (t = 7.33333):	 total squared error = 0.0874534, marker error: RMS = 0.067844, max = 0.129123 (LHip)
[2024-10-09 17:46:55.083] [info] Frame 220 (t = 7.36667):	 total squared error = 0.0871696, marker error: RMS = 0.0677338, max = 0.129907 (LHip)
[2024-10-09 17:46:55.100] [info] Frame 221 (t = 7.4):	 total squared error = 0.0868295, marker error: RMS = 0.0676016, max = 0.130204 (LHip)
[2024-10-09 17:46:55.128] [info] Frame 222 (t = 7.43333):	 total squared error = 0.0866281, marker error: RMS = 0.0675231, max = 0.130543 (LHip)
[2024-10-09 17:46:55.145] [info] Frame 223 (t = 7.46667):	 total squared error = 0.0864709, marker error: RMS = 0.0674618, max = 0.130655 (LHip)
[2024-10-09 17:46:55.161] [info] Frame 224 (t = 7.5):	 total squared error = 0.0864761, marker error: RMS = 0.0674639, max = 0.130642 (LHip)
[2024-10-09 17:46:55.224] [info] Frame 225 (t = 7.53333):	 total squared error = 0.0868289, marker error: RMS = 0.0676013, max = 0.130013 (LHip)
[2024-10-09 17:46:55.247] [info] Frame 226 (t = 7.56667):	 total squared error = 0.0869756, marker error: RMS = 0.0676584, max = 0.12985 (LHip)
[2024-10-09 17:46:55.280] [info] Frame 227 (t = 7.6):	 total squared error = 0.0869871, marker error: RMS = 0.0676629, max = 0.129766 (LHip)
[2024-10-09 17:46:55.333] [info] Frame 228 (t = 7.63333):	 total squared error = 0.0870043, marker error: RMS = 0.0676696, max = 0.129781 (LHip)
[2024-10-09 17:46:55.355] [info] Frame 229 (t = 7.66667):	 total squared error = 0.0871885, marker error: RMS = 0.0677412, max = 0.12968 (LHip)
[2024-10-09 17:46:55.384] [info] Frame 230 (t = 7.7):	 total squared error = 0.0871887, marker error: RMS = 0.0677413, max = 0.129789 (LHip)
[2024-10-09 17:46:55.400] [info] Frame 231 (t = 7.73333):	 total squared error = 0.0872322, marker error: RMS = 0.0677582, max = 0.129812 (LHip)
[2024-10-09 17:46:55.449] [info] Frame 232 (t = 7.76667):	 total squared error = 0.0871626, marker error: RMS = 0.0677311, max = 0.130154 (LHip)
[2024-10-09 17:46:55.468] [info] Frame 233 (t = 7.8):	 total squared error = 0.0870070, marker error: RMS = 0.0676706, max = 0.130424 (LHip)
[2024-10-09 17:46:55.518] [info] Frame 234 (t = 7.83333):	 total squared error = 0.0868934, marker error: RMS = 0.0676264, max = 0.130718 (LHip)
[2024-10-09 17:46:55.535] [info] Frame 235 (t = 7.86667):	 total squared error = 0.0867492, marker error: RMS = 0.0675703, max = 0.130731 (LHip)
[2024-10-09 17:46:55.572] [info] Frame 236 (t = 7.9):	 total squared error = 0.0865557, marker error: RMS = 0.0674949, max = 0.130890 (LHip)
[2024-10-09 17:46:55.613] [info] Frame 237 (t = 7.93333):	 total squared error = 0.0864385, marker error: RMS = 0.0674492, max = 0.130599 (LHip)
[2024-10-09 17:46:55.673] [info] Frame 238 (t = 7.96667):	 total squared error = 0.0863588, marker error: RMS = 0.0674181, max = 0.130073 (LHip)
[2024-10-09 17:46:55.715] [info] Frame 239 (t = 8.0):	 total squared error = 0.0863648, marker error: RMS = 0.0674204, max = 0.129557 (LHip)
[2024-10-09 17:46:55.763] [info] Frame 240 (t = 8.03333):	 total squared error = 0.0863605, marker error: RMS = 0.0674188, max = 0.129244 (LHip)
[2024-10-09 17:46:55.780] [info] Frame 241 (t = 8.06667):	 total squared error = 0.0863942, marker error: RMS = 0.0674319, max = 0.129423 (LHip)
[2024-10-09 17:46:55.795] [info] Frame 242 (t = 8.1):	 total squared error = 0.0865009, marker error: RMS = 0.0674735, max = 0.129724 (LHip)
[2024-10-09 17:46:55.860] [info] Frame 243 (t = 8.13333):	 total squared error = 0.0868089, marker error: RMS = 0.0675935, max = 0.129883 (LHip)
[2024-10-09 17:46:55.889] [info] Frame 244 (t = 8.16667):	 total squared error = 0.0871050, marker error: RMS = 0.0677087, max = 0.130396 (LHip)
[2024-10-09 17:46:55.945] [info] Frame 245 (t = 8.2):	 total squared error = 0.0874423, marker error: RMS = 0.0678397, max = 0.130625 (LHip)
[2024-10-09 17:46:55.960] [info] Frame 246 (t = 8.23333):	 total squared error = 0.0875718, marker error: RMS = 0.0678899, max = 0.130627 (LHip)
[2024-10-09 17:46:55.983] [info] Frame 247 (t = 8.26667):	 total squared error = 0.0874522, marker error: RMS = 0.0678436, max = 0.130852 (LHip)
[2024-10-09 17:46:56.014] [info] Frame 248 (t = 8.3):	 total squared error = 0.0871594, marker error: RMS = 0.0677299, max = 0.130576 (LHip)
[2024-10-09 17:46:56.083] [info] Frame 249 (t = 8.33333):	 total squared error = 0.0869095, marker error: RMS = 0.0676327, max = 0.130157 (LHip)
[2024-10-09 17:46:56.104] [info] Frame 250 (t = 8.36667):	 total squared error = 0.0868583, marker error: RMS = 0.0676128, max = 0.129768 (LHip)
[2024-10-09 17:46:56.130] [info] Frame 251 (t = 8.4):	 total squared error = 0.0871882, marker error: RMS = 0.0677411, max = 0.129278 (LHip)
[2024-10-09 17:46:56.147] [info] Frame 252 (t = 8.43333):	 total squared error = 0.0876749, marker error: RMS = 0.0679299, max = 0.129279 (LHip)
[2024-10-09 17:46:56.177] [info] Frame 253 (t = 8.46667):	 total squared error = 0.0880634, marker error: RMS = 0.0680802, max = 0.129641 (LHip)
[2024-10-09 17:46:56.199] [info] Frame 254 (t = 8.5):	 total squared error = 0.0884443, marker error: RMS = 0.0682273, max = 0.129942 (LHip)
[2024-10-09 17:46:56.232] [info] Frame 255 (t = 8.53333):	 total squared error = 0.0884722, marker error: RMS = 0.0682381, max = 0.130423 (LHip)
[2024-10-09 17:46:56.247] [info] Frame 256 (t = 8.56667):	 total squared error = 0.0884513, marker error: RMS = 0.06823, max = 0.130754 (LHip)
[2024-10-09 17:46:56.266] [info] Frame 257 (t = 8.6):	 total squared error = 0.0884159, marker error: RMS = 0.0682163, max = 0.130987 (LHip)
[2024-10-09 17:46:56.289] [info] Frame 258 (t = 8.63333):	 total squared error = 0.0884198, marker error: RMS = 0.0682178, max = 0.131105 (LHip)
[2024-10-09 17:46:56.314] [info] Frame 259 (t = 8.66667):	 total squared error = 0.0884219, marker error: RMS = 0.0682186, max = 0.131071 (LHip)
[2024-10-09 17:46:56.344] [info] Frame 260 (t = 8.7):	 total squared error = 0.0882173, marker error: RMS = 0.0681397, max = 0.131249 (LHip)
[2024-10-09 17:46:56.398] [info] Frame 261 (t = 8.73333):	 total squared error = 0.0878915, marker error: RMS = 0.0680137, max = 0.131287 (LHip)
[2024-10-09 17:46:56.433] [info] Frame 262 (t = 8.76667):	 total squared error = 0.0875599, marker error: RMS = 0.0678853, max = 0.131294 (LHip)
[2024-10-09 17:46:56.487] [info] Frame 263 (t = 8.8):	 total squared error = 0.0872696, marker error: RMS = 0.0677727, max = 0.131225 (LHip)
[2024-10-09 17:46:56.547] [info] Frame 264 (t = 8.83333):	 total squared error = 0.0871806, marker error: RMS = 0.0677381, max = 0.130989 (LHip)
[2024-10-09 17:46:56.578] [info] Frame 265 (t = 8.86667):	 total squared error = 0.0872858, marker error: RMS = 0.067779, max = 0.130393 (LHip)
[2024-10-09 17:46:56.610] [info] Frame 266 (t = 8.9):	 total squared error = 0.0874656, marker error: RMS = 0.0678487, max = 0.129904 (LHip)
[2024-10-09 17:46:56.629] [info] Frame 267 (t = 8.93333):	 total squared error = 0.0874376, marker error: RMS = 0.0678379, max = 0.129992 (LHip)
[2024-10-09 17:46:56.657] [info] Frame 268 (t = 8.96667):	 total squared error = 0.0876153, marker error: RMS = 0.0679068, max = 0.129853 (LHip)
[2024-10-09 17:46:56.687] [info] Frame 269 (t = 9.0):	 total squared error = 0.0876519, marker error: RMS = 0.067921, max = 0.130087 (LHip)
[2024-10-09 17:46:56.729] [info] Frame 270 (t = 9.03333):	 total squared error = 0.0877048, marker error: RMS = 0.0679414, max = 0.130460 (LHip)
[2024-10-09 17:46:56.778] [info] Frame 271 (t = 9.06667):	 total squared error = 0.0877795, marker error: RMS = 0.0679704, max = 0.130902 (LHip)
[2024-10-09 17:46:56.808] [info] Frame 272 (t = 9.1):	 total squared error = 0.0878469, marker error: RMS = 0.0679965, max = 0.1313 (LHip)
[2024-10-09 17:46:56.862] [info] Frame 273 (t = 9.13333):	 total squared error = 0.0879779, marker error: RMS = 0.0680471, max = 0.131428 (LHip)
[2024-10-09 17:46:56.896] [info] Frame 274 (t = 9.16667):	 total squared error = 0.0879246, marker error: RMS = 0.0680266, max = 0.13196 (LHip)
[2024-10-09 17:46:56.940] [info] Frame 275 (t = 9.2):	 total squared error = 0.0878816, marker error: RMS = 0.0680099, max = 0.132434 (LHip)
[2024-10-09 17:46:56.973] [info] Frame 276 (t = 9.23333):	 total squared error = 0.0877189, marker error: RMS = 0.0679469, max = 0.13291 (LHip)
[2024-10-09 17:46:57.021] [info] Frame 277 (t = 9.26667):	 total squared error = 0.0875927, marker error: RMS = 0.067898, max = 0.132964 (LHip)
[2024-10-09 17:46:57.072] [info] Frame 278 (t = 9.3):	 total squared error = 0.0873583, marker error: RMS = 0.0678071, max = 0.133063 (LHip)
[2024-10-09 17:46:57.103] [info] Frame 279 (t = 9.33333):	 total squared error = 0.0871133, marker error: RMS = 0.067712, max = 0.132843 (LHip)
[2024-10-09 17:46:57.122] [info] Frame 280 (t = 9.36667):	 total squared error = 0.0867416, marker error: RMS = 0.0675673, max = 0.132687 (LHip)
[2024-10-09 17:46:57.141] [info] Frame 281 (t = 9.4):	 total squared error = 0.0864256, marker error: RMS = 0.0674442, max = 0.132399 (LHip)
[2024-10-09 17:46:57.166] [info] Frame 282 (t = 9.43333):	 total squared error = 0.0864262, marker error: RMS = 0.0674444, max = 0.131628 (LHip)
[2024-10-09 17:46:57.201] [info] Frame 283 (t = 9.46667):	 total squared error = 0.0865572, marker error: RMS = 0.0674955, max = 0.130937 (LHip)
[2024-10-09 17:46:57.263] [info] Frame 284 (t = 9.5):	 total squared error = 0.0865011, marker error: RMS = 0.0674736, max = 0.130830 (LHip)
[2024-10-09 17:46:57.298] [info] Frame 285 (t = 9.53333):	 total squared error = 0.0864536, marker error: RMS = 0.0674551, max = 0.130690 (LHip)
[2024-10-09 17:46:57.358] [info] Frame 286 (t = 9.56667):	 total squared error = 0.0864042, marker error: RMS = 0.0674358, max = 0.130659 (LHip)
[2024-10-09 17:46:57.376] [info] Frame 287 (t = 9.6):	 total squared error = 0.0865147, marker error: RMS = 0.0674789, max = 0.130557 (LHip)
[2024-10-09 17:46:57.393] [info] Frame 288 (t = 9.63333):	 total squared error = 0.0867035, marker error: RMS = 0.0675525, max = 0.130519 (LHip)
[2024-10-09 17:46:57.439] [info] Frame 289 (t = 9.66667):	 total squared error = 0.0870287, marker error: RMS = 0.0676791, max = 0.130407 (LHip)
[2024-10-09 17:46:57.455] [info] Frame 290 (t = 9.7):	 total squared error = 0.0873275, marker error: RMS = 0.0677952, max = 0.130469 (LHip)
[2024-10-09 17:46:57.474] [info] Frame 291 (t = 9.73333):	 total squared error = 0.0875742, marker error: RMS = 0.0678909, max = 0.130496 (LHip)
[2024-10-09 17:46:57.492] [info] Frame 292 (t = 9.76667):	 total squared error = 0.087711, marker error: RMS = 0.0679439, max = 0.130506 (LHip)
[2024-10-09 17:46:57.510] [info] Frame 293 (t = 9.8):	 total squared error = 0.0877388, marker error: RMS = 0.0679546, max = 0.130667 (LHip)
[2024-10-09 17:46:57.554] [info] Frame 294 (t = 9.83333):	 total squared error = 0.0878040, marker error: RMS = 0.0679799, max = 0.130823 (LHip)
[2024-10-09 17:46:57.569] [info] Frame 295 (t = 9.86667):	 total squared error = 0.0876805, marker error: RMS = 0.067932, max = 0.131182 (LHip)
[2024-10-09 17:46:57.591] [info] Frame 296 (t = 9.9):	 total squared error = 0.0875137, marker error: RMS = 0.0678674, max = 0.131496 (LHip)
[2024-10-09 17:46:57.613] [info] Frame 297 (t = 9.93333):	 total squared error = 0.0873008, marker error: RMS = 0.0677848, max = 0.131765 (LHip)
[2024-10-09 17:46:57.643] [info] Frame 298 (t = 9.96667):	 total squared error = 0.0870419, marker error: RMS = 0.0676842, max = 0.131811 (LHip)
[2024-10-09 17:46:57.662] [info] Frame 299 (t = 10.0):	 total squared error = 0.0869739, marker error: RMS = 0.0676578, max = 0.131785 (LHip)
[2024-10-09 17:46:57.682] [info] Frame 300 (t = 10.0333):	 total squared error = 0.0870840, marker error: RMS = 0.0677006, max = 0.131575 (LHip)
[2024-10-09 17:46:57.709] [info] Frame 301 (t = 10.0667):	 total squared error = 0.0874106, marker error: RMS = 0.0678274, max = 0.130970 (LHip)
[2024-10-09 17:46:57.729] [info] Frame 302 (t = 10.1):	 total squared error = 0.0876576, marker error: RMS = 0.0679232, max = 0.130905 (LHip)
[2024-10-09 17:46:57.762] [info] Frame 303 (t = 10.1333):	 total squared error = 0.0879359, marker error: RMS = 0.0680309, max = 0.130669 (LHip)
[2024-10-09 17:46:57.786] [info] Frame 304 (t = 10.1667):	 total squared error = 0.0879951, marker error: RMS = 0.0680538, max = 0.130962 (LHip)
[2024-10-09 17:46:57.828] [info] Frame 305 (t = 10.2):	 total squared error = 0.0878818, marker error: RMS = 0.0680100, max = 0.131465 (LHip)
[2024-10-09 17:46:57.851] [info] Frame 306 (t = 10.2333):	 total squared error = 0.0877798, marker error: RMS = 0.0679705, max = 0.131817 (LHip)
[2024-10-09 17:46:57.870] [info] Frame 307 (t = 10.2667):	 total squared error = 0.0876667, marker error: RMS = 0.0679267, max = 0.131929 (LHip)
[2024-10-09 17:46:57.908] [info] Frame 308 (t = 10.3):	 total squared error = 0.0875585, marker error: RMS = 0.0678848, max = 0.13189 (LHip)
[2024-10-09 17:46:57.940] [info] Frame 309 (t = 10.3333):	 total squared error = 0.087436, marker error: RMS = 0.0678373, max = 0.131802 (LHip)
[2024-10-09 17:46:57.999] [info] Frame 310 (t = 10.3667):	 total squared error = 0.0877353, marker error: RMS = 0.0679533, max = 0.130616 (LHip)
[2024-10-09 17:46:58.044] [info] Frame 311 (t = 10.4):	 total squared error = 0.0878136, marker error: RMS = 0.0679836, max = 0.130180 (LHip)
[2024-10-09 17:46:58.082] [info] Frame 312 (t = 10.4333):	 total squared error = 0.0878205, marker error: RMS = 0.0679862, max = 0.12983 (LHip)
[2024-10-09 17:46:58.113] [info] Frame 313 (t = 10.4667):	 total squared error = 0.0877906, marker error: RMS = 0.0679747, max = 0.129602 (LHip)
[2024-10-09 17:46:58.143] [info] Frame 314 (t = 10.5):	 total squared error = 0.0878107, marker error: RMS = 0.0679825, max = 0.129386 (LHip)
[2024-10-09 17:46:58.162] [info] Frame 315 (t = 10.5333):	 total squared error = 0.0877538, marker error: RMS = 0.0679605, max = 0.129561 (LHip)
[2024-10-09 17:46:58.215] [info] Frame 316 (t = 10.5667):	 total squared error = 0.0878236, marker error: RMS = 0.0679874, max = 0.129606 (LHip)
[2024-10-09 17:46:58.233] [info] Frame 317 (t = 10.6):	 total squared error = 0.0878888, marker error: RMS = 0.0680127, max = 0.130040 (LHip)
[2024-10-09 17:46:58.257] [info] Frame 318 (t = 10.6333):	 total squared error = 0.0880285, marker error: RMS = 0.0680667, max = 0.130635 (LHip)
[2024-10-09 17:46:58.281] [info] Frame 319 (t = 10.6667):	 total squared error = 0.0881326, marker error: RMS = 0.0681070, max = 0.131133 (LHip)
[2024-10-09 17:46:58.300] [info] Frame 320 (t = 10.7):	 total squared error = 0.0881428, marker error: RMS = 0.0681109, max = 0.131482 (LHip)
[2024-10-09 17:46:58.316] [info] Frame 321 (t = 10.7333):	 total squared error = 0.0880608, marker error: RMS = 0.0680792, max = 0.131788 (LHip)
[2024-10-09 17:46:58.342] [info] Frame 322 (t = 10.7667):	 total squared error = 0.0877906, marker error: RMS = 0.0679747, max = 0.132024 (LHip)
[2024-10-09 17:46:58.375] [info] Frame 323 (t = 10.8):	 total squared error = 0.0878288, marker error: RMS = 0.0679895, max = 0.131921 (LHip)
[2024-10-09 17:46:58.427] [info] Frame 324 (t = 10.8333):	 total squared error = 0.0880008, marker error: RMS = 0.0680560, max = 0.131345 (LHip)
[2024-10-09 17:46:58.451] [info] Frame 325 (t = 10.8667):	 total squared error = 0.0879961, marker error: RMS = 0.0680542, max = 0.131337 (LHip)
[2024-10-09 17:46:58.490] [info] Frame 326 (t = 10.9):	 total squared error = 0.0882964, marker error: RMS = 0.0681702, max = 0.130650 (LHip)
[2024-10-09 17:46:58.536] [info] Frame 327 (t = 10.9333):	 total squared error = 0.0881377, marker error: RMS = 0.0681089, max = 0.130531 (LHip)
[2024-10-09 17:46:58.570] [info] Frame 328 (t = 10.9667):	 total squared error = 0.0878574, marker error: RMS = 0.0680005, max = 0.130552 (LHip)
[2024-10-09 17:46:58.612] [info] Frame 329 (t = 11.0):	 total squared error = 0.0876407, marker error: RMS = 0.0679166, max = 0.130756 (LHip)
[2024-10-09 17:46:58.634] [info] Frame 330 (t = 11.0333):	 total squared error = 0.0875623, marker error: RMS = 0.0678862, max = 0.131118 (LHip)
[2024-10-09 17:46:58.651] [info] Frame 331 (t = 11.0667):	 total squared error = 0.0876164, marker error: RMS = 0.0679072, max = 0.131398 (LHip)
[2024-10-09 17:46:58.673] [info] Frame 332 (t = 11.1):	 total squared error = 0.0877008, marker error: RMS = 0.0679399, max = 0.131687 (LHip)
[2024-10-09 17:46:58.709] [info] Frame 333 (t = 11.1333):	 total squared error = 0.087584, marker error: RMS = 0.0678946, max = 0.131797 (LHip)
[2024-10-09 17:46:58.724] [info] Frame 334 (t = 11.1667):	 total squared error = 0.087625, marker error: RMS = 0.0679105, max = 0.131614 (LHip)
[2024-10-09 17:46:58.757] [info] Frame 335 (t = 11.2):	 total squared error = 0.0874805, marker error: RMS = 0.0678545, max = 0.13148 (LHip)
[2024-10-09 17:46:58.792] [info] Frame 336 (t = 11.2333):	 total squared error = 0.0875811, marker error: RMS = 0.0678935, max = 0.131112 (LHip)
[2024-10-09 17:46:58.839] [info] Frame 337 (t = 11.2667):	 total squared error = 0.0876612, marker error: RMS = 0.0679246, max = 0.130747 (LHip)
[2024-10-09 17:46:58.877] [info] Frame 338 (t = 11.3):	 total squared error = 0.087676, marker error: RMS = 0.0679303, max = 0.130612 (LHip)
[2024-10-09 17:46:58.894] [info] Frame 339 (t = 11.3333):	 total squared error = 0.087718, marker error: RMS = 0.0679466, max = 0.130503 (LHip)
[2024-10-09 17:46:58.918] [info] Frame 340 (t = 11.3667):	 total squared error = 0.0876357, marker error: RMS = 0.0679147, max = 0.130541 (LHip)
[2024-10-09 17:46:58.959] [info] Frame 341 (t = 11.4):	 total squared error = 0.0873649, marker error: RMS = 0.0678097, max = 0.130849 (LHip)
[2024-10-09 17:46:59.020] [info] Frame 342 (t = 11.4333):	 total squared error = 0.0868616, marker error: RMS = 0.0676141, max = 0.131775 (LHip)
[2024-10-09 17:46:59.052] [info] Frame 343 (t = 11.4667):	 total squared error = 0.0865959, marker error: RMS = 0.0675106, max = 0.132821 (LHip)
[2024-10-09 17:46:59.101] [info] Frame 344 (t = 11.5):	 total squared error = 0.0865302, marker error: RMS = 0.067485, max = 0.134271 (LHip)
[2024-10-09 17:46:59.170] [info] Frame 345 (t = 11.5333):	 total squared error = 0.0871614, marker error: RMS = 0.0677306, max = 0.136024 (RHip)
[2024-10-09 17:46:59.238] [info] Frame 346 (t = 11.5667):	 total squared error = 0.0884206, marker error: RMS = 0.0682182, max = 0.138221 (RHip)
[2024-10-09 17:46:59.281] [info] Frame 347 (t = 11.6):	 total squared error = 0.0905647, marker error: RMS = 0.0690403, max = 0.140589 (RHip)
[2024-10-09 17:46:59.339] [info] Frame 348 (t = 11.6333):	 total squared error = 0.0938433, marker error: RMS = 0.0702789, max = 0.143545 (RHip)
[2024-10-09 17:46:59.374] [info] Frame 349 (t = 11.6667):	 total squared error = 0.0982466, marker error: RMS = 0.0719088, max = 0.14676 (RHip)
[2024-10-09 17:46:59.432] [info] Frame 350 (t = 11.7):	 total squared error = 0.103754, marker error: RMS = 0.073897, max = 0.150448 (RHip)
[2024-10-09 17:46:59.490] [info] Frame 351 (t = 11.7333):	 total squared error = 0.109473, marker error: RMS = 0.0759062, max = 0.153766 (RHip)
[2024-10-09 17:46:59.540] [info] Frame 352 (t = 11.7667):	 total squared error = 0.114387, marker error: RMS = 0.0775911, max = 0.155721 (RHip)
[2024-10-09 17:46:59.676] [info] Frame 353 (t = 11.8):	 total squared error = 0.117135, marker error: RMS = 0.0785175, max = 0.155204 (RHip)
[2024-10-09 17:46:59.716] [info] Frame 354 (t = 11.8333):	 total squared error = 0.117351, marker error: RMS = 0.0785898, max = 0.15144 (LKnee)
[2024-10-09 17:46:59.812] [info] Frame 355 (t = 11.8667):	 total squared error = 0.115089, marker error: RMS = 0.0778287, max = 0.145524 (RHip)
[2024-10-09 17:46:59.877] [info] Frame 356 (t = 11.9):	 total squared error = 0.111572, marker error: RMS = 0.0766303, max = 0.140230 (LHip)
[2024-10-09 17:47:00.466] [info] Frame 357 (t = 11.9333):	 total squared error = 0.0108150, marker error: RMS = 0.0238581, max = 0.043755 (LShoulder)
[2024-10-09 17:47:00.554] [info] Frame 358 (t = 11.9667):	 total squared error = 0.0106246, marker error: RMS = 0.0236472, max = 0.0428605 (LShoulder)
[2024-10-09 17:47:00.587] [info] Frame 359 (t = 12.0):	 total squared error = 0.0106092, marker error: RMS = 0.02363, max = 0.0426178 (LShoulder)
[2024-10-09 17:47:00.677] [info] Frame 360 (t = 12.0333):	 total squared error = 0.0106691, marker error: RMS = 0.0236966, max = 0.0410314 (LShoulder)
[2024-10-09 17:47:00.762] [info] Frame 361 (t = 12.0667):	 total squared error = 0.0108610, marker error: RMS = 0.0239089, max = 0.0401649 (LShoulder)
[2024-10-09 17:47:00.795] [info] Frame 362 (t = 12.1):	 total squared error = 0.0110755, marker error: RMS = 0.0241437, max = 0.0393431 (LShoulder)
[2024-10-09 17:47:00.863] [info] Frame 363 (t = 12.1333):	 total squared error = 0.0112528, marker error: RMS = 0.0243362, max = 0.0384529 (LShoulder)
[2024-10-09 17:47:00.894] [info] Frame 364 (t = 12.1667):	 total squared error = 0.0112797, marker error: RMS = 0.0243653, max = 0.0373593 (LShoulder)
[2024-10-09 17:47:01.071] [info] Frame 365 (t = 12.2):	 total squared error = 0.0109636, marker error: RMS = 0.0240215, max = 0.0370891 (LKnee)
[2024-10-09 17:47:01.105] [info] Frame 366 (t = 12.2333):	 total squared error = 0.0102147, marker error: RMS = 0.0231865, max = 0.037859 (LKnee)
[2024-10-09 17:47:01.172] [info] Frame 367 (t = 12.2667):	 total squared error = 0.00918744, marker error: RMS = 0.0219898, max = 0.0375319 (LKnee)
[2024-10-09 17:47:01.229] [info] Frame 368 (t = 12.3):	 total squared error = 0.00818887, marker error: RMS = 0.0207604, max = 0.0361355 (LKnee)
[2024-10-09 17:47:01.287] [info] Frame 369 (t = 12.3333):	 total squared error = 0.00761421, marker error: RMS = 0.0200187, max = 0.0349946 (LKnee)
[2024-10-09 17:47:01.349] [info] Frame 370 (t = 12.3667):	 total squared error = 0.00762655, marker error: RMS = 0.0200349, max = 0.0338137 (LKnee)
[2024-10-09 17:47:01.533] [info] Frame 371 (t = 12.4):	 total squared error = 0.00793225, marker error: RMS = 0.0204325, max = 0.0318719 (LKnee)
[2024-10-09 17:47:01.576] [info] Frame 372 (t = 12.4333):	 total squared error = 0.00813062, marker error: RMS = 0.0206864, max = 0.0310476 (RKnee)
[2024-10-09 17:47:01.677] [info] Frame 373 (t = 12.4667):	 total squared error = 0.00798320, marker error: RMS = 0.0204980, max = 0.0300037 (LHeel)
[2024-10-09 17:47:01.720] [info] Frame 374 (t = 12.5):	 total squared error = 0.00759884, marker error: RMS = 0.0199985, max = 0.0307091 (RShoulder)
[2024-10-09 17:47:01.806] [info] Frame 375 (t = 12.5333):	 total squared error = 0.00703817, marker error: RMS = 0.0192466, max = 0.0311259 (RShoulder)
[2024-10-09 17:47:01.960] [info] Frame 376 (t = 12.5667):	 total squared error = 0.00633624, marker error: RMS = 0.0182616, max = 0.0312245 (RShoulder)
[2024-10-09 17:47:02.015] [info] Frame 377 (t = 12.6):	 total squared error = 0.00561962, marker error: RMS = 0.0171979, max = 0.0309824 (RShoulder)
[2024-10-09 17:47:02.061] [info] Frame 378 (t = 12.6333):	 total squared error = 0.00507720, marker error: RMS = 0.0163469, max = 0.0303768 (RShoulder)
[2024-10-09 17:47:02.136] [info] Frame 379 (t = 12.6667):	 total squared error = 0.00480397, marker error: RMS = 0.0159010, max = 0.0296925 (RShoulder)
[2024-10-09 17:47:02.228] [info] Frame 380 (t = 12.7):	 total squared error = 0.00466310, marker error: RMS = 0.0156661, max = 0.0287166 (RShoulder)
[2024-10-09 17:47:02.295] [info] Frame 381 (t = 12.7333):	 total squared error = 0.00442199, marker error: RMS = 0.0152557, max = 0.0283581 (LShoulder)
[2024-10-09 17:47:02.402] [info] Frame 382 (t = 12.7667):	 total squared error = 0.00407538, marker error: RMS = 0.0146456, max = 0.0277581 (LShoulder)
[2024-10-09 17:47:02.446] [info] Frame 383 (t = 12.8):	 total squared error = 0.00383060, marker error: RMS = 0.014199, max = 0.0274606 (LShoulder)
[2024-10-09 17:47:02.510] [info] Frame 384 (t = 12.8333):	 total squared error = 0.00367345, marker error: RMS = 0.0139047, max = 0.0275731 (LShoulder)
[2024-10-09 17:47:02.580] [info] Frame 385 (t = 12.8667):	 total squared error = 0.00366994, marker error: RMS = 0.013898, max = 0.0282073 (LShoulder)
[2024-10-09 17:47:02.632] [info] Frame 386 (t = 12.9):	 total squared error = 0.00382112, marker error: RMS = 0.0141814, max = 0.0291296 (LShoulder)
[2024-10-09 17:47:02.688] [info] Frame 387 (t = 12.9333):	 total squared error = 0.00403667, marker error: RMS = 0.0145759, max = 0.0299208 (LShoulder)
[2024-10-09 17:47:02.764] [info] Frame 388 (t = 12.9667):	 total squared error = 0.00424762, marker error: RMS = 0.0149519, max = 0.0305941 (LShoulder)
[2024-10-09 17:47:02.822] [info] Frame 389 (t = 13.0):	 total squared error = 0.00454703, marker error: RMS = 0.0154699, max = 0.0308824 (LShoulder)
[2024-10-09 17:47:02.898] [info] Frame 390 (t = 13.0333):	 total squared error = 0.00490308, marker error: RMS = 0.0160641, max = 0.0311928 (LShoulder)
[2024-10-09 17:47:02.962] [info] Frame 391 (t = 13.0667):	 total squared error = 0.00520514, marker error: RMS = 0.0165516, max = 0.0310420 (LShoulder)
[2024-10-09 17:47:03.026] [info] Frame 392 (t = 13.1):	 total squared error = 0.00539201, marker error: RMS = 0.0168461, max = 0.0301347 (LShoulder)
[2024-10-09 17:47:03.114] [info] Frame 393 (t = 13.1333):	 total squared error = 0.00549984, marker error: RMS = 0.0170137, max = 0.0289239 (LShoulder)
[2024-10-09 17:47:03.166] [info] Frame 394 (t = 13.1667):	 total squared error = 0.00564968, marker error: RMS = 0.0172439, max = 0.0277406 (LShoulder)
[2024-10-09 17:47:03.225] [info] Frame 395 (t = 13.2):	 total squared error = 0.00598558, marker error: RMS = 0.0177491, max = 0.0271093 (LShoulder)
[2024-10-09 17:47:03.289] [info] Frame 396 (t = 13.2333):	 total squared error = 0.00642248, marker error: RMS = 0.0183855, max = 0.0288565 (RKnee)
[2024-10-09 17:47:03.366] [info] Frame 397 (t = 13.2667):	 total squared error = 0.00670115, marker error: RMS = 0.0187801, max = 0.0316757 (RKnee)
[2024-10-09 17:47:03.406] [info] Frame 398 (t = 13.3):	 total squared error = 0.00661333, marker error: RMS = 0.0186566, max = 0.0342206 (RKnee)
[2024-10-09 17:47:03.490] [info] Frame 399 (t = 13.3333):	 total squared error = 0.00619216, marker error: RMS = 0.0180528, max = 0.0363037 (RKnee)
[2024-10-09 17:47:03.587] [info] Frame 400 (t = 13.3667):	 total squared error = 0.00567047, marker error: RMS = 0.0172756, max = 0.0375222 (RKnee)
[2024-10-09 17:47:03.638] [info] Frame 401 (t = 13.4):	 total squared error = 0.00523137, marker error: RMS = 0.0165932, max = 0.0374617 (RKnee)
[2024-10-09 17:47:03.696] [info] Frame 402 (t = 13.4333):	 total squared error = 0.00495975, marker error: RMS = 0.0161567, max = 0.0362313 (RKnee)
[2024-10-09 17:47:03.745] [info] Frame 403 (t = 13.4667):	 total squared error = 0.00486371, marker error: RMS = 0.0159995, max = 0.0341452 (RKnee)
[2024-10-09 17:47:03.872] [info] Frame 404 (t = 13.5):	 total squared error = 0.00497265, marker error: RMS = 0.0161777, max = 0.032815 (RKnee)
[2024-10-09 17:47:03.944] [info] Frame 405 (t = 13.5333):	 total squared error = 0.00539339, marker error: RMS = 0.0168482, max = 0.0337108 (RKnee)
[2024-10-09 17:47:04.025] [info] Frame 406 (t = 13.5667):	 total squared error = 0.00590031, marker error: RMS = 0.0176222, max = 0.0346511 (RKnee)
[2024-10-09 17:47:04.115] [info] Frame 407 (t = 13.6):	 total squared error = 0.00616203, marker error: RMS = 0.0180088, max = 0.0342105 (RKnee)
[2024-10-09 17:47:04.196] [info] Frame 408 (t = 13.6333):	 total squared error = 0.00610254, marker error: RMS = 0.0179217, max = 0.0325349 (RKnee)
[2024-10-09 17:47:04.270] [info] Frame 409 (t = 13.6667):	 total squared error = 0.00594902, marker error: RMS = 0.0176948, max = 0.0306094 (RKnee)
[2024-10-09 17:47:04.317] [info] Frame 410 (t = 13.7):	 total squared error = 0.00575064, marker error: RMS = 0.0173973, max = 0.0297299 (RKnee)
[2024-10-09 17:47:04.359] [info] Frame 411 (t = 13.7333):	 total squared error = 0.00551947, marker error: RMS = 0.0170440, max = 0.0300989 (RKnee)
[2024-10-09 17:47:04.430] [info] Frame 412 (t = 13.7667):	 total squared error = 0.00530639, marker error: RMS = 0.0167118, max = 0.0315174 (RKnee)
[2024-10-09 17:47:04.473] [info] Frame 413 (t = 13.8):	 total squared error = 0.00523714, marker error: RMS = 0.0166024, max = 0.0321941 (RKnee)
[2024-10-09 17:47:04.549] [info] Frame 414 (t = 13.8333):	 total squared error = 0.00514509, marker error: RMS = 0.0164558, max = 0.0326815 (RKnee)
[2024-10-09 17:47:04.630] [info] Frame 415 (t = 13.8667):	 total squared error = 0.00507917, marker error: RMS = 0.0163501, max = 0.0310277 (RKnee)
[2024-10-09 17:47:04.685] [info] Frame 416 (t = 13.9):	 total squared error = 0.00502233, marker error: RMS = 0.0162583, max = 0.0276761 (RKnee)
[2024-10-09 17:47:04.755] [info] Frame 417 (t = 13.9333):	 total squared error = 0.00498248, marker error: RMS = 0.0161937, max = 0.024483 (LShoulder)
[2024-10-09 17:47:04.804] [info] Frame 418 (t = 13.9667):	 total squared error = 0.00496362, marker error: RMS = 0.016163, max = 0.0248641 (LHeel)
[2024-10-09 17:47:04.879] [info] Frame 419 (t = 14.0):	 total squared error = 0.00492818, marker error: RMS = 0.0161052, max = 0.0249263 (LHeel)
[2024-10-09 17:47:04.936] [info] Frame 420 (t = 14.0333):	 total squared error = 0.00484174, marker error: RMS = 0.0159633, max = 0.02395 (RHeel)
[2024-10-09 17:47:05.014] [info] Frame 421 (t = 14.0667):	 total squared error = 0.00464187, marker error: RMS = 0.0156304, max = 0.0236756 (RHeel)
[2024-10-09 17:47:05.066] [info] Frame 422 (t = 14.1):	 total squared error = 0.00423969, marker error: RMS = 0.0149379, max = 0.0228894 (RHeel)
[2024-10-09 17:47:05.136] [info] Frame 423 (t = 14.1333):	 total squared error = 0.00379243, marker error: RMS = 0.014128, max = 0.0219775 (RHeel)
[2024-10-09 17:47:05.180] [info] Frame 424 (t = 14.1667):	 total squared error = 0.00361818, marker error: RMS = 0.0137997, max = 0.0218294 (LShoulder)
[2024-10-09 17:47:05.261] [info] Frame 425 (t = 14.2):	 total squared error = 0.00374469, marker error: RMS = 0.0140388, max = 0.0227248 (LShoulder)
[2024-10-09 17:47:05.307] [info] Frame 426 (t = 14.2333):	 total squared error = 0.00393903, marker error: RMS = 0.0143985, max = 0.0234763 (LShoulder)
[2024-10-09 17:47:05.401] [info] Frame 427 (t = 14.2667):	 total squared error = 0.00406908, marker error: RMS = 0.0146343, max = 0.0249721 (LShoulder)
[2024-10-09 17:47:05.443] [info] Frame 428 (t = 14.3):	 total squared error = 0.00453570, marker error: RMS = 0.0154506, max = 0.0255907 (LShoulder)
[2024-10-09 17:47:05.521] [info] Frame 429 (t = 14.3333):	 total squared error = 0.00547202, marker error: RMS = 0.0169706, max = 0.0362979 (LKnee)
[2024-10-09 17:47:05.599] [info] Frame 430 (t = 14.3667):	 total squared error = 0.00651318, marker error: RMS = 0.0185148, max = 0.0457149 (LKnee)
[2024-10-09 17:47:05.677] [info] Frame 431 (t = 14.4):	 total squared error = 0.00702182, marker error: RMS = 0.0192242, max = 0.0481234 (LKnee)
[2024-10-09 17:47:05.755] [info] Frame 432 (t = 14.4333):	 total squared error = 0.00671090, marker error: RMS = 0.0187938, max = 0.0433447 (LKnee)
[2024-10-09 17:47:05.796] [info] Frame 433 (t = 14.4667):	 total squared error = 0.00578710, marker error: RMS = 0.0174523, max = 0.0339386 (LKnee)
[2024-10-09 17:47:05.890] [info] Frame 434 (t = 14.5):	 total squared error = 0.00466559, marker error: RMS = 0.0156703, max = 0.0266612 (RKnee)
[2024-10-09 17:47:05.925] [info] Frame 435 (t = 14.5333):	 total squared error = 0.00371934, marker error: RMS = 0.0139912, max = 0.0250532 (RKnee)
[2024-10-09 17:47:05.992] [info] Frame 436 (t = 14.5667):	 total squared error = 0.00308481, marker error: RMS = 0.012742, max = 0.0219453 (RKnee)
[2024-10-09 17:47:06.069] [info] Frame 437 (t = 14.6):	 total squared error = 0.00280136, marker error: RMS = 0.0121425, max = 0.0184007 (LShoulder)
[2024-10-09 17:47:06.127] [info] Frame 438 (t = 14.6333):	 total squared error = 0.00287605, marker error: RMS = 0.0123033, max = 0.0197108 (LHeel)
[2024-10-09 17:47:06.190] [info] Frame 439 (t = 14.6667):	 total squared error = 0.00316554, marker error: RMS = 0.0129076, max = 0.0226231 (LHeel)
[2024-10-09 17:47:06.237] [info] Frame 440 (t = 14.7):	 total squared error = 0.00354917, marker error: RMS = 0.0136674, max = 0.0262237 (LHeel)
[2024-10-09 17:47:06.292] [info] Frame 441 (t = 14.7333):	 total squared error = 0.00386854, marker error: RMS = 0.0142691, max = 0.0298663 (LHeel)
[2024-10-09 17:47:06.335] [info] Frame 442 (t = 14.7667):	 total squared error = 0.00402361, marker error: RMS = 0.0145523, max = 0.032476 (LHeel)
[2024-10-09 17:47:06.389] [info] Frame 443 (t = 14.8):	 total squared error = 0.00401088, marker error: RMS = 0.0145292, max = 0.0341551 (LHeel)
[2024-10-09 17:47:06.436] [info] Frame 444 (t = 14.8333):	 total squared error = 0.00392736, marker error: RMS = 0.0143772, max = 0.0337978 (LHeel)
[2024-10-09 17:47:06.479] [info] Frame 445 (t = 14.8667):	 total squared error = 0.00383538, marker error: RMS = 0.0142078, max = 0.0317877 (LHeel)
[2024-10-09 17:47:06.532] [info] Frame 446 (t = 14.9):	 total squared error = 0.00396835, marker error: RMS = 0.014452, max = 0.0291042 (LHeel)
[2024-10-09 17:47:06.617] [info] Frame 447 (t = 14.9333):	 total squared error = 0.00448843, marker error: RMS = 0.0153699, max = 0.0358171 (RKnee)
[2024-10-09 17:47:06.675] [info] Frame 448 (t = 14.9667):	 total squared error = 0.00503604, marker error: RMS = 0.0162805, max = 0.0403761 (RKnee)
[2024-10-09 17:47:06.752] [info] Frame 449 (t = 15.0):	 total squared error = 0.00512159, marker error: RMS = 0.0164182, max = 0.0388058 (RKnee)
[2024-10-09 17:47:06.814] [info] Frame 450 (t = 15.0333):	 total squared error = 0.00484762, marker error: RMS = 0.015973, max = 0.0309493 (RKnee)
[2024-10-09 17:47:06.872] [info] Frame 451 (t = 15.0667):	 total squared error = 0.00464489, marker error: RMS = 0.0156355, max = 0.026356 (LHeel)
[2024-10-09 17:47:06.937] [info] Frame 452 (t = 15.1):	 total squared error = 0.00480030, marker error: RMS = 0.0158949, max = 0.0294162 (LHeel)
[2024-10-09 17:47:06.984] [info] Frame 453 (t = 15.1333):	 total squared error = 0.00513647, marker error: RMS = 0.016442, max = 0.0309738 (LHeel)
[2024-10-09 17:47:07.052] [info] Frame 454 (t = 15.1667):	 total squared error = 0.00525450, marker error: RMS = 0.0166299, max = 0.0302943 (LHeel)
[2024-10-09 17:47:07.128] [info] Frame 455 (t = 15.2):	 total squared error = 0.00492513, marker error: RMS = 0.0161002, max = 0.027538 (LHeel)
[2024-10-09 17:47:07.193] [info] Frame 456 (t = 15.2333):	 total squared error = 0.00429652, marker error: RMS = 0.0150377, max = 0.0225199 (LHeel)
[2024-10-09 17:47:07.251] [info] Frame 457 (t = 15.2667):	 total squared error = 0.00368465, marker error: RMS = 0.0139258, max = 0.0204887 (RShoulder)
[2024-10-09 17:47:07.315] [info] Frame 458 (t = 15.3):	 total squared error = 0.00336710, marker error: RMS = 0.0133122, max = 0.0214229 (RShoulder)
[2024-10-09 17:47:07.383] [info] Frame 459 (t = 15.3333):	 total squared error = 0.00350266, marker error: RMS = 0.0135776, max = 0.0217383 (RShoulder)
[2024-10-09 17:47:07.428] [info] Frame 460 (t = 15.3667):	 total squared error = 0.00399505, marker error: RMS = 0.0145005, max = 0.0210944 (RHeel)
[2024-10-09 17:47:07.486] [info] Frame 461 (t = 15.4):	 total squared error = 0.00453361, marker error: RMS = 0.015447, max = 0.0251102 (RHeel)
[2024-10-09 17:47:07.552] [info] Frame 462 (t = 15.4333):	 total squared error = 0.00478564, marker error: RMS = 0.0158706, max = 0.0281982 (RHeel)
[2024-10-09 17:47:07.617] [info] Frame 463 (t = 15.4667):	 total squared error = 0.00466587, marker error: RMS = 0.0156707, max = 0.0302658 (RHeel)
[2024-10-09 17:47:07.674] [info] Frame 464 (t = 15.5):	 total squared error = 0.00447251, marker error: RMS = 0.0153426, max = 0.0309806 (RHeel)
[2024-10-09 17:47:07.728] [info] Frame 465 (t = 15.5333):	 total squared error = 0.00478446, marker error: RMS = 0.0158686, max = 0.0294092 (RHeel)
[2024-10-09 17:47:07.797] [info] Frame 466 (t = 15.5667):	 total squared error = 0.00596049, marker error: RMS = 0.0177119, max = 0.0323722 (LKnee)
[2024-10-09 17:47:07.868] [info] Frame 467 (t = 15.6):	 total squared error = 0.00751021, marker error: RMS = 0.0198815, max = 0.0417462 (LKnee)
[2024-10-09 17:47:07.954] [info] Frame 468 (t = 15.6333):	 total squared error = 0.00852336, marker error: RMS = 0.0211801, max = 0.0433834 (LKnee)
[2024-10-09 17:47:08.104] [info] Frame 469 (t = 15.6667):	 total squared error = 0.00864517, marker error: RMS = 0.0213309, max = 0.0371020 (LKnee)
[2024-10-09 17:47:08.146] [info] Frame 470 (t = 15.7):	 total squared error = 0.00831071, marker error: RMS = 0.0209142, max = 0.0379969 (RShoulder)
[2024-10-09 17:47:08.231] [info] Frame 471 (t = 15.7333):	 total squared error = 0.00806316, marker error: RMS = 0.0206004, max = 0.0401869 (RShoulder)
[2024-10-09 17:47:08.312] [info] Frame 472 (t = 15.7667):	 total squared error = 0.00816495, marker error: RMS = 0.0207300, max = 0.0416948 (RShoulder)
[2024-10-09 17:47:08.398] [info] Frame 473 (t = 15.8):	 total squared error = 0.00863827, marker error: RMS = 0.0213224, max = 0.0426817 (RShoulder)
[2024-10-09 17:47:08.467] [info] Frame 474 (t = 15.8333):	 total squared error = 0.00946304, marker error: RMS = 0.0223171, max = 0.0436567 (RShoulder)
[2024-10-09 17:47:08.523] [info] Frame 475 (t = 15.8667):	 total squared error = 0.0105909, marker error: RMS = 0.0236096, max = 0.0446864 (RShoulder)
[2024-10-09 17:47:08.586] [info] Frame 476 (t = 15.9):	 total squared error = 0.0118259, marker error: RMS = 0.0249482, max = 0.0454838 (RShoulder)
[2024-10-09 17:47:08.656] [info] Frame 477 (t = 15.9333):	 total squared error = 0.0127989, marker error: RMS = 0.0259543, max = 0.0454956 (RShoulder)
[2024-10-09 17:47:08.711] [info] Frame 478 (t = 15.9667):	 total squared error = 0.0131596, marker error: RMS = 0.0263175, max = 0.0443704 (RShoulder)
[2024-10-09 17:47:08.772] [info] Frame 479 (t = 16.0):	 total squared error = 0.0129875, marker error: RMS = 0.0261448, max = 0.0415995 (RShoulder)
[2024-10-09 17:47:08.816] [info] Frame 480 (t = 16.0333):	 total squared error = 0.0125883, marker error: RMS = 0.0257399, max = 0.0396957 (Neck)
[2024-10-09 17:47:08.890] [info] Frame 481 (t = 16.0667):	 total squared error = 0.0120954, marker error: RMS = 0.0252309, max = 0.0444514 (Neck)
[2024-10-09 17:47:08.998] [info] Frame 482 (t = 16.1):	 total squared error = 0.0114743, marker error: RMS = 0.0245746, max = 0.0484234 (Neck)
[2024-10-09 17:47:09.076] [info] Frame 483 (t = 16.1333):	 total squared error = 0.0108076, marker error: RMS = 0.02385, max = 0.0504413 (Neck)
[2024-10-09 17:47:09.158] [info] Frame 484 (t = 16.1667):	 total squared error = 0.0102498, marker error: RMS = 0.0232263, max = 0.0505110 (Neck)
[2024-10-09 17:47:09.229] [info] Frame 485 (t = 16.2):	 total squared error = 0.00981647, marker error: RMS = 0.0227301, max = 0.0494093 (Neck)
[2024-10-09 17:47:09.297] [info] Frame 486 (t = 16.2333):	 total squared error = 0.00927114, marker error: RMS = 0.0220897, max = 0.0472851 (Neck)
[2024-10-09 17:47:09.357] [info] Frame 487 (t = 16.2667):	 total squared error = 0.00834291, marker error: RMS = 0.0209547, max = 0.0440839 (Neck)
[2024-10-09 17:47:09.439] [info] Frame 488 (t = 16.3):	 total squared error = 0.00723253, marker error: RMS = 0.0195105, max = 0.0405375 (Neck)
[2024-10-09 17:47:09.514] [info] Frame 489 (t = 16.3333):	 total squared error = 0.00676767, marker error: RMS = 0.0188731, max = 0.0379755 (Neck)
[2024-10-09 17:47:09.660] [info] Frame 490 (t = 16.3667):	 total squared error = 0.00764434, marker error: RMS = 0.0200583, max = 0.0368637 (Neck)
[2024-10-09 17:47:09.710] [info] Frame 491 (t = 16.4):	 total squared error = 0.00963634, marker error: RMS = 0.0225206, max = 0.0368314 (Neck)
[2024-10-09 17:47:09.792] [info] Frame 492 (t = 16.4333):	 total squared error = 0.011743, marker error: RMS = 0.0248607, max = 0.0411332 (RHeel)
[2024-10-09 17:47:09.844] [info] Frame 493 (t = 16.4667):	 total squared error = 0.0130318, marker error: RMS = 0.0261894, max = 0.0414842 (RHeel)
[2024-10-09 17:47:09.920] [info] Frame 494 (t = 16.5):	 total squared error = 0.0128925, marker error: RMS = 0.0260491, max = 0.0386639 (Neck)
[2024-10-09 17:47:09.990] [info] Frame 495 (t = 16.5333):	 total squared error = 0.0114564, marker error: RMS = 0.0245555, max = 0.0402156 (Neck)
[2024-10-09 17:47:10.048] [info] Frame 496 (t = 16.5667):	 total squared error = 0.00955369, marker error: RMS = 0.0224238, max = 0.0416733 (Neck)
[2024-10-09 17:47:10.180] [info] Frame 497 (t = 16.6):	 total squared error = 0.00828781, marker error: RMS = 0.0208854, max = 0.0425050 (Neck)
[2024-10-09 17:47:10.244] [info] Frame 498 (t = 16.6333):	 total squared error = 0.00805665, marker error: RMS = 0.0205921, max = 0.0425511 (Neck)
[2024-10-09 17:47:10.312] [info] Frame 499 (t = 16.6667):	 total squared error = 0.00849436, marker error: RMS = 0.0211441, max = 0.0420304 (Neck)
[2024-10-09 17:47:10.383] [info] Frame 500 (t = 16.7):	 total squared error = 0.00915100, marker error: RMS = 0.0219461, max = 0.0411049 (Neck)
[2024-10-09 17:47:10.427] [info] Frame 501 (t = 16.7333):	 total squared error = 0.00985855, marker error: RMS = 0.0227787, max = 0.0397644 (Neck)
[2024-10-09 17:47:10.520] [info] Frame 502 (t = 16.7667):	 total squared error = 0.0104114, marker error: RMS = 0.0234087, max = 0.0444413 (LKnee)
[2024-10-09 17:47:10.563] [info] Frame 503 (t = 16.8):	 total squared error = 0.0106375, marker error: RMS = 0.0236615, max = 0.0449709 (LKnee)
[2024-10-09 17:47:10.624] [info] Frame 504 (t = 16.8333):	 total squared error = 0.0108875, marker error: RMS = 0.0239379, max = 0.0406341 (LKnee)
[2024-10-09 17:47:10.687] [info] Frame 505 (t = 16.8667):	 total squared error = 0.0113323, marker error: RMS = 0.024422, max = 0.0360301 (Neck)
[2024-10-09 17:47:10.768] [info] Frame 506 (t = 16.9):	 total squared error = 0.0117068, marker error: RMS = 0.0248223, max = 0.0394317 (LAnkle)
[2024-10-09 17:47:10.854] [info] Frame 507 (t = 16.9333):	 total squared error = 0.0115887, marker error: RMS = 0.0246968, max = 0.0426519 (LAnkle)
[2024-10-09 17:47:10.894] [info] Frame 508 (t = 16.9667):	 total squared error = 0.0109108, marker error: RMS = 0.0239636, max = 0.0427453 (LAnkle)
[2024-10-09 17:47:10.925] [info] Frame 509 (t = 17.0):	 total squared error = 0.00982307, marker error: RMS = 0.0227377, max = 0.0390955 (LAnkle)
[2024-10-09 17:47:10.960] [info] Frame 510 (t = 17.0333):	 total squared error = 0.00872143, marker error: RMS = 0.0214248, max = 0.0361634 (Neck)
[2024-10-09 17:47:10.985] [info] Frame 511 (t = 17.0667):	 total squared error = 0.00807400, marker error: RMS = 0.0206143, max = 0.0354135 (Neck)
[2024-10-09 17:47:11.054] [info] Frame 512 (t = 17.1):	 total squared error = 0.00798366, marker error: RMS = 0.0204986, max = 0.0347693 (RHip)
[2024-10-09 17:47:11.090] [info] Frame 513 (t = 17.1333):	 total squared error = 0.00827850, marker error: RMS = 0.0208737, max = 0.034547 (RHip)
[2024-10-09 17:47:11.119] [info] Frame 514 (t = 17.1667):	 total squared error = 0.00866352, marker error: RMS = 0.0213536, max = 0.0346181 (RHip)
[2024-10-09 17:47:11.150] [info] Frame 515 (t = 17.2):	 total squared error = 0.00906166, marker error: RMS = 0.0218387, max = 0.0352431 (RHip)
[2024-10-09 17:47:11.185] [info] Frame 516 (t = 17.2333):	 total squared error = 0.00960932, marker error: RMS = 0.022489, max = 0.0387198 (LSmallToe)
[2024-10-09 17:47:11.226] [info] Frame 517 (t = 17.2667):	 total squared error = 0.0103003, marker error: RMS = 0.0232835, max = 0.0431332 (LSmallToe)
[2024-10-09 17:47:11.268] [info] Frame 518 (t = 17.3):	 total squared error = 0.0107255, marker error: RMS = 0.0237592, max = 0.0453237 (LSmallToe)
[2024-10-09 17:47:11.299] [info] Frame 519 (t = 17.3333):	 total squared error = 0.0104203, marker error: RMS = 0.0234187, max = 0.0429514 (LSmallToe)
[2024-10-09 17:47:11.348] [info] Frame 520 (t = 17.3667):	 total squared error = 0.00939644, marker error: RMS = 0.0222385, max = 0.0365231 (RHip)
[2024-10-09 17:47:11.408] [info] Frame 521 (t = 17.4):	 total squared error = 0.00820122, marker error: RMS = 0.0207760, max = 0.0361045 (RHip)
[2024-10-09 17:47:11.467] [info] Frame 522 (t = 17.4333):	 total squared error = 0.00738045, marker error: RMS = 0.0197090, max = 0.0357841 (RHip)
[2024-10-09 17:47:11.517] [info] Frame 523 (t = 17.4667):	 total squared error = 0.00698819, marker error: RMS = 0.0191781, max = 0.0355986 (RHip)
[2024-10-09 17:47:11.537] [info] Frame 524 (t = 17.5):	 total squared error = 0.00684067, marker error: RMS = 0.0189746, max = 0.0353503 (RHip)
[2024-10-09 17:47:11.568] [info] Frame 525 (t = 17.5333):	 total squared error = 0.00678582, marker error: RMS = 0.0188984, max = 0.0354219 (RHip)
[2024-10-09 17:47:11.629] [info] Frame 526 (t = 17.5667):	 total squared error = 0.00678575, marker error: RMS = 0.0188983, max = 0.0357112 (RHip)
[2024-10-09 17:47:11.647] [info] Frame 527 (t = 17.6):	 total squared error = 0.00685468, marker error: RMS = 0.018994, max = 0.0362667 (RHip)
[2024-10-09 17:47:11.678] [info] Frame 528 (t = 17.6333):	 total squared error = 0.00702259, marker error: RMS = 0.0192252, max = 0.0368151 (RHip)
[2024-10-09 17:47:11.729] [info] Frame 529 (t = 17.6667):	 total squared error = 0.00738824, marker error: RMS = 0.0197194, max = 0.0375028 (RHip)
[2024-10-09 17:47:11.751] [info] Frame 530 (t = 17.7):	 total squared error = 0.00812290, marker error: RMS = 0.0206766, max = 0.0378814 (RHip)
[2024-10-09 17:47:11.807] [info] Frame 531 (t = 17.7333):	 total squared error = 0.00927368, marker error: RMS = 0.0220927, max = 0.039151 (LSmallToe)
[2024-10-09 17:47:11.842] [info] Frame 532 (t = 17.7667):	 total squared error = 0.0105580, marker error: RMS = 0.0235729, max = 0.0496205 (LSmallToe)
[2024-10-09 17:47:11.910] [info] Frame 533 (t = 17.8):	 total squared error = 0.0114535, marker error: RMS = 0.0245524, max = 0.0553988 (LSmallToe)
[2024-10-09 17:47:11.968] [info] Frame 534 (t = 17.8333):	 total squared error = 0.0117522, marker error: RMS = 0.0248704, max = 0.0566925 (LSmallToe)
[2024-10-09 17:47:11.997] [info] Frame 535 (t = 17.8667):	 total squared error = 0.011517, marker error: RMS = 0.0246203, max = 0.0542566 (LSmallToe)
[2024-10-09 17:47:12.040] [info] Frame 536 (t = 17.9):	 total squared error = 0.0109756, marker error: RMS = 0.0240346, max = 0.0489519 (LSmallToe)
[2024-10-09 17:47:12.130] [info] Frame 537 (t = 17.9333):	 total squared error = 0.0104670, marker error: RMS = 0.0234712, max = 0.0434003 (LSmallToe)
[2024-10-09 17:47:12.219] [info] Frame 538 (t = 17.9667):	 total squared error = 0.0102932, marker error: RMS = 0.0232755, max = 0.0399655 (LSmallToe)
[2024-10-09 17:47:12.266] [info] Frame 539 (t = 18.0):	 total squared error = 0.0105546, marker error: RMS = 0.0235692, max = 0.0393861 (LSmallToe)
[2024-10-09 17:47:12.299] [info] Frame 540 (t = 18.0333):	 total squared error = 0.0112168, marker error: RMS = 0.0242973, max = 0.0410147 (LSmallToe)
[2024-10-09 17:47:12.343] [info] Frame 541 (t = 18.0667):	 total squared error = 0.0117983, marker error: RMS = 0.0249191, max = 0.0416604 (LSmallToe)
[2024-10-09 17:47:12.375] [info] Frame 542 (t = 18.1):	 total squared error = 0.0117883, marker error: RMS = 0.0249086, max = 0.0403187 (RHip)
[2024-10-09 17:47:12.402] [info] Frame 543 (t = 18.1333):	 total squared error = 0.0110818, marker error: RMS = 0.0241507, max = 0.0401386 (RHip)
[2024-10-09 17:47:12.428] [info] Frame 544 (t = 18.1667):	 total squared error = 0.0101907, marker error: RMS = 0.0231593, max = 0.0397045 (RHip)
[2024-10-09 17:47:12.475] [info] Frame 545 (t = 18.2):	 total squared error = 0.00965215, marker error: RMS = 0.022539, max = 0.0391473 (RHip)
[2024-10-09 17:47:12.532] [info] Frame 546 (t = 18.2333):	 total squared error = 0.00968229, marker error: RMS = 0.0225742, max = 0.0384997 (RHip)
[2024-10-09 17:47:12.563] [info] Frame 547 (t = 18.2667):	 total squared error = 0.0101966, marker error: RMS = 0.023166, max = 0.0446864 (LSmallToe)
[2024-10-09 17:47:12.598] [info] Frame 548 (t = 18.3):	 total squared error = 0.0108190, marker error: RMS = 0.0238626, max = 0.0507062 (LSmallToe)
[2024-10-09 17:47:12.628] [info] Frame 549 (t = 18.3333):	 total squared error = 0.0113663, marker error: RMS = 0.0244587, max = 0.0547455 (LSmallToe)
[2024-10-09 17:47:12.673] [info] Frame 550 (t = 18.3667):	 total squared error = 0.0117777, marker error: RMS = 0.0248973, max = 0.0567252 (LSmallToe)
[2024-10-09 17:47:12.704] [info] Frame 551 (t = 18.4):	 total squared error = 0.0123060, marker error: RMS = 0.0254496, max = 0.0589983 (LSmallToe)
[2024-10-09 17:47:12.736] [info] Frame 552 (t = 18.4333):	 total squared error = 0.0129596, marker error: RMS = 0.0261168, max = 0.0613701 (LSmallToe)
[2024-10-09 17:47:12.775] [info] Frame 553 (t = 18.4667):	 total squared error = 0.0135707, marker error: RMS = 0.0267254, max = 0.0636827 (LSmallToe)
[2024-10-09 17:47:12.806] [info] Frame 554 (t = 18.5):	 total squared error = 0.0140298, marker error: RMS = 0.0271737, max = 0.0650234 (LSmallToe)
[2024-10-09 17:47:12.860] [info] Frame 555 (t = 18.5333):	 total squared error = 0.0142594, marker error: RMS = 0.0273951, max = 0.0656777 (LSmallToe)
[2024-10-09 17:47:12.922] [info] Frame 556 (t = 18.5667):	 total squared error = 0.0143083, marker error: RMS = 0.0274421, max = 0.0658518 (LSmallToe)
[2024-10-09 17:47:12.980] [info] Frame 557 (t = 18.6):	 total squared error = 0.0142577, marker error: RMS = 0.0273935, max = 0.0659613 (LSmallToe)
[2024-10-09 17:47:13.034] [info] Frame 558 (t = 18.6333):	 total squared error = 0.0141655, marker error: RMS = 0.0273048, max = 0.0662084 (LSmallToe)
[2024-10-09 17:47:13.120] [info] Frame 559 (t = 18.6667):	 total squared error = 0.0139852, marker error: RMS = 0.0271305, max = 0.0660570 (LSmallToe)
[2024-10-09 17:47:13.161] [info] Frame 560 (t = 18.7):	 total squared error = 0.0137126, marker error: RMS = 0.0268647, max = 0.0655827 (LSmallToe)
[2024-10-09 17:47:13.240] [info] Frame 561 (t = 18.7333):	 total squared error = 0.0132686, marker error: RMS = 0.0264263, max = 0.0638576 (LSmallToe)
[2024-10-09 17:47:13.259] [info] Frame 562 (t = 18.7667):	 total squared error = 0.0127361, marker error: RMS = 0.0258905, max = 0.0613409 (LSmallToe)
[2024-10-09 17:47:13.291] [info] Frame 563 (t = 18.8):	 total squared error = 0.0123279, marker error: RMS = 0.0254723, max = 0.0585036 (LSmallToe)
[2024-10-09 17:47:13.307] [info] Frame 564 (t = 18.8333):	 total squared error = 0.012273, marker error: RMS = 0.0254155, max = 0.0561491 (LSmallToe)
[2024-10-09 17:47:13.355] [info] Frame 565 (t = 18.8667):	 total squared error = 0.0125343, marker error: RMS = 0.0256846, max = 0.0557626 (LSmallToe)
[2024-10-09 17:47:13.412] [info] Frame 566 (t = 18.9):	 total squared error = 0.0128707, marker error: RMS = 0.0260270, max = 0.0564499 (LSmallToe)
[2024-10-09 17:47:13.511] [info] Frame 567 (t = 18.9333):	 total squared error = 0.0131896, marker error: RMS = 0.0263474, max = 0.0582121 (LSmallToe)
[2024-10-09 17:47:13.581] [info] Frame 568 (t = 18.9667):	 total squared error = 0.01356, marker error: RMS = 0.0267148, max = 0.0608347 (LSmallToe)
[2024-10-09 17:47:13.675] [info] Frame 569 (t = 19.0):	 total squared error = 0.0140044, marker error: RMS = 0.0271491, max = 0.0639854 (LSmallToe)
[2024-10-09 17:47:13.707] [info] Frame 570 (t = 19.0333):	 total squared error = 0.0147163, marker error: RMS = 0.0278306, max = 0.0682959 (LSmallToe)
[2024-10-09 17:47:13.724] [info] Frame 571 (t = 19.0667):	 total squared error = 0.0157659, marker error: RMS = 0.0288060, max = 0.0732659 (LSmallToe)
[2024-10-09 17:47:13.737] [info] InverseKinematicsTool completed 572 frames in 26 second(s).
