[2024-10-09 17:43:02.855] [info] Preparing to run InverseKinematicsTool.
[2024-10-09 17:43:02.878] [info] Loaded model Pose2Sim_scaled from file Model_Pose2Sim_Halpe26_scaled.osim
[2024-10-09 17:43:02.878] [warning] Couldn't find file 'r_pelvis.vtp'.
[2024-10-09 17:43:02.878] [warning] Couldn't find file 'l_pelvis.vtp'.
[2024-10-09 17:43:02.878] [warning] Couldn't find file 'sacrum.vtp'.
[2024-10-09 17:43:02.878] [warning] Couldn't find file 'femur_r.vtp'.
[2024-10-09 17:43:02.879] [warning] Couldn't find file 'r_patella.vtp'.
[2024-10-09 17:43:02.879] [warning] Couldn't find file 'tibia_r.vtp'.
[2024-10-09 17:43:02.879] [warning] Couldn't find file 'fibula_r.vtp'.
[2024-10-09 17:43:02.879] [warning] Couldn't find file 'talus_rv.vtp'.
[2024-10-09 17:43:02.879] [warning] Couldn't find file 'foot.vtp'.
[2024-10-09 17:43:02.880] [warning] Couldn't find file 'bofoot.vtp'.
[2024-10-09 17:43:02.880] [warning] Couldn't find file 'femur_l.vtp'.
[2024-10-09 17:43:02.880] [warning] Couldn't find file 'l_patella.vtp'.
[2024-10-09 17:43:02.880] [warning] Couldn't find file 'tibia_l.vtp'.
[2024-10-09 17:43:02.880] [warning] Couldn't find file 'fibula_l.vtp'.
[2024-10-09 17:43:02.880] [warning] Couldn't find file 'talus_lv.vtp'.
[2024-10-09 17:43:02.880] [warning] Couldn't find file 'l_foot.vtp'.
[2024-10-09 17:43:02.880] [warning] Couldn't find file 'l_bofoot.vtp'.
[2024-10-09 17:43:02.881] [warning] Couldn't find file 'lumbar5.vtp'.
[2024-10-09 17:43:02.881] [warning] Couldn't find file 'lumbar4.vtp'.
[2024-10-09 17:43:02.881] [warning] Couldn't find file 'lumbar3.vtp'.
[2024-10-09 17:43:02.881] [warning] Couldn't find file 'lumbar2.vtp'.
[2024-10-09 17:43:02.881] [warning] Couldn't find file 'lumbar1.vtp'.
[2024-10-09 17:43:02.881] [warning] Couldn't find file 'cerv1sm.vtp'.
[2024-10-09 17:43:02.881] [warning] Couldn't find file 'cerv2sm.vtp'.
[2024-10-09 17:43:02.881] [warning] Couldn't find file 'cerv3sm.vtp'.
[2024-10-09 17:43:02.881] [warning] Couldn't find file 'cerv4sm.vtp'.
[2024-10-09 17:43:02.882] [warning] Couldn't find file 'cerv5sm.vtp'.
[2024-10-09 17:43:02.882] [warning] Couldn't find file 'cerv6sm.vtp'.
[2024-10-09 17:43:02.882] [warning] Couldn't find file 'cerv7.vtp'.
[2024-10-09 17:43:02.882] [warning] Couldn't find file 'thoracic12_s.vtp'.
[2024-10-09 17:43:02.882] [warning] Couldn't find file 'thoracic11_s.vtp'.
[2024-10-09 17:43:02.882] [warning] Couldn't find file 'thoracic10_s.vtp'.
[2024-10-09 17:43:02.882] [warning] Couldn't find file 'thoracic9_s.vtp'.
[2024-10-09 17:43:02.883] [warning] Couldn't find file 'thoracic8_s.vtp'.
[2024-10-09 17:43:02.883] [warning] Couldn't find file 'thoracic7_s.vtp'.
[2024-10-09 17:43:02.883] [warning] Couldn't find file 'thoracic6_s.vtp'.
[2024-10-09 17:43:02.883] [warning] Couldn't find file 'thoracic5_s.vtp'.
[2024-10-09 17:43:02.883] [warning] Couldn't find file 'thoracic4_s.vtp'.
[2024-10-09 17:43:02.884] [warning] Couldn't find file 'thoracic3_s.vtp'.
[2024-10-09 17:43:02.884] [warning] Couldn't find file 'thoracic2_s.vtp'.
[2024-10-09 17:43:02.884] [warning] Couldn't find file 'thoracic1_s.vtp'.
[2024-10-09 17:43:02.884] [warning] Couldn't find file 'hat_ribs_scap.vtp'.
[2024-10-09 17:43:02.884] [warning] Couldn't find file 'hat_jaw.vtp'.
[2024-10-09 17:43:02.885] [warning] Couldn't find file 'hat_skull.vtp'.
[2024-10-09 17:43:02.885] [warning] Couldn't find file 'humerus_rv.vtp'.
[2024-10-09 17:43:02.885] [warning] Couldn't find file 'ulna_rv.vtp'.
[2024-10-09 17:43:02.885] [warning] Couldn't find file 'radius_rv.vtp'.
[2024-10-09 17:43:02.885] [warning] Couldn't find file 'pisiform_rvs.vtp'.
[2024-10-09 17:43:02.885] [warning] Couldn't find file 'lunate_rvs.vtp'.
[2024-10-09 17:43:02.885] [warning] Couldn't find file 'scaphoid_rvs.vtp'.
[2024-10-09 17:43:02.885] [warning] Couldn't find file 'triquetrum_rvs.vtp'.
[2024-10-09 17:43:02.886] [warning] Couldn't find file 'hamate_rvs.vtp'.
[2024-10-09 17:43:02.886] [warning] Couldn't find file 'capitate_rvs.vtp'.
[2024-10-09 17:43:02.886] [warning] Couldn't find file 'trapezoid_rvs.vtp'.
[2024-10-09 17:43:02.886] [warning] Couldn't find file 'trapezium_rvs.vtp'.
[2024-10-09 17:43:02.886] [warning] Couldn't find file 'metacarpal2_rvs.vtp'.
[2024-10-09 17:43:02.886] [warning] Couldn't find file 'index_proximal_rvs.vtp'.
[2024-10-09 17:43:02.886] [warning] Couldn't find file 'index_medial_rvs.vtp'.
[2024-10-09 17:43:02.886] [warning] Couldn't find file 'index_distal_rvs.vtp'.
[2024-10-09 17:43:02.887] [warning] Couldn't find file 'metacarpal3_rvs.vtp'.
[2024-10-09 17:43:02.887] [warning] Couldn't find file 'middle_proximal_rvs.vtp'.
[2024-10-09 17:43:02.887] [warning] Couldn't find file 'middle_medial_rvs.vtp'.
[2024-10-09 17:43:02.887] [warning] Couldn't find file 'middle_distal_rvs.vtp'.
[2024-10-09 17:43:02.887] [warning] Couldn't find file 'metacarpal4_rvs.vtp'.
[2024-10-09 17:43:02.887] [warning] Couldn't find file 'ring_proximal_rvs.vtp'.
[2024-10-09 17:43:02.887] [warning] Couldn't find file 'ring_medial_rvs.vtp'.
[2024-10-09 17:43:02.887] [warning] Couldn't find file 'ring_distal_rvs.vtp'.
[2024-10-09 17:43:02.888] [warning] Couldn't find file 'metacarpal5_rvs.vtp'.
[2024-10-09 17:43:02.888] [warning] Couldn't find file 'little_proximal_rvs.vtp'.
[2024-10-09 17:43:02.888] [warning] Couldn't find file 'little_medial_rvs.vtp'.
[2024-10-09 17:43:02.888] [warning] Couldn't find file 'little_distal_rvs.vtp'.
[2024-10-09 17:43:02.888] [warning] Couldn't find file 'metacarpal1_rvs.vtp'.
[2024-10-09 17:43:02.888] [warning] Couldn't find file 'thumb_proximal_rvs.vtp'.
[2024-10-09 17:43:02.888] [warning] Couldn't find file 'thumb_distal_rvs.vtp'.
[2024-10-09 17:43:02.889] [warning] Couldn't find file 'humerus_lv.vtp'.
[2024-10-09 17:43:02.889] [warning] Couldn't find file 'ulna_lv.vtp'.
[2024-10-09 17:43:02.889] [warning] Couldn't find file 'radius_lv.vtp'.
[2024-10-09 17:43:02.889] [warning] Couldn't find file 'pisiform_lvs.vtp'.
[2024-10-09 17:43:02.889] [warning] Couldn't find file 'lunate_lvs.vtp'.
[2024-10-09 17:43:02.889] [warning] Couldn't find file 'scaphoid_lvs.vtp'.
[2024-10-09 17:43:02.889] [warning] Couldn't find file 'triquetrum_lvs.vtp'.
[2024-10-09 17:43:02.889] [warning] Couldn't find file 'hamate_lvs.vtp'.
[2024-10-09 17:43:02.890] [warning] Couldn't find file 'capitate_lvs.vtp'.
[2024-10-09 17:43:02.890] [warning] Couldn't find file 'trapezoid_lvs.vtp'.
[2024-10-09 17:43:02.890] [warning] Couldn't find file 'trapezium_lvs.vtp'.
[2024-10-09 17:43:02.890] [warning] Couldn't find file 'metacarpal2_lvs.vtp'.
[2024-10-09 17:43:02.890] [warning] Couldn't find file 'index_proximal_lvs.vtp'.
[2024-10-09 17:43:02.890] [warning] Couldn't find file 'index_medial_lvs.vtp'.
[2024-10-09 17:43:02.890] [warning] Couldn't find file 'index_distal_lvs.vtp'.
[2024-10-09 17:43:02.891] [warning] Couldn't find file 'metacarpal3_lvs.vtp'.
[2024-10-09 17:43:02.891] [warning] Couldn't find file 'middle_proximal_lvs.vtp'.
[2024-10-09 17:43:02.891] [warning] Couldn't find file 'middle_medial_lvs.vtp'.
[2024-10-09 17:43:02.891] [warning] Couldn't find file 'middle_distal_lvs.vtp'.
[2024-10-09 17:43:02.891] [warning] Couldn't find file 'metacarpal4_lvs.vtp'.
[2024-10-09 17:43:02.891] [warning] Couldn't find file 'ring_proximal_lvs.vtp'.
[2024-10-09 17:43:02.891] [warning] Couldn't find file 'ring_medial_lvs.vtp'.
[2024-10-09 17:43:02.891] [warning] Couldn't find file 'ring_distal_lvs.vtp'.
[2024-10-09 17:43:02.892] [warning] Couldn't find file 'metacarpal5_lvs.vtp'.
[2024-10-09 17:43:02.892] [warning] Couldn't find file 'little_proximal_lvs.vtp'.
[2024-10-09 17:43:02.892] [warning] Couldn't find file 'little_medial_lvs.vtp'.
[2024-10-09 17:43:02.892] [warning] Couldn't find file 'little_distal_lvs.vtp'.
[2024-10-09 17:43:02.892] [warning] Couldn't find file 'metacarpal1_lvs.vtp'.
[2024-10-09 17:43:02.892] [warning] Couldn't find file 'thumb_proximal_lvs.vtp'.
[2024-10-09 17:43:02.892] [warning] Couldn't find file 'thumb_distal_lvs.vtp'.
[2024-10-09 17:43:02.894] [cout] [info] 
               MODEL: Pose2Sim_scaled
         coordinates: 62
              forces: 0
           actuators: 0
             muscles: 0
            analyses: 0
              probes: 0
              bodies: 30
              joints: 30
         constraints: 20
             markers: 22
         controllers: 0
  contact geometries: 0
misc modelcomponents: 0
[2024-10-09 17:43:02.895] [info] Running tool .
[2024-10-09 17:43:03.245] [info] Frame 0 (t = 0.0333333):	 total squared error = 0.0132536, marker error: RMS = 0.0264114, max = 0.0418931 (LHeel)
[2024-10-09 17:43:03.305] [info] Frame 1 (t = 0.0666667):	 total squared error = 0.0109286, marker error: RMS = 0.0239831, max = 0.0363296 (LHeel)
[2024-10-09 17:43:03.388] [info] Frame 2 (t = 0.1):	 total squared error = 0.0101071, marker error: RMS = 0.0230641, max = 0.0354609 (RKnee)
[2024-10-09 17:43:03.447] [info] Frame 3 (t = 0.133333):	 total squared error = 0.0101720, marker error: RMS = 0.023138, max = 0.0369742 (RKnee)
[2024-10-09 17:43:03.478] [info] Frame 4 (t = 0.166667):	 total squared error = 0.0104477, marker error: RMS = 0.0234495, max = 0.0380488 (RKnee)
[2024-10-09 17:43:03.511] [info] Frame 5 (t = 0.2):	 total squared error = 0.0106164, marker error: RMS = 0.023638, max = 0.038873 (RKnee)
[2024-10-09 17:43:03.547] [info] Frame 6 (t = 0.233333):	 total squared error = 0.0106463, marker error: RMS = 0.0236713, max = 0.0387156 (RKnee)
[2024-10-09 17:43:03.610] [info] Frame 7 (t = 0.266667):	 total squared error = 0.0105811, marker error: RMS = 0.0235987, max = 0.0392975 (RKnee)
[2024-10-09 17:43:03.651] [info] Frame 8 (t = 0.3):	 total squared error = 0.0104765, marker error: RMS = 0.0234818, max = 0.0390774 (RKnee)
[2024-10-09 17:43:03.694] [info] Frame 9 (t = 0.333333):	 total squared error = 0.0102823, marker error: RMS = 0.0232632, max = 0.0388092 (RKnee)
[2024-10-09 17:43:03.714] [info] Frame 10 (t = 0.366667):	 total squared error = 0.0100848, marker error: RMS = 0.0230386, max = 0.0385057 (RKnee)
[2024-10-09 17:43:03.776] [info] Frame 11 (t = 0.4):	 total squared error = 0.00996734, marker error: RMS = 0.0229041, max = 0.0384418 (RKnee)
[2024-10-09 17:43:03.795] [info] Frame 12 (t = 0.433333):	 total squared error = 0.00993130, marker error: RMS = 0.0228626, max = 0.0380408 (RKnee)
[2024-10-09 17:43:03.830] [info] Frame 13 (t = 0.466667):	 total squared error = 0.00998613, marker error: RMS = 0.0229257, max = 0.0375822 (RKnee)
[2024-10-09 17:43:03.850] [info] Frame 14 (t = 0.5):	 total squared error = 0.0100384, marker error: RMS = 0.0229855, max = 0.0370209 (RKnee)
[2024-10-09 17:43:03.899] [info] Frame 15 (t = 0.533333):	 total squared error = 0.0100941, marker error: RMS = 0.0230492, max = 0.0367732 (RKnee)
[2024-10-09 17:43:03.956] [info] Frame 16 (t = 0.566667):	 total squared error = 0.0101276, marker error: RMS = 0.0230875, max = 0.0368689 (RKnee)
[2024-10-09 17:43:04.006] [info] Frame 17 (t = 0.6):	 total squared error = 0.0101800, marker error: RMS = 0.0231472, max = 0.037314 (RKnee)
[2024-10-09 17:43:04.060] [info] Frame 18 (t = 0.633333):	 total squared error = 0.0102920, marker error: RMS = 0.0232741, max = 0.037667 (RKnee)
[2024-10-09 17:43:04.103] [info] Frame 19 (t = 0.666667):	 total squared error = 0.0104777, marker error: RMS = 0.0234831, max = 0.0372665 (RKnee)
[2024-10-09 17:43:04.129] [info] Frame 20 (t = 0.7):	 total squared error = 0.0106650, marker error: RMS = 0.0236921, max = 0.0375237 (RKnee)
[2024-10-09 17:43:04.186] [info] Frame 21 (t = 0.733333):	 total squared error = 0.0107745, marker error: RMS = 0.0238134, max = 0.0371508 (RKnee)
[2024-10-09 17:43:04.206] [info] Frame 22 (t = 0.766667):	 total squared error = 0.0108617, marker error: RMS = 0.0239095, max = 0.036638 (RKnee)
[2024-10-09 17:43:04.267] [info] Frame 23 (t = 0.8):	 total squared error = 0.0109637, marker error: RMS = 0.0240216, max = 0.0355586 (RKnee)
[2024-10-09 17:43:04.337] [info] Frame 24 (t = 0.833333):	 total squared error = 0.0111419, marker error: RMS = 0.024216, max = 0.0349292 (RKnee)
[2024-10-09 17:43:04.361] [info] Frame 25 (t = 0.866667):	 total squared error = 0.0113445, marker error: RMS = 0.0244352, max = 0.0347835 (LShoulder)
[2024-10-09 17:43:04.497] [info] Frame 26 (t = 0.9):	 total squared error = 0.0114745, marker error: RMS = 0.0245748, max = 0.0365099 (LShoulder)
[2024-10-09 17:43:04.550] [info] Frame 27 (t = 0.933333):	 total squared error = 0.0115223, marker error: RMS = 0.0246259, max = 0.0373267 (LShoulder)
[2024-10-09 17:43:04.609] [info] Frame 28 (t = 0.966667):	 total squared error = 0.0114817, marker error: RMS = 0.0245825, max = 0.0373223 (LShoulder)
[2024-10-09 17:43:04.645] [info] Frame 29 (t = 1.0):	 total squared error = 0.0113854, marker error: RMS = 0.0244792, max = 0.036896 (LShoulder)
[2024-10-09 17:43:04.689] [info] Frame 30 (t = 1.03333):	 total squared error = 0.0112354, marker error: RMS = 0.0243174, max = 0.0358221 (LShoulder)
[2024-10-09 17:43:04.730] [info] Frame 31 (t = 1.06667):	 total squared error = 0.0110337, marker error: RMS = 0.0240982, max = 0.034131 (LShoulder)
[2024-10-09 17:43:04.780] [info] Frame 32 (t = 1.1):	 total squared error = 0.0107977, marker error: RMS = 0.023839, max = 0.0351205 (RKnee)
[2024-10-09 17:43:04.837] [info] Frame 33 (t = 1.13333):	 total squared error = 0.0106405, marker error: RMS = 0.0236649, max = 0.0362606 (RKnee)
[2024-10-09 17:43:04.867] [info] Frame 34 (t = 1.16667):	 total squared error = 0.0107129, marker error: RMS = 0.0237453, max = 0.0377005 (RKnee)
[2024-10-09 17:43:04.898] [info] Frame 35 (t = 1.2):	 total squared error = 0.0110357, marker error: RMS = 0.0241003, max = 0.0391414 (RKnee)
[2024-10-09 17:43:04.955] [info] Frame 36 (t = 1.23333):	 total squared error = 0.0114333, marker error: RMS = 0.0245306, max = 0.0405607 (RKnee)
[2024-10-09 17:43:04.991] [info] Frame 37 (t = 1.26667):	 total squared error = 0.0117197, marker error: RMS = 0.024836, max = 0.0407125 (RKnee)
[2024-10-09 17:43:05.032] [info] Frame 38 (t = 1.3):	 total squared error = 0.0116798, marker error: RMS = 0.0247936, max = 0.0405823 (RKnee)
[2024-10-09 17:43:05.069] [info] Frame 39 (t = 1.33333):	 total squared error = 0.0112995, marker error: RMS = 0.0243867, max = 0.0396536 (RKnee)
[2024-10-09 17:43:05.125] [info] Frame 40 (t = 1.36667):	 total squared error = 0.0107571, marker error: RMS = 0.0237942, max = 0.038377 (RKnee)
[2024-10-09 17:43:05.152] [info] Frame 41 (t = 1.4):	 total squared error = 0.0102774, marker error: RMS = 0.0232576, max = 0.0369311 (RKnee)
[2024-10-09 17:43:05.231] [info] Frame 42 (t = 1.43333):	 total squared error = 0.0100192, marker error: RMS = 0.0229636, max = 0.035365 (RKnee)
[2024-10-09 17:43:05.258] [info] Frame 43 (t = 1.46667):	 total squared error = 0.0100053, marker error: RMS = 0.0229476, max = 0.0343287 (RKnee)
[2024-10-09 17:43:05.273] [info] Frame 44 (t = 1.5):	 total squared error = 0.0101439, marker error: RMS = 0.0231060, max = 0.0342246 (RKnee)
[2024-10-09 17:43:05.358] [info] Frame 45 (t = 1.53333):	 total squared error = 0.0103272, marker error: RMS = 0.0233139, max = 0.0341034 (RKnee)
[2024-10-09 17:43:05.397] [info] Frame 46 (t = 1.56667):	 total squared error = 0.0105651, marker error: RMS = 0.0235809, max = 0.0343174 (RKnee)
[2024-10-09 17:43:05.438] [info] Frame 47 (t = 1.6):	 total squared error = 0.0107695, marker error: RMS = 0.0238079, max = 0.0351976 (RKnee)
[2024-10-09 17:43:05.454] [info] Frame 48 (t = 1.63333):	 total squared error = 0.0108341, marker error: RMS = 0.0238792, max = 0.0352866 (RKnee)
[2024-10-09 17:43:05.489] [info] Frame 49 (t = 1.66667):	 total squared error = 0.0107390, marker error: RMS = 0.0237742, max = 0.0369902 (RKnee)
[2024-10-09 17:43:05.545] [info] Frame 50 (t = 1.7):	 total squared error = 0.0104332, marker error: RMS = 0.0234332, max = 0.0369615 (RKnee)
[2024-10-09 17:43:05.578] [info] Frame 51 (t = 1.73333):	 total squared error = 0.0101150, marker error: RMS = 0.0230731, max = 0.0373543 (RKnee)
[2024-10-09 17:43:05.597] [info] Frame 52 (t = 1.76667):	 total squared error = 0.00982929, marker error: RMS = 0.0227449, max = 0.0373391 (RKnee)
[2024-10-09 17:43:05.668] [info] Frame 53 (t = 1.8):	 total squared error = 0.00959784, marker error: RMS = 0.0224755, max = 0.0369573 (RKnee)
[2024-10-09 17:43:05.707] [info] Frame 54 (t = 1.83333):	 total squared error = 0.00951171, marker error: RMS = 0.0223745, max = 0.0366343 (RKnee)
[2024-10-09 17:43:05.751] [info] Frame 55 (t = 1.86667):	 total squared error = 0.00955496, marker error: RMS = 0.0224253, max = 0.0367684 (RKnee)
[2024-10-09 17:43:05.784] [info] Frame 56 (t = 1.9):	 total squared error = 0.00969600, marker error: RMS = 0.0225902, max = 0.0374849 (RKnee)
[2024-10-09 17:43:05.806] [info] Frame 57 (t = 1.93333):	 total squared error = 0.00990886, marker error: RMS = 0.0228368, max = 0.0378909 (RKnee)
[2024-10-09 17:43:05.825] [info] Frame 58 (t = 1.96667):	 total squared error = 0.0101007, marker error: RMS = 0.0230568, max = 0.0380186 (RKnee)
[2024-10-09 17:43:05.859] [info] Frame 59 (t = 2.0):	 total squared error = 0.0101640, marker error: RMS = 0.0231289, max = 0.0380494 (RKnee)
[2024-10-09 17:43:05.917] [info] Frame 60 (t = 2.03333):	 total squared error = 0.0101064, marker error: RMS = 0.0230633, max = 0.0375971 (RKnee)
[2024-10-09 17:43:05.984] [info] Frame 61 (t = 2.06667):	 total squared error = 0.00996557, marker error: RMS = 0.0229020, max = 0.0372146 (RKnee)
[2024-10-09 17:43:06.010] [info] Frame 62 (t = 2.1):	 total squared error = 0.00982170, marker error: RMS = 0.0227361, max = 0.0370477 (RKnee)
[2024-10-09 17:43:06.055] [info] Frame 63 (t = 2.13333):	 total squared error = 0.00972744, marker error: RMS = 0.0226268, max = 0.0365036 (RKnee)
[2024-10-09 17:43:06.114] [info] Frame 64 (t = 2.16667):	 total squared error = 0.00966817, marker error: RMS = 0.0225577, max = 0.0365557 (RKnee)
[2024-10-09 17:43:06.159] [info] Frame 65 (t = 2.2):	 total squared error = 0.00964920, marker error: RMS = 0.0225356, max = 0.0364867 (RKnee)
[2024-10-09 17:43:06.213] [info] Frame 66 (t = 2.23333):	 total squared error = 0.00964957, marker error: RMS = 0.022536, max = 0.0364498 (RKnee)
[2024-10-09 17:43:06.233] [info] Frame 67 (t = 2.26667):	 total squared error = 0.00967099, marker error: RMS = 0.022561, max = 0.0365579 (RKnee)
[2024-10-09 17:43:06.260] [info] Frame 68 (t = 2.3):	 total squared error = 0.00973924, marker error: RMS = 0.0226405, max = 0.0366177 (RKnee)
[2024-10-09 17:43:06.271] [info] Frame 69 (t = 2.33333):	 total squared error = 0.00987081, marker error: RMS = 0.0227929, max = 0.0368141 (RKnee)
[2024-10-09 17:43:06.303] [info] Frame 70 (t = 2.36667):	 total squared error = 0.0101039, marker error: RMS = 0.0230604, max = 0.0373792 (RKnee)
[2024-10-09 17:43:06.358] [info] Frame 71 (t = 2.4):	 total squared error = 0.0103501, marker error: RMS = 0.0233397, max = 0.0382539 (RKnee)
[2024-10-09 17:43:06.401] [info] Frame 72 (t = 2.43333):	 total squared error = 0.0105645, marker error: RMS = 0.0235802, max = 0.0387924 (RKnee)
[2024-10-09 17:43:06.463] [info] Frame 73 (t = 2.46667):	 total squared error = 0.0106605, marker error: RMS = 0.0236872, max = 0.0393177 (RKnee)
[2024-10-09 17:43:06.554] [info] Frame 74 (t = 2.5):	 total squared error = 0.0106495, marker error: RMS = 0.0236749, max = 0.0394408 (RKnee)
[2024-10-09 17:43:06.599] [info] Frame 75 (t = 2.53333):	 total squared error = 0.0106129, marker error: RMS = 0.0236342, max = 0.0392178 (RKnee)
[2024-10-09 17:43:06.659] [info] Frame 76 (t = 2.56667):	 total squared error = 0.0105520, marker error: RMS = 0.0235663, max = 0.0390644 (RKnee)
[2024-10-09 17:43:06.713] [info] Frame 77 (t = 2.6):	 total squared error = 0.0105246, marker error: RMS = 0.0235356, max = 0.0386274 (RKnee)
[2024-10-09 17:43:06.732] [info] Frame 78 (t = 2.63333):	 total squared error = 0.0105380, marker error: RMS = 0.0235506, max = 0.0380070 (RKnee)
[2024-10-09 17:43:06.754] [info] Frame 79 (t = 2.66667):	 total squared error = 0.0106229, marker error: RMS = 0.0236452, max = 0.0372805 (RKnee)
[2024-10-09 17:43:06.815] [info] Frame 80 (t = 2.7):	 total squared error = 0.0107143, marker error: RMS = 0.0237468, max = 0.0358987 (RKnee)
[2024-10-09 17:43:06.876] [info] Frame 81 (t = 2.73333):	 total squared error = 0.0107392, marker error: RMS = 0.0237744, max = 0.0356243 (RKnee)
[2024-10-09 17:43:06.926] [info] Frame 82 (t = 2.76667):	 total squared error = 0.0106608, marker error: RMS = 0.0236874, max = 0.0356595 (RKnee)
[2024-10-09 17:43:06.952] [info] Frame 83 (t = 2.8):	 total squared error = 0.0105851, marker error: RMS = 0.0236032, max = 0.0360507 (RKnee)
[2024-10-09 17:43:06.978] [info] Frame 84 (t = 2.83333):	 total squared error = 0.0106265, marker error: RMS = 0.0236493, max = 0.0365337 (RKnee)
[2024-10-09 17:43:07.053] [info] Frame 85 (t = 2.86667):	 total squared error = 0.0106754, marker error: RMS = 0.0237036, max = 0.0371603 (RKnee)
[2024-10-09 17:43:07.101] [info] Frame 86 (t = 2.9):	 total squared error = 0.0107757, marker error: RMS = 0.0238148, max = 0.0373818 (RKnee)
[2024-10-09 17:43:07.135] [info] Frame 87 (t = 2.93333):	 total squared error = 0.0108050, marker error: RMS = 0.0238471, max = 0.0370670 (RKnee)
[2024-10-09 17:43:07.178] [info] Frame 88 (t = 2.96667):	 total squared error = 0.0107874, marker error: RMS = 0.0238276, max = 0.0372585 (RKnee)
[2024-10-09 17:43:07.232] [info] Frame 89 (t = 3.0):	 total squared error = 0.0107897, marker error: RMS = 0.0238302, max = 0.0377402 (RKnee)
[2024-10-09 17:43:07.277] [info] Frame 90 (t = 3.03333):	 total squared error = 0.0108499, marker error: RMS = 0.0238966, max = 0.037393 (RKnee)
[2024-10-09 17:43:07.321] [info] Frame 91 (t = 3.06667):	 total squared error = 0.0108996, marker error: RMS = 0.0239513, max = 0.0376657 (RKnee)
[2024-10-09 17:43:07.377] [info] Frame 92 (t = 3.1):	 total squared error = 0.0108960, marker error: RMS = 0.0239473, max = 0.0378602 (RKnee)
[2024-10-09 17:43:07.428] [info] Frame 93 (t = 3.13333):	 total squared error = 0.0109003, marker error: RMS = 0.0239521, max = 0.0379174 (RKnee)
[2024-10-09 17:43:07.475] [info] Frame 94 (t = 3.16667):	 total squared error = 0.0109929, marker error: RMS = 0.0240536, max = 0.0380250 (RKnee)
[2024-10-09 17:43:07.522] [info] Frame 95 (t = 3.2):	 total squared error = 0.0112635, marker error: RMS = 0.0243478, max = 0.0383458 (RKnee)
[2024-10-09 17:43:07.555] [info] Frame 96 (t = 3.23333):	 total squared error = 0.0117178, marker error: RMS = 0.024834, max = 0.0380516 (RKnee)
[2024-10-09 17:43:07.573] [info] Frame 97 (t = 3.26667):	 total squared error = 0.0121389, marker error: RMS = 0.0252763, max = 0.0382498 (RKnee)
[2024-10-09 17:43:07.602] [info] Frame 98 (t = 3.3):	 total squared error = 0.0121696, marker error: RMS = 0.0253082, max = 0.0378188 (RKnee)
[2024-10-09 17:43:07.672] [info] Frame 99 (t = 3.33333):	 total squared error = 0.0118886, marker error: RMS = 0.0250143, max = 0.0384006 (RKnee)
[2024-10-09 17:43:07.713] [info] Frame 100 (t = 3.36667):	 total squared error = 0.0113913, marker error: RMS = 0.0244855, max = 0.0383543 (RKnee)
[2024-10-09 17:43:07.746] [info] Frame 101 (t = 3.4):	 total squared error = 0.0109559, marker error: RMS = 0.0240131, max = 0.0382683 (RKnee)
[2024-10-09 17:43:07.803] [info] Frame 102 (t = 3.43333):	 total squared error = 0.0106591, marker error: RMS = 0.0236856, max = 0.0387188 (RKnee)
[2024-10-09 17:43:07.855] [info] Frame 103 (t = 3.46667):	 total squared error = 0.0105373, marker error: RMS = 0.0235498, max = 0.0382789 (RKnee)
[2024-10-09 17:43:07.895] [info] Frame 104 (t = 3.5):	 total squared error = 0.0104582, marker error: RMS = 0.0234613, max = 0.0378132 (RKnee)
[2024-10-09 17:43:07.952] [info] Frame 105 (t = 3.53333):	 total squared error = 0.0103798, marker error: RMS = 0.0233732, max = 0.0383208 (RKnee)
[2024-10-09 17:43:07.997] [info] Frame 106 (t = 3.56667):	 total squared error = 0.0103386, marker error: RMS = 0.0233267, max = 0.0384522 (RKnee)
[2024-10-09 17:43:08.039] [info] Frame 107 (t = 3.6):	 total squared error = 0.0104034, marker error: RMS = 0.0233997, max = 0.0390246 (RKnee)
[2024-10-09 17:43:08.081] [info] Frame 108 (t = 3.63333):	 total squared error = 0.0106004, marker error: RMS = 0.0236203, max = 0.0398755 (RKnee)
[2024-10-09 17:43:08.108] [info] Frame 109 (t = 3.66667):	 total squared error = 0.0109360, marker error: RMS = 0.0239912, max = 0.0407854 (RKnee)
[2024-10-09 17:43:08.128] [info] Frame 110 (t = 3.7):	 total squared error = 0.0113065, marker error: RMS = 0.0243942, max = 0.0413399 (RKnee)
[2024-10-09 17:43:08.160] [info] Frame 111 (t = 3.73333):	 total squared error = 0.0114982, marker error: RMS = 0.0246002, max = 0.0417218 (RKnee)
[2024-10-09 17:43:08.290] [info] Frame 112 (t = 3.76667):	 total squared error = 0.0115857, marker error: RMS = 0.0246936, max = 0.0414305 (RKnee)
[2024-10-09 17:43:08.318] [info] Frame 113 (t = 3.8):	 total squared error = 0.0117911, marker error: RMS = 0.0249115, max = 0.0411607 (RKnee)
[2024-10-09 17:43:08.374] [info] Frame 114 (t = 3.83333):	 total squared error = 0.0122235, marker error: RMS = 0.0253642, max = 0.0409155 (RKnee)
[2024-10-09 17:43:08.415] [info] Frame 115 (t = 3.86667):	 total squared error = 0.0126978, marker error: RMS = 0.0258516, max = 0.0422835 (Neck)
[2024-10-09 17:43:08.501] [info] Frame 116 (t = 3.9):	 total squared error = 0.0129385, marker error: RMS = 0.0260955, max = 0.0426229 (Neck)
[2024-10-09 17:43:08.515] [info] Frame 117 (t = 3.93333):	 total squared error = 0.0127469, marker error: RMS = 0.0259016, max = 0.0408821 (Neck)
[2024-10-09 17:43:08.577] [info] Frame 118 (t = 3.96667):	 total squared error = 0.0121935, marker error: RMS = 0.025333, max = 0.0394719 (RKnee)
[2024-10-09 17:43:08.602] [info] Frame 119 (t = 4.0):	 total squared error = 0.0115825, marker error: RMS = 0.0246902, max = 0.0388512 (RKnee)
[2024-10-09 17:43:08.658] [info] Frame 120 (t = 4.03333):	 total squared error = 0.0111972, marker error: RMS = 0.0242761, max = 0.0378956 (RKnee)
[2024-10-09 17:43:08.712] [info] Frame 121 (t = 4.06667):	 total squared error = 0.0110812, marker error: RMS = 0.0241499, max = 0.0376041 (RKnee)
[2024-10-09 17:43:08.742] [info] Frame 122 (t = 4.1):	 total squared error = 0.0110249, marker error: RMS = 0.0240886, max = 0.037741 (RKnee)
[2024-10-09 17:43:08.785] [info] Frame 123 (t = 4.13333):	 total squared error = 0.0109349, marker error: RMS = 0.02399, max = 0.0378378 (RKnee)
[2024-10-09 17:43:08.851] [info] Frame 124 (t = 4.16667):	 total squared error = 0.0108115, marker error: RMS = 0.0238543, max = 0.0383361 (RKnee)
[2024-10-09 17:43:08.907] [info] Frame 125 (t = 4.2):	 total squared error = 0.0107747, marker error: RMS = 0.0238136, max = 0.0385395 (RKnee)
[2024-10-09 17:43:08.969] [info] Frame 126 (t = 4.23333):	 total squared error = 0.0108404, marker error: RMS = 0.0238861, max = 0.0381983 (RKnee)
[2024-10-09 17:43:08.999] [info] Frame 127 (t = 4.26667):	 total squared error = 0.0109387, marker error: RMS = 0.0239942, max = 0.0376289 (RKnee)
[2024-10-09 17:43:09.015] [info] Frame 128 (t = 4.3):	 total squared error = 0.0110516, marker error: RMS = 0.0241177, max = 0.0374691 (RKnee)
[2024-10-09 17:43:09.109] [info] Frame 129 (t = 4.33333):	 total squared error = 0.0111696, marker error: RMS = 0.0242461, max = 0.035925 (RKnee)
[2024-10-09 17:43:09.128] [info] Frame 130 (t = 4.36667):	 total squared error = 0.0113099, marker error: RMS = 0.024398, max = 0.0357348 (RKnee)
[2024-10-09 17:43:09.181] [info] Frame 131 (t = 4.4):	 total squared error = 0.0114093, marker error: RMS = 0.0245048, max = 0.0357469 (RKnee)
[2024-10-09 17:43:09.230] [info] Frame 132 (t = 4.43333):	 total squared error = 0.0114109, marker error: RMS = 0.0245066, max = 0.0361655 (RKnee)
[2024-10-09 17:43:09.268] [info] Frame 133 (t = 4.46667):	 total squared error = 0.0112418, marker error: RMS = 0.0243243, max = 0.0367353 (RKnee)
[2024-10-09 17:43:09.295] [info] Frame 134 (t = 4.5):	 total squared error = 0.0108957, marker error: RMS = 0.023947, max = 0.0379407 (RKnee)
[2024-10-09 17:43:09.351] [info] Frame 135 (t = 4.53333):	 total squared error = 0.0105540, marker error: RMS = 0.0235685, max = 0.0390854 (RKnee)
[2024-10-09 17:43:09.388] [info] Frame 136 (t = 4.56667):	 total squared error = 0.0105897, marker error: RMS = 0.0236083, max = 0.0402387 (RKnee)
[2024-10-09 17:43:09.447] [info] Frame 137 (t = 4.6):	 total squared error = 0.0109792, marker error: RMS = 0.0240386, max = 0.0411881 (RKnee)
[2024-10-09 17:43:09.471] [info] Frame 138 (t = 4.63333):	 total squared error = 0.0116854, marker error: RMS = 0.0247996, max = 0.0418754 (RKnee)
[2024-10-09 17:43:09.542] [info] Frame 139 (t = 4.66667):	 total squared error = 0.0124246, marker error: RMS = 0.025572, max = 0.042764 (RKnee)
[2024-10-09 17:43:09.560] [info] Frame 140 (t = 4.7):	 total squared error = 0.0131030, marker error: RMS = 0.0262608, max = 0.0431192 (RKnee)
[2024-10-09 17:43:09.619] [info] Frame 141 (t = 4.73333):	 total squared error = 0.0134136, marker error: RMS = 0.0265703, max = 0.0429211 (RKnee)
[2024-10-09 17:43:09.663] [info] Frame 142 (t = 4.76667):	 total squared error = 0.0132689, marker error: RMS = 0.0264266, max = 0.0419721 (RKnee)
[2024-10-09 17:43:09.728] [info] Frame 143 (t = 4.8):	 total squared error = 0.0127498, marker error: RMS = 0.0259045, max = 0.0408422 (RKnee)
[2024-10-09 17:43:09.769] [info] Frame 144 (t = 4.83333):	 total squared error = 0.012114, marker error: RMS = 0.0252503, max = 0.0391709 (RKnee)
[2024-10-09 17:43:09.844] [info] Frame 145 (t = 4.86667):	 total squared error = 0.0115261, marker error: RMS = 0.02463, max = 0.0377039 (RKnee)
[2024-10-09 17:43:09.878] [info] Frame 146 (t = 4.9):	 total squared error = 0.0110120, marker error: RMS = 0.0240745, max = 0.0367634 (RKnee)
[2024-10-09 17:43:09.947] [info] Frame 147 (t = 4.93333):	 total squared error = 0.0105700, marker error: RMS = 0.0235863, max = 0.0362166 (RKnee)
[2024-10-09 17:43:09.995] [info] Frame 148 (t = 4.96667):	 total squared error = 0.0102539, marker error: RMS = 0.0232309, max = 0.0361042 (RKnee)
[2024-10-09 17:43:10.050] [info] Frame 149 (t = 5.0):	 total squared error = 0.0100849, marker error: RMS = 0.0230388, max = 0.0361086 (RKnee)
[2024-10-09 17:43:10.098] [info] Frame 150 (t = 5.03333):	 total squared error = 0.0100342, marker error: RMS = 0.0229808, max = 0.0360524 (RKnee)
[2024-10-09 17:43:10.138] [info] Frame 151 (t = 5.06667):	 total squared error = 0.0100609, marker error: RMS = 0.0230113, max = 0.0360039 (RKnee)
[2024-10-09 17:43:10.212] [info] Frame 152 (t = 5.1):	 total squared error = 0.0101118, marker error: RMS = 0.0230694, max = 0.0365707 (RKnee)
[2024-10-09 17:43:10.251] [info] Frame 153 (t = 5.13333):	 total squared error = 0.0102153, marker error: RMS = 0.0231872, max = 0.0364704 (RKnee)
[2024-10-09 17:43:10.306] [info] Frame 154 (t = 5.16667):	 total squared error = 0.0104200, marker error: RMS = 0.0234184, max = 0.0371425 (RKnee)
[2024-10-09 17:43:10.348] [info] Frame 155 (t = 5.2):	 total squared error = 0.0107291, marker error: RMS = 0.0237632, max = 0.0372186 (RKnee)
[2024-10-09 17:43:10.392] [info] Frame 156 (t = 5.23333):	 total squared error = 0.0111335, marker error: RMS = 0.0242069, max = 0.0375052 (RKnee)
[2024-10-09 17:43:10.411] [info] Frame 157 (t = 5.26667):	 total squared error = 0.0116045, marker error: RMS = 0.0247136, max = 0.0396134 (LShoulder)
[2024-10-09 17:43:10.443] [info] Frame 158 (t = 5.3):	 total squared error = 0.0120148, marker error: RMS = 0.0251468, max = 0.0423169 (LShoulder)
[2024-10-09 17:43:10.511] [info] Frame 159 (t = 5.33333):	 total squared error = 0.0123678, marker error: RMS = 0.0255135, max = 0.0442040 (LShoulder)
[2024-10-09 17:43:10.574] [info] Frame 160 (t = 5.36667):	 total squared error = 0.0126105, marker error: RMS = 0.0257626, max = 0.0447561 (LShoulder)
[2024-10-09 17:43:10.669] [info] Frame 161 (t = 5.4):	 total squared error = 0.0127293, marker error: RMS = 0.0258837, max = 0.0443714 (LShoulder)
[2024-10-09 17:43:10.688] [info] Frame 162 (t = 5.43333):	 total squared error = 0.0126834, marker error: RMS = 0.025837, max = 0.0427608 (LShoulder)
[2024-10-09 17:43:10.718] [info] Frame 163 (t = 5.46667):	 total squared error = 0.0124247, marker error: RMS = 0.0255721, max = 0.0400208 (LShoulder)
[2024-10-09 17:43:10.768] [info] Frame 164 (t = 5.5):	 total squared error = 0.0120030, marker error: RMS = 0.0251344, max = 0.0369971 (LShoulder)
[2024-10-09 17:43:10.790] [info] Frame 165 (t = 5.53333):	 total squared error = 0.0115276, marker error: RMS = 0.0246316, max = 0.0351637 (RKnee)
[2024-10-09 17:43:10.844] [info] Frame 166 (t = 5.56667):	 total squared error = 0.0111317, marker error: RMS = 0.0242049, max = 0.0348112 (RKnee)
[2024-10-09 17:43:10.886] [info] Frame 167 (t = 5.6):	 total squared error = 0.0108132, marker error: RMS = 0.0238562, max = 0.0342158 (RKnee)
[2024-10-09 17:43:10.924] [info] Frame 168 (t = 5.63333):	 total squared error = 0.0105608, marker error: RMS = 0.0235761, max = 0.0341997 (RKnee)
[2024-10-09 17:43:10.947] [info] Frame 169 (t = 5.66667):	 total squared error = 0.0103542, marker error: RMS = 0.0233443, max = 0.0342353 (RKnee)
[2024-10-09 17:43:11.000] [info] Frame 170 (t = 5.7):	 total squared error = 0.0102095, marker error: RMS = 0.0231806, max = 0.0350662 (RKnee)
[2024-10-09 17:43:11.023] [info] Frame 171 (t = 5.73333):	 total squared error = 0.0101522, marker error: RMS = 0.0231155, max = 0.035812 (RKnee)
[2024-10-09 17:43:11.040] [info] Frame 172 (t = 5.76667):	 total squared error = 0.0101428, marker error: RMS = 0.0231047, max = 0.0366439 (RKnee)
[2024-10-09 17:43:11.104] [info] Frame 173 (t = 5.8):	 total squared error = 0.0101083, marker error: RMS = 0.0230654, max = 0.0371558 (RKnee)
[2024-10-09 17:43:11.146] [info] Frame 174 (t = 5.83333):	 total squared error = 0.0101778, marker error: RMS = 0.0231446, max = 0.0373865 (RKnee)
[2024-10-09 17:43:11.189] [info] Frame 175 (t = 5.86667):	 total squared error = 0.0103920, marker error: RMS = 0.0233869, max = 0.0378401 (RKnee)
[2024-10-09 17:43:11.220] [info] Frame 176 (t = 5.9):	 total squared error = 0.0107436, marker error: RMS = 0.0237793, max = 0.0381524 (RKnee)
[2024-10-09 17:43:11.321] [info] Frame 177 (t = 5.93333):	 total squared error = 0.0110407, marker error: RMS = 0.0241058, max = 0.0386065 (RKnee)
[2024-10-09 17:43:11.365] [info] Frame 178 (t = 5.96667):	 total squared error = 0.0112026, marker error: RMS = 0.0242819, max = 0.0387755 (RKnee)
[2024-10-09 17:43:11.400] [info] Frame 179 (t = 6.0):	 total squared error = 0.0111628, marker error: RMS = 0.0242387, max = 0.038911 (RKnee)
[2024-10-09 17:43:11.436] [info] Frame 180 (t = 6.03333):	 total squared error = 0.0110543, marker error: RMS = 0.0241207, max = 0.0385069 (RKnee)
[2024-10-09 17:43:11.498] [info] Frame 181 (t = 6.06667):	 total squared error = 0.0109964, marker error: RMS = 0.0240574, max = 0.0379316 (RKnee)
[2024-10-09 17:43:11.557] [info] Frame 182 (t = 6.1):	 total squared error = 0.0110008, marker error: RMS = 0.0240622, max = 0.0371845 (RKnee)
[2024-10-09 17:43:11.579] [info] Frame 183 (t = 6.13333):	 total squared error = 0.0110025, marker error: RMS = 0.0240640, max = 0.0367713 (RKnee)
[2024-10-09 17:43:11.636] [info] Frame 184 (t = 6.16667):	 total squared error = 0.0110270, marker error: RMS = 0.0240908, max = 0.0356919 (RKnee)
[2024-10-09 17:43:11.663] [info] Frame 185 (t = 6.2):	 total squared error = 0.0110706, marker error: RMS = 0.0241384, max = 0.0349928 (RKnee)
[2024-10-09 17:43:11.711] [info] Frame 186 (t = 6.23333):	 total squared error = 0.0111285, marker error: RMS = 0.0242014, max = 0.0342846 (RKnee)
[2024-10-09 17:43:11.749] [info] Frame 187 (t = 6.26667):	 total squared error = 0.011148, marker error: RMS = 0.0242226, max = 0.0340877 (RKnee)
[2024-10-09 17:43:11.781] [info] Frame 188 (t = 6.3):	 total squared error = 0.0110858, marker error: RMS = 0.0241549, max = 0.0350300 (RKnee)
[2024-10-09 17:43:11.805] [info] Frame 189 (t = 6.33333):	 total squared error = 0.0110505, marker error: RMS = 0.0241165, max = 0.0358098 (RKnee)
[2024-10-09 17:43:11.874] [info] Frame 190 (t = 6.36667):	 total squared error = 0.0110854, marker error: RMS = 0.0241545, max = 0.03741 (RKnee)
[2024-10-09 17:43:11.934] [info] Frame 191 (t = 6.4):	 total squared error = 0.0112509, marker error: RMS = 0.0243342, max = 0.0384304 (RKnee)
[2024-10-09 17:43:11.954] [info] Frame 192 (t = 6.43333):	 total squared error = 0.011385, marker error: RMS = 0.0244788, max = 0.038673 (RKnee)
[2024-10-09 17:43:12.000] [info] Frame 193 (t = 6.46667):	 total squared error = 0.0113161, marker error: RMS = 0.0244046, max = 0.0387916 (RKnee)
[2024-10-09 17:43:12.045] [info] Frame 194 (t = 6.5):	 total squared error = 0.0111326, marker error: RMS = 0.0242059, max = 0.0389543 (RKnee)
[2024-10-09 17:43:12.120] [info] Frame 195 (t = 6.53333):	 total squared error = 0.0110543, marker error: RMS = 0.0241206, max = 0.0396517 (RKnee)
[2024-10-09 17:43:12.168] [info] Frame 196 (t = 6.56667):	 total squared error = 0.0112153, marker error: RMS = 0.0242956, max = 0.039898 (RKnee)
[2024-10-09 17:43:12.192] [info] Frame 197 (t = 6.6):	 total squared error = 0.0116089, marker error: RMS = 0.0247183, max = 0.0403939 (RKnee)
[2024-10-09 17:43:12.255] [info] Frame 198 (t = 6.63333):	 total squared error = 0.0120219, marker error: RMS = 0.0251542, max = 0.0408252 (RKnee)
[2024-10-09 17:43:12.297] [info] Frame 199 (t = 6.66667):	 total squared error = 0.0122647, marker error: RMS = 0.0254069, max = 0.0403559 (RKnee)
[2024-10-09 17:43:12.316] [info] Frame 200 (t = 6.7):	 total squared error = 0.0121797, marker error: RMS = 0.0253187, max = 0.0399541 (RKnee)
[2024-10-09 17:43:12.356] [info] Frame 201 (t = 6.73333):	 total squared error = 0.0118807, marker error: RMS = 0.0250060, max = 0.0385502 (RKnee)
[2024-10-09 17:43:12.374] [info] Frame 202 (t = 6.76667):	 total squared error = 0.0115132, marker error: RMS = 0.0246162, max = 0.0381696 (RKnee)
[2024-10-09 17:43:12.413] [info] Frame 203 (t = 6.8):	 total squared error = 0.0112007, marker error: RMS = 0.0242799, max = 0.0377859 (RKnee)
[2024-10-09 17:43:12.463] [info] Frame 204 (t = 6.83333):	 total squared error = 0.0109595, marker error: RMS = 0.0240170, max = 0.037855 (RKnee)
[2024-10-09 17:43:12.521] [info] Frame 205 (t = 6.86667):	 total squared error = 0.0108329, marker error: RMS = 0.0238779, max = 0.0384795 (RKnee)
[2024-10-09 17:43:12.541] [info] Frame 206 (t = 6.9):	 total squared error = 0.0109027, marker error: RMS = 0.0239547, max = 0.0391487 (RKnee)
[2024-10-09 17:43:12.610] [info] Frame 207 (t = 6.93333):	 total squared error = 0.0111223, marker error: RMS = 0.0241947, max = 0.0395733 (RKnee)
[2024-10-09 17:43:12.633] [info] Frame 208 (t = 6.96667):	 total squared error = 0.0115571, marker error: RMS = 0.0246631, max = 0.0397939 (RKnee)
[2024-10-09 17:43:12.666] [info] Frame 209 (t = 7.0):	 total squared error = 0.0121419, marker error: RMS = 0.0252794, max = 0.0390684 (RKnee)
[2024-10-09 17:43:12.702] [info] Frame 210 (t = 7.03333):	 total squared error = 0.012863, marker error: RMS = 0.0260192, max = 0.0384773 (LShoulder)
[2024-10-09 17:43:12.777] [info] Frame 211 (t = 7.06667):	 total squared error = 0.0134749, marker error: RMS = 0.0266309, max = 0.0416126 (LShoulder)
[2024-10-09 17:43:12.834] [info] Frame 212 (t = 7.1):	 total squared error = 0.0137628, marker error: RMS = 0.0269139, max = 0.0437109 (LShoulder)
[2024-10-09 17:43:12.898] [info] Frame 213 (t = 7.13333):	 total squared error = 0.0135878, marker error: RMS = 0.0267422, max = 0.0439407 (LShoulder)
[2024-10-09 17:43:12.932] [info] Frame 214 (t = 7.16667):	 total squared error = 0.0130501, marker error: RMS = 0.0262078, max = 0.0424090 (LShoulder)
[2024-10-09 17:43:12.964] [info] Frame 215 (t = 7.2):	 total squared error = 0.012358, marker error: RMS = 0.0255034, max = 0.0393227 (LShoulder)
[2024-10-09 17:43:13.035] [info] Frame 216 (t = 7.23333):	 total squared error = 0.0117, marker error: RMS = 0.0248151, max = 0.0360807 (LShoulder)
[2024-10-09 17:43:13.058] [info] Frame 217 (t = 7.26667):	 total squared error = 0.0112508, marker error: RMS = 0.0243341, max = 0.034549 (RKnee)
[2024-10-09 17:43:13.089] [info] Frame 218 (t = 7.3):	 total squared error = 0.0111215, marker error: RMS = 0.0241938, max = 0.0338030 (RKnee)
[2024-10-09 17:43:13.120] [info] Frame 219 (t = 7.33333):	 total squared error = 0.011268, marker error: RMS = 0.0243527, max = 0.0338278 (RKnee)
[2024-10-09 17:43:13.163] [info] Frame 220 (t = 7.36667):	 total squared error = 0.0114351, marker error: RMS = 0.0245326, max = 0.0343106 (RKnee)
[2024-10-09 17:43:13.185] [info] Frame 221 (t = 7.4):	 total squared error = 0.0115948, marker error: RMS = 0.0247033, max = 0.0350373 (RKnee)
[2024-10-09 17:43:13.217] [info] Frame 222 (t = 7.43333):	 total squared error = 0.0116326, marker error: RMS = 0.0247435, max = 0.0360826 (RKnee)
[2024-10-09 17:43:13.242] [info] Frame 223 (t = 7.46667):	 total squared error = 0.0116222, marker error: RMS = 0.0247324, max = 0.0366288 (RKnee)
[2024-10-09 17:43:13.278] [info] Frame 224 (t = 7.5):	 total squared error = 0.0116757, marker error: RMS = 0.0247893, max = 0.0370241 (RKnee)
[2024-10-09 17:43:13.320] [info] Frame 225 (t = 7.53333):	 total squared error = 0.0118891, marker error: RMS = 0.0250148, max = 0.0372775 (RKnee)
[2024-10-09 17:43:13.393] [info] Frame 226 (t = 7.56667):	 total squared error = 0.0122578, marker error: RMS = 0.0253998, max = 0.0384318 (RKnee)
[2024-10-09 17:43:13.441] [info] Frame 227 (t = 7.6):	 total squared error = 0.0126365, marker error: RMS = 0.0257892, max = 0.038317 (RKnee)
[2024-10-09 17:43:13.503] [info] Frame 228 (t = 7.63333):	 total squared error = 0.0128056, marker error: RMS = 0.0259611, max = 0.0386282 (RKnee)
[2024-10-09 17:43:13.626] [info] Frame 229 (t = 7.66667):	 total squared error = 0.0127138, marker error: RMS = 0.0258679, max = 0.0385901 (RKnee)
[2024-10-09 17:43:13.702] [info] Frame 230 (t = 7.7):	 total squared error = 0.012543, marker error: RMS = 0.0256935, max = 0.0386158 (RKnee)
[2024-10-09 17:43:13.758] [info] Frame 231 (t = 7.73333):	 total squared error = 0.0125194, marker error: RMS = 0.0256693, max = 0.0392253 (RKnee)
[2024-10-09 17:43:13.784] [info] Frame 232 (t = 7.76667):	 total squared error = 0.0127572, marker error: RMS = 0.025912, max = 0.0397914 (RKnee)
[2024-10-09 17:43:13.855] [info] Frame 233 (t = 7.8):	 total squared error = 0.0130835, marker error: RMS = 0.0262413, max = 0.0410900 (RKnee)
[2024-10-09 17:43:13.891] [info] Frame 234 (t = 7.83333):	 total squared error = 0.0133056, marker error: RMS = 0.0264631, max = 0.0416144 (RKnee)
[2024-10-09 17:43:13.951] [info] Frame 235 (t = 7.86667):	 total squared error = 0.0133175, marker error: RMS = 0.0264749, max = 0.0425421 (RKnee)
[2024-10-09 17:43:14.020] [info] Frame 236 (t = 7.9):	 total squared error = 0.0132088, marker error: RMS = 0.0263666, max = 0.0428819 (RKnee)
[2024-10-09 17:43:14.087] [info] Frame 237 (t = 7.93333):	 total squared error = 0.0131564, marker error: RMS = 0.0263143, max = 0.0431766 (RKnee)
[2024-10-09 17:43:14.135] [info] Frame 238 (t = 7.96667):	 total squared error = 0.0132392, marker error: RMS = 0.026397, max = 0.0434508 (RKnee)
[2024-10-09 17:43:14.176] [info] Frame 239 (t = 8.0):	 total squared error = 0.0133665, marker error: RMS = 0.0265236, max = 0.0434463 (RKnee)
[2024-10-09 17:43:14.319] [info] Frame 240 (t = 8.03333):	 total squared error = 0.01339, marker error: RMS = 0.0265469, max = 0.0439789 (RKnee)
[2024-10-09 17:43:14.395] [info] Frame 241 (t = 8.06667):	 total squared error = 0.0133221, marker error: RMS = 0.0264795, max = 0.0437279 (RKnee)
[2024-10-09 17:43:14.476] [info] Frame 242 (t = 8.1):	 total squared error = 0.0132456, marker error: RMS = 0.0264034, max = 0.0432366 (RKnee)
[2024-10-09 17:43:14.548] [info] Frame 243 (t = 8.13333):	 total squared error = 0.0132274, marker error: RMS = 0.0263852, max = 0.0426747 (RKnee)
[2024-10-09 17:43:14.613] [info] Frame 244 (t = 8.16667):	 total squared error = 0.0132238, marker error: RMS = 0.0263816, max = 0.0420192 (RKnee)
[2024-10-09 17:43:14.673] [info] Frame 245 (t = 8.2):	 total squared error = 0.0132084, marker error: RMS = 0.0263662, max = 0.0413803 (RKnee)
[2024-10-09 17:43:14.726] [info] Frame 246 (t = 8.23333):	 total squared error = 0.0132147, marker error: RMS = 0.0263725, max = 0.0406801 (RKnee)
[2024-10-09 17:43:14.774] [info] Frame 247 (t = 8.26667):	 total squared error = 0.0132355, marker error: RMS = 0.0263932, max = 0.0402087 (RKnee)
[2024-10-09 17:43:14.819] [info] Frame 248 (t = 8.3):	 total squared error = 0.013178, marker error: RMS = 0.0263359, max = 0.0398843 (RKnee)
[2024-10-09 17:43:14.963] [info] Frame 249 (t = 8.33333):	 total squared error = 0.0129049, marker error: RMS = 0.0260616, max = 0.0399035 (RKnee)
[2024-10-09 17:43:14.980] [info] Frame 250 (t = 8.36667):	 total squared error = 0.0124235, marker error: RMS = 0.0255708, max = 0.0393032 (RKnee)
[2024-10-09 17:43:15.036] [info] Frame 251 (t = 8.4):	 total squared error = 0.0118584, marker error: RMS = 0.0249825, max = 0.0386904 (RKnee)
[2024-10-09 17:43:15.070] [info] Frame 252 (t = 8.43333):	 total squared error = 0.0113785, marker error: RMS = 0.0244718, max = 0.0381988 (RKnee)
[2024-10-09 17:43:15.134] [info] Frame 253 (t = 8.46667):	 total squared error = 0.0111794, marker error: RMS = 0.0242567, max = 0.0378439 (RKnee)
[2024-10-09 17:43:15.185] [info] Frame 254 (t = 8.5):	 total squared error = 0.0113541, marker error: RMS = 0.0244455, max = 0.0377563 (RKnee)
[2024-10-09 17:43:15.207] [info] Frame 255 (t = 8.53333):	 total squared error = 0.011826, marker error: RMS = 0.0249484, max = 0.0378837 (RKnee)
[2024-10-09 17:43:15.263] [info] Frame 256 (t = 8.56667):	 total squared error = 0.0123326, marker error: RMS = 0.0254772, max = 0.0402754 (LShoulder)
[2024-10-09 17:43:15.285] [info] Frame 257 (t = 8.6):	 total squared error = 0.0127011, marker error: RMS = 0.025855, max = 0.0438692 (LShoulder)
[2024-10-09 17:43:15.365] [info] Frame 258 (t = 8.63333):	 total squared error = 0.0127486, marker error: RMS = 0.0259032, max = 0.0453913 (LShoulder)
[2024-10-09 17:43:15.423] [info] Frame 259 (t = 8.66667):	 total squared error = 0.0125678, marker error: RMS = 0.025719, max = 0.0452983 (LShoulder)
[2024-10-09 17:43:15.482] [info] Frame 260 (t = 8.7):	 total squared error = 0.0123095, marker error: RMS = 0.0254533, max = 0.0440208 (LShoulder)
[2024-10-09 17:43:15.544] [info] Frame 261 (t = 8.73333):	 total squared error = 0.0121519, marker error: RMS = 0.0252898, max = 0.0425679 (LShoulder)
[2024-10-09 17:43:15.590] [info] Frame 262 (t = 8.76667):	 total squared error = 0.0122534, marker error: RMS = 0.0253952, max = 0.0420411 (LShoulder)
[2024-10-09 17:43:15.634] [info] Frame 263 (t = 8.8):	 total squared error = 0.0126283, marker error: RMS = 0.0257807, max = 0.0427413 (LShoulder)
[2024-10-09 17:43:15.675] [info] Frame 264 (t = 8.83333):	 total squared error = 0.013145, marker error: RMS = 0.0263029, max = 0.044176 (LShoulder)
[2024-10-09 17:43:15.766] [info] Frame 265 (t = 8.86667):	 total squared error = 0.0136615, marker error: RMS = 0.0268147, max = 0.0454611 (LShoulder)
[2024-10-09 17:43:15.806] [info] Frame 266 (t = 8.9):	 total squared error = 0.0140241, marker error: RMS = 0.0271681, max = 0.0462347 (LShoulder)
[2024-10-09 17:43:15.863] [info] Frame 267 (t = 8.93333):	 total squared error = 0.014186, marker error: RMS = 0.0273245, max = 0.0459093 (LShoulder)
[2024-10-09 17:43:15.887] [info] Frame 268 (t = 8.96667):	 total squared error = 0.0142047, marker error: RMS = 0.0273425, max = 0.0449947 (LShoulder)
[2024-10-09 17:43:15.906] [info] Frame 269 (t = 9.0):	 total squared error = 0.0141574, marker error: RMS = 0.027297, max = 0.0438427 (LShoulder)
[2024-10-09 17:43:15.946] [info] Frame 270 (t = 9.03333):	 total squared error = 0.0140694, marker error: RMS = 0.0272121, max = 0.0429303 (LShoulder)
[2024-10-09 17:43:16.022] [info] Frame 271 (t = 9.06667):	 total squared error = 0.0139708, marker error: RMS = 0.0271165, max = 0.0437446 (Neck)
[2024-10-09 17:43:16.077] [info] Frame 272 (t = 9.1):	 total squared error = 0.0139065, marker error: RMS = 0.0270541, max = 0.04395 (Neck)
[2024-10-09 17:43:16.130] [info] Frame 273 (t = 9.13333):	 total squared error = 0.0139494, marker error: RMS = 0.0270957, max = 0.0431549 (Neck)
[2024-10-09 17:43:16.191] [info] Frame 274 (t = 9.16667):	 total squared error = 0.0141087, marker error: RMS = 0.02725, max = 0.0419758 (Neck)
[2024-10-09 17:43:16.228] [info] Frame 275 (t = 9.2):	 total squared error = 0.0143407, marker error: RMS = 0.0274731, max = 0.0423643 (LShoulder)
[2024-10-09 17:43:16.253] [info] Frame 276 (t = 9.23333):	 total squared error = 0.0145608, marker error: RMS = 0.0276832, max = 0.0426068 (LShoulder)
[2024-10-09 17:43:16.297] [info] Frame 277 (t = 9.26667):	 total squared error = 0.0146348, marker error: RMS = 0.0277535, max = 0.0421845 (LShoulder)
[2024-10-09 17:43:16.357] [info] Frame 278 (t = 9.3):	 total squared error = 0.0144273, marker error: RMS = 0.0275559, max = 0.0405101 (LShoulder)
[2024-10-09 17:43:16.410] [info] Frame 279 (t = 9.33333):	 total squared error = 0.0139381, marker error: RMS = 0.0270847, max = 0.0386614 (LHip)
[2024-10-09 17:43:16.434] [info] Frame 280 (t = 9.36667):	 total squared error = 0.0132552, marker error: RMS = 0.0264129, max = 0.0375139 (LHip)
[2024-10-09 17:43:16.496] [info] Frame 281 (t = 9.4):	 total squared error = 0.0125592, marker error: RMS = 0.0257102, max = 0.0359142 (LHip)
[2024-10-09 17:43:16.521] [info] Frame 282 (t = 9.43333):	 total squared error = 0.0120271, marker error: RMS = 0.0251595, max = 0.0351492 (LHip)
[2024-10-09 17:43:16.593] [info] Frame 283 (t = 9.46667):	 total squared error = 0.0117253, marker error: RMS = 0.0248419, max = 0.0343145 (LHip)
[2024-10-09 17:43:16.650] [info] Frame 284 (t = 9.5):	 total squared error = 0.0116325, marker error: RMS = 0.0247434, max = 0.0339287 (LHip)
[2024-10-09 17:43:16.693] [info] Frame 285 (t = 9.53333):	 total squared error = 0.0117402, marker error: RMS = 0.0248576, max = 0.0337934 (RKnee)
[2024-10-09 17:43:16.749] [info] Frame 286 (t = 9.56667):	 total squared error = 0.0120236, marker error: RMS = 0.025156, max = 0.0342514 (RKnee)
[2024-10-09 17:43:16.792] [info] Frame 287 (t = 9.6):	 total squared error = 0.0124373, marker error: RMS = 0.0255851, max = 0.0362152 (LShoulder)
[2024-10-09 17:43:16.861] [info] Frame 288 (t = 9.63333):	 total squared error = 0.0128422, marker error: RMS = 0.0259982, max = 0.0392566 (LShoulder)
[2024-10-09 17:43:16.885] [info] Frame 289 (t = 9.66667):	 total squared error = 0.0131642, marker error: RMS = 0.0263221, max = 0.0413724 (LShoulder)
[2024-10-09 17:43:16.954] [info] Frame 290 (t = 9.7):	 total squared error = 0.0133583, marker error: RMS = 0.0265155, max = 0.0431481 (LShoulder)
[2024-10-09 17:43:16.990] [info] Frame 291 (t = 9.73333):	 total squared error = 0.0133203, marker error: RMS = 0.0264777, max = 0.0442589 (LShoulder)
[2024-10-09 17:43:17.038] [info] Frame 292 (t = 9.76667):	 total squared error = 0.0130224, marker error: RMS = 0.0261799, max = 0.0442507 (LShoulder)
[2024-10-09 17:43:17.112] [info] Frame 293 (t = 9.8):	 total squared error = 0.0124926, marker error: RMS = 0.0256418, max = 0.0427457 (LShoulder)
[2024-10-09 17:43:17.131] [info] Frame 294 (t = 9.83333):	 total squared error = 0.0119281, marker error: RMS = 0.0250558, max = 0.0405822 (LShoulder)
[2024-10-09 17:43:17.193] [info] Frame 295 (t = 9.86667):	 total squared error = 0.0114813, marker error: RMS = 0.0245821, max = 0.0389735 (LShoulder)
[2024-10-09 17:43:17.247] [info] Frame 296 (t = 9.9):	 total squared error = 0.0111457, marker error: RMS = 0.0242201, max = 0.0373856 (LShoulder)
[2024-10-09 17:43:17.264] [info] Frame 297 (t = 9.93333):	 total squared error = 0.0108917, marker error: RMS = 0.0239426, max = 0.035971 (LShoulder)
[2024-10-09 17:43:17.297] [info] Frame 298 (t = 9.96667):	 total squared error = 0.0108022, marker error: RMS = 0.023844, max = 0.0356013 (RKnee)
[2024-10-09 17:43:17.322] [info] Frame 299 (t = 10.0):	 total squared error = 0.0109731, marker error: RMS = 0.0240319, max = 0.0359258 (RKnee)
[2024-10-09 17:43:17.401] [info] Frame 300 (t = 10.0333):	 total squared error = 0.0114532, marker error: RMS = 0.024552, max = 0.0381418 (RKnee)
[2024-10-09 17:43:17.435] [info] Frame 301 (t = 10.0667):	 total squared error = 0.0122304, marker error: RMS = 0.0253714, max = 0.0392745 (RKnee)
[2024-10-09 17:43:17.503] [info] Frame 302 (t = 10.1):	 total squared error = 0.0130201, marker error: RMS = 0.0261776, max = 0.0434987 (Neck)
[2024-10-09 17:43:17.530] [info] Frame 303 (t = 10.1333):	 total squared error = 0.0135871, marker error: RMS = 0.0267416, max = 0.0454675 (Neck)
[2024-10-09 17:43:17.561] [info] Frame 304 (t = 10.1667):	 total squared error = 0.0138353, marker error: RMS = 0.0269847, max = 0.0449454 (Neck)
[2024-10-09 17:43:17.591] [info] Frame 305 (t = 10.2):	 total squared error = 0.0137825, marker error: RMS = 0.0269332, max = 0.0424201 (Neck)
[2024-10-09 17:43:17.622] [info] Frame 306 (t = 10.2333):	 total squared error = 0.0134928, marker error: RMS = 0.0266486, max = 0.0399865 (LShoulder)
[2024-10-09 17:43:17.640] [info] Frame 307 (t = 10.2667):	 total squared error = 0.0130291, marker error: RMS = 0.0261867, max = 0.0395563 (RKnee)
[2024-10-09 17:43:17.669] [info] Frame 308 (t = 10.3):	 total squared error = 0.0124213, marker error: RMS = 0.0255686, max = 0.0385588 (RKnee)
[2024-10-09 17:43:17.743] [info] Frame 309 (t = 10.3333):	 total squared error = 0.0118335, marker error: RMS = 0.0249562, max = 0.0374308 (RKnee)
[2024-10-09 17:43:17.762] [info] Frame 310 (t = 10.3667):	 total squared error = 0.0114181, marker error: RMS = 0.0245144, max = 0.0370374 (RKnee)
[2024-10-09 17:43:17.797] [info] Frame 311 (t = 10.4):	 total squared error = 0.0113574, marker error: RMS = 0.0244491, max = 0.0371423 (RKnee)
[2024-10-09 17:43:17.818] [info] Frame 312 (t = 10.4333):	 total squared error = 0.0116097, marker error: RMS = 0.0247192, max = 0.0375156 (RKnee)
[2024-10-09 17:43:17.868] [info] Frame 313 (t = 10.4667):	 total squared error = 0.0120338, marker error: RMS = 0.0251666, max = 0.0383556 (RKnee)
[2024-10-09 17:43:17.933] [info] Frame 314 (t = 10.5):	 total squared error = 0.0123626, marker error: RMS = 0.0255081, max = 0.0394285 (LShoulder)
[2024-10-09 17:43:17.974] [info] Frame 315 (t = 10.5333):	 total squared error = 0.0123347, marker error: RMS = 0.0254793, max = 0.0396426 (LShoulder)
[2024-10-09 17:43:17.994] [info] Frame 316 (t = 10.5667):	 total squared error = 0.0119998, marker error: RMS = 0.0251311, max = 0.038177 (RKnee)
[2024-10-09 17:43:18.077] [info] Frame 317 (t = 10.6):	 total squared error = 0.0115223, marker error: RMS = 0.0246259, max = 0.0381473 (RKnee)
[2024-10-09 17:43:18.113] [info] Frame 318 (t = 10.6333):	 total squared error = 0.0111107, marker error: RMS = 0.024182, max = 0.0374771 (RKnee)
[2024-10-09 17:43:18.173] [info] Frame 319 (t = 10.6667):	 total squared error = 0.0108522, marker error: RMS = 0.0238992, max = 0.0369441 (RKnee)
[2024-10-09 17:43:18.189] [info] Frame 320 (t = 10.7):	 total squared error = 0.0107771, marker error: RMS = 0.0238163, max = 0.0367558 (RKnee)
[2024-10-09 17:43:18.223] [info] Frame 321 (t = 10.7333):	 total squared error = 0.0108625, marker error: RMS = 0.0239105, max = 0.035349 (RKnee)
[2024-10-09 17:43:18.240] [info] Frame 322 (t = 10.7667):	 total squared error = 0.011124, marker error: RMS = 0.0241965, max = 0.0349021 (RKnee)
[2024-10-09 17:43:18.313] [info] Frame 323 (t = 10.8):	 total squared error = 0.0114398, marker error: RMS = 0.0245377, max = 0.0365862 (LShoulder)
[2024-10-09 17:43:18.329] [info] Frame 324 (t = 10.8333):	 total squared error = 0.0117138, marker error: RMS = 0.0248297, max = 0.0372964 (LShoulder)
[2024-10-09 17:43:18.388] [info] Frame 325 (t = 10.8667):	 total squared error = 0.0117741, marker error: RMS = 0.0248936, max = 0.0375401 (LShoulder)
[2024-10-09 17:43:18.417] [info] Frame 326 (t = 10.9):	 total squared error = 0.0114916, marker error: RMS = 0.0245931, max = 0.0361802 (LShoulder)
[2024-10-09 17:43:18.496] [info] Frame 327 (t = 10.9333):	 total squared error = 0.0109648, marker error: RMS = 0.0240228, max = 0.0352113 (RKnee)
[2024-10-09 17:43:18.526] [info] Frame 328 (t = 10.9667):	 total squared error = 0.0103891, marker error: RMS = 0.0233837, max = 0.0359213 (RKnee)
[2024-10-09 17:43:18.545] [info] Frame 329 (t = 11.0):	 total squared error = 0.0100262, marker error: RMS = 0.0229716, max = 0.0363897 (RKnee)
[2024-10-09 17:43:18.640] [info] Frame 330 (t = 11.0333):	 total squared error = 0.00992171, marker error: RMS = 0.0228516, max = 0.0372247 (RKnee)
[2024-10-09 17:43:18.708] [info] Frame 331 (t = 11.0667):	 total squared error = 0.0100115, marker error: RMS = 0.0229548, max = 0.0373751 (RKnee)
[2024-10-09 17:43:18.754] [info] Frame 332 (t = 11.1):	 total squared error = 0.0101577, marker error: RMS = 0.0231218, max = 0.0372202 (RKnee)
[2024-10-09 17:43:18.821] [info] Frame 333 (t = 11.1333):	 total squared error = 0.0102061, marker error: RMS = 0.0231768, max = 0.0371403 (RKnee)
[2024-10-09 17:43:18.862] [info] Frame 334 (t = 11.1667):	 total squared error = 0.0101628, marker error: RMS = 0.0231275, max = 0.0367657 (RKnee)
[2024-10-09 17:43:18.908] [info] Frame 335 (t = 11.2):	 total squared error = 0.0101291, marker error: RMS = 0.0230892, max = 0.0370563 (RKnee)
[2024-10-09 17:43:18.992] [info] Frame 336 (t = 11.2333):	 total squared error = 0.0102310, marker error: RMS = 0.0232050, max = 0.0371187 (RKnee)
[2024-10-09 17:43:19.067] [info] Frame 337 (t = 11.2667):	 total squared error = 0.0103996, marker error: RMS = 0.0233954, max = 0.0370352 (RKnee)
[2024-10-09 17:43:19.115] [info] Frame 338 (t = 11.3):	 total squared error = 0.0104501, marker error: RMS = 0.0234522, max = 0.0363977 (RKnee)
[2024-10-09 17:43:19.148] [info] Frame 339 (t = 11.3333):	 total squared error = 0.0103121, marker error: RMS = 0.0232969, max = 0.0353096 (RKnee)
[2024-10-09 17:43:19.179] [info] Frame 340 (t = 11.3667):	 total squared error = 0.0101161, marker error: RMS = 0.0230743, max = 0.0338151 (RKnee)
[2024-10-09 17:43:19.233] [info] Frame 341 (t = 11.4):	 total squared error = 0.0100095, marker error: RMS = 0.0229524, max = 0.0319745 (RKnee)
[2024-10-09 17:43:19.308] [info] Frame 342 (t = 11.4333):	 total squared error = 0.0100243, marker error: RMS = 0.0229695, max = 0.0325858 (LHeel)
[2024-10-09 17:43:19.433] [info] Frame 343 (t = 11.4667):	 total squared error = 0.0102301, marker error: RMS = 0.0232040, max = 0.0362101 (LHeel)
[2024-10-09 17:43:19.455] [info] Frame 344 (t = 11.5):	 total squared error = 0.0107348, marker error: RMS = 0.0237695, max = 0.0385102 (LHeel)
[2024-10-09 17:43:19.493] [info] Frame 345 (t = 11.5333):	 total squared error = 0.0115479, marker error: RMS = 0.0246533, max = 0.0393822 (LHeel)
[2024-10-09 17:43:19.668] [info] Frame 346 (t = 11.5667):	 total squared error = 0.0125579, marker error: RMS = 0.0257087, max = 0.0426297 (LShoulder)
[2024-10-09 17:43:19.733] [info] Frame 347 (t = 11.6):	 total squared error = 0.0132854, marker error: RMS = 0.026443, max = 0.0471454 (LShoulder)
[2024-10-09 17:43:19.791] [info] Frame 348 (t = 11.6333):	 total squared error = 0.0133619, marker error: RMS = 0.026519, max = 0.0507415 (LShoulder)
[2024-10-09 17:43:19.959] [info] Frame 349 (t = 11.6667):	 total squared error = 0.0128042, marker error: RMS = 0.0259597, max = 0.0524045 (LShoulder)
[2024-10-09 17:43:20.049] [info] Frame 350 (t = 11.7):	 total squared error = 0.0120865, marker error: RMS = 0.0252217, max = 0.0521153 (LShoulder)
[2024-10-09 17:43:20.128] [info] Frame 351 (t = 11.7333):	 total squared error = 0.0113614, marker error: RMS = 0.0244534, max = 0.0501320 (LShoulder)
[2024-10-09 17:43:20.174] [info] Frame 352 (t = 11.7667):	 total squared error = 0.0105981, marker error: RMS = 0.0236177, max = 0.0480170 (LShoulder)
[2024-10-09 17:43:20.384] [info] Frame 353 (t = 11.8):	 total squared error = 0.00983352, marker error: RMS = 0.0227498, max = 0.0446977 (LShoulder)
[2024-10-09 17:43:20.414] [info] Frame 354 (t = 11.8333):	 total squared error = 0.00946770, marker error: RMS = 0.0223226, max = 0.0430909 (LShoulder)
[2024-10-09 17:43:20.477] [info] Frame 355 (t = 11.8667):	 total squared error = 0.00952783, marker error: RMS = 0.0223934, max = 0.0413023 (LShoulder)
[2024-10-09 17:43:20.656] [info] Frame 356 (t = 11.9):	 total squared error = 0.00977085, marker error: RMS = 0.0226772, max = 0.0405750 (LShoulder)
[2024-10-09 17:43:20.710] [info] Frame 357 (t = 11.9333):	 total squared error = 0.00997544, marker error: RMS = 0.0229134, max = 0.0402659 (RShoulder)
[2024-10-09 17:43:20.752] [info] Frame 358 (t = 11.9667):	 total squared error = 0.0100794, marker error: RMS = 0.0230325, max = 0.0407055 (RShoulder)
[2024-10-09 17:43:20.813] [info] Frame 359 (t = 12.0):	 total squared error = 0.0100840, marker error: RMS = 0.0230377, max = 0.0410321 (RShoulder)
[2024-10-09 17:43:20.872] [info] Frame 360 (t = 12.0333):	 total squared error = 0.0100574, marker error: RMS = 0.0230073, max = 0.041288 (RShoulder)
[2024-10-09 17:43:20.922] [info] Frame 361 (t = 12.0667):	 total squared error = 0.00998143, marker error: RMS = 0.0229203, max = 0.0417588 (RShoulder)
[2024-10-09 17:43:20.977] [info] Frame 362 (t = 12.1):	 total squared error = 0.00979275, marker error: RMS = 0.0227026, max = 0.0425132 (RShoulder)
[2024-10-09 17:43:21.021] [info] Frame 363 (t = 12.1333):	 total squared error = 0.00945803, marker error: RMS = 0.0223112, max = 0.0434661 (RShoulder)
[2024-10-09 17:43:21.068] [info] Frame 364 (t = 12.1667):	 total squared error = 0.00913292, marker error: RMS = 0.0219244, max = 0.0444111 (RShoulder)
[2024-10-09 17:43:21.126] [info] Frame 365 (t = 12.2):	 total squared error = 0.00896049, marker error: RMS = 0.0217165, max = 0.0448919 (RShoulder)
[2024-10-09 17:43:21.181] [info] Frame 366 (t = 12.2333):	 total squared error = 0.00886845, marker error: RMS = 0.0216046, max = 0.0444722 (RShoulder)
[2024-10-09 17:43:21.296] [info] Frame 367 (t = 12.2667):	 total squared error = 0.00860570, marker error: RMS = 0.0212822, max = 0.0430028 (RShoulder)
[2024-10-09 17:43:21.352] [info] Frame 368 (t = 12.3):	 total squared error = 0.00835943, marker error: RMS = 0.0209755, max = 0.0411851 (RShoulder)
[2024-10-09 17:43:21.407] [info] Frame 369 (t = 12.3333):	 total squared error = 0.00824260, marker error: RMS = 0.0208284, max = 0.0397434 (LShoulder)
[2024-10-09 17:43:21.454] [info] Frame 370 (t = 12.3667):	 total squared error = 0.00826769, marker error: RMS = 0.0208600, max = 0.0379838 (LShoulder)
[2024-10-09 17:43:21.541] [info] Frame 371 (t = 12.4):	 total squared error = 0.00822778, marker error: RMS = 0.0208096, max = 0.0363604 (RShoulder)
[2024-10-09 17:43:21.593] [info] Frame 372 (t = 12.4333):	 total squared error = 0.00796494, marker error: RMS = 0.0204746, max = 0.0343948 (RShoulder)
[2024-10-09 17:43:21.672] [info] Frame 373 (t = 12.4667):	 total squared error = 0.00730770, marker error: RMS = 0.0196116, max = 0.0331326 (Neck)
[2024-10-09 17:43:21.743] [info] Frame 374 (t = 12.5):	 total squared error = 0.00653715, marker error: RMS = 0.0185489, max = 0.0349717 (Neck)
[2024-10-09 17:43:21.782] [info] Frame 375 (t = 12.5333):	 total squared error = 0.00589530, marker error: RMS = 0.0176147, max = 0.0365941 (Neck)
[2024-10-09 17:43:21.861] [info] Frame 376 (t = 12.5667):	 total squared error = 0.00544897, marker error: RMS = 0.0169348, max = 0.0372806 (Neck)
[2024-10-09 17:43:21.926] [info] Frame 377 (t = 12.6):	 total squared error = 0.00516657, marker error: RMS = 0.0164901, max = 0.0365516 (Neck)
[2024-10-09 17:43:21.993] [info] Frame 378 (t = 12.6333):	 total squared error = 0.00506114, marker error: RMS = 0.016321, max = 0.0348739 (Neck)
[2024-10-09 17:43:22.075] [info] Frame 379 (t = 12.6667):	 total squared error = 0.00506442, marker error: RMS = 0.0163263, max = 0.0328665 (Neck)
[2024-10-09 17:43:22.125] [info] Frame 380 (t = 12.7):	 total squared error = 0.00513985, marker error: RMS = 0.0164475, max = 0.031175 (Neck)
[2024-10-09 17:43:22.181] [info] Frame 381 (t = 12.7333):	 total squared error = 0.00527344, marker error: RMS = 0.0166598, max = 0.0300689 (Neck)
[2024-10-09 17:43:22.245] [info] Frame 382 (t = 12.7667):	 total squared error = 0.00554447, marker error: RMS = 0.0170826, max = 0.0311325 (LShoulder)
[2024-10-09 17:43:22.294] [info] Frame 383 (t = 12.8):	 total squared error = 0.00601088, marker error: RMS = 0.0177866, max = 0.0340305 (LShoulder)
[2024-10-09 17:43:22.356] [info] Frame 384 (t = 12.8333):	 total squared error = 0.00655955, marker error: RMS = 0.0185806, max = 0.0364696 (LShoulder)
[2024-10-09 17:43:22.400] [info] Frame 385 (t = 12.8667):	 total squared error = 0.00697630, marker error: RMS = 0.0191618, max = 0.0378806 (LShoulder)
[2024-10-09 17:43:22.484] [info] Frame 386 (t = 12.9):	 total squared error = 0.00707377, marker error: RMS = 0.0192952, max = 0.0384017 (LShoulder)
[2024-10-09 17:43:22.537] [info] Frame 387 (t = 12.9333):	 total squared error = 0.00695108, marker error: RMS = 0.0191271, max = 0.0379518 (LShoulder)
[2024-10-09 17:43:22.601] [info] Frame 388 (t = 12.9667):	 total squared error = 0.00692838, marker error: RMS = 0.0190959, max = 0.036723 (LShoulder)
[2024-10-09 17:43:22.662] [info] Frame 389 (t = 13.0):	 total squared error = 0.00710665, marker error: RMS = 0.01934, max = 0.0348813 (LShoulder)
[2024-10-09 17:43:22.737] [info] Frame 390 (t = 13.0333):	 total squared error = 0.00712243, marker error: RMS = 0.0193614, max = 0.0326207 (LShoulder)
[2024-10-09 17:43:22.801] [info] Frame 391 (t = 13.0667):	 total squared error = 0.00651667, marker error: RMS = 0.0185198, max = 0.0301539 (LKnee)
[2024-10-09 17:43:22.855] [info] Frame 392 (t = 13.1):	 total squared error = 0.00545287, marker error: RMS = 0.0169409, max = 0.0282104 (LKnee)
[2024-10-09 17:43:22.964] [info] Frame 393 (t = 13.1333):	 total squared error = 0.00450132, marker error: RMS = 0.0153919, max = 0.0274454 (RShoulder)
[2024-10-09 17:43:23.008] [info] Frame 394 (t = 13.1667):	 total squared error = 0.00400985, marker error: RMS = 0.0145274, max = 0.0271357 (RShoulder)
[2024-10-09 17:43:23.052] [info] Frame 395 (t = 13.2):	 total squared error = 0.00393580, marker error: RMS = 0.0143926, max = 0.0268378 (RShoulder)
[2024-10-09 17:43:23.097] [info] Frame 396 (t = 13.2333):	 total squared error = 0.00410047, marker error: RMS = 0.0146906, max = 0.0271491 (LShoulder)
[2024-10-09 17:43:23.183] [info] Frame 397 (t = 13.2667):	 total squared error = 0.00427861, marker error: RMS = 0.0150063, max = 0.0283248 (LShoulder)
[2024-10-09 17:43:23.222] [info] Frame 398 (t = 13.3):	 total squared error = 0.00466239, marker error: RMS = 0.0156649, max = 0.029923 (LShoulder)
[2024-10-09 17:43:23.277] [info] Frame 399 (t = 13.3333):	 total squared error = 0.00515336, marker error: RMS = 0.0164691, max = 0.0310232 (LShoulder)
[2024-10-09 17:43:23.329] [info] Frame 400 (t = 13.3667):	 total squared error = 0.00563752, marker error: RMS = 0.0172253, max = 0.0316054 (LShoulder)
[2024-10-09 17:43:23.381] [info] Frame 401 (t = 13.4):	 total squared error = 0.00588632, marker error: RMS = 0.0176013, max = 0.0315584 (LShoulder)
[2024-10-09 17:43:23.481] [info] Frame 402 (t = 13.4333):	 total squared error = 0.00580563, marker error: RMS = 0.0174803, max = 0.0318319 (RShoulder)
[2024-10-09 17:43:23.531] [info] Frame 403 (t = 13.4667):	 total squared error = 0.00558724, marker error: RMS = 0.0171483, max = 0.0323878 (RShoulder)
[2024-10-09 17:43:23.615] [info] Frame 404 (t = 13.5):	 total squared error = 0.00547729, marker error: RMS = 0.0169788, max = 0.0321278 (RShoulder)
[2024-10-09 17:43:23.658] [info] Frame 405 (t = 13.5333):	 total squared error = 0.00541250, marker error: RMS = 0.016878, max = 0.0313898 (RShoulder)
[2024-10-09 17:43:23.722] [info] Frame 406 (t = 13.5667):	 total squared error = 0.00536787, marker error: RMS = 0.0168083, max = 0.0308026 (RShoulder)
[2024-10-09 17:43:23.813] [info] Frame 407 (t = 13.6):	 total squared error = 0.00544157, marker error: RMS = 0.0169233, max = 0.0300553 (RShoulder)
[2024-10-09 17:43:23.866] [info] Frame 408 (t = 13.6333):	 total squared error = 0.00571200, marker error: RMS = 0.0173387, max = 0.0291432 (RShoulder)
[2024-10-09 17:43:23.947] [info] Frame 409 (t = 13.6667):	 total squared error = 0.00599482, marker error: RMS = 0.0177628, max = 0.0286517 (RShoulder)
[2024-10-09 17:43:23.987] [info] Frame 410 (t = 13.7):	 total squared error = 0.00623156, marker error: RMS = 0.0181101, max = 0.0283524 (RShoulder)
[2024-10-09 17:43:24.081] [info] Frame 411 (t = 13.7333):	 total squared error = 0.00633326, marker error: RMS = 0.0182573, max = 0.0285625 (RShoulder)
[2024-10-09 17:43:24.128] [info] Frame 412 (t = 13.7667):	 total squared error = 0.00642434, marker error: RMS = 0.0183881, max = 0.029347 (RShoulder)
[2024-10-09 17:43:24.196] [info] Frame 413 (t = 13.8):	 total squared error = 0.00654797, marker error: RMS = 0.0185642, max = 0.0322731 (LWrist)
[2024-10-09 17:43:24.241] [info] Frame 414 (t = 13.8333):	 total squared error = 0.00667710, marker error: RMS = 0.0187464, max = 0.0342538 (LWrist)
[2024-10-09 17:43:24.317] [info] Frame 415 (t = 13.8667):	 total squared error = 0.00672821, marker error: RMS = 0.018818, max = 0.0345145 (LWrist)
[2024-10-09 17:43:24.382] [info] Frame 416 (t = 13.9):	 total squared error = 0.00674467, marker error: RMS = 0.018841, max = 0.0329786 (LWrist)
[2024-10-09 17:43:24.440] [info] Frame 417 (t = 13.9333):	 total squared error = 0.00672542, marker error: RMS = 0.0188141, max = 0.0307083 (LElbow)
[2024-10-09 17:43:24.495] [info] Frame 418 (t = 13.9667):	 total squared error = 0.00657602, marker error: RMS = 0.0186039, max = 0.0290703 (LElbow)
[2024-10-09 17:43:24.557] [info] Frame 419 (t = 14.0):	 total squared error = 0.00627440, marker error: RMS = 0.0181723, max = 0.0274529 (LKnee)
[2024-10-09 17:43:24.600] [info] Frame 420 (t = 14.0333):	 total squared error = 0.00600428, marker error: RMS = 0.0177768, max = 0.0290939 (LKnee)
[2024-10-09 17:43:24.660] [info] Frame 421 (t = 14.0667):	 total squared error = 0.00584436, marker error: RMS = 0.0175385, max = 0.0300035 (LKnee)
[2024-10-09 17:43:24.712] [info] Frame 422 (t = 14.1):	 total squared error = 0.00563871, marker error: RMS = 0.0172271, max = 0.0314022 (LKnee)
[2024-10-09 17:43:24.781] [info] Frame 423 (t = 14.1333):	 total squared error = 0.00534246, marker error: RMS = 0.0167685, max = 0.03298 (LKnee)
[2024-10-09 17:43:24.829] [info] Frame 424 (t = 14.1667):	 total squared error = 0.00493207, marker error: RMS = 0.0161116, max = 0.0334728 (LKnee)
[2024-10-09 17:43:24.876] [info] Frame 425 (t = 14.2):	 total squared error = 0.00439742, marker error: RMS = 0.0152132, max = 0.0316642 (LKnee)
[2024-10-09 17:43:24.971] [info] Frame 426 (t = 14.2333):	 total squared error = 0.00376090, marker error: RMS = 0.0140692, max = 0.0275293 (LKnee)
[2024-10-09 17:43:25.039] [info] Frame 427 (t = 14.2667):	 total squared error = 0.00321729, marker error: RMS = 0.0130127, max = 0.0216384 (LKnee)
[2024-10-09 17:43:25.104] [info] Frame 428 (t = 14.3):	 total squared error = 0.00283773, marker error: RMS = 0.0122211, max = 0.0199726 (RShoulder)
[2024-10-09 17:43:25.185] [info] Frame 429 (t = 14.3333):	 total squared error = 0.00263035, marker error: RMS = 0.011766, max = 0.0191916 (RShoulder)
[2024-10-09 17:43:25.252] [info] Frame 430 (t = 14.3667):	 total squared error = 0.00256767, marker error: RMS = 0.011625, max = 0.0186646 (RShoulder)
[2024-10-09 17:43:25.313] [info] Frame 431 (t = 14.4):	 total squared error = 0.00262193, marker error: RMS = 0.0117472, max = 0.0188098 (RShoulder)
[2024-10-09 17:43:25.349] [info] Frame 432 (t = 14.4333):	 total squared error = 0.00282747, marker error: RMS = 0.0121989, max = 0.0193461 (RShoulder)
[2024-10-09 17:43:25.405] [info] Frame 433 (t = 14.4667):	 total squared error = 0.00319871, marker error: RMS = 0.0129751, max = 0.0207178 (RShoulder)
[2024-10-09 17:43:25.458] [info] Frame 434 (t = 14.5):	 total squared error = 0.00362693, marker error: RMS = 0.0138163, max = 0.0229131 (LHeel)
[2024-10-09 17:43:25.505] [info] Frame 435 (t = 14.5333):	 total squared error = 0.00395994, marker error: RMS = 0.0144367, max = 0.0261674 (LHeel)
[2024-10-09 17:43:25.544] [info] Frame 436 (t = 14.5667):	 total squared error = 0.00417325, marker error: RMS = 0.0148204, max = 0.028173 (LHeel)
[2024-10-09 17:43:25.636] [info] Frame 437 (t = 14.6):	 total squared error = 0.00432178, marker error: RMS = 0.0150818, max = 0.029378 (LHeel)
[2024-10-09 17:43:25.686] [info] Frame 438 (t = 14.6333):	 total squared error = 0.00451055, marker error: RMS = 0.0154077, max = 0.0302910 (LHeel)
[2024-10-09 17:43:25.733] [info] Frame 439 (t = 14.6667):	 total squared error = 0.00490026, marker error: RMS = 0.0160595, max = 0.0307450 (LHeel)
[2024-10-09 17:43:25.803] [info] Frame 440 (t = 14.7):	 total squared error = 0.00561878, marker error: RMS = 0.0171967, max = 0.0312942 (LHeel)
[2024-10-09 17:43:25.895] [info] Frame 441 (t = 14.7333):	 total squared error = 0.00638057, marker error: RMS = 0.0183254, max = 0.0339765 (RKnee)
[2024-10-09 17:43:25.974] [info] Frame 442 (t = 14.7667):	 total squared error = 0.00673992, marker error: RMS = 0.0188343, max = 0.0373436 (RKnee)
[2024-10-09 17:43:26.033] [info] Frame 443 (t = 14.8):	 total squared error = 0.00663915, marker error: RMS = 0.018693, max = 0.0363030 (RKnee)
[2024-10-09 17:43:26.107] [info] Frame 444 (t = 14.8333):	 total squared error = 0.00621771, marker error: RMS = 0.0180900, max = 0.0301316 (RKnee)
[2024-10-09 17:43:26.169] [info] Frame 445 (t = 14.8667):	 total squared error = 0.00576347, marker error: RMS = 0.0174167, max = 0.0292797 (LHeel)
[2024-10-09 17:43:26.237] [info] Frame 446 (t = 14.9):	 total squared error = 0.00552918, marker error: RMS = 0.0170590, max = 0.0295228 (LHeel)
[2024-10-09 17:43:26.314] [info] Frame 447 (t = 14.9333):	 total squared error = 0.00557781, marker error: RMS = 0.0171339, max = 0.0295583 (LHeel)
[2024-10-09 17:43:26.379] [info] Frame 448 (t = 14.9667):	 total squared error = 0.00570590, marker error: RMS = 0.0173295, max = 0.0290353 (LElbow)
[2024-10-09 17:43:26.445] [info] Frame 449 (t = 15.0):	 total squared error = 0.00576535, marker error: RMS = 0.0174195, max = 0.0325875 (LElbow)
[2024-10-09 17:43:26.505] [info] Frame 450 (t = 15.0333):	 total squared error = 0.00575345, marker error: RMS = 0.0174015, max = 0.0350937 (LElbow)
[2024-10-09 17:43:26.560] [info] Frame 451 (t = 15.0667):	 total squared error = 0.00570407, marker error: RMS = 0.0173267, max = 0.035574 (LElbow)
[2024-10-09 17:43:26.638] [info] Frame 452 (t = 15.1):	 total squared error = 0.00562770, marker error: RMS = 0.0172103, max = 0.0339133 (LElbow)
[2024-10-09 17:43:26.689] [info] Frame 453 (t = 15.1333):	 total squared error = 0.00547917, marker error: RMS = 0.0169817, max = 0.0306656 (LElbow)
[2024-10-09 17:43:26.752] [info] Frame 454 (t = 15.1667):	 total squared error = 0.00518829, marker error: RMS = 0.0165248, max = 0.027989 (LKnee)
[2024-10-09 17:43:26.794] [info] Frame 455 (t = 15.2):	 total squared error = 0.00481458, marker error: RMS = 0.0159185, max = 0.0258020 (LKnee)
[2024-10-09 17:43:26.869] [info] Frame 456 (t = 15.2333):	 total squared error = 0.00443596, marker error: RMS = 0.0152798, max = 0.0234078 (LKnee)
[2024-10-09 17:43:26.917] [info] Frame 457 (t = 15.2667):	 total squared error = 0.00427317, marker error: RMS = 0.0149968, max = 0.0225134 (LKnee)
[2024-10-09 17:43:27.009] [info] Frame 458 (t = 15.3):	 total squared error = 0.00449104, marker error: RMS = 0.0153744, max = 0.0244015 (LKnee)
[2024-10-09 17:43:27.054] [info] Frame 459 (t = 15.3333):	 total squared error = 0.00497766, marker error: RMS = 0.0161859, max = 0.0281947 (LKnee)
[2024-10-09 17:43:27.136] [info] Frame 460 (t = 15.3667):	 total squared error = 0.00537946, marker error: RMS = 0.0168265, max = 0.0320051 (LKnee)
[2024-10-09 17:43:27.194] [info] Frame 461 (t = 15.4):	 total squared error = 0.00553079, marker error: RMS = 0.0170615, max = 0.0346571 (LKnee)
[2024-10-09 17:43:27.253] [info] Frame 462 (t = 15.4333):	 total squared error = 0.00528822, marker error: RMS = 0.0166831, max = 0.0345011 (LKnee)
[2024-10-09 17:43:27.303] [info] Frame 463 (t = 15.4667):	 total squared error = 0.00458645, marker error: RMS = 0.0155368, max = 0.0295212 (LKnee)
[2024-10-09 17:43:27.385] [info] Frame 464 (t = 15.5):	 total squared error = 0.00358280, marker error: RMS = 0.013732, max = 0.0215027 (LShoulder)
[2024-10-09 17:43:27.440] [info] Frame 465 (t = 15.5333):	 total squared error = 0.00290635, marker error: RMS = 0.0123679, max = 0.0228733 (LShoulder)
[2024-10-09 17:43:27.512] [info] Frame 466 (t = 15.5667):	 total squared error = 0.00298729, marker error: RMS = 0.012539, max = 0.025265 (LShoulder)
[2024-10-09 17:43:27.559] [info] Frame 467 (t = 15.6):	 total squared error = 0.00353860, marker error: RMS = 0.0136471, max = 0.0279046 (LShoulder)
[2024-10-09 17:43:27.626] [info] Frame 468 (t = 15.6333):	 total squared error = 0.00397139, marker error: RMS = 0.0144575, max = 0.0306375 (LShoulder)
[2024-10-09 17:43:27.696] [info] Frame 469 (t = 15.6667):	 total squared error = 0.00425851, marker error: RMS = 0.014971, max = 0.0329557 (LShoulder)
[2024-10-09 17:43:27.756] [info] Frame 470 (t = 15.7):	 total squared error = 0.00479339, marker error: RMS = 0.0158834, max = 0.0345824 (LShoulder)
[2024-10-09 17:43:27.811] [info] Frame 471 (t = 15.7333):	 total squared error = 0.00565980, marker error: RMS = 0.0172593, max = 0.0353315 (LShoulder)
[2024-10-09 17:43:27.873] [info] Frame 472 (t = 15.7667):	 total squared error = 0.00656084, marker error: RMS = 0.0185825, max = 0.0353276 (LHeel)
[2024-10-09 17:43:27.917] [info] Frame 473 (t = 15.8):	 total squared error = 0.00723322, marker error: RMS = 0.0195114, max = 0.0381251 (LHeel)
[2024-10-09 17:43:27.964] [info] Frame 474 (t = 15.8333):	 total squared error = 0.00764265, marker error: RMS = 0.0200560, max = 0.0400806 (RKnee)
[2024-10-09 17:43:28.038] [info] Frame 475 (t = 15.8667):	 total squared error = 0.00778878, marker error: RMS = 0.0202469, max = 0.0404452 (RKnee)
[2024-10-09 17:43:28.083] [info] Frame 476 (t = 15.9):	 total squared error = 0.00771062, marker error: RMS = 0.0201450, max = 0.0393067 (RKnee)
[2024-10-09 17:43:28.216] [info] Frame 477 (t = 15.9333):	 total squared error = 0.00754884, marker error: RMS = 0.0199326, max = 0.0368621 (RKnee)
[2024-10-09 17:43:28.314] [info] Frame 478 (t = 15.9667):	 total squared error = 0.00742155, marker error: RMS = 0.0197638, max = 0.0341674 (RKnee)
[2024-10-09 17:43:28.371] [info] Frame 479 (t = 16.0):	 total squared error = 0.00735932, marker error: RMS = 0.0196808, max = 0.0323361 (RKnee)
[2024-10-09 17:43:28.416] [info] Frame 480 (t = 16.0333):	 total squared error = 0.00728307, marker error: RMS = 0.0195785, max = 0.0303636 (LSmallToe)
[2024-10-09 17:43:28.497] [info] Frame 481 (t = 16.0667):	 total squared error = 0.00687431, marker error: RMS = 0.0190212, max = 0.0279273 (LSmallToe)
[2024-10-09 17:43:28.562] [info] Frame 482 (t = 16.1):	 total squared error = 0.00614186, marker error: RMS = 0.0179793, max = 0.0283547 (LElbow)
[2024-10-09 17:43:28.627] [info] Frame 483 (t = 16.1333):	 total squared error = 0.00564903, marker error: RMS = 0.0172429, max = 0.031388 (LElbow)
[2024-10-09 17:43:28.705] [info] Frame 484 (t = 16.1667):	 total squared error = 0.00593827, marker error: RMS = 0.0176788, max = 0.0345849 (LElbow)
[2024-10-09 17:43:28.766] [info] Frame 485 (t = 16.2):	 total squared error = 0.00706097, marker error: RMS = 0.0192777, max = 0.0379983 (LElbow)
[2024-10-09 17:43:28.816] [info] Frame 486 (t = 16.2333):	 total squared error = 0.00859920, marker error: RMS = 0.0212741, max = 0.0416134 (LElbow)
[2024-10-09 17:43:28.877] [info] Frame 487 (t = 16.2667):	 total squared error = 0.0100667, marker error: RMS = 0.0230180, max = 0.0455295 (LElbow)
[2024-10-09 17:43:28.910] [info] Frame 488 (t = 16.3):	 total squared error = 0.0111391, marker error: RMS = 0.024213, max = 0.0493928 (LElbow)
[2024-10-09 17:43:28.967] [info] Frame 489 (t = 16.3333):	 total squared error = 0.0116807, marker error: RMS = 0.0247946, max = 0.0517374 (LElbow)
[2024-10-09 17:43:29.027] [info] Frame 490 (t = 16.3667):	 total squared error = 0.0116285, marker error: RMS = 0.0247392, max = 0.0509555 (LElbow)
[2024-10-09 17:43:29.083] [info] Frame 491 (t = 16.4):	 total squared error = 0.0109865, marker error: RMS = 0.0240465, max = 0.0459308 (LElbow)
[2024-10-09 17:43:29.127] [info] Frame 492 (t = 16.4333):	 total squared error = 0.00993325, marker error: RMS = 0.0228649, max = 0.0374338 (LElbow)
[2024-10-09 17:43:29.158] [info] Frame 493 (t = 16.4667):	 total squared error = 0.00879679, marker error: RMS = 0.0215172, max = 0.0371572 (Neck)
[2024-10-09 17:43:29.203] [info] Frame 494 (t = 16.5):	 total squared error = 0.00789454, marker error: RMS = 0.0203839, max = 0.0382243 (LKnee)
[2024-10-09 17:43:29.263] [info] Frame 495 (t = 16.5333):	 total squared error = 0.00766760, marker error: RMS = 0.0200888, max = 0.0397096 (Neck)
[2024-10-09 17:43:29.307] [info] Frame 496 (t = 16.5667):	 total squared error = 0.00819651, marker error: RMS = 0.0207701, max = 0.0401319 (Neck)
[2024-10-09 17:43:29.369] [info] Frame 497 (t = 16.6):	 total squared error = 0.00910723, marker error: RMS = 0.0218936, max = 0.0420620 (LKnee)
[2024-10-09 17:43:29.415] [info] Frame 498 (t = 16.6333):	 total squared error = 0.00975213, marker error: RMS = 0.0226555, max = 0.0439386 (LKnee)
[2024-10-09 17:43:29.467] [info] Frame 499 (t = 16.6667):	 total squared error = 0.00968219, marker error: RMS = 0.0225741, max = 0.0417401 (LKnee)
[2024-10-09 17:43:29.512] [info] Frame 500 (t = 16.7):	 total squared error = 0.00891961, marker error: RMS = 0.0216669, max = 0.034293 (LKnee)
[2024-10-09 17:43:29.565] [info] Frame 501 (t = 16.7333):	 total squared error = 0.00799926, marker error: RMS = 0.0205186, max = 0.032823 (Neck)
[2024-10-09 17:43:29.605] [info] Frame 502 (t = 16.7667):	 total squared error = 0.00748841, marker error: RMS = 0.0198526, max = 0.0333578 (Neck)
[2024-10-09 17:43:29.671] [info] Frame 503 (t = 16.8):	 total squared error = 0.00750544, marker error: RMS = 0.0198752, max = 0.0342388 (Neck)
[2024-10-09 17:43:29.721] [info] Frame 504 (t = 16.8333):	 total squared error = 0.00780550, marker error: RMS = 0.0202686, max = 0.0349285 (Neck)
[2024-10-09 17:43:29.766] [info] Frame 505 (t = 16.8667):	 total squared error = 0.00807824, marker error: RMS = 0.0206197, max = 0.0351814 (Neck)
[2024-10-09 17:43:29.797] [info] Frame 506 (t = 16.9):	 total squared error = 0.00811393, marker error: RMS = 0.0206652, max = 0.0349898 (Neck)
[2024-10-09 17:43:29.876] [info] Frame 507 (t = 16.9333):	 total squared error = 0.00804163, marker error: RMS = 0.0205729, max = 0.0343879 (Neck)
[2024-10-09 17:43:29.914] [info] Frame 508 (t = 16.9667):	 total squared error = 0.00824399, marker error: RMS = 0.0208301, max = 0.0337482 (Neck)
[2024-10-09 17:43:29.944] [info] Frame 509 (t = 17.0):	 total squared error = 0.00864017, marker error: RMS = 0.0213248, max = 0.0330206 (Neck)
[2024-10-09 17:43:29.977] [info] Frame 510 (t = 17.0333):	 total squared error = 0.00879431, marker error: RMS = 0.0215141, max = 0.0324355 (LSmallToe)
[2024-10-09 17:43:30.001] [info] Frame 511 (t = 17.0667):	 total squared error = 0.00851228, marker error: RMS = 0.0211664, max = 0.0313965 (Neck)
[2024-10-09 17:43:30.036] [info] Frame 512 (t = 17.1):	 total squared error = 0.00791824, marker error: RMS = 0.0204144, max = 0.0310693 (RHip)
[2024-10-09 17:43:30.060] [info] Frame 513 (t = 17.1333):	 total squared error = 0.00747498, marker error: RMS = 0.0198348, max = 0.0311099 (RHip)
[2024-10-09 17:43:30.095] [info] Frame 514 (t = 17.1667):	 total squared error = 0.00736225, marker error: RMS = 0.0196847, max = 0.031234 (RHip)
[2024-10-09 17:43:30.129] [info] Frame 515 (t = 17.2):	 total squared error = 0.00751182, marker error: RMS = 0.0198836, max = 0.0317641 (RHip)
[2024-10-09 17:43:30.194] [info] Frame 516 (t = 17.2333):	 total squared error = 0.00772837, marker error: RMS = 0.0201682, max = 0.0335697 (LHeel)
[2024-10-09 17:43:30.225] [info] Frame 517 (t = 17.2667):	 total squared error = 0.00785606, marker error: RMS = 0.0203341, max = 0.035292 (LHeel)
[2024-10-09 17:43:30.288] [info] Frame 518 (t = 17.3):	 total squared error = 0.00779589, marker error: RMS = 0.0202561, max = 0.0345943 (LHeel)
[2024-10-09 17:43:30.343] [info] Frame 519 (t = 17.3333):	 total squared error = 0.00783814, marker error: RMS = 0.0203109, max = 0.0311597 (Neck)
[2024-10-09 17:43:30.379] [info] Frame 520 (t = 17.3667):	 total squared error = 0.00833138, marker error: RMS = 0.0209402, max = 0.0335897 (LBigToe)
[2024-10-09 17:43:30.400] [info] Frame 521 (t = 17.4):	 total squared error = 0.00927592, marker error: RMS = 0.0220954, max = 0.0409918 (LSmallToe)
[2024-10-09 17:43:30.436] [info] Frame 522 (t = 17.4333):	 total squared error = 0.0102976, marker error: RMS = 0.0232804, max = 0.0499575 (LSmallToe)
[2024-10-09 17:43:30.526] [info] Frame 523 (t = 17.4667):	 total squared error = 0.0110328, marker error: RMS = 0.0240972, max = 0.055512 (LSmallToe)
[2024-10-09 17:43:30.604] [info] Frame 524 (t = 17.5):	 total squared error = 0.0113191, marker error: RMS = 0.0244078, max = 0.057452 (LSmallToe)
[2024-10-09 17:43:30.711] [info] Frame 525 (t = 17.5333):	 total squared error = 0.0111584, marker error: RMS = 0.024234, max = 0.0562394 (LSmallToe)
[2024-10-09 17:43:30.731] [info] Frame 526 (t = 17.5667):	 total squared error = 0.0106610, marker error: RMS = 0.0236877, max = 0.0524422 (LSmallToe)
[2024-10-09 17:43:30.826] [info] Frame 527 (t = 17.6):	 total squared error = 0.0100100, marker error: RMS = 0.0229531, max = 0.0469504 (LSmallToe)
[2024-10-09 17:43:30.920] [info] Frame 528 (t = 17.6333):	 total squared error = 0.00940912, marker error: RMS = 0.0222535, max = 0.0411637 (LSmallToe)
[2024-10-09 17:43:31.041] [info] Frame 529 (t = 17.6667):	 total squared error = 0.00909966, marker error: RMS = 0.0218845, max = 0.0373819 (LSmallToe)
[2024-10-09 17:43:31.139] [info] Frame 530 (t = 17.7):	 total squared error = 0.00921118, marker error: RMS = 0.0220182, max = 0.0378549 (LSmallToe)
[2024-10-09 17:43:31.238] [info] Frame 531 (t = 17.7333):	 total squared error = 0.00975896, marker error: RMS = 0.0226634, max = 0.0426482 (LSmallToe)
[2024-10-09 17:43:31.255] [info] Frame 532 (t = 17.7667):	 total squared error = 0.0105739, marker error: RMS = 0.0235908, max = 0.0492965 (LSmallToe)
[2024-10-09 17:43:31.343] [info] Frame 533 (t = 17.8):	 total squared error = 0.0113687, marker error: RMS = 0.0244613, max = 0.0553517 (LSmallToe)
[2024-10-09 17:43:31.433] [info] Frame 534 (t = 17.8333):	 total squared error = 0.0119962, marker error: RMS = 0.0251272, max = 0.0597918 (LSmallToe)
[2024-10-09 17:43:31.548] [info] Frame 535 (t = 17.8667):	 total squared error = 0.012365, marker error: RMS = 0.0255106, max = 0.0624494 (LSmallToe)
[2024-10-09 17:43:31.644] [info] Frame 536 (t = 17.9):	 total squared error = 0.0124656, marker error: RMS = 0.0256141, max = 0.0633436 (LSmallToe)
[2024-10-09 17:43:31.738] [info] Frame 537 (t = 17.9333):	 total squared error = 0.0122535, marker error: RMS = 0.0253953, max = 0.062219 (LSmallToe)
[2024-10-09 17:43:31.882] [info] Frame 538 (t = 17.9667):	 total squared error = 0.0116693, marker error: RMS = 0.0247825, max = 0.058394 (LSmallToe)
[2024-10-09 17:43:31.991] [info] Frame 539 (t = 18.0):	 total squared error = 0.0107688, marker error: RMS = 0.0238071, max = 0.0512946 (LSmallToe)
[2024-10-09 17:43:32.060] [info] Frame 540 (t = 18.0333):	 total squared error = 0.00978043, marker error: RMS = 0.0226883, max = 0.0414972 (LSmallToe)
[2024-10-09 17:43:32.155] [info] Frame 541 (t = 18.0667):	 total squared error = 0.00901202, marker error: RMS = 0.0217788, max = 0.0341060 (Neck)
[2024-10-09 17:43:32.260] [info] Frame 542 (t = 18.1):	 total squared error = 0.00851921, marker error: RMS = 0.021175, max = 0.0342269 (Neck)
[2024-10-09 17:43:32.358] [info] Frame 543 (t = 18.1333):	 total squared error = 0.00818303, marker error: RMS = 0.0207530, max = 0.0342985 (Neck)
[2024-10-09 17:43:32.439] [info] Frame 544 (t = 18.1667):	 total squared error = 0.00787559, marker error: RMS = 0.0203594, max = 0.0343234 (Neck)
[2024-10-09 17:43:32.456] [info] Frame 545 (t = 18.2):	 total squared error = 0.00753414, marker error: RMS = 0.0199132, max = 0.0341873 (Neck)
[2024-10-09 17:43:32.527] [info] Frame 546 (t = 18.2333):	 total squared error = 0.00726856, marker error: RMS = 0.019559, max = 0.0341009 (Neck)
[2024-10-09 17:43:32.618] [info] Frame 547 (t = 18.2667):	 total squared error = 0.00714471, marker error: RMS = 0.0193917, max = 0.0339146 (Neck)
[2024-10-09 17:43:32.721] [info] Frame 548 (t = 18.3):	 total squared error = 0.00713141, marker error: RMS = 0.0193736, max = 0.0337126 (Neck)
[2024-10-09 17:43:32.801] [info] Frame 549 (t = 18.3333):	 total squared error = 0.00712911, marker error: RMS = 0.0193705, max = 0.0335473 (Neck)
[2024-10-09 17:43:32.876] [info] Frame 550 (t = 18.3667):	 total squared error = 0.00709522, marker error: RMS = 0.0193244, max = 0.0334321 (Neck)
[2024-10-09 17:43:32.954] [info] Frame 551 (t = 18.4):	 total squared error = 0.00706544, marker error: RMS = 0.0192838, max = 0.0335065 (RHip)
[2024-10-09 17:43:33.055] [info] Frame 552 (t = 18.4333):	 total squared error = 0.00702534, marker error: RMS = 0.019229, max = 0.0334521 (RHip)
[2024-10-09 17:43:33.111] [info] Frame 553 (t = 18.4667):	 total squared error = 0.00697336, marker error: RMS = 0.0191577, max = 0.0333412 (RHip)
[2024-10-09 17:43:33.187] [info] Frame 554 (t = 18.5):	 total squared error = 0.00689097, marker error: RMS = 0.0190442, max = 0.0329463 (Neck)
[2024-10-09 17:43:33.245] [info] Frame 555 (t = 18.5333):	 total squared error = 0.00677834, marker error: RMS = 0.0188879, max = 0.0326942 (Neck)
[2024-10-09 17:43:33.276] [info] Frame 556 (t = 18.5667):	 total squared error = 0.00662817, marker error: RMS = 0.0186775, max = 0.032328 (Neck)
[2024-10-09 17:43:33.309] [info] Frame 557 (t = 18.6):	 total squared error = 0.00645366, marker error: RMS = 0.01843, max = 0.0318585 (Neck)
[2024-10-09 17:43:33.349] [info] Frame 558 (t = 18.6333):	 total squared error = 0.00627903, marker error: RMS = 0.018179, max = 0.0313328 (Neck)
[2024-10-09 17:43:33.387] [info] Frame 559 (t = 18.6667):	 total squared error = 0.00612896, marker error: RMS = 0.0179604, max = 0.0308785 (Neck)
[2024-10-09 17:43:33.400] [info] InverseKinematicsTool completed 560 frames in 30 second(s).
