[2024-10-09 18:02:09.963] [info] Preparing to run InverseKinematicsTool.
[2024-10-09 18:02:09.985] [info] Loaded model Pose2Sim_scaled from file Model_Pose2Sim_Halpe26_scaled.osim
[2024-10-09 18:02:09.986] [warning] Couldn't find file 'r_pelvis.vtp'.
[2024-10-09 18:02:09.986] [warning] Couldn't find file 'l_pelvis.vtp'.
[2024-10-09 18:02:09.986] [warning] Couldn't find file 'sacrum.vtp'.
[2024-10-09 18:02:09.986] [warning] Couldn't find file 'femur_r.vtp'.
[2024-10-09 18:02:09.987] [warning] Couldn't find file 'r_patella.vtp'.
[2024-10-09 18:02:09.987] [warning] Couldn't find file 'tibia_r.vtp'.
[2024-10-09 18:02:09.987] [warning] Couldn't find file 'fibula_r.vtp'.
[2024-10-09 18:02:09.987] [warning] Couldn't find file 'talus_rv.vtp'.
[2024-10-09 18:02:09.987] [warning] Couldn't find file 'foot.vtp'.
[2024-10-09 18:02:09.987] [warning] Couldn't find file 'bofoot.vtp'.
[2024-10-09 18:02:09.988] [warning] Couldn't find file 'femur_l.vtp'.
[2024-10-09 18:02:09.988] [warning] Couldn't find file 'l_patella.vtp'.
[2024-10-09 18:02:09.988] [warning] Couldn't find file 'tibia_l.vtp'.
[2024-10-09 18:02:09.988] [warning] Couldn't find file 'fibula_l.vtp'.
[2024-10-09 18:02:09.988] [warning] Couldn't find file 'talus_lv.vtp'.
[2024-10-09 18:02:09.988] [warning] Couldn't find file 'l_foot.vtp'.
[2024-10-09 18:02:09.988] [warning] Couldn't find file 'l_bofoot.vtp'.
[2024-10-09 18:02:09.988] [warning] Couldn't find file 'lumbar5.vtp'.
[2024-10-09 18:02:09.989] [warning] Couldn't find file 'lumbar4.vtp'.
[2024-10-09 18:02:09.989] [warning] Couldn't find file 'lumbar3.vtp'.
[2024-10-09 18:02:09.989] [warning] Couldn't find file 'lumbar2.vtp'.
[2024-10-09 18:02:09.989] [warning] Couldn't find file 'lumbar1.vtp'.
[2024-10-09 18:02:09.989] [warning] Couldn't find file 'cerv1sm.vtp'.
[2024-10-09 18:02:09.989] [warning] Couldn't find file 'cerv2sm.vtp'.
[2024-10-09 18:02:09.989] [warning] Couldn't find file 'cerv3sm.vtp'.
[2024-10-09 18:02:09.989] [warning] Couldn't find file 'cerv4sm.vtp'.
[2024-10-09 18:02:09.990] [warning] Couldn't find file 'cerv5sm.vtp'.
[2024-10-09 18:02:09.990] [warning] Couldn't find file 'cerv6sm.vtp'.
[2024-10-09 18:02:09.990] [warning] Couldn't find file 'cerv7.vtp'.
[2024-10-09 18:02:09.990] [warning] Couldn't find file 'thoracic12_s.vtp'.
[2024-10-09 18:02:09.991] [warning] Couldn't find file 'thoracic11_s.vtp'.
[2024-10-09 18:02:09.991] [warning] Couldn't find file 'thoracic10_s.vtp'.
[2024-10-09 18:02:09.991] [warning] Couldn't find file 'thoracic9_s.vtp'.
[2024-10-09 18:02:09.991] [warning] Couldn't find file 'thoracic8_s.vtp'.
[2024-10-09 18:02:09.991] [warning] Couldn't find file 'thoracic7_s.vtp'.
[2024-10-09 18:02:09.991] [warning] Couldn't find file 'thoracic6_s.vtp'.
[2024-10-09 18:02:09.991] [warning] Couldn't find file 'thoracic5_s.vtp'.
[2024-10-09 18:02:09.992] [warning] Couldn't find file 'thoracic4_s.vtp'.
[2024-10-09 18:02:09.992] [warning] Couldn't find file 'thoracic3_s.vtp'.
[2024-10-09 18:02:09.992] [warning] Couldn't find file 'thoracic2_s.vtp'.
[2024-10-09 18:02:09.992] [warning] Couldn't find file 'thoracic1_s.vtp'.
[2024-10-09 18:02:09.992] [warning] Couldn't find file 'hat_ribs_scap.vtp'.
[2024-10-09 18:02:09.992] [warning] Couldn't find file 'hat_jaw.vtp'.
[2024-10-09 18:02:09.992] [warning] Couldn't find file 'hat_skull.vtp'.
[2024-10-09 18:02:09.993] [warning] Couldn't find file 'humerus_rv.vtp'.
[2024-10-09 18:02:09.993] [warning] Couldn't find file 'ulna_rv.vtp'.
[2024-10-09 18:02:09.993] [warning] Couldn't find file 'radius_rv.vtp'.
[2024-10-09 18:02:09.993] [warning] Couldn't find file 'pisiform_rvs.vtp'.
[2024-10-09 18:02:09.993] [warning] Couldn't find file 'lunate_rvs.vtp'.
[2024-10-09 18:02:09.993] [warning] Couldn't find file 'scaphoid_rvs.vtp'.
[2024-10-09 18:02:09.993] [warning] Couldn't find file 'triquetrum_rvs.vtp'.
[2024-10-09 18:02:09.993] [warning] Couldn't find file 'hamate_rvs.vtp'.
[2024-10-09 18:02:09.994] [warning] Couldn't find file 'capitate_rvs.vtp'.
[2024-10-09 18:02:09.994] [warning] Couldn't find file 'trapezoid_rvs.vtp'.
[2024-10-09 18:02:09.994] [warning] Couldn't find file 'trapezium_rvs.vtp'.
[2024-10-09 18:02:09.994] [warning] Couldn't find file 'metacarpal2_rvs.vtp'.
[2024-10-09 18:02:09.994] [warning] Couldn't find file 'index_proximal_rvs.vtp'.
[2024-10-09 18:02:09.994] [warning] Couldn't find file 'index_medial_rvs.vtp'.
[2024-10-09 18:02:09.994] [warning] Couldn't find file 'index_distal_rvs.vtp'.
[2024-10-09 18:02:09.994] [warning] Couldn't find file 'metacarpal3_rvs.vtp'.
[2024-10-09 18:02:09.995] [warning] Couldn't find file 'middle_proximal_rvs.vtp'.
[2024-10-09 18:02:09.995] [warning] Couldn't find file 'middle_medial_rvs.vtp'.
[2024-10-09 18:02:09.995] [warning] Couldn't find file 'middle_distal_rvs.vtp'.
[2024-10-09 18:02:09.995] [warning] Couldn't find file 'metacarpal4_rvs.vtp'.
[2024-10-09 18:02:09.995] [warning] Couldn't find file 'ring_proximal_rvs.vtp'.
[2024-10-09 18:02:09.996] [warning] Couldn't find file 'ring_medial_rvs.vtp'.
[2024-10-09 18:02:09.996] [warning] Couldn't find file 'ring_distal_rvs.vtp'.
[2024-10-09 18:02:09.996] [warning] Couldn't find file 'metacarpal5_rvs.vtp'.
[2024-10-09 18:02:09.996] [warning] Couldn't find file 'little_proximal_rvs.vtp'.
[2024-10-09 18:02:09.996] [warning] Couldn't find file 'little_medial_rvs.vtp'.
[2024-10-09 18:02:09.996] [warning] Couldn't find file 'little_distal_rvs.vtp'.
[2024-10-09 18:02:09.996] [warning] Couldn't find file 'metacarpal1_rvs.vtp'.
[2024-10-09 18:02:09.997] [warning] Couldn't find file 'thumb_proximal_rvs.vtp'.
[2024-10-09 18:02:09.997] [warning] Couldn't find file 'thumb_distal_rvs.vtp'.
[2024-10-09 18:02:09.997] [warning] Couldn't find file 'humerus_lv.vtp'.
[2024-10-09 18:02:09.997] [warning] Couldn't find file 'ulna_lv.vtp'.
[2024-10-09 18:02:09.997] [warning] Couldn't find file 'radius_lv.vtp'.
[2024-10-09 18:02:09.997] [warning] Couldn't find file 'pisiform_lvs.vtp'.
[2024-10-09 18:02:09.997] [warning] Couldn't find file 'lunate_lvs.vtp'.
[2024-10-09 18:02:09.997] [warning] Couldn't find file 'scaphoid_lvs.vtp'.
[2024-10-09 18:02:09.998] [warning] Couldn't find file 'triquetrum_lvs.vtp'.
[2024-10-09 18:02:09.998] [warning] Couldn't find file 'hamate_lvs.vtp'.
[2024-10-09 18:02:09.998] [warning] Couldn't find file 'capitate_lvs.vtp'.
[2024-10-09 18:02:09.998] [warning] Couldn't find file 'trapezoid_lvs.vtp'.
[2024-10-09 18:02:09.998] [warning] Couldn't find file 'trapezium_lvs.vtp'.
[2024-10-09 18:02:09.998] [warning] Couldn't find file 'metacarpal2_lvs.vtp'.
[2024-10-09 18:02:09.998] [warning] Couldn't find file 'index_proximal_lvs.vtp'.
[2024-10-09 18:02:09.999] [warning] Couldn't find file 'index_medial_lvs.vtp'.
[2024-10-09 18:02:09.999] [warning] Couldn't find file 'index_distal_lvs.vtp'.
[2024-10-09 18:02:09.999] [warning] Couldn't find file 'metacarpal3_lvs.vtp'.
[2024-10-09 18:02:09.999] [warning] Couldn't find file 'middle_proximal_lvs.vtp'.
[2024-10-09 18:02:09.999] [warning] Couldn't find file 'middle_medial_lvs.vtp'.
[2024-10-09 18:02:09.999] [warning] Couldn't find file 'middle_distal_lvs.vtp'.
[2024-10-09 18:02:09.999] [warning] Couldn't find file 'metacarpal4_lvs.vtp'.
[2024-10-09 18:02:09.999] [warning] Couldn't find file 'ring_proximal_lvs.vtp'.
[2024-10-09 18:02:10.000] [warning] Couldn't find file 'ring_medial_lvs.vtp'.
[2024-10-09 18:02:10.000] [warning] Couldn't find file 'ring_distal_lvs.vtp'.
[2024-10-09 18:02:10.000] [warning] Couldn't find file 'metacarpal5_lvs.vtp'.
[2024-10-09 18:02:10.000] [warning] Couldn't find file 'little_proximal_lvs.vtp'.
[2024-10-09 18:02:10.000] [warning] Couldn't find file 'little_medial_lvs.vtp'.
[2024-10-09 18:02:10.000] [warning] Couldn't find file 'little_distal_lvs.vtp'.
[2024-10-09 18:02:10.001] [warning] Couldn't find file 'metacarpal1_lvs.vtp'.
[2024-10-09 18:02:10.001] [warning] Couldn't find file 'thumb_proximal_lvs.vtp'.
[2024-10-09 18:02:10.001] [warning] Couldn't find file 'thumb_distal_lvs.vtp'.
[2024-10-09 18:02:10.002] [cout] [info] 
               MODEL: Pose2Sim_scaled
         coordinates: 62
              forces: 0
           actuators: 0
             muscles: 0
            analyses: 0
              probes: 0
              bodies: 30
              joints: 30
         constraints: 20
             markers: 22
         controllers: 0
  contact geometries: 0
misc modelcomponents: 0
[2024-10-09 18:02:10.003] [info] Running tool .
[2024-10-09 18:02:10.424] [info] Frame 0 (t = 0.0333333):	 total squared error = 0.0151195, marker error: RMS = 0.0282093, max = 0.0662569 (LShoulder)
[2024-10-09 18:02:10.495] [info] Frame 1 (t = 0.0666667):	 total squared error = 0.0116073, marker error: RMS = 0.0247166, max = 0.0501237 (LShoulder)
[2024-10-09 18:02:10.549] [info] Frame 2 (t = 0.1):	 total squared error = 0.0100080, marker error: RMS = 0.0229507, max = 0.0404218 (LElbow)
[2024-10-09 18:02:10.587] [info] Frame 3 (t = 0.133333):	 total squared error = 0.00966966, marker error: RMS = 0.0225595, max = 0.0422408 (LElbow)
[2024-10-09 18:02:10.647] [info] Frame 4 (t = 0.166667):	 total squared error = 0.00968484, marker error: RMS = 0.0225772, max = 0.0428702 (LElbow)
[2024-10-09 18:02:10.719] [info] Frame 5 (t = 0.2):	 total squared error = 0.00969611, marker error: RMS = 0.0225903, max = 0.0427561 (LElbow)
[2024-10-09 18:02:10.764] [info] Frame 6 (t = 0.233333):	 total squared error = 0.00967288, marker error: RMS = 0.0225632, max = 0.0414892 (LElbow)
[2024-10-09 18:02:10.815] [info] Frame 7 (t = 0.266667):	 total squared error = 0.00958430, marker error: RMS = 0.0224597, max = 0.039325 (LElbow)
[2024-10-09 18:02:10.888] [info] Frame 8 (t = 0.3):	 total squared error = 0.00940000, marker error: RMS = 0.0222427, max = 0.0364427 (LElbow)
[2024-10-09 18:02:10.965] [info] Frame 9 (t = 0.333333):	 total squared error = 0.00919450, marker error: RMS = 0.0219982, max = 0.0330111 (LElbow)
[2024-10-09 18:02:11.052] [info] Frame 10 (t = 0.366667):	 total squared error = 0.00907319, marker error: RMS = 0.0218526, max = 0.0318069 (Neck)
[2024-10-09 18:02:11.107] [info] Frame 11 (t = 0.4):	 total squared error = 0.00902936, marker error: RMS = 0.0217998, max = 0.0328996 (LShoulder)
[2024-10-09 18:02:11.126] [info] Frame 12 (t = 0.433333):	 total squared error = 0.00904177, marker error: RMS = 0.0218147, max = 0.0338463 (LShoulder)
[2024-10-09 18:02:11.194] [info] Frame 13 (t = 0.466667):	 total squared error = 0.00908696, marker error: RMS = 0.0218692, max = 0.0346060 (LShoulder)
[2024-10-09 18:02:11.252] [info] Frame 14 (t = 0.5):	 total squared error = 0.00922821, marker error: RMS = 0.0220385, max = 0.0350912 (LShoulder)
[2024-10-09 18:02:11.315] [info] Frame 15 (t = 0.533333):	 total squared error = 0.00939517, marker error: RMS = 0.022237, max = 0.0352636 (LShoulder)
[2024-10-09 18:02:11.364] [info] Frame 16 (t = 0.566667):	 total squared error = 0.00948980, marker error: RMS = 0.0223487, max = 0.0349438 (LShoulder)
[2024-10-09 18:02:11.426] [info] Frame 17 (t = 0.6):	 total squared error = 0.00951385, marker error: RMS = 0.022377, max = 0.0339235 (LShoulder)
[2024-10-09 18:02:11.514] [info] Frame 18 (t = 0.633333):	 total squared error = 0.00955637, marker error: RMS = 0.0224269, max = 0.0326133 (LShoulder)
[2024-10-09 18:02:11.567] [info] Frame 19 (t = 0.666667):	 total squared error = 0.00968423, marker error: RMS = 0.0225765, max = 0.0318322 (LShoulder)
[2024-10-09 18:02:11.605] [info] Frame 20 (t = 0.7):	 total squared error = 0.00987451, marker error: RMS = 0.0227972, max = 0.0319135 (LShoulder)
[2024-10-09 18:02:11.670] [info] Frame 21 (t = 0.733333):	 total squared error = 0.0100615, marker error: RMS = 0.0230120, max = 0.032779 (LShoulder)
[2024-10-09 18:02:11.708] [info] Frame 22 (t = 0.766667):	 total squared error = 0.0101988, marker error: RMS = 0.0231685, max = 0.0343779 (LShoulder)
[2024-10-09 18:02:11.788] [info] Frame 23 (t = 0.8):	 total squared error = 0.0102072, marker error: RMS = 0.023178, max = 0.0358818 (LShoulder)
[2024-10-09 18:02:11.805] [info] Frame 24 (t = 0.833333):	 total squared error = 0.0100733, marker error: RMS = 0.0230255, max = 0.0368609 (LShoulder)
[2024-10-09 18:02:11.893] [info] Frame 25 (t = 0.866667):	 total squared error = 0.00978954, marker error: RMS = 0.0226989, max = 0.0372656 (LShoulder)
[2024-10-09 18:02:11.928] [info] Frame 26 (t = 0.9):	 total squared error = 0.00946724, marker error: RMS = 0.0223221, max = 0.0374111 (LShoulder)
[2024-10-09 18:02:11.960] [info] Frame 27 (t = 0.933333):	 total squared error = 0.00918400, marker error: RMS = 0.0219856, max = 0.037465 (LShoulder)
[2024-10-09 18:02:12.006] [info] Frame 28 (t = 0.966667):	 total squared error = 0.00900359, marker error: RMS = 0.0217686, max = 0.0376101 (LShoulder)
[2024-10-09 18:02:12.021] [info] Frame 29 (t = 1.0):	 total squared error = 0.00896551, marker error: RMS = 0.0217225, max = 0.0379022 (LShoulder)
[2024-10-09 18:02:12.087] [info] Frame 30 (t = 1.03333):	 total squared error = 0.00906062, marker error: RMS = 0.0218375, max = 0.0379612 (LShoulder)
[2024-10-09 18:02:12.120] [info] Frame 31 (t = 1.06667):	 total squared error = 0.00920300, marker error: RMS = 0.0220084, max = 0.0380637 (LShoulder)
[2024-10-09 18:02:12.149] [info] Frame 32 (t = 1.1):	 total squared error = 0.00933914, marker error: RMS = 0.0221706, max = 0.0380568 (LShoulder)
[2024-10-09 18:02:12.213] [info] Frame 33 (t = 1.13333):	 total squared error = 0.00940010, marker error: RMS = 0.0222428, max = 0.0383061 (LShoulder)
[2024-10-09 18:02:12.229] [info] Frame 34 (t = 1.16667):	 total squared error = 0.00945586, marker error: RMS = 0.0223087, max = 0.0381271 (LShoulder)
[2024-10-09 18:02:12.279] [info] Frame 35 (t = 1.2):	 total squared error = 0.00938789, marker error: RMS = 0.0222284, max = 0.0382426 (LShoulder)
[2024-10-09 18:02:12.325] [info] Frame 36 (t = 1.23333):	 total squared error = 0.00934647, marker error: RMS = 0.0221793, max = 0.0381165 (LShoulder)
[2024-10-09 18:02:12.352] [info] Frame 37 (t = 1.26667):	 total squared error = 0.00931990, marker error: RMS = 0.0221477, max = 0.0379938 (LShoulder)
[2024-10-09 18:02:12.405] [info] Frame 38 (t = 1.3):	 total squared error = 0.00927593, marker error: RMS = 0.0220954, max = 0.0375958 (LShoulder)
[2024-10-09 18:02:12.493] [info] Frame 39 (t = 1.33333):	 total squared error = 0.00920580, marker error: RMS = 0.0220117, max = 0.0376437 (LShoulder)
[2024-10-09 18:02:12.544] [info] Frame 40 (t = 1.36667):	 total squared error = 0.00908869, marker error: RMS = 0.0218713, max = 0.0374448 (LShoulder)
[2024-10-09 18:02:12.584] [info] Frame 41 (t = 1.4):	 total squared error = 0.00896340, marker error: RMS = 0.02172, max = 0.0372734 (LShoulder)
[2024-10-09 18:02:12.622] [info] Frame 42 (t = 1.43333):	 total squared error = 0.00888244, marker error: RMS = 0.0216217, max = 0.0370821 (LShoulder)
[2024-10-09 18:02:12.667] [info] Frame 43 (t = 1.46667):	 total squared error = 0.00885911, marker error: RMS = 0.0215933, max = 0.0369428 (LShoulder)
[2024-10-09 18:02:12.718] [info] Frame 44 (t = 1.5):	 total squared error = 0.00886290, marker error: RMS = 0.0215979, max = 0.0371642 (LShoulder)
[2024-10-09 18:02:12.821] [info] Frame 45 (t = 1.53333):	 total squared error = 0.00887508, marker error: RMS = 0.0216127, max = 0.0370724 (LShoulder)
[2024-10-09 18:02:12.869] [info] Frame 46 (t = 1.56667):	 total squared error = 0.00890784, marker error: RMS = 0.0216526, max = 0.0373833 (LShoulder)
[2024-10-09 18:02:12.913] [info] Frame 47 (t = 1.6):	 total squared error = 0.00895253, marker error: RMS = 0.0217068, max = 0.0375050 (LShoulder)
[2024-10-09 18:02:12.984] [info] Frame 48 (t = 1.63333):	 total squared error = 0.00896670, marker error: RMS = 0.021724, max = 0.0375246 (LShoulder)
[2024-10-09 18:02:13.024] [info] Frame 49 (t = 1.66667):	 total squared error = 0.00896400, marker error: RMS = 0.0217207, max = 0.0375042 (LShoulder)
[2024-10-09 18:02:13.066] [info] Frame 50 (t = 1.7):	 total squared error = 0.00894772, marker error: RMS = 0.0217010, max = 0.0373964 (LShoulder)
[2024-10-09 18:02:13.177] [info] Frame 51 (t = 1.73333):	 total squared error = 0.00887597, marker error: RMS = 0.0216138, max = 0.0374512 (LShoulder)
[2024-10-09 18:02:13.267] [info] Frame 52 (t = 1.76667):	 total squared error = 0.00881325, marker error: RMS = 0.0215373, max = 0.0373286 (LShoulder)
[2024-10-09 18:02:13.322] [info] Frame 53 (t = 1.8):	 total squared error = 0.00877005, marker error: RMS = 0.0214844, max = 0.0372409 (LShoulder)
[2024-10-09 18:02:13.367] [info] Frame 54 (t = 1.83333):	 total squared error = 0.00878694, marker error: RMS = 0.0215051, max = 0.0371737 (LShoulder)
[2024-10-09 18:02:13.440] [info] Frame 55 (t = 1.86667):	 total squared error = 0.00889578, marker error: RMS = 0.0216379, max = 0.0373097 (LShoulder)
[2024-10-09 18:02:13.491] [info] Frame 56 (t = 1.9):	 total squared error = 0.00910724, marker error: RMS = 0.0218936, max = 0.0373745 (LShoulder)
[2024-10-09 18:02:13.558] [info] Frame 57 (t = 1.93333):	 total squared error = 0.00942993, marker error: RMS = 0.0222781, max = 0.0373637 (LShoulder)
[2024-10-09 18:02:13.606] [info] Frame 58 (t = 1.96667):	 total squared error = 0.00982042, marker error: RMS = 0.0227347, max = 0.037211 (LShoulder)
[2024-10-09 18:02:13.679] [info] Frame 59 (t = 2.0):	 total squared error = 0.0101791, marker error: RMS = 0.0231461, max = 0.0370657 (LShoulder)
[2024-10-09 18:02:13.734] [info] Frame 60 (t = 2.03333):	 total squared error = 0.0103910, marker error: RMS = 0.0233857, max = 0.0367479 (LShoulder)
[2024-10-09 18:02:13.782] [info] Frame 61 (t = 2.06667):	 total squared error = 0.0103984, marker error: RMS = 0.0233941, max = 0.0365468 (LShoulder)
[2024-10-09 18:02:13.817] [info] Frame 62 (t = 2.1):	 total squared error = 0.0102274, marker error: RMS = 0.0232010, max = 0.0365042 (LShoulder)
[2024-10-09 18:02:13.851] [info] Frame 63 (t = 2.13333):	 total squared error = 0.00997558, marker error: RMS = 0.0229135, max = 0.0365406 (LShoulder)
[2024-10-09 18:02:13.926] [info] Frame 64 (t = 2.16667):	 total squared error = 0.00972541, marker error: RMS = 0.0226244, max = 0.0364397 (LShoulder)
[2024-10-09 18:02:13.992] [info] Frame 65 (t = 2.2):	 total squared error = 0.00956596, marker error: RMS = 0.0224382, max = 0.0364618 (LShoulder)
[2024-10-09 18:02:14.037] [info] Frame 66 (t = 2.23333):	 total squared error = 0.00951100, marker error: RMS = 0.0223736, max = 0.0365717 (LShoulder)
[2024-10-09 18:02:14.094] [info] Frame 67 (t = 2.26667):	 total squared error = 0.00949826, marker error: RMS = 0.0223586, max = 0.0365976 (LShoulder)
[2024-10-09 18:02:14.147] [info] Frame 68 (t = 2.3):	 total squared error = 0.00946420, marker error: RMS = 0.0223185, max = 0.036777 (LShoulder)
[2024-10-09 18:02:14.192] [info] Frame 69 (t = 2.33333):	 total squared error = 0.00937935, marker error: RMS = 0.0222182, max = 0.0370685 (LShoulder)
[2024-10-09 18:02:14.241] [info] Frame 70 (t = 2.36667):	 total squared error = 0.00925422, marker error: RMS = 0.0220695, max = 0.0373072 (LShoulder)
[2024-10-09 18:02:14.275] [info] Frame 71 (t = 2.4):	 total squared error = 0.00909727, marker error: RMS = 0.0218816, max = 0.0374677 (LShoulder)
[2024-10-09 18:02:14.348] [info] Frame 72 (t = 2.43333):	 total squared error = 0.00889813, marker error: RMS = 0.0216408, max = 0.0372515 (LShoulder)
[2024-10-09 18:02:14.397] [info] Frame 73 (t = 2.46667):	 total squared error = 0.00875635, marker error: RMS = 0.0214677, max = 0.0371931 (LShoulder)
[2024-10-09 18:02:14.457] [info] Frame 74 (t = 2.5):	 total squared error = 0.00867854, marker error: RMS = 0.0213721, max = 0.0369666 (LShoulder)
[2024-10-09 18:02:14.492] [info] Frame 75 (t = 2.53333):	 total squared error = 0.00867592, marker error: RMS = 0.0213688, max = 0.0367488 (LShoulder)
[2024-10-09 18:02:14.567] [info] Frame 76 (t = 2.56667):	 total squared error = 0.00873072, marker error: RMS = 0.0214362, max = 0.0365254 (LShoulder)
[2024-10-09 18:02:14.623] [info] Frame 77 (t = 2.6):	 total squared error = 0.00884884, marker error: RMS = 0.0215807, max = 0.0363274 (LShoulder)
[2024-10-09 18:02:14.696] [info] Frame 78 (t = 2.63333):	 total squared error = 0.00899666, marker error: RMS = 0.0217603, max = 0.036229 (LShoulder)
[2024-10-09 18:02:14.771] [info] Frame 79 (t = 2.66667):	 total squared error = 0.00911336, marker error: RMS = 0.0219009, max = 0.0362273 (LShoulder)
[2024-10-09 18:02:14.846] [info] Frame 80 (t = 2.7):	 total squared error = 0.00915635, marker error: RMS = 0.0219525, max = 0.0361137 (LShoulder)
[2024-10-09 18:02:14.918] [info] Frame 81 (t = 2.73333):	 total squared error = 0.00912092, marker error: RMS = 0.02191, max = 0.0361248 (LShoulder)
[2024-10-09 18:02:14.960] [info] Frame 82 (t = 2.76667):	 total squared error = 0.00901039, marker error: RMS = 0.0217769, max = 0.0360892 (LShoulder)
[2024-10-09 18:02:15.011] [info] Frame 83 (t = 2.8):	 total squared error = 0.00885662, marker error: RMS = 0.0215902, max = 0.0359564 (LShoulder)
[2024-10-09 18:02:15.047] [info] Frame 84 (t = 2.83333):	 total squared error = 0.00871071, marker error: RMS = 0.0214116, max = 0.0359293 (LShoulder)
[2024-10-09 18:02:15.086] [info] Frame 85 (t = 2.86667):	 total squared error = 0.00865943, marker error: RMS = 0.0213485, max = 0.0360920 (LShoulder)
[2024-10-09 18:02:15.139] [info] Frame 86 (t = 2.9):	 total squared error = 0.00871685, marker error: RMS = 0.0214192, max = 0.0361323 (LShoulder)
[2024-10-09 18:02:15.168] [info] Frame 87 (t = 2.93333):	 total squared error = 0.00893778, marker error: RMS = 0.0216889, max = 0.0374442 (LShoulder)
[2024-10-09 18:02:15.214] [info] Frame 88 (t = 2.96667):	 total squared error = 0.00931775, marker error: RMS = 0.0221452, max = 0.0397388 (LShoulder)
[2024-10-09 18:02:15.249] [info] Frame 89 (t = 3.0):	 total squared error = 0.00986053, marker error: RMS = 0.022781, max = 0.0427424 (LShoulder)
[2024-10-09 18:02:15.289] [info] Frame 90 (t = 3.03333):	 total squared error = 0.0104693, marker error: RMS = 0.0234737, max = 0.0455612 (LShoulder)
[2024-10-09 18:02:15.389] [info] Frame 91 (t = 3.06667):	 total squared error = 0.0108668, marker error: RMS = 0.0239152, max = 0.0469203 (LShoulder)
[2024-10-09 18:02:15.458] [info] Frame 92 (t = 3.1):	 total squared error = 0.0109500, marker error: RMS = 0.0240066, max = 0.0467966 (LShoulder)
[2024-10-09 18:02:15.516] [info] Frame 93 (t = 3.13333):	 total squared error = 0.0107146, marker error: RMS = 0.0237471, max = 0.0453517 (LShoulder)
[2024-10-09 18:02:15.567] [info] Frame 94 (t = 3.16667):	 total squared error = 0.0102855, marker error: RMS = 0.0232668, max = 0.0429462 (LShoulder)
[2024-10-09 18:02:15.623] [info] Frame 95 (t = 3.2):	 total squared error = 0.00976074, marker error: RMS = 0.0226655, max = 0.0401722 (LShoulder)
[2024-10-09 18:02:15.653] [info] Frame 96 (t = 3.23333):	 total squared error = 0.00921735, marker error: RMS = 0.0220255, max = 0.0374244 (LShoulder)
[2024-10-09 18:02:15.710] [info] Frame 97 (t = 3.26667):	 total squared error = 0.00873000, marker error: RMS = 0.0214353, max = 0.0354687 (LShoulder)
[2024-10-09 18:02:15.795] [info] Frame 98 (t = 3.3):	 total squared error = 0.00838866, marker error: RMS = 0.0210121, max = 0.0341883 (LShoulder)
[2024-10-09 18:02:15.840] [info] Frame 99 (t = 3.33333):	 total squared error = 0.00825478, marker error: RMS = 0.0208438, max = 0.0340116 (LShoulder)
[2024-10-09 18:02:15.889] [info] Frame 100 (t = 3.36667):	 total squared error = 0.00831811, marker error: RMS = 0.0209236, max = 0.0346639 (LShoulder)
[2024-10-09 18:02:15.942] [info] Frame 101 (t = 3.4):	 total squared error = 0.00848930, marker error: RMS = 0.0211378, max = 0.0355049 (LShoulder)
[2024-10-09 18:02:16.002] [info] Frame 102 (t = 3.43333):	 total squared error = 0.00864342, marker error: RMS = 0.0213288, max = 0.0364111 (LShoulder)
[2024-10-09 18:02:16.050] [info] Frame 103 (t = 3.46667):	 total squared error = 0.00873024, marker error: RMS = 0.0214356, max = 0.0371087 (LShoulder)
[2024-10-09 18:02:16.103] [info] Frame 104 (t = 3.5):	 total squared error = 0.00881526, marker error: RMS = 0.0215398, max = 0.0378058 (LShoulder)
[2024-10-09 18:02:16.178] [info] Frame 105 (t = 3.53333):	 total squared error = 0.00895029, marker error: RMS = 0.0217041, max = 0.0384101 (LShoulder)
[2024-10-09 18:02:16.218] [info] Frame 106 (t = 3.56667):	 total squared error = 0.00911000, marker error: RMS = 0.0218969, max = 0.039166 (LShoulder)
[2024-10-09 18:02:16.281] [info] Frame 107 (t = 3.6):	 total squared error = 0.00915387, marker error: RMS = 0.0219495, max = 0.0387437 (LShoulder)
[2024-10-09 18:02:16.321] [info] Frame 108 (t = 3.63333):	 total squared error = 0.00907038, marker error: RMS = 0.0218492, max = 0.038149 (LShoulder)
[2024-10-09 18:02:16.353] [info] Frame 109 (t = 3.66667):	 total squared error = 0.00895655, marker error: RMS = 0.0217117, max = 0.0374182 (LShoulder)
[2024-10-09 18:02:16.448] [info] Frame 110 (t = 3.7):	 total squared error = 0.00883314, marker error: RMS = 0.0215616, max = 0.036781 (LShoulder)
[2024-10-09 18:02:16.524] [info] Frame 111 (t = 3.73333):	 total squared error = 0.00882721, marker error: RMS = 0.0215544, max = 0.0363584 (LShoulder)
[2024-10-09 18:02:16.572] [info] Frame 112 (t = 3.76667):	 total squared error = 0.00890172, marker error: RMS = 0.0216451, max = 0.0360507 (LShoulder)
[2024-10-09 18:02:16.655] [info] Frame 113 (t = 3.8):	 total squared error = 0.00898113, marker error: RMS = 0.0217415, max = 0.0358098 (LShoulder)
[2024-10-09 18:02:16.708] [info] Frame 114 (t = 3.83333):	 total squared error = 0.00903470, marker error: RMS = 0.0218062, max = 0.0356972 (LShoulder)
[2024-10-09 18:02:16.748] [info] Frame 115 (t = 3.86667):	 total squared error = 0.00906922, marker error: RMS = 0.0218478, max = 0.0357558 (LShoulder)
[2024-10-09 18:02:16.787] [info] Frame 116 (t = 3.9):	 total squared error = 0.00909939, marker error: RMS = 0.0218841, max = 0.0358772 (LShoulder)
[2024-10-09 18:02:16.829] [info] Frame 117 (t = 3.93333):	 total squared error = 0.00911124, marker error: RMS = 0.0218984, max = 0.0357127 (LShoulder)
[2024-10-09 18:02:16.900] [info] Frame 118 (t = 3.96667):	 total squared error = 0.00906196, marker error: RMS = 0.0218391, max = 0.0353472 (LShoulder)
[2024-10-09 18:02:16.979] [info] Frame 119 (t = 4.0):	 total squared error = 0.00895732, marker error: RMS = 0.0217126, max = 0.0346471 (LShoulder)
[2024-10-09 18:02:17.044] [info] Frame 120 (t = 4.03333):	 total squared error = 0.00885578, marker error: RMS = 0.0215892, max = 0.0334646 (LShoulder)
[2024-10-09 18:02:17.078] [info] Frame 121 (t = 4.06667):	 total squared error = 0.00881904, marker error: RMS = 0.0215444, max = 0.031946 (LShoulder)
[2024-10-09 18:02:17.143] [info] Frame 122 (t = 4.1):	 total squared error = 0.00881582, marker error: RMS = 0.0215404, max = 0.0312324 (LShoulder)
[2024-10-09 18:02:17.224] [info] Frame 123 (t = 4.13333):	 total squared error = 0.00881321, marker error: RMS = 0.0215372, max = 0.0314878 (LShoulder)
[2024-10-09 18:02:17.267] [info] Frame 124 (t = 4.16667):	 total squared error = 0.00880712, marker error: RMS = 0.0215298, max = 0.0328959 (LShoulder)
[2024-10-09 18:02:17.321] [info] Frame 125 (t = 4.2):	 total squared error = 0.00885769, marker error: RMS = 0.0215915, max = 0.0345314 (LShoulder)
[2024-10-09 18:02:17.358] [info] Frame 126 (t = 4.23333):	 total squared error = 0.00894956, marker error: RMS = 0.0217032, max = 0.0359071 (LShoulder)
[2024-10-09 18:02:17.426] [info] Frame 127 (t = 4.26667):	 total squared error = 0.00904706, marker error: RMS = 0.0218211, max = 0.0368651 (LShoulder)
[2024-10-09 18:02:17.505] [info] Frame 128 (t = 4.3):	 total squared error = 0.00914629, marker error: RMS = 0.0219405, max = 0.0371925 (LShoulder)
[2024-10-09 18:02:17.557] [info] Frame 129 (t = 4.33333):	 total squared error = 0.00926177, marker error: RMS = 0.0220785, max = 0.0370128 (LShoulder)
[2024-10-09 18:02:17.643] [info] Frame 130 (t = 4.36667):	 total squared error = 0.00938503, marker error: RMS = 0.022225, max = 0.0364659 (LShoulder)
[2024-10-09 18:02:17.695] [info] Frame 131 (t = 4.4):	 total squared error = 0.00948555, marker error: RMS = 0.0223437, max = 0.0356394 (LShoulder)
[2024-10-09 18:02:17.778] [info] Frame 132 (t = 4.43333):	 total squared error = 0.00947748, marker error: RMS = 0.0223342, max = 0.0345983 (LShoulder)
[2024-10-09 18:02:17.844] [info] Frame 133 (t = 4.46667):	 total squared error = 0.00932928, marker error: RMS = 0.0221588, max = 0.0337238 (LShoulder)
[2024-10-09 18:02:17.919] [info] Frame 134 (t = 4.5):	 total squared error = 0.00911499, marker error: RMS = 0.0219029, max = 0.0333926 (LShoulder)
[2024-10-09 18:02:17.970] [info] Frame 135 (t = 4.53333):	 total squared error = 0.00895269, marker error: RMS = 0.0217070, max = 0.0338449 (LShoulder)
[2024-10-09 18:02:18.018] [info] Frame 136 (t = 4.56667):	 total squared error = 0.00894461, marker error: RMS = 0.0216972, max = 0.0347913 (LShoulder)
[2024-10-09 18:02:18.064] [info] Frame 137 (t = 4.6):	 total squared error = 0.00913164, marker error: RMS = 0.0219229, max = 0.0355348 (LShoulder)
[2024-10-09 18:02:18.139] [info] Frame 138 (t = 4.63333):	 total squared error = 0.00947109, marker error: RMS = 0.0223266, max = 0.0364027 (LShoulder)
[2024-10-09 18:02:18.204] [info] Frame 139 (t = 4.66667):	 total squared error = 0.00986334, marker error: RMS = 0.0227843, max = 0.0367828 (LShoulder)
[2024-10-09 18:02:18.286] [info] Frame 140 (t = 4.7):	 total squared error = 0.0101699, marker error: RMS = 0.0231357, max = 0.0369228 (LShoulder)
[2024-10-09 18:02:18.346] [info] Frame 141 (t = 4.73333):	 total squared error = 0.0103273, marker error: RMS = 0.023314, max = 0.0368865 (LShoulder)
[2024-10-09 18:02:18.389] [info] Frame 142 (t = 4.76667):	 total squared error = 0.0103587, marker error: RMS = 0.0233494, max = 0.0367933 (LShoulder)
[2024-10-09 18:02:18.443] [info] Frame 143 (t = 4.8):	 total squared error = 0.0102867, marker error: RMS = 0.0232682, max = 0.0363359 (LShoulder)
[2024-10-09 18:02:18.522] [info] Frame 144 (t = 4.83333):	 total squared error = 0.0101623, marker error: RMS = 0.023127, max = 0.0362226 (LShoulder)
[2024-10-09 18:02:18.605] [info] Frame 145 (t = 4.86667):	 total squared error = 0.0100132, marker error: RMS = 0.0229567, max = 0.0363050 (LShoulder)
[2024-10-09 18:02:18.661] [info] Frame 146 (t = 4.9):	 total squared error = 0.00987907, marker error: RMS = 0.0228024, max = 0.0365367 (LShoulder)
[2024-10-09 18:02:18.692] [info] Frame 147 (t = 4.93333):	 total squared error = 0.00984428, marker error: RMS = 0.0227623, max = 0.0366052 (LShoulder)
[2024-10-09 18:02:18.725] [info] Frame 148 (t = 4.96667):	 total squared error = 0.00995115, marker error: RMS = 0.0228855, max = 0.0365296 (LShoulder)
[2024-10-09 18:02:18.790] [info] Frame 149 (t = 5.0):	 total squared error = 0.0101240, marker error: RMS = 0.0230834, max = 0.0367587 (LShoulder)
[2024-10-09 18:02:18.860] [info] Frame 150 (t = 5.03333):	 total squared error = 0.0102502, marker error: RMS = 0.0232268, max = 0.0367291 (LShoulder)
[2024-10-09 18:02:18.913] [info] Frame 151 (t = 5.06667):	 total squared error = 0.0102319, marker error: RMS = 0.0232061, max = 0.0366882 (LShoulder)
[2024-10-09 18:02:18.965] [info] Frame 152 (t = 5.1):	 total squared error = 0.0101093, marker error: RMS = 0.0230666, max = 0.0366544 (LShoulder)
[2024-10-09 18:02:19.011] [info] Frame 153 (t = 5.13333):	 total squared error = 0.00995749, marker error: RMS = 0.0228928, max = 0.0366431 (LShoulder)
[2024-10-09 18:02:19.086] [info] Frame 154 (t = 5.16667):	 total squared error = 0.00981141, marker error: RMS = 0.0227242, max = 0.0363887 (LShoulder)
[2024-10-09 18:02:19.167] [info] Frame 155 (t = 5.2):	 total squared error = 0.00973089, marker error: RMS = 0.0226308, max = 0.0363286 (LShoulder)
[2024-10-09 18:02:19.246] [info] Frame 156 (t = 5.23333):	 total squared error = 0.00974883, marker error: RMS = 0.0226516, max = 0.0362706 (LShoulder)
[2024-10-09 18:02:19.344] [info] Frame 157 (t = 5.26667):	 total squared error = 0.00983979, marker error: RMS = 0.0227571, max = 0.0361945 (LShoulder)
[2024-10-09 18:02:19.383] [info] Frame 158 (t = 5.3):	 total squared error = 0.00997266, marker error: RMS = 0.0229102, max = 0.0365428 (LShoulder)
[2024-10-09 18:02:19.468] [info] Frame 159 (t = 5.33333):	 total squared error = 0.0100666, marker error: RMS = 0.0230178, max = 0.036347 (LShoulder)
[2024-10-09 18:02:19.533] [info] Frame 160 (t = 5.36667):	 total squared error = 0.0101316, marker error: RMS = 0.0230920, max = 0.0364072 (LShoulder)
[2024-10-09 18:02:19.617] [info] Frame 161 (t = 5.4):	 total squared error = 0.0101530, marker error: RMS = 0.0231164, max = 0.0364335 (LShoulder)
[2024-10-09 18:02:19.662] [info] Frame 162 (t = 5.43333):	 total squared error = 0.0101583, marker error: RMS = 0.0231224, max = 0.0364741 (LShoulder)
[2024-10-09 18:02:19.719] [info] Frame 163 (t = 5.46667):	 total squared error = 0.0101597, marker error: RMS = 0.023124, max = 0.0363217 (LShoulder)
[2024-10-09 18:02:19.754] [info] Frame 164 (t = 5.5):	 total squared error = 0.0101320, marker error: RMS = 0.0230925, max = 0.0359389 (LShoulder)
[2024-10-09 18:02:19.783] [info] Frame 165 (t = 5.53333):	 total squared error = 0.0100479, marker error: RMS = 0.0229964, max = 0.0356555 (LShoulder)
[2024-10-09 18:02:19.855] [info] Frame 166 (t = 5.56667):	 total squared error = 0.00986758, marker error: RMS = 0.0227892, max = 0.0360924 (LShoulder)
[2024-10-09 18:02:19.943] [info] Frame 167 (t = 5.6):	 total squared error = 0.00965734, marker error: RMS = 0.0225451, max = 0.0362074 (LShoulder)
[2024-10-09 18:02:20.059] [info] Frame 168 (t = 5.63333):	 total squared error = 0.00942278, marker error: RMS = 0.0222696, max = 0.0364361 (LShoulder)
[2024-10-09 18:02:20.115] [info] Frame 169 (t = 5.66667):	 total squared error = 0.00922071, marker error: RMS = 0.0220295, max = 0.0366043 (LShoulder)
[2024-10-09 18:02:20.202] [info] Frame 170 (t = 5.7):	 total squared error = 0.00910487, marker error: RMS = 0.0218907, max = 0.0368694 (LShoulder)
[2024-10-09 18:02:20.258] [info] Frame 171 (t = 5.73333):	 total squared error = 0.00910289, marker error: RMS = 0.0218883, max = 0.0368772 (LShoulder)
[2024-10-09 18:02:20.298] [info] Frame 172 (t = 5.76667):	 total squared error = 0.00916268, marker error: RMS = 0.0219601, max = 0.0368752 (LShoulder)
[2024-10-09 18:02:20.358] [info] Frame 173 (t = 5.8):	 total squared error = 0.00923594, marker error: RMS = 0.0220477, max = 0.0369141 (LShoulder)
[2024-10-09 18:02:20.433] [info] Frame 174 (t = 5.83333):	 total squared error = 0.00926700, marker error: RMS = 0.0220848, max = 0.0368405 (LShoulder)
[2024-10-09 18:02:20.486] [info] Frame 175 (t = 5.86667):	 total squared error = 0.00928669, marker error: RMS = 0.0221082, max = 0.036821 (LShoulder)
[2024-10-09 18:02:20.540] [info] Frame 176 (t = 5.9):	 total squared error = 0.00931722, marker error: RMS = 0.0221445, max = 0.0367884 (LShoulder)
[2024-10-09 18:02:20.618] [info] Frame 177 (t = 5.93333):	 total squared error = 0.00936629, marker error: RMS = 0.0222028, max = 0.0366331 (LShoulder)
[2024-10-09 18:02:20.675] [info] Frame 178 (t = 5.96667):	 total squared error = 0.00944830, marker error: RMS = 0.0222998, max = 0.0366368 (LShoulder)
[2024-10-09 18:02:20.766] [info] Frame 179 (t = 6.0):	 total squared error = 0.00953830, marker error: RMS = 0.0224057, max = 0.0367417 (LShoulder)
[2024-10-09 18:02:20.837] [info] Frame 180 (t = 6.03333):	 total squared error = 0.00962259, marker error: RMS = 0.0225045, max = 0.0368405 (LShoulder)
[2024-10-09 18:02:20.908] [info] Frame 181 (t = 6.06667):	 total squared error = 0.00968138, marker error: RMS = 0.0225731, max = 0.0368387 (LShoulder)
[2024-10-09 18:02:20.975] [info] Frame 182 (t = 6.1):	 total squared error = 0.00972139, marker error: RMS = 0.0226197, max = 0.0366932 (LShoulder)
[2024-10-09 18:02:21.021] [info] Frame 183 (t = 6.13333):	 total squared error = 0.00975378, marker error: RMS = 0.0226574, max = 0.0363795 (LShoulder)
[2024-10-09 18:02:21.097] [info] Frame 184 (t = 6.16667):	 total squared error = 0.00975803, marker error: RMS = 0.0226623, max = 0.0362989 (LShoulder)
[2024-10-09 18:02:21.143] [info] Frame 185 (t = 6.2):	 total squared error = 0.00971918, marker error: RMS = 0.0226172, max = 0.0362904 (LShoulder)
[2024-10-09 18:02:21.178] [info] Frame 186 (t = 6.23333):	 total squared error = 0.00969978, marker error: RMS = 0.0225946, max = 0.0363422 (LShoulder)
[2024-10-09 18:02:21.258] [info] Frame 187 (t = 6.26667):	 total squared error = 0.00968727, marker error: RMS = 0.02258, max = 0.0364060 (LShoulder)
[2024-10-09 18:02:21.336] [info] Frame 188 (t = 6.3):	 total squared error = 0.00974038, marker error: RMS = 0.0226418, max = 0.0365483 (LShoulder)
[2024-10-09 18:02:21.427] [info] Frame 189 (t = 6.33333):	 total squared error = 0.00979822, marker error: RMS = 0.0227089, max = 0.0368447 (LShoulder)
[2024-10-09 18:02:21.501] [info] Frame 190 (t = 6.36667):	 total squared error = 0.00979977, marker error: RMS = 0.0227107, max = 0.0370425 (LShoulder)
[2024-10-09 18:02:21.548] [info] Frame 191 (t = 6.4):	 total squared error = 0.00972038, marker error: RMS = 0.0226185, max = 0.0373636 (LShoulder)
[2024-10-09 18:02:21.627] [info] Frame 192 (t = 6.43333):	 total squared error = 0.00958009, marker error: RMS = 0.0224547, max = 0.0372445 (LShoulder)
[2024-10-09 18:02:21.672] [info] Frame 193 (t = 6.46667):	 total squared error = 0.00946483, marker error: RMS = 0.0223193, max = 0.0376066 (LShoulder)
[2024-10-09 18:02:21.744] [info] Frame 194 (t = 6.5):	 total squared error = 0.00940304, marker error: RMS = 0.0222463, max = 0.0374614 (LShoulder)
[2024-10-09 18:02:21.773] [info] Frame 195 (t = 6.53333):	 total squared error = 0.00946219, marker error: RMS = 0.0223161, max = 0.0377854 (LShoulder)
[2024-10-09 18:02:21.817] [info] Frame 196 (t = 6.56667):	 total squared error = 0.00958265, marker error: RMS = 0.0224577, max = 0.0380664 (LShoulder)
[2024-10-09 18:02:21.844] [info] Frame 197 (t = 6.6):	 total squared error = 0.00963935, marker error: RMS = 0.0225241, max = 0.0384773 (LShoulder)
[2024-10-09 18:02:21.857] [info] Frame 198 (t = 6.63333):	 total squared error = 0.00958574, marker error: RMS = 0.0224614, max = 0.0389036 (LShoulder)
[2024-10-09 18:02:21.928] [info] Frame 199 (t = 6.66667):	 total squared error = 0.00953848, marker error: RMS = 0.0224059, max = 0.0390574 (LShoulder)
[2024-10-09 18:02:22.003] [info] Frame 200 (t = 6.7):	 total squared error = 0.00957954, marker error: RMS = 0.0224541, max = 0.0389526 (LShoulder)
[2024-10-09 18:02:22.053] [info] Frame 201 (t = 6.73333):	 total squared error = 0.00968981, marker error: RMS = 0.022583, max = 0.0386938 (LShoulder)
[2024-10-09 18:02:22.063] [info] Frame 202 (t = 6.76667):	 total squared error = 0.00977585, marker error: RMS = 0.022683, max = 0.0381538 (LShoulder)
[2024-10-09 18:02:22.083] [info] Frame 203 (t = 6.8):	 total squared error = 0.00977176, marker error: RMS = 0.0226782, max = 0.0374718 (LShoulder)
[2024-10-09 18:02:22.131] [info] Frame 204 (t = 6.83333):	 total squared error = 0.00963947, marker error: RMS = 0.0225242, max = 0.0365592 (LShoulder)
[2024-10-09 18:02:22.200] [info] Frame 205 (t = 6.86667):	 total squared error = 0.00945485, marker error: RMS = 0.0223075, max = 0.0355724 (LShoulder)
[2024-10-09 18:02:22.259] [info] Frame 206 (t = 6.9):	 total squared error = 0.00932949, marker error: RMS = 0.0221591, max = 0.0349506 (LShoulder)
[2024-10-09 18:02:22.335] [info] Frame 207 (t = 6.93333):	 total squared error = 0.00932422, marker error: RMS = 0.0221528, max = 0.0347598 (LShoulder)
[2024-10-09 18:02:22.375] [info] Frame 208 (t = 6.96667):	 total squared error = 0.00937946, marker error: RMS = 0.0222184, max = 0.0351275 (LShoulder)
[2024-10-09 18:02:22.424] [info] Frame 209 (t = 7.0):	 total squared error = 0.00940230, marker error: RMS = 0.0222454, max = 0.0355259 (LShoulder)
[2024-10-09 18:02:22.493] [info] Frame 210 (t = 7.03333):	 total squared error = 0.00933928, marker error: RMS = 0.0221707, max = 0.0349356 (LShoulder)
[2024-10-09 18:02:22.538] [info] Frame 211 (t = 7.06667):	 total squared error = 0.00920076, marker error: RMS = 0.0220057, max = 0.0342 (LShoulder)
[2024-10-09 18:02:22.580] [info] Frame 212 (t = 7.1):	 total squared error = 0.00896445, marker error: RMS = 0.0217213, max = 0.0330583 (LShoulder)
[2024-10-09 18:02:22.600] [info] Frame 213 (t = 7.13333):	 total squared error = 0.00870975, marker error: RMS = 0.0214105, max = 0.0318915 (LShoulder)
[2024-10-09 18:02:22.636] [info] Frame 214 (t = 7.16667):	 total squared error = 0.00851201, marker error: RMS = 0.021166, max = 0.0316306 (LShoulder)
[2024-10-09 18:02:22.684] [info] Frame 215 (t = 7.2):	 total squared error = 0.00841843, marker error: RMS = 0.0210494, max = 0.0324455 (LShoulder)
[2024-10-09 18:02:22.712] [info] Frame 216 (t = 7.23333):	 total squared error = 0.00850300, marker error: RMS = 0.0211548, max = 0.0337585 (LShoulder)
[2024-10-09 18:02:22.729] [info] Frame 217 (t = 7.26667):	 total squared error = 0.00875126, marker error: RMS = 0.0214614, max = 0.0352012 (LShoulder)
[2024-10-09 18:02:22.786] [info] Frame 218 (t = 7.3):	 total squared error = 0.00902493, marker error: RMS = 0.0217944, max = 0.0368413 (LShoulder)
[2024-10-09 18:02:22.827] [info] Frame 219 (t = 7.33333):	 total squared error = 0.00923098, marker error: RMS = 0.0220418, max = 0.037625 (LShoulder)
[2024-10-09 18:02:22.846] [info] Frame 220 (t = 7.36667):	 total squared error = 0.00933953, marker error: RMS = 0.022171, max = 0.0379648 (LShoulder)
[2024-10-09 18:02:22.867] [info] Frame 221 (t = 7.4):	 total squared error = 0.00935671, marker error: RMS = 0.0221914, max = 0.0381381 (LShoulder)
[2024-10-09 18:02:22.932] [info] Frame 222 (t = 7.43333):	 total squared error = 0.00932094, marker error: RMS = 0.0221489, max = 0.0380289 (LShoulder)
[2024-10-09 18:02:22.994] [info] Frame 223 (t = 7.46667):	 total squared error = 0.00926794, marker error: RMS = 0.0220859, max = 0.038178 (LShoulder)
[2024-10-09 18:02:23.061] [info] Frame 224 (t = 7.5):	 total squared error = 0.00921472, marker error: RMS = 0.0220224, max = 0.0383451 (LShoulder)
[2024-10-09 18:02:23.082] [info] Frame 225 (t = 7.53333):	 total squared error = 0.00921619, marker error: RMS = 0.0220241, max = 0.0383846 (LShoulder)
[2024-10-09 18:02:23.126] [info] Frame 226 (t = 7.56667):	 total squared error = 0.00926319, marker error: RMS = 0.0220802, max = 0.0381030 (LShoulder)
[2024-10-09 18:02:23.171] [info] Frame 227 (t = 7.6):	 total squared error = 0.00934326, marker error: RMS = 0.0221754, max = 0.0372334 (LShoulder)
[2024-10-09 18:02:23.196] [info] Frame 228 (t = 7.63333):	 total squared error = 0.00940379, marker error: RMS = 0.0222472, max = 0.0352732 (LShoulder)
[2024-10-09 18:02:23.277] [info] Frame 229 (t = 7.66667):	 total squared error = 0.00936959, marker error: RMS = 0.0222067, max = 0.0330544 (LShoulder)
[2024-10-09 18:02:23.308] [info] Frame 230 (t = 7.7):	 total squared error = 0.00936136, marker error: RMS = 0.0221969, max = 0.0326562 (Neck)
[2024-10-09 18:02:23.370] [info] Frame 231 (t = 7.73333):	 total squared error = 0.00935760, marker error: RMS = 0.0221925, max = 0.0328345 (Neck)
[2024-10-09 18:02:23.387] [info] Frame 232 (t = 7.76667):	 total squared error = 0.00936515, marker error: RMS = 0.0222014, max = 0.0320192 (Neck)
[2024-10-09 18:02:23.422] [info] Frame 233 (t = 7.8):	 total squared error = 0.00942870, marker error: RMS = 0.0222766, max = 0.0307657 (Neck)
[2024-10-09 18:02:23.440] [info] Frame 234 (t = 7.83333):	 total squared error = 0.00959282, marker error: RMS = 0.0224697, max = 0.0321254 (LShoulder)
[2024-10-09 18:02:23.491] [info] Frame 235 (t = 7.86667):	 total squared error = 0.00976070, marker error: RMS = 0.0226654, max = 0.0340644 (LShoulder)
[2024-10-09 18:02:23.508] [info] Frame 236 (t = 7.9):	 total squared error = 0.00996329, marker error: RMS = 0.0228994, max = 0.0358609 (LShoulder)
[2024-10-09 18:02:23.562] [info] Frame 237 (t = 7.93333):	 total squared error = 0.00997231, marker error: RMS = 0.0229098, max = 0.0367446 (LShoulder)
[2024-10-09 18:02:23.608] [info] Frame 238 (t = 7.96667):	 total squared error = 0.00983364, marker error: RMS = 0.0227499, max = 0.036978 (LShoulder)
[2024-10-09 18:02:23.686] [info] Frame 239 (t = 8.0):	 total squared error = 0.00950706, marker error: RMS = 0.022369, max = 0.0359255 (LShoulder)
[2024-10-09 18:02:23.708] [info] Frame 240 (t = 8.03333):	 total squared error = 0.00911571, marker error: RMS = 0.0219037, max = 0.034142 (LShoulder)
[2024-10-09 18:02:23.772] [info] Frame 241 (t = 8.06667):	 total squared error = 0.00884342, marker error: RMS = 0.0215741, max = 0.0317133 (LShoulder)
[2024-10-09 18:02:23.808] [info] Frame 242 (t = 8.1):	 total squared error = 0.00879824, marker error: RMS = 0.021519, max = 0.0297203 (Neck)
[2024-10-09 18:02:23.878] [info] Frame 243 (t = 8.13333):	 total squared error = 0.00891867, marker error: RMS = 0.0216657, max = 0.0297773 (Neck)
[2024-10-09 18:02:23.951] [info] Frame 244 (t = 8.16667):	 total squared error = 0.00911715, marker error: RMS = 0.0219055, max = 0.0293059 (LElbow)
[2024-10-09 18:02:23.968] [info] Frame 245 (t = 8.2):	 total squared error = 0.00939291, marker error: RMS = 0.0222343, max = 0.0308686 (LShoulder)
[2024-10-09 18:02:24.024] [info] Frame 246 (t = 8.23333):	 total squared error = 0.00968444, marker error: RMS = 0.0225767, max = 0.0334716 (LShoulder)
[2024-10-09 18:02:24.048] [info] Frame 247 (t = 8.26667):	 total squared error = 0.0100133, marker error: RMS = 0.0229568, max = 0.0353008 (LShoulder)
[2024-10-09 18:02:24.100] [info] Frame 248 (t = 8.3):	 total squared error = 0.0102618, marker error: RMS = 0.0232399, max = 0.0365986 (LShoulder)
[2024-10-09 18:02:24.173] [info] Frame 249 (t = 8.33333):	 total squared error = 0.0103697, marker error: RMS = 0.0233618, max = 0.0373167 (LShoulder)
[2024-10-09 18:02:24.240] [info] Frame 250 (t = 8.36667):	 total squared error = 0.0103544, marker error: RMS = 0.0233445, max = 0.0375563 (LShoulder)
[2024-10-09 18:02:24.290] [info] Frame 251 (t = 8.4):	 total squared error = 0.0102188, marker error: RMS = 0.0231912, max = 0.0374191 (LShoulder)
[2024-10-09 18:02:24.344] [info] Frame 252 (t = 8.43333):	 total squared error = 0.0100193, marker error: RMS = 0.0229637, max = 0.0372844 (LShoulder)
[2024-10-09 18:02:24.386] [info] Frame 253 (t = 8.46667):	 total squared error = 0.00984164, marker error: RMS = 0.0227592, max = 0.0372655 (LShoulder)
[2024-10-09 18:02:24.465] [info] Frame 254 (t = 8.5):	 total squared error = 0.00972934, marker error: RMS = 0.022629, max = 0.0371521 (LShoulder)
[2024-10-09 18:02:24.518] [info] Frame 255 (t = 8.53333):	 total squared error = 0.00969716, marker error: RMS = 0.0225915, max = 0.0372894 (LShoulder)
[2024-10-09 18:02:24.593] [info] Frame 256 (t = 8.56667):	 total squared error = 0.00966716, marker error: RMS = 0.0225565, max = 0.0372362 (LShoulder)
[2024-10-09 18:02:24.647] [info] Frame 257 (t = 8.6):	 total squared error = 0.00962724, marker error: RMS = 0.0225099, max = 0.0374366 (LShoulder)
[2024-10-09 18:02:24.697] [info] Frame 258 (t = 8.63333):	 total squared error = 0.00960823, marker error: RMS = 0.0224877, max = 0.0376283 (LShoulder)
[2024-10-09 18:02:24.746] [info] Frame 259 (t = 8.66667):	 total squared error = 0.00966052, marker error: RMS = 0.0225488, max = 0.0379264 (LShoulder)
[2024-10-09 18:02:24.805] [info] Frame 260 (t = 8.7):	 total squared error = 0.00974627, marker error: RMS = 0.0226487, max = 0.0380956 (LShoulder)
[2024-10-09 18:02:24.845] [info] Frame 261 (t = 8.73333):	 total squared error = 0.00981300, marker error: RMS = 0.0227261, max = 0.0382301 (LShoulder)
[2024-10-09 18:02:24.900] [info] Frame 262 (t = 8.76667):	 total squared error = 0.00984823, marker error: RMS = 0.0227668, max = 0.0379965 (LShoulder)
[2024-10-09 18:02:24.959] [info] Frame 263 (t = 8.8):	 total squared error = 0.00983301, marker error: RMS = 0.0227492, max = 0.0374995 (LShoulder)
[2024-10-09 18:02:24.978] [info] Frame 264 (t = 8.83333):	 total squared error = 0.00973522, marker error: RMS = 0.0226358, max = 0.0367272 (LShoulder)
[2024-10-09 18:02:25.009] [info] Frame 265 (t = 8.86667):	 total squared error = 0.00956438, marker error: RMS = 0.0224363, max = 0.0352675 (LShoulder)
[2024-10-09 18:02:25.036] [info] Frame 266 (t = 8.9):	 total squared error = 0.00937441, marker error: RMS = 0.0222124, max = 0.0336856 (LShoulder)
[2024-10-09 18:02:25.113] [info] Frame 267 (t = 8.93333):	 total squared error = 0.00928955, marker error: RMS = 0.0221116, max = 0.0320572 (LShoulder)
[2024-10-09 18:02:25.165] [info] Frame 268 (t = 8.96667):	 total squared error = 0.00939293, marker error: RMS = 0.0222343, max = 0.0311329 (LShoulder)
[2024-10-09 18:02:25.236] [info] Frame 269 (t = 9.0):	 total squared error = 0.00965481, marker error: RMS = 0.0225421, max = 0.0310300 (LShoulder)
[2024-10-09 18:02:25.308] [info] Frame 270 (t = 9.03333):	 total squared error = 0.00999659, marker error: RMS = 0.0229377, max = 0.0319308 (LElbow)
[2024-10-09 18:02:25.385] [info] Frame 271 (t = 9.06667):	 total squared error = 0.0102946, marker error: RMS = 0.023277, max = 0.0334505 (LElbow)
[2024-10-09 18:02:25.423] [info] Frame 272 (t = 9.1):	 total squared error = 0.0104422, marker error: RMS = 0.0234433, max = 0.0332885 (LElbow)
[2024-10-09 18:02:25.467] [info] Frame 273 (t = 9.13333):	 total squared error = 0.0104622, marker error: RMS = 0.0234657, max = 0.0312873 (LElbow)
[2024-10-09 18:02:25.517] [info] Frame 274 (t = 9.16667):	 total squared error = 0.0104416, marker error: RMS = 0.0234427, max = 0.0305965 (LShoulder)
[2024-10-09 18:02:25.585] [info] Frame 275 (t = 9.2):	 total squared error = 0.0104209, marker error: RMS = 0.0234194, max = 0.0305099 (LShoulder)
[2024-10-09 18:02:25.615] [info] Frame 276 (t = 9.23333):	 total squared error = 0.0104086, marker error: RMS = 0.0234056, max = 0.0308220 (LShoulder)
[2024-10-09 18:02:25.653] [info] Frame 277 (t = 9.26667):	 total squared error = 0.0103409, marker error: RMS = 0.0233293, max = 0.0316186 (Neck)
[2024-10-09 18:02:25.708] [info] Frame 278 (t = 9.3):	 total squared error = 0.0101817, marker error: RMS = 0.0231491, max = 0.0329397 (Neck)
[2024-10-09 18:02:25.744] [info] Frame 279 (t = 9.33333):	 total squared error = 0.00998777, marker error: RMS = 0.0229275, max = 0.0343066 (Neck)
[2024-10-09 18:02:25.803] [info] Frame 280 (t = 9.36667):	 total squared error = 0.00983036, marker error: RMS = 0.0227462, max = 0.035763 (Neck)
[2024-10-09 18:02:25.842] [info] Frame 281 (t = 9.4):	 total squared error = 0.00976910, marker error: RMS = 0.0226752, max = 0.0367548 (Neck)
[2024-10-09 18:02:25.904] [info] Frame 282 (t = 9.43333):	 total squared error = 0.00977107, marker error: RMS = 0.0226775, max = 0.0370675 (Neck)
[2024-10-09 18:02:25.968] [info] Frame 283 (t = 9.46667):	 total squared error = 0.00978120, marker error: RMS = 0.0226892, max = 0.0365053 (Neck)
[2024-10-09 18:02:25.997] [info] Frame 284 (t = 9.5):	 total squared error = 0.00980139, marker error: RMS = 0.0227126, max = 0.0352846 (Neck)
[2024-10-09 18:02:26.076] [info] Frame 285 (t = 9.53333):	 total squared error = 0.00985430, marker error: RMS = 0.0227738, max = 0.0339443 (Neck)
[2024-10-09 18:02:26.093] [info] Frame 286 (t = 9.56667):	 total squared error = 0.00991598, marker error: RMS = 0.022845, max = 0.0331471 (Neck)
[2024-10-09 18:02:26.164] [info] Frame 287 (t = 9.6):	 total squared error = 0.00988182, marker error: RMS = 0.0228056, max = 0.0326929 (Neck)
[2024-10-09 18:02:26.236] [info] Frame 288 (t = 9.63333):	 total squared error = 0.00976997, marker error: RMS = 0.0226762, max = 0.0322901 (Neck)
[2024-10-09 18:02:26.291] [info] Frame 289 (t = 9.66667):	 total squared error = 0.00965564, marker error: RMS = 0.0225431, max = 0.0319349 (LShoulder)
[2024-10-09 18:02:26.309] [info] Frame 290 (t = 9.7):	 total squared error = 0.00962648, marker error: RMS = 0.0225090, max = 0.0333774 (LShoulder)
[2024-10-09 18:02:26.368] [info] Frame 291 (t = 9.73333):	 total squared error = 0.00968149, marker error: RMS = 0.0225733, max = 0.0352361 (LShoulder)
[2024-10-09 18:02:26.401] [info] Frame 292 (t = 9.76667):	 total squared error = 0.00982002, marker error: RMS = 0.0227342, max = 0.0364914 (LShoulder)
[2024-10-09 18:02:26.443] [info] Frame 293 (t = 9.8):	 total squared error = 0.00996165, marker error: RMS = 0.0228975, max = 0.0370155 (LShoulder)
[2024-10-09 18:02:26.491] [info] Frame 294 (t = 9.83333):	 total squared error = 0.0100591, marker error: RMS = 0.0230093, max = 0.0365819 (LShoulder)
[2024-10-09 18:02:26.556] [info] Frame 295 (t = 9.86667):	 total squared error = 0.0100895, marker error: RMS = 0.0230440, max = 0.0353356 (LShoulder)
[2024-10-09 18:02:26.610] [info] Frame 296 (t = 9.9):	 total squared error = 0.0100529, marker error: RMS = 0.0230022, max = 0.0338767 (LShoulder)
[2024-10-09 18:02:26.672] [info] Frame 297 (t = 9.93333):	 total squared error = 0.00995304, marker error: RMS = 0.0228876, max = 0.0324912 (LShoulder)
[2024-10-09 18:02:26.738] [info] Frame 298 (t = 9.96667):	 total squared error = 0.00977832, marker error: RMS = 0.0226859, max = 0.0315221 (LShoulder)
[2024-10-09 18:02:26.777] [info] Frame 299 (t = 10.0):	 total squared error = 0.00954079, marker error: RMS = 0.0224086, max = 0.0313275 (LShoulder)
[2024-10-09 18:02:26.818] [info] Frame 300 (t = 10.0333):	 total squared error = 0.00932170, marker error: RMS = 0.0221498, max = 0.0311877 (LShoulder)
[2024-10-09 18:02:26.854] [info] Frame 301 (t = 10.0667):	 total squared error = 0.00916207, marker error: RMS = 0.0219594, max = 0.0310420 (Neck)
[2024-10-09 18:02:26.919] [info] Frame 302 (t = 10.1):	 total squared error = 0.00911243, marker error: RMS = 0.0218998, max = 0.0315481 (Neck)
[2024-10-09 18:02:26.974] [info] Frame 303 (t = 10.1333):	 total squared error = 0.00915158, marker error: RMS = 0.0219468, max = 0.0316884 (Neck)
[2024-10-09 18:02:27.030] [info] Frame 304 (t = 10.1667):	 total squared error = 0.00925582, marker error: RMS = 0.0220714, max = 0.031536 (Neck)
[2024-10-09 18:02:27.049] [info] Frame 305 (t = 10.2):	 total squared error = 0.00935207, marker error: RMS = 0.0221859, max = 0.0310172 (Neck)
[2024-10-09 18:02:27.068] [info] Frame 306 (t = 10.2333):	 total squared error = 0.00942415, marker error: RMS = 0.0222712, max = 0.0305328 (Neck)
[2024-10-09 18:02:27.128] [info] Frame 307 (t = 10.2667):	 total squared error = 0.00942618, marker error: RMS = 0.0222736, max = 0.0303089 (Neck)
[2024-10-09 18:02:27.164] [info] Frame 308 (t = 10.3):	 total squared error = 0.00938860, marker error: RMS = 0.0222292, max = 0.0299193 (Neck)
[2024-10-09 18:02:27.231] [info] Frame 309 (t = 10.3333):	 total squared error = 0.00932036, marker error: RMS = 0.0221483, max = 0.0296527 (Neck)
[2024-10-09 18:02:27.293] [info] Frame 310 (t = 10.3667):	 total squared error = 0.00928485, marker error: RMS = 0.0221060, max = 0.0298946 (LShoulder)
[2024-10-09 18:02:27.334] [info] Frame 311 (t = 10.4):	 total squared error = 0.00927743, marker error: RMS = 0.0220972, max = 0.0309955 (LShoulder)
[2024-10-09 18:02:27.420] [info] Frame 312 (t = 10.4333):	 total squared error = 0.00925992, marker error: RMS = 0.0220763, max = 0.0313436 (LShoulder)
[2024-10-09 18:02:27.479] [info] Frame 313 (t = 10.4667):	 total squared error = 0.00918251, marker error: RMS = 0.0219839, max = 0.0313391 (LShoulder)
[2024-10-09 18:02:27.521] [info] Frame 314 (t = 10.5):	 total squared error = 0.00908972, marker error: RMS = 0.0218725, max = 0.0314090 (LShoulder)
[2024-10-09 18:02:27.566] [info] Frame 315 (t = 10.5333):	 total squared error = 0.00908003, marker error: RMS = 0.0218608, max = 0.0318212 (LShoulder)
[2024-10-09 18:02:27.586] [info] Frame 316 (t = 10.5667):	 total squared error = 0.00920063, marker error: RMS = 0.0220055, max = 0.0330537 (LShoulder)
[2024-10-09 18:02:27.606] [info] Frame 317 (t = 10.6):	 total squared error = 0.00941407, marker error: RMS = 0.0222593, max = 0.034465 (LShoulder)
[2024-10-09 18:02:27.684] [info] Frame 318 (t = 10.6333):	 total squared error = 0.00952393, marker error: RMS = 0.0223888, max = 0.0358552 (LShoulder)
[2024-10-09 18:02:27.727] [info] Frame 319 (t = 10.6667):	 total squared error = 0.00959353, marker error: RMS = 0.0224705, max = 0.0360143 (LShoulder)
[2024-10-09 18:02:27.775] [info] Frame 320 (t = 10.7):	 total squared error = 0.00954973, marker error: RMS = 0.0224191, max = 0.0351942 (LShoulder)
[2024-10-09 18:02:27.821] [info] Frame 321 (t = 10.7333):	 total squared error = 0.00945629, marker error: RMS = 0.0223092, max = 0.0337175 (LShoulder)
[2024-10-09 18:02:27.839] [info] Frame 322 (t = 10.7667):	 total squared error = 0.00941236, marker error: RMS = 0.0222573, max = 0.0319988 (LShoulder)
[2024-10-09 18:02:27.901] [info] Frame 323 (t = 10.8):	 total squared error = 0.00946194, marker error: RMS = 0.0223158, max = 0.0303344 (LShoulder)
[2024-10-09 18:02:27.968] [info] Frame 324 (t = 10.8333):	 total squared error = 0.00958835, marker error: RMS = 0.0224644, max = 0.0305866 (Neck)
[2024-10-09 18:02:28.011] [info] Frame 325 (t = 10.8667):	 total squared error = 0.00970364, marker error: RMS = 0.0225991, max = 0.0306399 (Neck)
[2024-10-09 18:02:28.077] [info] Frame 326 (t = 10.9):	 total squared error = 0.00978034, marker error: RMS = 0.0226882, max = 0.0301574 (Neck)
[2024-10-09 18:02:28.125] [info] Frame 327 (t = 10.9333):	 total squared error = 0.00984493, marker error: RMS = 0.022763, max = 0.0304582 (LShoulder)
[2024-10-09 18:02:28.168] [info] Frame 328 (t = 10.9667):	 total squared error = 0.00992300, marker error: RMS = 0.0228531, max = 0.0307973 (LShoulder)
[2024-10-09 18:02:28.233] [info] Frame 329 (t = 11.0):	 total squared error = 0.0100210, marker error: RMS = 0.0229656, max = 0.0311738 (LShoulder)
[2024-10-09 18:02:28.306] [info] Frame 330 (t = 11.0333):	 total squared error = 0.0101211, marker error: RMS = 0.0230801, max = 0.0315619 (LShoulder)
[2024-10-09 18:02:28.362] [info] Frame 331 (t = 11.0667):	 total squared error = 0.0101923, marker error: RMS = 0.0231611, max = 0.0317616 (LShoulder)
[2024-10-09 18:02:28.401] [info] Frame 332 (t = 11.1):	 total squared error = 0.0102146, marker error: RMS = 0.0231864, max = 0.0315589 (LShoulder)
[2024-10-09 18:02:28.500] [info] Frame 333 (t = 11.1333):	 total squared error = 0.0101962, marker error: RMS = 0.0231655, max = 0.0306421 (LShoulder)
[2024-10-09 18:02:28.521] [info] Frame 334 (t = 11.1667):	 total squared error = 0.0101979, marker error: RMS = 0.0231675, max = 0.0307538 (RSmallToe)
[2024-10-09 18:02:28.568] [info] Frame 335 (t = 11.2):	 total squared error = 0.0102449, marker error: RMS = 0.0232208, max = 0.0307979 (Neck)
[2024-10-09 18:02:28.628] [info] Frame 336 (t = 11.2333):	 total squared error = 0.0103456, marker error: RMS = 0.0233346, max = 0.0310312 (Neck)
[2024-10-09 18:02:28.644] [info] Frame 337 (t = 11.2667):	 total squared error = 0.0105497, marker error: RMS = 0.0235637, max = 0.032431 (LShoulder)
[2024-10-09 18:02:28.690] [info] Frame 338 (t = 11.3):	 total squared error = 0.0107723, marker error: RMS = 0.023811, max = 0.0351097 (LShoulder)
[2024-10-09 18:02:28.725] [info] Frame 339 (t = 11.3333):	 total squared error = 0.0110221, marker error: RMS = 0.0240855, max = 0.0372846 (LShoulder)
[2024-10-09 18:02:28.765] [info] Frame 340 (t = 11.3667):	 total squared error = 0.0112566, marker error: RMS = 0.0243403, max = 0.0392667 (LShoulder)
[2024-10-09 18:02:28.832] [info] Frame 341 (t = 11.4):	 total squared error = 0.011495, marker error: RMS = 0.0245968, max = 0.0412302 (LShoulder)
[2024-10-09 18:02:28.874] [info] Frame 342 (t = 11.4333):	 total squared error = 0.0117717, marker error: RMS = 0.024891, max = 0.0435591 (LShoulder)
[2024-10-09 18:02:28.916] [info] Frame 343 (t = 11.4667):	 total squared error = 0.0120548, marker error: RMS = 0.0251886, max = 0.0461292 (LShoulder)
[2024-10-09 18:02:28.948] [info] Frame 344 (t = 11.5):	 total squared error = 0.0122495, marker error: RMS = 0.0253911, max = 0.0486871 (LShoulder)
[2024-10-09 18:02:29.025] [info] Frame 345 (t = 11.5333):	 total squared error = 0.0122278, marker error: RMS = 0.0253686, max = 0.0509623 (LShoulder)
[2024-10-09 18:02:29.119] [info] Frame 346 (t = 11.5667):	 total squared error = 0.0119244, marker error: RMS = 0.0250520, max = 0.0530190 (LShoulder)
[2024-10-09 18:02:29.209] [info] Frame 347 (t = 11.6):	 total squared error = 0.0113922, marker error: RMS = 0.0244866, max = 0.0542381 (LShoulder)
[2024-10-09 18:02:29.279] [info] Frame 348 (t = 11.6333):	 total squared error = 0.0108045, marker error: RMS = 0.0238466, max = 0.0542696 (LShoulder)
[2024-10-09 18:02:29.310] [info] Frame 349 (t = 11.6667):	 total squared error = 0.0102631, marker error: RMS = 0.0232414, max = 0.0533064 (LShoulder)
[2024-10-09 18:02:29.389] [info] Frame 350 (t = 11.7):	 total squared error = 0.00953630, marker error: RMS = 0.0224034, max = 0.0496648 (LShoulder)
[2024-10-09 18:02:29.452] [info] Frame 351 (t = 11.7333):	 total squared error = 0.00867182, marker error: RMS = 0.0213638, max = 0.0449016 (LShoulder)
[2024-10-09 18:02:29.508] [info] Frame 352 (t = 11.7667):	 total squared error = 0.00774422, marker error: RMS = 0.0201889, max = 0.0387749 (LShoulder)
[2024-10-09 18:02:29.568] [info] Frame 353 (t = 11.8):	 total squared error = 0.00694105, marker error: RMS = 0.0191133, max = 0.0357508 (Neck)
[2024-10-09 18:02:29.608] [info] Frame 354 (t = 11.8333):	 total squared error = 0.00635939, marker error: RMS = 0.0182949, max = 0.034814 (Neck)
[2024-10-09 18:02:29.679] [info] Frame 355 (t = 11.8667):	 total squared error = 0.00589697, marker error: RMS = 0.0176172, max = 0.0318464 (Neck)
[2024-10-09 18:02:29.722] [info] Frame 356 (t = 11.9):	 total squared error = 0.00546746, marker error: RMS = 0.0169635, max = 0.0271005 (RShoulder)
[2024-10-09 18:02:29.764] [info] Frame 357 (t = 11.9333):	 total squared error = 0.00507486, marker error: RMS = 0.0163431, max = 0.0272278 (RShoulder)
[2024-10-09 18:02:29.838] [info] Frame 358 (t = 11.9667):	 total squared error = 0.00477329, marker error: RMS = 0.0158501, max = 0.0274688 (RShoulder)
[2024-10-09 18:02:29.893] [info] Frame 359 (t = 12.0):	 total squared error = 0.00457319, marker error: RMS = 0.0155143, max = 0.0282059 (LShoulder)
[2024-10-09 18:02:29.937] [info] Frame 360 (t = 12.0333):	 total squared error = 0.00445963, marker error: RMS = 0.0153205, max = 0.0292837 (LShoulder)
[2024-10-09 18:02:29.977] [info] Frame 361 (t = 12.0667):	 total squared error = 0.00437439, marker error: RMS = 0.0151734, max = 0.0299194 (LShoulder)
[2024-10-09 18:02:30.014] [info] Frame 362 (t = 12.1):	 total squared error = 0.00427936, marker error: RMS = 0.0150076, max = 0.0303142 (LShoulder)
[2024-10-09 18:02:30.094] [info] Frame 363 (t = 12.1333):	 total squared error = 0.00423284, marker error: RMS = 0.0149258, max = 0.0307767 (LShoulder)
[2024-10-09 18:02:30.147] [info] Frame 364 (t = 12.1667):	 total squared error = 0.00433255, marker error: RMS = 0.0151006, max = 0.0313047 (LShoulder)
[2024-10-09 18:02:30.202] [info] Frame 365 (t = 12.2):	 total squared error = 0.00456420, marker error: RMS = 0.0154991, max = 0.0316086 (LShoulder)
[2024-10-09 18:02:30.270] [info] Frame 366 (t = 12.2333):	 total squared error = 0.00480802, marker error: RMS = 0.0159077, max = 0.0319154 (LShoulder)
[2024-10-09 18:02:30.322] [info] Frame 367 (t = 12.2667):	 total squared error = 0.00503925, marker error: RMS = 0.0162857, max = 0.0328683 (LShoulder)
[2024-10-09 18:02:30.366] [info] Frame 368 (t = 12.3):	 total squared error = 0.00536994, marker error: RMS = 0.0168116, max = 0.0343248 (LShoulder)
[2024-10-09 18:02:30.436] [info] Frame 369 (t = 12.3333):	 total squared error = 0.00593982, marker error: RMS = 0.0176811, max = 0.0359079 (LShoulder)
[2024-10-09 18:02:30.497] [info] Frame 370 (t = 12.3667):	 total squared error = 0.00673352, marker error: RMS = 0.0188254, max = 0.0371999 (LShoulder)
[2024-10-09 18:02:30.559] [info] Frame 371 (t = 12.4):	 total squared error = 0.00763184, marker error: RMS = 0.0200418, max = 0.0377749 (LShoulder)
[2024-10-09 18:02:30.633] [info] Frame 372 (t = 12.4333):	 total squared error = 0.00818275, marker error: RMS = 0.0207526, max = 0.037458 (LShoulder)
[2024-10-09 18:02:30.677] [info] Frame 373 (t = 12.4667):	 total squared error = 0.00801532, marker error: RMS = 0.0205392, max = 0.0364519 (LShoulder)
[2024-10-09 18:02:30.756] [info] Frame 374 (t = 12.5):	 total squared error = 0.00740109, marker error: RMS = 0.0197365, max = 0.0349508 (LShoulder)
[2024-10-09 18:02:30.814] [info] Frame 375 (t = 12.5333):	 total squared error = 0.00705496, marker error: RMS = 0.0192695, max = 0.0335093 (LShoulder)
[2024-10-09 18:02:30.874] [info] Frame 376 (t = 12.5667):	 total squared error = 0.00720142, marker error: RMS = 0.0194685, max = 0.0333783 (RShoulder)
[2024-10-09 18:02:30.968] [info] Frame 377 (t = 12.6):	 total squared error = 0.00746441, marker error: RMS = 0.0198208, max = 0.0344315 (RShoulder)
[2024-10-09 18:02:31.024] [info] Frame 378 (t = 12.6333):	 total squared error = 0.00750619, marker error: RMS = 0.0198762, max = 0.0351785 (RShoulder)
[2024-10-09 18:02:31.076] [info] Frame 379 (t = 12.6667):	 total squared error = 0.00739365, marker error: RMS = 0.0197266, max = 0.0353278 (RShoulder)
[2024-10-09 18:02:31.143] [info] Frame 380 (t = 12.7):	 total squared error = 0.00735537, marker error: RMS = 0.0196755, max = 0.0349207 (RShoulder)
[2024-10-09 18:02:31.196] [info] Frame 381 (t = 12.7333):	 total squared error = 0.00744747, marker error: RMS = 0.0197983, max = 0.0338804 (RShoulder)
[2024-10-09 18:02:31.257] [info] Frame 382 (t = 12.7667):	 total squared error = 0.00763845, marker error: RMS = 0.0200505, max = 0.0326926 (RShoulder)
[2024-10-09 18:02:31.318] [info] Frame 383 (t = 12.8):	 total squared error = 0.00783739, marker error: RMS = 0.0203100, max = 0.0332397 (RHeel)
[2024-10-09 18:02:31.373] [info] Frame 384 (t = 12.8333):	 total squared error = 0.00785216, marker error: RMS = 0.0203291, max = 0.035958 (RHeel)
[2024-10-09 18:02:31.443] [info] Frame 385 (t = 12.8667):	 total squared error = 0.00758487, marker error: RMS = 0.0199801, max = 0.036931 (RSmallToe)
[2024-10-09 18:02:31.510] [info] Frame 386 (t = 12.9):	 total squared error = 0.00718552, marker error: RMS = 0.019447, max = 0.0369709 (RSmallToe)
[2024-10-09 18:02:31.562] [info] Frame 387 (t = 12.9333):	 total squared error = 0.00670150, marker error: RMS = 0.0187806, max = 0.0344029 (RSmallToe)
[2024-10-09 18:02:31.593] [info] Frame 388 (t = 12.9667):	 total squared error = 0.00609783, marker error: RMS = 0.0179148, max = 0.0318331 (LShoulder)
[2024-10-09 18:02:31.669] [info] Frame 389 (t = 13.0):	 total squared error = 0.00542500, marker error: RMS = 0.0168975, max = 0.0319863 (LShoulder)
[2024-10-09 18:02:31.746] [info] Frame 390 (t = 13.0333):	 total squared error = 0.00486579, marker error: RMS = 0.0160029, max = 0.0317217 (LShoulder)
[2024-10-09 18:02:31.786] [info] Frame 391 (t = 13.0667):	 total squared error = 0.00447226, marker error: RMS = 0.0153422, max = 0.0309128 (LShoulder)
[2024-10-09 18:02:31.860] [info] Frame 392 (t = 13.1):	 total squared error = 0.00421684, marker error: RMS = 0.0148976, max = 0.0304299 (RShoulder)
[2024-10-09 18:02:31.934] [info] Frame 393 (t = 13.1333):	 total squared error = 0.00411326, marker error: RMS = 0.0147135, max = 0.0298416 (RShoulder)
[2024-10-09 18:02:32.019] [info] Frame 394 (t = 13.1667):	 total squared error = 0.00411419, marker error: RMS = 0.0147152, max = 0.0285546 (RShoulder)
[2024-10-09 18:02:32.087] [info] Frame 395 (t = 13.2):	 total squared error = 0.00408544, marker error: RMS = 0.0146637, max = 0.0268441 (RShoulder)
[2024-10-09 18:02:32.157] [info] Frame 396 (t = 13.2333):	 total squared error = 0.00398930, marker error: RMS = 0.0144901, max = 0.0252071 (RShoulder)
[2024-10-09 18:02:32.224] [info] Frame 397 (t = 13.2667):	 total squared error = 0.00398352, marker error: RMS = 0.0144796, max = 0.0239814 (RShoulder)
[2024-10-09 18:02:32.271] [info] Frame 398 (t = 13.3):	 total squared error = 0.00411403, marker error: RMS = 0.0147149, max = 0.0234799 (RAnkle)
[2024-10-09 18:02:32.331] [info] Frame 399 (t = 13.3333):	 total squared error = 0.00424921, marker error: RMS = 0.0149547, max = 0.0236073 (RAnkle)
[2024-10-09 18:02:32.383] [info] Frame 400 (t = 13.3667):	 total squared error = 0.00425034, marker error: RMS = 0.0149567, max = 0.0232443 (RShoulder)
[2024-10-09 18:02:32.442] [info] Frame 401 (t = 13.4):	 total squared error = 0.00410076, marker error: RMS = 0.0146911, max = 0.0239988 (LShoulder)
[2024-10-09 18:02:32.500] [info] Frame 402 (t = 13.4333):	 total squared error = 0.00396389, marker error: RMS = 0.0144439, max = 0.0249073 (LShoulder)
[2024-10-09 18:02:32.560] [info] Frame 403 (t = 13.4667):	 total squared error = 0.00399439, marker error: RMS = 0.0144993, max = 0.0257864 (LShoulder)
[2024-10-09 18:02:32.613] [info] Frame 404 (t = 13.5):	 total squared error = 0.00430658, marker error: RMS = 0.0150553, max = 0.0269306 (LShoulder)
[2024-10-09 18:02:32.690] [info] Frame 405 (t = 13.5333):	 total squared error = 0.00487813, marker error: RMS = 0.0160232, max = 0.0285865 (LShoulder)
[2024-10-09 18:02:32.761] [info] Frame 406 (t = 13.5667):	 total squared error = 0.00553171, marker error: RMS = 0.0170629, max = 0.0304392 (LShoulder)
[2024-10-09 18:02:32.794] [info] Frame 407 (t = 13.6):	 total squared error = 0.00609684, marker error: RMS = 0.0179133, max = 0.0319594 (LShoulder)
[2024-10-09 18:02:32.871] [info] Frame 408 (t = 13.6333):	 total squared error = 0.00645508, marker error: RMS = 0.0184321, max = 0.0330349 (LShoulder)
[2024-10-09 18:02:32.915] [info] Frame 409 (t = 13.6667):	 total squared error = 0.00660501, marker error: RMS = 0.0186449, max = 0.0333512 (LShoulder)
[2024-10-09 18:02:32.955] [info] Frame 410 (t = 13.7):	 total squared error = 0.00646401, marker error: RMS = 0.0184448, max = 0.0331908 (LShoulder)
[2024-10-09 18:02:33.026] [info] Frame 411 (t = 13.7333):	 total squared error = 0.00596474, marker error: RMS = 0.0177182, max = 0.0319788 (LShoulder)
[2024-10-09 18:02:33.089] [info] Frame 412 (t = 13.7667):	 total squared error = 0.00522259, marker error: RMS = 0.0165793, max = 0.0312317 (LShoulder)
[2024-10-09 18:02:33.160] [info] Frame 413 (t = 13.8):	 total squared error = 0.00438125, marker error: RMS = 0.0151853, max = 0.0303349 (LShoulder)
[2024-10-09 18:02:33.206] [info] Frame 414 (t = 13.8333):	 total squared error = 0.00369164, marker error: RMS = 0.013939, max = 0.0293231 (LShoulder)
[2024-10-09 18:02:33.267] [info] Frame 415 (t = 13.8667):	 total squared error = 0.00325399, marker error: RMS = 0.0130867, max = 0.0279466 (LShoulder)
[2024-10-09 18:02:33.331] [info] Frame 416 (t = 13.9):	 total squared error = 0.00307381, marker error: RMS = 0.0127193, max = 0.0264824 (LShoulder)
[2024-10-09 18:02:33.367] [info] Frame 417 (t = 13.9333):	 total squared error = 0.00322574, marker error: RMS = 0.0130298, max = 0.0274027 (RShoulder)
[2024-10-09 18:02:33.422] [info] Frame 418 (t = 13.9667):	 total squared error = 0.00360804, marker error: RMS = 0.0137803, max = 0.0285266 (RShoulder)
[2024-10-09 18:02:33.459] [info] Frame 419 (t = 14.0):	 total squared error = 0.00410246, marker error: RMS = 0.0146942, max = 0.0289946 (RShoulder)
[2024-10-09 18:02:33.534] [info] Frame 420 (t = 14.0333):	 total squared error = 0.00441078, marker error: RMS = 0.0152364, max = 0.0288623 (RShoulder)
[2024-10-09 18:02:33.589] [info] Frame 421 (t = 14.0667):	 total squared error = 0.00459014, marker error: RMS = 0.015543, max = 0.028557 (RShoulder)
[2024-10-09 18:02:33.653] [info] Frame 422 (t = 14.1):	 total squared error = 0.00470004, marker error: RMS = 0.015728, max = 0.0275483 (RShoulder)
[2024-10-09 18:02:33.701] [info] Frame 423 (t = 14.1333):	 total squared error = 0.00482305, marker error: RMS = 0.0159325, max = 0.0268948 (RShoulder)
[2024-10-09 18:02:33.771] [info] Frame 424 (t = 14.1667):	 total squared error = 0.00499154, marker error: RMS = 0.0162084, max = 0.0278281 (RKnee)
[2024-10-09 18:02:33.844] [info] Frame 425 (t = 14.2):	 total squared error = 0.00520291, marker error: RMS = 0.016548, max = 0.0304474 (RKnee)
[2024-10-09 18:02:33.931] [info] Frame 426 (t = 14.2333):	 total squared error = 0.00540797, marker error: RMS = 0.016871, max = 0.0324437 (RKnee)
[2024-10-09 18:02:33.999] [info] Frame 427 (t = 14.2667):	 total squared error = 0.00553046, marker error: RMS = 0.0170610, max = 0.0333637 (RKnee)
[2024-10-09 18:02:34.068] [info] Frame 428 (t = 14.3):	 total squared error = 0.00550080, marker error: RMS = 0.0170152, max = 0.0325756 (RKnee)
[2024-10-09 18:02:34.129] [info] Frame 429 (t = 14.3333):	 total squared error = 0.00531185, marker error: RMS = 0.0167204, max = 0.0295136 (RKnee)
[2024-10-09 18:02:34.203] [info] Frame 430 (t = 14.3667):	 total squared error = 0.00500537, marker error: RMS = 0.0162309, max = 0.0259763 (LHeel)
[2024-10-09 18:02:34.275] [info] Frame 431 (t = 14.4):	 total squared error = 0.00460906, marker error: RMS = 0.0155751, max = 0.0248883 (LHeel)
[2024-10-09 18:02:34.334] [info] Frame 432 (t = 14.4333):	 total squared error = 0.00410072, marker error: RMS = 0.0146911, max = 0.022922 (LHeel)
[2024-10-09 18:02:34.367] [info] Frame 433 (t = 14.4667):	 total squared error = 0.00357986, marker error: RMS = 0.0137264, max = 0.0197255 (LHeel)
[2024-10-09 18:02:34.429] [info] Frame 434 (t = 14.5):	 total squared error = 0.00328848, marker error: RMS = 0.0131559, max = 0.0205237 (LShoulder)
[2024-10-09 18:02:34.502] [info] Frame 435 (t = 14.5333):	 total squared error = 0.00325108, marker error: RMS = 0.0130809, max = 0.0217155 (LShoulder)
[2024-10-09 18:02:34.555] [info] Frame 436 (t = 14.5667):	 total squared error = 0.00333351, marker error: RMS = 0.0132457, max = 0.0230059 (LShoulder)
[2024-10-09 18:02:34.609] [info] Frame 437 (t = 14.6):	 total squared error = 0.00341951, marker error: RMS = 0.0134155, max = 0.0238861 (LShoulder)
[2024-10-09 18:02:34.659] [info] Frame 438 (t = 14.6333):	 total squared error = 0.00359869, marker error: RMS = 0.0137624, max = 0.0242865 (LShoulder)
[2024-10-09 18:02:34.698] [info] Frame 439 (t = 14.6667):	 total squared error = 0.00395608, marker error: RMS = 0.0144297, max = 0.0241953 (LShoulder)
[2024-10-09 18:02:34.753] [info] Frame 440 (t = 14.7):	 total squared error = 0.00432700, marker error: RMS = 0.0150909, max = 0.0249743 (RHeel)
[2024-10-09 18:02:34.816] [info] Frame 441 (t = 14.7333):	 total squared error = 0.00458227, marker error: RMS = 0.0155297, max = 0.0254667 (RHeel)
[2024-10-09 18:02:34.866] [info] Frame 442 (t = 14.7667):	 total squared error = 0.00470085, marker error: RMS = 0.0157294, max = 0.0253707 (RKnee)
[2024-10-09 18:02:34.930] [info] Frame 443 (t = 14.8):	 total squared error = 0.00469927, marker error: RMS = 0.0157267, max = 0.024971 (RKnee)
[2024-10-09 18:02:34.996] [info] Frame 444 (t = 14.8333):	 total squared error = 0.00448402, marker error: RMS = 0.0153623, max = 0.0260421 (LKnee)
[2024-10-09 18:02:35.040] [info] Frame 445 (t = 14.8667):	 total squared error = 0.00394287, marker error: RMS = 0.0144055, max = 0.0232053 (LKnee)
[2024-10-09 18:02:35.110] [info] Frame 446 (t = 14.9):	 total squared error = 0.00308525, marker error: RMS = 0.0127429, max = 0.0199642 (RHeel)
[2024-10-09 18:02:35.180] [info] Frame 447 (t = 14.9333):	 total squared error = 0.00230730, marker error: RMS = 0.0110198, max = 0.0193729 (RHeel)
[2024-10-09 18:02:35.238] [info] Frame 448 (t = 14.9667):	 total squared error = 0.00197101, marker error: RMS = 0.0101852, max = 0.0187665 (RHeel)
[2024-10-09 18:02:35.300] [info] Frame 449 (t = 15.0):	 total squared error = 0.00206627, marker error: RMS = 0.0104284, max = 0.0197715 (Neck)
[2024-10-09 18:02:35.366] [info] Frame 450 (t = 15.0333):	 total squared error = 0.00227398, marker error: RMS = 0.0109400, max = 0.0215672 (Neck)
[2024-10-09 18:02:35.430] [info] Frame 451 (t = 15.0667):	 total squared error = 0.00239031, marker error: RMS = 0.0112163, max = 0.0219696 (Neck)
[2024-10-09 18:02:35.492] [info] Frame 452 (t = 15.1):	 total squared error = 0.00249887, marker error: RMS = 0.0114682, max = 0.0211854 (Neck)
[2024-10-09 18:02:35.534] [info] Frame 453 (t = 15.1333):	 total squared error = 0.00283805, marker error: RMS = 0.0122217, max = 0.0220255 (LHeel)
[2024-10-09 18:02:35.608] [info] Frame 454 (t = 15.1667):	 total squared error = 0.00334113, marker error: RMS = 0.0132608, max = 0.0259415 (LHeel)
[2024-10-09 18:02:35.666] [info] Frame 455 (t = 15.2):	 total squared error = 0.00370358, marker error: RMS = 0.0139616, max = 0.0264761 (LHeel)
[2024-10-09 18:02:35.729] [info] Frame 456 (t = 15.2333):	 total squared error = 0.00370674, marker error: RMS = 0.0139675, max = 0.0267753 (RKnee)
[2024-10-09 18:02:35.787] [info] Frame 457 (t = 15.2667):	 total squared error = 0.00347674, marker error: RMS = 0.0135272, max = 0.0257942 (RKnee)
[2024-10-09 18:02:35.859] [info] Frame 458 (t = 15.3):	 total squared error = 0.00316919, marker error: RMS = 0.0129151, max = 0.023257 (RKnee)
[2024-10-09 18:02:35.904] [info] Frame 459 (t = 15.3333):	 total squared error = 0.00292203, marker error: RMS = 0.0124013, max = 0.0207439 (RKnee)
[2024-10-09 18:02:35.964] [info] Frame 460 (t = 15.3667):	 total squared error = 0.00289447, marker error: RMS = 0.0123426, max = 0.0211323 (RKnee)
[2024-10-09 18:02:36.048] [info] Frame 461 (t = 15.4):	 total squared error = 0.00304172, marker error: RMS = 0.0126527, max = 0.022721 (RKnee)
[2024-10-09 18:02:36.122] [info] Frame 462 (t = 15.4333):	 total squared error = 0.00311605, marker error: RMS = 0.0128063, max = 0.0212512 (RKnee)
[2024-10-09 18:02:36.180] [info] Frame 463 (t = 15.4667):	 total squared error = 0.00312295, marker error: RMS = 0.0128205, max = 0.0201112 (RElbow)
[2024-10-09 18:02:36.269] [info] Frame 464 (t = 15.5):	 total squared error = 0.00335756, marker error: RMS = 0.0132934, max = 0.0236758 (LHeel)
[2024-10-09 18:02:36.320] [info] Frame 465 (t = 15.5333):	 total squared error = 0.00392143, marker error: RMS = 0.0143663, max = 0.025831 (LHeel)
[2024-10-09 18:02:36.417] [info] Frame 466 (t = 15.5667):	 total squared error = 0.00441933, marker error: RMS = 0.0152511, max = 0.0261861 (LHeel)
[2024-10-09 18:02:36.464] [info] Frame 467 (t = 15.6):	 total squared error = 0.00447598, marker error: RMS = 0.0153485, max = 0.0246989 (LHeel)
[2024-10-09 18:02:36.539] [info] Frame 468 (t = 15.6333):	 total squared error = 0.00402829, marker error: RMS = 0.0145608, max = 0.0224757 (RShoulder)
[2024-10-09 18:02:36.611] [info] Frame 469 (t = 15.6667):	 total squared error = 0.00341011, marker error: RMS = 0.013397, max = 0.0225757 (RShoulder)
[2024-10-09 18:02:36.657] [info] Frame 470 (t = 15.7):	 total squared error = 0.00300761, marker error: RMS = 0.0125815, max = 0.0232787 (RShoulder)
[2024-10-09 18:02:36.712] [info] Frame 471 (t = 15.7333):	 total squared error = 0.00296428, marker error: RMS = 0.0124906, max = 0.0244998 (RShoulder)
[2024-10-09 18:02:36.751] [info] Frame 472 (t = 15.7667):	 total squared error = 0.00322479, marker error: RMS = 0.0130279, max = 0.0259288 (RShoulder)
[2024-10-09 18:02:36.799] [info] Frame 473 (t = 15.8):	 total squared error = 0.00365334, marker error: RMS = 0.0138665, max = 0.0270811 (RShoulder)
[2024-10-09 18:02:36.836] [info] Frame 474 (t = 15.8333):	 total squared error = 0.00429601, marker error: RMS = 0.0150368, max = 0.0274581 (RShoulder)
[2024-10-09 18:02:36.878] [info] Frame 475 (t = 15.8667):	 total squared error = 0.00520980, marker error: RMS = 0.016559, max = 0.0271454 (RShoulder)
[2024-10-09 18:02:36.938] [info] Frame 476 (t = 15.9):	 total squared error = 0.00631329, marker error: RMS = 0.0182285, max = 0.0280330 (LShoulder)
[2024-10-09 18:02:37.004] [info] Frame 477 (t = 15.9333):	 total squared error = 0.00741946, marker error: RMS = 0.019761, max = 0.0299685 (RHeel)
[2024-10-09 18:02:37.065] [info] Frame 478 (t = 15.9667):	 total squared error = 0.00839924, marker error: RMS = 0.0210253, max = 0.0342929 (Neck)
[2024-10-09 18:02:37.129] [info] Frame 479 (t = 16.0):	 total squared error = 0.00920858, marker error: RMS = 0.0220150, max = 0.0444362 (Neck)
[2024-10-09 18:02:37.173] [info] Frame 480 (t = 16.0333):	 total squared error = 0.00979042, marker error: RMS = 0.0226999, max = 0.0537839 (Neck)
[2024-10-09 18:02:37.233] [info] Frame 481 (t = 16.0667):	 total squared error = 0.00989728, marker error: RMS = 0.0228234, max = 0.0613341 (Neck)
[2024-10-09 18:02:37.299] [info] Frame 482 (t = 16.1):	 total squared error = 0.00954984, marker error: RMS = 0.0224193, max = 0.0662921 (Neck)
[2024-10-09 18:02:37.365] [info] Frame 483 (t = 16.1333):	 total squared error = 0.00903497, marker error: RMS = 0.0218065, max = 0.0679963 (Neck)
[2024-10-09 18:02:37.413] [info] Frame 484 (t = 16.1667):	 total squared error = 0.00842890, marker error: RMS = 0.0210624, max = 0.0655777 (Neck)
[2024-10-09 18:02:37.462] [info] Frame 485 (t = 16.2):	 total squared error = 0.00770376, marker error: RMS = 0.0201361, max = 0.0590931 (Neck)
[2024-10-09 18:02:37.520] [info] Frame 486 (t = 16.2333):	 total squared error = 0.00695278, marker error: RMS = 0.0191295, max = 0.0502177 (Neck)
[2024-10-09 18:02:37.581] [info] Frame 487 (t = 16.2667):	 total squared error = 0.00666300, marker error: RMS = 0.0187266, max = 0.0416176 (Neck)
[2024-10-09 18:02:37.631] [info] Frame 488 (t = 16.3):	 total squared error = 0.00699873, marker error: RMS = 0.0191926, max = 0.039235 (RShoulder)
[2024-10-09 18:02:37.704] [info] Frame 489 (t = 16.3333):	 total squared error = 0.00766969, marker error: RMS = 0.0200915, max = 0.0415462 (RShoulder)
[2024-10-09 18:02:37.762] [info] Frame 490 (t = 16.3667):	 total squared error = 0.00824260, marker error: RMS = 0.0208284, max = 0.0432538 (RShoulder)
[2024-10-09 18:02:37.821] [info] Frame 491 (t = 16.4):	 total squared error = 0.00856238, marker error: RMS = 0.0212286, max = 0.0438727 (RShoulder)
[2024-10-09 18:02:37.875] [info] Frame 492 (t = 16.4333):	 total squared error = 0.00871652, marker error: RMS = 0.0214188, max = 0.0427351 (RShoulder)
[2024-10-09 18:02:37.942] [info] Frame 493 (t = 16.4667):	 total squared error = 0.00892934, marker error: RMS = 0.0216787, max = 0.0403983 (Neck)
[2024-10-09 18:02:38.009] [info] Frame 494 (t = 16.5):	 total squared error = 0.00938397, marker error: RMS = 0.0222237, max = 0.0429777 (Neck)
[2024-10-09 18:02:38.079] [info] Frame 495 (t = 16.5333):	 total squared error = 0.0100752, marker error: RMS = 0.0230277, max = 0.0440916 (Neck)
[2024-10-09 18:02:38.159] [info] Frame 496 (t = 16.5667):	 total squared error = 0.0109962, marker error: RMS = 0.0240571, max = 0.0435773 (Neck)
[2024-10-09 18:02:38.208] [info] Frame 497 (t = 16.6):	 total squared error = 0.0121811, marker error: RMS = 0.0253201, max = 0.0420559 (Neck)
[2024-10-09 18:02:38.269] [info] Frame 498 (t = 16.6333):	 total squared error = 0.0132061, marker error: RMS = 0.0263639, max = 0.0402618 (LAnkle)
[2024-10-09 18:02:38.370] [info] Frame 499 (t = 16.6667):	 total squared error = 0.0133795, marker error: RMS = 0.0265364, max = 0.044565 (LSmallToe)
[2024-10-09 18:02:38.450] [info] Frame 500 (t = 16.7):	 total squared error = 0.0127001, marker error: RMS = 0.025854, max = 0.0483067 (LSmallToe)
[2024-10-09 18:02:38.529] [info] Frame 501 (t = 16.7333):	 total squared error = 0.0119867, marker error: RMS = 0.0251173, max = 0.0510973 (LSmallToe)
[2024-10-09 18:02:38.606] [info] Frame 502 (t = 16.7667):	 total squared error = 0.0118055, marker error: RMS = 0.0249267, max = 0.0525268 (LSmallToe)
[2024-10-09 18:02:38.647] [info] Frame 503 (t = 16.8):	 total squared error = 0.0120907, marker error: RMS = 0.025226, max = 0.0540403 (LSmallToe)
[2024-10-09 18:02:38.725] [info] Frame 504 (t = 16.8333):	 total squared error = 0.012494, marker error: RMS = 0.0256433, max = 0.0547194 (LSmallToe)
[2024-10-09 18:02:38.799] [info] Frame 505 (t = 16.8667):	 total squared error = 0.0130391, marker error: RMS = 0.0261968, max = 0.0566498 (LSmallToe)
[2024-10-09 18:02:38.827] [info] Frame 506 (t = 16.9):	 total squared error = 0.0134893, marker error: RMS = 0.0266451, max = 0.0585858 (LSmallToe)
[2024-10-09 18:02:38.901] [info] Frame 507 (t = 16.9333):	 total squared error = 0.0135784, marker error: RMS = 0.026733, max = 0.0591649 (LSmallToe)
[2024-10-09 18:02:38.923] [info] Frame 508 (t = 16.9667):	 total squared error = 0.0134495, marker error: RMS = 0.0266058, max = 0.0599529 (LSmallToe)
[2024-10-09 18:02:38.949] [info] Frame 509 (t = 17.0):	 total squared error = 0.013197, marker error: RMS = 0.0263548, max = 0.0603677 (LSmallToe)
[2024-10-09 18:02:38.982] [info] Frame 510 (t = 17.0333):	 total squared error = 0.0129103, marker error: RMS = 0.0260670, max = 0.0602893 (LSmallToe)
[2024-10-09 18:02:39.044] [info] Frame 511 (t = 17.0667):	 total squared error = 0.0126611, marker error: RMS = 0.0258142, max = 0.0599255 (LSmallToe)
[2024-10-09 18:02:39.076] [info] Frame 512 (t = 17.1):	 total squared error = 0.012499, marker error: RMS = 0.0256484, max = 0.0590840 (LSmallToe)
[2024-10-09 18:02:39.103] [info] Frame 513 (t = 17.1333):	 total squared error = 0.0124195, marker error: RMS = 0.0255667, max = 0.0582215 (LSmallToe)
[2024-10-09 18:02:39.166] [info] Frame 514 (t = 17.1667):	 total squared error = 0.0123618, marker error: RMS = 0.0255073, max = 0.0574429 (LSmallToe)
[2024-10-09 18:02:39.210] [info] Frame 515 (t = 17.2):	 total squared error = 0.0123574, marker error: RMS = 0.0255027, max = 0.0570303 (LSmallToe)
[2024-10-09 18:02:39.239] [info] Frame 516 (t = 17.2333):	 total squared error = 0.012348, marker error: RMS = 0.025493, max = 0.0571118 (LSmallToe)
[2024-10-09 18:02:39.269] [info] Frame 517 (t = 17.2667):	 total squared error = 0.0123228, marker error: RMS = 0.025467, max = 0.0576050 (LSmallToe)
[2024-10-09 18:02:39.287] [info] Frame 518 (t = 17.3):	 total squared error = 0.0122921, marker error: RMS = 0.0254353, max = 0.0583625 (LSmallToe)
[2024-10-09 18:02:39.305] [info] Frame 519 (t = 17.3333):	 total squared error = 0.0122451, marker error: RMS = 0.0253865, max = 0.0590450 (LSmallToe)
[2024-10-09 18:02:39.367] [info] Frame 520 (t = 17.3667):	 total squared error = 0.0120787, marker error: RMS = 0.0252135, max = 0.0589175 (LSmallToe)
[2024-10-09 18:02:39.387] [info] Frame 521 (t = 17.4):	 total squared error = 0.0117364, marker error: RMS = 0.0248536, max = 0.0572773 (LSmallToe)
[2024-10-09 18:02:39.404] [info] Frame 522 (t = 17.4333):	 total squared error = 0.0110786, marker error: RMS = 0.0241471, max = 0.0530671 (LSmallToe)
[2024-10-09 18:02:39.436] [info] Frame 523 (t = 17.4667):	 total squared error = 0.0101182, marker error: RMS = 0.0230767, max = 0.0460296 (LSmallToe)
[2024-10-09 18:02:39.495] [info] Frame 524 (t = 17.5):	 total squared error = 0.00908354, marker error: RMS = 0.0218651, max = 0.0360530 (LSmallToe)
[2024-10-09 18:02:39.526] [info] Frame 525 (t = 17.5333):	 total squared error = 0.00832389, marker error: RMS = 0.0209308, max = 0.0339736 (RHip)
[2024-10-09 18:02:39.597] [info] Frame 526 (t = 17.5667):	 total squared error = 0.00801939, marker error: RMS = 0.0205444, max = 0.0349702 (RHip)
[2024-10-09 18:02:39.624] [info] Frame 527 (t = 17.6):	 total squared error = 0.00805650, marker error: RMS = 0.0205919, max = 0.0357808 (RHip)
[2024-10-09 18:02:39.658] [info] Frame 528 (t = 17.6333):	 total squared error = 0.00833842, marker error: RMS = 0.0209491, max = 0.0363359 (RHip)
[2024-10-09 18:02:39.711] [info] Frame 529 (t = 17.6667):	 total squared error = 0.00896609, marker error: RMS = 0.0217232, max = 0.0363719 (RHip)
[2024-10-09 18:02:39.765] [info] Frame 530 (t = 17.7):	 total squared error = 0.0100274, marker error: RMS = 0.022973, max = 0.0386052 (LSmallToe)
[2024-10-09 18:02:39.797] [info] Frame 531 (t = 17.7333):	 total squared error = 0.0113597, marker error: RMS = 0.0244516, max = 0.0495938 (LSmallToe)
[2024-10-09 18:02:39.829] [info] Frame 532 (t = 17.7667):	 total squared error = 0.0125147, marker error: RMS = 0.0256645, max = 0.0575458 (LSmallToe)
[2024-10-09 18:02:39.898] [info] Frame 533 (t = 17.8):	 total squared error = 0.0132343, marker error: RMS = 0.0263921, max = 0.0621317 (LSmallToe)
[2024-10-09 18:02:39.969] [info] Frame 534 (t = 17.8333):	 total squared error = 0.0135221, marker error: RMS = 0.0266775, max = 0.0637737 (LSmallToe)
[2024-10-09 18:02:40.023] [info] Frame 535 (t = 17.8667):	 total squared error = 0.0135265, marker error: RMS = 0.0266819, max = 0.063638 (LSmallToe)
[2024-10-09 18:02:40.072] [info] Frame 536 (t = 17.9):	 total squared error = 0.0133779, marker error: RMS = 0.0265349, max = 0.0622667 (LSmallToe)
[2024-10-09 18:02:40.170] [info] Frame 537 (t = 17.9333):	 total squared error = 0.0130597, marker error: RMS = 0.0262174, max = 0.0601100 (LSmallToe)
[2024-10-09 18:02:40.206] [info] Frame 538 (t = 17.9667):	 total squared error = 0.0126097, marker error: RMS = 0.0257618, max = 0.0567367 (LSmallToe)
[2024-10-09 18:02:40.252] [info] Frame 539 (t = 18.0):	 total squared error = 0.0120279, marker error: RMS = 0.0251604, max = 0.0526058 (LSmallToe)
[2024-10-09 18:02:40.293] [info] Frame 540 (t = 18.0333):	 total squared error = 0.0114268, marker error: RMS = 0.0245237, max = 0.0479050 (LSmallToe)
[2024-10-09 18:02:40.373] [info] Frame 541 (t = 18.0667):	 total squared error = 0.0109692, marker error: RMS = 0.0240276, max = 0.0441306 (LSmallToe)
[2024-10-09 18:02:40.426] [info] Frame 542 (t = 18.1):	 total squared error = 0.0106937, marker error: RMS = 0.023724, max = 0.0418761 (LSmallToe)
[2024-10-09 18:02:40.509] [info] Frame 543 (t = 18.1333):	 total squared error = 0.0104161, marker error: RMS = 0.023414, max = 0.0399155 (LSmallToe)
[2024-10-09 18:02:40.570] [info] Frame 544 (t = 18.1667):	 total squared error = 0.0101123, marker error: RMS = 0.0230700, max = 0.0377701 (LSmallToe)
[2024-10-09 18:02:40.625] [info] Frame 545 (t = 18.2):	 total squared error = 0.00990705, marker error: RMS = 0.0228347, max = 0.0368522 (RHip)
[2024-10-09 18:02:40.714] [info] Frame 546 (t = 18.2333):	 total squared error = 0.0100192, marker error: RMS = 0.0229636, max = 0.0385121 (LSmallToe)
[2024-10-09 18:02:40.808] [info] Frame 547 (t = 18.2667):	 total squared error = 0.0105776, marker error: RMS = 0.0235948, max = 0.0437159 (LSmallToe)
[2024-10-09 18:02:40.924] [info] Frame 548 (t = 18.3):	 total squared error = 0.0113761, marker error: RMS = 0.0244692, max = 0.0498294 (LSmallToe)
[2024-10-09 18:02:40.972] [info] Frame 549 (t = 18.3333):	 total squared error = 0.0120015, marker error: RMS = 0.0251328, max = 0.0539072 (LSmallToe)
[2024-10-09 18:02:41.069] [info] Frame 550 (t = 18.3667):	 total squared error = 0.0120148, marker error: RMS = 0.0251468, max = 0.0538229 (LSmallToe)
[2024-10-09 18:02:41.112] [info] Frame 551 (t = 18.4):	 total squared error = 0.0113052, marker error: RMS = 0.0243928, max = 0.0487020 (LSmallToe)
[2024-10-09 18:02:41.130] [info] Frame 552 (t = 18.4333):	 total squared error = 0.0100905, marker error: RMS = 0.0230452, max = 0.0391685 (LSmallToe)
[2024-10-09 18:02:41.165] [info] Frame 553 (t = 18.4667):	 total squared error = 0.00892427, marker error: RMS = 0.0216725, max = 0.0360295 (RHip)
[2024-10-09 18:02:41.198] [info] Frame 554 (t = 18.5):	 total squared error = 0.00813218, marker error: RMS = 0.0206884, max = 0.0354036 (RHip)
[2024-10-09 18:02:41.262] [info] Frame 555 (t = 18.5333):	 total squared error = 0.00767836, marker error: RMS = 0.0201028, max = 0.0345818 (RHip)
[2024-10-09 18:02:41.299] [info] Frame 556 (t = 18.5667):	 total squared error = 0.00745514, marker error: RMS = 0.0198085, max = 0.0339927 (RHip)
[2024-10-09 18:02:41.331] [info] Frame 557 (t = 18.6):	 total squared error = 0.00734229, marker error: RMS = 0.019658, max = 0.033559 (RHip)
[2024-10-09 18:02:41.360] [info] Frame 558 (t = 18.6333):	 total squared error = 0.00728633, marker error: RMS = 0.0195829, max = 0.0333253 (RHip)
[2024-10-09 18:02:41.391] [info] Frame 559 (t = 18.6667):	 total squared error = 0.00728201, marker error: RMS = 0.0195771, max = 0.0332012 (RHip)
[2024-10-09 18:02:41.424] [info] Frame 560 (t = 18.7):	 total squared error = 0.00732747, marker error: RMS = 0.0196381, max = 0.0334434 (RHip)
[2024-10-09 18:02:41.451] [info] Frame 561 (t = 18.7333):	 total squared error = 0.00744865, marker error: RMS = 0.0197998, max = 0.0339241 (RHip)
[2024-10-09 18:02:41.481] [info] Frame 562 (t = 18.7667):	 total squared error = 0.00762066, marker error: RMS = 0.0200272, max = 0.034934 (RHip)
[2024-10-09 18:02:41.515] [info] Frame 563 (t = 18.8):	 total squared error = 0.00787259, marker error: RMS = 0.0203555, max = 0.0361711 (RHip)
[2024-10-09 18:02:41.547] [info] Frame 564 (t = 18.8333):	 total squared error = 0.00814266, marker error: RMS = 0.0207017, max = 0.0374488 (RHip)
[2024-10-09 18:02:41.578] [info] Frame 565 (t = 18.8667):	 total squared error = 0.00835338, marker error: RMS = 0.0209679, max = 0.0384456 (RHip)
[2024-10-09 18:02:41.608] [info] Frame 566 (t = 18.9):	 total squared error = 0.00845310, marker error: RMS = 0.0210927, max = 0.0388796 (RHip)
[2024-10-09 18:02:41.640] [info] Frame 567 (t = 18.9333):	 total squared error = 0.00846887, marker error: RMS = 0.0211123, max = 0.0388541 (RHip)
[2024-10-09 18:02:41.669] [info] Frame 568 (t = 18.9667):	 total squared error = 0.00841806, marker error: RMS = 0.0210489, max = 0.0385087 (RHip)
[2024-10-09 18:02:41.708] [info] Frame 569 (t = 19.0):	 total squared error = 0.00831229, marker error: RMS = 0.0209162, max = 0.0380097 (RHip)
[2024-10-09 18:02:41.741] [info] Frame 570 (t = 19.0333):	 total squared error = 0.00818090, marker error: RMS = 0.0207503, max = 0.0373358 (RHip)
[2024-10-09 18:02:41.770] [info] Frame 571 (t = 19.0667):	 total squared error = 0.00802083, marker error: RMS = 0.0205463, max = 0.0366856 (RHip)
[2024-10-09 18:02:41.800] [info] Frame 572 (t = 19.1):	 total squared error = 0.00785817, marker error: RMS = 0.0203369, max = 0.0361008 (RHip)
[2024-10-09 18:02:41.830] [info] Frame 573 (t = 19.1333):	 total squared error = 0.00773399, marker error: RMS = 0.0201755, max = 0.0356962 (RHip)
[2024-10-09 18:02:41.915] [info] Frame 574 (t = 19.1667):	 total squared error = 0.00759893, marker error: RMS = 0.0199986, max = 0.0355275 (RHip)
[2024-10-09 18:02:41.947] [info] Frame 575 (t = 19.2):	 total squared error = 0.00752691, marker error: RMS = 0.0199036, max = 0.0354514 (RHip)
[2024-10-09 18:02:41.980] [info] Frame 576 (t = 19.2333):	 total squared error = 0.00747803, marker error: RMS = 0.0198389, max = 0.0354733 (RHip)
[2024-10-09 18:02:42.012] [info] Frame 577 (t = 19.2667):	 total squared error = 0.00746249, marker error: RMS = 0.0198182, max = 0.0355768 (RHip)
[2024-10-09 18:02:42.042] [info] Frame 578 (t = 19.3):	 total squared error = 0.00750095, marker error: RMS = 0.0198692, max = 0.0356635 (RHip)
[2024-10-09 18:02:42.111] [info] Frame 579 (t = 19.3333):	 total squared error = 0.00759744, marker error: RMS = 0.0199966, max = 0.0357908 (RHip)
[2024-10-09 18:02:42.146] [info] Frame 580 (t = 19.3667):	 total squared error = 0.00781523, marker error: RMS = 0.0202812, max = 0.0360045 (RHip)
[2024-10-09 18:02:42.176] [info] Frame 581 (t = 19.4):	 total squared error = 0.00820841, marker error: RMS = 0.0207851, max = 0.0361444 (RHip)
[2024-10-09 18:02:42.193] [info] Frame 582 (t = 19.4333):	 total squared error = 0.00874321, marker error: RMS = 0.0214515, max = 0.0363944 (RHip)
[2024-10-09 18:02:42.289] [info] Frame 583 (t = 19.4667):	 total squared error = 0.00903356, marker error: RMS = 0.0218048, max = 0.036677 (RHip)
[2024-10-09 18:02:42.326] [info] Frame 584 (t = 19.5):	 total squared error = 0.00888120, marker error: RMS = 0.0216202, max = 0.0368353 (RHip)
[2024-10-09 18:02:42.360] [info] Frame 585 (t = 19.5333):	 total squared error = 0.00832937, marker error: RMS = 0.0209377, max = 0.0369694 (RHip)
[2024-10-09 18:02:42.391] [info] Frame 586 (t = 19.5667):	 total squared error = 0.00786469, marker error: RMS = 0.0203453, max = 0.0373737 (RHip)
[2024-10-09 18:02:42.405] [info] InverseKinematicsTool completed 587 frames in 32 second(s).
