[2024-10-09 17:50:37.665] [info] Preparing to run InverseKinematicsTool.
[2024-10-09 17:50:37.687] [info] Loaded model Pose2Sim_scaled from file Model_Pose2Sim_Halpe26_scaled.osim
[2024-10-09 17:50:37.688] [warning] Couldn't find file 'r_pelvis.vtp'.
[2024-10-09 17:50:37.688] [warning] Couldn't find file 'l_pelvis.vtp'.
[2024-10-09 17:50:37.688] [warning] Couldn't find file 'sacrum.vtp'.
[2024-10-09 17:50:37.688] [warning] Couldn't find file 'femur_r.vtp'.
[2024-10-09 17:50:37.688] [warning] Couldn't find file 'r_patella.vtp'.
[2024-10-09 17:50:37.688] [warning] Couldn't find file 'tibia_r.vtp'.
[2024-10-09 17:50:37.689] [warning] Couldn't find file 'fibula_r.vtp'.
[2024-10-09 17:50:37.689] [warning] Couldn't find file 'talus_rv.vtp'.
[2024-10-09 17:50:37.689] [warning] Couldn't find file 'foot.vtp'.
[2024-10-09 17:50:37.689] [warning] Couldn't find file 'bofoot.vtp'.
[2024-10-09 17:50:37.689] [warning] Couldn't find file 'femur_l.vtp'.
[2024-10-09 17:50:37.689] [warning] Couldn't find file 'l_patella.vtp'.
[2024-10-09 17:50:37.690] [warning] Couldn't find file 'tibia_l.vtp'.
[2024-10-09 17:50:37.690] [warning] Couldn't find file 'fibula_l.vtp'.
[2024-10-09 17:50:37.690] [warning] Couldn't find file 'talus_lv.vtp'.
[2024-10-09 17:50:37.690] [warning] Couldn't find file 'l_foot.vtp'.
[2024-10-09 17:50:37.690] [warning] Couldn't find file 'l_bofoot.vtp'.
[2024-10-09 17:50:37.690] [warning] Couldn't find file 'lumbar5.vtp'.
[2024-10-09 17:50:37.690] [warning] Couldn't find file 'lumbar4.vtp'.
[2024-10-09 17:50:37.690] [warning] Couldn't find file 'lumbar3.vtp'.
[2024-10-09 17:50:37.691] [warning] Couldn't find file 'lumbar2.vtp'.
[2024-10-09 17:50:37.691] [warning] Couldn't find file 'lumbar1.vtp'.
[2024-10-09 17:50:37.691] [warning] Couldn't find file 'cerv1sm.vtp'.
[2024-10-09 17:50:37.691] [warning] Couldn't find file 'cerv2sm.vtp'.
[2024-10-09 17:50:37.691] [warning] Couldn't find file 'cerv3sm.vtp'.
[2024-10-09 17:50:37.691] [warning] Couldn't find file 'cerv4sm.vtp'.
[2024-10-09 17:50:37.691] [warning] Couldn't find file 'cerv5sm.vtp'.
[2024-10-09 17:50:37.691] [warning] Couldn't find file 'cerv6sm.vtp'.
[2024-10-09 17:50:37.692] [warning] Couldn't find file 'cerv7.vtp'.
[2024-10-09 17:50:37.692] [warning] Couldn't find file 'thoracic12_s.vtp'.
[2024-10-09 17:50:37.692] [warning] Couldn't find file 'thoracic11_s.vtp'.
[2024-10-09 17:50:37.692] [warning] Couldn't find file 'thoracic10_s.vtp'.
[2024-10-09 17:50:37.692] [warning] Couldn't find file 'thoracic9_s.vtp'.
[2024-10-09 17:50:37.692] [warning] Couldn't find file 'thoracic8_s.vtp'.
[2024-10-09 17:50:37.693] [warning] Couldn't find file 'thoracic7_s.vtp'.
[2024-10-09 17:50:37.693] [warning] Couldn't find file 'thoracic6_s.vtp'.
[2024-10-09 17:50:37.693] [warning] Couldn't find file 'thoracic5_s.vtp'.
[2024-10-09 17:50:37.693] [warning] Couldn't find file 'thoracic4_s.vtp'.
[2024-10-09 17:50:37.693] [warning] Couldn't find file 'thoracic3_s.vtp'.
[2024-10-09 17:50:37.693] [warning] Couldn't find file 'thoracic2_s.vtp'.
[2024-10-09 17:50:37.693] [warning] Couldn't find file 'thoracic1_s.vtp'.
[2024-10-09 17:50:37.693] [warning] Couldn't find file 'hat_ribs_scap.vtp'.
[2024-10-09 17:50:37.694] [warning] Couldn't find file 'hat_jaw.vtp'.
[2024-10-09 17:50:37.694] [warning] Couldn't find file 'hat_skull.vtp'.
[2024-10-09 17:50:37.694] [warning] Couldn't find file 'humerus_rv.vtp'.
[2024-10-09 17:50:37.694] [warning] Couldn't find file 'ulna_rv.vtp'.
[2024-10-09 17:50:37.694] [warning] Couldn't find file 'radius_rv.vtp'.
[2024-10-09 17:50:37.694] [warning] Couldn't find file 'pisiform_rvs.vtp'.
[2024-10-09 17:50:37.694] [warning] Couldn't find file 'lunate_rvs.vtp'.
[2024-10-09 17:50:37.694] [warning] Couldn't find file 'scaphoid_rvs.vtp'.
[2024-10-09 17:50:37.695] [warning] Couldn't find file 'triquetrum_rvs.vtp'.
[2024-10-09 17:50:37.695] [warning] Couldn't find file 'hamate_rvs.vtp'.
[2024-10-09 17:50:37.695] [warning] Couldn't find file 'capitate_rvs.vtp'.
[2024-10-09 17:50:37.695] [warning] Couldn't find file 'trapezoid_rvs.vtp'.
[2024-10-09 17:50:37.695] [warning] Couldn't find file 'trapezium_rvs.vtp'.
[2024-10-09 17:50:37.695] [warning] Couldn't find file 'metacarpal2_rvs.vtp'.
[2024-10-09 17:50:37.695] [warning] Couldn't find file 'index_proximal_rvs.vtp'.
[2024-10-09 17:50:37.696] [warning] Couldn't find file 'index_medial_rvs.vtp'.
[2024-10-09 17:50:37.696] [warning] Couldn't find file 'index_distal_rvs.vtp'.
[2024-10-09 17:50:37.696] [warning] Couldn't find file 'metacarpal3_rvs.vtp'.
[2024-10-09 17:50:37.696] [warning] Couldn't find file 'middle_proximal_rvs.vtp'.
[2024-10-09 17:50:37.696] [warning] Couldn't find file 'middle_medial_rvs.vtp'.
[2024-10-09 17:50:37.697] [warning] Couldn't find file 'middle_distal_rvs.vtp'.
[2024-10-09 17:50:37.697] [warning] Couldn't find file 'metacarpal4_rvs.vtp'.
[2024-10-09 17:50:37.697] [warning] Couldn't find file 'ring_proximal_rvs.vtp'.
[2024-10-09 17:50:37.697] [warning] Couldn't find file 'ring_medial_rvs.vtp'.
[2024-10-09 17:50:37.697] [warning] Couldn't find file 'ring_distal_rvs.vtp'.
[2024-10-09 17:50:37.697] [warning] Couldn't find file 'metacarpal5_rvs.vtp'.
[2024-10-09 17:50:37.698] [warning] Couldn't find file 'little_proximal_rvs.vtp'.
[2024-10-09 17:50:37.698] [warning] Couldn't find file 'little_medial_rvs.vtp'.
[2024-10-09 17:50:37.698] [warning] Couldn't find file 'little_distal_rvs.vtp'.
[2024-10-09 17:50:37.698] [warning] Couldn't find file 'metacarpal1_rvs.vtp'.
[2024-10-09 17:50:37.698] [warning] Couldn't find file 'thumb_proximal_rvs.vtp'.
[2024-10-09 17:50:37.698] [warning] Couldn't find file 'thumb_distal_rvs.vtp'.
[2024-10-09 17:50:37.698] [warning] Couldn't find file 'humerus_lv.vtp'.
[2024-10-09 17:50:37.698] [warning] Couldn't find file 'ulna_lv.vtp'.
[2024-10-09 17:50:37.699] [warning] Couldn't find file 'radius_lv.vtp'.
[2024-10-09 17:50:37.699] [warning] Couldn't find file 'pisiform_lvs.vtp'.
[2024-10-09 17:50:37.699] [warning] Couldn't find file 'lunate_lvs.vtp'.
[2024-10-09 17:50:37.699] [warning] Couldn't find file 'scaphoid_lvs.vtp'.
[2024-10-09 17:50:37.699] [warning] Couldn't find file 'triquetrum_lvs.vtp'.
[2024-10-09 17:50:37.699] [warning] Couldn't find file 'hamate_lvs.vtp'.
[2024-10-09 17:50:37.699] [warning] Couldn't find file 'capitate_lvs.vtp'.
[2024-10-09 17:50:37.699] [warning] Couldn't find file 'trapezoid_lvs.vtp'.
[2024-10-09 17:50:37.700] [warning] Couldn't find file 'trapezium_lvs.vtp'.
[2024-10-09 17:50:37.700] [warning] Couldn't find file 'metacarpal2_lvs.vtp'.
[2024-10-09 17:50:37.700] [warning] Couldn't find file 'index_proximal_lvs.vtp'.
[2024-10-09 17:50:37.700] [warning] Couldn't find file 'index_medial_lvs.vtp'.
[2024-10-09 17:50:37.700] [warning] Couldn't find file 'index_distal_lvs.vtp'.
[2024-10-09 17:50:37.700] [warning] Couldn't find file 'metacarpal3_lvs.vtp'.
[2024-10-09 17:50:37.700] [warning] Couldn't find file 'middle_proximal_lvs.vtp'.
[2024-10-09 17:50:37.700] [warning] Couldn't find file 'middle_medial_lvs.vtp'.
[2024-10-09 17:50:37.701] [warning] Couldn't find file 'middle_distal_lvs.vtp'.
[2024-10-09 17:50:37.701] [warning] Couldn't find file 'metacarpal4_lvs.vtp'.
[2024-10-09 17:50:37.701] [warning] Couldn't find file 'ring_proximal_lvs.vtp'.
[2024-10-09 17:50:37.701] [warning] Couldn't find file 'ring_medial_lvs.vtp'.
[2024-10-09 17:50:37.701] [warning] Couldn't find file 'ring_distal_lvs.vtp'.
[2024-10-09 17:50:37.701] [warning] Couldn't find file 'metacarpal5_lvs.vtp'.
[2024-10-09 17:50:37.701] [warning] Couldn't find file 'little_proximal_lvs.vtp'.
[2024-10-09 17:50:37.701] [warning] Couldn't find file 'little_medial_lvs.vtp'.
[2024-10-09 17:50:37.702] [warning] Couldn't find file 'little_distal_lvs.vtp'.
[2024-10-09 17:50:37.702] [warning] Couldn't find file 'metacarpal1_lvs.vtp'.
[2024-10-09 17:50:37.702] [warning] Couldn't find file 'thumb_proximal_lvs.vtp'.
[2024-10-09 17:50:37.702] [warning] Couldn't find file 'thumb_distal_lvs.vtp'.
[2024-10-09 17:50:37.703] [cout] [info] 
               MODEL: Pose2Sim_scaled
         coordinates: 62
              forces: 0
           actuators: 0
             muscles: 0
            analyses: 0
              probes: 0
              bodies: 30
              joints: 30
         constraints: 20
             markers: 22
         controllers: 0
  contact geometries: 0
misc modelcomponents: 0
[2024-10-09 17:50:37.704] [info] Running tool .
[2024-10-09 17:50:38.109] [info] Frame 0 (t = 0.0333333):	 total squared error = 0.0136981, marker error: RMS = 0.0268505, max = 0.0549615 (LShoulder)
[2024-10-09 17:50:38.151] [info] Frame 1 (t = 0.0666667):	 total squared error = 0.0119236, marker error: RMS = 0.0250511, max = 0.0532784 (LShoulder)
[2024-10-09 17:50:38.221] [info] Frame 2 (t = 0.1):	 total squared error = 0.0111356, marker error: RMS = 0.0242092, max = 0.0520423 (LShoulder)
[2024-10-09 17:50:38.250] [info] Frame 3 (t = 0.133333):	 total squared error = 0.0109316, marker error: RMS = 0.0239864, max = 0.0509287 (LShoulder)
[2024-10-09 17:50:38.275] [info] Frame 4 (t = 0.166667):	 total squared error = 0.0109468, marker error: RMS = 0.0240031, max = 0.0500716 (LShoulder)
[2024-10-09 17:50:38.293] [info] Frame 5 (t = 0.2):	 total squared error = 0.0109910, marker error: RMS = 0.0240515, max = 0.0494494 (LShoulder)
[2024-10-09 17:50:38.358] [info] Frame 6 (t = 0.233333):	 total squared error = 0.0109791, marker error: RMS = 0.0240385, max = 0.0495325 (LShoulder)
[2024-10-09 17:50:38.391] [info] Frame 7 (t = 0.266667):	 total squared error = 0.0109552, marker error: RMS = 0.0240123, max = 0.0492377 (LShoulder)
[2024-10-09 17:50:38.410] [info] Frame 8 (t = 0.3):	 total squared error = 0.0109337, marker error: RMS = 0.0239887, max = 0.0490595 (LShoulder)
[2024-10-09 17:50:38.479] [info] Frame 9 (t = 0.333333):	 total squared error = 0.0108428, marker error: RMS = 0.0238888, max = 0.049724 (LShoulder)
[2024-10-09 17:50:38.499] [info] Frame 10 (t = 0.366667):	 total squared error = 0.0109090, marker error: RMS = 0.0239616, max = 0.0500261 (LShoulder)
[2024-10-09 17:50:38.564] [info] Frame 11 (t = 0.4):	 total squared error = 0.0111319, marker error: RMS = 0.0242052, max = 0.0501098 (LShoulder)
[2024-10-09 17:50:38.584] [info] Frame 12 (t = 0.433333):	 total squared error = 0.0115046, marker error: RMS = 0.0246070, max = 0.0505061 (LShoulder)
[2024-10-09 17:50:38.636] [info] Frame 13 (t = 0.466667):	 total squared error = 0.0119131, marker error: RMS = 0.0250401, max = 0.0499311 (LShoulder)
[2024-10-09 17:50:38.667] [info] Frame 14 (t = 0.5):	 total squared error = 0.0123182, marker error: RMS = 0.0254622, max = 0.0498129 (LShoulder)
[2024-10-09 17:50:38.688] [info] Frame 15 (t = 0.533333):	 total squared error = 0.0125968, marker error: RMS = 0.0257486, max = 0.0496657 (LShoulder)
[2024-10-09 17:50:38.755] [info] Frame 16 (t = 0.566667):	 total squared error = 0.0127109, marker error: RMS = 0.0258649, max = 0.049187 (LShoulder)
[2024-10-09 17:50:38.777] [info] Frame 17 (t = 0.6):	 total squared error = 0.0127491, marker error: RMS = 0.0259037, max = 0.0487847 (LShoulder)
[2024-10-09 17:50:38.794] [info] Frame 18 (t = 0.633333):	 total squared error = 0.0127716, marker error: RMS = 0.0259266, max = 0.0484643 (LShoulder)
[2024-10-09 17:50:38.822] [info] Frame 19 (t = 0.666667):	 total squared error = 0.012816, marker error: RMS = 0.0259717, max = 0.0482507 (LShoulder)
[2024-10-09 17:50:38.840] [info] Frame 20 (t = 0.7):	 total squared error = 0.0129178, marker error: RMS = 0.0260746, max = 0.0481573 (LShoulder)
[2024-10-09 17:50:38.882] [info] Frame 21 (t = 0.733333):	 total squared error = 0.0129873, marker error: RMS = 0.0261446, max = 0.0482003 (LShoulder)
[2024-10-09 17:50:38.905] [info] Frame 22 (t = 0.766667):	 total squared error = 0.0130693, marker error: RMS = 0.026227, max = 0.0483878 (LShoulder)
[2024-10-09 17:50:38.948] [info] Frame 23 (t = 0.8):	 total squared error = 0.0131167, marker error: RMS = 0.0262746, max = 0.0483236 (LShoulder)
[2024-10-09 17:50:38.997] [info] Frame 24 (t = 0.833333):	 total squared error = 0.0131488, marker error: RMS = 0.0263067, max = 0.0483424 (LShoulder)
[2024-10-09 17:50:39.040] [info] Frame 25 (t = 0.866667):	 total squared error = 0.0131908, marker error: RMS = 0.0263486, max = 0.048299 (LShoulder)
[2024-10-09 17:50:39.061] [info] Frame 26 (t = 0.9):	 total squared error = 0.0132688, marker error: RMS = 0.0264265, max = 0.0481163 (LShoulder)
[2024-10-09 17:50:39.082] [info] Frame 27 (t = 0.933333):	 total squared error = 0.0133871, marker error: RMS = 0.026544, max = 0.04782 (LShoulder)
[2024-10-09 17:50:39.132] [info] Frame 28 (t = 0.966667):	 total squared error = 0.0134279, marker error: RMS = 0.0265844, max = 0.0480847 (LShoulder)
[2024-10-09 17:50:39.152] [info] Frame 29 (t = 1.0):	 total squared error = 0.0134531, marker error: RMS = 0.0266094, max = 0.0478097 (LShoulder)
[2024-10-09 17:50:39.179] [info] Frame 30 (t = 1.03333):	 total squared error = 0.0134139, marker error: RMS = 0.0265705, max = 0.0476369 (LShoulder)
[2024-10-09 17:50:39.217] [info] Frame 31 (t = 1.06667):	 total squared error = 0.0133692, marker error: RMS = 0.0265262, max = 0.0476536 (LShoulder)
[2024-10-09 17:50:39.249] [info] Frame 32 (t = 1.1):	 total squared error = 0.0133353, marker error: RMS = 0.0264926, max = 0.0476387 (LShoulder)
[2024-10-09 17:50:39.341] [info] Frame 33 (t = 1.13333):	 total squared error = 0.0132359, marker error: RMS = 0.0263937, max = 0.0478528 (LShoulder)
[2024-10-09 17:50:39.414] [info] Frame 34 (t = 1.16667):	 total squared error = 0.0130867, marker error: RMS = 0.0262444, max = 0.0479132 (LShoulder)
[2024-10-09 17:50:39.480] [info] Frame 35 (t = 1.2):	 total squared error = 0.0128498, marker error: RMS = 0.0260058, max = 0.0480722 (LShoulder)
[2024-10-09 17:50:39.545] [info] Frame 36 (t = 1.23333):	 total squared error = 0.0125737, marker error: RMS = 0.025725, max = 0.0484116 (LShoulder)
[2024-10-09 17:50:39.622] [info] Frame 37 (t = 1.26667):	 total squared error = 0.0123211, marker error: RMS = 0.0254652, max = 0.0488644 (LShoulder)
[2024-10-09 17:50:39.699] [info] Frame 38 (t = 1.3):	 total squared error = 0.0121093, marker error: RMS = 0.0252455, max = 0.049312 (LShoulder)
[2024-10-09 17:50:39.731] [info] Frame 39 (t = 1.33333):	 total squared error = 0.0119542, marker error: RMS = 0.0250832, max = 0.0494807 (LShoulder)
[2024-10-09 17:50:39.805] [info] Frame 40 (t = 1.36667):	 total squared error = 0.0118619, marker error: RMS = 0.0249862, max = 0.0497859 (LShoulder)
[2024-10-09 17:50:39.872] [info] Frame 41 (t = 1.4):	 total squared error = 0.0119108, marker error: RMS = 0.0250377, max = 0.0497861 (LShoulder)
[2024-10-09 17:50:39.949] [info] Frame 42 (t = 1.43333):	 total squared error = 0.0120898, marker error: RMS = 0.0252251, max = 0.0495904 (LShoulder)
[2024-10-09 17:50:39.980] [info] Frame 43 (t = 1.46667):	 total squared error = 0.0123483, marker error: RMS = 0.0254934, max = 0.0495493 (LShoulder)
[2024-10-09 17:50:40.043] [info] Frame 44 (t = 1.5):	 total squared error = 0.0125669, marker error: RMS = 0.025718, max = 0.0487089 (LShoulder)
[2024-10-09 17:50:40.061] [info] Frame 45 (t = 1.53333):	 total squared error = 0.0127443, marker error: RMS = 0.0258989, max = 0.0484816 (LShoulder)
[2024-10-09 17:50:40.092] [info] Frame 46 (t = 1.56667):	 total squared error = 0.0128874, marker error: RMS = 0.0260439, max = 0.0481184 (LShoulder)
[2024-10-09 17:50:40.150] [info] Frame 47 (t = 1.6):	 total squared error = 0.0129789, marker error: RMS = 0.0261362, max = 0.0476569 (LShoulder)
[2024-10-09 17:50:40.222] [info] Frame 48 (t = 1.63333):	 total squared error = 0.0130289, marker error: RMS = 0.0261864, max = 0.0474758 (LShoulder)
[2024-10-09 17:50:40.256] [info] Frame 49 (t = 1.66667):	 total squared error = 0.0130505, marker error: RMS = 0.0262082, max = 0.047233 (LShoulder)
[2024-10-09 17:50:40.326] [info] Frame 50 (t = 1.7):	 total squared error = 0.0130643, marker error: RMS = 0.0262221, max = 0.0472119 (LShoulder)
[2024-10-09 17:50:40.344] [info] Frame 51 (t = 1.73333):	 total squared error = 0.0131579, marker error: RMS = 0.0263158, max = 0.0472816 (LShoulder)
[2024-10-09 17:50:40.389] [info] Frame 52 (t = 1.76667):	 total squared error = 0.013299, marker error: RMS = 0.0264565, max = 0.0473701 (LShoulder)
[2024-10-09 17:50:40.414] [info] Frame 53 (t = 1.8):	 total squared error = 0.0134438, marker error: RMS = 0.0266001, max = 0.0475445 (LShoulder)
[2024-10-09 17:50:40.478] [info] Frame 54 (t = 1.83333):	 total squared error = 0.0134206, marker error: RMS = 0.0265772, max = 0.0476861 (LShoulder)
[2024-10-09 17:50:40.509] [info] Frame 55 (t = 1.86667):	 total squared error = 0.013247, marker error: RMS = 0.0264047, max = 0.0478189 (LShoulder)
[2024-10-09 17:50:40.560] [info] Frame 56 (t = 1.9):	 total squared error = 0.0129745, marker error: RMS = 0.0261317, max = 0.0475591 (LShoulder)
[2024-10-09 17:50:40.588] [info] Frame 57 (t = 1.93333):	 total squared error = 0.0126861, marker error: RMS = 0.0258397, max = 0.0472716 (LShoulder)
[2024-10-09 17:50:40.631] [info] Frame 58 (t = 1.96667):	 total squared error = 0.0124413, marker error: RMS = 0.0255891, max = 0.046888 (LShoulder)
[2024-10-09 17:50:40.652] [info] Frame 59 (t = 2.0):	 total squared error = 0.0122722, marker error: RMS = 0.0254146, max = 0.0463683 (LShoulder)
[2024-10-09 17:50:40.675] [info] Frame 60 (t = 2.03333):	 total squared error = 0.012143, marker error: RMS = 0.0252805, max = 0.0457687 (LShoulder)
[2024-10-09 17:50:40.709] [info] Frame 61 (t = 2.06667):	 total squared error = 0.0120176, marker error: RMS = 0.0251496, max = 0.0452967 (LShoulder)
[2024-10-09 17:50:40.726] [info] Frame 62 (t = 2.1):	 total squared error = 0.0119566, marker error: RMS = 0.0250857, max = 0.0449329 (LShoulder)
[2024-10-09 17:50:40.766] [info] Frame 63 (t = 2.13333):	 total squared error = 0.0119681, marker error: RMS = 0.0250978, max = 0.0452007 (LShoulder)
[2024-10-09 17:50:40.784] [info] Frame 64 (t = 2.16667):	 total squared error = 0.0122023, marker error: RMS = 0.0253422, max = 0.0453191 (LShoulder)
[2024-10-09 17:50:40.808] [info] Frame 65 (t = 2.2):	 total squared error = 0.0125499, marker error: RMS = 0.0257006, max = 0.0456651 (LShoulder)
[2024-10-09 17:50:40.846] [info] Frame 66 (t = 2.23333):	 total squared error = 0.0128861, marker error: RMS = 0.0260426, max = 0.0459904 (LShoulder)
[2024-10-09 17:50:40.913] [info] Frame 67 (t = 2.26667):	 total squared error = 0.0131090, marker error: RMS = 0.0262668, max = 0.046439 (LShoulder)
[2024-10-09 17:50:40.954] [info] Frame 68 (t = 2.3):	 total squared error = 0.0132191, marker error: RMS = 0.0263769, max = 0.046626 (LShoulder)
[2024-10-09 17:50:40.985] [info] Frame 69 (t = 2.33333):	 total squared error = 0.0132514, marker error: RMS = 0.0264092, max = 0.0466008 (LShoulder)
[2024-10-09 17:50:41.026] [info] Frame 70 (t = 2.36667):	 total squared error = 0.0132205, marker error: RMS = 0.0263784, max = 0.04656 (LShoulder)
[2024-10-09 17:50:41.048] [info] Frame 71 (t = 2.4):	 total squared error = 0.0131629, marker error: RMS = 0.0263208, max = 0.0464561 (LShoulder)
[2024-10-09 17:50:41.077] [info] Frame 72 (t = 2.43333):	 total squared error = 0.0131182, marker error: RMS = 0.026276, max = 0.0465751 (LShoulder)
[2024-10-09 17:50:41.104] [info] Frame 73 (t = 2.46667):	 total squared error = 0.0131382, marker error: RMS = 0.0262961, max = 0.0465856 (LShoulder)
[2024-10-09 17:50:41.127] [info] Frame 74 (t = 2.5):	 total squared error = 0.0132385, marker error: RMS = 0.0263963, max = 0.0466228 (LShoulder)
[2024-10-09 17:50:41.146] [info] Frame 75 (t = 2.53333):	 total squared error = 0.0134, marker error: RMS = 0.0265568, max = 0.0465963 (LShoulder)
[2024-10-09 17:50:41.172] [info] Frame 76 (t = 2.56667):	 total squared error = 0.0135763, marker error: RMS = 0.0267309, max = 0.0466231 (LShoulder)
[2024-10-09 17:50:41.216] [info] Frame 77 (t = 2.6):	 total squared error = 0.0137215, marker error: RMS = 0.0268735, max = 0.0464525 (LShoulder)
[2024-10-09 17:50:41.235] [info] Frame 78 (t = 2.63333):	 total squared error = 0.0137951, marker error: RMS = 0.0269455, max = 0.0464367 (LShoulder)
[2024-10-09 17:50:41.262] [info] Frame 79 (t = 2.66667):	 total squared error = 0.0137899, marker error: RMS = 0.0269403, max = 0.0463782 (LShoulder)
[2024-10-09 17:50:41.286] [info] Frame 80 (t = 2.7):	 total squared error = 0.0137543, marker error: RMS = 0.0269056, max = 0.0463269 (LShoulder)
[2024-10-09 17:50:41.306] [info] Frame 81 (t = 2.73333):	 total squared error = 0.0137437, marker error: RMS = 0.0268952, max = 0.0463065 (LShoulder)
[2024-10-09 17:50:41.326] [info] Frame 82 (t = 2.76667):	 total squared error = 0.0137902, marker error: RMS = 0.0269407, max = 0.0463242 (LShoulder)
[2024-10-09 17:50:41.356] [info] Frame 83 (t = 2.8):	 total squared error = 0.0138805, marker error: RMS = 0.0270287, max = 0.0464273 (LShoulder)
[2024-10-09 17:50:41.392] [info] Frame 84 (t = 2.83333):	 total squared error = 0.0139819, marker error: RMS = 0.0271273, max = 0.0465775 (LShoulder)
[2024-10-09 17:50:41.429] [info] Frame 85 (t = 2.86667):	 total squared error = 0.0140433, marker error: RMS = 0.0271868, max = 0.0466762 (LShoulder)
[2024-10-09 17:50:41.483] [info] Frame 86 (t = 2.9):	 total squared error = 0.0139869, marker error: RMS = 0.0271321, max = 0.0469926 (LShoulder)
[2024-10-09 17:50:41.513] [info] Frame 87 (t = 2.93333):	 total squared error = 0.0138178, marker error: RMS = 0.0269676, max = 0.0472867 (LShoulder)
[2024-10-09 17:50:41.564] [info] Frame 88 (t = 2.96667):	 total squared error = 0.0135575, marker error: RMS = 0.0267125, max = 0.0475528 (LShoulder)
[2024-10-09 17:50:41.628] [info] Frame 89 (t = 3.0):	 total squared error = 0.0133047, marker error: RMS = 0.0264622, max = 0.0475409 (LShoulder)
[2024-10-09 17:50:41.651] [info] Frame 90 (t = 3.03333):	 total squared error = 0.0130944, marker error: RMS = 0.0262522, max = 0.0475608 (LShoulder)
[2024-10-09 17:50:41.672] [info] Frame 91 (t = 3.06667):	 total squared error = 0.0129301, marker error: RMS = 0.0260870, max = 0.047214 (LShoulder)
[2024-10-09 17:50:41.734] [info] Frame 92 (t = 3.1):	 total squared error = 0.0127077, marker error: RMS = 0.0258617, max = 0.0460036 (LShoulder)
[2024-10-09 17:50:41.766] [info] Frame 93 (t = 3.13333):	 total squared error = 0.0125281, marker error: RMS = 0.0256783, max = 0.0449858 (LShoulder)
[2024-10-09 17:50:41.806] [info] Frame 94 (t = 3.16667):	 total squared error = 0.0124014, marker error: RMS = 0.0255481, max = 0.0440784 (LShoulder)
[2024-10-09 17:50:41.828] [info] Frame 95 (t = 3.2):	 total squared error = 0.0124287, marker error: RMS = 0.0255762, max = 0.0435682 (LShoulder)
[2024-10-09 17:50:41.858] [info] Frame 96 (t = 3.23333):	 total squared error = 0.0126758, marker error: RMS = 0.0258292, max = 0.0437861 (LShoulder)
[2024-10-09 17:50:41.906] [info] Frame 97 (t = 3.26667):	 total squared error = 0.0130370, marker error: RMS = 0.0261946, max = 0.0448874 (LShoulder)
[2024-10-09 17:50:41.924] [info] Frame 98 (t = 3.3):	 total squared error = 0.0134784, marker error: RMS = 0.0266344, max = 0.0454958 (LShoulder)
[2024-10-09 17:50:41.951] [info] Frame 99 (t = 3.33333):	 total squared error = 0.0138206, marker error: RMS = 0.0269704, max = 0.0459104 (LShoulder)
[2024-10-09 17:50:42.001] [info] Frame 100 (t = 3.36667):	 total squared error = 0.0139065, marker error: RMS = 0.0270541, max = 0.0468848 (LShoulder)
[2024-10-09 17:50:42.025] [info] Frame 101 (t = 3.4):	 total squared error = 0.0138469, marker error: RMS = 0.026996, max = 0.0472192 (LShoulder)
[2024-10-09 17:50:42.117] [info] Frame 102 (t = 3.43333):	 total squared error = 0.0136588, marker error: RMS = 0.026812, max = 0.0475040 (LShoulder)
[2024-10-09 17:50:42.163] [info] Frame 103 (t = 3.46667):	 total squared error = 0.0134373, marker error: RMS = 0.0265937, max = 0.0476879 (LShoulder)
[2024-10-09 17:50:42.201] [info] Frame 104 (t = 3.5):	 total squared error = 0.0132391, marker error: RMS = 0.0263969, max = 0.0476941 (LShoulder)
[2024-10-09 17:50:42.249] [info] Frame 105 (t = 3.53333):	 total squared error = 0.0130355, marker error: RMS = 0.0261931, max = 0.04772 (LShoulder)
[2024-10-09 17:50:42.287] [info] Frame 106 (t = 3.56667):	 total squared error = 0.012861, marker error: RMS = 0.0260172, max = 0.0476029 (LShoulder)
[2024-10-09 17:50:42.316] [info] Frame 107 (t = 3.6):	 total squared error = 0.0127161, marker error: RMS = 0.0258702, max = 0.0474915 (LShoulder)
[2024-10-09 17:50:42.343] [info] Frame 108 (t = 3.63333):	 total squared error = 0.0125673, marker error: RMS = 0.0257184, max = 0.047531 (LShoulder)
[2024-10-09 17:50:42.408] [info] Frame 109 (t = 3.66667):	 total squared error = 0.0124735, marker error: RMS = 0.0256222, max = 0.0474762 (LShoulder)
[2024-10-09 17:50:42.438] [info] Frame 110 (t = 3.7):	 total squared error = 0.0124555, marker error: RMS = 0.0256038, max = 0.0475551 (LShoulder)
[2024-10-09 17:50:42.475] [info] Frame 111 (t = 3.73333):	 total squared error = 0.0125131, marker error: RMS = 0.0256628, max = 0.0475752 (LShoulder)
[2024-10-09 17:50:42.502] [info] Frame 112 (t = 3.76667):	 total squared error = 0.0126129, marker error: RMS = 0.025765, max = 0.0476845 (LShoulder)
[2024-10-09 17:50:42.527] [info] Frame 113 (t = 3.8):	 total squared error = 0.0127040, marker error: RMS = 0.0258579, max = 0.0477603 (LShoulder)
[2024-10-09 17:50:42.569] [info] Frame 114 (t = 3.83333):	 total squared error = 0.0127829, marker error: RMS = 0.0259381, max = 0.0477687 (LShoulder)
[2024-10-09 17:50:42.597] [info] Frame 115 (t = 3.86667):	 total squared error = 0.012865, marker error: RMS = 0.0260213, max = 0.0477763 (LShoulder)
[2024-10-09 17:50:42.645] [info] Frame 116 (t = 3.9):	 total squared error = 0.0129382, marker error: RMS = 0.0260952, max = 0.0477242 (LShoulder)
[2024-10-09 17:50:42.695] [info] Frame 117 (t = 3.93333):	 total squared error = 0.0129958, marker error: RMS = 0.0261532, max = 0.0476053 (LShoulder)
[2024-10-09 17:50:42.749] [info] Frame 118 (t = 3.96667):	 total squared error = 0.0130020, marker error: RMS = 0.0261595, max = 0.0475644 (LShoulder)
[2024-10-09 17:50:42.788] [info] Frame 119 (t = 4.0):	 total squared error = 0.0129298, marker error: RMS = 0.0260867, max = 0.0476578 (LShoulder)
[2024-10-09 17:50:42.824] [info] Frame 120 (t = 4.03333):	 total squared error = 0.0127661, marker error: RMS = 0.025921, max = 0.0477405 (LShoulder)
[2024-10-09 17:50:42.854] [info] Frame 121 (t = 4.06667):	 total squared error = 0.0125482, marker error: RMS = 0.0256989, max = 0.0478595 (LShoulder)
[2024-10-09 17:50:42.900] [info] Frame 122 (t = 4.1):	 total squared error = 0.0123027, marker error: RMS = 0.0254462, max = 0.0483051 (LShoulder)
[2024-10-09 17:50:42.960] [info] Frame 123 (t = 4.13333):	 total squared error = 0.0121404, marker error: RMS = 0.0252778, max = 0.0485491 (LShoulder)
[2024-10-09 17:50:43.004] [info] Frame 124 (t = 4.16667):	 total squared error = 0.0120293, marker error: RMS = 0.0251619, max = 0.0487458 (LShoulder)
[2024-10-09 17:50:43.036] [info] Frame 125 (t = 4.2):	 total squared error = 0.0119614, marker error: RMS = 0.0250908, max = 0.0487677 (LShoulder)
[2024-10-09 17:50:43.076] [info] Frame 126 (t = 4.23333):	 total squared error = 0.0119177, marker error: RMS = 0.0250449, max = 0.0488013 (LShoulder)
[2024-10-09 17:50:43.101] [info] Frame 127 (t = 4.26667):	 total squared error = 0.0119627, marker error: RMS = 0.0250922, max = 0.0487081 (LShoulder)
[2024-10-09 17:50:43.123] [info] Frame 128 (t = 4.3):	 total squared error = 0.0121004, marker error: RMS = 0.0252362, max = 0.0485855 (LShoulder)
[2024-10-09 17:50:43.167] [info] Frame 129 (t = 4.33333):	 total squared error = 0.0123386, marker error: RMS = 0.0254833, max = 0.0484718 (LShoulder)
[2024-10-09 17:50:43.203] [info] Frame 130 (t = 4.36667):	 total squared error = 0.0126675, marker error: RMS = 0.0258208, max = 0.048395 (LShoulder)
[2024-10-09 17:50:43.231] [info] Frame 131 (t = 4.4):	 total squared error = 0.0130081, marker error: RMS = 0.0261656, max = 0.0484292 (LShoulder)
[2024-10-09 17:50:43.251] [info] Frame 132 (t = 4.43333):	 total squared error = 0.0133132, marker error: RMS = 0.0264707, max = 0.0486085 (LShoulder)
[2024-10-09 17:50:43.321] [info] Frame 133 (t = 4.46667):	 total squared error = 0.0135024, marker error: RMS = 0.026658, max = 0.0480706 (LShoulder)
[2024-10-09 17:50:43.345] [info] Frame 134 (t = 4.5):	 total squared error = 0.0136107, marker error: RMS = 0.0267647, max = 0.0481093 (LShoulder)
[2024-10-09 17:50:43.408] [info] Frame 135 (t = 4.53333):	 total squared error = 0.0135887, marker error: RMS = 0.0267432, max = 0.0475095 (LShoulder)
[2024-10-09 17:50:43.441] [info] Frame 136 (t = 4.56667):	 total squared error = 0.0134259, marker error: RMS = 0.0265825, max = 0.0473786 (LShoulder)
[2024-10-09 17:50:43.479] [info] Frame 137 (t = 4.6):	 total squared error = 0.0131533, marker error: RMS = 0.0263112, max = 0.0473637 (LShoulder)
[2024-10-09 17:50:43.537] [info] Frame 138 (t = 4.63333):	 total squared error = 0.0128485, marker error: RMS = 0.0260045, max = 0.0471213 (LShoulder)
[2024-10-09 17:50:43.574] [info] Frame 139 (t = 4.66667):	 total squared error = 0.0125607, marker error: RMS = 0.0257117, max = 0.0471523 (LShoulder)
[2024-10-09 17:50:43.620] [info] Frame 140 (t = 4.7):	 total squared error = 0.012299, marker error: RMS = 0.0254424, max = 0.047127 (LShoulder)
[2024-10-09 17:50:43.663] [info] Frame 141 (t = 4.73333):	 total squared error = 0.0120901, marker error: RMS = 0.0252254, max = 0.0470855 (LShoulder)
[2024-10-09 17:50:43.703] [info] Frame 142 (t = 4.76667):	 total squared error = 0.0119768, marker error: RMS = 0.0251069, max = 0.0470176 (LShoulder)
[2024-10-09 17:50:43.724] [info] Frame 143 (t = 4.8):	 total squared error = 0.0119757, marker error: RMS = 0.0251058, max = 0.0469603 (LShoulder)
[2024-10-09 17:50:43.741] [info] Frame 144 (t = 4.83333):	 total squared error = 0.0120735, marker error: RMS = 0.0252081, max = 0.0469659 (LShoulder)
[2024-10-09 17:50:43.788] [info] Frame 145 (t = 4.86667):	 total squared error = 0.0121757, marker error: RMS = 0.0253146, max = 0.0477186 (LShoulder)
[2024-10-09 17:50:43.813] [info] Frame 146 (t = 4.9):	 total squared error = 0.0124178, marker error: RMS = 0.025565, max = 0.0477734 (LShoulder)
[2024-10-09 17:50:43.841] [info] Frame 147 (t = 4.93333):	 total squared error = 0.0126741, marker error: RMS = 0.0258275, max = 0.0477737 (LShoulder)
[2024-10-09 17:50:43.893] [info] Frame 148 (t = 4.96667):	 total squared error = 0.0127823, marker error: RMS = 0.0259375, max = 0.0482778 (LShoulder)
[2024-10-09 17:50:43.917] [info] Frame 149 (t = 5.0):	 total squared error = 0.0128683, marker error: RMS = 0.0260245, max = 0.0482603 (LShoulder)
[2024-10-09 17:50:43.953] [info] Frame 150 (t = 5.03333):	 total squared error = 0.0128622, marker error: RMS = 0.0260184, max = 0.0481808 (LShoulder)
[2024-10-09 17:50:43.973] [info] Frame 151 (t = 5.06667):	 total squared error = 0.0128503, marker error: RMS = 0.0260064, max = 0.0481787 (LShoulder)
[2024-10-09 17:50:44.005] [info] Frame 152 (t = 5.1):	 total squared error = 0.0129028, marker error: RMS = 0.0260595, max = 0.0482099 (LShoulder)
[2024-10-09 17:50:44.030] [info] Frame 153 (t = 5.13333):	 total squared error = 0.0130787, marker error: RMS = 0.0262365, max = 0.048218 (LShoulder)
[2024-10-09 17:50:44.072] [info] Frame 154 (t = 5.16667):	 total squared error = 0.0132801, marker error: RMS = 0.0264378, max = 0.0478522 (LShoulder)
[2024-10-09 17:50:44.094] [info] Frame 155 (t = 5.2):	 total squared error = 0.0134291, marker error: RMS = 0.0265856, max = 0.047795 (LShoulder)
[2024-10-09 17:50:44.127] [info] Frame 156 (t = 5.23333):	 total squared error = 0.0134849, marker error: RMS = 0.0266408, max = 0.0477398 (LShoulder)
[2024-10-09 17:50:44.195] [info] Frame 157 (t = 5.26667):	 total squared error = 0.0134884, marker error: RMS = 0.0266442, max = 0.0475449 (LShoulder)
[2024-10-09 17:50:44.225] [info] Frame 158 (t = 5.3):	 total squared error = 0.0134757, marker error: RMS = 0.0266317, max = 0.0475077 (LShoulder)
[2024-10-09 17:50:44.260] [info] Frame 159 (t = 5.33333):	 total squared error = 0.0134459, marker error: RMS = 0.0266023, max = 0.04744 (LShoulder)
[2024-10-09 17:50:44.295] [info] Frame 160 (t = 5.36667):	 total squared error = 0.0133295, marker error: RMS = 0.0264868, max = 0.0476025 (LShoulder)
[2024-10-09 17:50:44.321] [info] Frame 161 (t = 5.4):	 total squared error = 0.013134, marker error: RMS = 0.0262919, max = 0.047619 (LShoulder)
[2024-10-09 17:50:44.369] [info] Frame 162 (t = 5.43333):	 total squared error = 0.0128736, marker error: RMS = 0.0260299, max = 0.0475836 (LShoulder)
[2024-10-09 17:50:44.412] [info] Frame 163 (t = 5.46667):	 total squared error = 0.0126561, marker error: RMS = 0.0258092, max = 0.0477014 (LShoulder)
[2024-10-09 17:50:44.450] [info] Frame 164 (t = 5.5):	 total squared error = 0.0125381, marker error: RMS = 0.0256885, max = 0.0477751 (LShoulder)
[2024-10-09 17:50:44.474] [info] Frame 165 (t = 5.53333):	 total squared error = 0.0124932, marker error: RMS = 0.0256425, max = 0.0478886 (LShoulder)
[2024-10-09 17:50:44.501] [info] Frame 166 (t = 5.56667):	 total squared error = 0.0124689, marker error: RMS = 0.0256175, max = 0.0480840 (LShoulder)
[2024-10-09 17:50:44.564] [info] Frame 167 (t = 5.6):	 total squared error = 0.012444, marker error: RMS = 0.025592, max = 0.0486649 (LShoulder)
[2024-10-09 17:50:44.597] [info] Frame 168 (t = 5.63333):	 total squared error = 0.0124772, marker error: RMS = 0.025626, max = 0.0489593 (LShoulder)
[2024-10-09 17:50:44.630] [info] Frame 169 (t = 5.66667):	 total squared error = 0.0125491, marker error: RMS = 0.0256998, max = 0.0492619 (LShoulder)
[2024-10-09 17:50:44.685] [info] Frame 170 (t = 5.7):	 total squared error = 0.0126029, marker error: RMS = 0.0257548, max = 0.0498743 (LShoulder)
[2024-10-09 17:50:44.709] [info] Frame 171 (t = 5.73333):	 total squared error = 0.0126869, marker error: RMS = 0.0258405, max = 0.0502506 (LShoulder)
[2024-10-09 17:50:44.731] [info] Frame 172 (t = 5.76667):	 total squared error = 0.0127567, marker error: RMS = 0.0259115, max = 0.0505818 (LShoulder)
[2024-10-09 17:50:44.777] [info] Frame 173 (t = 5.8):	 total squared error = 0.0127769, marker error: RMS = 0.025932, max = 0.0507213 (LShoulder)
[2024-10-09 17:50:44.812] [info] Frame 174 (t = 5.83333):	 total squared error = 0.0127555, marker error: RMS = 0.0259103, max = 0.0506666 (LShoulder)
[2024-10-09 17:50:44.831] [info] Frame 175 (t = 5.86667):	 total squared error = 0.0127158, marker error: RMS = 0.0258699, max = 0.0505146 (LShoulder)
[2024-10-09 17:50:44.877] [info] Frame 176 (t = 5.9):	 total squared error = 0.0126901, marker error: RMS = 0.0258438, max = 0.0501461 (LShoulder)
[2024-10-09 17:50:44.912] [info] Frame 177 (t = 5.93333):	 total squared error = 0.0127008, marker error: RMS = 0.0258547, max = 0.0494856 (LShoulder)
[2024-10-09 17:50:44.950] [info] Frame 178 (t = 5.96667):	 total squared error = 0.0127295, marker error: RMS = 0.0258839, max = 0.0488932 (LShoulder)
[2024-10-09 17:50:44.976] [info] Frame 179 (t = 6.0):	 total squared error = 0.0128012, marker error: RMS = 0.0259567, max = 0.0482391 (LShoulder)
[2024-10-09 17:50:45.003] [info] Frame 180 (t = 6.03333):	 total squared error = 0.0129674, marker error: RMS = 0.0261246, max = 0.0475624 (LShoulder)
[2024-10-09 17:50:45.030] [info] Frame 181 (t = 6.06667):	 total squared error = 0.0132307, marker error: RMS = 0.0263885, max = 0.0469611 (LShoulder)
[2024-10-09 17:50:45.086] [info] Frame 182 (t = 6.1):	 total squared error = 0.013545, marker error: RMS = 0.0267001, max = 0.0462189 (LShoulder)
[2024-10-09 17:50:45.103] [info] Frame 183 (t = 6.13333):	 total squared error = 0.0138043, marker error: RMS = 0.0269545, max = 0.0458816 (LShoulder)
[2024-10-09 17:50:45.135] [info] Frame 184 (t = 6.16667):	 total squared error = 0.0139129, marker error: RMS = 0.0270603, max = 0.0457336 (LShoulder)
[2024-10-09 17:50:45.158] [info] Frame 185 (t = 6.2):	 total squared error = 0.0139418, marker error: RMS = 0.0270883, max = 0.0456502 (LShoulder)
[2024-10-09 17:50:45.227] [info] Frame 186 (t = 6.23333):	 total squared error = 0.0139523, marker error: RMS = 0.0270985, max = 0.0458808 (LShoulder)
[2024-10-09 17:50:45.249] [info] Frame 187 (t = 6.26667):	 total squared error = 0.0140152, marker error: RMS = 0.0271595, max = 0.0459731 (LShoulder)
[2024-10-09 17:50:45.276] [info] Frame 188 (t = 6.3):	 total squared error = 0.0140321, marker error: RMS = 0.0271759, max = 0.0462487 (LShoulder)
[2024-10-09 17:50:45.309] [info] Frame 189 (t = 6.33333):	 total squared error = 0.0139698, marker error: RMS = 0.0271155, max = 0.0466434 (LShoulder)
[2024-10-09 17:50:45.379] [info] Frame 190 (t = 6.36667):	 total squared error = 0.0137753, marker error: RMS = 0.0269261, max = 0.0466292 (LShoulder)
[2024-10-09 17:50:45.403] [info] Frame 191 (t = 6.4):	 total squared error = 0.0135168, marker error: RMS = 0.0266723, max = 0.0470800 (LShoulder)
[2024-10-09 17:50:45.425] [info] Frame 192 (t = 6.43333):	 total squared error = 0.0131691, marker error: RMS = 0.026327, max = 0.0474745 (LShoulder)
[2024-10-09 17:50:45.444] [info] Frame 193 (t = 6.46667):	 total squared error = 0.0127652, marker error: RMS = 0.0259201, max = 0.0477382 (LShoulder)
[2024-10-09 17:50:45.516] [info] Frame 194 (t = 6.5):	 total squared error = 0.0123349, marker error: RMS = 0.0254795, max = 0.047567 (LShoulder)
[2024-10-09 17:50:45.553] [info] Frame 195 (t = 6.53333):	 total squared error = 0.0120326, marker error: RMS = 0.0251653, max = 0.0477464 (LShoulder)
[2024-10-09 17:50:45.598] [info] Frame 196 (t = 6.56667):	 total squared error = 0.0118485, marker error: RMS = 0.0249721, max = 0.0479804 (LShoulder)
[2024-10-09 17:50:45.621] [info] Frame 197 (t = 6.6):	 total squared error = 0.0117894, marker error: RMS = 0.0249098, max = 0.0481213 (LShoulder)
[2024-10-09 17:50:45.672] [info] Frame 198 (t = 6.63333):	 total squared error = 0.0117977, marker error: RMS = 0.0249185, max = 0.0481164 (LShoulder)
[2024-10-09 17:50:45.692] [info] Frame 199 (t = 6.66667):	 total squared error = 0.0118471, marker error: RMS = 0.0249706, max = 0.0481346 (LShoulder)
[2024-10-09 17:50:45.711] [info] Frame 200 (t = 6.7):	 total squared error = 0.0119103, marker error: RMS = 0.0250372, max = 0.0480287 (LShoulder)
[2024-10-09 17:50:45.729] [info] Frame 201 (t = 6.73333):	 total squared error = 0.0119766, marker error: RMS = 0.0251067, max = 0.0478484 (LShoulder)
[2024-10-09 17:50:45.765] [info] Frame 202 (t = 6.76667):	 total squared error = 0.0120441, marker error: RMS = 0.0251774, max = 0.0474663 (LShoulder)
[2024-10-09 17:50:45.801] [info] Frame 203 (t = 6.8):	 total squared error = 0.0121194, marker error: RMS = 0.0252559, max = 0.0469614 (LShoulder)
[2024-10-09 17:50:45.875] [info] Frame 204 (t = 6.83333):	 total squared error = 0.0121255, marker error: RMS = 0.0252623, max = 0.0470125 (LShoulder)
[2024-10-09 17:50:45.919] [info] Frame 205 (t = 6.86667):	 total squared error = 0.0122064, marker error: RMS = 0.0253464, max = 0.0465111 (LShoulder)
[2024-10-09 17:50:45.986] [info] Frame 206 (t = 6.9):	 total squared error = 0.0123156, marker error: RMS = 0.0254595, max = 0.0465007 (LShoulder)
[2024-10-09 17:50:46.010] [info] Frame 207 (t = 6.93333):	 total squared error = 0.0124735, marker error: RMS = 0.0256222, max = 0.0463978 (LShoulder)
[2024-10-09 17:50:46.056] [info] Frame 208 (t = 6.96667):	 total squared error = 0.0126223, marker error: RMS = 0.0257746, max = 0.0465962 (LShoulder)
[2024-10-09 17:50:46.092] [info] Frame 209 (t = 7.0):	 total squared error = 0.0127616, marker error: RMS = 0.0259165, max = 0.0467492 (LShoulder)
[2024-10-09 17:50:46.172] [info] Frame 210 (t = 7.03333):	 total squared error = 0.0128747, marker error: RMS = 0.0260310, max = 0.0471706 (LShoulder)
[2024-10-09 17:50:46.228] [info] Frame 211 (t = 7.06667):	 total squared error = 0.0130080, marker error: RMS = 0.0261654, max = 0.0472489 (LShoulder)
[2024-10-09 17:50:46.272] [info] Frame 212 (t = 7.1):	 total squared error = 0.0131293, marker error: RMS = 0.0262872, max = 0.0471689 (LShoulder)
[2024-10-09 17:50:46.314] [info] Frame 213 (t = 7.13333):	 total squared error = 0.0131868, marker error: RMS = 0.0263447, max = 0.0468099 (LShoulder)
[2024-10-09 17:50:46.370] [info] Frame 214 (t = 7.16667):	 total squared error = 0.0131359, marker error: RMS = 0.0262938, max = 0.0461783 (LShoulder)
[2024-10-09 17:50:46.419] [info] Frame 215 (t = 7.2):	 total squared error = 0.0129683, marker error: RMS = 0.0261255, max = 0.045355 (LShoulder)
[2024-10-09 17:50:46.451] [info] Frame 216 (t = 7.23333):	 total squared error = 0.0127176, marker error: RMS = 0.0258717, max = 0.0443083 (LShoulder)
[2024-10-09 17:50:46.502] [info] Frame 217 (t = 7.26667):	 total squared error = 0.0124272, marker error: RMS = 0.0255746, max = 0.0434165 (LShoulder)
[2024-10-09 17:50:46.545] [info] Frame 218 (t = 7.3):	 total squared error = 0.0121748, marker error: RMS = 0.0253136, max = 0.0430124 (LShoulder)
[2024-10-09 17:50:46.572] [info] Frame 219 (t = 7.33333):	 total squared error = 0.0120090, marker error: RMS = 0.0251406, max = 0.0434122 (LShoulder)
[2024-10-09 17:50:46.601] [info] Frame 220 (t = 7.36667):	 total squared error = 0.011929, marker error: RMS = 0.0250568, max = 0.0442912 (LShoulder)
[2024-10-09 17:50:46.619] [info] Frame 221 (t = 7.4):	 total squared error = 0.0119066, marker error: RMS = 0.0250332, max = 0.0451969 (LShoulder)
[2024-10-09 17:50:46.643] [info] Frame 222 (t = 7.43333):	 total squared error = 0.0119154, marker error: RMS = 0.0250425, max = 0.0458033 (LShoulder)
[2024-10-09 17:50:46.698] [info] Frame 223 (t = 7.46667):	 total squared error = 0.0119533, marker error: RMS = 0.0250823, max = 0.046386 (LShoulder)
[2024-10-09 17:50:46.718] [info] Frame 224 (t = 7.5):	 total squared error = 0.0120993, marker error: RMS = 0.025235, max = 0.0464474 (LShoulder)
[2024-10-09 17:50:46.741] [info] Frame 225 (t = 7.53333):	 total squared error = 0.0123525, marker error: RMS = 0.0254977, max = 0.046477 (LShoulder)
[2024-10-09 17:50:46.768] [info] Frame 226 (t = 7.56667):	 total squared error = 0.012688, marker error: RMS = 0.0258416, max = 0.0465407 (LShoulder)
[2024-10-09 17:50:46.824] [info] Frame 227 (t = 7.6):	 total squared error = 0.0130755, marker error: RMS = 0.0262332, max = 0.0464070 (LShoulder)
[2024-10-09 17:50:46.887] [info] Frame 228 (t = 7.63333):	 total squared error = 0.0134717, marker error: RMS = 0.0266277, max = 0.0465839 (LShoulder)
[2024-10-09 17:50:46.916] [info] Frame 229 (t = 7.66667):	 total squared error = 0.0138154, marker error: RMS = 0.0269653, max = 0.0468277 (LShoulder)
[2024-10-09 17:50:46.962] [info] Frame 230 (t = 7.7):	 total squared error = 0.0140188, marker error: RMS = 0.0271631, max = 0.0470996 (LShoulder)
[2024-10-09 17:50:46.996] [info] Frame 231 (t = 7.73333):	 total squared error = 0.0141090, marker error: RMS = 0.0272503, max = 0.0471007 (LShoulder)
[2024-10-09 17:50:47.027] [info] Frame 232 (t = 7.76667):	 total squared error = 0.0141275, marker error: RMS = 0.0272682, max = 0.0469862 (LShoulder)
[2024-10-09 17:50:47.088] [info] Frame 233 (t = 7.8):	 total squared error = 0.0140736, marker error: RMS = 0.0272161, max = 0.0473789 (LShoulder)
[2024-10-09 17:50:47.123] [info] Frame 234 (t = 7.83333):	 total squared error = 0.0140417, marker error: RMS = 0.0271852, max = 0.0473425 (LShoulder)
[2024-10-09 17:50:47.143] [info] Frame 235 (t = 7.86667):	 total squared error = 0.0140014, marker error: RMS = 0.0271462, max = 0.04731 (LShoulder)
[2024-10-09 17:50:47.170] [info] Frame 236 (t = 7.9):	 total squared error = 0.0139514, marker error: RMS = 0.0270977, max = 0.0473307 (LShoulder)
[2024-10-09 17:50:47.190] [info] Frame 237 (t = 7.93333):	 total squared error = 0.0138764, marker error: RMS = 0.0270248, max = 0.0472561 (LShoulder)
[2024-10-09 17:50:47.221] [info] Frame 238 (t = 7.96667):	 total squared error = 0.013759, marker error: RMS = 0.0269102, max = 0.0471303 (LShoulder)
[2024-10-09 17:50:47.262] [info] Frame 239 (t = 8.0):	 total squared error = 0.0136191, marker error: RMS = 0.026773, max = 0.0468071 (LShoulder)
[2024-10-09 17:50:47.314] [info] Frame 240 (t = 8.03333):	 total squared error = 0.0134644, marker error: RMS = 0.0266206, max = 0.0464189 (LShoulder)
[2024-10-09 17:50:47.356] [info] Frame 241 (t = 8.06667):	 total squared error = 0.0133048, marker error: RMS = 0.0264623, max = 0.0462469 (LShoulder)
[2024-10-09 17:50:47.390] [info] Frame 242 (t = 8.1):	 total squared error = 0.0131334, marker error: RMS = 0.0262913, max = 0.0463384 (LShoulder)
[2024-10-09 17:50:47.442] [info] Frame 243 (t = 8.13333):	 total squared error = 0.0129519, marker error: RMS = 0.0261090, max = 0.0466548 (LShoulder)
[2024-10-09 17:50:47.471] [info] Frame 244 (t = 8.16667):	 total squared error = 0.0127997, marker error: RMS = 0.0259552, max = 0.0471593 (LShoulder)
[2024-10-09 17:50:47.521] [info] Frame 245 (t = 8.2):	 total squared error = 0.0126546, marker error: RMS = 0.0258076, max = 0.047297 (LShoulder)
[2024-10-09 17:50:47.570] [info] Frame 246 (t = 8.23333):	 total squared error = 0.0125437, marker error: RMS = 0.0256943, max = 0.0475784 (LShoulder)
[2024-10-09 17:50:47.603] [info] Frame 247 (t = 8.26667):	 total squared error = 0.0124734, marker error: RMS = 0.0256222, max = 0.0477167 (LShoulder)
[2024-10-09 17:50:47.624] [info] Frame 248 (t = 8.3):	 total squared error = 0.0124649, marker error: RMS = 0.0256134, max = 0.0477129 (LShoulder)
[2024-10-09 17:50:47.641] [info] Frame 249 (t = 8.33333):	 total squared error = 0.0125303, marker error: RMS = 0.0256805, max = 0.0474986 (LShoulder)
[2024-10-09 17:50:47.666] [info] Frame 250 (t = 8.36667):	 total squared error = 0.012652, marker error: RMS = 0.0258050, max = 0.0472383 (LShoulder)
[2024-10-09 17:50:47.693] [info] Frame 251 (t = 8.4):	 total squared error = 0.0128025, marker error: RMS = 0.025958, max = 0.0469295 (LShoulder)
[2024-10-09 17:50:47.713] [info] Frame 252 (t = 8.43333):	 total squared error = 0.0129314, marker error: RMS = 0.0260883, max = 0.0466927 (LShoulder)
[2024-10-09 17:50:47.756] [info] Frame 253 (t = 8.46667):	 total squared error = 0.0129237, marker error: RMS = 0.0260806, max = 0.0470114 (LShoulder)
[2024-10-09 17:50:47.784] [info] Frame 254 (t = 8.5):	 total squared error = 0.0128609, marker error: RMS = 0.0260171, max = 0.0469641 (LShoulder)
[2024-10-09 17:50:47.809] [info] Frame 255 (t = 8.53333):	 total squared error = 0.0127363, marker error: RMS = 0.0258907, max = 0.0470176 (LShoulder)
[2024-10-09 17:50:47.825] [info] Frame 256 (t = 8.56667):	 total squared error = 0.0126039, marker error: RMS = 0.0257558, max = 0.0470493 (LShoulder)
[2024-10-09 17:50:47.859] [info] Frame 257 (t = 8.6):	 total squared error = 0.0125187, marker error: RMS = 0.0256686, max = 0.0470980 (LShoulder)
[2024-10-09 17:50:47.901] [info] Frame 258 (t = 8.63333):	 total squared error = 0.0125113, marker error: RMS = 0.025661, max = 0.0471866 (LShoulder)
[2024-10-09 17:50:47.922] [info] Frame 259 (t = 8.66667):	 total squared error = 0.0126377, marker error: RMS = 0.0257903, max = 0.0470352 (LShoulder)
[2024-10-09 17:50:47.947] [info] Frame 260 (t = 8.7):	 total squared error = 0.0128468, marker error: RMS = 0.0260028, max = 0.0469978 (LShoulder)
[2024-10-09 17:50:47.977] [info] Frame 261 (t = 8.73333):	 total squared error = 0.0131146, marker error: RMS = 0.0262725, max = 0.0470018 (LShoulder)
[2024-10-09 17:50:47.998] [info] Frame 262 (t = 8.76667):	 total squared error = 0.0133651, marker error: RMS = 0.0265222, max = 0.0472497 (LShoulder)
[2024-10-09 17:50:48.022] [info] Frame 263 (t = 8.8):	 total squared error = 0.0133931, marker error: RMS = 0.0265499, max = 0.0475929 (LShoulder)
[2024-10-09 17:50:48.072] [info] Frame 264 (t = 8.83333):	 total squared error = 0.0131902, marker error: RMS = 0.0263481, max = 0.0479474 (LShoulder)
[2024-10-09 17:50:48.092] [info] Frame 265 (t = 8.86667):	 total squared error = 0.0128161, marker error: RMS = 0.0259718, max = 0.0483259 (LShoulder)
[2024-10-09 17:50:48.113] [info] Frame 266 (t = 8.9):	 total squared error = 0.0124383, marker error: RMS = 0.0255861, max = 0.048613 (LShoulder)
[2024-10-09 17:50:48.167] [info] Frame 267 (t = 8.93333):	 total squared error = 0.0122343, marker error: RMS = 0.0253754, max = 0.0487534 (LShoulder)
[2024-10-09 17:50:48.186] [info] Frame 268 (t = 8.96667):	 total squared error = 0.0122565, marker error: RMS = 0.0253984, max = 0.0487174 (LShoulder)
[2024-10-09 17:50:48.202] [info] Frame 269 (t = 9.0):	 total squared error = 0.0124918, marker error: RMS = 0.025641, max = 0.048654 (LShoulder)
[2024-10-09 17:50:48.221] [info] Frame 270 (t = 9.03333):	 total squared error = 0.0128219, marker error: RMS = 0.0259776, max = 0.0486822 (LShoulder)
[2024-10-09 17:50:48.243] [info] Frame 271 (t = 9.06667):	 total squared error = 0.0130957, marker error: RMS = 0.0262535, max = 0.0487448 (LShoulder)
[2024-10-09 17:50:48.268] [info] Frame 272 (t = 9.1):	 total squared error = 0.0132443, marker error: RMS = 0.0264021, max = 0.0487623 (LShoulder)
[2024-10-09 17:50:48.287] [info] Frame 273 (t = 9.13333):	 total squared error = 0.0133078, marker error: RMS = 0.0264653, max = 0.0485271 (LShoulder)
[2024-10-09 17:50:48.309] [info] Frame 274 (t = 9.16667):	 total squared error = 0.0133112, marker error: RMS = 0.0264686, max = 0.0481153 (LShoulder)
[2024-10-09 17:50:48.356] [info] Frame 275 (t = 9.2):	 total squared error = 0.0132361, marker error: RMS = 0.0263939, max = 0.0477479 (LShoulder)
[2024-10-09 17:50:48.404] [info] Frame 276 (t = 9.23333):	 total squared error = 0.013116, marker error: RMS = 0.0262738, max = 0.047216 (LShoulder)
[2024-10-09 17:50:48.475] [info] Frame 277 (t = 9.26667):	 total squared error = 0.0129191, marker error: RMS = 0.0260759, max = 0.0470431 (LShoulder)
[2024-10-09 17:50:48.509] [info] Frame 278 (t = 9.3):	 total squared error = 0.0126737, marker error: RMS = 0.0258271, max = 0.0469933 (LShoulder)
[2024-10-09 17:50:48.550] [info] Frame 279 (t = 9.33333):	 total squared error = 0.0124054, marker error: RMS = 0.0255523, max = 0.0471634 (LShoulder)
[2024-10-09 17:50:48.571] [info] Frame 280 (t = 9.36667):	 total squared error = 0.0121674, marker error: RMS = 0.0253059, max = 0.0473984 (LShoulder)
[2024-10-09 17:50:48.588] [info] Frame 281 (t = 9.4):	 total squared error = 0.0119781, marker error: RMS = 0.0251083, max = 0.0475779 (LShoulder)
[2024-10-09 17:50:48.621] [info] Frame 282 (t = 9.43333):	 total squared error = 0.0118738, marker error: RMS = 0.0249988, max = 0.0474749 (LShoulder)
[2024-10-09 17:50:48.648] [info] Frame 283 (t = 9.46667):	 total squared error = 0.0118715, marker error: RMS = 0.0249963, max = 0.0475058 (LShoulder)
[2024-10-09 17:50:48.666] [info] Frame 284 (t = 9.5):	 total squared error = 0.0119528, marker error: RMS = 0.0250818, max = 0.0474721 (LShoulder)
[2024-10-09 17:50:48.687] [info] Frame 285 (t = 9.53333):	 total squared error = 0.0120466, marker error: RMS = 0.02518, max = 0.0474142 (LShoulder)
[2024-10-09 17:50:48.716] [info] Frame 286 (t = 9.56667):	 total squared error = 0.0121255, marker error: RMS = 0.0252623, max = 0.047334 (LShoulder)
[2024-10-09 17:50:48.746] [info] Frame 287 (t = 9.6):	 total squared error = 0.0121985, marker error: RMS = 0.0253383, max = 0.0471995 (LShoulder)
[2024-10-09 17:50:48.839] [info] Frame 288 (t = 9.63333):	 total squared error = 0.0122939, marker error: RMS = 0.0254372, max = 0.0467957 (LShoulder)
[2024-10-09 17:50:48.880] [info] Frame 289 (t = 9.66667):	 total squared error = 0.012446, marker error: RMS = 0.025594, max = 0.0465177 (LShoulder)
[2024-10-09 17:50:48.945] [info] Frame 290 (t = 9.7):	 total squared error = 0.0126171, marker error: RMS = 0.0257693, max = 0.0464062 (LShoulder)
[2024-10-09 17:50:48.978] [info] Frame 291 (t = 9.73333):	 total squared error = 0.0127791, marker error: RMS = 0.0259342, max = 0.0461611 (LShoulder)
[2024-10-09 17:50:49.003] [info] Frame 292 (t = 9.76667):	 total squared error = 0.0128464, marker error: RMS = 0.0260024, max = 0.0459878 (LShoulder)
[2024-10-09 17:50:49.044] [info] Frame 293 (t = 9.8):	 total squared error = 0.0127664, marker error: RMS = 0.0259214, max = 0.0460189 (LShoulder)
[2024-10-09 17:50:49.121] [info] Frame 294 (t = 9.83333):	 total squared error = 0.0125738, marker error: RMS = 0.0257251, max = 0.0462093 (LShoulder)
[2024-10-09 17:50:49.150] [info] Frame 295 (t = 9.86667):	 total squared error = 0.0123651, marker error: RMS = 0.0255107, max = 0.0463258 (LShoulder)
[2024-10-09 17:50:49.191] [info] Frame 296 (t = 9.9):	 total squared error = 0.012193, marker error: RMS = 0.0253325, max = 0.0464715 (LShoulder)
[2024-10-09 17:50:49.210] [info] Frame 297 (t = 9.93333):	 total squared error = 0.0120902, marker error: RMS = 0.0252255, max = 0.0465649 (LShoulder)
[2024-10-09 17:50:49.245] [info] Frame 298 (t = 9.96667):	 total squared error = 0.0120325, marker error: RMS = 0.0251652, max = 0.0466789 (LShoulder)
[2024-10-09 17:50:49.285] [info] Frame 299 (t = 10.0):	 total squared error = 0.0120370, marker error: RMS = 0.02517, max = 0.0467776 (LShoulder)
[2024-10-09 17:50:49.306] [info] Frame 300 (t = 10.0333):	 total squared error = 0.0120826, marker error: RMS = 0.0252175, max = 0.0468060 (LShoulder)
[2024-10-09 17:50:49.333] [info] Frame 301 (t = 10.0667):	 total squared error = 0.0120673, marker error: RMS = 0.0252016, max = 0.0468685 (LShoulder)
[2024-10-09 17:50:49.351] [info] Frame 302 (t = 10.1):	 total squared error = 0.0120160, marker error: RMS = 0.025148, max = 0.0470204 (LShoulder)
[2024-10-09 17:50:49.381] [info] Frame 303 (t = 10.1333):	 total squared error = 0.0118521, marker error: RMS = 0.0249759, max = 0.0471998 (LShoulder)
[2024-10-09 17:50:49.412] [info] Frame 304 (t = 10.1667):	 total squared error = 0.0116871, marker error: RMS = 0.0248014, max = 0.0474864 (LShoulder)
[2024-10-09 17:50:49.448] [info] Frame 305 (t = 10.2):	 total squared error = 0.0115958, marker error: RMS = 0.0247044, max = 0.0476128 (LShoulder)
[2024-10-09 17:50:49.527] [info] Frame 306 (t = 10.2333):	 total squared error = 0.0116291, marker error: RMS = 0.0247398, max = 0.0477008 (LShoulder)
[2024-10-09 17:50:49.564] [info] Frame 307 (t = 10.2667):	 total squared error = 0.0118151, marker error: RMS = 0.0249369, max = 0.0477794 (LShoulder)
[2024-10-09 17:50:49.593] [info] Frame 308 (t = 10.3):	 total squared error = 0.0120816, marker error: RMS = 0.0252166, max = 0.047792 (LShoulder)
[2024-10-09 17:50:49.627] [info] Frame 309 (t = 10.3333):	 total squared error = 0.0122691, marker error: RMS = 0.0254114, max = 0.0477834 (LShoulder)
[2024-10-09 17:50:49.685] [info] Frame 310 (t = 10.3667):	 total squared error = 0.0123497, marker error: RMS = 0.0254948, max = 0.0475504 (LShoulder)
[2024-10-09 17:50:49.719] [info] Frame 311 (t = 10.4):	 total squared error = 0.0123944, marker error: RMS = 0.0255409, max = 0.0474261 (LShoulder)
[2024-10-09 17:50:49.760] [info] Frame 312 (t = 10.4333):	 total squared error = 0.0124498, marker error: RMS = 0.0255979, max = 0.0473035 (LShoulder)
[2024-10-09 17:50:49.796] [info] Frame 313 (t = 10.4667):	 total squared error = 0.0124916, marker error: RMS = 0.0256408, max = 0.0471099 (LShoulder)
[2024-10-09 17:50:49.820] [info] Frame 314 (t = 10.5):	 total squared error = 0.0124927, marker error: RMS = 0.025642, max = 0.0470086 (LShoulder)
[2024-10-09 17:50:49.873] [info] Frame 315 (t = 10.5333):	 total squared error = 0.0124613, marker error: RMS = 0.0256097, max = 0.0467982 (LShoulder)
[2024-10-09 17:50:49.906] [info] Frame 316 (t = 10.5667):	 total squared error = 0.0124805, marker error: RMS = 0.0256294, max = 0.0468166 (LShoulder)
[2024-10-09 17:50:49.936] [info] Frame 317 (t = 10.6):	 total squared error = 0.0125367, marker error: RMS = 0.0256871, max = 0.0468748 (LShoulder)
[2024-10-09 17:50:49.994] [info] Frame 318 (t = 10.6333):	 total squared error = 0.012599, marker error: RMS = 0.0257508, max = 0.0466777 (LShoulder)
[2024-10-09 17:50:50.030] [info] Frame 319 (t = 10.6667):	 total squared error = 0.0126153, marker error: RMS = 0.0257675, max = 0.0468365 (LShoulder)
[2024-10-09 17:50:50.075] [info] Frame 320 (t = 10.7):	 total squared error = 0.0125888, marker error: RMS = 0.0257404, max = 0.0471878 (LShoulder)
[2024-10-09 17:50:50.111] [info] Frame 321 (t = 10.7333):	 total squared error = 0.0125553, marker error: RMS = 0.0257061, max = 0.0474176 (LShoulder)
[2024-10-09 17:50:50.155] [info] Frame 322 (t = 10.7667):	 total squared error = 0.0125183, marker error: RMS = 0.0256682, max = 0.0477734 (LShoulder)
[2024-10-09 17:50:50.215] [info] Frame 323 (t = 10.8):	 total squared error = 0.0124588, marker error: RMS = 0.0256071, max = 0.0482045 (LShoulder)
[2024-10-09 17:50:50.252] [info] Frame 324 (t = 10.8333):	 total squared error = 0.0124077, marker error: RMS = 0.0255546, max = 0.0484768 (LShoulder)
[2024-10-09 17:50:50.310] [info] Frame 325 (t = 10.8667):	 total squared error = 0.0123572, marker error: RMS = 0.0255026, max = 0.048757 (LShoulder)
[2024-10-09 17:50:50.344] [info] Frame 326 (t = 10.9):	 total squared error = 0.0123497, marker error: RMS = 0.0254948, max = 0.0486786 (LShoulder)
[2024-10-09 17:50:50.387] [info] Frame 327 (t = 10.9333):	 total squared error = 0.0123473, marker error: RMS = 0.0254923, max = 0.0487232 (LShoulder)
[2024-10-09 17:50:50.407] [info] Frame 328 (t = 10.9667):	 total squared error = 0.0123202, marker error: RMS = 0.0254643, max = 0.0487433 (LShoulder)
[2024-10-09 17:50:50.434] [info] Frame 329 (t = 11.0):	 total squared error = 0.0122726, marker error: RMS = 0.0254151, max = 0.0488116 (LShoulder)
[2024-10-09 17:50:50.453] [info] Frame 330 (t = 11.0333):	 total squared error = 0.0122898, marker error: RMS = 0.0254329, max = 0.0487115 (LShoulder)
[2024-10-09 17:50:50.483] [info] Frame 331 (t = 11.0667):	 total squared error = 0.0123981, marker error: RMS = 0.0255447, max = 0.0487695 (LShoulder)
[2024-10-09 17:50:50.501] [info] Frame 332 (t = 11.1):	 total squared error = 0.0125969, marker error: RMS = 0.0257487, max = 0.0486453 (LShoulder)
[2024-10-09 17:50:50.578] [info] Frame 333 (t = 11.1333):	 total squared error = 0.0127641, marker error: RMS = 0.025919, max = 0.0484589 (LShoulder)
[2024-10-09 17:50:50.612] [info] Frame 334 (t = 11.1667):	 total squared error = 0.0128516, marker error: RMS = 0.0260077, max = 0.0484673 (LShoulder)
[2024-10-09 17:50:50.655] [info] Frame 335 (t = 11.2):	 total squared error = 0.0127898, marker error: RMS = 0.0259451, max = 0.0487149 (LShoulder)
[2024-10-09 17:50:50.699] [info] Frame 336 (t = 11.2333):	 total squared error = 0.0125585, marker error: RMS = 0.0257094, max = 0.0489659 (LShoulder)
[2024-10-09 17:50:50.728] [info] Frame 337 (t = 11.2667):	 total squared error = 0.0121735, marker error: RMS = 0.0253122, max = 0.049193 (LShoulder)
[2024-10-09 17:50:50.757] [info] Frame 338 (t = 11.3):	 total squared error = 0.0117224, marker error: RMS = 0.0248389, max = 0.0491712 (LShoulder)
[2024-10-09 17:50:50.822] [info] Frame 339 (t = 11.3333):	 total squared error = 0.0113048, marker error: RMS = 0.0243925, max = 0.0485043 (LShoulder)
[2024-10-09 17:50:50.852] [info] Frame 340 (t = 11.3667):	 total squared error = 0.0109193, marker error: RMS = 0.0239729, max = 0.0470217 (LShoulder)
[2024-10-09 17:50:50.882] [info] Frame 341 (t = 11.4):	 total squared error = 0.0104646, marker error: RMS = 0.0234684, max = 0.0440121 (LShoulder)
[2024-10-09 17:50:50.918] [info] Frame 342 (t = 11.4333):	 total squared error = 0.00987846, marker error: RMS = 0.0228017, max = 0.0392643 (LShoulder)
[2024-10-09 17:50:50.955] [info] Frame 343 (t = 11.4667):	 total squared error = 0.00927853, marker error: RMS = 0.0220985, max = 0.0335262 (RShoulder)
[2024-10-09 17:50:51.017] [info] Frame 344 (t = 11.5):	 total squared error = 0.00876326, marker error: RMS = 0.0214761, max = 0.0309064 (Neck)
[2024-10-09 17:50:51.141] [info] Frame 345 (t = 11.5333):	 total squared error = 0.00834615, marker error: RMS = 0.0209588, max = 0.0303848 (Neck)
[2024-10-09 17:50:51.243] [info] Frame 346 (t = 11.5667):	 total squared error = 0.00811245, marker error: RMS = 0.0206633, max = 0.0300903 (Neck)
[2024-10-09 17:50:51.304] [info] Frame 347 (t = 11.6):	 total squared error = 0.00816552, marker error: RMS = 0.0207308, max = 0.0323837 (RShoulder)
[2024-10-09 17:50:51.416] [info] Frame 348 (t = 11.6333):	 total squared error = 0.00849109, marker error: RMS = 0.02114, max = 0.0351517 (RShoulder)
[2024-10-09 17:50:51.460] [info] Frame 349 (t = 11.6667):	 total squared error = 0.00887656, marker error: RMS = 0.0216145, max = 0.038713 (LShoulder)
[2024-10-09 17:50:51.568] [info] Frame 350 (t = 11.7):	 total squared error = 0.00914086, marker error: RMS = 0.0219339, max = 0.0408785 (LShoulder)
[2024-10-09 17:50:51.666] [info] Frame 351 (t = 11.7333):	 total squared error = 0.00930537, marker error: RMS = 0.0221304, max = 0.0419127 (LShoulder)
[2024-10-09 17:50:51.715] [info] Frame 352 (t = 11.7667):	 total squared error = 0.00944245, marker error: RMS = 0.0222929, max = 0.0423531 (LShoulder)
[2024-10-09 17:50:51.748] [info] Frame 353 (t = 11.8):	 total squared error = 0.00961974, marker error: RMS = 0.0225012, max = 0.0425541 (LShoulder)
[2024-10-09 17:50:52.113] [info] Frame 354 (t = 11.8333):	 total squared error = 0.00969613, marker error: RMS = 0.0225903, max = 0.041761 (LShoulder)
[2024-10-09 17:50:52.166] [info] Frame 355 (t = 11.8667):	 total squared error = 0.00974001, marker error: RMS = 0.0226414, max = 0.0411713 (LShoulder)
[2024-10-09 17:50:52.227] [info] Frame 356 (t = 11.9):	 total squared error = 0.00957549, marker error: RMS = 0.0224494, max = 0.0403727 (LShoulder)
[2024-10-09 17:50:52.267] [info] Frame 357 (t = 11.9333):	 total squared error = 0.00923588, marker error: RMS = 0.0220477, max = 0.0394752 (LShoulder)
[2024-10-09 17:50:52.373] [info] Frame 358 (t = 11.9667):	 total squared error = 0.00883215, marker error: RMS = 0.0215604, max = 0.0383587 (LShoulder)
[2024-10-09 17:50:52.408] [info] Frame 359 (t = 12.0):	 total squared error = 0.00850502, marker error: RMS = 0.0211573, max = 0.0374823 (RShoulder)
[2024-10-09 17:50:52.451] [info] Frame 360 (t = 12.0333):	 total squared error = 0.00825095, marker error: RMS = 0.0208389, max = 0.0374119 (RShoulder)
[2024-10-09 17:50:52.508] [info] Frame 361 (t = 12.0667):	 total squared error = 0.00800459, marker error: RMS = 0.0205255, max = 0.0370201 (RShoulder)
[2024-10-09 17:50:52.563] [info] Frame 362 (t = 12.1):	 total squared error = 0.00771632, marker error: RMS = 0.0201525, max = 0.0362015 (RShoulder)
[2024-10-09 17:50:52.781] [info] Frame 363 (t = 12.1333):	 total squared error = 0.00734466, marker error: RMS = 0.0196612, max = 0.0342977 (RShoulder)
[2024-10-09 17:50:52.862] [info] Frame 364 (t = 12.1667):	 total squared error = 0.00692329, marker error: RMS = 0.0190888, max = 0.0318080 (RShoulder)
[2024-10-09 17:50:52.915] [info] Frame 365 (t = 12.2):	 total squared error = 0.00651988, marker error: RMS = 0.0185243, max = 0.0296321 (Neck)
[2024-10-09 17:50:53.005] [info] Frame 366 (t = 12.2333):	 total squared error = 0.00617691, marker error: RMS = 0.0180305, max = 0.0312598 (Neck)
[2024-10-09 17:50:53.050] [info] Frame 367 (t = 12.2667):	 total squared error = 0.00606483, marker error: RMS = 0.0178662, max = 0.0331556 (Neck)
[2024-10-09 17:50:53.099] [info] Frame 368 (t = 12.3):	 total squared error = 0.00596069, marker error: RMS = 0.0177122, max = 0.0348544 (Neck)
[2024-10-09 17:50:53.128] [info] Frame 369 (t = 12.3333):	 total squared error = 0.00589119, marker error: RMS = 0.0176086, max = 0.0359769 (Neck)
[2024-10-09 17:50:53.202] [info] Frame 370 (t = 12.3667):	 total squared error = 0.00575492, marker error: RMS = 0.0174037, max = 0.036283 (Neck)
[2024-10-09 17:50:53.244] [info] Frame 371 (t = 12.4):	 total squared error = 0.00561834, marker error: RMS = 0.017196, max = 0.0362598 (Neck)
[2024-10-09 17:50:53.314] [info] Frame 372 (t = 12.4333):	 total squared error = 0.00543581, marker error: RMS = 0.0169144, max = 0.0359096 (Neck)
[2024-10-09 17:50:53.359] [info] Frame 373 (t = 12.4667):	 total squared error = 0.00536151, marker error: RMS = 0.0167984, max = 0.0361906 (Neck)
[2024-10-09 17:50:53.405] [info] Frame 374 (t = 12.5):	 total squared error = 0.00521268, marker error: RMS = 0.0165636, max = 0.0363802 (Neck)
[2024-10-09 17:50:53.467] [info] Frame 375 (t = 12.5333):	 total squared error = 0.00491265, marker error: RMS = 0.0160798, max = 0.0357981 (Neck)
[2024-10-09 17:50:53.551] [info] Frame 376 (t = 12.5667):	 total squared error = 0.00455019, marker error: RMS = 0.0154753, max = 0.0338592 (Neck)
[2024-10-09 17:50:53.598] [info] Frame 377 (t = 12.6):	 total squared error = 0.00426831, marker error: RMS = 0.0149883, max = 0.0302101 (Neck)
[2024-10-09 17:50:53.635] [info] Frame 378 (t = 12.6333):	 total squared error = 0.00418684, marker error: RMS = 0.0148445, max = 0.0254417 (Neck)
[2024-10-09 17:50:53.676] [info] Frame 379 (t = 12.6667):	 total squared error = 0.00439566, marker error: RMS = 0.0152102, max = 0.024658 (LShoulder)
[2024-10-09 17:50:53.731] [info] Frame 380 (t = 12.7):	 total squared error = 0.00478096, marker error: RMS = 0.0158628, max = 0.0274467 (LShoulder)
[2024-10-09 17:50:53.783] [info] Frame 381 (t = 12.7333):	 total squared error = 0.00519198, marker error: RMS = 0.0165306, max = 0.0298087 (LShoulder)
[2024-10-09 17:50:53.828] [info] Frame 382 (t = 12.7667):	 total squared error = 0.00551203, marker error: RMS = 0.0170325, max = 0.0316129 (LShoulder)
[2024-10-09 17:50:53.901] [info] Frame 383 (t = 12.8):	 total squared error = 0.00585865, marker error: RMS = 0.0175599, max = 0.0329294 (LShoulder)
[2024-10-09 17:50:53.959] [info] Frame 384 (t = 12.8333):	 total squared error = 0.00625717, marker error: RMS = 0.0181473, max = 0.0337366 (LShoulder)
[2024-10-09 17:50:54.027] [info] Frame 385 (t = 12.8667):	 total squared error = 0.00651702, marker error: RMS = 0.0185203, max = 0.0338816 (LShoulder)
[2024-10-09 17:50:54.090] [info] Frame 386 (t = 12.9):	 total squared error = 0.00651555, marker error: RMS = 0.0185182, max = 0.0335167 (LShoulder)
[2024-10-09 17:50:54.148] [info] Frame 387 (t = 12.9333):	 total squared error = 0.00627475, marker error: RMS = 0.0181728, max = 0.0328494 (LShoulder)
[2024-10-09 17:50:54.206] [info] Frame 388 (t = 12.9667):	 total squared error = 0.00589914, marker error: RMS = 0.0176205, max = 0.0320999 (LShoulder)
[2024-10-09 17:50:54.263] [info] Frame 389 (t = 13.0):	 total squared error = 0.00561274, marker error: RMS = 0.0171874, max = 0.0314093 (LShoulder)
[2024-10-09 17:50:54.316] [info] Frame 390 (t = 13.0333):	 total squared error = 0.00553781, marker error: RMS = 0.0170723, max = 0.0312453 (RKnee)
[2024-10-09 17:50:54.360] [info] Frame 391 (t = 13.0667):	 total squared error = 0.00553804, marker error: RMS = 0.0170727, max = 0.0329482 (RKnee)
[2024-10-09 17:50:54.400] [info] Frame 392 (t = 13.1):	 total squared error = 0.00541326, marker error: RMS = 0.0168792, max = 0.0339435 (RKnee)
[2024-10-09 17:50:54.446] [info] Frame 393 (t = 13.1333):	 total squared error = 0.00513349, marker error: RMS = 0.0164373, max = 0.0340380 (RKnee)
[2024-10-09 17:50:54.565] [info] Frame 394 (t = 13.1667):	 total squared error = 0.00477566, marker error: RMS = 0.015854, max = 0.0327319 (RKnee)
[2024-10-09 17:50:54.607] [info] Frame 395 (t = 13.2):	 total squared error = 0.00456801, marker error: RMS = 0.0155055, max = 0.0303430 (LShoulder)
[2024-10-09 17:50:54.650] [info] Frame 396 (t = 13.2333):	 total squared error = 0.00459978, marker error: RMS = 0.0155594, max = 0.0295602 (RShoulder)
[2024-10-09 17:50:54.693] [info] Frame 397 (t = 13.2667):	 total squared error = 0.00486245, marker error: RMS = 0.0159975, max = 0.0302820 (RShoulder)
[2024-10-09 17:50:54.743] [info] Frame 398 (t = 13.3):	 total squared error = 0.00511220, marker error: RMS = 0.0164031, max = 0.0309352 (RShoulder)
[2024-10-09 17:50:54.823] [info] Frame 399 (t = 13.3333):	 total squared error = 0.00519741, marker error: RMS = 0.0165393, max = 0.0313101 (RShoulder)
[2024-10-09 17:50:54.878] [info] Frame 400 (t = 13.3667):	 total squared error = 0.00516003, marker error: RMS = 0.0164797, max = 0.031864 (RShoulder)
[2024-10-09 17:50:54.925] [info] Frame 401 (t = 13.4):	 total squared error = 0.00515710, marker error: RMS = 0.016475, max = 0.0325679 (RShoulder)
[2024-10-09 17:50:54.971] [info] Frame 402 (t = 13.4333):	 total squared error = 0.00515986, marker error: RMS = 0.0164794, max = 0.0331108 (RShoulder)
[2024-10-09 17:50:55.015] [info] Frame 403 (t = 13.4667):	 total squared error = 0.00509707, marker error: RMS = 0.0163788, max = 0.0334706 (RShoulder)
[2024-10-09 17:50:55.105] [info] Frame 404 (t = 13.5):	 total squared error = 0.00496816, marker error: RMS = 0.0161704, max = 0.0335942 (RShoulder)
[2024-10-09 17:50:55.157] [info] Frame 405 (t = 13.5333):	 total squared error = 0.00486156, marker error: RMS = 0.015996, max = 0.0330862 (RShoulder)
[2024-10-09 17:50:55.202] [info] Frame 406 (t = 13.5667):	 total squared error = 0.00490321, marker error: RMS = 0.0160644, max = 0.0321733 (RShoulder)
[2024-10-09 17:50:55.290] [info] Frame 407 (t = 13.6):	 total squared error = 0.00505030, marker error: RMS = 0.0163035, max = 0.0311428 (RShoulder)
[2024-10-09 17:50:55.352] [info] Frame 408 (t = 13.6333):	 total squared error = 0.00542281, marker error: RMS = 0.0168941, max = 0.0298884 (RShoulder)
[2024-10-09 17:50:55.426] [info] Frame 409 (t = 13.6667):	 total squared error = 0.00576244, marker error: RMS = 0.0174151, max = 0.0292551 (RShoulder)
[2024-10-09 17:50:55.502] [info] Frame 410 (t = 13.7):	 total squared error = 0.00605050, marker error: RMS = 0.0178451, max = 0.0299965 (LWrist)
[2024-10-09 17:50:55.543] [info] Frame 411 (t = 13.7333):	 total squared error = 0.00641281, marker error: RMS = 0.0183716, max = 0.0330927 (LWrist)
[2024-10-09 17:50:55.604] [info] Frame 412 (t = 13.7667):	 total squared error = 0.00681096, marker error: RMS = 0.0189334, max = 0.0342498 (LWrist)
[2024-10-09 17:50:55.671] [info] Frame 413 (t = 13.8):	 total squared error = 0.00697293, marker error: RMS = 0.0191571, max = 0.0333434 (LWrist)
[2024-10-09 17:50:55.726] [info] Frame 414 (t = 13.8333):	 total squared error = 0.00675462, marker error: RMS = 0.0188549, max = 0.0340165 (LElbow)
[2024-10-09 17:50:55.781] [info] Frame 415 (t = 13.8667):	 total squared error = 0.00627162, marker error: RMS = 0.0181682, max = 0.0338575 (LElbow)
[2024-10-09 17:50:55.831] [info] Frame 416 (t = 13.9):	 total squared error = 0.00572867, marker error: RMS = 0.017364, max = 0.0328172 (LElbow)
[2024-10-09 17:50:55.883] [info] Frame 417 (t = 13.9333):	 total squared error = 0.00532385, marker error: RMS = 0.0167392, max = 0.0313883 (LElbow)
[2024-10-09 17:50:55.925] [info] Frame 418 (t = 13.9667):	 total squared error = 0.00518818, marker error: RMS = 0.0165246, max = 0.0298501 (LElbow)
[2024-10-09 17:50:55.955] [info] Frame 419 (t = 14.0):	 total squared error = 0.00550764, marker error: RMS = 0.0170257, max = 0.02857 (LKnee)
[2024-10-09 17:50:56.022] [info] Frame 420 (t = 14.0333):	 total squared error = 0.00635679, marker error: RMS = 0.0182912, max = 0.037755 (LKnee)
[2024-10-09 17:50:56.076] [info] Frame 421 (t = 14.0667):	 total squared error = 0.00719574, marker error: RMS = 0.0194608, max = 0.0437982 (LKnee)
[2024-10-09 17:50:56.137] [info] Frame 422 (t = 14.1):	 total squared error = 0.00714967, marker error: RMS = 0.0193984, max = 0.0443091 (LKnee)
[2024-10-09 17:50:56.182] [info] Frame 423 (t = 14.1333):	 total squared error = 0.00616975, marker error: RMS = 0.0180201, max = 0.0389256 (LKnee)
[2024-10-09 17:50:56.242] [info] Frame 424 (t = 14.1667):	 total squared error = 0.00493820, marker error: RMS = 0.0161216, max = 0.0295368 (LKnee)
[2024-10-09 17:50:56.303] [info] Frame 425 (t = 14.2):	 total squared error = 0.00398984, marker error: RMS = 0.0144911, max = 0.0208080 (RKnee)
[2024-10-09 17:50:56.346] [info] Frame 426 (t = 14.2333):	 total squared error = 0.00345482, marker error: RMS = 0.0134845, max = 0.0218937 (LElbow)
[2024-10-09 17:50:56.404] [info] Frame 427 (t = 14.2667):	 total squared error = 0.00325798, marker error: RMS = 0.0130948, max = 0.0232734 (LElbow)
[2024-10-09 17:50:56.478] [info] Frame 428 (t = 14.3):	 total squared error = 0.00323460, marker error: RMS = 0.0130477, max = 0.0241415 (LElbow)
[2024-10-09 17:50:56.512] [info] Frame 429 (t = 14.3333):	 total squared error = 0.00324614, marker error: RMS = 0.0130709, max = 0.0245271 (LElbow)
[2024-10-09 17:50:56.586] [info] Frame 430 (t = 14.3667):	 total squared error = 0.00322795, marker error: RMS = 0.0130343, max = 0.0238476 (LElbow)
[2024-10-09 17:50:56.670] [info] Frame 431 (t = 14.4):	 total squared error = 0.00322401, marker error: RMS = 0.0130263, max = 0.0219935 (LElbow)
[2024-10-09 17:50:56.725] [info] Frame 432 (t = 14.4333):	 total squared error = 0.00329756, marker error: RMS = 0.0131741, max = 0.0263182 (LHeel)
[2024-10-09 17:50:56.786] [info] Frame 433 (t = 14.4667):	 total squared error = 0.00338799, marker error: RMS = 0.0133535, max = 0.0291433 (LHeel)
[2024-10-09 17:50:56.836] [info] Frame 434 (t = 14.5):	 total squared error = 0.00342262, marker error: RMS = 0.0134215, max = 0.0299177 (LHeel)
[2024-10-09 17:50:56.888] [info] Frame 435 (t = 14.5333):	 total squared error = 0.00334740, marker error: RMS = 0.0132732, max = 0.0294814 (LHeel)
[2024-10-09 17:50:56.937] [info] Frame 436 (t = 14.5667):	 total squared error = 0.00326247, marker error: RMS = 0.0131038, max = 0.0281527 (LHeel)
[2024-10-09 17:50:57.011] [info] Frame 437 (t = 14.6):	 total squared error = 0.00350530, marker error: RMS = 0.0135827, max = 0.0264736 (LHeel)
[2024-10-09 17:50:57.060] [info] Frame 438 (t = 14.6333):	 total squared error = 0.00406649, marker error: RMS = 0.0146296, max = 0.028545 (RKnee)
[2024-10-09 17:50:57.125] [info] Frame 439 (t = 14.6667):	 total squared error = 0.00455275, marker error: RMS = 0.0154796, max = 0.0328653 (RKnee)
[2024-10-09 17:50:57.189] [info] Frame 440 (t = 14.7):	 total squared error = 0.00501909, marker error: RMS = 0.0162531, max = 0.0331058 (RKnee)
[2024-10-09 17:50:57.255] [info] Frame 441 (t = 14.7333):	 total squared error = 0.00557272, marker error: RMS = 0.017126, max = 0.0291593 (RKnee)
[2024-10-09 17:50:57.313] [info] Frame 442 (t = 14.7667):	 total squared error = 0.00602653, marker error: RMS = 0.0178097, max = 0.0279935 (LElbow)
[2024-10-09 17:50:57.368] [info] Frame 443 (t = 14.8):	 total squared error = 0.00632333, marker error: RMS = 0.018243, max = 0.0305006 (LElbow)
[2024-10-09 17:50:57.419] [info] Frame 444 (t = 14.8333):	 total squared error = 0.00653308, marker error: RMS = 0.0185431, max = 0.0325564 (LElbow)
[2024-10-09 17:50:57.485] [info] Frame 445 (t = 14.8667):	 total squared error = 0.00659498, marker error: RMS = 0.0186307, max = 0.0343892 (LElbow)
[2024-10-09 17:50:57.524] [info] Frame 446 (t = 14.9):	 total squared error = 0.00640002, marker error: RMS = 0.0183533, max = 0.0360861 (LElbow)
[2024-10-09 17:50:57.598] [info] Frame 447 (t = 14.9333):	 total squared error = 0.00595253, marker error: RMS = 0.0177, max = 0.037293 (LElbow)
[2024-10-09 17:50:57.668] [info] Frame 448 (t = 14.9667):	 total squared error = 0.00538473, marker error: RMS = 0.0168347, max = 0.0377918 (LElbow)
[2024-10-09 17:50:57.744] [info] Frame 449 (t = 15.0):	 total squared error = 0.00493004, marker error: RMS = 0.0161083, max = 0.0375949 (LElbow)
[2024-10-09 17:50:57.799] [info] Frame 450 (t = 15.0333):	 total squared error = 0.00469187, marker error: RMS = 0.0157143, max = 0.0366741 (LElbow)
[2024-10-09 17:50:57.859] [info] Frame 451 (t = 15.0667):	 total squared error = 0.00458226, marker error: RMS = 0.0155297, max = 0.0345738 (LElbow)
[2024-10-09 17:50:57.930] [info] Frame 452 (t = 15.1):	 total squared error = 0.00455247, marker error: RMS = 0.0154791, max = 0.0315168 (LElbow)
[2024-10-09 17:50:58.002] [info] Frame 453 (t = 15.1333):	 total squared error = 0.00461009, marker error: RMS = 0.0155768, max = 0.0288858 (LElbow)
[2024-10-09 17:50:58.060] [info] Frame 454 (t = 15.1667):	 total squared error = 0.00469473, marker error: RMS = 0.0157191, max = 0.0280420 (LElbow)
[2024-10-09 17:50:58.126] [info] Frame 455 (t = 15.2):	 total squared error = 0.00476322, marker error: RMS = 0.0158334, max = 0.0286762 (LElbow)
[2024-10-09 17:50:58.196] [info] Frame 456 (t = 15.2333):	 total squared error = 0.00493496, marker error: RMS = 0.0161163, max = 0.0290119 (LElbow)
[2024-10-09 17:50:58.260] [info] Frame 457 (t = 15.2667):	 total squared error = 0.00525779, marker error: RMS = 0.0166351, max = 0.0277928 (LElbow)
[2024-10-09 17:50:58.336] [info] Frame 458 (t = 15.3):	 total squared error = 0.00563626, marker error: RMS = 0.0172234, max = 0.0326627 (LKnee)
[2024-10-09 17:50:58.404] [info] Frame 459 (t = 15.3333):	 total squared error = 0.00595541, marker error: RMS = 0.0177043, max = 0.0342185 (LKnee)
[2024-10-09 17:50:58.532] [info] Frame 460 (t = 15.3667):	 total squared error = 0.00601759, marker error: RMS = 0.0177965, max = 0.0317401 (LHeel)
[2024-10-09 17:50:58.594] [info] Frame 461 (t = 15.4):	 total squared error = 0.00594902, marker error: RMS = 0.0176948, max = 0.0315956 (Neck)
[2024-10-09 17:50:58.671] [info] Frame 462 (t = 15.4333):	 total squared error = 0.00602112, marker error: RMS = 0.0178017, max = 0.0341239 (Neck)
[2024-10-09 17:50:58.718] [info] Frame 463 (t = 15.4667):	 total squared error = 0.00617393, marker error: RMS = 0.0180262, max = 0.036383 (Neck)
[2024-10-09 17:50:58.839] [info] Frame 464 (t = 15.5):	 total squared error = 0.00607187, marker error: RMS = 0.0178766, max = 0.0381946 (Neck)
[2024-10-09 17:50:58.893] [info] Frame 465 (t = 15.5333):	 total squared error = 0.00585042, marker error: RMS = 0.0175476, max = 0.0393378 (Neck)
[2024-10-09 17:50:58.944] [info] Frame 466 (t = 15.5667):	 total squared error = 0.00589803, marker error: RMS = 0.0176188, max = 0.0401853 (Neck)
[2024-10-09 17:50:59.021] [info] Frame 467 (t = 15.6):	 total squared error = 0.00647244, marker error: RMS = 0.0184568, max = 0.0409574 (Neck)
[2024-10-09 17:50:59.092] [info] Frame 468 (t = 15.6333):	 total squared error = 0.00736642, marker error: RMS = 0.0196903, max = 0.0417592 (Neck)
[2024-10-09 17:50:59.169] [info] Frame 469 (t = 15.6667):	 total squared error = 0.00816586, marker error: RMS = 0.0207312, max = 0.0428174 (Neck)
[2024-10-09 17:50:59.295] [info] Frame 470 (t = 15.7):	 total squared error = 0.00858124, marker error: RMS = 0.0212519, max = 0.0442176 (Neck)
[2024-10-09 17:50:59.334] [info] Frame 471 (t = 15.7333):	 total squared error = 0.00861554, marker error: RMS = 0.0212943, max = 0.0455689 (Neck)
[2024-10-09 17:50:59.427] [info] Frame 472 (t = 15.7667):	 total squared error = 0.00858459, marker error: RMS = 0.0212561, max = 0.0460908 (Neck)
[2024-10-09 17:50:59.502] [info] Frame 473 (t = 15.8):	 total squared error = 0.00881743, marker error: RMS = 0.0215424, max = 0.0457571 (Neck)
[2024-10-09 17:50:59.547] [info] Frame 474 (t = 15.8333):	 total squared error = 0.00926476, marker error: RMS = 0.0220821, max = 0.0457010 (Neck)
[2024-10-09 17:50:59.627] [info] Frame 475 (t = 15.8667):	 total squared error = 0.00949596, marker error: RMS = 0.0223559, max = 0.0458856 (Neck)
[2024-10-09 17:50:59.700] [info] Frame 476 (t = 15.9):	 total squared error = 0.00976732, marker error: RMS = 0.0226731, max = 0.0480907 (Neck)
[2024-10-09 17:50:59.777] [info] Frame 477 (t = 15.9333):	 total squared error = 0.0101718, marker error: RMS = 0.0231378, max = 0.0510919 (Neck)
[2024-10-09 17:50:59.848] [info] Frame 478 (t = 15.9667):	 total squared error = 0.0108533, marker error: RMS = 0.0239004, max = 0.0536461 (Neck)
[2024-10-09 17:50:59.909] [info] Frame 479 (t = 16.0):	 total squared error = 0.0120765, marker error: RMS = 0.0252112, max = 0.055115 (Neck)
[2024-10-09 17:50:59.948] [info] Frame 480 (t = 16.0333):	 total squared error = 0.0142036, marker error: RMS = 0.0273415, max = 0.0553242 (Neck)
[2024-10-09 17:51:00.016] [info] Frame 481 (t = 16.0667):	 total squared error = 0.016739, marker error: RMS = 0.0296816, max = 0.0611707 (LElbow)
[2024-10-09 17:51:00.083] [info] Frame 482 (t = 16.1):	 total squared error = 0.0189227, marker error: RMS = 0.0315584, max = 0.0702488 (LElbow)
[2024-10-09 17:51:00.127] [info] Frame 483 (t = 16.1333):	 total squared error = 0.0201266, marker error: RMS = 0.0325468, max = 0.0766872 (LElbow)
[2024-10-09 17:51:00.200] [info] Frame 484 (t = 16.1667):	 total squared error = 0.0202587, marker error: RMS = 0.0326535, max = 0.0796964 (LElbow)
[2024-10-09 17:51:00.274] [info] Frame 485 (t = 16.2):	 total squared error = 0.0195359, marker error: RMS = 0.0320657, max = 0.0788909 (LElbow)
[2024-10-09 17:51:00.320] [info] Frame 486 (t = 16.2333):	 total squared error = 0.0185524, marker error: RMS = 0.0312481, max = 0.074269 (LElbow)
[2024-10-09 17:51:00.372] [info] Frame 487 (t = 16.2667):	 total squared error = 0.0175193, marker error: RMS = 0.0303655, max = 0.0658153 (LElbow)
[2024-10-09 17:51:00.436] [info] Frame 488 (t = 16.3):	 total squared error = 0.0164439, marker error: RMS = 0.0294188, max = 0.0642252 (LKnee)
[2024-10-09 17:51:00.483] [info] Frame 489 (t = 16.3333):	 total squared error = 0.015348, marker error: RMS = 0.0284216, max = 0.0685501 (LKnee)
[2024-10-09 17:51:00.522] [info] Frame 490 (t = 16.3667):	 total squared error = 0.0142167, marker error: RMS = 0.0273541, max = 0.0684862 (LKnee)
[2024-10-09 17:51:00.560] [info] Frame 491 (t = 16.4):	 total squared error = 0.0130393, marker error: RMS = 0.026197, max = 0.0638237 (LKnee)
[2024-10-09 17:51:00.630] [info] Frame 492 (t = 16.4333):	 total squared error = 0.011986, marker error: RMS = 0.0251165, max = 0.0556666 (LKnee)
[2024-10-09 17:51:00.679] [info] Frame 493 (t = 16.4667):	 total squared error = 0.0110666, marker error: RMS = 0.0241341, max = 0.046165 (LKnee)
[2024-10-09 17:51:00.737] [info] Frame 494 (t = 16.5):	 total squared error = 0.0103609, marker error: RMS = 0.0233519, max = 0.0383236 (Neck)
[2024-10-09 17:51:00.779] [info] Frame 495 (t = 16.5333):	 total squared error = 0.00990991, marker error: RMS = 0.022838, max = 0.0382585 (Neck)
[2024-10-09 17:51:00.840] [info] Frame 496 (t = 16.5667):	 total squared error = 0.00959658, marker error: RMS = 0.0224741, max = 0.0381052 (Neck)
[2024-10-09 17:51:00.898] [info] Frame 497 (t = 16.6):	 total squared error = 0.00930063, marker error: RMS = 0.0221248, max = 0.0376809 (RHip)
[2024-10-09 17:51:00.937] [info] Frame 498 (t = 16.6333):	 total squared error = 0.00904105, marker error: RMS = 0.0218139, max = 0.0374019 (RHip)
[2024-10-09 17:51:00.979] [info] Frame 499 (t = 16.6667):	 total squared error = 0.00884450, marker error: RMS = 0.0215755, max = 0.0369105 (RHip)
[2024-10-09 17:51:01.023] [info] Frame 500 (t = 16.7):	 total squared error = 0.00878491, marker error: RMS = 0.0215026, max = 0.0364098 (RHip)
[2024-10-09 17:51:01.056] [info] Frame 501 (t = 16.7333):	 total squared error = 0.00900711, marker error: RMS = 0.0217729, max = 0.0361983 (RHip)
[2024-10-09 17:51:01.091] [info] Frame 502 (t = 16.7667):	 total squared error = 0.00965247, marker error: RMS = 0.0225394, max = 0.0355918 (RHip)
[2024-10-09 17:51:01.152] [info] Frame 503 (t = 16.8):	 total squared error = 0.0106498, marker error: RMS = 0.0236752, max = 0.0441703 (LSmallToe)
[2024-10-09 17:51:01.190] [info] Frame 504 (t = 16.8333):	 total squared error = 0.0117832, marker error: RMS = 0.0249032, max = 0.0533608 (LSmallToe)
[2024-10-09 17:51:01.206] [info] Frame 505 (t = 16.8667):	 total squared error = 0.0127429, marker error: RMS = 0.0258975, max = 0.0601098 (LSmallToe)
[2024-10-09 17:51:01.243] [info] Frame 506 (t = 16.9):	 total squared error = 0.0133117, marker error: RMS = 0.0264692, max = 0.0634376 (LSmallToe)
[2024-10-09 17:51:01.270] [info] Frame 507 (t = 16.9333):	 total squared error = 0.0136177, marker error: RMS = 0.0267717, max = 0.065558 (LSmallToe)
[2024-10-09 17:51:01.297] [info] Frame 508 (t = 16.9667):	 total squared error = 0.0137437, marker error: RMS = 0.0268952, max = 0.0665836 (LSmallToe)
[2024-10-09 17:51:01.315] [info] Frame 509 (t = 17.0):	 total squared error = 0.0137705, marker error: RMS = 0.0269214, max = 0.0668521 (LSmallToe)
[2024-10-09 17:51:01.332] [info] Frame 510 (t = 17.0333):	 total squared error = 0.0137563, marker error: RMS = 0.0269076, max = 0.066852 (LSmallToe)
[2024-10-09 17:51:01.379] [info] Frame 511 (t = 17.0667):	 total squared error = 0.0137063, marker error: RMS = 0.0268586, max = 0.0668233 (LSmallToe)
[2024-10-09 17:51:01.406] [info] Frame 512 (t = 17.1):	 total squared error = 0.0136076, marker error: RMS = 0.0267617, max = 0.0662997 (LSmallToe)
[2024-10-09 17:51:01.438] [info] Frame 513 (t = 17.1333):	 total squared error = 0.0134775, marker error: RMS = 0.0266334, max = 0.0654588 (LSmallToe)
[2024-10-09 17:51:01.470] [info] Frame 514 (t = 17.1667):	 total squared error = 0.0133833, marker error: RMS = 0.0265402, max = 0.065123 (LSmallToe)
[2024-10-09 17:51:01.518] [info] Frame 515 (t = 17.2):	 total squared error = 0.0133728, marker error: RMS = 0.0265298, max = 0.0650618 (LSmallToe)
[2024-10-09 17:51:01.565] [info] Frame 516 (t = 17.2333):	 total squared error = 0.0134208, marker error: RMS = 0.0265774, max = 0.0652553 (LSmallToe)
[2024-10-09 17:51:01.656] [info] Frame 517 (t = 17.2667):	 total squared error = 0.0134707, marker error: RMS = 0.0266268, max = 0.0653897 (LSmallToe)
[2024-10-09 17:51:01.706] [info] Frame 518 (t = 17.3):	 total squared error = 0.0135696, marker error: RMS = 0.0267243, max = 0.0654972 (LSmallToe)
[2024-10-09 17:51:01.787] [info] Frame 519 (t = 17.3333):	 total squared error = 0.0136142, marker error: RMS = 0.0267682, max = 0.0656192 (LSmallToe)
[2024-10-09 17:51:01.839] [info] Frame 520 (t = 17.3667):	 total squared error = 0.0136349, marker error: RMS = 0.0267885, max = 0.0656513 (LSmallToe)
[2024-10-09 17:51:01.883] [info] Frame 521 (t = 17.4):	 total squared error = 0.0135422, marker error: RMS = 0.0266973, max = 0.0652747 (LSmallToe)
[2024-10-09 17:51:01.967] [info] Frame 522 (t = 17.4333):	 total squared error = 0.0132088, marker error: RMS = 0.0263666, max = 0.0639011 (LSmallToe)
[2024-10-09 17:51:02.017] [info] Frame 523 (t = 17.4667):	 total squared error = 0.0126119, marker error: RMS = 0.025764, max = 0.0606547 (LSmallToe)
[2024-10-09 17:51:02.062] [info] Frame 524 (t = 17.5):	 total squared error = 0.0117084, marker error: RMS = 0.0248241, max = 0.055263 (LSmallToe)
[2024-10-09 17:51:02.121] [info] Frame 525 (t = 17.5333):	 total squared error = 0.0107137, marker error: RMS = 0.0237461, max = 0.0483999 (LSmallToe)
[2024-10-09 17:51:02.211] [info] Frame 526 (t = 17.5667):	 total squared error = 0.00993877, marker error: RMS = 0.0228712, max = 0.0418179 (LSmallToe)
[2024-10-09 17:51:02.262] [info] Frame 527 (t = 17.6):	 total squared error = 0.00954488, marker error: RMS = 0.0224134, max = 0.0373346 (LSmallToe)
[2024-10-09 17:51:02.379] [info] Frame 528 (t = 17.6333):	 total squared error = 0.00943672, marker error: RMS = 0.0222861, max = 0.0363465 (RHip)
[2024-10-09 17:51:02.428] [info] Frame 529 (t = 17.6667):	 total squared error = 0.00959476, marker error: RMS = 0.0224719, max = 0.0370477 (RHip)
[2024-10-09 17:51:02.482] [info] Frame 530 (t = 17.7):	 total squared error = 0.00997899, marker error: RMS = 0.0229175, max = 0.0409995 (LSmallToe)
[2024-10-09 17:51:02.586] [info] Frame 531 (t = 17.7333):	 total squared error = 0.0105997, marker error: RMS = 0.0236195, max = 0.0469275 (LSmallToe)
[2024-10-09 17:51:02.655] [info] Frame 532 (t = 17.7667):	 total squared error = 0.011413, marker error: RMS = 0.0245088, max = 0.0532804 (LSmallToe)
[2024-10-09 17:51:02.733] [info] Frame 533 (t = 17.8):	 total squared error = 0.0121427, marker error: RMS = 0.0252803, max = 0.0584136 (LSmallToe)
[2024-10-09 17:51:02.793] [info] Frame 534 (t = 17.8333):	 total squared error = 0.0126701, marker error: RMS = 0.0258234, max = 0.0619652 (LSmallToe)
[2024-10-09 17:51:02.870] [info] Frame 535 (t = 17.8667):	 total squared error = 0.0129379, marker error: RMS = 0.0260949, max = 0.0640172 (LSmallToe)
[2024-10-09 17:51:02.931] [info] Frame 536 (t = 17.9):	 total squared error = 0.0130755, marker error: RMS = 0.0262333, max = 0.0647891 (LSmallToe)
[2024-10-09 17:51:02.978] [info] Frame 537 (t = 17.9333):	 total squared error = 0.0131414, marker error: RMS = 0.0262993, max = 0.064875 (LSmallToe)
[2024-10-09 17:51:03.035] [info] Frame 538 (t = 17.9667):	 total squared error = 0.0132076, marker error: RMS = 0.0263654, max = 0.0645492 (LSmallToe)
[2024-10-09 17:51:03.098] [info] Frame 539 (t = 18.0):	 total squared error = 0.0132326, marker error: RMS = 0.0263903, max = 0.0640700 (LSmallToe)
[2024-10-09 17:51:03.183] [info] Frame 540 (t = 18.0333):	 total squared error = 0.0131844, marker error: RMS = 0.0263423, max = 0.0630967 (LSmallToe)
[2024-10-09 17:51:03.234] [info] Frame 541 (t = 18.0667):	 total squared error = 0.0129481, marker error: RMS = 0.0261052, max = 0.0608687 (LSmallToe)
[2024-10-09 17:51:03.287] [info] Frame 542 (t = 18.1):	 total squared error = 0.0123092, marker error: RMS = 0.0254529, max = 0.0564297 (LSmallToe)
[2024-10-09 17:51:03.319] [info] Frame 543 (t = 18.1333):	 total squared error = 0.0112254, marker error: RMS = 0.0243066, max = 0.0489768 (LSmallToe)
[2024-10-09 17:51:03.351] [info] Frame 544 (t = 18.1667):	 total squared error = 0.00989479, marker error: RMS = 0.0228206, max = 0.0385803 (LSmallToe)
[2024-10-09 17:51:03.381] [info] Frame 545 (t = 18.2):	 total squared error = 0.00870731, marker error: RMS = 0.0214075, max = 0.0363094 (RHip)
[2024-10-09 17:51:03.401] [info] Frame 546 (t = 18.2333):	 total squared error = 0.00793221, marker error: RMS = 0.0204324, max = 0.0360015 (RHip)
[2024-10-09 17:51:03.431] [info] Frame 547 (t = 18.2667):	 total squared error = 0.00754854, marker error: RMS = 0.0199322, max = 0.035722 (RHip)
[2024-10-09 17:51:03.535] [info] Frame 548 (t = 18.3):	 total squared error = 0.00734812, marker error: RMS = 0.0196658, max = 0.0352433 (RHip)
[2024-10-09 17:51:03.631] [info] Frame 549 (t = 18.3333):	 total squared error = 0.00735058, marker error: RMS = 0.0196691, max = 0.0352543 (RHip)
[2024-10-09 17:51:03.719] [info] Frame 550 (t = 18.3667):	 total squared error = 0.00747588, marker error: RMS = 0.019836, max = 0.0356355 (RHip)
[2024-10-09 17:51:03.787] [info] Frame 551 (t = 18.4):	 total squared error = 0.00769617, marker error: RMS = 0.0201261, max = 0.0363448 (RHip)
[2024-10-09 17:51:03.843] [info] Frame 552 (t = 18.4333):	 total squared error = 0.00791599, marker error: RMS = 0.0204115, max = 0.0370159 (RHip)
[2024-10-09 17:51:03.863] [info] Frame 553 (t = 18.4667):	 total squared error = 0.00810432, marker error: RMS = 0.0206529, max = 0.0372568 (RHip)
[2024-10-09 17:51:03.882] [info] Frame 554 (t = 18.5):	 total squared error = 0.00834015, marker error: RMS = 0.0209513, max = 0.0368619 (RHip)
[2024-10-09 17:51:03.941] [info] Frame 555 (t = 18.5333):	 total squared error = 0.00874790, marker error: RMS = 0.0214573, max = 0.0360393 (RHip)
[2024-10-09 17:51:03.968] [info] Frame 556 (t = 18.5667):	 total squared error = 0.00959748, marker error: RMS = 0.0224751, max = 0.0369634 (LSmallToe)
[2024-10-09 17:51:04.024] [info] Frame 557 (t = 18.6):	 total squared error = 0.0107043, marker error: RMS = 0.0237357, max = 0.0472869 (LSmallToe)
[2024-10-09 17:51:04.148] [info] Frame 558 (t = 18.6333):	 total squared error = 0.0117070, marker error: RMS = 0.0248225, max = 0.0548093 (LSmallToe)
[2024-10-09 17:51:04.209] [info] Frame 559 (t = 18.6667):	 total squared error = 0.0124171, marker error: RMS = 0.0255643, max = 0.0590770 (LSmallToe)
[2024-10-09 17:51:04.258] [info] Frame 560 (t = 18.7):	 total squared error = 0.0128144, marker error: RMS = 0.0259701, max = 0.0609015 (LSmallToe)
[2024-10-09 17:51:04.336] [info] Frame 561 (t = 18.7333):	 total squared error = 0.0129932, marker error: RMS = 0.0261506, max = 0.0614147 (LSmallToe)
[2024-10-09 17:51:04.385] [info] Frame 562 (t = 18.7667):	 total squared error = 0.0131453, marker error: RMS = 0.0263032, max = 0.0611318 (LSmallToe)
[2024-10-09 17:51:04.479] [info] Frame 563 (t = 18.8):	 total squared error = 0.0132579, marker error: RMS = 0.0264156, max = 0.0607189 (LSmallToe)
[2024-10-09 17:51:04.531] [info] Frame 564 (t = 18.8333):	 total squared error = 0.0133804, marker error: RMS = 0.0265373, max = 0.0600280 (LSmallToe)
[2024-10-09 17:51:04.656] [info] Frame 565 (t = 18.8667):	 total squared error = 0.0133255, marker error: RMS = 0.0264828, max = 0.0589291 (LSmallToe)
[2024-10-09 17:51:04.771] [info] Frame 566 (t = 18.9):	 total squared error = 0.0130080, marker error: RMS = 0.0261655, max = 0.056532 (LSmallToe)
[2024-10-09 17:51:04.838] [info] Frame 567 (t = 18.9333):	 total squared error = 0.0123009, marker error: RMS = 0.0254444, max = 0.0520819 (LSmallToe)
[2024-10-09 17:51:04.856] [info] Frame 568 (t = 18.9667):	 total squared error = 0.0111667, marker error: RMS = 0.0242429, max = 0.0450264 (LSmallToe)
[2024-10-09 17:51:04.886] [info] Frame 569 (t = 19.0):	 total squared error = 0.00987352, marker error: RMS = 0.022796, max = 0.0362117 (RHip)
[2024-10-09 17:51:04.908] [info] Frame 570 (t = 19.0333):	 total squared error = 0.00880079, marker error: RMS = 0.0215221, max = 0.0355808 (RHip)
[2024-10-09 17:51:04.930] [info] Frame 571 (t = 19.0667):	 total squared error = 0.00816640, marker error: RMS = 0.0207319, max = 0.0351657 (RHip)
[2024-10-09 17:51:05.013] [info] Frame 572 (t = 19.1):	 total squared error = 0.00783340, marker error: RMS = 0.0203048, max = 0.0347316 (RHip)
[2024-10-09 17:51:05.045] [info] Frame 573 (t = 19.1333):	 total squared error = 0.00766881, marker error: RMS = 0.0200903, max = 0.0345673 (RHip)
[2024-10-09 17:51:05.076] [info] Frame 574 (t = 19.1667):	 total squared error = 0.00758209, marker error: RMS = 0.0199764, max = 0.0344913 (RHip)
[2024-10-09 17:51:05.153] [info] Frame 575 (t = 19.2):	 total squared error = 0.00753469, marker error: RMS = 0.0199139, max = 0.0348531 (RHip)
[2024-10-09 17:51:05.197] [info] Frame 576 (t = 19.2333):	 total squared error = 0.00755287, marker error: RMS = 0.0199379, max = 0.0353788 (Neck)
[2024-10-09 17:51:05.258] [info] Frame 577 (t = 19.2667):	 total squared error = 0.00766570, marker error: RMS = 0.0200863, max = 0.0364279 (Neck)
[2024-10-09 17:51:05.293] [info] Frame 578 (t = 19.3):	 total squared error = 0.00790340, marker error: RMS = 0.0203953, max = 0.037488 (Neck)
[2024-10-09 17:51:05.350] [info] Frame 579 (t = 19.3333):	 total squared error = 0.00821909, marker error: RMS = 0.0207986, max = 0.0384819 (Neck)
[2024-10-09 17:51:05.396] [info] Frame 580 (t = 19.3667):	 total squared error = 0.00868718, marker error: RMS = 0.0213827, max = 0.0399766 (Neck)
[2024-10-09 17:51:05.479] [info] Frame 581 (t = 19.4):	 total squared error = 0.00932938, marker error: RMS = 0.022159, max = 0.042641 (Neck)
[2024-10-09 17:51:05.537] [info] Frame 582 (t = 19.4333):	 total squared error = 0.0105555, marker error: RMS = 0.0235702, max = 0.047716 (Neck)
[2024-10-09 17:51:05.608] [info] Frame 583 (t = 19.4667):	 total squared error = 0.0125783, marker error: RMS = 0.0257296, max = 0.0552481 (Neck)
[2024-10-09 17:51:05.683] [info] Frame 584 (t = 19.5):	 total squared error = 0.0153776, marker error: RMS = 0.028449, max = 0.0640507 (Neck)
[2024-10-09 17:51:05.757] [info] Frame 585 (t = 19.5333):	 total squared error = 0.0184475, marker error: RMS = 0.0311596, max = 0.0713508 (Neck)
[2024-10-09 17:51:05.818] [info] Frame 586 (t = 19.5667):	 total squared error = 0.0209973, marker error: RMS = 0.0332434, max = 0.0745086 (Neck)
[2024-10-09 17:51:05.864] [info] Frame 587 (t = 19.6):	 total squared error = 0.022257, marker error: RMS = 0.034226, max = 0.0731788 (Neck)
[2024-10-09 17:51:05.916] [info] Frame 588 (t = 19.6333):	 total squared error = 0.0217091, marker error: RMS = 0.0338022, max = 0.0690771 (Neck)
[2024-10-09 17:51:05.984] [info] Frame 589 (t = 19.6667):	 total squared error = 0.0197085, marker error: RMS = 0.0322070, max = 0.0638826 (Neck)
[2024-10-09 17:51:06.036] [info] Frame 590 (t = 19.7):	 total squared error = 0.0172352, marker error: RMS = 0.0301184, max = 0.0582040 (LElbow)
[2024-10-09 17:51:06.085] [info] Frame 591 (t = 19.7333):	 total squared error = 0.0151555, marker error: RMS = 0.0282428, max = 0.0530584 (LElbow)
[2024-10-09 17:51:06.142] [info] Frame 592 (t = 19.7667):	 total squared error = 0.0132192, marker error: RMS = 0.0263771, max = 0.0467733 (LElbow)
[2024-10-09 17:51:06.191] [info] Frame 593 (t = 19.8):	 total squared error = 0.0110520, marker error: RMS = 0.0241181, max = 0.0398304 (LElbow)
[2024-10-09 17:51:06.280] [info] Frame 594 (t = 19.8333):	 total squared error = 0.00896445, marker error: RMS = 0.0217213, max = 0.0332155 (LElbow)
[2024-10-09 17:51:06.338] [info] Frame 595 (t = 19.8667):	 total squared error = 0.00743901, marker error: RMS = 0.019787, max = 0.0298313 (Neck)
[2024-10-09 17:51:06.406] [info] Frame 596 (t = 19.9):	 total squared error = 0.00661842, marker error: RMS = 0.0186638, max = 0.0335546 (Neck)
[2024-10-09 17:51:06.474] [info] Frame 597 (t = 19.9333):	 total squared error = 0.00639896, marker error: RMS = 0.0183518, max = 0.0391855 (Neck)
[2024-10-09 17:51:06.538] [info] Frame 598 (t = 19.9667):	 total squared error = 0.00649747, marker error: RMS = 0.0184925, max = 0.0445568 (Neck)
[2024-10-09 17:51:06.585] [info] Frame 599 (t = 20.0):	 total squared error = 0.00661616, marker error: RMS = 0.0186606, max = 0.0477854 (Neck)
[2024-10-09 17:51:06.731] [info] Frame 600 (t = 20.0333):	 total squared error = 0.00668975, marker error: RMS = 0.0187641, max = 0.0473131 (Neck)
[2024-10-09 17:51:06.783] [info] Frame 601 (t = 20.0667):	 total squared error = 0.00722472, marker error: RMS = 0.0195, max = 0.0438526 (Neck)
[2024-10-09 17:51:06.838] [info] Frame 602 (t = 20.1):	 total squared error = 0.00937792, marker error: RMS = 0.0222165, max = 0.0426325 (Neck)
[2024-10-09 17:51:06.893] [info] Frame 603 (t = 20.1333):	 total squared error = 0.0144483, marker error: RMS = 0.027576, max = 0.0496937 (Neck)
[2024-10-09 17:51:06.907] [info] InverseKinematicsTool completed 604 frames in 29 second(s).
