[2024-10-09 18:17:49.192] [info] Preparing to run InverseKinematicsTool.
[2024-10-09 18:17:49.214] [info] Loaded model Pose2Sim_scaled from file Model_Pose2Sim_Halpe26_scaled.osim
[2024-10-09 18:17:49.214] [warning] Couldn't find file 'r_pelvis.vtp'.
[2024-10-09 18:17:49.214] [warning] Couldn't find file 'l_pelvis.vtp'.
[2024-10-09 18:17:49.215] [warning] Couldn't find file 'sacrum.vtp'.
[2024-10-09 18:17:49.215] [warning] Couldn't find file 'femur_r.vtp'.
[2024-10-09 18:17:49.215] [warning] Couldn't find file 'r_patella.vtp'.
[2024-10-09 18:17:49.215] [warning] Couldn't find file 'tibia_r.vtp'.
[2024-10-09 18:17:49.216] [warning] Couldn't find file 'fibula_r.vtp'.
[2024-10-09 18:17:49.216] [warning] Couldn't find file 'talus_rv.vtp'.
[2024-10-09 18:17:49.216] [warning] Couldn't find file 'foot.vtp'.
[2024-10-09 18:17:49.216] [warning] Couldn't find file 'bofoot.vtp'.
[2024-10-09 18:17:49.216] [warning] Couldn't find file 'femur_l.vtp'.
[2024-10-09 18:17:49.217] [warning] Couldn't find file 'l_patella.vtp'.
[2024-10-09 18:17:49.217] [warning] Couldn't find file 'tibia_l.vtp'.
[2024-10-09 18:17:49.217] [warning] Couldn't find file 'fibula_l.vtp'.
[2024-10-09 18:17:49.217] [warning] Couldn't find file 'talus_lv.vtp'.
[2024-10-09 18:17:49.217] [warning] Couldn't find file 'l_foot.vtp'.
[2024-10-09 18:17:49.217] [warning] Couldn't find file 'l_bofoot.vtp'.
[2024-10-09 18:17:49.217] [warning] Couldn't find file 'lumbar5.vtp'.
[2024-10-09 18:17:49.217] [warning] Couldn't find file 'lumbar4.vtp'.
[2024-10-09 18:17:49.218] [warning] Couldn't find file 'lumbar3.vtp'.
[2024-10-09 18:17:49.218] [warning] Couldn't find file 'lumbar2.vtp'.
[2024-10-09 18:17:49.218] [warning] Couldn't find file 'lumbar1.vtp'.
[2024-10-09 18:17:49.218] [warning] Couldn't find file 'cerv1sm.vtp'.
[2024-10-09 18:17:49.218] [warning] Couldn't find file 'cerv2sm.vtp'.
[2024-10-09 18:17:49.218] [warning] Couldn't find file 'cerv3sm.vtp'.
[2024-10-09 18:17:49.218] [warning] Couldn't find file 'cerv4sm.vtp'.
[2024-10-09 18:17:49.219] [warning] Couldn't find file 'cerv5sm.vtp'.
[2024-10-09 18:17:49.219] [warning] Couldn't find file 'cerv6sm.vtp'.
[2024-10-09 18:17:49.219] [warning] Couldn't find file 'cerv7.vtp'.
[2024-10-09 18:17:49.219] [warning] Couldn't find file 'thoracic12_s.vtp'.
[2024-10-09 18:17:49.219] [warning] Couldn't find file 'thoracic11_s.vtp'.
[2024-10-09 18:17:49.219] [warning] Couldn't find file 'thoracic10_s.vtp'.
[2024-10-09 18:17:49.219] [warning] Couldn't find file 'thoracic9_s.vtp'.
[2024-10-09 18:17:49.220] [warning] Couldn't find file 'thoracic8_s.vtp'.
[2024-10-09 18:17:49.220] [warning] Couldn't find file 'thoracic7_s.vtp'.
[2024-10-09 18:17:49.220] [warning] Couldn't find file 'thoracic6_s.vtp'.
[2024-10-09 18:17:49.220] [warning] Couldn't find file 'thoracic5_s.vtp'.
[2024-10-09 18:17:49.220] [warning] Couldn't find file 'thoracic4_s.vtp'.
[2024-10-09 18:17:49.220] [warning] Couldn't find file 'thoracic3_s.vtp'.
[2024-10-09 18:17:49.220] [warning] Couldn't find file 'thoracic2_s.vtp'.
[2024-10-09 18:17:49.220] [warning] Couldn't find file 'thoracic1_s.vtp'.
[2024-10-09 18:17:49.221] [warning] Couldn't find file 'hat_ribs_scap.vtp'.
[2024-10-09 18:17:49.221] [warning] Couldn't find file 'hat_jaw.vtp'.
[2024-10-09 18:17:49.221] [warning] Couldn't find file 'hat_skull.vtp'.
[2024-10-09 18:17:49.221] [warning] Couldn't find file 'humerus_rv.vtp'.
[2024-10-09 18:17:49.221] [warning] Couldn't find file 'ulna_rv.vtp'.
[2024-10-09 18:17:49.221] [warning] Couldn't find file 'radius_rv.vtp'.
[2024-10-09 18:17:49.221] [warning] Couldn't find file 'pisiform_rvs.vtp'.
[2024-10-09 18:17:49.222] [warning] Couldn't find file 'lunate_rvs.vtp'.
[2024-10-09 18:17:49.222] [warning] Couldn't find file 'scaphoid_rvs.vtp'.
[2024-10-09 18:17:49.222] [warning] Couldn't find file 'triquetrum_rvs.vtp'.
[2024-10-09 18:17:49.222] [warning] Couldn't find file 'hamate_rvs.vtp'.
[2024-10-09 18:17:49.222] [warning] Couldn't find file 'capitate_rvs.vtp'.
[2024-10-09 18:17:49.222] [warning] Couldn't find file 'trapezoid_rvs.vtp'.
[2024-10-09 18:17:49.222] [warning] Couldn't find file 'trapezium_rvs.vtp'.
[2024-10-09 18:17:49.222] [warning] Couldn't find file 'metacarpal2_rvs.vtp'.
[2024-10-09 18:17:49.223] [warning] Couldn't find file 'index_proximal_rvs.vtp'.
[2024-10-09 18:17:49.223] [warning] Couldn't find file 'index_medial_rvs.vtp'.
[2024-10-09 18:17:49.223] [warning] Couldn't find file 'index_distal_rvs.vtp'.
[2024-10-09 18:17:49.223] [warning] Couldn't find file 'metacarpal3_rvs.vtp'.
[2024-10-09 18:17:49.223] [warning] Couldn't find file 'middle_proximal_rvs.vtp'.
[2024-10-09 18:17:49.223] [warning] Couldn't find file 'middle_medial_rvs.vtp'.
[2024-10-09 18:17:49.223] [warning] Couldn't find file 'middle_distal_rvs.vtp'.
[2024-10-09 18:17:49.223] [warning] Couldn't find file 'metacarpal4_rvs.vtp'.
[2024-10-09 18:17:49.223] [warning] Couldn't find file 'ring_proximal_rvs.vtp'.
[2024-10-09 18:17:49.224] [warning] Couldn't find file 'ring_medial_rvs.vtp'.
[2024-10-09 18:17:49.224] [warning] Couldn't find file 'ring_distal_rvs.vtp'.
[2024-10-09 18:17:49.224] [warning] Couldn't find file 'metacarpal5_rvs.vtp'.
[2024-10-09 18:17:49.224] [warning] Couldn't find file 'little_proximal_rvs.vtp'.
[2024-10-09 18:17:49.224] [warning] Couldn't find file 'little_medial_rvs.vtp'.
[2024-10-09 18:17:49.224] [warning] Couldn't find file 'little_distal_rvs.vtp'.
[2024-10-09 18:17:49.225] [warning] Couldn't find file 'metacarpal1_rvs.vtp'.
[2024-10-09 18:17:49.225] [warning] Couldn't find file 'thumb_proximal_rvs.vtp'.
[2024-10-09 18:17:49.225] [warning] Couldn't find file 'thumb_distal_rvs.vtp'.
[2024-10-09 18:17:49.225] [warning] Couldn't find file 'humerus_lv.vtp'.
[2024-10-09 18:17:49.225] [warning] Couldn't find file 'ulna_lv.vtp'.
[2024-10-09 18:17:49.225] [warning] Couldn't find file 'radius_lv.vtp'.
[2024-10-09 18:17:49.225] [warning] Couldn't find file 'pisiform_lvs.vtp'.
[2024-10-09 18:17:49.225] [warning] Couldn't find file 'lunate_lvs.vtp'.
[2024-10-09 18:17:49.226] [warning] Couldn't find file 'scaphoid_lvs.vtp'.
[2024-10-09 18:17:49.226] [warning] Couldn't find file 'triquetrum_lvs.vtp'.
[2024-10-09 18:17:49.226] [warning] Couldn't find file 'hamate_lvs.vtp'.
[2024-10-09 18:17:49.226] [warning] Couldn't find file 'capitate_lvs.vtp'.
[2024-10-09 18:17:49.226] [warning] Couldn't find file 'trapezoid_lvs.vtp'.
[2024-10-09 18:17:49.226] [warning] Couldn't find file 'trapezium_lvs.vtp'.
[2024-10-09 18:17:49.226] [warning] Couldn't find file 'metacarpal2_lvs.vtp'.
[2024-10-09 18:17:49.226] [warning] Couldn't find file 'index_proximal_lvs.vtp'.
[2024-10-09 18:17:49.227] [warning] Couldn't find file 'index_medial_lvs.vtp'.
[2024-10-09 18:17:49.227] [warning] Couldn't find file 'index_distal_lvs.vtp'.
[2024-10-09 18:17:49.227] [warning] Couldn't find file 'metacarpal3_lvs.vtp'.
[2024-10-09 18:17:49.227] [warning] Couldn't find file 'middle_proximal_lvs.vtp'.
[2024-10-09 18:17:49.227] [warning] Couldn't find file 'middle_medial_lvs.vtp'.
[2024-10-09 18:17:49.227] [warning] Couldn't find file 'middle_distal_lvs.vtp'.
[2024-10-09 18:17:49.227] [warning] Couldn't find file 'metacarpal4_lvs.vtp'.
[2024-10-09 18:17:49.227] [warning] Couldn't find file 'ring_proximal_lvs.vtp'.
[2024-10-09 18:17:49.227] [warning] Couldn't find file 'ring_medial_lvs.vtp'.
[2024-10-09 18:17:49.228] [warning] Couldn't find file 'ring_distal_lvs.vtp'.
[2024-10-09 18:17:49.228] [warning] Couldn't find file 'metacarpal5_lvs.vtp'.
[2024-10-09 18:17:49.228] [warning] Couldn't find file 'little_proximal_lvs.vtp'.
[2024-10-09 18:17:49.228] [warning] Couldn't find file 'little_medial_lvs.vtp'.
[2024-10-09 18:17:49.228] [warning] Couldn't find file 'little_distal_lvs.vtp'.
[2024-10-09 18:17:49.228] [warning] Couldn't find file 'metacarpal1_lvs.vtp'.
[2024-10-09 18:17:49.228] [warning] Couldn't find file 'thumb_proximal_lvs.vtp'.
[2024-10-09 18:17:49.228] [warning] Couldn't find file 'thumb_distal_lvs.vtp'.
[2024-10-09 18:17:49.230] [cout] [info] 
               MODEL: Pose2Sim_scaled
         coordinates: 62
              forces: 0
           actuators: 0
             muscles: 0
            analyses: 0
              probes: 0
              bodies: 30
              joints: 30
         constraints: 20
             markers: 22
         controllers: 0
  contact geometries: 0
misc modelcomponents: 0
[2024-10-09 18:17:49.231] [info] Running tool .
[2024-10-09 18:17:49.634] [info] Frame 0 (t = 0.0333333):	 total squared error = 0.0134090, marker error: RMS = 0.0265657, max = 0.0542506 (LShoulder)
[2024-10-09 18:17:49.690] [info] Frame 1 (t = 0.0666667):	 total squared error = 0.0117959, marker error: RMS = 0.0249166, max = 0.0460713 (LShoulder)
[2024-10-09 18:17:49.720] [info] Frame 2 (t = 0.1):	 total squared error = 0.0112049, marker error: RMS = 0.0242844, max = 0.0394202 (LShoulder)
[2024-10-09 18:17:49.781] [info] Frame 3 (t = 0.133333):	 total squared error = 0.0111795, marker error: RMS = 0.0242568, max = 0.0393759 (LHeel)
[2024-10-09 18:17:49.812] [info] Frame 4 (t = 0.166667):	 total squared error = 0.0113683, marker error: RMS = 0.0244608, max = 0.0402964 (LHeel)
[2024-10-09 18:17:49.871] [info] Frame 5 (t = 0.2):	 total squared error = 0.0115508, marker error: RMS = 0.0246564, max = 0.0398771 (LHeel)
[2024-10-09 18:17:49.946] [info] Frame 6 (t = 0.233333):	 total squared error = 0.0116997, marker error: RMS = 0.0248148, max = 0.0393090 (LHeel)
[2024-10-09 18:17:50.011] [info] Frame 7 (t = 0.266667):	 total squared error = 0.0117873, marker error: RMS = 0.0249075, max = 0.0388216 (LHeel)
[2024-10-09 18:17:50.082] [info] Frame 8 (t = 0.3):	 total squared error = 0.011835, marker error: RMS = 0.0249579, max = 0.0388206 (LHeel)
[2024-10-09 18:17:50.139] [info] Frame 9 (t = 0.333333):	 total squared error = 0.0118412, marker error: RMS = 0.0249644, max = 0.0393885 (LHeel)
[2024-10-09 18:17:50.172] [info] Frame 10 (t = 0.366667):	 total squared error = 0.0117941, marker error: RMS = 0.0249147, max = 0.0404943 (LHeel)
[2024-10-09 18:17:50.228] [info] Frame 11 (t = 0.4):	 total squared error = 0.011689, marker error: RMS = 0.0248035, max = 0.0414986 (LHeel)
[2024-10-09 18:17:50.256] [info] Frame 12 (t = 0.433333):	 total squared error = 0.0116060, marker error: RMS = 0.0247153, max = 0.0426415 (LHeel)
[2024-10-09 18:17:50.362] [info] Frame 13 (t = 0.466667):	 total squared error = 0.0115303, marker error: RMS = 0.0246345, max = 0.0427044 (LHeel)
[2024-10-09 18:17:50.390] [info] Frame 14 (t = 0.5):	 total squared error = 0.0115018, marker error: RMS = 0.0246041, max = 0.0421513 (LHeel)
[2024-10-09 18:17:50.443] [info] Frame 15 (t = 0.533333):	 total squared error = 0.0114991, marker error: RMS = 0.0246011, max = 0.0407976 (LHeel)
[2024-10-09 18:17:50.483] [info] Frame 16 (t = 0.566667):	 total squared error = 0.0115653, marker error: RMS = 0.0246718, max = 0.0398885 (LHeel)
[2024-10-09 18:17:50.531] [info] Frame 17 (t = 0.6):	 total squared error = 0.0116607, marker error: RMS = 0.0247734, max = 0.0393769 (LHeel)
[2024-10-09 18:17:50.584] [info] Frame 18 (t = 0.633333):	 total squared error = 0.0117168, marker error: RMS = 0.0248329, max = 0.0392769 (LHeel)
[2024-10-09 18:17:50.659] [info] Frame 19 (t = 0.666667):	 total squared error = 0.0116874, marker error: RMS = 0.0248017, max = 0.0394448 (LHeel)
[2024-10-09 18:17:50.733] [info] Frame 20 (t = 0.7):	 total squared error = 0.0115999, marker error: RMS = 0.0247087, max = 0.0397705 (LHeel)
[2024-10-09 18:17:50.771] [info] Frame 21 (t = 0.733333):	 total squared error = 0.0115114, marker error: RMS = 0.0246143, max = 0.0402816 (LHeel)
[2024-10-09 18:17:50.809] [info] Frame 22 (t = 0.766667):	 total squared error = 0.01146, marker error: RMS = 0.0245593, max = 0.0413934 (LHeel)
[2024-10-09 18:17:50.852] [info] Frame 23 (t = 0.8):	 total squared error = 0.0114647, marker error: RMS = 0.0245643, max = 0.0424672 (LHeel)
[2024-10-09 18:17:50.911] [info] Frame 24 (t = 0.833333):	 total squared error = 0.0115227, marker error: RMS = 0.0246264, max = 0.0432762 (LHeel)
[2024-10-09 18:17:50.994] [info] Frame 25 (t = 0.866667):	 total squared error = 0.011634, marker error: RMS = 0.024745, max = 0.0436404 (LHeel)
[2024-10-09 18:17:51.041] [info] Frame 26 (t = 0.9):	 total squared error = 0.011759, marker error: RMS = 0.0248776, max = 0.0435632 (LHeel)
[2024-10-09 18:17:51.105] [info] Frame 27 (t = 0.933333):	 total squared error = 0.0118113, marker error: RMS = 0.0249329, max = 0.0430189 (LHeel)
[2024-10-09 18:17:51.171] [info] Frame 28 (t = 0.966667):	 total squared error = 0.011716, marker error: RMS = 0.024832, max = 0.0421653 (LHeel)
[2024-10-09 18:17:51.212] [info] Frame 29 (t = 1.0):	 total squared error = 0.0115108, marker error: RMS = 0.0246137, max = 0.0413991 (LHeel)
[2024-10-09 18:17:51.301] [info] Frame 30 (t = 1.03333):	 total squared error = 0.011318, marker error: RMS = 0.0244066, max = 0.0408540 (LHeel)
[2024-10-09 18:17:51.401] [info] Frame 31 (t = 1.06667):	 total squared error = 0.0112362, marker error: RMS = 0.0243183, max = 0.0406407 (LHeel)
[2024-10-09 18:17:51.452] [info] Frame 32 (t = 1.1):	 total squared error = 0.0112872, marker error: RMS = 0.0243734, max = 0.0407301 (LHeel)
[2024-10-09 18:17:51.495] [info] Frame 33 (t = 1.13333):	 total squared error = 0.0114449, marker error: RMS = 0.024543, max = 0.0411658 (LHeel)
[2024-10-09 18:17:51.548] [info] Frame 34 (t = 1.16667):	 total squared error = 0.0116745, marker error: RMS = 0.024788, max = 0.0419155 (LHeel)
[2024-10-09 18:17:51.594] [info] Frame 35 (t = 1.2):	 total squared error = 0.0119309, marker error: RMS = 0.0250587, max = 0.0429445 (LHeel)
[2024-10-09 18:17:51.643] [info] Frame 36 (t = 1.23333):	 total squared error = 0.0121648, marker error: RMS = 0.0253032, max = 0.0438983 (LHeel)
[2024-10-09 18:17:51.716] [info] Frame 37 (t = 1.26667):	 total squared error = 0.0123493, marker error: RMS = 0.0254944, max = 0.0442502 (LHeel)
[2024-10-09 18:17:51.764] [info] Frame 38 (t = 1.3):	 total squared error = 0.0125186, marker error: RMS = 0.0256685, max = 0.044359 (LHeel)
[2024-10-09 18:17:51.831] [info] Frame 39 (t = 1.33333):	 total squared error = 0.012718, marker error: RMS = 0.0258722, max = 0.0441801 (LHeel)
[2024-10-09 18:17:51.898] [info] Frame 40 (t = 1.36667):	 total squared error = 0.0129468, marker error: RMS = 0.0261039, max = 0.0437322 (LHeel)
[2024-10-09 18:17:51.958] [info] Frame 41 (t = 1.4):	 total squared error = 0.0131415, marker error: RMS = 0.0262994, max = 0.0430796 (LHeel)
[2024-10-09 18:17:52.008] [info] Frame 42 (t = 1.43333):	 total squared error = 0.0132245, marker error: RMS = 0.0263823, max = 0.042454 (LHeel)
[2024-10-09 18:17:52.053] [info] Frame 43 (t = 1.46667):	 total squared error = 0.0131609, marker error: RMS = 0.0263188, max = 0.0418429 (LHeel)
[2024-10-09 18:17:52.154] [info] Frame 44 (t = 1.5):	 total squared error = 0.0129829, marker error: RMS = 0.0261402, max = 0.0417053 (LHeel)
[2024-10-09 18:17:52.222] [info] Frame 45 (t = 1.53333):	 total squared error = 0.0127804, marker error: RMS = 0.0259356, max = 0.0420024 (LHeel)
[2024-10-09 18:17:52.276] [info] Frame 46 (t = 1.56667):	 total squared error = 0.0126563, marker error: RMS = 0.0258093, max = 0.0427921 (LHeel)
[2024-10-09 18:17:52.334] [info] Frame 47 (t = 1.6):	 total squared error = 0.0127104, marker error: RMS = 0.0258644, max = 0.0438518 (LHeel)
[2024-10-09 18:17:52.370] [info] Frame 48 (t = 1.63333):	 total squared error = 0.0129297, marker error: RMS = 0.0260866, max = 0.044654 (LHeel)
[2024-10-09 18:17:52.440] [info] Frame 49 (t = 1.66667):	 total squared error = 0.0132464, marker error: RMS = 0.0264041, max = 0.0455082 (LHeel)
[2024-10-09 18:17:52.494] [info] Frame 50 (t = 1.7):	 total squared error = 0.0136142, marker error: RMS = 0.0267682, max = 0.0460567 (LHeel)
[2024-10-09 18:17:52.537] [info] Frame 51 (t = 1.73333):	 total squared error = 0.0139588, marker error: RMS = 0.0271048, max = 0.0463692 (LHeel)
[2024-10-09 18:17:52.590] [info] Frame 52 (t = 1.76667):	 total squared error = 0.0142287, marker error: RMS = 0.0273657, max = 0.0464947 (LHeel)
[2024-10-09 18:17:52.644] [info] Frame 53 (t = 1.8):	 total squared error = 0.0143798, marker error: RMS = 0.0275106, max = 0.0464599 (LHeel)
[2024-10-09 18:17:52.700] [info] Frame 54 (t = 1.83333):	 total squared error = 0.0143832, marker error: RMS = 0.0275138, max = 0.0461949 (LHeel)
[2024-10-09 18:17:52.758] [info] Frame 55 (t = 1.86667):	 total squared error = 0.0143202, marker error: RMS = 0.0274535, max = 0.0458189 (LHeel)
[2024-10-09 18:17:52.824] [info] Frame 56 (t = 1.9):	 total squared error = 0.0142694, marker error: RMS = 0.0274047, max = 0.045447 (LHeel)
[2024-10-09 18:17:52.868] [info] Frame 57 (t = 1.93333):	 total squared error = 0.0142659, marker error: RMS = 0.0274014, max = 0.0451090 (LHeel)
[2024-10-09 18:17:52.908] [info] Frame 58 (t = 1.96667):	 total squared error = 0.0142988, marker error: RMS = 0.027433, max = 0.0448136 (LHeel)
[2024-10-09 18:17:52.965] [info] Frame 59 (t = 2.0):	 total squared error = 0.0143358, marker error: RMS = 0.0274684, max = 0.0449126 (LHeel)
[2024-10-09 18:17:53.022] [info] Frame 60 (t = 2.03333):	 total squared error = 0.0143392, marker error: RMS = 0.0274717, max = 0.0449063 (LHeel)
[2024-10-09 18:17:53.117] [info] Frame 61 (t = 2.06667):	 total squared error = 0.0142826, marker error: RMS = 0.0274175, max = 0.0448491 (LHeel)
[2024-10-09 18:17:53.166] [info] Frame 62 (t = 2.1):	 total squared error = 0.0141963, marker error: RMS = 0.0273345, max = 0.0447037 (LHeel)
[2024-10-09 18:17:53.216] [info] Frame 63 (t = 2.13333):	 total squared error = 0.0140975, marker error: RMS = 0.0272392, max = 0.0444019 (LHeel)
[2024-10-09 18:17:53.302] [info] Frame 64 (t = 2.16667):	 total squared error = 0.0140085, marker error: RMS = 0.0271531, max = 0.0441692 (LHeel)
[2024-10-09 18:17:53.343] [info] Frame 65 (t = 2.2):	 total squared error = 0.0139535, marker error: RMS = 0.0270997, max = 0.0438701 (LHeel)
[2024-10-09 18:17:53.398] [info] Frame 66 (t = 2.23333):	 total squared error = 0.0139158, marker error: RMS = 0.0270631, max = 0.043964 (LHeel)
[2024-10-09 18:17:53.445] [info] Frame 67 (t = 2.26667):	 total squared error = 0.0138669, marker error: RMS = 0.0270155, max = 0.0439181 (LHeel)
[2024-10-09 18:17:53.486] [info] Frame 68 (t = 2.3):	 total squared error = 0.0137995, marker error: RMS = 0.0269498, max = 0.0435709 (LHeel)
[2024-10-09 18:17:53.537] [info] Frame 69 (t = 2.33333):	 total squared error = 0.0137455, marker error: RMS = 0.0268969, max = 0.0436785 (LHeel)
[2024-10-09 18:17:53.593] [info] Frame 70 (t = 2.36667):	 total squared error = 0.0137181, marker error: RMS = 0.0268701, max = 0.0436236 (LHeel)
[2024-10-09 18:17:53.643] [info] Frame 71 (t = 2.4):	 total squared error = 0.0137358, marker error: RMS = 0.0268875, max = 0.0437657 (LHeel)
[2024-10-09 18:17:53.694] [info] Frame 72 (t = 2.43333):	 total squared error = 0.0137598, marker error: RMS = 0.026911, max = 0.0440796 (LHeel)
[2024-10-09 18:17:53.751] [info] Frame 73 (t = 2.46667):	 total squared error = 0.0137079, marker error: RMS = 0.0268602, max = 0.0442898 (LHeel)
[2024-10-09 18:17:53.794] [info] Frame 74 (t = 2.5):	 total squared error = 0.0135313, marker error: RMS = 0.0266866, max = 0.044218 (LHeel)
[2024-10-09 18:17:53.830] [info] Frame 75 (t = 2.53333):	 total squared error = 0.0131856, marker error: RMS = 0.0263435, max = 0.0437049 (LHeel)
[2024-10-09 18:17:53.890] [info] Frame 76 (t = 2.56667):	 total squared error = 0.012748, marker error: RMS = 0.0259026, max = 0.0432128 (LHeel)
[2024-10-09 18:17:53.906] [info] Frame 77 (t = 2.6):	 total squared error = 0.0123463, marker error: RMS = 0.0254913, max = 0.0423085 (LHeel)
[2024-10-09 18:17:53.958] [info] Frame 78 (t = 2.63333):	 total squared error = 0.0120172, marker error: RMS = 0.0251493, max = 0.0419541 (LHeel)
[2024-10-09 18:17:53.977] [info] Frame 79 (t = 2.66667):	 total squared error = 0.0118554, marker error: RMS = 0.0249794, max = 0.0415236 (LHeel)
[2024-10-09 18:17:54.020] [info] Frame 80 (t = 2.7):	 total squared error = 0.0117532, marker error: RMS = 0.0248715, max = 0.0415050 (LHeel)
[2024-10-09 18:17:54.060] [info] Frame 81 (t = 2.73333):	 total squared error = 0.0117177, marker error: RMS = 0.0248338, max = 0.0418123 (LHeel)
[2024-10-09 18:17:54.097] [info] Frame 82 (t = 2.76667):	 total squared error = 0.0117015, marker error: RMS = 0.0248167, max = 0.0420485 (LHeel)
[2024-10-09 18:17:54.147] [info] Frame 83 (t = 2.8):	 total squared error = 0.0117518, marker error: RMS = 0.02487, max = 0.0425548 (LHeel)
[2024-10-09 18:17:54.205] [info] Frame 84 (t = 2.83333):	 total squared error = 0.0118458, marker error: RMS = 0.0249693, max = 0.042866 (LHeel)
[2024-10-09 18:17:54.273] [info] Frame 85 (t = 2.86667):	 total squared error = 0.0119879, marker error: RMS = 0.0251186, max = 0.0431311 (LHeel)
[2024-10-09 18:17:54.313] [info] Frame 86 (t = 2.9):	 total squared error = 0.0121835, marker error: RMS = 0.0253226, max = 0.043151 (LHeel)
[2024-10-09 18:17:54.368] [info] Frame 87 (t = 2.93333):	 total squared error = 0.0124665, marker error: RMS = 0.0256151, max = 0.0432148 (LHeel)
[2024-10-09 18:17:54.413] [info] Frame 88 (t = 2.96667):	 total squared error = 0.0128296, marker error: RMS = 0.0259854, max = 0.043576 (LHeel)
[2024-10-09 18:17:54.458] [info] Frame 89 (t = 3.0):	 total squared error = 0.0132068, marker error: RMS = 0.0263647, max = 0.0442072 (LHeel)
[2024-10-09 18:17:54.512] [info] Frame 90 (t = 3.03333):	 total squared error = 0.013526, marker error: RMS = 0.0266814, max = 0.0449576 (LHeel)
[2024-10-09 18:17:54.553] [info] Frame 91 (t = 3.06667):	 total squared error = 0.0137931, marker error: RMS = 0.0269435, max = 0.0455426 (LHeel)
[2024-10-09 18:17:54.624] [info] Frame 92 (t = 3.1):	 total squared error = 0.0140302, marker error: RMS = 0.0271741, max = 0.0460405 (LHeel)
[2024-10-09 18:17:54.682] [info] Frame 93 (t = 3.13333):	 total squared error = 0.014264, marker error: RMS = 0.0273995, max = 0.0463804 (LHeel)
[2024-10-09 18:17:54.714] [info] Frame 94 (t = 3.16667):	 total squared error = 0.0144347, marker error: RMS = 0.027563, max = 0.0464036 (LHeel)
[2024-10-09 18:17:54.759] [info] Frame 95 (t = 3.2):	 total squared error = 0.0144948, marker error: RMS = 0.0276203, max = 0.0465638 (LHeel)
[2024-10-09 18:17:54.849] [info] Frame 96 (t = 3.23333):	 total squared error = 0.0144317, marker error: RMS = 0.0275602, max = 0.0463543 (LHeel)
[2024-10-09 18:17:54.888] [info] Frame 97 (t = 3.26667):	 total squared error = 0.0142812, marker error: RMS = 0.0274161, max = 0.0458195 (LHeel)
[2024-10-09 18:17:54.947] [info] Frame 98 (t = 3.3):	 total squared error = 0.0140646, marker error: RMS = 0.0272074, max = 0.0452579 (LHeel)
[2024-10-09 18:17:55.041] [info] Frame 99 (t = 3.33333):	 total squared error = 0.0138224, marker error: RMS = 0.0269721, max = 0.0444904 (LHeel)
[2024-10-09 18:17:55.112] [info] Frame 100 (t = 3.36667):	 total squared error = 0.0136323, marker error: RMS = 0.026786, max = 0.0440411 (LHeel)
[2024-10-09 18:17:55.155] [info] Frame 101 (t = 3.4):	 total squared error = 0.0135826, marker error: RMS = 0.0267371, max = 0.0437611 (LHeel)
[2024-10-09 18:17:55.252] [info] Frame 102 (t = 3.43333):	 total squared error = 0.0137188, marker error: RMS = 0.0268709, max = 0.0442431 (LHeel)
[2024-10-09 18:17:55.340] [info] Frame 103 (t = 3.46667):	 total squared error = 0.0139736, marker error: RMS = 0.0271192, max = 0.0448626 (LHeel)
[2024-10-09 18:17:55.437] [info] Frame 104 (t = 3.5):	 total squared error = 0.0142088, marker error: RMS = 0.0273465, max = 0.0453037 (LHeel)
[2024-10-09 18:17:55.527] [info] Frame 105 (t = 3.53333):	 total squared error = 0.0143365, marker error: RMS = 0.0274691, max = 0.0455064 (LHeel)
[2024-10-09 18:17:55.609] [info] Frame 106 (t = 3.56667):	 total squared error = 0.0142513, marker error: RMS = 0.0273874, max = 0.0453142 (LHeel)
[2024-10-09 18:17:55.676] [info] Frame 107 (t = 3.6):	 total squared error = 0.0139694, marker error: RMS = 0.0271152, max = 0.0451556 (LHeel)
[2024-10-09 18:17:55.734] [info] Frame 108 (t = 3.63333):	 total squared error = 0.0136919, marker error: RMS = 0.0268445, max = 0.0450518 (LHeel)
[2024-10-09 18:17:55.793] [info] Frame 109 (t = 3.66667):	 total squared error = 0.0135326, marker error: RMS = 0.0266879, max = 0.0454567 (LHeel)
[2024-10-09 18:17:55.847] [info] Frame 110 (t = 3.7):	 total squared error = 0.013477, marker error: RMS = 0.026633, max = 0.0458513 (LHeel)
[2024-10-09 18:17:55.925] [info] Frame 111 (t = 3.73333):	 total squared error = 0.0134696, marker error: RMS = 0.0266257, max = 0.0460893 (LHeel)
[2024-10-09 18:17:55.983] [info] Frame 112 (t = 3.76667):	 total squared error = 0.0134909, marker error: RMS = 0.0266467, max = 0.0461766 (LHeel)
[2024-10-09 18:17:56.046] [info] Frame 113 (t = 3.8):	 total squared error = 0.0135399, marker error: RMS = 0.026695, max = 0.0459451 (LHeel)
[2024-10-09 18:17:56.141] [info] Frame 114 (t = 3.83333):	 total squared error = 0.01364, marker error: RMS = 0.0267935, max = 0.0456634 (LHeel)
[2024-10-09 18:17:56.199] [info] Frame 115 (t = 3.86667):	 total squared error = 0.0138447, marker error: RMS = 0.0269938, max = 0.0452169 (LHeel)
[2024-10-09 18:17:56.231] [info] Frame 116 (t = 3.9):	 total squared error = 0.0142211, marker error: RMS = 0.0273584, max = 0.0446334 (LHeel)
[2024-10-09 18:17:56.316] [info] Frame 117 (t = 3.93333):	 total squared error = 0.0145882, marker error: RMS = 0.0277092, max = 0.044985 (LHeel)
[2024-10-09 18:17:56.375] [info] Frame 118 (t = 3.96667):	 total squared error = 0.0148249, marker error: RMS = 0.0279331, max = 0.0455127 (LHeel)
[2024-10-09 18:17:56.447] [info] Frame 119 (t = 4.0):	 total squared error = 0.014788, marker error: RMS = 0.0278983, max = 0.0463027 (LHeel)
[2024-10-09 18:17:56.514] [info] Frame 120 (t = 4.03333):	 total squared error = 0.0145249, marker error: RMS = 0.027649, max = 0.0471171 (LHeel)
[2024-10-09 18:17:56.556] [info] Frame 121 (t = 4.06667):	 total squared error = 0.0141677, marker error: RMS = 0.0273069, max = 0.0476116 (LHeel)
[2024-10-09 18:17:56.607] [info] Frame 122 (t = 4.1):	 total squared error = 0.0139043, marker error: RMS = 0.0270519, max = 0.0479975 (LHeel)
[2024-10-09 18:17:56.636] [info] Frame 123 (t = 4.13333):	 total squared error = 0.0137849, marker error: RMS = 0.0269355, max = 0.0485828 (LHeel)
[2024-10-09 18:17:56.712] [info] Frame 124 (t = 4.16667):	 total squared error = 0.0138009, marker error: RMS = 0.0269512, max = 0.048138 (LHeel)
[2024-10-09 18:17:56.757] [info] Frame 125 (t = 4.2):	 total squared error = 0.0138765, marker error: RMS = 0.0270248, max = 0.0479668 (LHeel)
[2024-10-09 18:17:56.820] [info] Frame 126 (t = 4.23333):	 total squared error = 0.0140818, marker error: RMS = 0.027224, max = 0.0477922 (LHeel)
[2024-10-09 18:17:56.893] [info] Frame 127 (t = 4.26667):	 total squared error = 0.0143667, marker error: RMS = 0.0274981, max = 0.0475426 (LHeel)
[2024-10-09 18:17:56.940] [info] Frame 128 (t = 4.3):	 total squared error = 0.0146503, marker error: RMS = 0.0277681, max = 0.0472618 (LHeel)
[2024-10-09 18:17:56.981] [info] Frame 129 (t = 4.33333):	 total squared error = 0.0147753, marker error: RMS = 0.0278864, max = 0.0469501 (LHeel)
[2024-10-09 18:17:57.038] [info] Frame 130 (t = 4.36667):	 total squared error = 0.0146348, marker error: RMS = 0.0277535, max = 0.0467096 (LHeel)
[2024-10-09 18:17:57.055] [info] Frame 131 (t = 4.4):	 total squared error = 0.0142298, marker error: RMS = 0.0273667, max = 0.0463039 (LHeel)
[2024-10-09 18:17:57.082] [info] Frame 132 (t = 4.43333):	 total squared error = 0.0136851, marker error: RMS = 0.0268378, max = 0.0454173 (LHeel)
[2024-10-09 18:17:57.120] [info] Frame 133 (t = 4.46667):	 total squared error = 0.0130967, marker error: RMS = 0.0262545, max = 0.0443843 (LHeel)
[2024-10-09 18:17:57.148] [info] Frame 134 (t = 4.5):	 total squared error = 0.0125766, marker error: RMS = 0.0257279, max = 0.0427559 (LHeel)
[2024-10-09 18:17:57.192] [info] Frame 135 (t = 4.53333):	 total squared error = 0.0121612, marker error: RMS = 0.0252995, max = 0.041295 (LHeel)
[2024-10-09 18:17:57.245] [info] Frame 136 (t = 4.56667):	 total squared error = 0.0118866, marker error: RMS = 0.0250122, max = 0.0401586 (LHeel)
[2024-10-09 18:17:57.306] [info] Frame 137 (t = 4.6):	 total squared error = 0.0117504, marker error: RMS = 0.0248685, max = 0.0394602 (LHeel)
[2024-10-09 18:17:57.382] [info] Frame 138 (t = 4.63333):	 total squared error = 0.0117155, marker error: RMS = 0.0248315, max = 0.0389485 (LHeel)
[2024-10-09 18:17:57.426] [info] Frame 139 (t = 4.66667):	 total squared error = 0.011751, marker error: RMS = 0.0248691, max = 0.0387387 (LHeel)
[2024-10-09 18:17:57.463] [info] Frame 140 (t = 4.7):	 total squared error = 0.0118166, marker error: RMS = 0.0249385, max = 0.0386144 (LHeel)
[2024-10-09 18:17:57.507] [info] Frame 141 (t = 4.73333):	 total squared error = 0.0119070, marker error: RMS = 0.0250337, max = 0.0388498 (LHeel)
[2024-10-09 18:17:57.557] [info] Frame 142 (t = 4.76667):	 total squared error = 0.0120256, marker error: RMS = 0.025158, max = 0.0392182 (LHeel)
[2024-10-09 18:17:57.622] [info] Frame 143 (t = 4.8):	 total squared error = 0.0121984, marker error: RMS = 0.0253382, max = 0.0399321 (LHeel)
[2024-10-09 18:17:57.688] [info] Frame 144 (t = 4.83333):	 total squared error = 0.0124557, marker error: RMS = 0.0256040, max = 0.0409077 (LHeel)
[2024-10-09 18:17:57.742] [info] Frame 145 (t = 4.86667):	 total squared error = 0.0127939, marker error: RMS = 0.0259492, max = 0.0421776 (LHeel)
[2024-10-09 18:17:57.792] [info] Frame 146 (t = 4.9):	 total squared error = 0.0131303, marker error: RMS = 0.0262882, max = 0.0432357 (LHeel)
[2024-10-09 18:17:57.850] [info] Frame 147 (t = 4.93333):	 total squared error = 0.0133068, marker error: RMS = 0.0264642, max = 0.0436868 (LHeel)
[2024-10-09 18:17:57.895] [info] Frame 148 (t = 4.96667):	 total squared error = 0.0133010, marker error: RMS = 0.0264585, max = 0.0435031 (LHeel)
[2024-10-09 18:17:57.950] [info] Frame 149 (t = 5.0):	 total squared error = 0.0131809, marker error: RMS = 0.0263388, max = 0.0431321 (LHeel)
[2024-10-09 18:17:58.032] [info] Frame 150 (t = 5.03333):	 total squared error = 0.0130712, marker error: RMS = 0.0262289, max = 0.0428715 (LHeel)
[2024-10-09 18:17:58.093] [info] Frame 151 (t = 5.06667):	 total squared error = 0.0130276, marker error: RMS = 0.0261852, max = 0.0430900 (LHeel)
[2024-10-09 18:17:58.157] [info] Frame 152 (t = 5.1):	 total squared error = 0.0129968, marker error: RMS = 0.0261542, max = 0.0435702 (LHeel)
[2024-10-09 18:17:58.232] [info] Frame 153 (t = 5.13333):	 total squared error = 0.0129152, marker error: RMS = 0.0260720, max = 0.0439294 (LHeel)
[2024-10-09 18:17:58.284] [info] Frame 154 (t = 5.16667):	 total squared error = 0.012838, marker error: RMS = 0.0259939, max = 0.0443082 (LHeel)
[2024-10-09 18:17:58.386] [info] Frame 155 (t = 5.2):	 total squared error = 0.0128194, marker error: RMS = 0.0259751, max = 0.0446159 (LHeel)
[2024-10-09 18:17:58.461] [info] Frame 156 (t = 5.23333):	 total squared error = 0.0128163, marker error: RMS = 0.025972, max = 0.0448792 (LHeel)
[2024-10-09 18:17:58.526] [info] Frame 157 (t = 5.26667):	 total squared error = 0.0126837, marker error: RMS = 0.0258373, max = 0.0449557 (LHeel)
[2024-10-09 18:17:58.568] [info] Frame 158 (t = 5.3):	 total squared error = 0.0123585, marker error: RMS = 0.0255039, max = 0.0447274 (LHeel)
[2024-10-09 18:17:58.621] [info] Frame 159 (t = 5.33333):	 total squared error = 0.0119453, marker error: RMS = 0.0250739, max = 0.0442567 (LHeel)
[2024-10-09 18:17:58.666] [info] Frame 160 (t = 5.36667):	 total squared error = 0.0116074, marker error: RMS = 0.0247167, max = 0.0435819 (LHeel)
[2024-10-09 18:17:58.717] [info] Frame 161 (t = 5.4):	 total squared error = 0.0114652, marker error: RMS = 0.0245649, max = 0.0429111 (LHeel)
[2024-10-09 18:17:58.758] [info] Frame 162 (t = 5.43333):	 total squared error = 0.0115366, marker error: RMS = 0.0246413, max = 0.0426348 (LHeel)
[2024-10-09 18:17:58.816] [info] Frame 163 (t = 5.46667):	 total squared error = 0.0117447, marker error: RMS = 0.0248624, max = 0.0424076 (LHeel)
[2024-10-09 18:17:58.900] [info] Frame 164 (t = 5.5):	 total squared error = 0.0120066, marker error: RMS = 0.0251381, max = 0.0426023 (LHeel)
[2024-10-09 18:17:58.965] [info] Frame 165 (t = 5.53333):	 total squared error = 0.0122874, marker error: RMS = 0.0254304, max = 0.0428299 (LHeel)
[2024-10-09 18:17:59.026] [info] Frame 166 (t = 5.56667):	 total squared error = 0.0125951, marker error: RMS = 0.0257469, max = 0.0429996 (LHeel)
[2024-10-09 18:17:59.102] [info] Frame 167 (t = 5.6):	 total squared error = 0.0129697, marker error: RMS = 0.0261269, max = 0.0432072 (LHeel)
[2024-10-09 18:17:59.144] [info] Frame 168 (t = 5.63333):	 total squared error = 0.0134307, marker error: RMS = 0.0265872, max = 0.0438288 (LHeel)
[2024-10-09 18:17:59.205] [info] Frame 169 (t = 5.66667):	 total squared error = 0.0139301, marker error: RMS = 0.0270770, max = 0.0447348 (LHeel)
[2024-10-09 18:17:59.253] [info] Frame 170 (t = 5.7):	 total squared error = 0.0143837, marker error: RMS = 0.0275143, max = 0.0455124 (LHeel)
[2024-10-09 18:17:59.317] [info] Frame 171 (t = 5.73333):	 total squared error = 0.0146937, marker error: RMS = 0.0278092, max = 0.0464305 (LHeel)
[2024-10-09 18:17:59.367] [info] Frame 172 (t = 5.76667):	 total squared error = 0.0147847, marker error: RMS = 0.0278952, max = 0.0466924 (LHeel)
[2024-10-09 18:17:59.419] [info] Frame 173 (t = 5.8):	 total squared error = 0.014622, marker error: RMS = 0.0277413, max = 0.0467516 (LHeel)
[2024-10-09 18:17:59.468] [info] Frame 174 (t = 5.83333):	 total squared error = 0.0142729, marker error: RMS = 0.0274081, max = 0.0463438 (LHeel)
[2024-10-09 18:17:59.519] [info] Frame 175 (t = 5.86667):	 total squared error = 0.0138513, marker error: RMS = 0.0270003, max = 0.0457999 (LHeel)
[2024-10-09 18:17:59.555] [info] Frame 176 (t = 5.9):	 total squared error = 0.0135113, marker error: RMS = 0.0266669, max = 0.0450036 (LHeel)
[2024-10-09 18:17:59.608] [info] Frame 177 (t = 5.93333):	 total squared error = 0.0133062, marker error: RMS = 0.0264637, max = 0.0444439 (LHeel)
[2024-10-09 18:17:59.656] [info] Frame 178 (t = 5.96667):	 total squared error = 0.0132159, marker error: RMS = 0.0263737, max = 0.043758 (LHeel)
[2024-10-09 18:17:59.727] [info] Frame 179 (t = 6.0):	 total squared error = 0.013227, marker error: RMS = 0.0263848, max = 0.0433756 (LHeel)
[2024-10-09 18:17:59.809] [info] Frame 180 (t = 6.03333):	 total squared error = 0.0133751, marker error: RMS = 0.0265321, max = 0.043382 (LHeel)
[2024-10-09 18:17:59.862] [info] Frame 181 (t = 6.06667):	 total squared error = 0.0136443, marker error: RMS = 0.0267978, max = 0.0438324 (LHeel)
[2024-10-09 18:17:59.914] [info] Frame 182 (t = 6.1):	 total squared error = 0.0139217, marker error: RMS = 0.0270688, max = 0.0443551 (LHeel)
[2024-10-09 18:17:59.973] [info] Frame 183 (t = 6.13333):	 total squared error = 0.0140703, marker error: RMS = 0.0272129, max = 0.044716 (LHeel)
[2024-10-09 18:18:00.020] [info] Frame 184 (t = 6.16667):	 total squared error = 0.0140576, marker error: RMS = 0.0272006, max = 0.0443998 (LHeel)
[2024-10-09 18:18:00.059] [info] Frame 185 (t = 6.2):	 total squared error = 0.0139273, marker error: RMS = 0.0270743, max = 0.0438271 (LHeel)
[2024-10-09 18:18:00.115] [info] Frame 186 (t = 6.23333):	 total squared error = 0.0137751, marker error: RMS = 0.0269259, max = 0.0431692 (LHeel)
[2024-10-09 18:18:00.198] [info] Frame 187 (t = 6.26667):	 total squared error = 0.0136956, marker error: RMS = 0.0268481, max = 0.0428456 (LHeel)
[2024-10-09 18:18:00.274] [info] Frame 188 (t = 6.3):	 total squared error = 0.0137849, marker error: RMS = 0.0269355, max = 0.0431241 (LHeel)
[2024-10-09 18:18:00.328] [info] Frame 189 (t = 6.33333):	 total squared error = 0.0139733, marker error: RMS = 0.0271189, max = 0.043887 (LHeel)
[2024-10-09 18:18:00.365] [info] Frame 190 (t = 6.36667):	 total squared error = 0.0141175, marker error: RMS = 0.0272585, max = 0.0446119 (LHeel)
[2024-10-09 18:18:00.412] [info] Frame 191 (t = 6.4):	 total squared error = 0.0141091, marker error: RMS = 0.0272504, max = 0.0453403 (LHeel)
[2024-10-09 18:18:00.465] [info] Frame 192 (t = 6.43333):	 total squared error = 0.0139878, marker error: RMS = 0.027133, max = 0.0458028 (LHeel)
[2024-10-09 18:18:00.551] [info] Frame 193 (t = 6.46667):	 total squared error = 0.0137673, marker error: RMS = 0.0269183, max = 0.0459065 (LHeel)
[2024-10-09 18:18:00.604] [info] Frame 194 (t = 6.5):	 total squared error = 0.0135060, marker error: RMS = 0.0266616, max = 0.0457607 (LHeel)
[2024-10-09 18:18:00.654] [info] Frame 195 (t = 6.53333):	 total squared error = 0.0132866, marker error: RMS = 0.0264442, max = 0.0454473 (LHeel)
[2024-10-09 18:18:00.698] [info] Frame 196 (t = 6.56667):	 total squared error = 0.0131756, marker error: RMS = 0.0263335, max = 0.0450302 (LHeel)
[2024-10-09 18:18:00.784] [info] Frame 197 (t = 6.6):	 total squared error = 0.0131674, marker error: RMS = 0.0263253, max = 0.0445399 (LHeel)
[2024-10-09 18:18:00.842] [info] Frame 198 (t = 6.63333):	 total squared error = 0.0131262, marker error: RMS = 0.0262841, max = 0.0439853 (LHeel)
[2024-10-09 18:18:00.902] [info] Frame 199 (t = 6.66667):	 total squared error = 0.0129373, marker error: RMS = 0.0260943, max = 0.0431208 (LHeel)
[2024-10-09 18:18:00.938] [info] Frame 200 (t = 6.7):	 total squared error = 0.012639, marker error: RMS = 0.0257916, max = 0.0420408 (LHeel)
[2024-10-09 18:18:00.979] [info] Frame 201 (t = 6.73333):	 total squared error = 0.0123984, marker error: RMS = 0.025545, max = 0.0416279 (LHeel)
[2024-10-09 18:18:01.046] [info] Frame 202 (t = 6.76667):	 total squared error = 0.0123485, marker error: RMS = 0.0254935, max = 0.0415497 (LHeel)
[2024-10-09 18:18:01.101] [info] Frame 203 (t = 6.8):	 total squared error = 0.0125015, marker error: RMS = 0.025651, max = 0.041825 (LHeel)
[2024-10-09 18:18:01.159] [info] Frame 204 (t = 6.83333):	 total squared error = 0.0128285, marker error: RMS = 0.0259843, max = 0.0426414 (LHeel)
[2024-10-09 18:18:01.209] [info] Frame 205 (t = 6.86667):	 total squared error = 0.0132653, marker error: RMS = 0.026423, max = 0.043716 (LHeel)
[2024-10-09 18:18:01.264] [info] Frame 206 (t = 6.9):	 total squared error = 0.0136805, marker error: RMS = 0.0268333, max = 0.044784 (LHeel)
[2024-10-09 18:18:01.323] [info] Frame 207 (t = 6.93333):	 total squared error = 0.0139259, marker error: RMS = 0.0270729, max = 0.0457707 (LHeel)
[2024-10-09 18:18:01.391] [info] Frame 208 (t = 6.96667):	 total squared error = 0.013913, marker error: RMS = 0.0270604, max = 0.0463848 (LHeel)
[2024-10-09 18:18:01.449] [info] Frame 209 (t = 7.0):	 total squared error = 0.0136356, marker error: RMS = 0.0267892, max = 0.0466232 (LHeel)
[2024-10-09 18:18:01.497] [info] Frame 210 (t = 7.03333):	 total squared error = 0.0131966, marker error: RMS = 0.0263544, max = 0.0464074 (LHeel)
[2024-10-09 18:18:01.566] [info] Frame 211 (t = 7.06667):	 total squared error = 0.0127566, marker error: RMS = 0.0259114, max = 0.0458965 (LHeel)
[2024-10-09 18:18:01.598] [info] Frame 212 (t = 7.1):	 total squared error = 0.0124525, marker error: RMS = 0.0256007, max = 0.0451764 (LHeel)
[2024-10-09 18:18:01.647] [info] Frame 213 (t = 7.13333):	 total squared error = 0.0123178, marker error: RMS = 0.0254619, max = 0.0447090 (LHeel)
[2024-10-09 18:18:01.706] [info] Frame 214 (t = 7.16667):	 total squared error = 0.0123784, marker error: RMS = 0.0255244, max = 0.0444531 (LHeel)
[2024-10-09 18:18:01.761] [info] Frame 215 (t = 7.2):	 total squared error = 0.0126696, marker error: RMS = 0.0258229, max = 0.0446199 (LHeel)
[2024-10-09 18:18:01.814] [info] Frame 216 (t = 7.23333):	 total squared error = 0.0131868, marker error: RMS = 0.0263446, max = 0.0450059 (LHeel)
[2024-10-09 18:18:01.917] [info] Frame 217 (t = 7.26667):	 total squared error = 0.0138211, marker error: RMS = 0.0269709, max = 0.0456576 (LHeel)
[2024-10-09 18:18:02.004] [info] Frame 218 (t = 7.3):	 total squared error = 0.0144276, marker error: RMS = 0.0275563, max = 0.0463202 (LHeel)
[2024-10-09 18:18:02.076] [info] Frame 219 (t = 7.33333):	 total squared error = 0.0149079, marker error: RMS = 0.0280112, max = 0.0467708 (LHeel)
[2024-10-09 18:18:02.175] [info] Frame 220 (t = 7.36667):	 total squared error = 0.0152297, marker error: RMS = 0.0283119, max = 0.0471735 (LHeel)
[2024-10-09 18:18:02.264] [info] Frame 221 (t = 7.4):	 total squared error = 0.0153786, marker error: RMS = 0.0284499, max = 0.047275 (LHeel)
[2024-10-09 18:18:02.327] [info] Frame 222 (t = 7.43333):	 total squared error = 0.0153030, marker error: RMS = 0.0283799, max = 0.0471273 (LHeel)
[2024-10-09 18:18:02.368] [info] Frame 223 (t = 7.46667):	 total squared error = 0.0150597, marker error: RMS = 0.0281534, max = 0.0468036 (LHeel)
[2024-10-09 18:18:02.402] [info] Frame 224 (t = 7.5):	 total squared error = 0.0147939, marker error: RMS = 0.0279039, max = 0.0465959 (LHeel)
[2024-10-09 18:18:02.456] [info] Frame 225 (t = 7.53333):	 total squared error = 0.0146521, marker error: RMS = 0.0277698, max = 0.0466595 (LHeel)
[2024-10-09 18:18:02.512] [info] Frame 226 (t = 7.56667):	 total squared error = 0.0145864, marker error: RMS = 0.0277075, max = 0.0469151 (LHeel)
[2024-10-09 18:18:02.580] [info] Frame 227 (t = 7.6):	 total squared error = 0.0145662, marker error: RMS = 0.0276883, max = 0.0470253 (LHeel)
[2024-10-09 18:18:02.628] [info] Frame 228 (t = 7.63333):	 total squared error = 0.0145627, marker error: RMS = 0.027685, max = 0.0472046 (LHeel)
[2024-10-09 18:18:02.679] [info] Frame 229 (t = 7.66667):	 total squared error = 0.0145581, marker error: RMS = 0.0276806, max = 0.047192 (LHeel)
[2024-10-09 18:18:02.742] [info] Frame 230 (t = 7.7):	 total squared error = 0.0145075, marker error: RMS = 0.0276324, max = 0.0469192 (LHeel)
[2024-10-09 18:18:02.832] [info] Frame 231 (t = 7.73333):	 total squared error = 0.0144673, marker error: RMS = 0.0275942, max = 0.0466176 (LHeel)
[2024-10-09 18:18:02.914] [info] Frame 232 (t = 7.76667):	 total squared error = 0.0144591, marker error: RMS = 0.0275863, max = 0.0463075 (LHeel)
[2024-10-09 18:18:02.984] [info] Frame 233 (t = 7.8):	 total squared error = 0.014456, marker error: RMS = 0.0275833, max = 0.0462068 (LHeel)
[2024-10-09 18:18:03.045] [info] Frame 234 (t = 7.83333):	 total squared error = 0.0144229, marker error: RMS = 0.0275518, max = 0.0461117 (LHeel)
[2024-10-09 18:18:03.101] [info] Frame 235 (t = 7.86667):	 total squared error = 0.0143741, marker error: RMS = 0.0275051, max = 0.0460064 (LHeel)
[2024-10-09 18:18:03.160] [info] Frame 236 (t = 7.9):	 total squared error = 0.0143226, marker error: RMS = 0.0274558, max = 0.0458177 (LHeel)
[2024-10-09 18:18:03.204] [info] Frame 237 (t = 7.93333):	 total squared error = 0.0143037, marker error: RMS = 0.0274377, max = 0.0454203 (LHeel)
[2024-10-09 18:18:03.290] [info] Frame 238 (t = 7.96667):	 total squared error = 0.0143106, marker error: RMS = 0.0274443, max = 0.0453554 (LHeel)
[2024-10-09 18:18:03.369] [info] Frame 239 (t = 8.0):	 total squared error = 0.0143504, marker error: RMS = 0.0274824, max = 0.0451537 (LHeel)
[2024-10-09 18:18:03.454] [info] Frame 240 (t = 8.03333):	 total squared error = 0.0144291, marker error: RMS = 0.0275577, max = 0.0450452 (LHeel)
[2024-10-09 18:18:03.547] [info] Frame 241 (t = 8.06667):	 total squared error = 0.0145568, marker error: RMS = 0.0276793, max = 0.0450344 (LHeel)
[2024-10-09 18:18:03.623] [info] Frame 242 (t = 8.1):	 total squared error = 0.0147475, marker error: RMS = 0.02786, max = 0.0451986 (LHeel)
[2024-10-09 18:18:03.688] [info] Frame 243 (t = 8.13333):	 total squared error = 0.0149751, marker error: RMS = 0.0280742, max = 0.0455045 (LHeel)
[2024-10-09 18:18:03.736] [info] Frame 244 (t = 8.16667):	 total squared error = 0.0151631, marker error: RMS = 0.0282499, max = 0.0458265 (LHeel)
[2024-10-09 18:18:03.786] [info] Frame 245 (t = 8.2):	 total squared error = 0.0152293, marker error: RMS = 0.0283115, max = 0.0459084 (LHeel)
[2024-10-09 18:18:03.863] [info] Frame 246 (t = 8.23333):	 total squared error = 0.0152039, marker error: RMS = 0.0282879, max = 0.0459253 (LHeel)
[2024-10-09 18:18:03.910] [info] Frame 247 (t = 8.26667):	 total squared error = 0.015143, marker error: RMS = 0.0282312, max = 0.0457602 (LHeel)
[2024-10-09 18:18:03.954] [info] Frame 248 (t = 8.3):	 total squared error = 0.0150181, marker error: RMS = 0.0281145, max = 0.0458619 (LHeel)
[2024-10-09 18:18:04.006] [info] Frame 249 (t = 8.33333):	 total squared error = 0.0148309, marker error: RMS = 0.0279387, max = 0.0459631 (LHeel)
[2024-10-09 18:18:04.075] [info] Frame 250 (t = 8.36667):	 total squared error = 0.0145461, marker error: RMS = 0.0276692, max = 0.0460961 (LHeel)
[2024-10-09 18:18:04.143] [info] Frame 251 (t = 8.4):	 total squared error = 0.0142174, marker error: RMS = 0.0273548, max = 0.046276 (LHeel)
[2024-10-09 18:18:04.194] [info] Frame 252 (t = 8.43333):	 total squared error = 0.0139443, marker error: RMS = 0.0270908, max = 0.0464343 (LHeel)
[2024-10-09 18:18:04.230] [info] Frame 253 (t = 8.46667):	 total squared error = 0.013777, marker error: RMS = 0.0269277, max = 0.0464627 (LHeel)
[2024-10-09 18:18:04.295] [info] Frame 254 (t = 8.5):	 total squared error = 0.0136854, marker error: RMS = 0.0268381, max = 0.0466845 (LHeel)
[2024-10-09 18:18:04.337] [info] Frame 255 (t = 8.53333):	 total squared error = 0.0136651, marker error: RMS = 0.0268182, max = 0.0465078 (LHeel)
[2024-10-09 18:18:04.384] [info] Frame 256 (t = 8.56667):	 total squared error = 0.0137232, marker error: RMS = 0.0268751, max = 0.0461789 (LHeel)
[2024-10-09 18:18:04.432] [info] Frame 257 (t = 8.6):	 total squared error = 0.0138404, marker error: RMS = 0.0269897, max = 0.0457421 (LHeel)
[2024-10-09 18:18:04.479] [info] Frame 258 (t = 8.63333):	 total squared error = 0.0139715, marker error: RMS = 0.0271172, max = 0.0453184 (LHeel)
[2024-10-09 18:18:04.530] [info] Frame 259 (t = 8.66667):	 total squared error = 0.0140783, marker error: RMS = 0.0272206, max = 0.0450701 (LHeel)
[2024-10-09 18:18:04.574] [info] Frame 260 (t = 8.7):	 total squared error = 0.0141471, marker error: RMS = 0.0272871, max = 0.0448051 (LHeel)
[2024-10-09 18:18:04.638] [info] Frame 261 (t = 8.73333):	 total squared error = 0.0141926, marker error: RMS = 0.0273309, max = 0.0447581 (LHeel)
[2024-10-09 18:18:04.678] [info] Frame 262 (t = 8.76667):	 total squared error = 0.0142265, marker error: RMS = 0.0273636, max = 0.0444712 (LHeel)
[2024-10-09 18:18:04.742] [info] Frame 263 (t = 8.8):	 total squared error = 0.0142724, marker error: RMS = 0.0274076, max = 0.0446015 (LHeel)
[2024-10-09 18:18:04.819] [info] Frame 264 (t = 8.83333):	 total squared error = 0.0143651, marker error: RMS = 0.0274965, max = 0.0446989 (LHeel)
[2024-10-09 18:18:04.902] [info] Frame 265 (t = 8.86667):	 total squared error = 0.0145259, marker error: RMS = 0.02765, max = 0.0450093 (LHeel)
[2024-10-09 18:18:04.991] [info] Frame 266 (t = 8.9):	 total squared error = 0.0147806, marker error: RMS = 0.0278913, max = 0.0453814 (LHeel)
[2024-10-09 18:18:05.070] [info] Frame 267 (t = 8.93333):	 total squared error = 0.0151741, marker error: RMS = 0.0282602, max = 0.0459198 (LHeel)
[2024-10-09 18:18:05.144] [info] Frame 268 (t = 8.96667):	 total squared error = 0.0155908, marker error: RMS = 0.0286456, max = 0.0464061 (LHeel)
[2024-10-09 18:18:05.218] [info] Frame 269 (t = 9.0):	 total squared error = 0.0158233, marker error: RMS = 0.0288584, max = 0.046999 (LHeel)
[2024-10-09 18:18:05.265] [info] Frame 270 (t = 9.03333):	 total squared error = 0.0157681, marker error: RMS = 0.0288080, max = 0.0474139 (LHeel)
[2024-10-09 18:18:05.324] [info] Frame 271 (t = 9.06667):	 total squared error = 0.0154943, marker error: RMS = 0.0285568, max = 0.0477427 (LHeel)
[2024-10-09 18:18:05.398] [info] Frame 272 (t = 9.1):	 total squared error = 0.0151611, marker error: RMS = 0.0282481, max = 0.0479096 (LHeel)
[2024-10-09 18:18:05.436] [info] Frame 273 (t = 9.13333):	 total squared error = 0.0148502, marker error: RMS = 0.0279569, max = 0.0478612 (LHeel)
[2024-10-09 18:18:05.485] [info] Frame 274 (t = 9.16667):	 total squared error = 0.014588, marker error: RMS = 0.0277090, max = 0.0477842 (LHeel)
[2024-10-09 18:18:05.574] [info] Frame 275 (t = 9.2):	 total squared error = 0.014342, marker error: RMS = 0.0274744, max = 0.0472425 (LHeel)
[2024-10-09 18:18:05.619] [info] Frame 276 (t = 9.23333):	 total squared error = 0.0140819, marker error: RMS = 0.0272241, max = 0.0465688 (LHeel)
[2024-10-09 18:18:05.660] [info] Frame 277 (t = 9.26667):	 total squared error = 0.0137488, marker error: RMS = 0.0269002, max = 0.0457563 (LHeel)
[2024-10-09 18:18:05.701] [info] Frame 278 (t = 9.3):	 total squared error = 0.0133272, marker error: RMS = 0.0264845, max = 0.0451547 (LHeel)
[2024-10-09 18:18:05.748] [info] Frame 279 (t = 9.33333):	 total squared error = 0.0128782, marker error: RMS = 0.0260346, max = 0.0446221 (LHeel)
[2024-10-09 18:18:05.813] [info] Frame 280 (t = 9.36667):	 total squared error = 0.012534, marker error: RMS = 0.0256843, max = 0.0443961 (LHeel)
[2024-10-09 18:18:05.882] [info] Frame 281 (t = 9.4):	 total squared error = 0.0123639, marker error: RMS = 0.0255095, max = 0.0443575 (LHeel)
[2024-10-09 18:18:05.929] [info] Frame 282 (t = 9.43333):	 total squared error = 0.0123392, marker error: RMS = 0.025484, max = 0.044564 (LHeel)
[2024-10-09 18:18:06.000] [info] Frame 283 (t = 9.46667):	 total squared error = 0.0124257, marker error: RMS = 0.0255731, max = 0.0444141 (LHeel)
[2024-10-09 18:18:06.052] [info] Frame 284 (t = 9.5):	 total squared error = 0.0125954, marker error: RMS = 0.0257471, max = 0.04442 (LHeel)
[2024-10-09 18:18:06.114] [info] Frame 285 (t = 9.53333):	 total squared error = 0.0127965, marker error: RMS = 0.0259518, max = 0.0441473 (LHeel)
[2024-10-09 18:18:06.175] [info] Frame 286 (t = 9.56667):	 total squared error = 0.0129509, marker error: RMS = 0.0261080, max = 0.0440107 (LHeel)
[2024-10-09 18:18:06.265] [info] Frame 287 (t = 9.6):	 total squared error = 0.0130223, marker error: RMS = 0.0261798, max = 0.0438781 (LHeel)
[2024-10-09 18:18:06.311] [info] Frame 288 (t = 9.63333):	 total squared error = 0.0130806, marker error: RMS = 0.0262384, max = 0.0437809 (LHeel)
[2024-10-09 18:18:06.376] [info] Frame 289 (t = 9.66667):	 total squared error = 0.0130899, marker error: RMS = 0.0262477, max = 0.0437643 (LHeel)
[2024-10-09 18:18:06.426] [info] Frame 290 (t = 9.7):	 total squared error = 0.0129536, marker error: RMS = 0.0261107, max = 0.0434705 (LHeel)
[2024-10-09 18:18:06.463] [info] Frame 291 (t = 9.73333):	 total squared error = 0.0126509, marker error: RMS = 0.0258038, max = 0.0428851 (LHeel)
[2024-10-09 18:18:06.505] [info] Frame 292 (t = 9.76667):	 total squared error = 0.0122793, marker error: RMS = 0.0254221, max = 0.0422584 (LHeel)
[2024-10-09 18:18:06.522] [info] Frame 293 (t = 9.8):	 total squared error = 0.0119645, marker error: RMS = 0.0250940, max = 0.0412897 (LHeel)
[2024-10-09 18:18:06.542] [info] Frame 294 (t = 9.83333):	 total squared error = 0.0117644, marker error: RMS = 0.0248833, max = 0.0402980 (LHeel)
[2024-10-09 18:18:06.571] [info] Frame 295 (t = 9.86667):	 total squared error = 0.0116441, marker error: RMS = 0.0247558, max = 0.0401786 (LHeel)
[2024-10-09 18:18:06.639] [info] Frame 296 (t = 9.9):	 total squared error = 0.0115315, marker error: RMS = 0.0246358, max = 0.0397627 (LHeel)
[2024-10-09 18:18:06.703] [info] Frame 297 (t = 9.93333):	 total squared error = 0.0115211, marker error: RMS = 0.0246246, max = 0.0399321 (LHeel)
[2024-10-09 18:18:06.760] [info] Frame 298 (t = 9.96667):	 total squared error = 0.0116629, marker error: RMS = 0.0247757, max = 0.0403379 (LHeel)
[2024-10-09 18:18:06.776] [info] Frame 299 (t = 10.0):	 total squared error = 0.0119896, marker error: RMS = 0.0251203, max = 0.0412571 (LHeel)
[2024-10-09 18:18:06.819] [info] Frame 300 (t = 10.0333):	 total squared error = 0.0124080, marker error: RMS = 0.0255549, max = 0.0418428 (LHeel)
[2024-10-09 18:18:06.857] [info] Frame 301 (t = 10.0667):	 total squared error = 0.0127465, marker error: RMS = 0.0259011, max = 0.0420902 (LHeel)
[2024-10-09 18:18:06.896] [info] Frame 302 (t = 10.1):	 total squared error = 0.0127471, marker error: RMS = 0.0259017, max = 0.0418611 (LHeel)
[2024-10-09 18:18:06.955] [info] Frame 303 (t = 10.1333):	 total squared error = 0.0124148, marker error: RMS = 0.0255619, max = 0.0409684 (LHeel)
[2024-10-09 18:18:07.025] [info] Frame 304 (t = 10.1667):	 total squared error = 0.011941, marker error: RMS = 0.0250694, max = 0.039814 (LHeel)
[2024-10-09 18:18:07.053] [info] Frame 305 (t = 10.2):	 total squared error = 0.0115638, marker error: RMS = 0.0246703, max = 0.0390075 (LHeel)
[2024-10-09 18:18:07.093] [info] Frame 306 (t = 10.2333):	 total squared error = 0.011294, marker error: RMS = 0.0243807, max = 0.0389133 (LHeel)
[2024-10-09 18:18:07.163] [info] Frame 307 (t = 10.2667):	 total squared error = 0.0111912, marker error: RMS = 0.0242696, max = 0.0391478 (LHeel)
[2024-10-09 18:18:07.206] [info] Frame 308 (t = 10.3):	 total squared error = 0.0111789, marker error: RMS = 0.0242562, max = 0.0392679 (LHeel)
[2024-10-09 18:18:07.276] [info] Frame 309 (t = 10.3333):	 total squared error = 0.0112306, marker error: RMS = 0.0243122, max = 0.0393019 (LHeel)
[2024-10-09 18:18:07.338] [info] Frame 310 (t = 10.3667):	 total squared error = 0.0113358, marker error: RMS = 0.0244258, max = 0.0394137 (LHeel)
[2024-10-09 18:18:07.409] [info] Frame 311 (t = 10.4):	 total squared error = 0.0114961, marker error: RMS = 0.0245979, max = 0.0399318 (LHeel)
[2024-10-09 18:18:07.487] [info] Frame 312 (t = 10.4333):	 total squared error = 0.0116807, marker error: RMS = 0.0247947, max = 0.0406291 (LHeel)
[2024-10-09 18:18:07.564] [info] Frame 313 (t = 10.4667):	 total squared error = 0.0118728, marker error: RMS = 0.0249977, max = 0.0414095 (LHeel)
[2024-10-09 18:18:07.616] [info] Frame 314 (t = 10.5):	 total squared error = 0.0120364, marker error: RMS = 0.0251693, max = 0.0421808 (LHeel)
[2024-10-09 18:18:07.672] [info] Frame 315 (t = 10.5333):	 total squared error = 0.0121239, marker error: RMS = 0.0252606, max = 0.0425106 (LHeel)
[2024-10-09 18:18:07.725] [info] Frame 316 (t = 10.5667):	 total squared error = 0.0121164, marker error: RMS = 0.0252529, max = 0.0427548 (LHeel)
[2024-10-09 18:18:07.777] [info] Frame 317 (t = 10.6):	 total squared error = 0.0120522, marker error: RMS = 0.0251858, max = 0.0426971 (LHeel)
[2024-10-09 18:18:07.870] [info] Frame 318 (t = 10.6333):	 total squared error = 0.0119657, marker error: RMS = 0.0250953, max = 0.0423639 (LHeel)
[2024-10-09 18:18:07.942] [info] Frame 319 (t = 10.6667):	 total squared error = 0.0118936, marker error: RMS = 0.0250196, max = 0.0418224 (LHeel)
[2024-10-09 18:18:07.995] [info] Frame 320 (t = 10.7):	 total squared error = 0.0118099, marker error: RMS = 0.0249314, max = 0.0410976 (LHeel)
[2024-10-09 18:18:08.040] [info] Frame 321 (t = 10.7333):	 total squared error = 0.0117275, marker error: RMS = 0.0248442, max = 0.0404163 (LHeel)
[2024-10-09 18:18:08.087] [info] Frame 322 (t = 10.7667):	 total squared error = 0.0117033, marker error: RMS = 0.0248186, max = 0.0401557 (LHeel)
[2024-10-09 18:18:08.125] [info] Frame 323 (t = 10.8):	 total squared error = 0.0117304, marker error: RMS = 0.0248473, max = 0.0402680 (LHeel)
[2024-10-09 18:18:08.165] [info] Frame 324 (t = 10.8333):	 total squared error = 0.0118017, marker error: RMS = 0.0249227, max = 0.0406473 (LHeel)
[2024-10-09 18:18:08.234] [info] Frame 325 (t = 10.8667):	 total squared error = 0.0118482, marker error: RMS = 0.0249718, max = 0.0407847 (LHeel)
[2024-10-09 18:18:08.292] [info] Frame 326 (t = 10.9):	 total squared error = 0.0118574, marker error: RMS = 0.0249815, max = 0.0406667 (LHeel)
[2024-10-09 18:18:08.366] [info] Frame 327 (t = 10.9333):	 total squared error = 0.0118142, marker error: RMS = 0.0249359, max = 0.0402746 (LHeel)
[2024-10-09 18:18:08.419] [info] Frame 328 (t = 10.9667):	 total squared error = 0.0117481, marker error: RMS = 0.0248661, max = 0.0399539 (LHeel)
[2024-10-09 18:18:08.493] [info] Frame 329 (t = 11.0):	 total squared error = 0.0117009, marker error: RMS = 0.0248161, max = 0.0398348 (LHeel)
[2024-10-09 18:18:08.577] [info] Frame 330 (t = 11.0333):	 total squared error = 0.0116959, marker error: RMS = 0.0248108, max = 0.0402642 (LHeel)
[2024-10-09 18:18:08.658] [info] Frame 331 (t = 11.0667):	 total squared error = 0.0117117, marker error: RMS = 0.0248275, max = 0.0411058 (LHeel)
[2024-10-09 18:18:08.722] [info] Frame 332 (t = 11.1):	 total squared error = 0.0116836, marker error: RMS = 0.0247977, max = 0.0420267 (LHeel)
[2024-10-09 18:18:08.796] [info] Frame 333 (t = 11.1333):	 total squared error = 0.0116329, marker error: RMS = 0.0247439, max = 0.0428399 (LHeel)
[2024-10-09 18:18:08.860] [info] Frame 334 (t = 11.1667):	 total squared error = 0.0116285, marker error: RMS = 0.0247391, max = 0.0435075 (LHeel)
[2024-10-09 18:18:08.946] [info] Frame 335 (t = 11.2):	 total squared error = 0.0117125, marker error: RMS = 0.0248283, max = 0.0438541 (LHeel)
[2024-10-09 18:18:09.023] [info] Frame 336 (t = 11.2333):	 total squared error = 0.0118991, marker error: RMS = 0.0250254, max = 0.0439677 (LHeel)
[2024-10-09 18:18:09.073] [info] Frame 337 (t = 11.2667):	 total squared error = 0.0121368, marker error: RMS = 0.025274, max = 0.0439258 (LHeel)
[2024-10-09 18:18:09.130] [info] Frame 338 (t = 11.3):	 total squared error = 0.0123825, marker error: RMS = 0.0255286, max = 0.0437886 (LHeel)
[2024-10-09 18:18:09.192] [info] Frame 339 (t = 11.3333):	 total squared error = 0.0126107, marker error: RMS = 0.0257628, max = 0.043737 (LHeel)
[2024-10-09 18:18:09.227] [info] Frame 340 (t = 11.3667):	 total squared error = 0.0127852, marker error: RMS = 0.0259404, max = 0.0436092 (LHeel)
[2024-10-09 18:18:09.263] [info] Frame 341 (t = 11.4):	 total squared error = 0.0129123, marker error: RMS = 0.0260690, max = 0.0431328 (LHeel)
[2024-10-09 18:18:09.321] [info] Frame 342 (t = 11.4333):	 total squared error = 0.0130197, marker error: RMS = 0.0261772, max = 0.0424082 (LHeel)
[2024-10-09 18:18:09.383] [info] Frame 343 (t = 11.4667):	 total squared error = 0.0131061, marker error: RMS = 0.0262639, max = 0.0414108 (LHeel)
[2024-10-09 18:18:09.444] [info] Frame 344 (t = 11.5):	 total squared error = 0.0131729, marker error: RMS = 0.0263307, max = 0.0412868 (LShoulder)
[2024-10-09 18:18:09.499] [info] Frame 345 (t = 11.5333):	 total squared error = 0.0131873, marker error: RMS = 0.0263451, max = 0.0445165 (LShoulder)
[2024-10-09 18:18:09.569] [info] Frame 346 (t = 11.5667):	 total squared error = 0.0130882, marker error: RMS = 0.026246, max = 0.0471841 (LShoulder)
[2024-10-09 18:18:09.601] [info] Frame 347 (t = 11.6):	 total squared error = 0.0127122, marker error: RMS = 0.0258663, max = 0.0491974 (LShoulder)
[2024-10-09 18:18:09.641] [info] Frame 348 (t = 11.6333):	 total squared error = 0.0119023, marker error: RMS = 0.0250287, max = 0.0488456 (LShoulder)
[2024-10-09 18:18:09.695] [info] Frame 349 (t = 11.6667):	 total squared error = 0.0106267, marker error: RMS = 0.0236496, max = 0.0465201 (LShoulder)
[2024-10-09 18:18:09.767] [info] Frame 350 (t = 11.7):	 total squared error = 0.00918483, marker error: RMS = 0.0219866, max = 0.0420950 (LShoulder)
[2024-10-09 18:18:09.827] [info] Frame 351 (t = 11.7333):	 total squared error = 0.00799517, marker error: RMS = 0.0205134, max = 0.0369524 (RShoulder)
[2024-10-09 18:18:09.892] [info] Frame 352 (t = 11.7667):	 total squared error = 0.00728840, marker error: RMS = 0.0195857, max = 0.0329381 (RShoulder)
[2024-10-09 18:18:09.959] [info] Frame 353 (t = 11.8):	 total squared error = 0.00692799, marker error: RMS = 0.0190953, max = 0.0300605 (Neck)
[2024-10-09 18:18:09.999] [info] Frame 354 (t = 11.8333):	 total squared error = 0.00666694, marker error: RMS = 0.0187321, max = 0.0289408 (LHeel)
[2024-10-09 18:18:10.035] [info] Frame 355 (t = 11.8667):	 total squared error = 0.00638564, marker error: RMS = 0.0183327, max = 0.0306723 (LHeel)
[2024-10-09 18:18:10.106] [info] Frame 356 (t = 11.9):	 total squared error = 0.00609723, marker error: RMS = 0.0179139, max = 0.0325512 (LHeel)
[2024-10-09 18:18:10.147] [info] Frame 357 (t = 11.9333):	 total squared error = 0.00595284, marker error: RMS = 0.0177005, max = 0.0339881 (LHeel)
[2024-10-09 18:18:10.192] [info] Frame 358 (t = 11.9667):	 total squared error = 0.00588444, marker error: RMS = 0.0175985, max = 0.0340303 (LHeel)
[2024-10-09 18:18:10.258] [info] Frame 359 (t = 12.0):	 total squared error = 0.00571831, marker error: RMS = 0.0173483, max = 0.0316283 (LHeel)
[2024-10-09 18:18:10.298] [info] Frame 360 (t = 12.0333):	 total squared error = 0.00531218, marker error: RMS = 0.0167209, max = 0.0306843 (RShoulder)
[2024-10-09 18:18:10.364] [info] Frame 361 (t = 12.0667):	 total squared error = 0.00479171, marker error: RMS = 0.0158807, max = 0.0296711 (RShoulder)
[2024-10-09 18:18:10.416] [info] Frame 362 (t = 12.1):	 total squared error = 0.00435662, marker error: RMS = 0.0151425, max = 0.0294438 (LShoulder)
[2024-10-09 18:18:10.488] [info] Frame 363 (t = 12.1333):	 total squared error = 0.00412686, marker error: RMS = 0.0147378, max = 0.0295334 (LShoulder)
[2024-10-09 18:18:10.523] [info] Frame 364 (t = 12.1667):	 total squared error = 0.00408267, marker error: RMS = 0.0146587, max = 0.0295399 (LShoulder)
[2024-10-09 18:18:10.565] [info] Frame 365 (t = 12.2):	 total squared error = 0.00412542, marker error: RMS = 0.0147352, max = 0.0292937 (LShoulder)
[2024-10-09 18:18:10.609] [info] Frame 366 (t = 12.2333):	 total squared error = 0.00419223, marker error: RMS = 0.0148541, max = 0.0289359 (LShoulder)
[2024-10-09 18:18:10.689] [info] Frame 367 (t = 12.2667):	 total squared error = 0.00428116, marker error: RMS = 0.0150108, max = 0.0286963 (LShoulder)
[2024-10-09 18:18:10.741] [info] Frame 368 (t = 12.3):	 total squared error = 0.00454845, marker error: RMS = 0.0154723, max = 0.0294547 (LShoulder)
[2024-10-09 18:18:10.820] [info] Frame 369 (t = 12.3333):	 total squared error = 0.00510359, marker error: RMS = 0.0163893, max = 0.0312222 (LShoulder)
[2024-10-09 18:18:10.883] [info] Frame 370 (t = 12.3667):	 total squared error = 0.00594027, marker error: RMS = 0.0176818, max = 0.0333804 (LShoulder)
[2024-10-09 18:18:10.935] [info] Frame 371 (t = 12.4):	 total squared error = 0.00680978, marker error: RMS = 0.0189317, max = 0.0355086 (RShoulder)
[2024-10-09 18:18:10.988] [info] Frame 372 (t = 12.4333):	 total squared error = 0.00737916, marker error: RMS = 0.0197073, max = 0.0368692 (RShoulder)
[2024-10-09 18:18:11.045] [info] Frame 373 (t = 12.4667):	 total squared error = 0.00741111, marker error: RMS = 0.0197499, max = 0.0372973 (RShoulder)
[2024-10-09 18:18:11.079] [info] Frame 374 (t = 12.5):	 total squared error = 0.00701159, marker error: RMS = 0.0192102, max = 0.0366647 (RShoulder)
[2024-10-09 18:18:11.150] [info] Frame 375 (t = 12.5333):	 total squared error = 0.00657045, marker error: RMS = 0.018596, max = 0.035466 (RShoulder)
[2024-10-09 18:18:11.231] [info] Frame 376 (t = 12.5667):	 total squared error = 0.00654974, marker error: RMS = 0.0185667, max = 0.0340806 (RShoulder)
[2024-10-09 18:18:11.345] [info] Frame 377 (t = 12.6):	 total squared error = 0.00691457, marker error: RMS = 0.0190768, max = 0.032979 (RShoulder)
[2024-10-09 18:18:11.399] [info] Frame 378 (t = 12.6333):	 total squared error = 0.00723350, marker error: RMS = 0.0195118, max = 0.0322149 (RShoulder)
[2024-10-09 18:18:11.443] [info] Frame 379 (t = 12.6667):	 total squared error = 0.00710508, marker error: RMS = 0.0193378, max = 0.0317751 (RShoulder)
[2024-10-09 18:18:11.499] [info] Frame 380 (t = 12.7):	 total squared error = 0.00667775, marker error: RMS = 0.0187473, max = 0.0315435 (LShoulder)
[2024-10-09 18:18:11.554] [info] Frame 381 (t = 12.7333):	 total squared error = 0.00627854, marker error: RMS = 0.0181783, max = 0.0322021 (LShoulder)
[2024-10-09 18:18:11.608] [info] Frame 382 (t = 12.7667):	 total squared error = 0.00598783, marker error: RMS = 0.0177524, max = 0.0323706 (LShoulder)
[2024-10-09 18:18:11.642] [info] Frame 383 (t = 12.8):	 total squared error = 0.00583940, marker error: RMS = 0.017531, max = 0.0319582 (LShoulder)
[2024-10-09 18:18:11.692] [info] Frame 384 (t = 12.8333):	 total squared error = 0.00593670, marker error: RMS = 0.0176765, max = 0.0312126 (LShoulder)
[2024-10-09 18:18:11.744] [info] Frame 385 (t = 12.8667):	 total squared error = 0.00635376, marker error: RMS = 0.0182868, max = 0.0309639 (RHeel)
[2024-10-09 18:18:11.796] [info] Frame 386 (t = 12.9):	 total squared error = 0.00691934, marker error: RMS = 0.0190834, max = 0.0378086 (RHeel)
[2024-10-09 18:18:11.849] [info] Frame 387 (t = 12.9333):	 total squared error = 0.00723099, marker error: RMS = 0.0195084, max = 0.0402893 (RHeel)
[2024-10-09 18:18:11.901] [info] Frame 388 (t = 12.9667):	 total squared error = 0.00709374, marker error: RMS = 0.0193224, max = 0.0381080 (RHeel)
[2024-10-09 18:18:11.979] [info] Frame 389 (t = 13.0):	 total squared error = 0.00675164, marker error: RMS = 0.0188507, max = 0.0341185 (RHeel)
[2024-10-09 18:18:12.045] [info] Frame 390 (t = 13.0333):	 total squared error = 0.00645674, marker error: RMS = 0.0184344, max = 0.0310897 (RHeel)
[2024-10-09 18:18:12.101] [info] Frame 391 (t = 13.0667):	 total squared error = 0.00606916, marker error: RMS = 0.0178726, max = 0.0295417 (RShoulder)
[2024-10-09 18:18:12.145] [info] Frame 392 (t = 13.1):	 total squared error = 0.00539642, marker error: RMS = 0.0168529, max = 0.0287536 (RShoulder)
[2024-10-09 18:18:12.207] [info] Frame 393 (t = 13.1333):	 total squared error = 0.00469851, marker error: RMS = 0.0157255, max = 0.0280561 (RShoulder)
[2024-10-09 18:18:12.254] [info] Frame 394 (t = 13.1667):	 total squared error = 0.00438640, marker error: RMS = 0.0151942, max = 0.0271801 (RShoulder)
[2024-10-09 18:18:12.340] [info] Frame 395 (t = 13.2):	 total squared error = 0.00441200, marker error: RMS = 0.0152385, max = 0.0263863 (RShoulder)
[2024-10-09 18:18:12.404] [info] Frame 396 (t = 13.2333):	 total squared error = 0.00455352, marker error: RMS = 0.0154809, max = 0.0252049 (RShoulder)
[2024-10-09 18:18:12.489] [info] Frame 397 (t = 13.2667):	 total squared error = 0.00462806, marker error: RMS = 0.0156071, max = 0.024387 (RShoulder)
[2024-10-09 18:18:12.550] [info] Frame 398 (t = 13.3):	 total squared error = 0.00466047, marker error: RMS = 0.0156617, max = 0.02389 (RShoulder)
[2024-10-09 18:18:12.594] [info] Frame 399 (t = 13.3333):	 total squared error = 0.00466292, marker error: RMS = 0.0156658, max = 0.0246183 (RShoulder)
[2024-10-09 18:18:12.643] [info] Frame 400 (t = 13.3667):	 total squared error = 0.00464146, marker error: RMS = 0.0156297, max = 0.0260461 (RShoulder)
[2024-10-09 18:18:12.701] [info] Frame 401 (t = 13.4):	 total squared error = 0.00461599, marker error: RMS = 0.0155867, max = 0.0277163 (RShoulder)
[2024-10-09 18:18:12.768] [info] Frame 402 (t = 13.4333):	 total squared error = 0.00457784, marker error: RMS = 0.0155222, max = 0.0288421 (RShoulder)
[2024-10-09 18:18:12.827] [info] Frame 403 (t = 13.4667):	 total squared error = 0.00457102, marker error: RMS = 0.0155106, max = 0.0291634 (RShoulder)
[2024-10-09 18:18:12.927] [info] Frame 404 (t = 13.5):	 total squared error = 0.00464519, marker error: RMS = 0.015636, max = 0.0287946 (RShoulder)
[2024-10-09 18:18:12.967] [info] Frame 405 (t = 13.5333):	 total squared error = 0.00489347, marker error: RMS = 0.0160484, max = 0.0286487 (RShoulder)
[2024-10-09 18:18:13.035] [info] Frame 406 (t = 13.5667):	 total squared error = 0.00528208, marker error: RMS = 0.0166735, max = 0.0289851 (LShoulder)
[2024-10-09 18:18:13.091] [info] Frame 407 (t = 13.6):	 total squared error = 0.00590915, marker error: RMS = 0.0176354, max = 0.0297647 (LShoulder)
[2024-10-09 18:18:13.167] [info] Frame 408 (t = 13.6333):	 total squared error = 0.00666559, marker error: RMS = 0.0187302, max = 0.0304997 (LShoulder)
[2024-10-09 18:18:13.231] [info] Frame 409 (t = 13.6667):	 total squared error = 0.00726447, marker error: RMS = 0.0195535, max = 0.0312507 (LKnee)
[2024-10-09 18:18:13.272] [info] Frame 410 (t = 13.7):	 total squared error = 0.00745742, marker error: RMS = 0.0198115, max = 0.0346559 (LKnee)
[2024-10-09 18:18:13.332] [info] Frame 411 (t = 13.7333):	 total squared error = 0.00719023, marker error: RMS = 0.0194534, max = 0.0357595 (LKnee)
[2024-10-09 18:18:13.404] [info] Frame 412 (t = 13.7667):	 total squared error = 0.00654331, marker error: RMS = 0.0185576, max = 0.032756 (LKnee)
[2024-10-09 18:18:13.448] [info] Frame 413 (t = 13.8):	 total squared error = 0.00570420, marker error: RMS = 0.0173269, max = 0.0277136 (RKnee)
[2024-10-09 18:18:13.492] [info] Frame 414 (t = 13.8333):	 total squared error = 0.00486934, marker error: RMS = 0.0160088, max = 0.0270890 (LShoulder)
[2024-10-09 18:18:13.565] [info] Frame 415 (t = 13.8667):	 total squared error = 0.00421955, marker error: RMS = 0.0149024, max = 0.027349 (RShoulder)
[2024-10-09 18:18:13.614] [info] Frame 416 (t = 13.9):	 total squared error = 0.00384948, marker error: RMS = 0.0142339, max = 0.0277143 (LShoulder)
[2024-10-09 18:18:13.649] [info] Frame 417 (t = 13.9333):	 total squared error = 0.00372399, marker error: RMS = 0.014, max = 0.028579 (LShoulder)
[2024-10-09 18:18:13.693] [info] Frame 418 (t = 13.9667):	 total squared error = 0.00384195, marker error: RMS = 0.01422, max = 0.0288548 (RShoulder)
[2024-10-09 18:18:13.751] [info] Frame 419 (t = 14.0):	 total squared error = 0.00418703, marker error: RMS = 0.0148449, max = 0.0295958 (RShoulder)
[2024-10-09 18:18:13.806] [info] Frame 420 (t = 14.0333):	 total squared error = 0.00471423, marker error: RMS = 0.0157517, max = 0.0299781 (RShoulder)
[2024-10-09 18:18:13.857] [info] Frame 421 (t = 14.0667):	 total squared error = 0.00529218, marker error: RMS = 0.0166894, max = 0.0301033 (LHeel)
[2024-10-09 18:18:13.917] [info] Frame 422 (t = 14.1):	 total squared error = 0.00566393, marker error: RMS = 0.0172656, max = 0.0319883 (LHeel)
[2024-10-09 18:18:13.973] [info] Frame 423 (t = 14.1333):	 total squared error = 0.00571784, marker error: RMS = 0.0173476, max = 0.0322346 (LHeel)
[2024-10-09 18:18:14.096] [info] Frame 424 (t = 14.1667):	 total squared error = 0.00557203, marker error: RMS = 0.017125, max = 0.0306694 (LHeel)
[2024-10-09 18:18:14.167] [info] Frame 425 (t = 14.2):	 total squared error = 0.00546582, marker error: RMS = 0.016961, max = 0.0291634 (LHeel)
[2024-10-09 18:18:14.211] [info] Frame 426 (t = 14.2333):	 total squared error = 0.00566581, marker error: RMS = 0.0172685, max = 0.0287595 (LHeel)
[2024-10-09 18:18:14.285] [info] Frame 427 (t = 14.2667):	 total squared error = 0.00628258, marker error: RMS = 0.0181841, max = 0.034455 (RKnee)
[2024-10-09 18:18:14.332] [info] Frame 428 (t = 14.3):	 total squared error = 0.00698697, marker error: RMS = 0.0191764, max = 0.0404827 (RKnee)
[2024-10-09 18:18:14.403] [info] Frame 429 (t = 14.3333):	 total squared error = 0.00721588, marker error: RMS = 0.019488, max = 0.0417755 (RKnee)
[2024-10-09 18:18:14.481] [info] Frame 430 (t = 14.3667):	 total squared error = 0.00677446, marker error: RMS = 0.0188825, max = 0.0375723 (RKnee)
[2024-10-09 18:18:14.567] [info] Frame 431 (t = 14.4):	 total squared error = 0.00599386, marker error: RMS = 0.0177614, max = 0.0304934 (LHeel)
[2024-10-09 18:18:14.609] [info] Frame 432 (t = 14.4333):	 total squared error = 0.00531484, marker error: RMS = 0.0167251, max = 0.0294793 (LHeel)
[2024-10-09 18:18:14.674] [info] Frame 433 (t = 14.4667):	 total squared error = 0.00483732, marker error: RMS = 0.0159561, max = 0.0279523 (LHeel)
[2024-10-09 18:18:14.728] [info] Frame 434 (t = 14.5):	 total squared error = 0.00447538, marker error: RMS = 0.0153475, max = 0.0270822 (LHeel)
[2024-10-09 18:18:14.777] [info] Frame 435 (t = 14.5333):	 total squared error = 0.00420932, marker error: RMS = 0.0148843, max = 0.0261514 (LHeel)
[2024-10-09 18:18:14.840] [info] Frame 436 (t = 14.5667):	 total squared error = 0.00410421, marker error: RMS = 0.0146973, max = 0.0246142 (LHeel)
[2024-10-09 18:18:14.901] [info] Frame 437 (t = 14.6):	 total squared error = 0.00414184, marker error: RMS = 0.0147645, max = 0.023487 (LKnee)
[2024-10-09 18:18:14.950] [info] Frame 438 (t = 14.6333):	 total squared error = 0.00420027, marker error: RMS = 0.0148683, max = 0.0249234 (LKnee)
[2024-10-09 18:18:15.007] [info] Frame 439 (t = 14.6667):	 total squared error = 0.00420266, marker error: RMS = 0.0148725, max = 0.0249778 (RHeel)
[2024-10-09 18:18:15.071] [info] Frame 440 (t = 14.7):	 total squared error = 0.00425220, marker error: RMS = 0.0149599, max = 0.0260969 (RHeel)
[2024-10-09 18:18:15.120] [info] Frame 441 (t = 14.7333):	 total squared error = 0.00446815, marker error: RMS = 0.0153351, max = 0.0266681 (RHeel)
[2024-10-09 18:18:15.177] [info] Frame 442 (t = 14.7667):	 total squared error = 0.00472626, marker error: RMS = 0.0157718, max = 0.0271621 (RHeel)
[2024-10-09 18:18:15.243] [info] Frame 443 (t = 14.8):	 total squared error = 0.00485136, marker error: RMS = 0.0159792, max = 0.0273498 (RHeel)
[2024-10-09 18:18:15.310] [info] Frame 444 (t = 14.8333):	 total squared error = 0.00496236, marker error: RMS = 0.016161, max = 0.0271174 (RHeel)
[2024-10-09 18:18:15.385] [info] Frame 445 (t = 14.8667):	 total squared error = 0.00518233, marker error: RMS = 0.0165153, max = 0.0263663 (RHeel)
[2024-10-09 18:18:15.455] [info] Frame 446 (t = 14.9):	 total squared error = 0.00537172, marker error: RMS = 0.0168143, max = 0.0276394 (LKnee)
[2024-10-09 18:18:15.532] [info] Frame 447 (t = 14.9333):	 total squared error = 0.00527713, marker error: RMS = 0.0166656, max = 0.0282044 (LKnee)
[2024-10-09 18:18:15.574] [info] Frame 448 (t = 14.9667):	 total squared error = 0.00474105, marker error: RMS = 0.0157965, max = 0.0251563 (LKnee)
[2024-10-09 18:18:15.742] [info] Frame 449 (t = 15.0):	 total squared error = 0.00380561, marker error: RMS = 0.0141526, max = 0.0239316 (RHeel)
[2024-10-09 18:18:15.802] [info] Frame 450 (t = 15.0333):	 total squared error = 0.00296434, marker error: RMS = 0.0124907, max = 0.0229858 (RHeel)
[2024-10-09 18:18:15.876] [info] Frame 451 (t = 15.0667):	 total squared error = 0.00260097, marker error: RMS = 0.0117001, max = 0.0213132 (RHeel)
[2024-10-09 18:18:15.941] [info] Frame 452 (t = 15.1):	 total squared error = 0.00273624, marker error: RMS = 0.0120005, max = 0.0223084 (LShoulder)
[2024-10-09 18:18:15.974] [info] Frame 453 (t = 15.1333):	 total squared error = 0.00304781, marker error: RMS = 0.0126654, max = 0.0235559 (LShoulder)
[2024-10-09 18:18:16.032] [info] Frame 454 (t = 15.1667):	 total squared error = 0.00326848, marker error: RMS = 0.0131158, max = 0.0244522 (LShoulder)
[2024-10-09 18:18:16.090] [info] Frame 455 (t = 15.2):	 total squared error = 0.00347268, marker error: RMS = 0.0135193, max = 0.0253869 (LShoulder)
[2024-10-09 18:18:16.145] [info] Frame 456 (t = 15.2333):	 total squared error = 0.00391581, marker error: RMS = 0.014356, max = 0.0262419 (LHeel)
[2024-10-09 18:18:16.197] [info] Frame 457 (t = 15.2667):	 total squared error = 0.00472234, marker error: RMS = 0.0157653, max = 0.029345 (LHeel)
[2024-10-09 18:18:16.268] [info] Frame 458 (t = 15.3):	 total squared error = 0.00569298, marker error: RMS = 0.0173098, max = 0.0294851 (LHeel)
[2024-10-09 18:18:16.332] [info] Frame 459 (t = 15.3333):	 total squared error = 0.00658500, marker error: RMS = 0.0186166, max = 0.0300179 (RKnee)
[2024-10-09 18:18:16.399] [info] Frame 460 (t = 15.3667):	 total squared error = 0.00727721, marker error: RMS = 0.0195707, max = 0.0332265 (RKnee)
[2024-10-09 18:18:16.441] [info] Frame 461 (t = 15.4):	 total squared error = 0.00771337, marker error: RMS = 0.0201486, max = 0.0361816 (Neck)
[2024-10-09 18:18:16.498] [info] Frame 462 (t = 15.4333):	 total squared error = 0.00799007, marker error: RMS = 0.0205068, max = 0.0372492 (Neck)
[2024-10-09 18:18:16.559] [info] Frame 463 (t = 15.4667):	 total squared error = 0.00823809, marker error: RMS = 0.0208227, max = 0.037946 (RKnee)
[2024-10-09 18:18:16.627] [info] Frame 464 (t = 15.5):	 total squared error = 0.00836304, marker error: RMS = 0.0209800, max = 0.0369896 (RKnee)
[2024-10-09 18:18:16.716] [info] Frame 465 (t = 15.5333):	 total squared error = 0.00796909, marker error: RMS = 0.0204799, max = 0.0416556 (RBigToe)
[2024-10-09 18:18:16.776] [info] Frame 466 (t = 15.5667):	 total squared error = 0.00690212, marker error: RMS = 0.0190596, max = 0.039777 (RBigToe)
[2024-10-09 18:18:16.854] [info] Frame 467 (t = 15.6):	 total squared error = 0.00553656, marker error: RMS = 0.0170704, max = 0.0313888 (RBigToe)
[2024-10-09 18:18:16.919] [info] Frame 468 (t = 15.6333):	 total squared error = 0.00460583, marker error: RMS = 0.0155696, max = 0.0251074 (Neck)
[2024-10-09 18:18:16.984] [info] Frame 469 (t = 15.6667):	 total squared error = 0.00441951, marker error: RMS = 0.0152514, max = 0.0284994 (Neck)
[2024-10-09 18:18:17.058] [info] Frame 470 (t = 15.7):	 total squared error = 0.00473971, marker error: RMS = 0.0157943, max = 0.0314762 (Neck)
[2024-10-09 18:18:17.107] [info] Frame 471 (t = 15.7333):	 total squared error = 0.00512566, marker error: RMS = 0.0164247, max = 0.0331379 (Neck)
[2024-10-09 18:18:17.142] [info] Frame 472 (t = 15.7667):	 total squared error = 0.00533500, marker error: RMS = 0.0167568, max = 0.0337414 (Neck)
[2024-10-09 18:18:17.212] [info] Frame 473 (t = 15.8):	 total squared error = 0.00530734, marker error: RMS = 0.0167133, max = 0.0334275 (Neck)
[2024-10-09 18:18:17.261] [info] Frame 474 (t = 15.8333):	 total squared error = 0.00517939, marker error: RMS = 0.0165106, max = 0.032413 (Neck)
[2024-10-09 18:18:17.310] [info] Frame 475 (t = 15.8667):	 total squared error = 0.00514201, marker error: RMS = 0.0164509, max = 0.0310918 (Neck)
[2024-10-09 18:18:17.374] [info] Frame 476 (t = 15.9):	 total squared error = 0.00543311, marker error: RMS = 0.0169101, max = 0.0303176 (Neck)
[2024-10-09 18:18:17.436] [info] Frame 477 (t = 15.9333):	 total squared error = 0.00603094, marker error: RMS = 0.0178162, max = 0.0309734 (Neck)
[2024-10-09 18:18:17.472] [info] Frame 478 (t = 15.9667):	 total squared error = 0.00672565, marker error: RMS = 0.0188144, max = 0.032995 (Neck)
[2024-10-09 18:18:17.518] [info] Frame 479 (t = 16.0):	 total squared error = 0.00730783, marker error: RMS = 0.0196118, max = 0.0360520 (Neck)
[2024-10-09 18:18:17.565] [info] Frame 480 (t = 16.0333):	 total squared error = 0.00769415, marker error: RMS = 0.0201235, max = 0.0391269 (Neck)
[2024-10-09 18:18:17.625] [info] Frame 481 (t = 16.0667):	 total squared error = 0.00786129, marker error: RMS = 0.0203409, max = 0.0420185 (Neck)
[2024-10-09 18:18:17.693] [info] Frame 482 (t = 16.1):	 total squared error = 0.00801726, marker error: RMS = 0.0205417, max = 0.044589 (Neck)
[2024-10-09 18:18:17.730] [info] Frame 483 (t = 16.1333):	 total squared error = 0.00836210, marker error: RMS = 0.0209788, max = 0.0470898 (Neck)
[2024-10-09 18:18:17.808] [info] Frame 484 (t = 16.1667):	 total squared error = 0.00880462, marker error: RMS = 0.0215267, max = 0.0503049 (Neck)
[2024-10-09 18:18:17.875] [info] Frame 485 (t = 16.2):	 total squared error = 0.00924957, marker error: RMS = 0.0220640, max = 0.0545269 (Neck)
[2024-10-09 18:18:17.945] [info] Frame 486 (t = 16.2333):	 total squared error = 0.00981233, marker error: RMS = 0.0227253, max = 0.05941 (Neck)
[2024-10-09 18:18:18.019] [info] Frame 487 (t = 16.2667):	 total squared error = 0.0107070, marker error: RMS = 0.0237387, max = 0.0642202 (Neck)
[2024-10-09 18:18:18.090] [info] Frame 488 (t = 16.3):	 total squared error = 0.0119092, marker error: RMS = 0.0250360, max = 0.0686918 (Neck)
[2024-10-09 18:18:18.121] [info] Frame 489 (t = 16.3333):	 total squared error = 0.0129647, marker error: RMS = 0.0261218, max = 0.0724172 (Neck)
[2024-10-09 18:18:18.251] [info] Frame 490 (t = 16.3667):	 total squared error = 0.0133087, marker error: RMS = 0.0264661, max = 0.0743981 (Neck)
[2024-10-09 18:18:18.306] [info] Frame 491 (t = 16.4):	 total squared error = 0.0128625, marker error: RMS = 0.0260187, max = 0.0741768 (Neck)
[2024-10-09 18:18:18.368] [info] Frame 492 (t = 16.4333):	 total squared error = 0.0121765, marker error: RMS = 0.0253154, max = 0.0720008 (Neck)
[2024-10-09 18:18:18.405] [info] Frame 493 (t = 16.4667):	 total squared error = 0.0119179, marker error: RMS = 0.0250451, max = 0.0686965 (Neck)
[2024-10-09 18:18:18.472] [info] Frame 494 (t = 16.5):	 total squared error = 0.0121681, marker error: RMS = 0.0253066, max = 0.0654288 (Neck)
[2024-10-09 18:18:18.529] [info] Frame 495 (t = 16.5333):	 total squared error = 0.0122285, marker error: RMS = 0.0253693, max = 0.0622559 (Neck)
[2024-10-09 18:18:18.601] [info] Frame 496 (t = 16.5667):	 total squared error = 0.0115773, marker error: RMS = 0.0246847, max = 0.058752 (Neck)
[2024-10-09 18:18:18.679] [info] Frame 497 (t = 16.6):	 total squared error = 0.0104484, marker error: RMS = 0.0234503, max = 0.0543339 (Neck)
[2024-10-09 18:18:18.749] [info] Frame 498 (t = 16.6333):	 total squared error = 0.00951673, marker error: RMS = 0.0223804, max = 0.0493683 (Neck)
[2024-10-09 18:18:18.813] [info] Frame 499 (t = 16.6667):	 total squared error = 0.00931862, marker error: RMS = 0.0221462, max = 0.0448843 (Neck)
[2024-10-09 18:18:18.881] [info] Frame 500 (t = 16.7):	 total squared error = 0.0102345, marker error: RMS = 0.0232090, max = 0.0416998 (Neck)
[2024-10-09 18:18:18.969] [info] Frame 501 (t = 16.7333):	 total squared error = 0.0123781, marker error: RMS = 0.0255241, max = 0.0481448 (RKnee)
[2024-10-09 18:18:19.109] [info] Frame 502 (t = 16.7667):	 total squared error = 0.0150047, marker error: RMS = 0.0281020, max = 0.0549175 (RKnee)
[2024-10-09 18:18:19.170] [info] Frame 503 (t = 16.8):	 total squared error = 0.0167163, marker error: RMS = 0.0296615, max = 0.0553971 (RKnee)
[2024-10-09 18:18:19.231] [info] Frame 504 (t = 16.8333):	 total squared error = 0.0165586, marker error: RMS = 0.0295213, max = 0.0525171 (LSmallToe)
[2024-10-09 18:18:19.293] [info] Frame 505 (t = 16.8667):	 total squared error = 0.0150783, marker error: RMS = 0.0281708, max = 0.0544301 (LSmallToe)
[2024-10-09 18:18:19.390] [info] Frame 506 (t = 16.9):	 total squared error = 0.013553, marker error: RMS = 0.0267080, max = 0.0564060 (LSmallToe)
[2024-10-09 18:18:19.467] [info] Frame 507 (t = 16.9333):	 total squared error = 0.0127674, marker error: RMS = 0.0259223, max = 0.0575709 (LSmallToe)
[2024-10-09 18:18:19.498] [info] Frame 508 (t = 16.9667):	 total squared error = 0.0126966, marker error: RMS = 0.0258503, max = 0.0581182 (LSmallToe)
[2024-10-09 18:18:19.572] [info] Frame 509 (t = 17.0):	 total squared error = 0.012769, marker error: RMS = 0.025924, max = 0.0590378 (LSmallToe)
[2024-10-09 18:18:19.611] [info] Frame 510 (t = 17.0333):	 total squared error = 0.0129498, marker error: RMS = 0.0261068, max = 0.0602844 (LSmallToe)
[2024-10-09 18:18:19.649] [info] Frame 511 (t = 17.0667):	 total squared error = 0.0131213, marker error: RMS = 0.0262792, max = 0.0619292 (LSmallToe)
[2024-10-09 18:18:19.691] [info] Frame 512 (t = 17.1):	 total squared error = 0.0132714, marker error: RMS = 0.0264291, max = 0.0635147 (LSmallToe)
[2024-10-09 18:18:19.752] [info] Frame 513 (t = 17.1333):	 total squared error = 0.0133828, marker error: RMS = 0.0265398, max = 0.0644851 (LSmallToe)
[2024-10-09 18:18:19.812] [info] Frame 514 (t = 17.1667):	 total squared error = 0.0133798, marker error: RMS = 0.0265368, max = 0.0642905 (LSmallToe)
[2024-10-09 18:18:19.886] [info] Frame 515 (t = 17.2):	 total squared error = 0.013236, marker error: RMS = 0.0263938, max = 0.0628339 (LSmallToe)
[2024-10-09 18:18:19.920] [info] Frame 516 (t = 17.2333):	 total squared error = 0.0130975, marker error: RMS = 0.0262553, max = 0.0622417 (LSmallToe)
[2024-10-09 18:18:19.990] [info] Frame 517 (t = 17.2667):	 total squared error = 0.0129047, marker error: RMS = 0.0260613, max = 0.0603879 (LSmallToe)
[2024-10-09 18:18:20.029] [info] Frame 518 (t = 17.3):	 total squared error = 0.0130388, marker error: RMS = 0.0261964, max = 0.0600653 (LSmallToe)
[2024-10-09 18:18:20.062] [info] Frame 519 (t = 17.3333):	 total squared error = 0.0132757, marker error: RMS = 0.0264333, max = 0.0595517 (LSmallToe)
[2024-10-09 18:18:20.131] [info] Frame 520 (t = 17.3667):	 total squared error = 0.0134835, marker error: RMS = 0.0266394, max = 0.058751 (LSmallToe)
[2024-10-09 18:18:20.173] [info] Frame 521 (t = 17.4):	 total squared error = 0.0136043, marker error: RMS = 0.0267584, max = 0.0582447 (LSmallToe)
[2024-10-09 18:18:20.225] [info] Frame 522 (t = 17.4333):	 total squared error = 0.0136368, marker error: RMS = 0.0267904, max = 0.0584143 (LSmallToe)
[2024-10-09 18:18:20.272] [info] Frame 523 (t = 17.4667):	 total squared error = 0.0136046, marker error: RMS = 0.0267588, max = 0.0590542 (LSmallToe)
[2024-10-09 18:18:20.464] [info] Frame 524 (t = 17.5):	 total squared error = 0.0135336, marker error: RMS = 0.0266889, max = 0.0596348 (LSmallToe)
[2024-10-09 18:18:20.513] [info] Frame 525 (t = 17.5333):	 total squared error = 0.0134592, marker error: RMS = 0.0266154, max = 0.0598466 (LSmallToe)
[2024-10-09 18:18:20.542] [info] Frame 526 (t = 17.5667):	 total squared error = 0.0134188, marker error: RMS = 0.0265754, max = 0.0597376 (LSmallToe)
[2024-10-09 18:18:20.574] [info] Frame 527 (t = 17.6):	 total squared error = 0.0134599, marker error: RMS = 0.0266161, max = 0.0598124 (LSmallToe)
[2024-10-09 18:18:20.614] [info] Frame 528 (t = 17.6333):	 total squared error = 0.0135825, marker error: RMS = 0.026737, max = 0.059955 (LSmallToe)
[2024-10-09 18:18:20.652] [info] Frame 529 (t = 17.6667):	 total squared error = 0.0137671, marker error: RMS = 0.0269181, max = 0.0602561 (LSmallToe)
[2024-10-09 18:18:20.709] [info] Frame 530 (t = 17.7):	 total squared error = 0.0139417, marker error: RMS = 0.0270882, max = 0.0608918 (LSmallToe)
[2024-10-09 18:18:20.761] [info] Frame 531 (t = 17.7333):	 total squared error = 0.0140477, marker error: RMS = 0.027191, max = 0.0617818 (LSmallToe)
[2024-10-09 18:18:20.806] [info] Frame 532 (t = 17.7667):	 total squared error = 0.0140985, marker error: RMS = 0.0272401, max = 0.062557 (LSmallToe)
[2024-10-09 18:18:20.850] [info] Frame 533 (t = 17.8):	 total squared error = 0.0141101, marker error: RMS = 0.0272513, max = 0.0634325 (LSmallToe)
[2024-10-09 18:18:20.898] [info] Frame 534 (t = 17.8333):	 total squared error = 0.0140945, marker error: RMS = 0.0272363, max = 0.0640900 (LSmallToe)
[2024-10-09 18:18:20.946] [info] Frame 535 (t = 17.8667):	 total squared error = 0.0140194, marker error: RMS = 0.0271636, max = 0.0645679 (LSmallToe)
[2024-10-09 18:18:20.989] [info] Frame 536 (t = 17.9):	 total squared error = 0.0138868, marker error: RMS = 0.0270349, max = 0.0645634 (LSmallToe)
[2024-10-09 18:18:21.071] [info] Frame 537 (t = 17.9333):	 total squared error = 0.0137338, marker error: RMS = 0.0268855, max = 0.0640411 (LSmallToe)
[2024-10-09 18:18:21.105] [info] Frame 538 (t = 17.9667):	 total squared error = 0.0136925, marker error: RMS = 0.0268451, max = 0.0629020 (LSmallToe)
[2024-10-09 18:18:21.123] [info] Frame 539 (t = 18.0):	 total squared error = 0.0138226, marker error: RMS = 0.0269723, max = 0.0611078 (LSmallToe)
[2024-10-09 18:18:21.188] [info] Frame 540 (t = 18.0333):	 total squared error = 0.0141116, marker error: RMS = 0.0272528, max = 0.0599415 (LSmallToe)
[2024-10-09 18:18:21.246] [info] Frame 541 (t = 18.0667):	 total squared error = 0.0144313, marker error: RMS = 0.0275597, max = 0.0585668 (LSmallToe)
[2024-10-09 18:18:21.301] [info] Frame 542 (t = 18.1):	 total squared error = 0.0146663, marker error: RMS = 0.0277833, max = 0.0573342 (LSmallToe)
[2024-10-09 18:18:21.370] [info] Frame 543 (t = 18.1333):	 total squared error = 0.0147522, marker error: RMS = 0.0278645, max = 0.0561941 (LSmallToe)
[2024-10-09 18:18:21.454] [info] Frame 544 (t = 18.1667):	 total squared error = 0.014711, marker error: RMS = 0.0278256, max = 0.0556426 (LSmallToe)
[2024-10-09 18:18:21.491] [info] Frame 545 (t = 18.2):	 total squared error = 0.0146301, marker error: RMS = 0.027749, max = 0.0557986 (LSmallToe)
[2024-10-09 18:18:21.537] [info] Frame 546 (t = 18.2333):	 total squared error = 0.0145397, marker error: RMS = 0.0276631, max = 0.0558979 (LSmallToe)
[2024-10-09 18:18:21.581] [info] Frame 547 (t = 18.2667):	 total squared error = 0.0144383, marker error: RMS = 0.0275665, max = 0.0557092 (LSmallToe)
[2024-10-09 18:18:21.668] [info] Frame 548 (t = 18.3):	 total squared error = 0.0143364, marker error: RMS = 0.027469, max = 0.0554066 (LSmallToe)
[2024-10-09 18:18:21.717] [info] Frame 549 (t = 18.3333):	 total squared error = 0.0143275, marker error: RMS = 0.0274605, max = 0.0551728 (LSmallToe)
[2024-10-09 18:18:21.762] [info] Frame 550 (t = 18.3667):	 total squared error = 0.0143835, marker error: RMS = 0.0275141, max = 0.0552862 (LSmallToe)
[2024-10-09 18:18:21.814] [info] Frame 551 (t = 18.4):	 total squared error = 0.0144364, marker error: RMS = 0.0275646, max = 0.0559012 (LSmallToe)
[2024-10-09 18:18:21.859] [info] Frame 552 (t = 18.4333):	 total squared error = 0.0144201, marker error: RMS = 0.0275491, max = 0.0567396 (LSmallToe)
[2024-10-09 18:18:21.932] [info] Frame 553 (t = 18.4667):	 total squared error = 0.0143248, marker error: RMS = 0.0274579, max = 0.0580981 (LSmallToe)
[2024-10-09 18:18:21.975] [info] Frame 554 (t = 18.5):	 total squared error = 0.0141838, marker error: RMS = 0.0273225, max = 0.0591912 (LSmallToe)
[2024-10-09 18:18:22.025] [info] Frame 555 (t = 18.5333):	 total squared error = 0.0140629, marker error: RMS = 0.0272057, max = 0.0607935 (LSmallToe)
[2024-10-09 18:18:22.123] [info] Frame 556 (t = 18.5667):	 total squared error = 0.0140006, marker error: RMS = 0.0271454, max = 0.0621065 (LSmallToe)
[2024-10-09 18:18:22.142] [info] Frame 557 (t = 18.6):	 total squared error = 0.0140046, marker error: RMS = 0.0271493, max = 0.0631157 (LSmallToe)
[2024-10-09 18:18:22.198] [info] Frame 558 (t = 18.6333):	 total squared error = 0.0140047, marker error: RMS = 0.0271494, max = 0.0627111 (LSmallToe)
[2024-10-09 18:18:22.253] [info] Frame 559 (t = 18.6667):	 total squared error = 0.0139587, marker error: RMS = 0.0271047, max = 0.0619241 (LSmallToe)
[2024-10-09 18:18:22.347] [info] Frame 560 (t = 18.7):	 total squared error = 0.0138577, marker error: RMS = 0.0270065, max = 0.0609646 (LSmallToe)
[2024-10-09 18:18:22.395] [info] Frame 561 (t = 18.7333):	 total squared error = 0.0137745, marker error: RMS = 0.0269253, max = 0.0602475 (LSmallToe)
[2024-10-09 18:18:22.445] [info] Frame 562 (t = 18.7667):	 total squared error = 0.01373, marker error: RMS = 0.0268818, max = 0.0598797 (LSmallToe)
[2024-10-09 18:18:22.539] [info] Frame 563 (t = 18.8):	 total squared error = 0.013731, marker error: RMS = 0.0268828, max = 0.0597518 (LSmallToe)
[2024-10-09 18:18:22.640] [info] Frame 564 (t = 18.8333):	 total squared error = 0.0138254, marker error: RMS = 0.026975, max = 0.0596037 (LSmallToe)
[2024-10-09 18:18:22.704] [info] Frame 565 (t = 18.8667):	 total squared error = 0.0140338, marker error: RMS = 0.0271776, max = 0.0594565 (LSmallToe)
[2024-10-09 18:18:22.779] [info] Frame 566 (t = 18.9):	 total squared error = 0.0143030, marker error: RMS = 0.027437, max = 0.0593548 (LSmallToe)
[2024-10-09 18:18:22.855] [info] Frame 567 (t = 18.9333):	 total squared error = 0.0145421, marker error: RMS = 0.0276654, max = 0.0592297 (LSmallToe)
[2024-10-09 18:18:22.922] [info] Frame 568 (t = 18.9667):	 total squared error = 0.0146716, marker error: RMS = 0.0277883, max = 0.0589889 (LSmallToe)
[2024-10-09 18:18:22.982] [info] Frame 569 (t = 19.0):	 total squared error = 0.0146334, marker error: RMS = 0.0277521, max = 0.0584752 (LSmallToe)
[2024-10-09 18:18:23.043] [info] Frame 570 (t = 19.0333):	 total squared error = 0.0144385, marker error: RMS = 0.0275666, max = 0.0579161 (LSmallToe)
[2024-10-09 18:18:23.110] [info] Frame 571 (t = 19.0667):	 total squared error = 0.0141456, marker error: RMS = 0.0272857, max = 0.057573 (LSmallToe)
[2024-10-09 18:18:23.194] [info] Frame 572 (t = 19.1):	 total squared error = 0.0138322, marker error: RMS = 0.0269817, max = 0.0576028 (LSmallToe)
[2024-10-09 18:18:23.279] [info] Frame 573 (t = 19.1333):	 total squared error = 0.0135746, marker error: RMS = 0.0267293, max = 0.0579209 (LSmallToe)
[2024-10-09 18:18:23.326] [info] Frame 574 (t = 19.1667):	 total squared error = 0.0134253, marker error: RMS = 0.0265819, max = 0.0582757 (LSmallToe)
[2024-10-09 18:18:23.379] [info] Frame 575 (t = 19.2):	 total squared error = 0.013385, marker error: RMS = 0.0265419, max = 0.0584539 (LSmallToe)
[2024-10-09 18:18:23.428] [info] Frame 576 (t = 19.2333):	 total squared error = 0.0134451, marker error: RMS = 0.0266014, max = 0.0580830 (LSmallToe)
[2024-10-09 18:18:23.487] [info] Frame 577 (t = 19.2667):	 total squared error = 0.0135592, marker error: RMS = 0.0267141, max = 0.0575759 (LSmallToe)
[2024-10-09 18:18:23.534] [info] Frame 578 (t = 19.3):	 total squared error = 0.0136822, marker error: RMS = 0.0268349, max = 0.0569963 (LSmallToe)
[2024-10-09 18:18:23.584] [info] Frame 579 (t = 19.3333):	 total squared error = 0.0137392, marker error: RMS = 0.0268908, max = 0.0562858 (LSmallToe)
[2024-10-09 18:18:23.628] [info] Frame 580 (t = 19.3667):	 total squared error = 0.0136972, marker error: RMS = 0.0268496, max = 0.0555111 (LSmallToe)
[2024-10-09 18:18:23.676] [info] Frame 581 (t = 19.4):	 total squared error = 0.0135763, marker error: RMS = 0.0267309, max = 0.0547837 (LSmallToe)
[2024-10-09 18:18:23.726] [info] Frame 582 (t = 19.4333):	 total squared error = 0.0133984, marker error: RMS = 0.0265552, max = 0.0538733 (LSmallToe)
[2024-10-09 18:18:23.764] [info] Frame 583 (t = 19.4667):	 total squared error = 0.0132137, marker error: RMS = 0.0263716, max = 0.0529386 (LSmallToe)
[2024-10-09 18:18:23.777] [info] InverseKinematicsTool completed 584 frames in 34 second(s).
