[2024-10-09 17:24:56.125] [info] Preparing to run InverseKinematicsTool.
[2024-10-09 17:24:56.147] [info] Loaded model Pose2Sim_scaled from file Model_Pose2Sim_Halpe26_scaled.osim
[2024-10-09 17:24:56.148] [warning] Couldn't find file 'r_pelvis.vtp'.
[2024-10-09 17:24:56.148] [warning] Couldn't find file 'l_pelvis.vtp'.
[2024-10-09 17:24:56.148] [warning] Couldn't find file 'sacrum.vtp'.
[2024-10-09 17:24:56.148] [warning] Couldn't find file 'femur_r.vtp'.
[2024-10-09 17:24:56.148] [warning] Couldn't find file 'r_patella.vtp'.
[2024-10-09 17:24:56.148] [warning] Couldn't find file 'tibia_r.vtp'.
[2024-10-09 17:24:56.149] [warning] Couldn't find file 'fibula_r.vtp'.
[2024-10-09 17:24:56.149] [warning] Couldn't find file 'talus_rv.vtp'.
[2024-10-09 17:24:56.149] [warning] Couldn't find file 'foot.vtp'.
[2024-10-09 17:24:56.149] [warning] Couldn't find file 'bofoot.vtp'.
[2024-10-09 17:24:56.149] [warning] Couldn't find file 'femur_l.vtp'.
[2024-10-09 17:24:56.149] [warning] Couldn't find file 'l_patella.vtp'.
[2024-10-09 17:24:56.150] [warning] Couldn't find file 'tibia_l.vtp'.
[2024-10-09 17:24:56.150] [warning] Couldn't find file 'fibula_l.vtp'.
[2024-10-09 17:24:56.150] [warning] Couldn't find file 'talus_lv.vtp'.
[2024-10-09 17:24:56.150] [warning] Couldn't find file 'l_foot.vtp'.
[2024-10-09 17:24:56.150] [warning] Couldn't find file 'l_bofoot.vtp'.
[2024-10-09 17:24:56.150] [warning] Couldn't find file 'lumbar5.vtp'.
[2024-10-09 17:24:56.150] [warning] Couldn't find file 'lumbar4.vtp'.
[2024-10-09 17:24:56.150] [warning] Couldn't find file 'lumbar3.vtp'.
[2024-10-09 17:24:56.151] [warning] Couldn't find file 'lumbar2.vtp'.
[2024-10-09 17:24:56.151] [warning] Couldn't find file 'lumbar1.vtp'.
[2024-10-09 17:24:56.151] [warning] Couldn't find file 'cerv1sm.vtp'.
[2024-10-09 17:24:56.151] [warning] Couldn't find file 'cerv2sm.vtp'.
[2024-10-09 17:24:56.151] [warning] Couldn't find file 'cerv3sm.vtp'.
[2024-10-09 17:24:56.151] [warning] Couldn't find file 'cerv4sm.vtp'.
[2024-10-09 17:24:56.151] [warning] Couldn't find file 'cerv5sm.vtp'.
[2024-10-09 17:24:56.151] [warning] Couldn't find file 'cerv6sm.vtp'.
[2024-10-09 17:24:56.152] [warning] Couldn't find file 'cerv7.vtp'.
[2024-10-09 17:24:56.152] [warning] Couldn't find file 'thoracic12_s.vtp'.
[2024-10-09 17:24:56.152] [warning] Couldn't find file 'thoracic11_s.vtp'.
[2024-10-09 17:24:56.152] [warning] Couldn't find file 'thoracic10_s.vtp'.
[2024-10-09 17:24:56.152] [warning] Couldn't find file 'thoracic9_s.vtp'.
[2024-10-09 17:24:56.152] [warning] Couldn't find file 'thoracic8_s.vtp'.
[2024-10-09 17:24:56.153] [warning] Couldn't find file 'thoracic7_s.vtp'.
[2024-10-09 17:24:56.153] [warning] Couldn't find file 'thoracic6_s.vtp'.
[2024-10-09 17:24:56.153] [warning] Couldn't find file 'thoracic5_s.vtp'.
[2024-10-09 17:24:56.153] [warning] Couldn't find file 'thoracic4_s.vtp'.
[2024-10-09 17:24:56.153] [warning] Couldn't find file 'thoracic3_s.vtp'.
[2024-10-09 17:24:56.153] [warning] Couldn't find file 'thoracic2_s.vtp'.
[2024-10-09 17:24:56.153] [warning] Couldn't find file 'thoracic1_s.vtp'.
[2024-10-09 17:24:56.154] [warning] Couldn't find file 'hat_ribs_scap.vtp'.
[2024-10-09 17:24:56.154] [warning] Couldn't find file 'hat_jaw.vtp'.
[2024-10-09 17:24:56.154] [warning] Couldn't find file 'hat_skull.vtp'.
[2024-10-09 17:24:56.154] [warning] Couldn't find file 'humerus_rv.vtp'.
[2024-10-09 17:24:56.154] [warning] Couldn't find file 'ulna_rv.vtp'.
[2024-10-09 17:24:56.154] [warning] Couldn't find file 'radius_rv.vtp'.
[2024-10-09 17:24:56.154] [warning] Couldn't find file 'pisiform_rvs.vtp'.
[2024-10-09 17:24:56.154] [warning] Couldn't find file 'lunate_rvs.vtp'.
[2024-10-09 17:24:56.155] [warning] Couldn't find file 'scaphoid_rvs.vtp'.
[2024-10-09 17:24:56.155] [warning] Couldn't find file 'triquetrum_rvs.vtp'.
[2024-10-09 17:24:56.155] [warning] Couldn't find file 'hamate_rvs.vtp'.
[2024-10-09 17:24:56.155] [warning] Couldn't find file 'capitate_rvs.vtp'.
[2024-10-09 17:24:56.155] [warning] Couldn't find file 'trapezoid_rvs.vtp'.
[2024-10-09 17:24:56.155] [warning] Couldn't find file 'trapezium_rvs.vtp'.
[2024-10-09 17:24:56.155] [warning] Couldn't find file 'metacarpal2_rvs.vtp'.
[2024-10-09 17:24:56.155] [warning] Couldn't find file 'index_proximal_rvs.vtp'.
[2024-10-09 17:24:56.156] [warning] Couldn't find file 'index_medial_rvs.vtp'.
[2024-10-09 17:24:56.156] [warning] Couldn't find file 'index_distal_rvs.vtp'.
[2024-10-09 17:24:56.156] [warning] Couldn't find file 'metacarpal3_rvs.vtp'.
[2024-10-09 17:24:56.156] [warning] Couldn't find file 'middle_proximal_rvs.vtp'.
[2024-10-09 17:24:56.156] [warning] Couldn't find file 'middle_medial_rvs.vtp'.
[2024-10-09 17:24:56.156] [warning] Couldn't find file 'middle_distal_rvs.vtp'.
[2024-10-09 17:24:56.156] [warning] Couldn't find file 'metacarpal4_rvs.vtp'.
[2024-10-09 17:24:56.156] [warning] Couldn't find file 'ring_proximal_rvs.vtp'.
[2024-10-09 17:24:56.157] [warning] Couldn't find file 'ring_medial_rvs.vtp'.
[2024-10-09 17:24:56.157] [warning] Couldn't find file 'ring_distal_rvs.vtp'.
[2024-10-09 17:24:56.157] [warning] Couldn't find file 'metacarpal5_rvs.vtp'.
[2024-10-09 17:24:56.157] [warning] Couldn't find file 'little_proximal_rvs.vtp'.
[2024-10-09 17:24:56.157] [warning] Couldn't find file 'little_medial_rvs.vtp'.
[2024-10-09 17:24:56.157] [warning] Couldn't find file 'little_distal_rvs.vtp'.
[2024-10-09 17:24:56.157] [warning] Couldn't find file 'metacarpal1_rvs.vtp'.
[2024-10-09 17:24:56.158] [warning] Couldn't find file 'thumb_proximal_rvs.vtp'.
[2024-10-09 17:24:56.158] [warning] Couldn't find file 'thumb_distal_rvs.vtp'.
[2024-10-09 17:24:56.158] [warning] Couldn't find file 'humerus_lv.vtp'.
[2024-10-09 17:24:56.158] [warning] Couldn't find file 'ulna_lv.vtp'.
[2024-10-09 17:24:56.158] [warning] Couldn't find file 'radius_lv.vtp'.
[2024-10-09 17:24:56.158] [warning] Couldn't find file 'pisiform_lvs.vtp'.
[2024-10-09 17:24:56.158] [warning] Couldn't find file 'lunate_lvs.vtp'.
[2024-10-09 17:24:56.159] [warning] Couldn't find file 'scaphoid_lvs.vtp'.
[2024-10-09 17:24:56.159] [warning] Couldn't find file 'triquetrum_lvs.vtp'.
[2024-10-09 17:24:56.159] [warning] Couldn't find file 'hamate_lvs.vtp'.
[2024-10-09 17:24:56.159] [warning] Couldn't find file 'capitate_lvs.vtp'.
[2024-10-09 17:24:56.159] [warning] Couldn't find file 'trapezoid_lvs.vtp'.
[2024-10-09 17:24:56.160] [warning] Couldn't find file 'trapezium_lvs.vtp'.
[2024-10-09 17:24:56.160] [warning] Couldn't find file 'metacarpal2_lvs.vtp'.
[2024-10-09 17:24:56.160] [warning] Couldn't find file 'index_proximal_lvs.vtp'.
[2024-10-09 17:24:56.160] [warning] Couldn't find file 'index_medial_lvs.vtp'.
[2024-10-09 17:24:56.160] [warning] Couldn't find file 'index_distal_lvs.vtp'.
[2024-10-09 17:24:56.160] [warning] Couldn't find file 'metacarpal3_lvs.vtp'.
[2024-10-09 17:24:56.160] [warning] Couldn't find file 'middle_proximal_lvs.vtp'.
[2024-10-09 17:24:56.161] [warning] Couldn't find file 'middle_medial_lvs.vtp'.
[2024-10-09 17:24:56.161] [warning] Couldn't find file 'middle_distal_lvs.vtp'.
[2024-10-09 17:24:56.161] [warning] Couldn't find file 'metacarpal4_lvs.vtp'.
[2024-10-09 17:24:56.161] [warning] Couldn't find file 'ring_proximal_lvs.vtp'.
[2024-10-09 17:24:56.161] [warning] Couldn't find file 'ring_medial_lvs.vtp'.
[2024-10-09 17:24:56.161] [warning] Couldn't find file 'ring_distal_lvs.vtp'.
[2024-10-09 17:24:56.161] [warning] Couldn't find file 'metacarpal5_lvs.vtp'.
[2024-10-09 17:24:56.162] [warning] Couldn't find file 'little_proximal_lvs.vtp'.
[2024-10-09 17:24:56.162] [warning] Couldn't find file 'little_medial_lvs.vtp'.
[2024-10-09 17:24:56.162] [warning] Couldn't find file 'little_distal_lvs.vtp'.
[2024-10-09 17:24:56.162] [warning] Couldn't find file 'metacarpal1_lvs.vtp'.
[2024-10-09 17:24:56.162] [warning] Couldn't find file 'thumb_proximal_lvs.vtp'.
[2024-10-09 17:24:56.162] [warning] Couldn't find file 'thumb_distal_lvs.vtp'.
[2024-10-09 17:24:56.164] [cout] [info] 
               MODEL: Pose2Sim_scaled
         coordinates: 62
              forces: 0
           actuators: 0
             muscles: 0
            analyses: 0
              probes: 0
              bodies: 30
              joints: 30
         constraints: 20
             markers: 22
         controllers: 0
  contact geometries: 0
misc modelcomponents: 0
[2024-10-09 17:24:56.165] [info] Running tool .
[2024-10-09 17:24:56.610] [info] Frame 0 (t = 0.0333333):	 total squared error = 0.0164, marker error: RMS = 0.0293796, max = 0.0593384 (LShoulder)
[2024-10-09 17:24:56.659] [info] Frame 1 (t = 0.0666667):	 total squared error = 0.0159163, marker error: RMS = 0.028943, max = 0.0593321 (LShoulder)
[2024-10-09 17:24:56.694] [info] Frame 2 (t = 0.1):	 total squared error = 0.0157833, marker error: RMS = 0.0288219, max = 0.0594167 (LShoulder)
[2024-10-09 17:24:56.719] [info] Frame 3 (t = 0.133333):	 total squared error = 0.0158343, marker error: RMS = 0.0288684, max = 0.0593457 (LShoulder)
[2024-10-09 17:24:56.797] [info] Frame 4 (t = 0.166667):	 total squared error = 0.0158866, marker error: RMS = 0.0289161, max = 0.0591868 (LShoulder)
[2024-10-09 17:24:56.892] [info] Frame 5 (t = 0.2):	 total squared error = 0.0159311, marker error: RMS = 0.0289565, max = 0.0591455 (LShoulder)
[2024-10-09 17:24:56.954] [info] Frame 6 (t = 0.233333):	 total squared error = 0.0159911, marker error: RMS = 0.0290110, max = 0.0590760 (LShoulder)
[2024-10-09 17:24:57.003] [info] Frame 7 (t = 0.266667):	 total squared error = 0.0161099, marker error: RMS = 0.0291186, max = 0.0590877 (LShoulder)
[2024-10-09 17:24:57.089] [info] Frame 8 (t = 0.3):	 total squared error = 0.0162787, marker error: RMS = 0.0292707, max = 0.0590713 (LShoulder)
[2024-10-09 17:24:57.175] [info] Frame 9 (t = 0.333333):	 total squared error = 0.016474, marker error: RMS = 0.0294458, max = 0.0591396 (LShoulder)
[2024-10-09 17:24:57.241] [info] Frame 10 (t = 0.366667):	 total squared error = 0.0166794, marker error: RMS = 0.0296288, max = 0.0593324 (LShoulder)
[2024-10-09 17:24:57.282] [info] Frame 11 (t = 0.4):	 total squared error = 0.0169173, marker error: RMS = 0.0298393, max = 0.0594435 (LShoulder)
[2024-10-09 17:24:57.345] [info] Frame 12 (t = 0.433333):	 total squared error = 0.0171701, marker error: RMS = 0.0300614, max = 0.0595745 (LShoulder)
[2024-10-09 17:24:57.380] [info] Frame 13 (t = 0.466667):	 total squared error = 0.0173861, marker error: RMS = 0.0302499, max = 0.0596704 (LShoulder)
[2024-10-09 17:24:57.466] [info] Frame 14 (t = 0.5):	 total squared error = 0.0175043, marker error: RMS = 0.0303526, max = 0.0598641 (LShoulder)
[2024-10-09 17:24:57.556] [info] Frame 15 (t = 0.533333):	 total squared error = 0.0175591, marker error: RMS = 0.0304000, max = 0.0599894 (LShoulder)
[2024-10-09 17:24:57.595] [info] Frame 16 (t = 0.566667):	 total squared error = 0.0175754, marker error: RMS = 0.0304141, max = 0.0600735 (LShoulder)
[2024-10-09 17:24:57.637] [info] Frame 17 (t = 0.6):	 total squared error = 0.0175851, marker error: RMS = 0.0304226, max = 0.0601809 (LShoulder)
[2024-10-09 17:24:57.682] [info] Frame 18 (t = 0.633333):	 total squared error = 0.017577, marker error: RMS = 0.0304156, max = 0.0602315 (LShoulder)
[2024-10-09 17:24:57.729] [info] Frame 19 (t = 0.666667):	 total squared error = 0.017553, marker error: RMS = 0.0303948, max = 0.0603871 (LShoulder)
[2024-10-09 17:24:57.770] [info] Frame 20 (t = 0.7):	 total squared error = 0.0175212, marker error: RMS = 0.0303672, max = 0.0605321 (LShoulder)
[2024-10-09 17:24:57.807] [info] Frame 21 (t = 0.733333):	 total squared error = 0.0174923, marker error: RMS = 0.0303421, max = 0.0606918 (LShoulder)
[2024-10-09 17:24:57.867] [info] Frame 22 (t = 0.766667):	 total squared error = 0.0173742, marker error: RMS = 0.0302396, max = 0.0606481 (LShoulder)
[2024-10-09 17:24:57.952] [info] Frame 23 (t = 0.8):	 total squared error = 0.0172672, marker error: RMS = 0.0301463, max = 0.0606832 (LShoulder)
[2024-10-09 17:24:57.999] [info] Frame 24 (t = 0.833333):	 total squared error = 0.01713, marker error: RMS = 0.0300263, max = 0.0608440 (LShoulder)
[2024-10-09 17:24:58.085] [info] Frame 25 (t = 0.866667):	 total squared error = 0.0169816, marker error: RMS = 0.029896, max = 0.0609870 (LShoulder)
[2024-10-09 17:24:58.150] [info] Frame 26 (t = 0.9):	 total squared error = 0.0168662, marker error: RMS = 0.0297942, max = 0.0610526 (LShoulder)
[2024-10-09 17:24:58.242] [info] Frame 27 (t = 0.933333):	 total squared error = 0.0167864, marker error: RMS = 0.0297237, max = 0.0611191 (LShoulder)
[2024-10-09 17:24:58.317] [info] Frame 28 (t = 0.966667):	 total squared error = 0.0167883, marker error: RMS = 0.0297254, max = 0.0610944 (LShoulder)
[2024-10-09 17:24:58.401] [info] Frame 29 (t = 1.0):	 total squared error = 0.0168332, marker error: RMS = 0.0297651, max = 0.0610253 (LShoulder)
[2024-10-09 17:24:58.498] [info] Frame 30 (t = 1.03333):	 total squared error = 0.0168673, marker error: RMS = 0.0297952, max = 0.0609853 (LShoulder)
[2024-10-09 17:24:58.541] [info] Frame 31 (t = 1.06667):	 total squared error = 0.0168551, marker error: RMS = 0.0297844, max = 0.0608952 (LShoulder)
[2024-10-09 17:24:58.643] [info] Frame 32 (t = 1.1):	 total squared error = 0.0167594, marker error: RMS = 0.0296997, max = 0.0608680 (LShoulder)
[2024-10-09 17:24:58.696] [info] Frame 33 (t = 1.13333):	 total squared error = 0.0166169, marker error: RMS = 0.0295732, max = 0.0606735 (LShoulder)
[2024-10-09 17:24:58.761] [info] Frame 34 (t = 1.16667):	 total squared error = 0.0164329, marker error: RMS = 0.0294090, max = 0.0603022 (LShoulder)
[2024-10-09 17:24:58.828] [info] Frame 35 (t = 1.2):	 total squared error = 0.0162406, marker error: RMS = 0.0292364, max = 0.0598355 (LShoulder)
[2024-10-09 17:24:58.896] [info] Frame 36 (t = 1.23333):	 total squared error = 0.016118, marker error: RMS = 0.0291259, max = 0.0593499 (LShoulder)
[2024-10-09 17:24:58.981] [info] Frame 37 (t = 1.26667):	 total squared error = 0.0161038, marker error: RMS = 0.029113, max = 0.0589933 (LShoulder)
[2024-10-09 17:24:59.042] [info] Frame 38 (t = 1.3):	 total squared error = 0.0161952, marker error: RMS = 0.0291955, max = 0.0588217 (LShoulder)
[2024-10-09 17:24:59.125] [info] Frame 39 (t = 1.33333):	 total squared error = 0.0163407, marker error: RMS = 0.0293264, max = 0.0588842 (LShoulder)
[2024-10-09 17:24:59.203] [info] Frame 40 (t = 1.36667):	 total squared error = 0.0164871, marker error: RMS = 0.0294575, max = 0.0590397 (LShoulder)
[2024-10-09 17:24:59.258] [info] Frame 41 (t = 1.4):	 total squared error = 0.0166059, marker error: RMS = 0.0295634, max = 0.0592305 (LShoulder)
[2024-10-09 17:24:59.311] [info] Frame 42 (t = 1.43333):	 total squared error = 0.016686, marker error: RMS = 0.0296346, max = 0.0592226 (LShoulder)
[2024-10-09 17:24:59.384] [info] Frame 43 (t = 1.46667):	 total squared error = 0.0166985, marker error: RMS = 0.0296457, max = 0.0591241 (LShoulder)
[2024-10-09 17:24:59.432] [info] Frame 44 (t = 1.5):	 total squared error = 0.0166538, marker error: RMS = 0.0296060, max = 0.0589111 (LShoulder)
[2024-10-09 17:24:59.490] [info] Frame 45 (t = 1.53333):	 total squared error = 0.0165499, marker error: RMS = 0.0295135, max = 0.0587494 (LShoulder)
[2024-10-09 17:24:59.551] [info] Frame 46 (t = 1.56667):	 total squared error = 0.0164517, marker error: RMS = 0.0294258, max = 0.0586206 (LShoulder)
[2024-10-09 17:24:59.635] [info] Frame 47 (t = 1.6):	 total squared error = 0.016428, marker error: RMS = 0.0294046, max = 0.0586791 (LShoulder)
[2024-10-09 17:24:59.683] [info] Frame 48 (t = 1.63333):	 total squared error = 0.0165104, marker error: RMS = 0.0294783, max = 0.0589048 (LShoulder)
[2024-10-09 17:24:59.726] [info] Frame 49 (t = 1.66667):	 total squared error = 0.0166758, marker error: RMS = 0.0296255, max = 0.0592012 (LShoulder)
[2024-10-09 17:24:59.775] [info] Frame 50 (t = 1.7):	 total squared error = 0.0168505, marker error: RMS = 0.0297804, max = 0.0594302 (LShoulder)
[2024-10-09 17:24:59.815] [info] Frame 51 (t = 1.73333):	 total squared error = 0.0169726, marker error: RMS = 0.0298881, max = 0.0595479 (LShoulder)
[2024-10-09 17:24:59.866] [info] Frame 52 (t = 1.76667):	 total squared error = 0.0170005, marker error: RMS = 0.0299126, max = 0.0595849 (LShoulder)
[2024-10-09 17:24:59.934] [info] Frame 53 (t = 1.8):	 total squared error = 0.016925, marker error: RMS = 0.0298461, max = 0.0596059 (LShoulder)
[2024-10-09 17:25:00.020] [info] Frame 54 (t = 1.83333):	 total squared error = 0.0167869, marker error: RMS = 0.0297241, max = 0.0595169 (LShoulder)
[2024-10-09 17:25:00.074] [info] Frame 55 (t = 1.86667):	 total squared error = 0.0166231, marker error: RMS = 0.0295787, max = 0.0594648 (LShoulder)
[2024-10-09 17:25:00.170] [info] Frame 56 (t = 1.9):	 total squared error = 0.0164797, marker error: RMS = 0.0294509, max = 0.0594225 (LShoulder)
[2024-10-09 17:25:00.256] [info] Frame 57 (t = 1.93333):	 total squared error = 0.0163749, marker error: RMS = 0.029357, max = 0.0594248 (LShoulder)
[2024-10-09 17:25:00.328] [info] Frame 58 (t = 1.96667):	 total squared error = 0.0163284, marker error: RMS = 0.0293154, max = 0.0594723 (LShoulder)
[2024-10-09 17:25:00.418] [info] Frame 59 (t = 2.0):	 total squared error = 0.0163323, marker error: RMS = 0.0293189, max = 0.0595752 (LShoulder)
[2024-10-09 17:25:00.460] [info] Frame 60 (t = 2.03333):	 total squared error = 0.0163663, marker error: RMS = 0.0293494, max = 0.0597382 (LShoulder)
[2024-10-09 17:25:00.506] [info] Frame 61 (t = 2.06667):	 total squared error = 0.0164037, marker error: RMS = 0.0293829, max = 0.0599337 (LShoulder)
[2024-10-09 17:25:00.552] [info] Frame 62 (t = 2.1):	 total squared error = 0.0164541, marker error: RMS = 0.0294279, max = 0.0600773 (LShoulder)
[2024-10-09 17:25:00.600] [info] Frame 63 (t = 2.13333):	 total squared error = 0.0165276, marker error: RMS = 0.0294936, max = 0.0602002 (LShoulder)
[2024-10-09 17:25:00.657] [info] Frame 64 (t = 2.16667):	 total squared error = 0.0166396, marker error: RMS = 0.0295934, max = 0.0602960 (LShoulder)
[2024-10-09 17:25:00.753] [info] Frame 65 (t = 2.2):	 total squared error = 0.0167742, marker error: RMS = 0.0297129, max = 0.0603144 (LShoulder)
[2024-10-09 17:25:00.797] [info] Frame 66 (t = 2.23333):	 total squared error = 0.0168842, marker error: RMS = 0.0298101, max = 0.0602654 (LShoulder)
[2024-10-09 17:25:00.850] [info] Frame 67 (t = 2.26667):	 total squared error = 0.0169313, marker error: RMS = 0.0298517, max = 0.0601411 (LShoulder)
[2024-10-09 17:25:00.944] [info] Frame 68 (t = 2.3):	 total squared error = 0.0169030, marker error: RMS = 0.0298267, max = 0.059976 (LShoulder)
[2024-10-09 17:25:01.030] [info] Frame 69 (t = 2.33333):	 total squared error = 0.0168415, marker error: RMS = 0.0297724, max = 0.0598504 (LShoulder)
[2024-10-09 17:25:01.112] [info] Frame 70 (t = 2.36667):	 total squared error = 0.0167976, marker error: RMS = 0.0297336, max = 0.0597638 (LShoulder)
[2024-10-09 17:25:01.188] [info] Frame 71 (t = 2.4):	 total squared error = 0.0168161, marker error: RMS = 0.0297499, max = 0.0597602 (LShoulder)
[2024-10-09 17:25:01.271] [info] Frame 72 (t = 2.43333):	 total squared error = 0.0169003, marker error: RMS = 0.0298243, max = 0.0598316 (LShoulder)
[2024-10-09 17:25:01.361] [info] Frame 73 (t = 2.46667):	 total squared error = 0.0170299, marker error: RMS = 0.0299385, max = 0.0599505 (LShoulder)
[2024-10-09 17:25:01.466] [info] Frame 74 (t = 2.5):	 total squared error = 0.0171771, marker error: RMS = 0.0300676, max = 0.0600463 (LShoulder)
[2024-10-09 17:25:01.552] [info] Frame 75 (t = 2.53333):	 total squared error = 0.0173023, marker error: RMS = 0.0301770, max = 0.0600142 (LShoulder)
[2024-10-09 17:25:01.627] [info] Frame 76 (t = 2.56667):	 total squared error = 0.0173644, marker error: RMS = 0.0302311, max = 0.0600120 (LShoulder)
[2024-10-09 17:25:01.702] [info] Frame 77 (t = 2.6):	 total squared error = 0.0173619, marker error: RMS = 0.0302288, max = 0.0599645 (LShoulder)
[2024-10-09 17:25:01.754] [info] Frame 78 (t = 2.63333):	 total squared error = 0.0173245, marker error: RMS = 0.0301963, max = 0.0599096 (LShoulder)
[2024-10-09 17:25:01.808] [info] Frame 79 (t = 2.66667):	 total squared error = 0.0172921, marker error: RMS = 0.0301680, max = 0.0599025 (LShoulder)
[2024-10-09 17:25:01.849] [info] Frame 80 (t = 2.7):	 total squared error = 0.0172683, marker error: RMS = 0.0301473, max = 0.0600144 (LShoulder)
[2024-10-09 17:25:01.900] [info] Frame 81 (t = 2.73333):	 total squared error = 0.0172351, marker error: RMS = 0.0301183, max = 0.0602587 (LShoulder)
[2024-10-09 17:25:01.974] [info] Frame 82 (t = 2.76667):	 total squared error = 0.0171681, marker error: RMS = 0.0300597, max = 0.0603221 (LShoulder)
[2024-10-09 17:25:02.061] [info] Frame 83 (t = 2.8):	 total squared error = 0.0170451, marker error: RMS = 0.0299518, max = 0.0601511 (LShoulder)
[2024-10-09 17:25:02.110] [info] Frame 84 (t = 2.83333):	 total squared error = 0.0169017, marker error: RMS = 0.0298256, max = 0.0597623 (LShoulder)
[2024-10-09 17:25:02.146] [info] Frame 85 (t = 2.86667):	 total squared error = 0.0167834, marker error: RMS = 0.029721, max = 0.0592528 (LShoulder)
[2024-10-09 17:25:02.224] [info] Frame 86 (t = 2.9):	 total squared error = 0.0167028, marker error: RMS = 0.0296495, max = 0.0587832 (LShoulder)
[2024-10-09 17:25:02.275] [info] Frame 87 (t = 2.93333):	 total squared error = 0.0166981, marker error: RMS = 0.0296454, max = 0.0584378 (LShoulder)
[2024-10-09 17:25:02.317] [info] Frame 88 (t = 2.96667):	 total squared error = 0.0167694, marker error: RMS = 0.0297086, max = 0.0582793 (LShoulder)
[2024-10-09 17:25:02.363] [info] Frame 89 (t = 3.0):	 total squared error = 0.0168714, marker error: RMS = 0.0297988, max = 0.0582731 (LShoulder)
[2024-10-09 17:25:02.434] [info] Frame 90 (t = 3.03333):	 total squared error = 0.0169492, marker error: RMS = 0.0298675, max = 0.0584404 (LShoulder)
[2024-10-09 17:25:02.488] [info] Frame 91 (t = 3.06667):	 total squared error = 0.0169816, marker error: RMS = 0.029896, max = 0.0587914 (LShoulder)
[2024-10-09 17:25:02.581] [info] Frame 92 (t = 3.1):	 total squared error = 0.0169948, marker error: RMS = 0.0299076, max = 0.0590461 (LShoulder)
[2024-10-09 17:25:02.671] [info] Frame 93 (t = 3.13333):	 total squared error = 0.0170237, marker error: RMS = 0.029933, max = 0.0593418 (LShoulder)
[2024-10-09 17:25:02.749] [info] Frame 94 (t = 3.16667):	 total squared error = 0.0170842, marker error: RMS = 0.0299862, max = 0.0594979 (LShoulder)
[2024-10-09 17:25:02.828] [info] Frame 95 (t = 3.2):	 total squared error = 0.0171656, marker error: RMS = 0.0300574, max = 0.0595443 (LShoulder)
[2024-10-09 17:25:02.881] [info] Frame 96 (t = 3.23333):	 total squared error = 0.0172457, marker error: RMS = 0.0301276, max = 0.0594441 (LShoulder)
[2024-10-09 17:25:02.932] [info] Frame 97 (t = 3.26667):	 total squared error = 0.0172794, marker error: RMS = 0.0301569, max = 0.0592601 (LShoulder)
[2024-10-09 17:25:03.017] [info] Frame 98 (t = 3.3):	 total squared error = 0.0172762, marker error: RMS = 0.0301542, max = 0.0589456 (LShoulder)
[2024-10-09 17:25:03.106] [info] Frame 99 (t = 3.33333):	 total squared error = 0.0172449, marker error: RMS = 0.0301268, max = 0.0587302 (LShoulder)
[2024-10-09 17:25:03.149] [info] Frame 100 (t = 3.36667):	 total squared error = 0.0171923, marker error: RMS = 0.0300808, max = 0.0586501 (LShoulder)
[2024-10-09 17:25:03.197] [info] Frame 101 (t = 3.4):	 total squared error = 0.0171042, marker error: RMS = 0.0300037, max = 0.0586465 (LShoulder)
[2024-10-09 17:25:03.269] [info] Frame 102 (t = 3.43333):	 total squared error = 0.0169632, marker error: RMS = 0.0298797, max = 0.0585661 (LShoulder)
[2024-10-09 17:25:03.340] [info] Frame 103 (t = 3.46667):	 total squared error = 0.0167854, marker error: RMS = 0.0297227, max = 0.0584855 (LShoulder)
[2024-10-09 17:25:03.446] [info] Frame 104 (t = 3.5):	 total squared error = 0.0166085, marker error: RMS = 0.0295657, max = 0.0583808 (LShoulder)
[2024-10-09 17:25:03.524] [info] Frame 105 (t = 3.53333):	 total squared error = 0.0164941, marker error: RMS = 0.0294637, max = 0.0582116 (LShoulder)
[2024-10-09 17:25:03.585] [info] Frame 106 (t = 3.56667):	 total squared error = 0.0164726, marker error: RMS = 0.0294445, max = 0.0581835 (LShoulder)
[2024-10-09 17:25:03.671] [info] Frame 107 (t = 3.6):	 total squared error = 0.0165742, marker error: RMS = 0.0295352, max = 0.0583605 (LShoulder)
[2024-10-09 17:25:03.749] [info] Frame 108 (t = 3.63333):	 total squared error = 0.0168091, marker error: RMS = 0.0297437, max = 0.0588129 (LShoulder)
[2024-10-09 17:25:03.827] [info] Frame 109 (t = 3.66667):	 total squared error = 0.0171667, marker error: RMS = 0.0300585, max = 0.059478 (LShoulder)
[2024-10-09 17:25:03.901] [info] Frame 110 (t = 3.7):	 total squared error = 0.0175761, marker error: RMS = 0.0304148, max = 0.0601150 (LShoulder)
[2024-10-09 17:25:03.942] [info] Frame 111 (t = 3.73333):	 total squared error = 0.0179526, marker error: RMS = 0.0307388, max = 0.0604723 (LShoulder)
[2024-10-09 17:25:04.028] [info] Frame 112 (t = 3.76667):	 total squared error = 0.0182249, marker error: RMS = 0.0309711, max = 0.0605899 (LShoulder)
[2024-10-09 17:25:04.080] [info] Frame 113 (t = 3.8):	 total squared error = 0.0183798, marker error: RMS = 0.0311024, max = 0.0604050 (LShoulder)
[2024-10-09 17:25:04.155] [info] Frame 114 (t = 3.83333):	 total squared error = 0.0184224, marker error: RMS = 0.0311384, max = 0.0601247 (LShoulder)
[2024-10-09 17:25:04.217] [info] Frame 115 (t = 3.86667):	 total squared error = 0.018348, marker error: RMS = 0.0310755, max = 0.0597975 (LShoulder)
[2024-10-09 17:25:04.303] [info] Frame 116 (t = 3.9):	 total squared error = 0.018154, marker error: RMS = 0.0309108, max = 0.0595707 (LShoulder)
[2024-10-09 17:25:04.397] [info] Frame 117 (t = 3.93333):	 total squared error = 0.0178755, marker error: RMS = 0.0306727, max = 0.0594215 (LShoulder)
[2024-10-09 17:25:04.438] [info] Frame 118 (t = 3.96667):	 total squared error = 0.017548, marker error: RMS = 0.0303905, max = 0.0593511 (LShoulder)
[2024-10-09 17:25:04.510] [info] Frame 119 (t = 4.0):	 total squared error = 0.0172387, marker error: RMS = 0.0301214, max = 0.0593116 (LShoulder)
[2024-10-09 17:25:04.582] [info] Frame 120 (t = 4.03333):	 total squared error = 0.0170568, marker error: RMS = 0.0299621, max = 0.0593834 (LShoulder)
[2024-10-09 17:25:04.680] [info] Frame 121 (t = 4.06667):	 total squared error = 0.0170631, marker error: RMS = 0.0299676, max = 0.0594457 (LShoulder)
[2024-10-09 17:25:04.747] [info] Frame 122 (t = 4.1):	 total squared error = 0.0171902, marker error: RMS = 0.0300791, max = 0.0596286 (LShoulder)
[2024-10-09 17:25:04.798] [info] Frame 123 (t = 4.13333):	 total squared error = 0.0173387, marker error: RMS = 0.0302086, max = 0.0598486 (LShoulder)
[2024-10-09 17:25:04.874] [info] Frame 124 (t = 4.16667):	 total squared error = 0.0174177, marker error: RMS = 0.0302774, max = 0.0600678 (LShoulder)
[2024-10-09 17:25:04.917] [info] Frame 125 (t = 4.2):	 total squared error = 0.0173895, marker error: RMS = 0.0302528, max = 0.0601328 (LShoulder)
[2024-10-09 17:25:04.968] [info] Frame 126 (t = 4.23333):	 total squared error = 0.0172529, marker error: RMS = 0.0301339, max = 0.0600483 (LShoulder)
[2024-10-09 17:25:05.046] [info] Frame 127 (t = 4.26667):	 total squared error = 0.0170896, marker error: RMS = 0.0299909, max = 0.0597891 (LShoulder)
[2024-10-09 17:25:05.122] [info] Frame 128 (t = 4.3):	 total squared error = 0.0169712, marker error: RMS = 0.0298868, max = 0.059454 (LShoulder)
[2024-10-09 17:25:05.170] [info] Frame 129 (t = 4.33333):	 total squared error = 0.016918, marker error: RMS = 0.0298399, max = 0.0591349 (LShoulder)
[2024-10-09 17:25:05.218] [info] Frame 130 (t = 4.36667):	 total squared error = 0.0169292, marker error: RMS = 0.0298498, max = 0.0589387 (LShoulder)
[2024-10-09 17:25:05.262] [info] Frame 131 (t = 4.4):	 total squared error = 0.0170211, marker error: RMS = 0.0299307, max = 0.0588579 (LShoulder)
[2024-10-09 17:25:05.312] [info] Frame 132 (t = 4.43333):	 total squared error = 0.0171628, marker error: RMS = 0.0300551, max = 0.0589183 (LShoulder)
[2024-10-09 17:25:05.355] [info] Frame 133 (t = 4.46667):	 total squared error = 0.0173121, marker error: RMS = 0.0301854, max = 0.0591134 (LShoulder)
[2024-10-09 17:25:05.411] [info] Frame 134 (t = 4.5):	 total squared error = 0.0174548, marker error: RMS = 0.0303096, max = 0.0593952 (LShoulder)
[2024-10-09 17:25:05.458] [info] Frame 135 (t = 4.53333):	 total squared error = 0.0175809, marker error: RMS = 0.0304189, max = 0.0597679 (LShoulder)
[2024-10-09 17:25:05.501] [info] Frame 136 (t = 4.56667):	 total squared error = 0.0176998, marker error: RMS = 0.0305216, max = 0.0600800 (LShoulder)
[2024-10-09 17:25:05.553] [info] Frame 137 (t = 4.6):	 total squared error = 0.0178293, marker error: RMS = 0.0306331, max = 0.0603222 (LShoulder)
[2024-10-09 17:25:05.604] [info] Frame 138 (t = 4.63333):	 total squared error = 0.0179585, marker error: RMS = 0.0307438, max = 0.0605065 (LShoulder)
[2024-10-09 17:25:05.654] [info] Frame 139 (t = 4.66667):	 total squared error = 0.0180606, marker error: RMS = 0.0308311, max = 0.0605592 (LShoulder)
[2024-10-09 17:25:05.722] [info] Frame 140 (t = 4.7):	 total squared error = 0.0181049, marker error: RMS = 0.0308689, max = 0.0604532 (LShoulder)
[2024-10-09 17:25:05.777] [info] Frame 141 (t = 4.73333):	 total squared error = 0.0180544, marker error: RMS = 0.0308258, max = 0.0602351 (LShoulder)
[2024-10-09 17:25:05.828] [info] Frame 142 (t = 4.76667):	 total squared error = 0.0178863, marker error: RMS = 0.0306820, max = 0.0600523 (LShoulder)
[2024-10-09 17:25:05.904] [info] Frame 143 (t = 4.8):	 total squared error = 0.0176184, marker error: RMS = 0.0304514, max = 0.0598839 (LShoulder)
[2024-10-09 17:25:05.953] [info] Frame 144 (t = 4.83333):	 total squared error = 0.0173151, marker error: RMS = 0.0301881, max = 0.0599086 (LShoulder)
[2024-10-09 17:25:05.997] [info] Frame 145 (t = 4.86667):	 total squared error = 0.0170305, marker error: RMS = 0.0299389, max = 0.0600095 (LShoulder)
[2024-10-09 17:25:06.098] [info] Frame 146 (t = 4.9):	 total squared error = 0.0168165, marker error: RMS = 0.0297503, max = 0.0601624 (LShoulder)
[2024-10-09 17:25:06.145] [info] Frame 147 (t = 4.93333):	 total squared error = 0.0167024, marker error: RMS = 0.0296492, max = 0.0602524 (LShoulder)
[2024-10-09 17:25:06.207] [info] Frame 148 (t = 4.96667):	 total squared error = 0.0167016, marker error: RMS = 0.0296485, max = 0.0603164 (LShoulder)
[2024-10-09 17:25:06.262] [info] Frame 149 (t = 5.0):	 total squared error = 0.0167576, marker error: RMS = 0.0296981, max = 0.0603766 (LShoulder)
[2024-10-09 17:25:06.300] [info] Frame 150 (t = 5.03333):	 total squared error = 0.0168287, marker error: RMS = 0.029761, max = 0.0603417 (LShoulder)
[2024-10-09 17:25:06.378] [info] Frame 151 (t = 5.06667):	 total squared error = 0.0168571, marker error: RMS = 0.0297861, max = 0.0604528 (LShoulder)
[2024-10-09 17:25:06.450] [info] Frame 152 (t = 5.1):	 total squared error = 0.0168677, marker error: RMS = 0.0297956, max = 0.0604775 (LShoulder)
[2024-10-09 17:25:06.532] [info] Frame 153 (t = 5.13333):	 total squared error = 0.0168606, marker error: RMS = 0.0297893, max = 0.0604509 (LShoulder)
[2024-10-09 17:25:06.601] [info] Frame 154 (t = 5.16667):	 total squared error = 0.0168406, marker error: RMS = 0.0297716, max = 0.0604238 (LShoulder)
[2024-10-09 17:25:06.635] [info] Frame 155 (t = 5.2):	 total squared error = 0.0168232, marker error: RMS = 0.0297562, max = 0.0604656 (LShoulder)
[2024-10-09 17:25:06.681] [info] Frame 156 (t = 5.23333):	 total squared error = 0.0167982, marker error: RMS = 0.0297341, max = 0.0603782 (LShoulder)
[2024-10-09 17:25:06.737] [info] Frame 157 (t = 5.26667):	 total squared error = 0.016827, marker error: RMS = 0.0297596, max = 0.0604163 (LShoulder)
[2024-10-09 17:25:06.774] [info] Frame 158 (t = 5.3):	 total squared error = 0.0169070, marker error: RMS = 0.0298302, max = 0.0605416 (LShoulder)
[2024-10-09 17:25:06.817] [info] Frame 159 (t = 5.33333):	 total squared error = 0.0169918, marker error: RMS = 0.0299050, max = 0.0607488 (LShoulder)
[2024-10-09 17:25:06.865] [info] Frame 160 (t = 5.36667):	 total squared error = 0.0170732, marker error: RMS = 0.0299765, max = 0.0609661 (LShoulder)
[2024-10-09 17:25:06.915] [info] Frame 161 (t = 5.4):	 total squared error = 0.0171565, marker error: RMS = 0.0300495, max = 0.0611071 (LShoulder)
[2024-10-09 17:25:06.961] [info] Frame 162 (t = 5.43333):	 total squared error = 0.0172519, marker error: RMS = 0.0301330, max = 0.0611528 (LShoulder)
[2024-10-09 17:25:07.011] [info] Frame 163 (t = 5.46667):	 total squared error = 0.0173605, marker error: RMS = 0.0302277, max = 0.0611791 (LShoulder)
[2024-10-09 17:25:07.085] [info] Frame 164 (t = 5.5):	 total squared error = 0.0174927, marker error: RMS = 0.0303425, max = 0.0611095 (LShoulder)
[2024-10-09 17:25:07.145] [info] Frame 165 (t = 5.53333):	 total squared error = 0.0176221, marker error: RMS = 0.0304545, max = 0.0610687 (LShoulder)
[2024-10-09 17:25:07.192] [info] Frame 166 (t = 5.56667):	 total squared error = 0.0176944, marker error: RMS = 0.0305169, max = 0.0610066 (LShoulder)
[2024-10-09 17:25:07.241] [info] Frame 167 (t = 5.6):	 total squared error = 0.0176883, marker error: RMS = 0.0305117, max = 0.0609719 (LShoulder)
[2024-10-09 17:25:07.322] [info] Frame 168 (t = 5.63333):	 total squared error = 0.0176316, marker error: RMS = 0.0304627, max = 0.0610062 (LShoulder)
[2024-10-09 17:25:07.405] [info] Frame 169 (t = 5.66667):	 total squared error = 0.0175589, marker error: RMS = 0.0303999, max = 0.0611414 (LShoulder)
[2024-10-09 17:25:07.450] [info] Frame 170 (t = 5.7):	 total squared error = 0.0174746, marker error: RMS = 0.0303268, max = 0.0611602 (LShoulder)
[2024-10-09 17:25:07.489] [info] Frame 171 (t = 5.73333):	 total squared error = 0.0173895, marker error: RMS = 0.0302529, max = 0.0609839 (LShoulder)
[2024-10-09 17:25:07.534] [info] Frame 172 (t = 5.76667):	 total squared error = 0.0172861, marker error: RMS = 0.0301628, max = 0.0605638 (LShoulder)
[2024-10-09 17:25:07.587] [info] Frame 173 (t = 5.8):	 total squared error = 0.0171172, marker error: RMS = 0.0300151, max = 0.0600210 (LShoulder)
[2024-10-09 17:25:07.648] [info] Frame 174 (t = 5.83333):	 total squared error = 0.0168744, marker error: RMS = 0.0298014, max = 0.0594891 (LShoulder)
[2024-10-09 17:25:07.696] [info] Frame 175 (t = 5.86667):	 total squared error = 0.016629, marker error: RMS = 0.0295839, max = 0.0590400 (LShoulder)
[2024-10-09 17:25:07.747] [info] Frame 176 (t = 5.9):	 total squared error = 0.0164358, marker error: RMS = 0.0294116, max = 0.0587484 (LShoulder)
[2024-10-09 17:25:07.800] [info] Frame 177 (t = 5.93333):	 total squared error = 0.0163454, marker error: RMS = 0.0293306, max = 0.0585242 (LShoulder)
[2024-10-09 17:25:07.863] [info] Frame 178 (t = 5.96667):	 total squared error = 0.016355, marker error: RMS = 0.0293392, max = 0.0583736 (LShoulder)
[2024-10-09 17:25:07.911] [info] Frame 179 (t = 6.0):	 total squared error = 0.0164589, marker error: RMS = 0.0294323, max = 0.0581958 (LShoulder)
[2024-10-09 17:25:08.000] [info] Frame 180 (t = 6.03333):	 total squared error = 0.0166207, marker error: RMS = 0.0295766, max = 0.0579526 (LShoulder)
[2024-10-09 17:25:08.071] [info] Frame 181 (t = 6.06667):	 total squared error = 0.0167917, marker error: RMS = 0.0297283, max = 0.0578431 (LShoulder)
[2024-10-09 17:25:08.106] [info] Frame 182 (t = 6.1):	 total squared error = 0.0169915, marker error: RMS = 0.0299047, max = 0.0578624 (LShoulder)
[2024-10-09 17:25:08.180] [info] Frame 183 (t = 6.13333):	 total squared error = 0.0171498, marker error: RMS = 0.0300437, max = 0.0578929 (LShoulder)
[2024-10-09 17:25:08.228] [info] Frame 184 (t = 6.16667):	 total squared error = 0.0173349, marker error: RMS = 0.0302053, max = 0.0581448 (LShoulder)
[2024-10-09 17:25:08.274] [info] Frame 185 (t = 6.2):	 total squared error = 0.0174777, marker error: RMS = 0.0303295, max = 0.058362 (LShoulder)
[2024-10-09 17:25:08.327] [info] Frame 186 (t = 6.23333):	 total squared error = 0.0175515, marker error: RMS = 0.0303934, max = 0.0585078 (LShoulder)
[2024-10-09 17:25:08.365] [info] Frame 187 (t = 6.26667):	 total squared error = 0.0175625, marker error: RMS = 0.0304030, max = 0.0585473 (LShoulder)
[2024-10-09 17:25:08.413] [info] Frame 188 (t = 6.3):	 total squared error = 0.0175277, marker error: RMS = 0.0303729, max = 0.0584626 (LShoulder)
[2024-10-09 17:25:08.498] [info] Frame 189 (t = 6.33333):	 total squared error = 0.0174683, marker error: RMS = 0.0303213, max = 0.0584221 (LShoulder)
[2024-10-09 17:25:08.563] [info] Frame 190 (t = 6.36667):	 total squared error = 0.0173907, marker error: RMS = 0.0302539, max = 0.0585211 (LShoulder)
[2024-10-09 17:25:08.606] [info] Frame 191 (t = 6.4):	 total squared error = 0.0173048, marker error: RMS = 0.0301791, max = 0.0586717 (LShoulder)
[2024-10-09 17:25:08.644] [info] Frame 192 (t = 6.43333):	 total squared error = 0.0171948, marker error: RMS = 0.0300830, max = 0.0588049 (LShoulder)
[2024-10-09 17:25:08.680] [info] Frame 193 (t = 6.46667):	 total squared error = 0.0170513, marker error: RMS = 0.0299573, max = 0.0588517 (LShoulder)
[2024-10-09 17:25:08.730] [info] Frame 194 (t = 6.5):	 total squared error = 0.0168647, marker error: RMS = 0.0297929, max = 0.0587911 (LShoulder)
[2024-10-09 17:25:08.769] [info] Frame 195 (t = 6.53333):	 total squared error = 0.016645, marker error: RMS = 0.0295982, max = 0.0586163 (LShoulder)
[2024-10-09 17:25:08.847] [info] Frame 196 (t = 6.56667):	 total squared error = 0.0164142, marker error: RMS = 0.0293923, max = 0.058445 (LShoulder)
[2024-10-09 17:25:08.898] [info] Frame 197 (t = 6.6):	 total squared error = 0.016231, marker error: RMS = 0.0292278, max = 0.0581816 (LShoulder)
[2024-10-09 17:25:08.987] [info] Frame 198 (t = 6.63333):	 total squared error = 0.0161134, marker error: RMS = 0.0291217, max = 0.0579554 (LShoulder)
[2024-10-09 17:25:09.068] [info] Frame 199 (t = 6.66667):	 total squared error = 0.0160554, marker error: RMS = 0.0290692, max = 0.0577898 (LShoulder)
[2024-10-09 17:25:09.117] [info] Frame 200 (t = 6.7):	 total squared error = 0.0160391, marker error: RMS = 0.0290545, max = 0.0577008 (LShoulder)
[2024-10-09 17:25:09.181] [info] Frame 201 (t = 6.73333):	 total squared error = 0.0160548, marker error: RMS = 0.0290687, max = 0.0576284 (LShoulder)
[2024-10-09 17:25:09.272] [info] Frame 202 (t = 6.76667):	 total squared error = 0.0161062, marker error: RMS = 0.0291152, max = 0.0575861 (LShoulder)
[2024-10-09 17:25:09.327] [info] Frame 203 (t = 6.8):	 total squared error = 0.0161592, marker error: RMS = 0.0291631, max = 0.057629 (LShoulder)
[2024-10-09 17:25:09.388] [info] Frame 204 (t = 6.83333):	 total squared error = 0.0162194, marker error: RMS = 0.0292173, max = 0.0577489 (LShoulder)
[2024-10-09 17:25:09.467] [info] Frame 205 (t = 6.86667):	 total squared error = 0.0162623, marker error: RMS = 0.029256, max = 0.0578426 (LShoulder)
[2024-10-09 17:25:09.553] [info] Frame 206 (t = 6.9):	 total squared error = 0.0163392, marker error: RMS = 0.029325, max = 0.0580428 (LShoulder)
[2024-10-09 17:25:09.618] [info] Frame 207 (t = 6.93333):	 total squared error = 0.016453, marker error: RMS = 0.029427, max = 0.0583519 (LShoulder)
[2024-10-09 17:25:09.700] [info] Frame 208 (t = 6.96667):	 total squared error = 0.0165937, marker error: RMS = 0.0295525, max = 0.0586715 (LShoulder)
[2024-10-09 17:25:09.745] [info] Frame 209 (t = 7.0):	 total squared error = 0.0167619, marker error: RMS = 0.0297019, max = 0.0590422 (LShoulder)
[2024-10-09 17:25:09.801] [info] Frame 210 (t = 7.03333):	 total squared error = 0.0169438, marker error: RMS = 0.0298627, max = 0.0594022 (LShoulder)
[2024-10-09 17:25:09.886] [info] Frame 211 (t = 7.06667):	 total squared error = 0.0170968, marker error: RMS = 0.0299972, max = 0.0595903 (LShoulder)
[2024-10-09 17:25:09.932] [info] Frame 212 (t = 7.1):	 total squared error = 0.0171838, marker error: RMS = 0.0300734, max = 0.0597823 (LShoulder)
[2024-10-09 17:25:09.991] [info] Frame 213 (t = 7.13333):	 total squared error = 0.0172027, marker error: RMS = 0.0300899, max = 0.0598587 (LShoulder)
[2024-10-09 17:25:10.047] [info] Frame 214 (t = 7.16667):	 total squared error = 0.0171725, marker error: RMS = 0.0300636, max = 0.0598070 (LShoulder)
[2024-10-09 17:25:10.090] [info] Frame 215 (t = 7.2):	 total squared error = 0.0171481, marker error: RMS = 0.0300422, max = 0.059562 (LShoulder)
[2024-10-09 17:25:10.168] [info] Frame 216 (t = 7.23333):	 total squared error = 0.0171434, marker error: RMS = 0.0300380, max = 0.0592401 (LShoulder)
[2024-10-09 17:25:10.218] [info] Frame 217 (t = 7.26667):	 total squared error = 0.0171487, marker error: RMS = 0.0300427, max = 0.0590275 (LShoulder)
[2024-10-09 17:25:10.285] [info] Frame 218 (t = 7.3):	 total squared error = 0.0171599, marker error: RMS = 0.0300525, max = 0.0589155 (LShoulder)
[2024-10-09 17:25:10.339] [info] Frame 219 (t = 7.33333):	 total squared error = 0.0171768, marker error: RMS = 0.0300673, max = 0.0589649 (LShoulder)
[2024-10-09 17:25:10.392] [info] Frame 220 (t = 7.36667):	 total squared error = 0.0171904, marker error: RMS = 0.0300792, max = 0.0591026 (LShoulder)
[2024-10-09 17:25:10.454] [info] Frame 221 (t = 7.4):	 total squared error = 0.0171817, marker error: RMS = 0.0300716, max = 0.0592775 (LShoulder)
[2024-10-09 17:25:10.497] [info] Frame 222 (t = 7.43333):	 total squared error = 0.0171617, marker error: RMS = 0.0300541, max = 0.0593937 (LShoulder)
[2024-10-09 17:25:10.550] [info] Frame 223 (t = 7.46667):	 total squared error = 0.0171393, marker error: RMS = 0.0300345, max = 0.0595313 (LShoulder)
[2024-10-09 17:25:10.604] [info] Frame 224 (t = 7.5):	 total squared error = 0.0171416, marker error: RMS = 0.0300364, max = 0.0595777 (LShoulder)
[2024-10-09 17:25:10.684] [info] Frame 225 (t = 7.53333):	 total squared error = 0.0171986, marker error: RMS = 0.0300864, max = 0.0595303 (LShoulder)
[2024-10-09 17:25:10.763] [info] Frame 226 (t = 7.56667):	 total squared error = 0.0173082, marker error: RMS = 0.0301821, max = 0.059433 (LShoulder)
[2024-10-09 17:25:10.840] [info] Frame 227 (t = 7.6):	 total squared error = 0.0174275, marker error: RMS = 0.0302859, max = 0.0593989 (LShoulder)
[2024-10-09 17:25:10.926] [info] Frame 228 (t = 7.63333):	 total squared error = 0.0175094, marker error: RMS = 0.0303570, max = 0.0594104 (LShoulder)
[2024-10-09 17:25:11.015] [info] Frame 229 (t = 7.66667):	 total squared error = 0.0175494, marker error: RMS = 0.0303917, max = 0.0595352 (LShoulder)
[2024-10-09 17:25:11.101] [info] Frame 230 (t = 7.7):	 total squared error = 0.0175668, marker error: RMS = 0.0304067, max = 0.0597579 (LShoulder)
[2024-10-09 17:25:11.157] [info] Frame 231 (t = 7.73333):	 total squared error = 0.0175837, marker error: RMS = 0.0304213, max = 0.0599951 (LShoulder)
[2024-10-09 17:25:11.197] [info] Frame 232 (t = 7.76667):	 total squared error = 0.0175967, marker error: RMS = 0.0304325, max = 0.0601008 (LShoulder)
[2024-10-09 17:25:11.256] [info] Frame 233 (t = 7.8):	 total squared error = 0.0175845, marker error: RMS = 0.0304221, max = 0.0602278 (LShoulder)
[2024-10-09 17:25:11.296] [info] Frame 234 (t = 7.83333):	 total squared error = 0.0175378, marker error: RMS = 0.0303816, max = 0.0603142 (LShoulder)
[2024-10-09 17:25:11.397] [info] Frame 235 (t = 7.86667):	 total squared error = 0.0174632, marker error: RMS = 0.0303169, max = 0.0603243 (LShoulder)
[2024-10-09 17:25:11.455] [info] Frame 236 (t = 7.9):	 total squared error = 0.0173767, marker error: RMS = 0.0302418, max = 0.0604572 (LShoulder)
[2024-10-09 17:25:11.516] [info] Frame 237 (t = 7.93333):	 total squared error = 0.017313, marker error: RMS = 0.0301863, max = 0.0605076 (LShoulder)
[2024-10-09 17:25:11.608] [info] Frame 238 (t = 7.96667):	 total squared error = 0.0172803, marker error: RMS = 0.0301577, max = 0.0604801 (LShoulder)
[2024-10-09 17:25:11.694] [info] Frame 239 (t = 8.0):	 total squared error = 0.0172749, marker error: RMS = 0.0301530, max = 0.0603416 (LShoulder)
[2024-10-09 17:25:11.780] [info] Frame 240 (t = 8.03333):	 total squared error = 0.0172705, marker error: RMS = 0.0301492, max = 0.0601105 (LShoulder)
[2024-10-09 17:25:11.862] [info] Frame 241 (t = 8.06667):	 total squared error = 0.0172359, marker error: RMS = 0.0301190, max = 0.0598266 (LShoulder)
[2024-10-09 17:25:11.900] [info] Frame 242 (t = 8.1):	 total squared error = 0.0171701, marker error: RMS = 0.0300614, max = 0.059594 (LShoulder)
[2024-10-09 17:25:11.947] [info] Frame 243 (t = 8.13333):	 total squared error = 0.0170917, marker error: RMS = 0.0299927, max = 0.0595636 (LShoulder)
[2024-10-09 17:25:11.990] [info] Frame 244 (t = 8.16667):	 total squared error = 0.0170566, marker error: RMS = 0.0299619, max = 0.059667 (LShoulder)
[2024-10-09 17:25:12.048] [info] Frame 245 (t = 8.2):	 total squared error = 0.0170953, marker error: RMS = 0.0299959, max = 0.0598839 (LShoulder)
[2024-10-09 17:25:12.107] [info] Frame 246 (t = 8.23333):	 total squared error = 0.0172301, marker error: RMS = 0.0301139, max = 0.0600812 (LShoulder)
[2024-10-09 17:25:12.181] [info] Frame 247 (t = 8.26667):	 total squared error = 0.0174115, marker error: RMS = 0.0302720, max = 0.0602301 (LShoulder)
[2024-10-09 17:25:12.234] [info] Frame 248 (t = 8.3):	 total squared error = 0.0176275, marker error: RMS = 0.0304592, max = 0.0603586 (LShoulder)
[2024-10-09 17:25:12.272] [info] Frame 249 (t = 8.33333):	 total squared error = 0.0177792, marker error: RMS = 0.0305900, max = 0.0604026 (LShoulder)
[2024-10-09 17:25:12.341] [info] Frame 250 (t = 8.36667):	 total squared error = 0.0178173, marker error: RMS = 0.0306228, max = 0.0603707 (LShoulder)
[2024-10-09 17:25:12.394] [info] Frame 251 (t = 8.4):	 total squared error = 0.0177384, marker error: RMS = 0.0305549, max = 0.0601933 (LShoulder)
[2024-10-09 17:25:12.468] [info] Frame 252 (t = 8.43333):	 total squared error = 0.0175446, marker error: RMS = 0.0303875, max = 0.0599862 (LShoulder)
[2024-10-09 17:25:12.518] [info] Frame 253 (t = 8.46667):	 total squared error = 0.0173144, marker error: RMS = 0.0301875, max = 0.0598471 (LShoulder)
[2024-10-09 17:25:12.571] [info] Frame 254 (t = 8.5):	 total squared error = 0.0171336, marker error: RMS = 0.0300295, max = 0.0598053 (LShoulder)
[2024-10-09 17:25:12.659] [info] Frame 255 (t = 8.53333):	 total squared error = 0.0170599, marker error: RMS = 0.0299648, max = 0.0598767 (LShoulder)
[2024-10-09 17:25:12.737] [info] Frame 256 (t = 8.56667):	 total squared error = 0.0170649, marker error: RMS = 0.0299692, max = 0.0598958 (LShoulder)
[2024-10-09 17:25:12.823] [info] Frame 257 (t = 8.6):	 total squared error = 0.0171052, marker error: RMS = 0.0300045, max = 0.0599416 (LShoulder)
[2024-10-09 17:25:12.871] [info] Frame 258 (t = 8.63333):	 total squared error = 0.0171658, marker error: RMS = 0.0300577, max = 0.0599512 (LShoulder)
[2024-10-09 17:25:12.917] [info] Frame 259 (t = 8.66667):	 total squared error = 0.0172468, marker error: RMS = 0.0301285, max = 0.0599776 (LShoulder)
[2024-10-09 17:25:12.965] [info] Frame 260 (t = 8.7):	 total squared error = 0.0173298, marker error: RMS = 0.0302009, max = 0.0599963 (LShoulder)
[2024-10-09 17:25:13.014] [info] Frame 261 (t = 8.73333):	 total squared error = 0.0174283, marker error: RMS = 0.0302866, max = 0.059998 (LShoulder)
[2024-10-09 17:25:13.060] [info] Frame 262 (t = 8.76667):	 total squared error = 0.0174914, marker error: RMS = 0.0303414, max = 0.0600487 (LShoulder)
[2024-10-09 17:25:13.105] [info] Frame 263 (t = 8.8):	 total squared error = 0.0174827, marker error: RMS = 0.0303339, max = 0.0600511 (LShoulder)
[2024-10-09 17:25:13.146] [info] Frame 264 (t = 8.83333):	 total squared error = 0.0173854, marker error: RMS = 0.0302493, max = 0.0600354 (LShoulder)
[2024-10-09 17:25:13.187] [info] Frame 265 (t = 8.86667):	 total squared error = 0.0171837, marker error: RMS = 0.0300733, max = 0.0599815 (LShoulder)
[2024-10-09 17:25:13.268] [info] Frame 266 (t = 8.9):	 total squared error = 0.0169033, marker error: RMS = 0.029827, max = 0.059861 (LShoulder)
[2024-10-09 17:25:13.329] [info] Frame 267 (t = 8.93333):	 total squared error = 0.0166234, marker error: RMS = 0.029579, max = 0.059792 (LShoulder)
[2024-10-09 17:25:13.415] [info] Frame 268 (t = 8.96667):	 total squared error = 0.0164135, marker error: RMS = 0.0293916, max = 0.0594982 (LShoulder)
[2024-10-09 17:25:13.473] [info] Frame 269 (t = 9.0):	 total squared error = 0.0162888, marker error: RMS = 0.0292798, max = 0.0593634 (LShoulder)
[2024-10-09 17:25:13.562] [info] Frame 270 (t = 9.03333):	 total squared error = 0.0162119, marker error: RMS = 0.0292106, max = 0.05921 (LShoulder)
[2024-10-09 17:25:13.648] [info] Frame 271 (t = 9.06667):	 total squared error = 0.0161664, marker error: RMS = 0.0291696, max = 0.0590653 (LShoulder)
[2024-10-09 17:25:13.737] [info] Frame 272 (t = 9.1):	 total squared error = 0.0161653, marker error: RMS = 0.0291686, max = 0.0589227 (LShoulder)
[2024-10-09 17:25:13.794] [info] Frame 273 (t = 9.13333):	 total squared error = 0.0162292, marker error: RMS = 0.0292262, max = 0.0587759 (LShoulder)
[2024-10-09 17:25:13.856] [info] Frame 274 (t = 9.16667):	 total squared error = 0.0163706, marker error: RMS = 0.0293532, max = 0.0586749 (LShoulder)
[2024-10-09 17:25:13.927] [info] Frame 275 (t = 9.2):	 total squared error = 0.0165739, marker error: RMS = 0.0295349, max = 0.0586287 (LShoulder)
[2024-10-09 17:25:13.998] [info] Frame 276 (t = 9.23333):	 total squared error = 0.0167997, marker error: RMS = 0.0297355, max = 0.0587636 (LShoulder)
[2024-10-09 17:25:14.081] [info] Frame 277 (t = 9.26667):	 total squared error = 0.0170002, marker error: RMS = 0.0299123, max = 0.0588843 (LShoulder)
[2024-10-09 17:25:14.166] [info] Frame 278 (t = 9.3):	 total squared error = 0.0171208, marker error: RMS = 0.0300183, max = 0.058991 (LShoulder)
[2024-10-09 17:25:14.231] [info] Frame 279 (t = 9.33333):	 total squared error = 0.0171555, marker error: RMS = 0.0300487, max = 0.0589481 (LShoulder)
[2024-10-09 17:25:14.304] [info] Frame 280 (t = 9.36667):	 total squared error = 0.0171072, marker error: RMS = 0.0300063, max = 0.0588058 (LShoulder)
[2024-10-09 17:25:14.353] [info] Frame 281 (t = 9.4):	 total squared error = 0.0170036, marker error: RMS = 0.0299153, max = 0.0586883 (LShoulder)
[2024-10-09 17:25:14.446] [info] Frame 282 (t = 9.43333):	 total squared error = 0.0168944, marker error: RMS = 0.0298191, max = 0.0585869 (LShoulder)
[2024-10-09 17:25:14.539] [info] Frame 283 (t = 9.46667):	 total squared error = 0.0168052, marker error: RMS = 0.0297403, max = 0.0586527 (LShoulder)
[2024-10-09 17:25:14.593] [info] Frame 284 (t = 9.5):	 total squared error = 0.0167832, marker error: RMS = 0.0297208, max = 0.0588547 (LShoulder)
[2024-10-09 17:25:14.644] [info] Frame 285 (t = 9.53333):	 total squared error = 0.0168342, marker error: RMS = 0.0297659, max = 0.0591745 (LShoulder)
[2024-10-09 17:25:14.713] [info] Frame 286 (t = 9.56667):	 total squared error = 0.0169304, marker error: RMS = 0.0298508, max = 0.0595099 (LShoulder)
[2024-10-09 17:25:14.777] [info] Frame 287 (t = 9.6):	 total squared error = 0.0170122, marker error: RMS = 0.0299229, max = 0.0597864 (LShoulder)
[2024-10-09 17:25:14.884] [info] Frame 288 (t = 9.63333):	 total squared error = 0.0170366, marker error: RMS = 0.0299444, max = 0.0599144 (LShoulder)
[2024-10-09 17:25:14.984] [info] Frame 289 (t = 9.66667):	 total squared error = 0.0169898, marker error: RMS = 0.0299032, max = 0.0598697 (LShoulder)
[2024-10-09 17:25:15.075] [info] Frame 290 (t = 9.7):	 total squared error = 0.0168907, marker error: RMS = 0.0298158, max = 0.0596458 (LShoulder)
[2024-10-09 17:25:15.151] [info] Frame 291 (t = 9.73333):	 total squared error = 0.0167589, marker error: RMS = 0.0296993, max = 0.0593965 (LShoulder)
[2024-10-09 17:25:15.243] [info] Frame 292 (t = 9.76667):	 total squared error = 0.0166021, marker error: RMS = 0.02956, max = 0.0591524 (LShoulder)
[2024-10-09 17:25:15.318] [info] Frame 293 (t = 9.8):	 total squared error = 0.0164455, marker error: RMS = 0.0294203, max = 0.0589895 (LShoulder)
[2024-10-09 17:25:15.389] [info] Frame 294 (t = 9.83333):	 total squared error = 0.0163268, marker error: RMS = 0.0293139, max = 0.058947 (LShoulder)
[2024-10-09 17:25:15.456] [info] Frame 295 (t = 9.86667):	 total squared error = 0.0162839, marker error: RMS = 0.0292754, max = 0.0589828 (LShoulder)
[2024-10-09 17:25:15.504] [info] Frame 296 (t = 9.9):	 total squared error = 0.0162718, marker error: RMS = 0.0292645, max = 0.0591114 (LShoulder)
[2024-10-09 17:25:15.582] [info] Frame 297 (t = 9.93333):	 total squared error = 0.0162969, marker error: RMS = 0.029287, max = 0.0594214 (LShoulder)
[2024-10-09 17:25:15.650] [info] Frame 298 (t = 9.96667):	 total squared error = 0.0163548, marker error: RMS = 0.0293391, max = 0.0597102 (LShoulder)
[2024-10-09 17:25:15.700] [info] Frame 299 (t = 10.0):	 total squared error = 0.0164175, marker error: RMS = 0.0293952, max = 0.0599996 (LShoulder)
[2024-10-09 17:25:15.766] [info] Frame 300 (t = 10.0333):	 total squared error = 0.0164571, marker error: RMS = 0.0294306, max = 0.0602994 (LShoulder)
[2024-10-09 17:25:15.859] [info] Frame 301 (t = 10.0667):	 total squared error = 0.016496, marker error: RMS = 0.0294654, max = 0.0605078 (LShoulder)
[2024-10-09 17:25:15.915] [info] Frame 302 (t = 10.1):	 total squared error = 0.0165479, marker error: RMS = 0.0295117, max = 0.0606166 (LShoulder)
[2024-10-09 17:25:16.029] [info] Frame 303 (t = 10.1333):	 total squared error = 0.0165573, marker error: RMS = 0.0295201, max = 0.0605857 (LShoulder)
[2024-10-09 17:25:16.107] [info] Frame 304 (t = 10.1667):	 total squared error = 0.0165421, marker error: RMS = 0.0295066, max = 0.0604375 (LShoulder)
[2024-10-09 17:25:16.181] [info] Frame 305 (t = 10.2):	 total squared error = 0.0164851, marker error: RMS = 0.0294557, max = 0.0602227 (LShoulder)
[2024-10-09 17:25:16.267] [info] Frame 306 (t = 10.2333):	 total squared error = 0.0164129, marker error: RMS = 0.0293911, max = 0.0599605 (LShoulder)
[2024-10-09 17:25:16.412] [info] Frame 307 (t = 10.2667):	 total squared error = 0.0163503, marker error: RMS = 0.029335, max = 0.0598808 (LShoulder)
[2024-10-09 17:25:16.494] [info] Frame 308 (t = 10.3):	 total squared error = 0.0163187, marker error: RMS = 0.0293066, max = 0.059974 (LShoulder)
[2024-10-09 17:25:16.542] [info] Frame 309 (t = 10.3333):	 total squared error = 0.0163474, marker error: RMS = 0.0293324, max = 0.0601607 (LShoulder)
[2024-10-09 17:25:16.604] [info] Frame 310 (t = 10.3667):	 total squared error = 0.0164304, marker error: RMS = 0.0294067, max = 0.0603253 (LShoulder)
[2024-10-09 17:25:16.678] [info] Frame 311 (t = 10.4):	 total squared error = 0.016473, marker error: RMS = 0.0294448, max = 0.0604053 (LShoulder)
[2024-10-09 17:25:16.772] [info] Frame 312 (t = 10.4333):	 total squared error = 0.0163533, marker error: RMS = 0.0293377, max = 0.0601735 (LShoulder)
[2024-10-09 17:25:16.857] [info] Frame 313 (t = 10.4667):	 total squared error = 0.0159731, marker error: RMS = 0.0289946, max = 0.0592799 (LShoulder)
[2024-10-09 17:25:16.955] [info] Frame 314 (t = 10.5):	 total squared error = 0.0153186, marker error: RMS = 0.0283944, max = 0.0576693 (LShoulder)
[2024-10-09 17:25:16.976] [info] Frame 315 (t = 10.5333):	 total squared error = 0.0145034, marker error: RMS = 0.0276285, max = 0.0552563 (LShoulder)
[2024-10-09 17:25:17.011] [info] Frame 316 (t = 10.5667):	 total squared error = 0.0137366, marker error: RMS = 0.0268883, max = 0.053133 (LShoulder)
[2024-10-09 17:25:17.031] [info] Frame 317 (t = 10.6):	 total squared error = 0.0132954, marker error: RMS = 0.0264529, max = 0.0517169 (LShoulder)
[2024-10-09 17:25:17.064] [info] Frame 318 (t = 10.6333):	 total squared error = 0.0132429, marker error: RMS = 0.0264006, max = 0.0524053 (LShoulder)
[2024-10-09 17:25:17.083] [info] Frame 319 (t = 10.6667):	 total squared error = 0.0135318, marker error: RMS = 0.0266871, max = 0.0542139 (LShoulder)
[2024-10-09 17:25:17.127] [info] Frame 320 (t = 10.7):	 total squared error = 0.0139582, marker error: RMS = 0.0271043, max = 0.0561524 (LShoulder)
[2024-10-09 17:25:17.158] [info] Frame 321 (t = 10.7333):	 total squared error = 0.0144337, marker error: RMS = 0.0275621, max = 0.0575343 (LShoulder)
[2024-10-09 17:25:17.205] [info] Frame 322 (t = 10.7667):	 total squared error = 0.0149452, marker error: RMS = 0.0280462, max = 0.0581732 (LShoulder)
[2024-10-09 17:25:17.270] [info] Frame 323 (t = 10.8):	 total squared error = 0.0155178, marker error: RMS = 0.0285784, max = 0.0583397 (LShoulder)
[2024-10-09 17:25:17.319] [info] Frame 324 (t = 10.8333):	 total squared error = 0.0161318, marker error: RMS = 0.0291383, max = 0.0581757 (LShoulder)
[2024-10-09 17:25:17.418] [info] Frame 325 (t = 10.8667):	 total squared error = 0.0166843, marker error: RMS = 0.0296331, max = 0.0578808 (LShoulder)
[2024-10-09 17:25:17.507] [info] Frame 326 (t = 10.9):	 total squared error = 0.0170955, marker error: RMS = 0.0299961, max = 0.0575964 (LShoulder)
[2024-10-09 17:25:17.605] [info] Frame 327 (t = 10.9333):	 total squared error = 0.017333, marker error: RMS = 0.0302037, max = 0.0573763 (LShoulder)
[2024-10-09 17:25:17.693] [info] Frame 328 (t = 10.9667):	 total squared error = 0.0174284, marker error: RMS = 0.0302867, max = 0.0572003 (LShoulder)
[2024-10-09 17:25:17.782] [info] Frame 329 (t = 11.0):	 total squared error = 0.0174503, marker error: RMS = 0.0303057, max = 0.0572336 (LShoulder)
[2024-10-09 17:25:17.874] [info] Frame 330 (t = 11.0333):	 total squared error = 0.0174857, marker error: RMS = 0.0303364, max = 0.0574635 (LShoulder)
[2024-10-09 17:25:17.964] [info] Frame 331 (t = 11.0667):	 total squared error = 0.017611, marker error: RMS = 0.0304450, max = 0.0578574 (LShoulder)
[2024-10-09 17:25:18.057] [info] Frame 332 (t = 11.1):	 total squared error = 0.0178088, marker error: RMS = 0.0306154, max = 0.0583948 (LShoulder)
[2024-10-09 17:25:18.118] [info] Frame 333 (t = 11.1333):	 total squared error = 0.0179994, marker error: RMS = 0.0307789, max = 0.0589735 (LShoulder)
[2024-10-09 17:25:18.159] [info] Frame 334 (t = 11.1667):	 total squared error = 0.0180597, marker error: RMS = 0.0308303, max = 0.0595255 (LShoulder)
[2024-10-09 17:25:18.226] [info] Frame 335 (t = 11.2):	 total squared error = 0.0179159, marker error: RMS = 0.0307073, max = 0.0597427 (LShoulder)
[2024-10-09 17:25:18.319] [info] Frame 336 (t = 11.2333):	 total squared error = 0.0174881, marker error: RMS = 0.0303385, max = 0.0593626 (LShoulder)
[2024-10-09 17:25:18.401] [info] Frame 337 (t = 11.2667):	 total squared error = 0.0166818, marker error: RMS = 0.0296309, max = 0.0581054 (LShoulder)
[2024-10-09 17:25:18.452] [info] Frame 338 (t = 11.3):	 total squared error = 0.0155022, marker error: RMS = 0.0285641, max = 0.0555586 (LShoulder)
[2024-10-09 17:25:18.491] [info] Frame 339 (t = 11.3333):	 total squared error = 0.0141083, marker error: RMS = 0.0272496, max = 0.0517215 (LShoulder)
[2024-10-09 17:25:18.556] [info] Frame 340 (t = 11.3667):	 total squared error = 0.0127090, marker error: RMS = 0.025863, max = 0.0470940 (LShoulder)
[2024-10-09 17:25:18.591] [info] Frame 341 (t = 11.4):	 total squared error = 0.0112734, marker error: RMS = 0.0243585, max = 0.0419214 (LShoulder)
[2024-10-09 17:25:18.628] [info] Frame 342 (t = 11.4333):	 total squared error = 0.00980180, marker error: RMS = 0.0227131, max = 0.0379201 (RShoulder)
[2024-10-09 17:25:18.670] [info] Frame 343 (t = 11.4667):	 total squared error = 0.00845975, marker error: RMS = 0.0211009, max = 0.03538 (RShoulder)
[2024-10-09 17:25:18.731] [info] Frame 344 (t = 11.5):	 total squared error = 0.00748578, marker error: RMS = 0.0198491, max = 0.033345 (RShoulder)
[2024-10-09 17:25:18.771] [info] Frame 345 (t = 11.5333):	 total squared error = 0.00699454, marker error: RMS = 0.0191868, max = 0.0320514 (RShoulder)
[2024-10-09 17:25:18.832] [info] Frame 346 (t = 11.5667):	 total squared error = 0.00685893, marker error: RMS = 0.0189999, max = 0.0312369 (LKnee)
[2024-10-09 17:25:18.883] [info] Frame 347 (t = 11.6):	 total squared error = 0.00694413, marker error: RMS = 0.0191175, max = 0.0350297 (LKnee)
[2024-10-09 17:25:18.916] [info] Frame 348 (t = 11.6333):	 total squared error = 0.00711086, marker error: RMS = 0.0193457, max = 0.0376233 (LKnee)
[2024-10-09 17:25:18.987] [info] Frame 349 (t = 11.6667):	 total squared error = 0.00722950, marker error: RMS = 0.0195064, max = 0.0394301 (LKnee)
[2024-10-09 17:25:19.061] [info] Frame 350 (t = 11.7):	 total squared error = 0.00733397, marker error: RMS = 0.0196468, max = 0.0401533 (LKnee)
[2024-10-09 17:25:19.103] [info] Frame 351 (t = 11.7333):	 total squared error = 0.00732437, marker error: RMS = 0.019634, max = 0.0395409 (LKnee)
[2024-10-09 17:25:19.162] [info] Frame 352 (t = 11.7667):	 total squared error = 0.00716527, marker error: RMS = 0.0194196, max = 0.0376101 (LKnee)
[2024-10-09 17:25:19.328] [info] Frame 353 (t = 11.8):	 total squared error = 0.00694204, marker error: RMS = 0.0191147, max = 0.0354227 (LKnee)
[2024-10-09 17:25:19.381] [info] Frame 354 (t = 11.8333):	 total squared error = 0.00682949, marker error: RMS = 0.0189591, max = 0.0336881 (LKnee)
[2024-10-09 17:25:19.421] [info] Frame 355 (t = 11.8667):	 total squared error = 0.00687523, marker error: RMS = 0.0190225, max = 0.0327865 (LKnee)
[2024-10-09 17:25:19.469] [info] Frame 356 (t = 11.9):	 total squared error = 0.00708838, marker error: RMS = 0.0193151, max = 0.0342241 (LHeel)
[2024-10-09 17:25:19.516] [info] Frame 357 (t = 11.9333):	 total squared error = 0.00742387, marker error: RMS = 0.0197669, max = 0.0364108 (LHeel)
[2024-10-09 17:25:19.561] [info] Frame 358 (t = 11.9667):	 total squared error = 0.00779632, marker error: RMS = 0.0202567, max = 0.03712 (LHeel)
[2024-10-09 17:25:19.593] [info] Frame 359 (t = 12.0):	 total squared error = 0.00818541, marker error: RMS = 0.0207560, max = 0.036571 (LHeel)
[2024-10-09 17:25:19.660] [info] Frame 360 (t = 12.0333):	 total squared error = 0.00860225, marker error: RMS = 0.0212779, max = 0.0346754 (LHeel)
[2024-10-09 17:25:19.718] [info] Frame 361 (t = 12.0667):	 total squared error = 0.00883533, marker error: RMS = 0.0215643, max = 0.0355962 (RShoulder)
[2024-10-09 17:25:19.765] [info] Frame 362 (t = 12.1):	 total squared error = 0.00859816, marker error: RMS = 0.0212729, max = 0.0372099 (RShoulder)
[2024-10-09 17:25:19.927] [info] Frame 363 (t = 12.1333):	 total squared error = 0.00786860, marker error: RMS = 0.0203504, max = 0.0373354 (RShoulder)
[2024-10-09 17:25:19.977] [info] Frame 364 (t = 12.1667):	 total squared error = 0.00702834, marker error: RMS = 0.0192331, max = 0.0362958 (RShoulder)
[2024-10-09 17:25:20.021] [info] Frame 365 (t = 12.2):	 total squared error = 0.00643005, marker error: RMS = 0.0183963, max = 0.0336409 (RShoulder)
[2024-10-09 17:25:20.096] [info] Frame 366 (t = 12.2333):	 total squared error = 0.00611754, marker error: RMS = 0.0179437, max = 0.0305351 (RShoulder)
[2024-10-09 17:25:20.166] [info] Frame 367 (t = 12.2667):	 total squared error = 0.00597440, marker error: RMS = 0.0177325, max = 0.0323251 (Neck)
[2024-10-09 17:25:20.200] [info] Frame 368 (t = 12.3):	 total squared error = 0.00581770, marker error: RMS = 0.0174984, max = 0.0350651 (Neck)
[2024-10-09 17:25:20.239] [info] Frame 369 (t = 12.3333):	 total squared error = 0.00555713, marker error: RMS = 0.0171021, max = 0.0356338 (Neck)
[2024-10-09 17:25:20.321] [info] Frame 370 (t = 12.3667):	 total squared error = 0.00526470, marker error: RMS = 0.016646, max = 0.0349656 (Neck)
[2024-10-09 17:25:20.386] [info] Frame 371 (t = 12.4):	 total squared error = 0.00498518, marker error: RMS = 0.0161981, max = 0.0332568 (Neck)
[2024-10-09 17:25:20.430] [info] Frame 372 (t = 12.4333):	 total squared error = 0.00472372, marker error: RMS = 0.0157676, max = 0.031434 (Neck)
[2024-10-09 17:25:20.498] [info] Frame 373 (t = 12.4667):	 total squared error = 0.00448714, marker error: RMS = 0.0153677, max = 0.0304197 (Neck)
[2024-10-09 17:25:20.556] [info] Frame 374 (t = 12.5):	 total squared error = 0.00431818, marker error: RMS = 0.0150756, max = 0.0289526 (Neck)
[2024-10-09 17:25:20.614] [info] Frame 375 (t = 12.5333):	 total squared error = 0.00423187, marker error: RMS = 0.0149241, max = 0.0263514 (Neck)
[2024-10-09 17:25:20.675] [info] Frame 376 (t = 12.5667):	 total squared error = 0.00417441, marker error: RMS = 0.0148225, max = 0.0270334 (LKnee)
[2024-10-09 17:25:20.768] [info] Frame 377 (t = 12.6):	 total squared error = 0.00417612, marker error: RMS = 0.0148255, max = 0.0269509 (LKnee)
[2024-10-09 17:25:20.813] [info] Frame 378 (t = 12.6333):	 total squared error = 0.00435731, marker error: RMS = 0.0151437, max = 0.0280532 (LShoulder)
[2024-10-09 17:25:20.904] [info] Frame 379 (t = 12.6667):	 total squared error = 0.00457229, marker error: RMS = 0.0155128, max = 0.0299015 (LShoulder)
[2024-10-09 17:25:20.993] [info] Frame 380 (t = 12.7):	 total squared error = 0.00475389, marker error: RMS = 0.0158179, max = 0.0313731 (LShoulder)
[2024-10-09 17:25:21.048] [info] Frame 381 (t = 12.7333):	 total squared error = 0.00496308, marker error: RMS = 0.0161621, max = 0.0324487 (LShoulder)
[2024-10-09 17:25:21.129] [info] Frame 382 (t = 12.7667):	 total squared error = 0.00528980, marker error: RMS = 0.0166856, max = 0.0333722 (LShoulder)
[2024-10-09 17:25:21.172] [info] Frame 383 (t = 12.8):	 total squared error = 0.00565242, marker error: RMS = 0.0172481, max = 0.0337062 (LShoulder)
[2024-10-09 17:25:21.237] [info] Frame 384 (t = 12.8333):	 total squared error = 0.00582807, marker error: RMS = 0.017514, max = 0.0342849 (LShoulder)
[2024-10-09 17:25:21.294] [info] Frame 385 (t = 12.8667):	 total squared error = 0.00582691, marker error: RMS = 0.0175123, max = 0.0341511 (LShoulder)
[2024-10-09 17:25:21.330] [info] Frame 386 (t = 12.9):	 total squared error = 0.00572820, marker error: RMS = 0.0173633, max = 0.0338758 (LShoulder)
[2024-10-09 17:25:21.416] [info] Frame 387 (t = 12.9333):	 total squared error = 0.00565030, marker error: RMS = 0.0172448, max = 0.032768 (LShoulder)
[2024-10-09 17:25:21.474] [info] Frame 388 (t = 12.9667):	 total squared error = 0.00560085, marker error: RMS = 0.0171692, max = 0.0317216 (LShoulder)
[2024-10-09 17:25:21.516] [info] Frame 389 (t = 13.0):	 total squared error = 0.00543092, marker error: RMS = 0.0169067, max = 0.0308892 (LShoulder)
[2024-10-09 17:25:21.555] [info] Frame 390 (t = 13.0333):	 total squared error = 0.00508127, marker error: RMS = 0.0163535, max = 0.0301748 (LShoulder)
[2024-10-09 17:25:21.630] [info] Frame 391 (t = 13.0667):	 total squared error = 0.00465790, marker error: RMS = 0.0156574, max = 0.0296828 (RShoulder)
[2024-10-09 17:25:21.705] [info] Frame 392 (t = 13.1):	 total squared error = 0.00429231, marker error: RMS = 0.0150303, max = 0.0295384 (RShoulder)
[2024-10-09 17:25:21.754] [info] Frame 393 (t = 13.1333):	 total squared error = 0.00401014, marker error: RMS = 0.0145279, max = 0.0296295 (RShoulder)
[2024-10-09 17:25:21.792] [info] Frame 394 (t = 13.1667):	 total squared error = 0.00378166, marker error: RMS = 0.0141080, max = 0.0300552 (RShoulder)
[2024-10-09 17:25:21.856] [info] Frame 395 (t = 13.2):	 total squared error = 0.00374769, marker error: RMS = 0.0140445, max = 0.0310210 (RShoulder)
[2024-10-09 17:25:21.907] [info] Frame 396 (t = 13.2333):	 total squared error = 0.00402654, marker error: RMS = 0.0145576, max = 0.0316504 (RShoulder)
[2024-10-09 17:25:21.958] [info] Frame 397 (t = 13.2667):	 total squared error = 0.00447837, marker error: RMS = 0.0153526, max = 0.0317378 (RShoulder)
[2024-10-09 17:25:22.003] [info] Frame 398 (t = 13.3):	 total squared error = 0.00482332, marker error: RMS = 0.015933, max = 0.0313184 (RShoulder)
[2024-10-09 17:25:22.089] [info] Frame 399 (t = 13.3333):	 total squared error = 0.00497785, marker error: RMS = 0.0161862, max = 0.029862 (RShoulder)
[2024-10-09 17:25:22.131] [info] Frame 400 (t = 13.3667):	 total squared error = 0.00518060, marker error: RMS = 0.0165125, max = 0.0288621 (RShoulder)
[2024-10-09 17:25:22.188] [info] Frame 401 (t = 13.4):	 total squared error = 0.00544914, marker error: RMS = 0.0169351, max = 0.02799 (LShoulder)
[2024-10-09 17:25:22.253] [info] Frame 402 (t = 13.4333):	 total squared error = 0.00551401, marker error: RMS = 0.0170356, max = 0.0275754 (LShoulder)
[2024-10-09 17:25:22.324] [info] Frame 403 (t = 13.4667):	 total squared error = 0.00524077, marker error: RMS = 0.0166081, max = 0.0266964 (LShoulder)
[2024-10-09 17:25:22.414] [info] Frame 404 (t = 13.5):	 total squared error = 0.00486181, marker error: RMS = 0.0159964, max = 0.0257871 (RShoulder)
[2024-10-09 17:25:22.484] [info] Frame 405 (t = 13.5333):	 total squared error = 0.00466595, marker error: RMS = 0.0156709, max = 0.0254137 (Neck)
[2024-10-09 17:25:22.540] [info] Frame 406 (t = 13.5667):	 total squared error = 0.00463904, marker error: RMS = 0.0156256, max = 0.024147 (Neck)
[2024-10-09 17:25:22.595] [info] Frame 407 (t = 13.6):	 total squared error = 0.00454034, marker error: RMS = 0.0154585, max = 0.0227034 (Neck)
[2024-10-09 17:25:22.653] [info] Frame 408 (t = 13.6333):	 total squared error = 0.00434457, marker error: RMS = 0.0151216, max = 0.0220710 (RShoulder)
[2024-10-09 17:25:22.702] [info] Frame 409 (t = 13.6667):	 total squared error = 0.00423277, marker error: RMS = 0.0149257, max = 0.0223073 (RShoulder)
[2024-10-09 17:25:22.749] [info] Frame 410 (t = 13.7):	 total squared error = 0.00423549, marker error: RMS = 0.0149305, max = 0.0236824 (LBigToe)
[2024-10-09 17:25:22.806] [info] Frame 411 (t = 13.7333):	 total squared error = 0.00417697, marker error: RMS = 0.014827, max = 0.0239802 (RShoulder)
[2024-10-09 17:25:22.853] [info] Frame 412 (t = 13.7667):	 total squared error = 0.00402926, marker error: RMS = 0.0145625, max = 0.0248686 (RShoulder)
[2024-10-09 17:25:22.911] [info] Frame 413 (t = 13.8):	 total squared error = 0.00405536, marker error: RMS = 0.0146096, max = 0.0253793 (RShoulder)
[2024-10-09 17:25:22.963] [info] Frame 414 (t = 13.8333):	 total squared error = 0.00427157, marker error: RMS = 0.014994, max = 0.0254551 (RShoulder)
[2024-10-09 17:25:23.020] [info] Frame 415 (t = 13.8667):	 total squared error = 0.00445825, marker error: RMS = 0.0153181, max = 0.0252435 (RShoulder)
[2024-10-09 17:25:23.063] [info] Frame 416 (t = 13.9):	 total squared error = 0.00457141, marker error: RMS = 0.0155113, max = 0.0254826 (LKnee)
[2024-10-09 17:25:23.103] [info] Frame 417 (t = 13.9333):	 total squared error = 0.00470123, marker error: RMS = 0.01573, max = 0.0264737 (LKnee)
[2024-10-09 17:25:23.204] [info] Frame 418 (t = 13.9667):	 total squared error = 0.00475013, marker error: RMS = 0.0158116, max = 0.0277243 (LKnee)
[2024-10-09 17:25:23.249] [info] Frame 419 (t = 14.0):	 total squared error = 0.00484552, marker error: RMS = 0.0159696, max = 0.0294001 (LKnee)
[2024-10-09 17:25:23.321] [info] Frame 420 (t = 14.0333):	 total squared error = 0.00500109, marker error: RMS = 0.0162239, max = 0.0309527 (LKnee)
[2024-10-09 17:25:23.365] [info] Frame 421 (t = 14.0667):	 total squared error = 0.00501378, marker error: RMS = 0.0162445, max = 0.0312021 (LKnee)
[2024-10-09 17:25:23.412] [info] Frame 422 (t = 14.1):	 total squared error = 0.00480075, marker error: RMS = 0.0158956, max = 0.029725 (LKnee)
[2024-10-09 17:25:23.461] [info] Frame 423 (t = 14.1333):	 total squared error = 0.00460376, marker error: RMS = 0.0155661, max = 0.0277151 (RShoulder)
[2024-10-09 17:25:23.507] [info] Frame 424 (t = 14.1667):	 total squared error = 0.00454509, marker error: RMS = 0.0154666, max = 0.0287364 (RShoulder)
[2024-10-09 17:25:23.542] [info] Frame 425 (t = 14.2):	 total squared error = 0.00445400, marker error: RMS = 0.0153108, max = 0.0287397 (RShoulder)
[2024-10-09 17:25:23.613] [info] Frame 426 (t = 14.2333):	 total squared error = 0.00419709, marker error: RMS = 0.0148627, max = 0.0287313 (RShoulder)
[2024-10-09 17:25:23.658] [info] Frame 427 (t = 14.2667):	 total squared error = 0.00389663, marker error: RMS = 0.0143208, max = 0.0279386 (RShoulder)
[2024-10-09 17:25:23.701] [info] Frame 428 (t = 14.3):	 total squared error = 0.00363340, marker error: RMS = 0.0138286, max = 0.02711 (RShoulder)
[2024-10-09 17:25:23.771] [info] Frame 429 (t = 14.3333):	 total squared error = 0.00348561, marker error: RMS = 0.0135445, max = 0.0265399 (LShoulder)
[2024-10-09 17:25:23.821] [info] Frame 430 (t = 14.3667):	 total squared error = 0.00350027, marker error: RMS = 0.0135729, max = 0.0256381 (LShoulder)
[2024-10-09 17:25:23.874] [info] Frame 431 (t = 14.4):	 total squared error = 0.00362361, marker error: RMS = 0.01381, max = 0.0258928 (RKnee)
[2024-10-09 17:25:23.930] [info] Frame 432 (t = 14.4333):	 total squared error = 0.00377100, marker error: RMS = 0.0140881, max = 0.0276786 (RKnee)
[2024-10-09 17:25:23.973] [info] Frame 433 (t = 14.4667):	 total squared error = 0.00388427, marker error: RMS = 0.0142981, max = 0.0279293 (RKnee)
[2024-10-09 17:25:24.021] [info] Frame 434 (t = 14.5):	 total squared error = 0.00390949, marker error: RMS = 0.0143444, max = 0.0259182 (RKnee)
[2024-10-09 17:25:24.067] [info] Frame 435 (t = 14.5333):	 total squared error = 0.00382104, marker error: RMS = 0.0141812, max = 0.0246764 (RKnee)
[2024-10-09 17:25:24.127] [info] Frame 436 (t = 14.5667):	 total squared error = 0.00386319, marker error: RMS = 0.0142592, max = 0.0272074 (RKnee)
[2024-10-09 17:25:24.200] [info] Frame 437 (t = 14.6):	 total squared error = 0.00425822, marker error: RMS = 0.0149705, max = 0.0330440 (RKnee)
[2024-10-09 17:25:24.255] [info] Frame 438 (t = 14.6333):	 total squared error = 0.00465143, marker error: RMS = 0.0156465, max = 0.0373050 (RKnee)
[2024-10-09 17:25:24.346] [info] Frame 439 (t = 14.6667):	 total squared error = 0.00455531, marker error: RMS = 0.015484, max = 0.0363515 (RKnee)
[2024-10-09 17:25:24.401] [info] Frame 440 (t = 14.7):	 total squared error = 0.00402454, marker error: RMS = 0.014554, max = 0.0299085 (RKnee)
[2024-10-09 17:25:24.443] [info] Frame 441 (t = 14.7333):	 total squared error = 0.00341647, marker error: RMS = 0.0134095, max = 0.0219244 (RKnee)
[2024-10-09 17:25:24.504] [info] Frame 442 (t = 14.7667):	 total squared error = 0.00308319, marker error: RMS = 0.0127387, max = 0.0214535 (Neck)
[2024-10-09 17:25:24.541] [info] Frame 443 (t = 14.8):	 total squared error = 0.00306099, marker error: RMS = 0.0126927, max = 0.0226687 (Neck)
[2024-10-09 17:25:24.601] [info] Frame 444 (t = 14.8333):	 total squared error = 0.00314009, marker error: RMS = 0.0128557, max = 0.0237375 (Neck)
[2024-10-09 17:25:24.665] [info] Frame 445 (t = 14.8667):	 total squared error = 0.00322581, marker error: RMS = 0.0130299, max = 0.0239983 (Neck)
[2024-10-09 17:25:24.730] [info] Frame 446 (t = 14.9):	 total squared error = 0.00344201, marker error: RMS = 0.0134595, max = 0.0236046 (Neck)
[2024-10-09 17:25:24.780] [info] Frame 447 (t = 14.9333):	 total squared error = 0.00381502, marker error: RMS = 0.0141701, max = 0.0229848 (Neck)
[2024-10-09 17:25:24.836] [info] Frame 448 (t = 14.9667):	 total squared error = 0.00417758, marker error: RMS = 0.0148281, max = 0.0221813 (Neck)
[2024-10-09 17:25:24.906] [info] Frame 449 (t = 15.0):	 total squared error = 0.00442057, marker error: RMS = 0.0152533, max = 0.0219678 (LKnee)
[2024-10-09 17:25:24.953] [info] Frame 450 (t = 15.0333):	 total squared error = 0.00453767, marker error: RMS = 0.015454, max = 0.0245687 (LSmallToe)
[2024-10-09 17:25:24.999] [info] Frame 451 (t = 15.0667):	 total squared error = 0.00446983, marker error: RMS = 0.015338, max = 0.0256618 (LSmallToe)
[2024-10-09 17:25:25.069] [info] Frame 452 (t = 15.1):	 total squared error = 0.00415405, marker error: RMS = 0.0147863, max = 0.0242847 (LSmallToe)
[2024-10-09 17:25:25.106] [info] Frame 453 (t = 15.1333):	 total squared error = 0.00371148, marker error: RMS = 0.0139765, max = 0.0218676 (LSmallToe)
[2024-10-09 17:25:25.191] [info] Frame 454 (t = 15.1667):	 total squared error = 0.00325126, marker error: RMS = 0.0130812, max = 0.0195978 (RHeel)
[2024-10-09 17:25:25.255] [info] Frame 455 (t = 15.2):	 total squared error = 0.00289856, marker error: RMS = 0.0123514, max = 0.01881 (RHeel)
[2024-10-09 17:25:25.302] [info] Frame 456 (t = 15.2333):	 total squared error = 0.00258160, marker error: RMS = 0.0116565, max = 0.0179414 (RHeel)
[2024-10-09 17:25:25.376] [info] Frame 457 (t = 15.2667):	 total squared error = 0.00231047, marker error: RMS = 0.0110274, max = 0.0174083 (Neck)
[2024-10-09 17:25:25.434] [info] Frame 458 (t = 15.3):	 total squared error = 0.00224813, marker error: RMS = 0.0108776, max = 0.0182332 (Neck)
[2024-10-09 17:25:25.498] [info] Frame 459 (t = 15.3333):	 total squared error = 0.00255944, marker error: RMS = 0.0116064, max = 0.0200834 (Neck)
[2024-10-09 17:25:25.580] [info] Frame 460 (t = 15.3667):	 total squared error = 0.00313317, marker error: RMS = 0.0128415, max = 0.022332 (Neck)
[2024-10-09 17:25:25.658] [info] Frame 461 (t = 15.4):	 total squared error = 0.00345089, marker error: RMS = 0.0134769, max = 0.0241695 (Neck)
[2024-10-09 17:25:25.716] [info] Frame 462 (t = 15.4333):	 total squared error = 0.00328243, marker error: RMS = 0.0131438, max = 0.0251644 (Neck)
[2024-10-09 17:25:25.752] [info] Frame 463 (t = 15.4667):	 total squared error = 0.00295039, marker error: RMS = 0.0124613, max = 0.0254724 (Neck)
[2024-10-09 17:25:25.817] [info] Frame 464 (t = 15.5):	 total squared error = 0.00285264, marker error: RMS = 0.0122531, max = 0.0257493 (Neck)
[2024-10-09 17:25:25.869] [info] Frame 465 (t = 15.5333):	 total squared error = 0.00311296, marker error: RMS = 0.0128, max = 0.026775 (Neck)
[2024-10-09 17:25:25.930] [info] Frame 466 (t = 15.5667):	 total squared error = 0.00360584, marker error: RMS = 0.0137761, max = 0.0289084 (Neck)
[2024-10-09 17:25:25.972] [info] Frame 467 (t = 15.6):	 total squared error = 0.00427047, marker error: RMS = 0.014992, max = 0.0321266 (Neck)
[2024-10-09 17:25:26.030] [info] Frame 468 (t = 15.6333):	 total squared error = 0.00496985, marker error: RMS = 0.0161732, max = 0.0359045 (Neck)
[2024-10-09 17:25:26.087] [info] Frame 469 (t = 15.6667):	 total squared error = 0.00562063, marker error: RMS = 0.0171995, max = 0.0402683 (Neck)
[2024-10-09 17:25:26.152] [info] Frame 470 (t = 15.7):	 total squared error = 0.00619095, marker error: RMS = 0.0180510, max = 0.0438361 (Neck)
[2024-10-09 17:25:26.219] [info] Frame 471 (t = 15.7333):	 total squared error = 0.00670595, marker error: RMS = 0.0187868, max = 0.0451347 (Neck)
[2024-10-09 17:25:26.283] [info] Frame 472 (t = 15.7667):	 total squared error = 0.00687411, marker error: RMS = 0.0190209, max = 0.0434286 (Neck)
[2024-10-09 17:25:26.350] [info] Frame 473 (t = 15.8):	 total squared error = 0.00654312, marker error: RMS = 0.0185573, max = 0.039534 (Neck)
[2024-10-09 17:25:26.409] [info] Frame 474 (t = 15.8333):	 total squared error = 0.00586737, marker error: RMS = 0.017573, max = 0.0351722 (Neck)
[2024-10-09 17:25:26.469] [info] Frame 475 (t = 15.8667):	 total squared error = 0.00500558, marker error: RMS = 0.0162312, max = 0.0317442 (Neck)
[2024-10-09 17:25:26.531] [info] Frame 476 (t = 15.9):	 total squared error = 0.00431392, marker error: RMS = 0.0150681, max = 0.0297974 (Neck)
[2024-10-09 17:25:26.598] [info] Frame 477 (t = 15.9333):	 total squared error = 0.00411128, marker error: RMS = 0.01471, max = 0.0290495 (Neck)
[2024-10-09 17:25:26.658] [info] Frame 478 (t = 15.9667):	 total squared error = 0.00435919, marker error: RMS = 0.015147, max = 0.0292132 (Neck)
[2024-10-09 17:25:26.724] [info] Frame 479 (t = 16.0):	 total squared error = 0.00488800, marker error: RMS = 0.0160394, max = 0.0309676 (LShoulder)
[2024-10-09 17:25:26.764] [info] Frame 480 (t = 16.0333):	 total squared error = 0.00571298, marker error: RMS = 0.0173402, max = 0.0334151 (LShoulder)
[2024-10-09 17:25:26.825] [info] Frame 481 (t = 16.0667):	 total squared error = 0.00684407, marker error: RMS = 0.0189793, max = 0.0356761 (LShoulder)
[2024-10-09 17:25:26.895] [info] Frame 482 (t = 16.1):	 total squared error = 0.00810477, marker error: RMS = 0.0206535, max = 0.0376724 (LShoulder)
[2024-10-09 17:25:26.954] [info] Frame 483 (t = 16.1333):	 total squared error = 0.00911574, marker error: RMS = 0.0219038, max = 0.0390123 (LShoulder)
[2024-10-09 17:25:27.015] [info] Frame 484 (t = 16.1667):	 total squared error = 0.00954881, marker error: RMS = 0.022418, max = 0.0391443 (LShoulder)
[2024-10-09 17:25:27.080] [info] Frame 485 (t = 16.2):	 total squared error = 0.00945293, marker error: RMS = 0.0223052, max = 0.041322 (Neck)
[2024-10-09 17:25:27.124] [info] Frame 486 (t = 16.2333):	 total squared error = 0.00907139, marker error: RMS = 0.0218504, max = 0.0445983 (Neck)
[2024-10-09 17:25:27.192] [info] Frame 487 (t = 16.2667):	 total squared error = 0.00853024, marker error: RMS = 0.0211887, max = 0.0480857 (Neck)
[2024-10-09 17:25:27.239] [info] Frame 488 (t = 16.3):	 total squared error = 0.00789615, marker error: RMS = 0.0203859, max = 0.0501470 (Neck)
[2024-10-09 17:25:27.308] [info] Frame 489 (t = 16.3333):	 total squared error = 0.00758376, marker error: RMS = 0.0199786, max = 0.0498136 (Neck)
[2024-10-09 17:25:27.354] [info] Frame 490 (t = 16.3667):	 total squared error = 0.00821678, marker error: RMS = 0.0207957, max = 0.0471305 (Neck)
[2024-10-09 17:25:27.398] [info] Frame 491 (t = 16.4):	 total squared error = 0.00993548, marker error: RMS = 0.0228674, max = 0.0489475 (LKnee)
[2024-10-09 17:25:27.459] [info] Frame 492 (t = 16.4333):	 total squared error = 0.011828, marker error: RMS = 0.0249505, max = 0.0544215 (LKnee)
[2024-10-09 17:25:27.518] [info] Frame 493 (t = 16.4667):	 total squared error = 0.012564, marker error: RMS = 0.025715, max = 0.051379 (LKnee)
[2024-10-09 17:25:27.563] [info] Frame 494 (t = 16.5):	 total squared error = 0.0117066, marker error: RMS = 0.0248221, max = 0.0419255 (LKnee)
[2024-10-09 17:25:27.637] [info] Frame 495 (t = 16.5333):	 total squared error = 0.0100834, marker error: RMS = 0.0230370, max = 0.0345993 (RShoulder)
[2024-10-09 17:25:27.691] [info] Frame 496 (t = 16.5667):	 total squared error = 0.00873267, marker error: RMS = 0.0214386, max = 0.0345165 (LBigToe)
[2024-10-09 17:25:27.767] [info] Frame 497 (t = 16.6):	 total squared error = 0.00805872, marker error: RMS = 0.0205947, max = 0.0347456 (LBigToe)
[2024-10-09 17:25:27.817] [info] Frame 498 (t = 16.6333):	 total squared error = 0.00793563, marker error: RMS = 0.0204369, max = 0.0354597 (LBigToe)
[2024-10-09 17:25:27.862] [info] Frame 499 (t = 16.6667):	 total squared error = 0.00813158, marker error: RMS = 0.0206876, max = 0.0359958 (LBigToe)
[2024-10-09 17:25:27.911] [info] Frame 500 (t = 16.7):	 total squared error = 0.00844217, marker error: RMS = 0.0210790, max = 0.0361948 (LBigToe)
[2024-10-09 17:25:27.965] [info] Frame 501 (t = 16.7333):	 total squared error = 0.00866711, marker error: RMS = 0.021358, max = 0.035846 (LBigToe)
[2024-10-09 17:25:27.992] [info] Frame 502 (t = 16.7667):	 total squared error = 0.00866205, marker error: RMS = 0.0213518, max = 0.0353685 (LBigToe)
[2024-10-09 17:25:28.024] [info] Frame 503 (t = 16.8):	 total squared error = 0.00844198, marker error: RMS = 0.0210788, max = 0.0347613 (LBigToe)
[2024-10-09 17:25:28.064] [info] Frame 504 (t = 16.8333):	 total squared error = 0.00819276, marker error: RMS = 0.0207653, max = 0.0345678 (LBigToe)
[2024-10-09 17:25:28.113] [info] Frame 505 (t = 16.8667):	 total squared error = 0.00808487, marker error: RMS = 0.0206281, max = 0.0349080 (LBigToe)
[2024-10-09 17:25:28.146] [info] Frame 506 (t = 16.9):	 total squared error = 0.00812439, marker error: RMS = 0.0206785, max = 0.0358093 (LBigToe)
[2024-10-09 17:25:28.181] [info] Frame 507 (t = 16.9333):	 total squared error = 0.00816710, marker error: RMS = 0.0207328, max = 0.0367203 (LBigToe)
[2024-10-09 17:25:28.218] [info] Frame 508 (t = 16.9667):	 total squared error = 0.00810585, marker error: RMS = 0.0206549, max = 0.0374043 (LBigToe)
[2024-10-09 17:25:28.241] [info] Frame 509 (t = 17.0):	 total squared error = 0.00795232, marker error: RMS = 0.0204583, max = 0.0375072 (LBigToe)
[2024-10-09 17:25:28.290] [info] Frame 510 (t = 17.0333):	 total squared error = 0.00774896, marker error: RMS = 0.0201950, max = 0.0371694 (LBigToe)
[2024-10-09 17:25:28.310] [info] Frame 511 (t = 17.0667):	 total squared error = 0.00754696, marker error: RMS = 0.0199301, max = 0.0360929 (LBigToe)
[2024-10-09 17:25:28.342] [info] Frame 512 (t = 17.1):	 total squared error = 0.00737326, marker error: RMS = 0.0196994, max = 0.0350829 (LBigToe)
[2024-10-09 17:25:28.374] [info] Frame 513 (t = 17.1333):	 total squared error = 0.00729004, marker error: RMS = 0.0195879, max = 0.0338106 (LBigToe)
[2024-10-09 17:25:28.427] [info] Frame 514 (t = 17.1667):	 total squared error = 0.00732572, marker error: RMS = 0.0196358, max = 0.0325823 (LBigToe)
[2024-10-09 17:25:28.494] [info] Frame 515 (t = 17.2):	 total squared error = 0.00747537, marker error: RMS = 0.0198353, max = 0.0316178 (LBigToe)
[2024-10-09 17:25:28.531] [info] Frame 516 (t = 17.2333):	 total squared error = 0.00766420, marker error: RMS = 0.0200843, max = 0.0309860 (LBigToe)
[2024-10-09 17:25:28.559] [info] Frame 517 (t = 17.2667):	 total squared error = 0.00783341, marker error: RMS = 0.0203048, max = 0.0308369 (LBigToe)
[2024-10-09 17:25:28.592] [info] Frame 518 (t = 17.3):	 total squared error = 0.00793315, marker error: RMS = 0.0204336, max = 0.0312425 (LBigToe)
[2024-10-09 17:25:28.628] [info] Frame 519 (t = 17.3333):	 total squared error = 0.00796135, marker error: RMS = 0.0204699, max = 0.0320936 (LBigToe)
[2024-10-09 17:25:28.711] [info] Frame 520 (t = 17.3667):	 total squared error = 0.00791260, marker error: RMS = 0.0204072, max = 0.0331369 (LBigToe)
[2024-10-09 17:25:28.747] [info] Frame 521 (t = 17.4):	 total squared error = 0.00784313, marker error: RMS = 0.0203174, max = 0.0342779 (LBigToe)
[2024-10-09 17:25:28.775] [info] Frame 522 (t = 17.4333):	 total squared error = 0.00778211, marker error: RMS = 0.0202382, max = 0.0351851 (LBigToe)
[2024-10-09 17:25:28.845] [info] Frame 523 (t = 17.4667):	 total squared error = 0.00774101, marker error: RMS = 0.0201847, max = 0.035566 (LBigToe)
[2024-10-09 17:25:28.875] [info] Frame 524 (t = 17.5):	 total squared error = 0.00778740, marker error: RMS = 0.0202451, max = 0.035657 (LBigToe)
[2024-10-09 17:25:28.914] [info] Frame 525 (t = 17.5333):	 total squared error = 0.00787972, marker error: RMS = 0.0203647, max = 0.035741 (LBigToe)
[2024-10-09 17:25:28.954] [info] Frame 526 (t = 17.5667):	 total squared error = 0.00799033, marker error: RMS = 0.0205072, max = 0.0357619 (LBigToe)
[2024-10-09 17:25:28.990] [info] Frame 527 (t = 17.6):	 total squared error = 0.00808270, marker error: RMS = 0.0206254, max = 0.0358949 (LBigToe)
[2024-10-09 17:25:29.026] [info] Frame 528 (t = 17.6333):	 total squared error = 0.00810862, marker error: RMS = 0.0206584, max = 0.0360740 (LBigToe)
[2024-10-09 17:25:29.052] [info] Frame 529 (t = 17.6667):	 total squared error = 0.00805631, marker error: RMS = 0.0205917, max = 0.0363522 (LBigToe)
[2024-10-09 17:25:29.140] [info] Frame 530 (t = 17.7):	 total squared error = 0.00789518, marker error: RMS = 0.0203847, max = 0.0363969 (LBigToe)
[2024-10-09 17:25:29.178] [info] Frame 531 (t = 17.7333):	 total squared error = 0.00774602, marker error: RMS = 0.0201912, max = 0.0366505 (LBigToe)
[2024-10-09 17:25:29.208] [info] Frame 532 (t = 17.7667):	 total squared error = 0.00761841, marker error: RMS = 0.0200242, max = 0.0368369 (LBigToe)
[2024-10-09 17:25:29.291] [info] Frame 533 (t = 17.8):	 total squared error = 0.00749056, marker error: RMS = 0.0198555, max = 0.0367094 (LBigToe)
[2024-10-09 17:25:29.326] [info] Frame 534 (t = 17.8333):	 total squared error = 0.00739403, marker error: RMS = 0.0197271, max = 0.0366197 (LBigToe)
[2024-10-09 17:25:29.366] [info] Frame 535 (t = 17.8667):	 total squared error = 0.00729740, marker error: RMS = 0.0195978, max = 0.0365297 (LBigToe)
[2024-10-09 17:25:29.433] [info] Frame 536 (t = 17.9):	 total squared error = 0.00720896, marker error: RMS = 0.0194787, max = 0.0362441 (LBigToe)
[2024-10-09 17:25:29.475] [info] Frame 537 (t = 17.9333):	 total squared error = 0.00715847, marker error: RMS = 0.0194103, max = 0.0355243 (LBigToe)
[2024-10-09 17:25:29.515] [info] Frame 538 (t = 17.9667):	 total squared error = 0.00716361, marker error: RMS = 0.0194173, max = 0.0344373 (LBigToe)
[2024-10-09 17:25:29.569] [info] Frame 539 (t = 18.0):	 total squared error = 0.00720849, marker error: RMS = 0.019478, max = 0.03338 (LBigToe)
[2024-10-09 17:25:29.614] [info] Frame 540 (t = 18.0333):	 total squared error = 0.00732317, marker error: RMS = 0.0196324, max = 0.0324551 (LBigToe)
[2024-10-09 17:25:29.681] [info] Frame 541 (t = 18.0667):	 total squared error = 0.00744765, marker error: RMS = 0.0197985, max = 0.0320684 (LBigToe)
[2024-10-09 17:25:29.768] [info] Frame 542 (t = 18.1):	 total squared error = 0.00758476, marker error: RMS = 0.0199799, max = 0.0320829 (LBigToe)
[2024-10-09 17:25:29.797] [info] Frame 543 (t = 18.1333):	 total squared error = 0.00769610, marker error: RMS = 0.0201261, max = 0.0326039 (LBigToe)
[2024-10-09 17:25:29.827] [info] Frame 544 (t = 18.1667):	 total squared error = 0.00774594, marker error: RMS = 0.0201911, max = 0.0334215 (LBigToe)
[2024-10-09 17:25:29.883] [info] Frame 545 (t = 18.2):	 total squared error = 0.00772515, marker error: RMS = 0.0201640, max = 0.0344194 (LBigToe)
[2024-10-09 17:25:29.928] [info] Frame 546 (t = 18.2333):	 total squared error = 0.00768214, marker error: RMS = 0.0201078, max = 0.0356254 (LBigToe)
[2024-10-09 17:25:29.998] [info] Frame 547 (t = 18.2667):	 total squared error = 0.00762982, marker error: RMS = 0.0200392, max = 0.0370987 (LBigToe)
[2024-10-09 17:25:30.020] [info] Frame 548 (t = 18.3):	 total squared error = 0.00773629, marker error: RMS = 0.0201785, max = 0.0393013 (LBigToe)
[2024-10-09 17:25:30.033] [info] InverseKinematicsTool completed 549 frames in 33 second(s).
