[2024-10-09 17:28:29.224] [info] Preparing to run InverseKinematicsTool.
[2024-10-09 17:28:29.247] [info] Loaded model Pose2Sim_scaled from file Model_Pose2Sim_Halpe26_scaled.osim
[2024-10-09 17:28:29.247] [warning] Couldn't find file 'r_pelvis.vtp'.
[2024-10-09 17:28:29.247] [warning] Couldn't find file 'l_pelvis.vtp'.
[2024-10-09 17:28:29.247] [warning] Couldn't find file 'sacrum.vtp'.
[2024-10-09 17:28:29.247] [warning] Couldn't find file 'femur_r.vtp'.
[2024-10-09 17:28:29.248] [warning] Couldn't find file 'r_patella.vtp'.
[2024-10-09 17:28:29.248] [warning] Couldn't find file 'tibia_r.vtp'.
[2024-10-09 17:28:29.248] [warning] Couldn't find file 'fibula_r.vtp'.
[2024-10-09 17:28:29.248] [warning] Couldn't find file 'talus_rv.vtp'.
[2024-10-09 17:28:29.248] [warning] Couldn't find file 'foot.vtp'.
[2024-10-09 17:28:29.248] [warning] Couldn't find file 'bofoot.vtp'.
[2024-10-09 17:28:29.249] [warning] Couldn't find file 'femur_l.vtp'.
[2024-10-09 17:28:29.249] [warning] Couldn't find file 'l_patella.vtp'.
[2024-10-09 17:28:29.249] [warning] Couldn't find file 'tibia_l.vtp'.
[2024-10-09 17:28:29.249] [warning] Couldn't find file 'fibula_l.vtp'.
[2024-10-09 17:28:29.249] [warning] Couldn't find file 'talus_lv.vtp'.
[2024-10-09 17:28:29.249] [warning] Couldn't find file 'l_foot.vtp'.
[2024-10-09 17:28:29.249] [warning] Couldn't find file 'l_bofoot.vtp'.
[2024-10-09 17:28:29.249] [warning] Couldn't find file 'lumbar5.vtp'.
[2024-10-09 17:28:29.249] [warning] Couldn't find file 'lumbar4.vtp'.
[2024-10-09 17:28:29.250] [warning] Couldn't find file 'lumbar3.vtp'.
[2024-10-09 17:28:29.250] [warning] Couldn't find file 'lumbar2.vtp'.
[2024-10-09 17:28:29.250] [warning] Couldn't find file 'lumbar1.vtp'.
[2024-10-09 17:28:29.250] [warning] Couldn't find file 'cerv1sm.vtp'.
[2024-10-09 17:28:29.250] [warning] Couldn't find file 'cerv2sm.vtp'.
[2024-10-09 17:28:29.250] [warning] Couldn't find file 'cerv3sm.vtp'.
[2024-10-09 17:28:29.250] [warning] Couldn't find file 'cerv4sm.vtp'.
[2024-10-09 17:28:29.251] [warning] Couldn't find file 'cerv5sm.vtp'.
[2024-10-09 17:28:29.251] [warning] Couldn't find file 'cerv6sm.vtp'.
[2024-10-09 17:28:29.251] [warning] Couldn't find file 'cerv7.vtp'.
[2024-10-09 17:28:29.251] [warning] Couldn't find file 'thoracic12_s.vtp'.
[2024-10-09 17:28:29.251] [warning] Couldn't find file 'thoracic11_s.vtp'.
[2024-10-09 17:28:29.251] [warning] Couldn't find file 'thoracic10_s.vtp'.
[2024-10-09 17:28:29.251] [warning] Couldn't find file 'thoracic9_s.vtp'.
[2024-10-09 17:28:29.251] [warning] Couldn't find file 'thoracic8_s.vtp'.
[2024-10-09 17:28:29.252] [warning] Couldn't find file 'thoracic7_s.vtp'.
[2024-10-09 17:28:29.252] [warning] Couldn't find file 'thoracic6_s.vtp'.
[2024-10-09 17:28:29.252] [warning] Couldn't find file 'thoracic5_s.vtp'.
[2024-10-09 17:28:29.252] [warning] Couldn't find file 'thoracic4_s.vtp'.
[2024-10-09 17:28:29.252] [warning] Couldn't find file 'thoracic3_s.vtp'.
[2024-10-09 17:28:29.252] [warning] Couldn't find file 'thoracic2_s.vtp'.
[2024-10-09 17:28:29.252] [warning] Couldn't find file 'thoracic1_s.vtp'.
[2024-10-09 17:28:29.253] [warning] Couldn't find file 'hat_ribs_scap.vtp'.
[2024-10-09 17:28:29.253] [warning] Couldn't find file 'hat_jaw.vtp'.
[2024-10-09 17:28:29.253] [warning] Couldn't find file 'hat_skull.vtp'.
[2024-10-09 17:28:29.253] [warning] Couldn't find file 'humerus_rv.vtp'.
[2024-10-09 17:28:29.253] [warning] Couldn't find file 'ulna_rv.vtp'.
[2024-10-09 17:28:29.253] [warning] Couldn't find file 'radius_rv.vtp'.
[2024-10-09 17:28:29.253] [warning] Couldn't find file 'pisiform_rvs.vtp'.
[2024-10-09 17:28:29.253] [warning] Couldn't find file 'lunate_rvs.vtp'.
[2024-10-09 17:28:29.254] [warning] Couldn't find file 'scaphoid_rvs.vtp'.
[2024-10-09 17:28:29.254] [warning] Couldn't find file 'triquetrum_rvs.vtp'.
[2024-10-09 17:28:29.254] [warning] Couldn't find file 'hamate_rvs.vtp'.
[2024-10-09 17:28:29.254] [warning] Couldn't find file 'capitate_rvs.vtp'.
[2024-10-09 17:28:29.254] [warning] Couldn't find file 'trapezoid_rvs.vtp'.
[2024-10-09 17:28:29.254] [warning] Couldn't find file 'trapezium_rvs.vtp'.
[2024-10-09 17:28:29.254] [warning] Couldn't find file 'metacarpal2_rvs.vtp'.
[2024-10-09 17:28:29.255] [warning] Couldn't find file 'index_proximal_rvs.vtp'.
[2024-10-09 17:28:29.255] [warning] Couldn't find file 'index_medial_rvs.vtp'.
[2024-10-09 17:28:29.255] [warning] Couldn't find file 'index_distal_rvs.vtp'.
[2024-10-09 17:28:29.255] [warning] Couldn't find file 'metacarpal3_rvs.vtp'.
[2024-10-09 17:28:29.255] [warning] Couldn't find file 'middle_proximal_rvs.vtp'.
[2024-10-09 17:28:29.255] [warning] Couldn't find file 'middle_medial_rvs.vtp'.
[2024-10-09 17:28:29.255] [warning] Couldn't find file 'middle_distal_rvs.vtp'.
[2024-10-09 17:28:29.255] [warning] Couldn't find file 'metacarpal4_rvs.vtp'.
[2024-10-09 17:28:29.255] [warning] Couldn't find file 'ring_proximal_rvs.vtp'.
[2024-10-09 17:28:29.256] [warning] Couldn't find file 'ring_medial_rvs.vtp'.
[2024-10-09 17:28:29.256] [warning] Couldn't find file 'ring_distal_rvs.vtp'.
[2024-10-09 17:28:29.256] [warning] Couldn't find file 'metacarpal5_rvs.vtp'.
[2024-10-09 17:28:29.256] [warning] Couldn't find file 'little_proximal_rvs.vtp'.
[2024-10-09 17:28:29.256] [warning] Couldn't find file 'little_medial_rvs.vtp'.
[2024-10-09 17:28:29.256] [warning] Couldn't find file 'little_distal_rvs.vtp'.
[2024-10-09 17:28:29.256] [warning] Couldn't find file 'metacarpal1_rvs.vtp'.
[2024-10-09 17:28:29.256] [warning] Couldn't find file 'thumb_proximal_rvs.vtp'.
[2024-10-09 17:28:29.257] [warning] Couldn't find file 'thumb_distal_rvs.vtp'.
[2024-10-09 17:28:29.257] [warning] Couldn't find file 'humerus_lv.vtp'.
[2024-10-09 17:28:29.257] [warning] Couldn't find file 'ulna_lv.vtp'.
[2024-10-09 17:28:29.257] [warning] Couldn't find file 'radius_lv.vtp'.
[2024-10-09 17:28:29.258] [warning] Couldn't find file 'pisiform_lvs.vtp'.
[2024-10-09 17:28:29.258] [warning] Couldn't find file 'lunate_lvs.vtp'.
[2024-10-09 17:28:29.258] [warning] Couldn't find file 'scaphoid_lvs.vtp'.
[2024-10-09 17:28:29.258] [warning] Couldn't find file 'triquetrum_lvs.vtp'.
[2024-10-09 17:28:29.258] [warning] Couldn't find file 'hamate_lvs.vtp'.
[2024-10-09 17:28:29.258] [warning] Couldn't find file 'capitate_lvs.vtp'.
[2024-10-09 17:28:29.259] [warning] Couldn't find file 'trapezoid_lvs.vtp'.
[2024-10-09 17:28:29.259] [warning] Couldn't find file 'trapezium_lvs.vtp'.
[2024-10-09 17:28:29.259] [warning] Couldn't find file 'metacarpal2_lvs.vtp'.
[2024-10-09 17:28:29.259] [warning] Couldn't find file 'index_proximal_lvs.vtp'.
[2024-10-09 17:28:29.259] [warning] Couldn't find file 'index_medial_lvs.vtp'.
[2024-10-09 17:28:29.259] [warning] Couldn't find file 'index_distal_lvs.vtp'.
[2024-10-09 17:28:29.259] [warning] Couldn't find file 'metacarpal3_lvs.vtp'.
[2024-10-09 17:28:29.260] [warning] Couldn't find file 'middle_proximal_lvs.vtp'.
[2024-10-09 17:28:29.260] [warning] Couldn't find file 'middle_medial_lvs.vtp'.
[2024-10-09 17:28:29.260] [warning] Couldn't find file 'middle_distal_lvs.vtp'.
[2024-10-09 17:28:29.260] [warning] Couldn't find file 'metacarpal4_lvs.vtp'.
[2024-10-09 17:28:29.260] [warning] Couldn't find file 'ring_proximal_lvs.vtp'.
[2024-10-09 17:28:29.260] [warning] Couldn't find file 'ring_medial_lvs.vtp'.
[2024-10-09 17:28:29.260] [warning] Couldn't find file 'ring_distal_lvs.vtp'.
[2024-10-09 17:28:29.260] [warning] Couldn't find file 'metacarpal5_lvs.vtp'.
[2024-10-09 17:28:29.260] [warning] Couldn't find file 'little_proximal_lvs.vtp'.
[2024-10-09 17:28:29.261] [warning] Couldn't find file 'little_medial_lvs.vtp'.
[2024-10-09 17:28:29.261] [warning] Couldn't find file 'little_distal_lvs.vtp'.
[2024-10-09 17:28:29.261] [warning] Couldn't find file 'metacarpal1_lvs.vtp'.
[2024-10-09 17:28:29.261] [warning] Couldn't find file 'thumb_proximal_lvs.vtp'.
[2024-10-09 17:28:29.261] [warning] Couldn't find file 'thumb_distal_lvs.vtp'.
[2024-10-09 17:28:29.262] [cout] [info] 
               MODEL: Pose2Sim_scaled
         coordinates: 62
              forces: 0
           actuators: 0
             muscles: 0
            analyses: 0
              probes: 0
              bodies: 30
              joints: 30
         constraints: 20
             markers: 22
         controllers: 0
  contact geometries: 0
misc modelcomponents: 0
[2024-10-09 17:28:29.263] [info] Running tool .
[2024-10-09 17:28:29.724] [info] Frame 0 (t = 0.0333333):	 total squared error = 0.0167888, marker error: RMS = 0.0297257, max = 0.0616539 (LShoulder)
[2024-10-09 17:28:29.813] [info] Frame 1 (t = 0.0666667):	 total squared error = 0.0125929, marker error: RMS = 0.0257446, max = 0.0516634 (LShoulder)
[2024-10-09 17:28:29.876] [info] Frame 2 (t = 0.1):	 total squared error = 0.0105642, marker error: RMS = 0.0235798, max = 0.0435054 (LShoulder)
[2024-10-09 17:28:29.947] [info] Frame 3 (t = 0.133333):	 total squared error = 0.00989959, marker error: RMS = 0.0228261, max = 0.0381694 (LShoulder)
[2024-10-09 17:28:30.000] [info] Frame 4 (t = 0.166667):	 total squared error = 0.00980540, marker error: RMS = 0.0227173, max = 0.035311 (LShoulder)
[2024-10-09 17:28:30.048] [info] Frame 5 (t = 0.2):	 total squared error = 0.00987757, marker error: RMS = 0.0228007, max = 0.0339543 (LShoulder)
[2024-10-09 17:28:30.123] [info] Frame 6 (t = 0.233333):	 total squared error = 0.00999070, marker error: RMS = 0.0229309, max = 0.0339696 (LShoulder)
[2024-10-09 17:28:30.189] [info] Frame 7 (t = 0.266667):	 total squared error = 0.0101352, marker error: RMS = 0.0230961, max = 0.0344801 (LShoulder)
[2024-10-09 17:28:30.246] [info] Frame 8 (t = 0.3):	 total squared error = 0.0103050, marker error: RMS = 0.0232888, max = 0.0350862 (LShoulder)
[2024-10-09 17:28:30.296] [info] Frame 9 (t = 0.333333):	 total squared error = 0.0105052, marker error: RMS = 0.023514, max = 0.0358858 (LShoulder)
[2024-10-09 17:28:30.341] [info] Frame 10 (t = 0.366667):	 total squared error = 0.0107550, marker error: RMS = 0.0237918, max = 0.0366902 (LShoulder)
[2024-10-09 17:28:30.370] [info] Frame 11 (t = 0.4):	 total squared error = 0.0111001, marker error: RMS = 0.0241705, max = 0.0379464 (LShoulder)
[2024-10-09 17:28:30.430] [info] Frame 12 (t = 0.433333):	 total squared error = 0.0115375, marker error: RMS = 0.0246422, max = 0.0386283 (LShoulder)
[2024-10-09 17:28:30.492] [info] Frame 13 (t = 0.466667):	 total squared error = 0.0120136, marker error: RMS = 0.0251455, max = 0.0396198 (LShoulder)
[2024-10-09 17:28:30.537] [info] Frame 14 (t = 0.5):	 total squared error = 0.0123469, marker error: RMS = 0.0254919, max = 0.0398188 (LShoulder)
[2024-10-09 17:28:30.566] [info] Frame 15 (t = 0.533333):	 total squared error = 0.0124448, marker error: RMS = 0.0255928, max = 0.0389764 (LShoulder)
[2024-10-09 17:28:30.642] [info] Frame 16 (t = 0.566667):	 total squared error = 0.0124052, marker error: RMS = 0.025552, max = 0.0374032 (LShoulder)
[2024-10-09 17:28:30.689] [info] Frame 17 (t = 0.6):	 total squared error = 0.0123498, marker error: RMS = 0.0254949, max = 0.0357435 (LShoulder)
[2024-10-09 17:28:30.748] [info] Frame 18 (t = 0.633333):	 total squared error = 0.0122783, marker error: RMS = 0.025421, max = 0.0344391 (LShoulder)
[2024-10-09 17:28:30.819] [info] Frame 19 (t = 0.666667):	 total squared error = 0.0121663, marker error: RMS = 0.0253047, max = 0.0336846 (LShoulder)
[2024-10-09 17:28:30.850] [info] Frame 20 (t = 0.7):	 total squared error = 0.0120683, marker error: RMS = 0.0252027, max = 0.0334529 (LSmallToe)
[2024-10-09 17:28:30.907] [info] Frame 21 (t = 0.733333):	 total squared error = 0.0119271, marker error: RMS = 0.0250548, max = 0.0338806 (LSmallToe)
[2024-10-09 17:28:30.951] [info] Frame 22 (t = 0.766667):	 total squared error = 0.0118202, marker error: RMS = 0.0249423, max = 0.0337779 (LSmallToe)
[2024-10-09 17:28:30.986] [info] Frame 23 (t = 0.8):	 total squared error = 0.0116823, marker error: RMS = 0.0247964, max = 0.0339364 (LShoulder)
[2024-10-09 17:28:31.030] [info] Frame 24 (t = 0.833333):	 total squared error = 0.0114766, marker error: RMS = 0.0245771, max = 0.034637 (LShoulder)
[2024-10-09 17:28:31.047] [info] Frame 25 (t = 0.866667):	 total squared error = 0.0112547, marker error: RMS = 0.0243383, max = 0.0358793 (LShoulder)
[2024-10-09 17:28:31.066] [info] Frame 26 (t = 0.9):	 total squared error = 0.0110936, marker error: RMS = 0.0241634, max = 0.0373897 (LShoulder)
[2024-10-09 17:28:31.097] [info] Frame 27 (t = 0.933333):	 total squared error = 0.0109752, marker error: RMS = 0.0240342, max = 0.0387843 (LShoulder)
[2024-10-09 17:28:31.163] [info] Frame 28 (t = 0.966667):	 total squared error = 0.0108087, marker error: RMS = 0.0238512, max = 0.0397358 (LShoulder)
[2024-10-09 17:28:31.212] [info] Frame 29 (t = 1.0):	 total squared error = 0.0105637, marker error: RMS = 0.0235793, max = 0.0398372 (LShoulder)
[2024-10-09 17:28:31.258] [info] Frame 30 (t = 1.03333):	 total squared error = 0.0103499, marker error: RMS = 0.0233395, max = 0.0394269 (LShoulder)
[2024-10-09 17:28:31.322] [info] Frame 31 (t = 1.06667):	 total squared error = 0.0103016, marker error: RMS = 0.023285, max = 0.0391034 (LShoulder)
[2024-10-09 17:28:31.371] [info] Frame 32 (t = 1.1):	 total squared error = 0.0104451, marker error: RMS = 0.0234466, max = 0.0394276 (LShoulder)
[2024-10-09 17:28:31.416] [info] Frame 33 (t = 1.13333):	 total squared error = 0.0106935, marker error: RMS = 0.0237238, max = 0.0398603 (LShoulder)
[2024-10-09 17:28:31.482] [info] Frame 34 (t = 1.16667):	 total squared error = 0.0108847, marker error: RMS = 0.0239349, max = 0.0397672 (LShoulder)
[2024-10-09 17:28:31.569] [info] Frame 35 (t = 1.2):	 total squared error = 0.0109087, marker error: RMS = 0.0239612, max = 0.0389689 (LShoulder)
[2024-10-09 17:28:31.612] [info] Frame 36 (t = 1.23333):	 total squared error = 0.0107994, marker error: RMS = 0.023841, max = 0.0374815 (LShoulder)
[2024-10-09 17:28:31.681] [info] Frame 37 (t = 1.26667):	 total squared error = 0.0106124, marker error: RMS = 0.0236336, max = 0.0361037 (LShoulder)
[2024-10-09 17:28:31.725] [info] Frame 38 (t = 1.3):	 total squared error = 0.0104021, marker error: RMS = 0.0233982, max = 0.0350958 (LShoulder)
[2024-10-09 17:28:31.782] [info] Frame 39 (t = 1.33333):	 total squared error = 0.0102635, marker error: RMS = 0.0232419, max = 0.0344068 (LShoulder)
[2024-10-09 17:28:31.853] [info] Frame 40 (t = 1.36667):	 total squared error = 0.0102530, marker error: RMS = 0.0232299, max = 0.0340410 (LShoulder)
[2024-10-09 17:28:31.901] [info] Frame 41 (t = 1.4):	 total squared error = 0.0103467, marker error: RMS = 0.0233358, max = 0.0339607 (LShoulder)
[2024-10-09 17:28:31.958] [info] Frame 42 (t = 1.43333):	 total squared error = 0.0105189, marker error: RMS = 0.0235292, max = 0.0338238 (LShoulder)
[2024-10-09 17:28:32.012] [info] Frame 43 (t = 1.46667):	 total squared error = 0.0107781, marker error: RMS = 0.0238174, max = 0.0339269 (LShoulder)
[2024-10-09 17:28:32.081] [info] Frame 44 (t = 1.5):	 total squared error = 0.0111383, marker error: RMS = 0.0242121, max = 0.0340841 (LShoulder)
[2024-10-09 17:28:32.132] [info] Frame 45 (t = 1.53333):	 total squared error = 0.0115293, marker error: RMS = 0.0246334, max = 0.0343684 (LShoulder)
[2024-10-09 17:28:32.183] [info] Frame 46 (t = 1.56667):	 total squared error = 0.0118409, marker error: RMS = 0.0249641, max = 0.0344588 (LShoulder)
[2024-10-09 17:28:32.238] [info] Frame 47 (t = 1.6):	 total squared error = 0.0120369, marker error: RMS = 0.0251698, max = 0.0345307 (LShoulder)
[2024-10-09 17:28:32.261] [info] Frame 48 (t = 1.63333):	 total squared error = 0.0121791, marker error: RMS = 0.0253181, max = 0.034554 (LShoulder)
[2024-10-09 17:28:32.285] [info] Frame 49 (t = 1.66667):	 total squared error = 0.0123276, marker error: RMS = 0.025472, max = 0.0345577 (LShoulder)
[2024-10-09 17:28:32.302] [info] Frame 50 (t = 1.7):	 total squared error = 0.0125036, marker error: RMS = 0.0256532, max = 0.0349465 (LAnkle)
[2024-10-09 17:28:32.353] [info] Frame 51 (t = 1.73333):	 total squared error = 0.0125992, marker error: RMS = 0.025751, max = 0.0353331 (LAnkle)
[2024-10-09 17:28:32.403] [info] Frame 52 (t = 1.76667):	 total squared error = 0.0125986, marker error: RMS = 0.0257505, max = 0.0350238 (LAnkle)
[2024-10-09 17:28:32.455] [info] Frame 53 (t = 1.8):	 total squared error = 0.0125106, marker error: RMS = 0.0256604, max = 0.0348328 (LShoulder)
[2024-10-09 17:28:32.526] [info] Frame 54 (t = 1.83333):	 total squared error = 0.0123694, marker error: RMS = 0.0255151, max = 0.0346944 (LShoulder)
[2024-10-09 17:28:32.609] [info] Frame 55 (t = 1.86667):	 total squared error = 0.012212, marker error: RMS = 0.0253523, max = 0.0345486 (LShoulder)
[2024-10-09 17:28:32.684] [info] Frame 56 (t = 1.9):	 total squared error = 0.0120978, marker error: RMS = 0.0252335, max = 0.034314 (LShoulder)
[2024-10-09 17:28:32.721] [info] Frame 57 (t = 1.93333):	 total squared error = 0.0120584, marker error: RMS = 0.0251923, max = 0.0341855 (LShoulder)
[2024-10-09 17:28:32.787] [info] Frame 58 (t = 1.96667):	 total squared error = 0.0120633, marker error: RMS = 0.0251975, max = 0.0341587 (LShoulder)
[2024-10-09 17:28:32.841] [info] Frame 59 (t = 2.0):	 total squared error = 0.0121298, marker error: RMS = 0.0252668, max = 0.0346077 (LShoulder)
[2024-10-09 17:28:32.885] [info] Frame 60 (t = 2.03333):	 total squared error = 0.0122507, marker error: RMS = 0.0253924, max = 0.0356433 (LShoulder)
[2024-10-09 17:28:32.920] [info] Frame 61 (t = 2.06667):	 total squared error = 0.0123831, marker error: RMS = 0.0255292, max = 0.0374565 (LShoulder)
[2024-10-09 17:28:32.953] [info] Frame 62 (t = 2.1):	 total squared error = 0.01252, marker error: RMS = 0.0256699, max = 0.0402837 (LShoulder)
[2024-10-09 17:28:33.005] [info] Frame 63 (t = 2.13333):	 total squared error = 0.0127352, marker error: RMS = 0.0258896, max = 0.0432571 (LShoulder)
[2024-10-09 17:28:33.032] [info] Frame 64 (t = 2.16667):	 total squared error = 0.0130156, marker error: RMS = 0.0261731, max = 0.046188 (LShoulder)
[2024-10-09 17:28:33.102] [info] Frame 65 (t = 2.2):	 total squared error = 0.0131516, marker error: RMS = 0.0263095, max = 0.0472969 (LShoulder)
[2024-10-09 17:28:33.155] [info] Frame 66 (t = 2.23333):	 total squared error = 0.0130247, marker error: RMS = 0.0261823, max = 0.0467857 (LShoulder)
[2024-10-09 17:28:33.231] [info] Frame 67 (t = 2.26667):	 total squared error = 0.0126954, marker error: RMS = 0.0258492, max = 0.0446401 (LShoulder)
[2024-10-09 17:28:33.282] [info] Frame 68 (t = 2.3):	 total squared error = 0.0123316, marker error: RMS = 0.0254761, max = 0.0417318 (LShoulder)
[2024-10-09 17:28:33.336] [info] Frame 69 (t = 2.33333):	 total squared error = 0.0120947, marker error: RMS = 0.0252302, max = 0.0388907 (LShoulder)
[2024-10-09 17:28:33.355] [info] Frame 70 (t = 2.36667):	 total squared error = 0.0120522, marker error: RMS = 0.0251858, max = 0.0366542 (LShoulder)
[2024-10-09 17:28:33.412] [info] Frame 71 (t = 2.4):	 total squared error = 0.012149, marker error: RMS = 0.0252867, max = 0.0355335 (LShoulder)
[2024-10-09 17:28:33.472] [info] Frame 72 (t = 2.43333):	 total squared error = 0.012295, marker error: RMS = 0.0254383, max = 0.035194 (LShoulder)
[2024-10-09 17:28:33.519] [info] Frame 73 (t = 2.46667):	 total squared error = 0.0124402, marker error: RMS = 0.0255881, max = 0.0353611 (LShoulder)
[2024-10-09 17:28:33.589] [info] Frame 74 (t = 2.5):	 total squared error = 0.0125402, marker error: RMS = 0.0256907, max = 0.0353906 (LShoulder)
[2024-10-09 17:28:33.645] [info] Frame 75 (t = 2.53333):	 total squared error = 0.0125356, marker error: RMS = 0.025686, max = 0.0355269 (LShoulder)
[2024-10-09 17:28:33.664] [info] Frame 76 (t = 2.56667):	 total squared error = 0.0123719, marker error: RMS = 0.0255176, max = 0.0354882 (LShoulder)
[2024-10-09 17:28:33.727] [info] Frame 77 (t = 2.6):	 total squared error = 0.0120392, marker error: RMS = 0.0251722, max = 0.0357382 (LShoulder)
[2024-10-09 17:28:33.744] [info] Frame 78 (t = 2.63333):	 total squared error = 0.0116665, marker error: RMS = 0.0247795, max = 0.0354901 (LShoulder)
[2024-10-09 17:28:33.776] [info] Frame 79 (t = 2.66667):	 total squared error = 0.0113842, marker error: RMS = 0.0244779, max = 0.0354163 (LShoulder)
[2024-10-09 17:28:33.843] [info] Frame 80 (t = 2.7):	 total squared error = 0.0111884, marker error: RMS = 0.0242665, max = 0.0354938 (LShoulder)
[2024-10-09 17:28:33.892] [info] Frame 81 (t = 2.73333):	 total squared error = 0.0111070, marker error: RMS = 0.024178, max = 0.0355857 (LShoulder)
[2024-10-09 17:28:33.938] [info] Frame 82 (t = 2.76667):	 total squared error = 0.0111503, marker error: RMS = 0.0242252, max = 0.0359004 (LShoulder)
[2024-10-09 17:28:33.994] [info] Frame 83 (t = 2.8):	 total squared error = 0.0112631, marker error: RMS = 0.0243474, max = 0.0356767 (LShoulder)
[2024-10-09 17:28:34.041] [info] Frame 84 (t = 2.83333):	 total squared error = 0.0113364, marker error: RMS = 0.0244265, max = 0.0358201 (LShoulder)
[2024-10-09 17:28:34.116] [info] Frame 85 (t = 2.86667):	 total squared error = 0.0113194, marker error: RMS = 0.0244082, max = 0.0357589 (LShoulder)
[2024-10-09 17:28:34.167] [info] Frame 86 (t = 2.9):	 total squared error = 0.011286, marker error: RMS = 0.0243721, max = 0.0357684 (LShoulder)
[2024-10-09 17:28:34.179] [info] Frame 87 (t = 2.93333):	 total squared error = 0.0113171, marker error: RMS = 0.0244057, max = 0.0358221 (LShoulder)
[2024-10-09 17:28:34.216] [info] Frame 88 (t = 2.96667):	 total squared error = 0.0114155, marker error: RMS = 0.0245115, max = 0.0356851 (LShoulder)
[2024-10-09 17:28:34.266] [info] Frame 89 (t = 3.0):	 total squared error = 0.0115278, marker error: RMS = 0.0246319, max = 0.03572 (LShoulder)
[2024-10-09 17:28:34.307] [info] Frame 90 (t = 3.03333):	 total squared error = 0.011619, marker error: RMS = 0.024729, max = 0.0357285 (LShoulder)
[2024-10-09 17:28:34.353] [info] Frame 91 (t = 3.06667):	 total squared error = 0.0116904, marker error: RMS = 0.0248049, max = 0.0357807 (LShoulder)
[2024-10-09 17:28:34.432] [info] Frame 92 (t = 3.1):	 total squared error = 0.0117522, marker error: RMS = 0.0248704, max = 0.0357707 (LShoulder)
[2024-10-09 17:28:34.505] [info] Frame 93 (t = 3.13333):	 total squared error = 0.0118073, marker error: RMS = 0.0249287, max = 0.0358465 (LShoulder)
[2024-10-09 17:28:34.555] [info] Frame 94 (t = 3.16667):	 total squared error = 0.0118516, marker error: RMS = 0.0249754, max = 0.0359544 (LShoulder)
[2024-10-09 17:28:34.634] [info] Frame 95 (t = 3.2):	 total squared error = 0.0118618, marker error: RMS = 0.0249861, max = 0.0361585 (LShoulder)
[2024-10-09 17:28:34.714] [info] Frame 96 (t = 3.23333):	 total squared error = 0.01182, marker error: RMS = 0.0249421, max = 0.0363995 (LShoulder)
[2024-10-09 17:28:34.762] [info] Frame 97 (t = 3.26667):	 total squared error = 0.0117353, marker error: RMS = 0.0248526, max = 0.0365748 (LShoulder)
[2024-10-09 17:28:34.811] [info] Frame 98 (t = 3.3):	 total squared error = 0.0116431, marker error: RMS = 0.0247547, max = 0.0366009 (LShoulder)
[2024-10-09 17:28:34.885] [info] Frame 99 (t = 3.33333):	 total squared error = 0.0115509, marker error: RMS = 0.0246564, max = 0.0367109 (LShoulder)
[2024-10-09 17:28:34.957] [info] Frame 100 (t = 3.36667):	 total squared error = 0.0114528, marker error: RMS = 0.0245515, max = 0.036587 (LShoulder)
[2024-10-09 17:28:35.020] [info] Frame 101 (t = 3.4):	 total squared error = 0.0113394, marker error: RMS = 0.0244297, max = 0.0365668 (LShoulder)
[2024-10-09 17:28:35.076] [info] Frame 102 (t = 3.43333):	 total squared error = 0.0112418, marker error: RMS = 0.0243243, max = 0.0367062 (LShoulder)
[2024-10-09 17:28:35.139] [info] Frame 103 (t = 3.46667):	 total squared error = 0.0111844, marker error: RMS = 0.0242622, max = 0.0364446 (LShoulder)
[2024-10-09 17:28:35.194] [info] Frame 104 (t = 3.5):	 total squared error = 0.0111517, marker error: RMS = 0.0242266, max = 0.0365898 (LShoulder)
[2024-10-09 17:28:35.242] [info] Frame 105 (t = 3.53333):	 total squared error = 0.0111176, marker error: RMS = 0.0241896, max = 0.0365664 (LShoulder)
[2024-10-09 17:28:35.288] [info] Frame 106 (t = 3.56667):	 total squared error = 0.0110800, marker error: RMS = 0.0241486, max = 0.0364231 (LShoulder)
[2024-10-09 17:28:35.350] [info] Frame 107 (t = 3.6):	 total squared error = 0.0110382, marker error: RMS = 0.0241031, max = 0.0360397 (LShoulder)
[2024-10-09 17:28:35.409] [info] Frame 108 (t = 3.63333):	 total squared error = 0.0109630, marker error: RMS = 0.0240208, max = 0.0356057 (LShoulder)
[2024-10-09 17:28:35.433] [info] Frame 109 (t = 3.66667):	 total squared error = 0.0108244, marker error: RMS = 0.0238685, max = 0.0348936 (LShoulder)
[2024-10-09 17:28:35.483] [info] Frame 110 (t = 3.7):	 total squared error = 0.0107029, marker error: RMS = 0.0237342, max = 0.034778 (LShoulder)
[2024-10-09 17:28:35.530] [info] Frame 111 (t = 3.73333):	 total squared error = 0.0106739, marker error: RMS = 0.0237020, max = 0.0342853 (LShoulder)
[2024-10-09 17:28:35.614] [info] Frame 112 (t = 3.76667):	 total squared error = 0.0107725, marker error: RMS = 0.0238112, max = 0.0342493 (LShoulder)
[2024-10-09 17:28:35.677] [info] Frame 113 (t = 3.8):	 total squared error = 0.0109422, marker error: RMS = 0.023998, max = 0.0340513 (LShoulder)
[2024-10-09 17:28:35.734] [info] Frame 114 (t = 3.83333):	 total squared error = 0.0110530, marker error: RMS = 0.0241192, max = 0.0341276 (LShoulder)
[2024-10-09 17:28:35.796] [info] Frame 115 (t = 3.86667):	 total squared error = 0.0110688, marker error: RMS = 0.0241365, max = 0.0342474 (LShoulder)
[2024-10-09 17:28:35.869] [info] Frame 116 (t = 3.9):	 total squared error = 0.0110430, marker error: RMS = 0.0241083, max = 0.0344124 (LShoulder)
[2024-10-09 17:28:35.929] [info] Frame 117 (t = 3.93333):	 total squared error = 0.0110542, marker error: RMS = 0.0241205, max = 0.0346329 (LShoulder)
[2024-10-09 17:28:36.017] [info] Frame 118 (t = 3.96667):	 total squared error = 0.0111425, marker error: RMS = 0.0242166, max = 0.0347634 (LShoulder)
[2024-10-09 17:28:36.046] [info] Frame 119 (t = 4.0):	 total squared error = 0.0113032, marker error: RMS = 0.0243907, max = 0.0351093 (LShoulder)
[2024-10-09 17:28:36.073] [info] Frame 120 (t = 4.03333):	 total squared error = 0.0113775, marker error: RMS = 0.0244707, max = 0.0354112 (LShoulder)
[2024-10-09 17:28:36.121] [info] Frame 121 (t = 4.06667):	 total squared error = 0.0113667, marker error: RMS = 0.0244591, max = 0.0354959 (LShoulder)
[2024-10-09 17:28:36.178] [info] Frame 122 (t = 4.1):	 total squared error = 0.0112569, marker error: RMS = 0.0243406, max = 0.0353245 (LShoulder)
[2024-10-09 17:28:36.214] [info] Frame 123 (t = 4.13333):	 total squared error = 0.0111416, marker error: RMS = 0.0242157, max = 0.0354262 (LShoulder)
[2024-10-09 17:28:36.293] [info] Frame 124 (t = 4.16667):	 total squared error = 0.0111081, marker error: RMS = 0.0241792, max = 0.0353127 (LShoulder)
[2024-10-09 17:28:36.344] [info] Frame 125 (t = 4.2):	 total squared error = 0.0112059, marker error: RMS = 0.0242855, max = 0.0351871 (LShoulder)
[2024-10-09 17:28:36.399] [info] Frame 126 (t = 4.23333):	 total squared error = 0.0114117, marker error: RMS = 0.0245075, max = 0.0350136 (LShoulder)
[2024-10-09 17:28:36.450] [info] Frame 127 (t = 4.26667):	 total squared error = 0.0116428, marker error: RMS = 0.0247544, max = 0.034825 (LShoulder)
[2024-10-09 17:28:36.510] [info] Frame 128 (t = 4.3):	 total squared error = 0.0117957, marker error: RMS = 0.0249164, max = 0.0345593 (LShoulder)
[2024-10-09 17:28:36.564] [info] Frame 129 (t = 4.33333):	 total squared error = 0.0118247, marker error: RMS = 0.024947, max = 0.0344318 (LShoulder)
[2024-10-09 17:28:36.615] [info] Frame 130 (t = 4.36667):	 total squared error = 0.0117415, marker error: RMS = 0.0248591, max = 0.034394 (LShoulder)
[2024-10-09 17:28:36.669] [info] Frame 131 (t = 4.4):	 total squared error = 0.0115719, marker error: RMS = 0.0246789, max = 0.0344318 (LShoulder)
[2024-10-09 17:28:36.723] [info] Frame 132 (t = 4.43333):	 total squared error = 0.0113188, marker error: RMS = 0.0244075, max = 0.0345482 (LShoulder)
[2024-10-09 17:28:36.763] [info] Frame 133 (t = 4.46667):	 total squared error = 0.0110048, marker error: RMS = 0.0240666, max = 0.0346386 (LShoulder)
[2024-10-09 17:28:36.804] [info] Frame 134 (t = 4.5):	 total squared error = 0.0107022, marker error: RMS = 0.0237334, max = 0.0348538 (LShoulder)
[2024-10-09 17:28:36.834] [info] Frame 135 (t = 4.53333):	 total squared error = 0.0105412, marker error: RMS = 0.0235542, max = 0.0353569 (LShoulder)
[2024-10-09 17:28:36.883] [info] Frame 136 (t = 4.56667):	 total squared error = 0.0106056, marker error: RMS = 0.0236261, max = 0.0366050 (LShoulder)
[2024-10-09 17:28:36.910] [info] Frame 137 (t = 4.6):	 total squared error = 0.0109131, marker error: RMS = 0.0239661, max = 0.0385108 (LShoulder)
[2024-10-09 17:28:36.944] [info] Frame 138 (t = 4.63333):	 total squared error = 0.0114215, marker error: RMS = 0.024518, max = 0.0409160 (LShoulder)
[2024-10-09 17:28:37.006] [info] Frame 139 (t = 4.66667):	 total squared error = 0.0120847, marker error: RMS = 0.0252198, max = 0.0428881 (LShoulder)
[2024-10-09 17:28:37.033] [info] Frame 140 (t = 4.7):	 total squared error = 0.0128279, marker error: RMS = 0.0259837, max = 0.0448687 (LShoulder)
[2024-10-09 17:28:37.079] [info] Frame 141 (t = 4.73333):	 total squared error = 0.0135281, marker error: RMS = 0.0266834, max = 0.0458743 (LShoulder)
[2024-10-09 17:28:37.126] [info] Frame 142 (t = 4.76667):	 total squared error = 0.0139839, marker error: RMS = 0.0271293, max = 0.0462309 (LShoulder)
[2024-10-09 17:28:37.198] [info] Frame 143 (t = 4.8):	 total squared error = 0.0139424, marker error: RMS = 0.0270889, max = 0.0451337 (LShoulder)
[2024-10-09 17:28:37.227] [info] Frame 144 (t = 4.83333):	 total squared error = 0.0134879, marker error: RMS = 0.0266438, max = 0.0425582 (LShoulder)
[2024-10-09 17:28:37.273] [info] Frame 145 (t = 4.86667):	 total squared error = 0.0129054, marker error: RMS = 0.0260621, max = 0.0398185 (LShoulder)
[2024-10-09 17:28:37.357] [info] Frame 146 (t = 4.9):	 total squared error = 0.012453, marker error: RMS = 0.0256012, max = 0.0375171 (LShoulder)
[2024-10-09 17:28:37.405] [info] Frame 147 (t = 4.93333):	 total squared error = 0.0122551, marker error: RMS = 0.0253969, max = 0.0362943 (LShoulder)
[2024-10-09 17:28:37.444] [info] Frame 148 (t = 4.96667):	 total squared error = 0.0123601, marker error: RMS = 0.0255055, max = 0.0364109 (LShoulder)
[2024-10-09 17:28:37.462] [info] Frame 149 (t = 5.0):	 total squared error = 0.0126986, marker error: RMS = 0.0258524, max = 0.0377981 (LShoulder)
[2024-10-09 17:28:37.499] [info] Frame 150 (t = 5.03333):	 total squared error = 0.0130613, marker error: RMS = 0.026219, max = 0.0399044 (LShoulder)
[2024-10-09 17:28:37.579] [info] Frame 151 (t = 5.06667):	 total squared error = 0.0133705, marker error: RMS = 0.0265275, max = 0.0418776 (LShoulder)
[2024-10-09 17:28:37.599] [info] Frame 152 (t = 5.1):	 total squared error = 0.0136517, marker error: RMS = 0.0268050, max = 0.0444208 (LShoulder)
[2024-10-09 17:28:37.637] [info] Frame 153 (t = 5.13333):	 total squared error = 0.013989, marker error: RMS = 0.0271342, max = 0.0467935 (LShoulder)
[2024-10-09 17:28:37.656] [info] Frame 154 (t = 5.16667):	 total squared error = 0.0143044, marker error: RMS = 0.0274384, max = 0.0494388 (LShoulder)
[2024-10-09 17:28:37.703] [info] Frame 155 (t = 5.2):	 total squared error = 0.0143938, marker error: RMS = 0.0275239, max = 0.0513277 (LShoulder)
[2024-10-09 17:28:37.725] [info] Frame 156 (t = 5.23333):	 total squared error = 0.0141645, marker error: RMS = 0.0273039, max = 0.0525032 (LShoulder)
[2024-10-09 17:28:37.752] [info] Frame 157 (t = 5.26667):	 total squared error = 0.0137625, marker error: RMS = 0.0269136, max = 0.0529354 (LShoulder)
[2024-10-09 17:28:37.783] [info] Frame 158 (t = 5.3):	 total squared error = 0.0132379, marker error: RMS = 0.0263956, max = 0.0521854 (LShoulder)
[2024-10-09 17:28:37.806] [info] Frame 159 (t = 5.33333):	 total squared error = 0.0126229, marker error: RMS = 0.0257752, max = 0.049942 (LShoulder)
[2024-10-09 17:28:37.858] [info] Frame 160 (t = 5.36667):	 total squared error = 0.0120450, marker error: RMS = 0.0251783, max = 0.0471714 (LShoulder)
[2024-10-09 17:28:37.953] [info] Frame 161 (t = 5.4):	 total squared error = 0.0116441, marker error: RMS = 0.0247558, max = 0.0446183 (LShoulder)
[2024-10-09 17:28:38.016] [info] Frame 162 (t = 5.43333):	 total squared error = 0.0114848, marker error: RMS = 0.0245858, max = 0.0425081 (LShoulder)
[2024-10-09 17:28:38.033] [info] Frame 163 (t = 5.46667):	 total squared error = 0.0115328, marker error: RMS = 0.0246371, max = 0.0409038 (LShoulder)
[2024-10-09 17:28:38.065] [info] Frame 164 (t = 5.5):	 total squared error = 0.011657, marker error: RMS = 0.0247695, max = 0.0399126 (LShoulder)
[2024-10-09 17:28:38.084] [info] Frame 165 (t = 5.53333):	 total squared error = 0.0118099, marker error: RMS = 0.0249314, max = 0.0395627 (LShoulder)
[2024-10-09 17:28:38.134] [info] Frame 166 (t = 5.56667):	 total squared error = 0.011858, marker error: RMS = 0.0249821, max = 0.039211 (LShoulder)
[2024-10-09 17:28:38.182] [info] Frame 167 (t = 5.6):	 total squared error = 0.0118323, marker error: RMS = 0.024955, max = 0.0385622 (LShoulder)
[2024-10-09 17:28:38.229] [info] Frame 168 (t = 5.63333):	 total squared error = 0.011751, marker error: RMS = 0.0248692, max = 0.037565 (LShoulder)
[2024-10-09 17:28:38.256] [info] Frame 169 (t = 5.66667):	 total squared error = 0.0116384, marker error: RMS = 0.0247497, max = 0.0364728 (LShoulder)
[2024-10-09 17:28:38.313] [info] Frame 170 (t = 5.7):	 total squared error = 0.0114707, marker error: RMS = 0.0245707, max = 0.0362286 (LShoulder)
[2024-10-09 17:28:38.390] [info] Frame 171 (t = 5.73333):	 total squared error = 0.0113854, marker error: RMS = 0.0244792, max = 0.035957 (LShoulder)
[2024-10-09 17:28:38.425] [info] Frame 172 (t = 5.76667):	 total squared error = 0.011449, marker error: RMS = 0.0245475, max = 0.0357652 (LShoulder)
[2024-10-09 17:28:38.468] [info] Frame 173 (t = 5.8):	 total squared error = 0.0115733, marker error: RMS = 0.0246804, max = 0.0356756 (LShoulder)
[2024-10-09 17:28:38.494] [info] Frame 174 (t = 5.83333):	 total squared error = 0.0116081, marker error: RMS = 0.0247174, max = 0.0355185 (LShoulder)
[2024-10-09 17:28:38.544] [info] Frame 175 (t = 5.86667):	 total squared error = 0.0114838, marker error: RMS = 0.0245847, max = 0.0354977 (LShoulder)
[2024-10-09 17:28:38.561] [info] Frame 176 (t = 5.9):	 total squared error = 0.0112979, marker error: RMS = 0.024385, max = 0.0353201 (LShoulder)
[2024-10-09 17:28:38.636] [info] Frame 177 (t = 5.93333):	 total squared error = 0.0112388, marker error: RMS = 0.0243211, max = 0.0350838 (LShoulder)
[2024-10-09 17:28:38.682] [info] Frame 178 (t = 5.96667):	 total squared error = 0.0113444, marker error: RMS = 0.0244351, max = 0.0350631 (LShoulder)
[2024-10-09 17:28:38.699] [info] Frame 179 (t = 6.0):	 total squared error = 0.0116383, marker error: RMS = 0.0247496, max = 0.0352167 (LShoulder)
[2024-10-09 17:28:38.753] [info] Frame 180 (t = 6.03333):	 total squared error = 0.0120026, marker error: RMS = 0.025134, max = 0.0350392 (LShoulder)
[2024-10-09 17:28:38.773] [info] Frame 181 (t = 6.06667):	 total squared error = 0.0123417, marker error: RMS = 0.0254865, max = 0.0353104 (LShoulder)
[2024-10-09 17:28:38.845] [info] Frame 182 (t = 6.1):	 total squared error = 0.0124746, marker error: RMS = 0.0256234, max = 0.0357378 (LAnkle)
[2024-10-09 17:28:38.894] [info] Frame 183 (t = 6.13333):	 total squared error = 0.0123836, marker error: RMS = 0.0255298, max = 0.0361941 (LAnkle)
[2024-10-09 17:28:38.935] [info] Frame 184 (t = 6.16667):	 total squared error = 0.0121153, marker error: RMS = 0.0252517, max = 0.0351247 (LAnkle)
[2024-10-09 17:28:38.963] [info] Frame 185 (t = 6.2):	 total squared error = 0.0118034, marker error: RMS = 0.0249245, max = 0.0349945 (LShoulder)
[2024-10-09 17:28:38.996] [info] Frame 186 (t = 6.23333):	 total squared error = 0.0115729, marker error: RMS = 0.0246799, max = 0.0350152 (LShoulder)
[2024-10-09 17:28:39.015] [info] Frame 187 (t = 6.26667):	 total squared error = 0.0114156, marker error: RMS = 0.0245116, max = 0.035118 (LShoulder)
[2024-10-09 17:28:39.059] [info] Frame 188 (t = 6.3):	 total squared error = 0.0112621, marker error: RMS = 0.0243463, max = 0.0352861 (LShoulder)
[2024-10-09 17:28:39.150] [info] Frame 189 (t = 6.33333):	 total squared error = 0.0109969, marker error: RMS = 0.0240579, max = 0.0354559 (LShoulder)
[2024-10-09 17:28:39.189] [info] Frame 190 (t = 6.36667):	 total squared error = 0.0107030, marker error: RMS = 0.0237343, max = 0.0355911 (LShoulder)
[2024-10-09 17:28:39.206] [info] Frame 191 (t = 6.4):	 total squared error = 0.0105229, marker error: RMS = 0.0235337, max = 0.0356982 (LShoulder)
[2024-10-09 17:28:39.236] [info] Frame 192 (t = 6.43333):	 total squared error = 0.0105694, marker error: RMS = 0.0235857, max = 0.0356665 (LShoulder)
[2024-10-09 17:28:39.269] [info] Frame 193 (t = 6.46667):	 total squared error = 0.0107854, marker error: RMS = 0.0238255, max = 0.0356205 (LShoulder)
[2024-10-09 17:28:39.315] [info] Frame 194 (t = 6.5):	 total squared error = 0.0110584, marker error: RMS = 0.0241251, max = 0.0355091 (LShoulder)
[2024-10-09 17:28:39.355] [info] Frame 195 (t = 6.53333):	 total squared error = 0.0113131, marker error: RMS = 0.0244014, max = 0.0354529 (LShoulder)
[2024-10-09 17:28:39.418] [info] Frame 196 (t = 6.56667):	 total squared error = 0.0115569, marker error: RMS = 0.0246629, max = 0.0351161 (LShoulder)
[2024-10-09 17:28:39.487] [info] Frame 197 (t = 6.6):	 total squared error = 0.0117339, marker error: RMS = 0.024851, max = 0.0350432 (LShoulder)
[2024-10-09 17:28:39.528] [info] Frame 198 (t = 6.63333):	 total squared error = 0.0117975, marker error: RMS = 0.0249183, max = 0.0350157 (LShoulder)
[2024-10-09 17:28:39.571] [info] Frame 199 (t = 6.66667):	 total squared error = 0.0117272, marker error: RMS = 0.0248439, max = 0.0348732 (LShoulder)
[2024-10-09 17:28:39.631] [info] Frame 200 (t = 6.7):	 total squared error = 0.0115452, marker error: RMS = 0.0246504, max = 0.0349452 (LShoulder)
[2024-10-09 17:28:39.675] [info] Frame 201 (t = 6.73333):	 total squared error = 0.0113756, marker error: RMS = 0.0244687, max = 0.0350294 (RShoulder)
[2024-10-09 17:28:39.735] [info] Frame 202 (t = 6.76667):	 total squared error = 0.0113328, marker error: RMS = 0.0244226, max = 0.0350584 (LShoulder)
[2024-10-09 17:28:39.812] [info] Frame 203 (t = 6.8):	 total squared error = 0.0114752, marker error: RMS = 0.0245756, max = 0.0350040 (LShoulder)
[2024-10-09 17:28:39.852] [info] Frame 204 (t = 6.83333):	 total squared error = 0.0117429, marker error: RMS = 0.0248606, max = 0.034927 (LShoulder)
[2024-10-09 17:28:39.901] [info] Frame 205 (t = 6.86667):	 total squared error = 0.0119814, marker error: RMS = 0.0251118, max = 0.0345372 (LShoulder)
[2024-10-09 17:28:39.961] [info] Frame 206 (t = 6.9):	 total squared error = 0.0120560, marker error: RMS = 0.0251898, max = 0.0341325 (LShoulder)
[2024-10-09 17:28:40.012] [info] Frame 207 (t = 6.93333):	 total squared error = 0.0119519, marker error: RMS = 0.0250808, max = 0.0339307 (LShoulder)
[2024-10-09 17:28:40.091] [info] Frame 208 (t = 6.96667):	 total squared error = 0.011744, marker error: RMS = 0.0248617, max = 0.0339656 (LShoulder)
[2024-10-09 17:28:40.171] [info] Frame 209 (t = 7.0):	 total squared error = 0.0115473, marker error: RMS = 0.0246526, max = 0.0342205 (LShoulder)
[2024-10-09 17:28:40.242] [info] Frame 210 (t = 7.03333):	 total squared error = 0.0114687, marker error: RMS = 0.0245686, max = 0.0345028 (LShoulder)
[2024-10-09 17:28:40.324] [info] Frame 211 (t = 7.06667):	 total squared error = 0.0115544, marker error: RMS = 0.0246603, max = 0.0348377 (LShoulder)
[2024-10-09 17:28:40.386] [info] Frame 212 (t = 7.1):	 total squared error = 0.0117626, marker error: RMS = 0.0248814, max = 0.0351049 (LShoulder)
[2024-10-09 17:28:40.468] [info] Frame 213 (t = 7.13333):	 total squared error = 0.011994, marker error: RMS = 0.025125, max = 0.0353631 (LShoulder)
[2024-10-09 17:28:40.547] [info] Frame 214 (t = 7.16667):	 total squared error = 0.0121875, marker error: RMS = 0.0253268, max = 0.0354138 (LShoulder)
[2024-10-09 17:28:40.597] [info] Frame 215 (t = 7.2):	 total squared error = 0.0123279, marker error: RMS = 0.0254723, max = 0.0355349 (LShoulder)
[2024-10-09 17:28:40.631] [info] Frame 216 (t = 7.23333):	 total squared error = 0.0124263, marker error: RMS = 0.0255738, max = 0.0353847 (LShoulder)
[2024-10-09 17:28:40.647] [info] Frame 217 (t = 7.26667):	 total squared error = 0.0125087, marker error: RMS = 0.0256584, max = 0.0352684 (LShoulder)
[2024-10-09 17:28:40.679] [info] Frame 218 (t = 7.3):	 total squared error = 0.0125667, marker error: RMS = 0.0257178, max = 0.0351491 (LShoulder)
[2024-10-09 17:28:40.718] [info] Frame 219 (t = 7.33333):	 total squared error = 0.0126064, marker error: RMS = 0.0257584, max = 0.0350519 (LShoulder)
[2024-10-09 17:28:40.801] [info] Frame 220 (t = 7.36667):	 total squared error = 0.0125668, marker error: RMS = 0.0257179, max = 0.0351539 (LShoulder)
[2024-10-09 17:28:40.848] [info] Frame 221 (t = 7.4):	 total squared error = 0.0124453, marker error: RMS = 0.0255933, max = 0.035275 (LShoulder)
[2024-10-09 17:28:40.906] [info] Frame 222 (t = 7.43333):	 total squared error = 0.0122655, marker error: RMS = 0.0254077, max = 0.0355907 (LShoulder)
[2024-10-09 17:28:40.962] [info] Frame 223 (t = 7.46667):	 total squared error = 0.0120609, marker error: RMS = 0.0251949, max = 0.0359488 (LShoulder)
[2024-10-09 17:28:41.030] [info] Frame 224 (t = 7.5):	 total squared error = 0.0118351, marker error: RMS = 0.024958, max = 0.0362727 (LShoulder)
[2024-10-09 17:28:41.073] [info] Frame 225 (t = 7.53333):	 total squared error = 0.0116099, marker error: RMS = 0.0247193, max = 0.0365163 (LShoulder)
[2024-10-09 17:28:41.151] [info] Frame 226 (t = 7.56667):	 total squared error = 0.0114265, marker error: RMS = 0.0245234, max = 0.0367645 (LShoulder)
[2024-10-09 17:28:41.238] [info] Frame 227 (t = 7.6):	 total squared error = 0.0113757, marker error: RMS = 0.0244688, max = 0.0369619 (LShoulder)
[2024-10-09 17:28:41.268] [info] Frame 228 (t = 7.63333):	 total squared error = 0.0115267, marker error: RMS = 0.0246306, max = 0.0371157 (LShoulder)
[2024-10-09 17:28:41.323] [info] Frame 229 (t = 7.66667):	 total squared error = 0.0118647, marker error: RMS = 0.0249891, max = 0.0366362 (LShoulder)
[2024-10-09 17:28:41.353] [info] Frame 230 (t = 7.7):	 total squared error = 0.0122977, marker error: RMS = 0.025441, max = 0.0363329 (LShoulder)
[2024-10-09 17:28:41.401] [info] Frame 231 (t = 7.73333):	 total squared error = 0.0127409, marker error: RMS = 0.0258955, max = 0.0356166 (LShoulder)
[2024-10-09 17:28:41.422] [info] Frame 232 (t = 7.76667):	 total squared error = 0.0130667, marker error: RMS = 0.0262244, max = 0.0382141 (LAnkle)
[2024-10-09 17:28:41.485] [info] Frame 233 (t = 7.8):	 total squared error = 0.0132296, marker error: RMS = 0.0263874, max = 0.0399252 (LAnkle)
[2024-10-09 17:28:41.555] [info] Frame 234 (t = 7.83333):	 total squared error = 0.0132963, marker error: RMS = 0.0264538, max = 0.0408837 (LAnkle)
[2024-10-09 17:28:41.599] [info] Frame 235 (t = 7.86667):	 total squared error = 0.0133585, marker error: RMS = 0.0265157, max = 0.0412436 (LAnkle)
[2024-10-09 17:28:41.672] [info] Frame 236 (t = 7.9):	 total squared error = 0.0134422, marker error: RMS = 0.0265986, max = 0.0415086 (LAnkle)
[2024-10-09 17:28:41.712] [info] Frame 237 (t = 7.93333):	 total squared error = 0.0135251, marker error: RMS = 0.0266805, max = 0.0413876 (LAnkle)
[2024-10-09 17:28:41.782] [info] Frame 238 (t = 7.96667):	 total squared error = 0.0135589, marker error: RMS = 0.0267138, max = 0.0414141 (LAnkle)
[2024-10-09 17:28:41.827] [info] Frame 239 (t = 8.0):	 total squared error = 0.0135060, marker error: RMS = 0.0266616, max = 0.0410975 (LAnkle)
[2024-10-09 17:28:41.881] [info] Frame 240 (t = 8.03333):	 total squared error = 0.0133409, marker error: RMS = 0.0264981, max = 0.0403626 (LAnkle)
[2024-10-09 17:28:41.948] [info] Frame 241 (t = 8.06667):	 total squared error = 0.0130269, marker error: RMS = 0.0261845, max = 0.0390275 (LAnkle)
[2024-10-09 17:28:41.967] [info] Frame 242 (t = 8.1):	 total squared error = 0.0125711, marker error: RMS = 0.0257223, max = 0.0367355 (LAnkle)
[2024-10-09 17:28:42.014] [info] Frame 243 (t = 8.13333):	 total squared error = 0.0120585, marker error: RMS = 0.0251924, max = 0.0351528 (LShoulder)
[2024-10-09 17:28:42.036] [info] Frame 244 (t = 8.16667):	 total squared error = 0.0115597, marker error: RMS = 0.0246659, max = 0.0350178 (LShoulder)
[2024-10-09 17:28:42.081] [info] Frame 245 (t = 8.2):	 total squared error = 0.0111797, marker error: RMS = 0.0242571, max = 0.0349131 (LShoulder)
[2024-10-09 17:28:42.120] [info] Frame 246 (t = 8.23333):	 total squared error = 0.0109251, marker error: RMS = 0.0239793, max = 0.0346723 (LShoulder)
[2024-10-09 17:28:42.194] [info] Frame 247 (t = 8.26667):	 total squared error = 0.0108143, marker error: RMS = 0.0238573, max = 0.0343524 (LShoulder)
[2024-10-09 17:28:42.238] [info] Frame 248 (t = 8.3):	 total squared error = 0.0108428, marker error: RMS = 0.0238888, max = 0.0341915 (LShoulder)
[2024-10-09 17:28:42.309] [info] Frame 249 (t = 8.33333):	 total squared error = 0.0109692, marker error: RMS = 0.0240276, max = 0.0340433 (LShoulder)
[2024-10-09 17:28:42.361] [info] Frame 250 (t = 8.36667):	 total squared error = 0.011163, marker error: RMS = 0.024239, max = 0.0340793 (LShoulder)
[2024-10-09 17:28:42.406] [info] Frame 251 (t = 8.4):	 total squared error = 0.0113633, marker error: RMS = 0.0244555, max = 0.0339931 (LShoulder)
[2024-10-09 17:28:42.455] [info] Frame 252 (t = 8.43333):	 total squared error = 0.0115629, marker error: RMS = 0.0246693, max = 0.0338849 (LShoulder)
[2024-10-09 17:28:42.529] [info] Frame 253 (t = 8.46667):	 total squared error = 0.0116884, marker error: RMS = 0.0248027, max = 0.0340795 (LShoulder)
[2024-10-09 17:28:42.593] [info] Frame 254 (t = 8.5):	 total squared error = 0.0116803, marker error: RMS = 0.0247942, max = 0.034169 (LShoulder)
[2024-10-09 17:28:42.630] [info] Frame 255 (t = 8.53333):	 total squared error = 0.0115325, marker error: RMS = 0.0246368, max = 0.0339787 (LShoulder)
[2024-10-09 17:28:42.718] [info] Frame 256 (t = 8.56667):	 total squared error = 0.0112276, marker error: RMS = 0.0243090, max = 0.0342701 (LShoulder)
[2024-10-09 17:28:42.746] [info] Frame 257 (t = 8.6):	 total squared error = 0.0108967, marker error: RMS = 0.0239481, max = 0.0343375 (LShoulder)
[2024-10-09 17:28:42.812] [info] Frame 258 (t = 8.63333):	 total squared error = 0.0106306, marker error: RMS = 0.0236539, max = 0.0342602 (LShoulder)
[2024-10-09 17:28:42.862] [info] Frame 259 (t = 8.66667):	 total squared error = 0.0104786, marker error: RMS = 0.0234841, max = 0.0342243 (LShoulder)
[2024-10-09 17:28:42.920] [info] Frame 260 (t = 8.7):	 total squared error = 0.0104807, marker error: RMS = 0.0234865, max = 0.0341143 (LShoulder)
[2024-10-09 17:28:42.951] [info] Frame 261 (t = 8.73333):	 total squared error = 0.0106815, marker error: RMS = 0.0237104, max = 0.0342318 (LShoulder)
[2024-10-09 17:28:43.002] [info] Frame 262 (t = 8.76667):	 total squared error = 0.0110248, marker error: RMS = 0.0240884, max = 0.0341021 (LShoulder)
[2024-10-09 17:28:43.028] [info] Frame 263 (t = 8.8):	 total squared error = 0.011469, marker error: RMS = 0.0245689, max = 0.034297 (LShoulder)
[2024-10-09 17:28:43.074] [info] Frame 264 (t = 8.83333):	 total squared error = 0.0118328, marker error: RMS = 0.0249555, max = 0.0343224 (LShoulder)
[2024-10-09 17:28:43.110] [info] Frame 265 (t = 8.86667):	 total squared error = 0.0120633, marker error: RMS = 0.0251974, max = 0.0343567 (LShoulder)
[2024-10-09 17:28:43.167] [info] Frame 266 (t = 8.9):	 total squared error = 0.0121286, marker error: RMS = 0.0252656, max = 0.0342552 (LShoulder)
[2024-10-09 17:28:43.254] [info] Frame 267 (t = 8.93333):	 total squared error = 0.0120499, marker error: RMS = 0.0251834, max = 0.0344053 (LShoulder)
[2024-10-09 17:28:43.338] [info] Frame 268 (t = 8.96667):	 total squared error = 0.0118972, marker error: RMS = 0.0250234, max = 0.0344414 (LShoulder)
[2024-10-09 17:28:43.411] [info] Frame 269 (t = 9.0):	 total squared error = 0.0117222, marker error: RMS = 0.0248387, max = 0.0345761 (LShoulder)
[2024-10-09 17:28:43.499] [info] Frame 270 (t = 9.03333):	 total squared error = 0.0116011, marker error: RMS = 0.0247101, max = 0.0347783 (LShoulder)
[2024-10-09 17:28:43.558] [info] Frame 271 (t = 9.06667):	 total squared error = 0.0116178, marker error: RMS = 0.0247278, max = 0.0347981 (LShoulder)
[2024-10-09 17:28:43.577] [info] Frame 272 (t = 9.1):	 total squared error = 0.0117637, marker error: RMS = 0.0248826, max = 0.0349603 (LShoulder)
[2024-10-09 17:28:43.624] [info] Frame 273 (t = 9.13333):	 total squared error = 0.0118992, marker error: RMS = 0.0250255, max = 0.0352732 (LShoulder)
[2024-10-09 17:28:43.702] [info] Frame 274 (t = 9.16667):	 total squared error = 0.0119138, marker error: RMS = 0.0250408, max = 0.0350479 (LShoulder)
[2024-10-09 17:28:43.785] [info] Frame 275 (t = 9.2):	 total squared error = 0.0117909, marker error: RMS = 0.0249114, max = 0.0349107 (LShoulder)
[2024-10-09 17:28:43.838] [info] Frame 276 (t = 9.23333):	 total squared error = 0.0116017, marker error: RMS = 0.0247107, max = 0.0347327 (LShoulder)
[2024-10-09 17:28:43.892] [info] Frame 277 (t = 9.26667):	 total squared error = 0.0114206, marker error: RMS = 0.0245171, max = 0.0344756 (LShoulder)
[2024-10-09 17:28:43.909] [info] Frame 278 (t = 9.3):	 total squared error = 0.0112702, marker error: RMS = 0.024355, max = 0.0343491 (LShoulder)
[2024-10-09 17:28:43.927] [info] Frame 279 (t = 9.33333):	 total squared error = 0.0112347, marker error: RMS = 0.0243166, max = 0.0340589 (LShoulder)
[2024-10-09 17:28:43.954] [info] Frame 280 (t = 9.36667):	 total squared error = 0.0113062, marker error: RMS = 0.0243939, max = 0.0337817 (LShoulder)
[2024-10-09 17:28:44.016] [info] Frame 281 (t = 9.4):	 total squared error = 0.0114040, marker error: RMS = 0.0244992, max = 0.0336467 (RSmallToe)
[2024-10-09 17:28:44.047] [info] Frame 282 (t = 9.43333):	 total squared error = 0.0115361, marker error: RMS = 0.0246407, max = 0.0345803 (RSmallToe)
[2024-10-09 17:28:44.068] [info] Frame 283 (t = 9.46667):	 total squared error = 0.0116768, marker error: RMS = 0.0247905, max = 0.035222 (RSmallToe)
[2024-10-09 17:28:44.100] [info] Frame 284 (t = 9.5):	 total squared error = 0.0117942, marker error: RMS = 0.0249148, max = 0.0354379 (RSmallToe)
[2024-10-09 17:28:44.141] [info] Frame 285 (t = 9.53333):	 total squared error = 0.0118503, marker error: RMS = 0.0249739, max = 0.0356312 (RSmallToe)
[2024-10-09 17:28:44.162] [info] Frame 286 (t = 9.56667):	 total squared error = 0.0118476, marker error: RMS = 0.0249712, max = 0.0351723 (RSmallToe)
[2024-10-09 17:28:44.230] [info] Frame 287 (t = 9.6):	 total squared error = 0.0116562, marker error: RMS = 0.0247686, max = 0.0343988 (RSmallToe)
[2024-10-09 17:28:44.274] [info] Frame 288 (t = 9.63333):	 total squared error = 0.0114096, marker error: RMS = 0.0245052, max = 0.0347807 (LShoulder)
[2024-10-09 17:28:44.321] [info] Frame 289 (t = 9.66667):	 total squared error = 0.0111803, marker error: RMS = 0.0242577, max = 0.0365641 (LShoulder)
[2024-10-09 17:28:44.352] [info] Frame 290 (t = 9.7):	 total squared error = 0.0110739, marker error: RMS = 0.024142, max = 0.0390022 (LShoulder)
[2024-10-09 17:28:44.383] [info] Frame 291 (t = 9.73333):	 total squared error = 0.0111519, marker error: RMS = 0.0242269, max = 0.0417049 (LShoulder)
[2024-10-09 17:28:44.404] [info] Frame 292 (t = 9.76667):	 total squared error = 0.0113605, marker error: RMS = 0.0244525, max = 0.0440672 (LShoulder)
[2024-10-09 17:28:44.441] [info] Frame 293 (t = 9.8):	 total squared error = 0.0114895, marker error: RMS = 0.0245909, max = 0.0452604 (LShoulder)
[2024-10-09 17:28:44.527] [info] Frame 294 (t = 9.83333):	 total squared error = 0.0114384, marker error: RMS = 0.0245361, max = 0.0443852 (LShoulder)
[2024-10-09 17:28:44.548] [info] Frame 295 (t = 9.86667):	 total squared error = 0.0112123, marker error: RMS = 0.0242924, max = 0.0426087 (LShoulder)
[2024-10-09 17:28:44.582] [info] Frame 296 (t = 9.9):	 total squared error = 0.0109729, marker error: RMS = 0.0240317, max = 0.0402104 (LShoulder)
[2024-10-09 17:28:44.628] [info] Frame 297 (t = 9.93333):	 total squared error = 0.0108132, marker error: RMS = 0.0238562, max = 0.0381921 (LShoulder)
[2024-10-09 17:28:44.661] [info] Frame 298 (t = 9.96667):	 total squared error = 0.0108206, marker error: RMS = 0.0238643, max = 0.0366634 (LShoulder)
[2024-10-09 17:28:44.694] [info] Frame 299 (t = 10.0):	 total squared error = 0.0110338, marker error: RMS = 0.0240982, max = 0.0356749 (LShoulder)
[2024-10-09 17:28:44.773] [info] Frame 300 (t = 10.0333):	 total squared error = 0.0113979, marker error: RMS = 0.0244927, max = 0.0351102 (LShoulder)
[2024-10-09 17:28:44.853] [info] Frame 301 (t = 10.0667):	 total squared error = 0.011791, marker error: RMS = 0.0249114, max = 0.0346794 (LShoulder)
[2024-10-09 17:28:44.940] [info] Frame 302 (t = 10.1):	 total squared error = 0.0120580, marker error: RMS = 0.0251919, max = 0.0344619 (LShoulder)
[2024-10-09 17:28:44.994] [info] Frame 303 (t = 10.1333):	 total squared error = 0.0121535, marker error: RMS = 0.0252914, max = 0.0342753 (LShoulder)
[2024-10-09 17:28:45.077] [info] Frame 304 (t = 10.1667):	 total squared error = 0.0121381, marker error: RMS = 0.0252755, max = 0.0343934 (LShoulder)
[2024-10-09 17:28:45.164] [info] Frame 305 (t = 10.2):	 total squared error = 0.0120875, marker error: RMS = 0.0252227, max = 0.0345248 (LShoulder)
[2024-10-09 17:28:45.210] [info] Frame 306 (t = 10.2333):	 total squared error = 0.0120400, marker error: RMS = 0.0251731, max = 0.0346402 (LShoulder)
[2024-10-09 17:28:45.263] [info] Frame 307 (t = 10.2667):	 total squared error = 0.0119406, marker error: RMS = 0.0250690, max = 0.0347002 (LShoulder)
[2024-10-09 17:28:45.346] [info] Frame 308 (t = 10.3):	 total squared error = 0.0117516, marker error: RMS = 0.0248698, max = 0.0347119 (LShoulder)
[2024-10-09 17:28:45.422] [info] Frame 309 (t = 10.3333):	 total squared error = 0.0115561, marker error: RMS = 0.024662, max = 0.0347446 (LShoulder)
[2024-10-09 17:28:45.468] [info] Frame 310 (t = 10.3667):	 total squared error = 0.0114558, marker error: RMS = 0.0245547, max = 0.0349022 (LShoulder)
[2024-10-09 17:28:45.534] [info] Frame 311 (t = 10.4):	 total squared error = 0.011445, marker error: RMS = 0.0245432, max = 0.0347678 (LShoulder)
[2024-10-09 17:28:45.594] [info] Frame 312 (t = 10.4333):	 total squared error = 0.011386, marker error: RMS = 0.0244799, max = 0.0347235 (LShoulder)
[2024-10-09 17:28:45.619] [info] Frame 313 (t = 10.4667):	 total squared error = 0.0112038, marker error: RMS = 0.0242832, max = 0.0346125 (LShoulder)
[2024-10-09 17:28:45.657] [info] Frame 314 (t = 10.5):	 total squared error = 0.0109989, marker error: RMS = 0.0240602, max = 0.0346098 (LShoulder)
[2024-10-09 17:28:45.693] [info] Frame 315 (t = 10.5333):	 total squared error = 0.0108941, marker error: RMS = 0.0239452, max = 0.0345431 (LShoulder)
[2024-10-09 17:28:45.730] [info] Frame 316 (t = 10.5667):	 total squared error = 0.0109144, marker error: RMS = 0.0239676, max = 0.0345262 (LShoulder)
[2024-10-09 17:28:45.787] [info] Frame 317 (t = 10.6):	 total squared error = 0.0109865, marker error: RMS = 0.0240465, max = 0.03452 (LShoulder)
[2024-10-09 17:28:45.860] [info] Frame 318 (t = 10.6333):	 total squared error = 0.0110619, marker error: RMS = 0.0241289, max = 0.0345086 (LShoulder)
[2024-10-09 17:28:45.923] [info] Frame 319 (t = 10.6667):	 total squared error = 0.0111577, marker error: RMS = 0.0242332, max = 0.0344113 (LShoulder)
[2024-10-09 17:28:45.973] [info] Frame 320 (t = 10.7):	 total squared error = 0.0113047, marker error: RMS = 0.0243922, max = 0.0343774 (LShoulder)
[2024-10-09 17:28:46.018] [info] Frame 321 (t = 10.7333):	 total squared error = 0.0115448, marker error: RMS = 0.02465, max = 0.0345227 (LShoulder)
[2024-10-09 17:28:46.058] [info] Frame 322 (t = 10.7667):	 total squared error = 0.0119136, marker error: RMS = 0.0250406, max = 0.0346263 (LShoulder)
[2024-10-09 17:28:46.090] [info] Frame 323 (t = 10.8):	 total squared error = 0.012435, marker error: RMS = 0.0255827, max = 0.0352285 (LShoulder)
[2024-10-09 17:28:46.125] [info] Frame 324 (t = 10.8333):	 total squared error = 0.0130076, marker error: RMS = 0.0261651, max = 0.0369748 (LAnkle)
[2024-10-09 17:28:46.161] [info] Frame 325 (t = 10.8667):	 total squared error = 0.0135135, marker error: RMS = 0.026669, max = 0.0376634 (LAnkle)
[2024-10-09 17:28:46.180] [info] Frame 326 (t = 10.9):	 total squared error = 0.0138755, marker error: RMS = 0.0270239, max = 0.0399221 (LShoulder)
[2024-10-09 17:28:46.234] [info] Frame 327 (t = 10.9333):	 total squared error = 0.0139453, marker error: RMS = 0.0270918, max = 0.042324 (LShoulder)
[2024-10-09 17:28:46.284] [info] Frame 328 (t = 10.9667):	 total squared error = 0.0137866, marker error: RMS = 0.0269372, max = 0.0446751 (LShoulder)
[2024-10-09 17:28:46.338] [info] Frame 329 (t = 11.0):	 total squared error = 0.0133568, marker error: RMS = 0.0265139, max = 0.0456090 (LShoulder)
[2024-10-09 17:28:46.399] [info] Frame 330 (t = 11.0333):	 total squared error = 0.0127027, marker error: RMS = 0.0258566, max = 0.0447267 (LShoulder)
[2024-10-09 17:28:46.464] [info] Frame 331 (t = 11.0667):	 total squared error = 0.0119828, marker error: RMS = 0.0251133, max = 0.042462 (LShoulder)
[2024-10-09 17:28:46.483] [info] Frame 332 (t = 11.1):	 total squared error = 0.0114335, marker error: RMS = 0.0245308, max = 0.039134 (LShoulder)
[2024-10-09 17:28:46.543] [info] Frame 333 (t = 11.1333):	 total squared error = 0.0111028, marker error: RMS = 0.0241735, max = 0.0372522 (LShoulder)
[2024-10-09 17:28:46.576] [info] Frame 334 (t = 11.1667):	 total squared error = 0.0110461, marker error: RMS = 0.0241117, max = 0.0355076 (LShoulder)
[2024-10-09 17:28:46.614] [info] Frame 335 (t = 11.2):	 total squared error = 0.0111054, marker error: RMS = 0.0241763, max = 0.0345115 (LShoulder)
[2024-10-09 17:28:46.670] [info] Frame 336 (t = 11.2333):	 total squared error = 0.0111066, marker error: RMS = 0.0241777, max = 0.0340334 (RShoulder)
[2024-10-09 17:28:46.707] [info] Frame 337 (t = 11.2667):	 total squared error = 0.0109969, marker error: RMS = 0.0240579, max = 0.0341424 (LShoulder)
[2024-10-09 17:28:46.731] [info] Frame 338 (t = 11.3):	 total squared error = 0.0108877, marker error: RMS = 0.0239382, max = 0.0349386 (LShoulder)
[2024-10-09 17:28:46.795] [info] Frame 339 (t = 11.3333):	 total squared error = 0.0109113, marker error: RMS = 0.0239641, max = 0.0363603 (LShoulder)
[2024-10-09 17:28:46.826] [info] Frame 340 (t = 11.3667):	 total squared error = 0.0112808, marker error: RMS = 0.0243665, max = 0.0398183 (LShoulder)
[2024-10-09 17:28:46.898] [info] Frame 341 (t = 11.4):	 total squared error = 0.0119599, marker error: RMS = 0.0250892, max = 0.044216 (LShoulder)
[2024-10-09 17:28:46.943] [info] Frame 342 (t = 11.4333):	 total squared error = 0.0128722, marker error: RMS = 0.0260286, max = 0.0495153 (LShoulder)
[2024-10-09 17:28:47.028] [info] Frame 343 (t = 11.4667):	 total squared error = 0.0137472, marker error: RMS = 0.0268986, max = 0.0538964 (LShoulder)
[2024-10-09 17:28:47.171] [info] Frame 344 (t = 11.5):	 total squared error = 0.0142762, marker error: RMS = 0.0274113, max = 0.0569293 (LShoulder)
[2024-10-09 17:28:47.230] [info] Frame 345 (t = 11.5333):	 total squared error = 0.0142625, marker error: RMS = 0.0273981, max = 0.058332 (LShoulder)
[2024-10-09 17:28:47.288] [info] Frame 346 (t = 11.5667):	 total squared error = 0.0136999, marker error: RMS = 0.0268523, max = 0.0578729 (LShoulder)
[2024-10-09 17:28:47.367] [info] Frame 347 (t = 11.6):	 total squared error = 0.0127075, marker error: RMS = 0.0258615, max = 0.0558869 (LShoulder)
[2024-10-09 17:28:47.454] [info] Frame 348 (t = 11.6333):	 total squared error = 0.0115852, marker error: RMS = 0.024693, max = 0.0527836 (LShoulder)
[2024-10-09 17:28:47.499] [info] Frame 349 (t = 11.6667):	 total squared error = 0.0106343, marker error: RMS = 0.023658, max = 0.0494532 (LShoulder)
[2024-10-09 17:28:47.578] [info] Frame 350 (t = 11.7):	 total squared error = 0.00995255, marker error: RMS = 0.0228871, max = 0.0459069 (LShoulder)
[2024-10-09 17:28:47.637] [info] Frame 351 (t = 11.7333):	 total squared error = 0.00962538, marker error: RMS = 0.0225078, max = 0.0437596 (LShoulder)
[2024-10-09 17:28:47.724] [info] Frame 352 (t = 11.7667):	 total squared error = 0.00964579, marker error: RMS = 0.0225316, max = 0.0424776 (LShoulder)
[2024-10-09 17:28:47.834] [info] Frame 353 (t = 11.8):	 total squared error = 0.00993572, marker error: RMS = 0.0228677, max = 0.0425477 (RShoulder)
[2024-10-09 17:28:47.882] [info] Frame 354 (t = 11.8333):	 total squared error = 0.0103820, marker error: RMS = 0.0233757, max = 0.0436572 (RShoulder)
[2024-10-09 17:28:47.952] [info] Frame 355 (t = 11.8667):	 total squared error = 0.0108382, marker error: RMS = 0.0238837, max = 0.044797 (RShoulder)
[2024-10-09 17:28:48.007] [info] Frame 356 (t = 11.9):	 total squared error = 0.0112299, marker error: RMS = 0.0243115, max = 0.0460827 (RShoulder)
[2024-10-09 17:28:48.053] [info] Frame 357 (t = 11.9333):	 total squared error = 0.0115857, marker error: RMS = 0.0246936, max = 0.0471971 (RShoulder)
[2024-10-09 17:28:48.118] [info] Frame 358 (t = 11.9667):	 total squared error = 0.0118672, marker error: RMS = 0.0249918, max = 0.0481078 (RShoulder)
[2024-10-09 17:28:48.162] [info] Frame 359 (t = 12.0):	 total squared error = 0.0120341, marker error: RMS = 0.0251669, max = 0.0489383 (RShoulder)
[2024-10-09 17:28:48.199] [info] Frame 360 (t = 12.0333):	 total squared error = 0.0118887, marker error: RMS = 0.0250144, max = 0.0493438 (RShoulder)
[2024-10-09 17:28:48.257] [info] Frame 361 (t = 12.0667):	 total squared error = 0.0113895, marker error: RMS = 0.0244836, max = 0.0483743 (RShoulder)
[2024-10-09 17:28:48.305] [info] Frame 362 (t = 12.1):	 total squared error = 0.0105378, marker error: RMS = 0.0235504, max = 0.0461205 (RShoulder)
[2024-10-09 17:28:48.351] [info] Frame 363 (t = 12.1333):	 total squared error = 0.00951498, marker error: RMS = 0.0223783, max = 0.0424604 (RShoulder)
[2024-10-09 17:28:48.398] [info] Frame 364 (t = 12.1667):	 total squared error = 0.00853910, marker error: RMS = 0.0211997, max = 0.0379001 (RShoulder)
[2024-10-09 17:28:48.448] [info] Frame 365 (t = 12.2):	 total squared error = 0.00779641, marker error: RMS = 0.0202568, max = 0.0335591 (RShoulder)
[2024-10-09 17:28:48.534] [info] Frame 366 (t = 12.2333):	 total squared error = 0.00738605, marker error: RMS = 0.0197165, max = 0.0298825 (RShoulder)
[2024-10-09 17:28:48.903] [info] Frame 367 (t = 12.2667):	 total squared error = 0.00700742, marker error: RMS = 0.0192045, max = 0.0313326 (Neck)
[2024-10-09 17:28:48.967] [info] Frame 368 (t = 12.3):	 total squared error = 0.00681075, marker error: RMS = 0.0189331, max = 0.0331183 (Neck)
[2024-10-09 17:28:49.042] [info] Frame 369 (t = 12.3333):	 total squared error = 0.00650183, marker error: RMS = 0.0184987, max = 0.032655 (Neck)
[2024-10-09 17:28:49.089] [info] Frame 370 (t = 12.3667):	 total squared error = 0.00617511, marker error: RMS = 0.0180279, max = 0.0327512 (RShoulder)
[2024-10-09 17:28:49.134] [info] Frame 371 (t = 12.4):	 total squared error = 0.00588811, marker error: RMS = 0.0176040, max = 0.0349275 (RShoulder)
[2024-10-09 17:28:49.201] [info] Frame 372 (t = 12.4333):	 total squared error = 0.00562832, marker error: RMS = 0.0172113, max = 0.0357798 (RShoulder)
[2024-10-09 17:28:49.242] [info] Frame 373 (t = 12.4667):	 total squared error = 0.00533610, marker error: RMS = 0.0167585, max = 0.0349464 (RShoulder)
[2024-10-09 17:28:49.320] [info] Frame 374 (t = 12.5):	 total squared error = 0.00488001, marker error: RMS = 0.0160263, max = 0.0323659 (RShoulder)
[2024-10-09 17:28:49.378] [info] Frame 375 (t = 12.5333):	 total squared error = 0.00424198, marker error: RMS = 0.014942, max = 0.0293464 (RShoulder)
[2024-10-09 17:28:49.441] [info] Frame 376 (t = 12.5667):	 total squared error = 0.00361102, marker error: RMS = 0.013786, max = 0.0270786 (Neck)
[2024-10-09 17:28:49.506] [info] Frame 377 (t = 12.6):	 total squared error = 0.00316881, marker error: RMS = 0.0129143, max = 0.0252661 (Neck)
[2024-10-09 17:28:49.547] [info] Frame 378 (t = 12.6333):	 total squared error = 0.00304248, marker error: RMS = 0.0126543, max = 0.0241101 (LShoulder)
[2024-10-09 17:28:49.621] [info] Frame 379 (t = 12.6667):	 total squared error = 0.00325133, marker error: RMS = 0.0130814, max = 0.0249911 (LShoulder)
[2024-10-09 17:28:49.676] [info] Frame 380 (t = 12.7):	 total squared error = 0.00365274, marker error: RMS = 0.0138654, max = 0.0259122 (LShoulder)
[2024-10-09 17:28:49.735] [info] Frame 381 (t = 12.7333):	 total squared error = 0.00405156, marker error: RMS = 0.0146027, max = 0.0269592 (LShoulder)
[2024-10-09 17:28:49.816] [info] Frame 382 (t = 12.7667):	 total squared error = 0.00445516, marker error: RMS = 0.0153128, max = 0.0285858 (LShoulder)
[2024-10-09 17:28:49.885] [info] Frame 383 (t = 12.8):	 total squared error = 0.00501407, marker error: RMS = 0.0162449, max = 0.0306778 (LShoulder)
[2024-10-09 17:28:49.960] [info] Frame 384 (t = 12.8333):	 total squared error = 0.00568889, marker error: RMS = 0.0173036, max = 0.0325859 (LShoulder)
[2024-10-09 17:28:50.035] [info] Frame 385 (t = 12.8667):	 total squared error = 0.00623719, marker error: RMS = 0.0181183, max = 0.033486 (LShoulder)
[2024-10-09 17:28:50.109] [info] Frame 386 (t = 12.9):	 total squared error = 0.00640460, marker error: RMS = 0.0183599, max = 0.0332805 (LShoulder)
[2024-10-09 17:28:50.182] [info] Frame 387 (t = 12.9333):	 total squared error = 0.00611113, marker error: RMS = 0.0179343, max = 0.0321222 (LShoulder)
[2024-10-09 17:28:50.244] [info] Frame 388 (t = 12.9667):	 total squared error = 0.00551395, marker error: RMS = 0.0170355, max = 0.0308736 (LShoulder)
[2024-10-09 17:28:50.375] [info] Frame 389 (t = 13.0):	 total squared error = 0.00485600, marker error: RMS = 0.0159868, max = 0.0298267 (RShoulder)
[2024-10-09 17:28:50.433] [info] Frame 390 (t = 13.0333):	 total squared error = 0.00432284, marker error: RMS = 0.0150837, max = 0.0289899 (RShoulder)
[2024-10-09 17:28:50.486] [info] Frame 391 (t = 13.0667):	 total squared error = 0.00393439, marker error: RMS = 0.01439, max = 0.0280609 (LShoulder)
[2024-10-09 17:28:50.542] [info] Frame 392 (t = 13.1):	 total squared error = 0.00371944, marker error: RMS = 0.0139914, max = 0.0283327 (LShoulder)
[2024-10-09 17:28:50.584] [info] Frame 393 (t = 13.1333):	 total squared error = 0.00362113, marker error: RMS = 0.0138053, max = 0.0291888 (LShoulder)
[2024-10-09 17:28:50.616] [info] Frame 394 (t = 13.1667):	 total squared error = 0.00354974, marker error: RMS = 0.0136685, max = 0.0299104 (LShoulder)
[2024-10-09 17:28:50.668] [info] Frame 395 (t = 13.2):	 total squared error = 0.00360356, marker error: RMS = 0.0137718, max = 0.0298746 (LShoulder)
[2024-10-09 17:28:50.715] [info] Frame 396 (t = 13.2333):	 total squared error = 0.00388720, marker error: RMS = 0.0143035, max = 0.0296568 (LShoulder)
[2024-10-09 17:28:50.753] [info] Frame 397 (t = 13.2667):	 total squared error = 0.00434819, marker error: RMS = 0.0151279, max = 0.0296185 (RShoulder)
[2024-10-09 17:28:50.847] [info] Frame 398 (t = 13.3):	 total squared error = 0.00470579, marker error: RMS = 0.0157376, max = 0.0298325 (RShoulder)
[2024-10-09 17:28:50.906] [info] Frame 399 (t = 13.3333):	 total squared error = 0.00498078, marker error: RMS = 0.0161909, max = 0.0302989 (RShoulder)
[2024-10-09 17:28:51.026] [info] Frame 400 (t = 13.3667):	 total squared error = 0.00515438, marker error: RMS = 0.0164707, max = 0.0302545 (RShoulder)
[2024-10-09 17:28:51.073] [info] Frame 401 (t = 13.4):	 total squared error = 0.00525138, marker error: RMS = 0.0166249, max = 0.0306199 (RShoulder)
[2024-10-09 17:28:51.156] [info] Frame 402 (t = 13.4333):	 total squared error = 0.00527224, marker error: RMS = 0.0166579, max = 0.0309751 (RShoulder)
[2024-10-09 17:28:51.206] [info] Frame 403 (t = 13.4667):	 total squared error = 0.00531546, marker error: RMS = 0.0167261, max = 0.0311041 (RShoulder)
[2024-10-09 17:28:51.278] [info] Frame 404 (t = 13.5):	 total squared error = 0.00539515, marker error: RMS = 0.016851, max = 0.0317029 (RShoulder)
[2024-10-09 17:28:51.358] [info] Frame 405 (t = 13.5333):	 total squared error = 0.00554536, marker error: RMS = 0.0170839, max = 0.0314558 (RShoulder)
[2024-10-09 17:28:51.411] [info] Frame 406 (t = 13.5667):	 total squared error = 0.00565929, marker error: RMS = 0.0172586, max = 0.0306723 (RShoulder)
[2024-10-09 17:28:51.453] [info] Frame 407 (t = 13.6):	 total squared error = 0.00566878, marker error: RMS = 0.017273, max = 0.0296089 (RShoulder)
[2024-10-09 17:28:51.526] [info] Frame 408 (t = 13.6333):	 total squared error = 0.00562318, marker error: RMS = 0.0172034, max = 0.0284964 (RShoulder)
[2024-10-09 17:28:51.580] [info] Frame 409 (t = 13.6667):	 total squared error = 0.00550540, marker error: RMS = 0.0170223, max = 0.0278485 (RShoulder)
[2024-10-09 17:28:51.628] [info] Frame 410 (t = 13.7):	 total squared error = 0.00525480, marker error: RMS = 0.0166304, max = 0.0276635 (RShoulder)
[2024-10-09 17:28:51.696] [info] Frame 411 (t = 13.7333):	 total squared error = 0.00494867, marker error: RMS = 0.0161387, max = 0.0277452 (RShoulder)
[2024-10-09 17:28:51.765] [info] Frame 412 (t = 13.7667):	 total squared error = 0.00469732, marker error: RMS = 0.0157235, max = 0.0276234 (RShoulder)
[2024-10-09 17:28:51.816] [info] Frame 413 (t = 13.8):	 total squared error = 0.00445577, marker error: RMS = 0.0153139, max = 0.0270315 (RShoulder)
[2024-10-09 17:28:51.888] [info] Frame 414 (t = 13.8333):	 total squared error = 0.00421493, marker error: RMS = 0.0148942, max = 0.0260254 (RShoulder)
[2024-10-09 17:28:51.943] [info] Frame 415 (t = 13.8667):	 total squared error = 0.00408217, marker error: RMS = 0.0146578, max = 0.0257844 (LShoulder)
[2024-10-09 17:28:52.008] [info] Frame 416 (t = 13.9):	 total squared error = 0.00416815, marker error: RMS = 0.0148114, max = 0.0256408 (LShoulder)
[2024-10-09 17:28:52.055] [info] Frame 417 (t = 13.9333):	 total squared error = 0.00440125, marker error: RMS = 0.0152199, max = 0.0255205 (LShoulder)
[2024-10-09 17:28:52.110] [info] Frame 418 (t = 13.9667):	 total squared error = 0.00463945, marker error: RMS = 0.0156263, max = 0.0253032 (LShoulder)
[2024-10-09 17:28:52.177] [info] Frame 419 (t = 14.0):	 total squared error = 0.00476878, marker error: RMS = 0.0158426, max = 0.0254511 (RKnee)
[2024-10-09 17:28:52.233] [info] Frame 420 (t = 14.0333):	 total squared error = 0.00478116, marker error: RMS = 0.0158632, max = 0.0258359 (RKnee)
[2024-10-09 17:28:52.311] [info] Frame 421 (t = 14.0667):	 total squared error = 0.00465298, marker error: RMS = 0.0156491, max = 0.0260871 (RKnee)
[2024-10-09 17:28:52.376] [info] Frame 422 (t = 14.1):	 total squared error = 0.00430410, marker error: RMS = 0.0150510, max = 0.0258263 (RKnee)
[2024-10-09 17:28:52.452] [info] Frame 423 (t = 14.1333):	 total squared error = 0.00374875, marker error: RMS = 0.0140464, max = 0.0249807 (RKnee)
[2024-10-09 17:28:52.514] [info] Frame 424 (t = 14.1667):	 total squared error = 0.00323116, marker error: RMS = 0.0130408, max = 0.0248047 (RKnee)
[2024-10-09 17:28:52.560] [info] Frame 425 (t = 14.2):	 total squared error = 0.00296002, marker error: RMS = 0.0124816, max = 0.0245343 (RKnee)
[2024-10-09 17:28:52.625] [info] Frame 426 (t = 14.2333):	 total squared error = 0.00297066, marker error: RMS = 0.0125040, max = 0.0242078 (RKnee)
[2024-10-09 17:28:52.699] [info] Frame 427 (t = 14.2667):	 total squared error = 0.00308162, marker error: RMS = 0.0127354, max = 0.023598 (RKnee)
[2024-10-09 17:28:52.761] [info] Frame 428 (t = 14.3):	 total squared error = 0.00312835, marker error: RMS = 0.0128316, max = 0.0236571 (RKnee)
[2024-10-09 17:28:52.825] [info] Frame 429 (t = 14.3333):	 total squared error = 0.00333710, marker error: RMS = 0.0132528, max = 0.024799 (RKnee)
[2024-10-09 17:28:52.890] [info] Frame 430 (t = 14.3667):	 total squared error = 0.00395856, marker error: RMS = 0.0144342, max = 0.0266614 (RKnee)
[2024-10-09 17:28:52.958] [info] Frame 431 (t = 14.4):	 total squared error = 0.00467449, marker error: RMS = 0.0156852, max = 0.0289552 (LElbow)
[2024-10-09 17:28:53.001] [info] Frame 432 (t = 14.4333):	 total squared error = 0.00504515, marker error: RMS = 0.0162952, max = 0.0308006 (RKnee)
[2024-10-09 17:28:53.065] [info] Frame 433 (t = 14.4667):	 total squared error = 0.00517131, marker error: RMS = 0.0164977, max = 0.0304802 (RKnee)
[2024-10-09 17:28:53.117] [info] Frame 434 (t = 14.5):	 total squared error = 0.00530710, marker error: RMS = 0.0167129, max = 0.0302016 (RKnee)
[2024-10-09 17:28:53.183] [info] Frame 435 (t = 14.5333):	 total squared error = 0.00550291, marker error: RMS = 0.0170184, max = 0.0312571 (RKnee)
[2024-10-09 17:28:53.249] [info] Frame 436 (t = 14.5667):	 total squared error = 0.00592171, marker error: RMS = 0.0176541, max = 0.0348629 (RKnee)
[2024-10-09 17:28:53.308] [info] Frame 437 (t = 14.6):	 total squared error = 0.00655454, marker error: RMS = 0.0185735, max = 0.0406688 (RKnee)
[2024-10-09 17:28:53.400] [info] Frame 438 (t = 14.6333):	 total squared error = 0.00706152, marker error: RMS = 0.0192785, max = 0.0451069 (RKnee)
[2024-10-09 17:28:53.453] [info] Frame 439 (t = 14.6667):	 total squared error = 0.00701939, marker error: RMS = 0.0192209, max = 0.0450387 (RKnee)
[2024-10-09 17:28:53.512] [info] Frame 440 (t = 14.7):	 total squared error = 0.00624305, marker error: RMS = 0.0181268, max = 0.0380403 (RKnee)
[2024-10-09 17:28:53.573] [info] Frame 441 (t = 14.7333):	 total squared error = 0.00521613, marker error: RMS = 0.016569, max = 0.0270550 (RKnee)
[2024-10-09 17:28:53.708] [info] Frame 442 (t = 14.7667):	 total squared error = 0.00450923, marker error: RMS = 0.0154055, max = 0.024763 (LHeel)
[2024-10-09 17:28:53.790] [info] Frame 443 (t = 14.8):	 total squared error = 0.00420021, marker error: RMS = 0.0148682, max = 0.0229889 (LHeel)
[2024-10-09 17:28:53.859] [info] Frame 444 (t = 14.8333):	 total squared error = 0.00396492, marker error: RMS = 0.0144458, max = 0.0254779 (Neck)
[2024-10-09 17:28:53.924] [info] Frame 445 (t = 14.8667):	 total squared error = 0.00367212, marker error: RMS = 0.0139021, max = 0.0264133 (Neck)
[2024-10-09 17:28:53.969] [info] Frame 446 (t = 14.9):	 total squared error = 0.00345008, marker error: RMS = 0.0134753, max = 0.0253834 (Neck)
[2024-10-09 17:28:54.046] [info] Frame 447 (t = 14.9333):	 total squared error = 0.00341752, marker error: RMS = 0.0134115, max = 0.0226034 (Neck)
[2024-10-09 17:28:54.087] [info] Frame 448 (t = 14.9667):	 total squared error = 0.00367590, marker error: RMS = 0.0139093, max = 0.0212462 (RElbow)
[2024-10-09 17:28:54.153] [info] Frame 449 (t = 15.0):	 total squared error = 0.00418245, marker error: RMS = 0.0148367, max = 0.0255907 (LKnee)
[2024-10-09 17:28:54.227] [info] Frame 450 (t = 15.0333):	 total squared error = 0.00473422, marker error: RMS = 0.0157851, max = 0.0284453 (LKnee)
[2024-10-09 17:28:54.295] [info] Frame 451 (t = 15.0667):	 total squared error = 0.00498988, marker error: RMS = 0.0162057, max = 0.0266427 (LKnee)
[2024-10-09 17:28:54.363] [info] Frame 452 (t = 15.1):	 total squared error = 0.00485673, marker error: RMS = 0.015988, max = 0.0270924 (RHeel)
[2024-10-09 17:28:54.431] [info] Frame 453 (t = 15.1333):	 total squared error = 0.00484056, marker error: RMS = 0.0159614, max = 0.0281966 (RHeel)
[2024-10-09 17:28:54.472] [info] Frame 454 (t = 15.1667):	 total squared error = 0.00573491, marker error: RMS = 0.0173735, max = 0.0283175 (RHeel)
[2024-10-09 17:28:54.555] [info] Frame 455 (t = 15.2):	 total squared error = 0.00781820, marker error: RMS = 0.0202851, max = 0.0375285 (LKnee)
[2024-10-09 17:28:54.637] [info] Frame 456 (t = 15.2333):	 total squared error = 0.0101398, marker error: RMS = 0.0231014, max = 0.0476762 (LKnee)
[2024-10-09 17:28:54.693] [info] Frame 457 (t = 15.2667):	 total squared error = 0.0111421, marker error: RMS = 0.0242162, max = 0.0477069 (LKnee)
[2024-10-09 17:28:54.757] [info] Frame 458 (t = 15.3):	 total squared error = 0.0104483, marker error: RMS = 0.0234502, max = 0.042842 (LHeel)
[2024-10-09 17:28:54.847] [info] Frame 459 (t = 15.3333):	 total squared error = 0.00913310, marker error: RMS = 0.0219246, max = 0.0365493 (LHeel)
[2024-10-09 17:28:54.895] [info] Frame 460 (t = 15.3667):	 total squared error = 0.00826228, marker error: RMS = 0.0208532, max = 0.0359223 (Neck)
[2024-10-09 17:28:54.953] [info] Frame 461 (t = 15.4):	 total squared error = 0.00791198, marker error: RMS = 0.0204064, max = 0.0369449 (Neck)
[2024-10-09 17:28:55.024] [info] Frame 462 (t = 15.4333):	 total squared error = 0.00777870, marker error: RMS = 0.0202338, max = 0.0379371 (Neck)
[2024-10-09 17:28:55.098] [info] Frame 463 (t = 15.4667):	 total squared error = 0.00792711, marker error: RMS = 0.0204259, max = 0.038555 (Neck)
[2024-10-09 17:28:55.172] [info] Frame 464 (t = 15.5):	 total squared error = 0.00833876, marker error: RMS = 0.0209495, max = 0.0384697 (Neck)
[2024-10-09 17:28:55.242] [info] Frame 465 (t = 15.5333):	 total squared error = 0.00882646, marker error: RMS = 0.0215534, max = 0.0378729 (Neck)
[2024-10-09 17:28:55.320] [info] Frame 466 (t = 15.5667):	 total squared error = 0.00941036, marker error: RMS = 0.0222549, max = 0.037581 (Neck)
[2024-10-09 17:28:55.362] [info] Frame 467 (t = 15.6):	 total squared error = 0.0103161, marker error: RMS = 0.0233013, max = 0.0383418 (Neck)
[2024-10-09 17:28:55.456] [info] Frame 468 (t = 15.6333):	 total squared error = 0.0113195, marker error: RMS = 0.0244083, max = 0.0404015 (Neck)
[2024-10-09 17:28:55.527] [info] Frame 469 (t = 15.6667):	 total squared error = 0.0121948, marker error: RMS = 0.0253344, max = 0.0434307 (Neck)
[2024-10-09 17:28:55.605] [info] Frame 470 (t = 15.7):	 total squared error = 0.0127441, marker error: RMS = 0.0258987, max = 0.0459939 (Neck)
[2024-10-09 17:28:55.681] [info] Frame 471 (t = 15.7333):	 total squared error = 0.0129217, marker error: RMS = 0.0260785, max = 0.0472321 (Neck)
[2024-10-09 17:28:55.732] [info] Frame 472 (t = 15.7667):	 total squared error = 0.0127595, marker error: RMS = 0.0259144, max = 0.0473608 (Neck)
[2024-10-09 17:28:55.776] [info] Frame 473 (t = 15.8):	 total squared error = 0.0124499, marker error: RMS = 0.0255981, max = 0.0470931 (Neck)
[2024-10-09 17:28:55.870] [info] Frame 474 (t = 15.8333):	 total squared error = 0.0117621, marker error: RMS = 0.0248809, max = 0.0472935 (Neck)
[2024-10-09 17:28:55.910] [info] Frame 475 (t = 15.8667):	 total squared error = 0.0105300, marker error: RMS = 0.0235417, max = 0.0474223 (Neck)
[2024-10-09 17:28:55.987] [info] Frame 476 (t = 15.9):	 total squared error = 0.00930535, marker error: RMS = 0.0221304, max = 0.0473476 (Neck)
[2024-10-09 17:28:56.058] [info] Frame 477 (t = 15.9333):	 total squared error = 0.00876665, marker error: RMS = 0.0214803, max = 0.0459052 (Neck)
[2024-10-09 17:28:56.143] [info] Frame 478 (t = 15.9667):	 total squared error = 0.00921875, marker error: RMS = 0.0220272, max = 0.0450191 (LHeel)
[2024-10-09 17:28:56.224] [info] Frame 479 (t = 16.0):	 total squared error = 0.0100880, marker error: RMS = 0.0230423, max = 0.0464274 (LHeel)
[2024-10-09 17:28:56.280] [info] Frame 480 (t = 16.0333):	 total squared error = 0.0105636, marker error: RMS = 0.0235792, max = 0.0453289 (LHeel)
[2024-10-09 17:28:56.426] [info] Frame 481 (t = 16.0667):	 total squared error = 0.0102920, marker error: RMS = 0.0232741, max = 0.0416219 (LHeel)
[2024-10-09 17:28:56.501] [info] Frame 482 (t = 16.1):	 total squared error = 0.00973825, marker error: RMS = 0.0226393, max = 0.0360591 (LHeel)
[2024-10-09 17:28:56.550] [info] Frame 483 (t = 16.1333):	 total squared error = 0.00945268, marker error: RMS = 0.0223049, max = 0.043981 (LKnee)
[2024-10-09 17:28:56.628] [info] Frame 484 (t = 16.1667):	 total squared error = 0.00931607, marker error: RMS = 0.0221432, max = 0.0490231 (LKnee)
[2024-10-09 17:28:56.823] [info] Frame 485 (t = 16.2):	 total squared error = 0.00899252, marker error: RMS = 0.0217552, max = 0.0481872 (LKnee)
[2024-10-09 17:28:56.866] [info] Frame 486 (t = 16.2333):	 total squared error = 0.00839287, marker error: RMS = 0.0210174, max = 0.0415166 (LKnee)
[2024-10-09 17:28:56.925] [info] Frame 487 (t = 16.2667):	 total squared error = 0.00779479, marker error: RMS = 0.0202547, max = 0.0351437 (Neck)
[2024-10-09 17:28:56.976] [info] Frame 488 (t = 16.3):	 total squared error = 0.00758702, marker error: RMS = 0.0199829, max = 0.035653 (Neck)
[2024-10-09 17:28:57.013] [info] Frame 489 (t = 16.3333):	 total squared error = 0.00810476, marker error: RMS = 0.0206535, max = 0.0358535 (Neck)
[2024-10-09 17:28:57.102] [info] Frame 490 (t = 16.3667):	 total squared error = 0.00958695, marker error: RMS = 0.0224628, max = 0.0429859 (LKnee)
[2024-10-09 17:28:57.155] [info] Frame 491 (t = 16.4):	 total squared error = 0.0117297, marker error: RMS = 0.0248466, max = 0.0493035 (LKnee)
[2024-10-09 17:28:57.253] [info] Frame 492 (t = 16.4333):	 total squared error = 0.0133875, marker error: RMS = 0.0265444, max = 0.046416 (LBigToe)
[2024-10-09 17:28:57.335] [info] Frame 493 (t = 16.4667):	 total squared error = 0.0138247, marker error: RMS = 0.0269743, max = 0.0509541 (LBigToe)
[2024-10-09 17:28:57.425] [info] Frame 494 (t = 16.5):	 total squared error = 0.0135673, marker error: RMS = 0.0267221, max = 0.0520633 (LBigToe)
[2024-10-09 17:28:57.476] [info] Frame 495 (t = 16.5333):	 total squared error = 0.0133040, marker error: RMS = 0.0264615, max = 0.0515393 (LBigToe)
[2024-10-09 17:28:57.556] [info] Frame 496 (t = 16.5667):	 total squared error = 0.0130827, marker error: RMS = 0.0262405, max = 0.0502345 (LBigToe)
[2024-10-09 17:28:57.579] [info] Frame 497 (t = 16.6):	 total squared error = 0.0127529, marker error: RMS = 0.0259076, max = 0.0480185 (LBigToe)
[2024-10-09 17:28:57.621] [info] Frame 498 (t = 16.6333):	 total squared error = 0.0122344, marker error: RMS = 0.0253755, max = 0.0446241 (LBigToe)
[2024-10-09 17:28:57.653] [info] Frame 499 (t = 16.6667):	 total squared error = 0.0115177, marker error: RMS = 0.024621, max = 0.039964 (LBigToe)
[2024-10-09 17:28:57.691] [info] Frame 500 (t = 16.7):	 total squared error = 0.0106317, marker error: RMS = 0.0236551, max = 0.0378279 (RHip)
[2024-10-09 17:28:57.753] [info] Frame 501 (t = 16.7333):	 total squared error = 0.00970649, marker error: RMS = 0.0226024, max = 0.036611 (RHip)
[2024-10-09 17:28:57.791] [info] Frame 502 (t = 16.7667):	 total squared error = 0.00894062, marker error: RMS = 0.0216924, max = 0.0354387 (RHip)
[2024-10-09 17:28:57.882] [info] Frame 503 (t = 16.8):	 total squared error = 0.00853147, marker error: RMS = 0.0211902, max = 0.0344177 (RHip)
[2024-10-09 17:28:57.918] [info] Frame 504 (t = 16.8333):	 total squared error = 0.00846810, marker error: RMS = 0.0211114, max = 0.033765 (RHip)
[2024-10-09 17:28:57.950] [info] Frame 505 (t = 16.8667):	 total squared error = 0.00855870, marker error: RMS = 0.021224, max = 0.0342729 (Neck)
[2024-10-09 17:28:57.979] [info] Frame 506 (t = 16.9):	 total squared error = 0.00861298, marker error: RMS = 0.0212912, max = 0.0348218 (Neck)
[2024-10-09 17:28:58.077] [info] Frame 507 (t = 16.9333):	 total squared error = 0.00858769, marker error: RMS = 0.0212599, max = 0.0352663 (Neck)
[2024-10-09 17:28:58.115] [info] Frame 508 (t = 16.9667):	 total squared error = 0.00858211, marker error: RMS = 0.021253, max = 0.0355419 (Neck)
[2024-10-09 17:28:58.154] [info] Frame 509 (t = 17.0):	 total squared error = 0.00866691, marker error: RMS = 0.0213577, max = 0.0357252 (Neck)
[2024-10-09 17:28:58.213] [info] Frame 510 (t = 17.0333):	 total squared error = 0.00885817, marker error: RMS = 0.0215921, max = 0.0363967 (LHeel)
[2024-10-09 17:28:58.244] [info] Frame 511 (t = 17.0667):	 total squared error = 0.00918039, marker error: RMS = 0.0219813, max = 0.0385889 (LHeel)
[2024-10-09 17:28:58.315] [info] Frame 512 (t = 17.1):	 total squared error = 0.00955959, marker error: RMS = 0.0224307, max = 0.0402913 (LHeel)
[2024-10-09 17:28:58.362] [info] Frame 513 (t = 17.1333):	 total squared error = 0.00999210, marker error: RMS = 0.0229325, max = 0.0414702 (LHeel)
[2024-10-09 17:28:58.431] [info] Frame 514 (t = 17.1667):	 total squared error = 0.0103434, marker error: RMS = 0.0233321, max = 0.0422123 (LHeel)
[2024-10-09 17:28:58.480] [info] Frame 515 (t = 17.2):	 total squared error = 0.0105910, marker error: RMS = 0.0236098, max = 0.0425507 (LHeel)
[2024-10-09 17:28:58.521] [info] Frame 516 (t = 17.2333):	 total squared error = 0.0107148, marker error: RMS = 0.0237473, max = 0.0425799 (LHeel)
[2024-10-09 17:28:58.588] [info] Frame 517 (t = 17.2667):	 total squared error = 0.0107301, marker error: RMS = 0.0237643, max = 0.042477 (LHeel)
[2024-10-09 17:28:58.635] [info] Frame 518 (t = 17.3):	 total squared error = 0.0107017, marker error: RMS = 0.0237328, max = 0.0423107 (LHeel)
[2024-10-09 17:28:58.715] [info] Frame 519 (t = 17.3333):	 total squared error = 0.0105740, marker error: RMS = 0.0235908, max = 0.0420792 (LHeel)
[2024-10-09 17:28:58.768] [info] Frame 520 (t = 17.3667):	 total squared error = 0.0104123, marker error: RMS = 0.0234097, max = 0.0417626 (LHeel)
[2024-10-09 17:28:58.803] [info] Frame 521 (t = 17.4):	 total squared error = 0.0101704, marker error: RMS = 0.0231362, max = 0.0410162 (LHeel)
[2024-10-09 17:28:58.841] [info] Frame 522 (t = 17.4333):	 total squared error = 0.00984592, marker error: RMS = 0.0227641, max = 0.0395265 (LHeel)
[2024-10-09 17:28:58.888] [info] Frame 523 (t = 17.4667):	 total squared error = 0.00941214, marker error: RMS = 0.022257, max = 0.0373527 (LHeel)
[2024-10-09 17:28:58.909] [info] Frame 524 (t = 17.5):	 total squared error = 0.00893966, marker error: RMS = 0.0216912, max = 0.0356675 (Neck)
[2024-10-09 17:28:58.935] [info] Frame 525 (t = 17.5333):	 total squared error = 0.00844347, marker error: RMS = 0.0210806, max = 0.0356142 (Neck)
[2024-10-09 17:28:59.013] [info] Frame 526 (t = 17.5667):	 total squared error = 0.00799889, marker error: RMS = 0.0205181, max = 0.0356703 (Neck)
[2024-10-09 17:28:59.025] [info] InverseKinematicsTool completed 527 frames in 29 second(s).
