[2024-10-09 18:50:04.888] [info] Preparing to run InverseKinematicsTool.
[2024-10-09 18:50:04.910] [info] Loaded model Pose2Sim_scaled from file Model_Pose2Sim_Halpe26_scaled.osim
[2024-10-09 18:50:04.911] [warning] Couldn't find file 'r_pelvis.vtp'.
[2024-10-09 18:50:04.911] [warning] Couldn't find file 'l_pelvis.vtp'.
[2024-10-09 18:50:04.911] [warning] Couldn't find file 'sacrum.vtp'.
[2024-10-09 18:50:04.911] [warning] Couldn't find file 'femur_r.vtp'.
[2024-10-09 18:50:04.911] [warning] Couldn't find file 'r_patella.vtp'.
[2024-10-09 18:50:04.912] [warning] Couldn't find file 'tibia_r.vtp'.
[2024-10-09 18:50:04.912] [warning] Couldn't find file 'fibula_r.vtp'.
[2024-10-09 18:50:04.912] [warning] Couldn't find file 'talus_rv.vtp'.
[2024-10-09 18:50:04.912] [warning] Couldn't find file 'foot.vtp'.
[2024-10-09 18:50:04.912] [warning] Couldn't find file 'bofoot.vtp'.
[2024-10-09 18:50:04.912] [warning] Couldn't find file 'femur_l.vtp'.
[2024-10-09 18:50:04.912] [warning] Couldn't find file 'l_patella.vtp'.
[2024-10-09 18:50:04.913] [warning] Couldn't find file 'tibia_l.vtp'.
[2024-10-09 18:50:04.913] [warning] Couldn't find file 'fibula_l.vtp'.
[2024-10-09 18:50:04.913] [warning] Couldn't find file 'talus_lv.vtp'.
[2024-10-09 18:50:04.913] [warning] Couldn't find file 'l_foot.vtp'.
[2024-10-09 18:50:04.913] [warning] Couldn't find file 'l_bofoot.vtp'.
[2024-10-09 18:50:04.913] [warning] Couldn't find file 'lumbar5.vtp'.
[2024-10-09 18:50:04.913] [warning] Couldn't find file 'lumbar4.vtp'.
[2024-10-09 18:50:04.913] [warning] Couldn't find file 'lumbar3.vtp'.
[2024-10-09 18:50:04.914] [warning] Couldn't find file 'lumbar2.vtp'.
[2024-10-09 18:50:04.914] [warning] Couldn't find file 'lumbar1.vtp'.
[2024-10-09 18:50:04.914] [warning] Couldn't find file 'cerv1sm.vtp'.
[2024-10-09 18:50:04.914] [warning] Couldn't find file 'cerv2sm.vtp'.
[2024-10-09 18:50:04.914] [warning] Couldn't find file 'cerv3sm.vtp'.
[2024-10-09 18:50:04.914] [warning] Couldn't find file 'cerv4sm.vtp'.
[2024-10-09 18:50:04.914] [warning] Couldn't find file 'cerv5sm.vtp'.
[2024-10-09 18:50:04.914] [warning] Couldn't find file 'cerv6sm.vtp'.
[2024-10-09 18:50:04.914] [warning] Couldn't find file 'cerv7.vtp'.
[2024-10-09 18:50:04.915] [warning] Couldn't find file 'thoracic12_s.vtp'.
[2024-10-09 18:50:04.915] [warning] Couldn't find file 'thoracic11_s.vtp'.
[2024-10-09 18:50:04.915] [warning] Couldn't find file 'thoracic10_s.vtp'.
[2024-10-09 18:50:04.915] [warning] Couldn't find file 'thoracic9_s.vtp'.
[2024-10-09 18:50:04.915] [warning] Couldn't find file 'thoracic8_s.vtp'.
[2024-10-09 18:50:04.915] [warning] Couldn't find file 'thoracic7_s.vtp'.
[2024-10-09 18:50:04.915] [warning] Couldn't find file 'thoracic6_s.vtp'.
[2024-10-09 18:50:04.916] [warning] Couldn't find file 'thoracic5_s.vtp'.
[2024-10-09 18:50:04.916] [warning] Couldn't find file 'thoracic4_s.vtp'.
[2024-10-09 18:50:04.916] [warning] Couldn't find file 'thoracic3_s.vtp'.
[2024-10-09 18:50:04.916] [warning] Couldn't find file 'thoracic2_s.vtp'.
[2024-10-09 18:50:04.916] [warning] Couldn't find file 'thoracic1_s.vtp'.
[2024-10-09 18:50:04.916] [warning] Couldn't find file 'hat_ribs_scap.vtp'.
[2024-10-09 18:50:04.916] [warning] Couldn't find file 'hat_jaw.vtp'.
[2024-10-09 18:50:04.916] [warning] Couldn't find file 'hat_skull.vtp'.
[2024-10-09 18:50:04.916] [warning] Couldn't find file 'humerus_rv.vtp'.
[2024-10-09 18:50:04.917] [warning] Couldn't find file 'ulna_rv.vtp'.
[2024-10-09 18:50:04.917] [warning] Couldn't find file 'radius_rv.vtp'.
[2024-10-09 18:50:04.917] [warning] Couldn't find file 'pisiform_rvs.vtp'.
[2024-10-09 18:50:04.917] [warning] Couldn't find file 'lunate_rvs.vtp'.
[2024-10-09 18:50:04.917] [warning] Couldn't find file 'scaphoid_rvs.vtp'.
[2024-10-09 18:50:04.917] [warning] Couldn't find file 'triquetrum_rvs.vtp'.
[2024-10-09 18:50:04.917] [warning] Couldn't find file 'hamate_rvs.vtp'.
[2024-10-09 18:50:04.917] [warning] Couldn't find file 'capitate_rvs.vtp'.
[2024-10-09 18:50:04.918] [warning] Couldn't find file 'trapezoid_rvs.vtp'.
[2024-10-09 18:50:04.918] [warning] Couldn't find file 'trapezium_rvs.vtp'.
[2024-10-09 18:50:04.918] [warning] Couldn't find file 'metacarpal2_rvs.vtp'.
[2024-10-09 18:50:04.918] [warning] Couldn't find file 'index_proximal_rvs.vtp'.
[2024-10-09 18:50:04.918] [warning] Couldn't find file 'index_medial_rvs.vtp'.
[2024-10-09 18:50:04.918] [warning] Couldn't find file 'index_distal_rvs.vtp'.
[2024-10-09 18:50:04.918] [warning] Couldn't find file 'metacarpal3_rvs.vtp'.
[2024-10-09 18:50:04.918] [warning] Couldn't find file 'middle_proximal_rvs.vtp'.
[2024-10-09 18:50:04.918] [warning] Couldn't find file 'middle_medial_rvs.vtp'.
[2024-10-09 18:50:04.919] [warning] Couldn't find file 'middle_distal_rvs.vtp'.
[2024-10-09 18:50:04.919] [warning] Couldn't find file 'metacarpal4_rvs.vtp'.
[2024-10-09 18:50:04.919] [warning] Couldn't find file 'ring_proximal_rvs.vtp'.
[2024-10-09 18:50:04.919] [warning] Couldn't find file 'ring_medial_rvs.vtp'.
[2024-10-09 18:50:04.919] [warning] Couldn't find file 'ring_distal_rvs.vtp'.
[2024-10-09 18:50:04.919] [warning] Couldn't find file 'metacarpal5_rvs.vtp'.
[2024-10-09 18:50:04.919] [warning] Couldn't find file 'little_proximal_rvs.vtp'.
[2024-10-09 18:50:04.919] [warning] Couldn't find file 'little_medial_rvs.vtp'.
[2024-10-09 18:50:04.919] [warning] Couldn't find file 'little_distal_rvs.vtp'.
[2024-10-09 18:50:04.920] [warning] Couldn't find file 'metacarpal1_rvs.vtp'.
[2024-10-09 18:50:04.920] [warning] Couldn't find file 'thumb_proximal_rvs.vtp'.
[2024-10-09 18:50:04.920] [warning] Couldn't find file 'thumb_distal_rvs.vtp'.
[2024-10-09 18:50:04.920] [warning] Couldn't find file 'humerus_lv.vtp'.
[2024-10-09 18:50:04.920] [warning] Couldn't find file 'ulna_lv.vtp'.
[2024-10-09 18:50:04.920] [warning] Couldn't find file 'radius_lv.vtp'.
[2024-10-09 18:50:04.920] [warning] Couldn't find file 'pisiform_lvs.vtp'.
[2024-10-09 18:50:04.921] [warning] Couldn't find file 'lunate_lvs.vtp'.
[2024-10-09 18:50:04.921] [warning] Couldn't find file 'scaphoid_lvs.vtp'.
[2024-10-09 18:50:04.921] [warning] Couldn't find file 'triquetrum_lvs.vtp'.
[2024-10-09 18:50:04.921] [warning] Couldn't find file 'hamate_lvs.vtp'.
[2024-10-09 18:50:04.921] [warning] Couldn't find file 'capitate_lvs.vtp'.
[2024-10-09 18:50:04.921] [warning] Couldn't find file 'trapezoid_lvs.vtp'.
[2024-10-09 18:50:04.921] [warning] Couldn't find file 'trapezium_lvs.vtp'.
[2024-10-09 18:50:04.921] [warning] Couldn't find file 'metacarpal2_lvs.vtp'.
[2024-10-09 18:50:04.922] [warning] Couldn't find file 'index_proximal_lvs.vtp'.
[2024-10-09 18:50:04.922] [warning] Couldn't find file 'index_medial_lvs.vtp'.
[2024-10-09 18:50:04.922] [warning] Couldn't find file 'index_distal_lvs.vtp'.
[2024-10-09 18:50:04.922] [warning] Couldn't find file 'metacarpal3_lvs.vtp'.
[2024-10-09 18:50:04.922] [warning] Couldn't find file 'middle_proximal_lvs.vtp'.
[2024-10-09 18:50:04.922] [warning] Couldn't find file 'middle_medial_lvs.vtp'.
[2024-10-09 18:50:04.922] [warning] Couldn't find file 'middle_distal_lvs.vtp'.
[2024-10-09 18:50:04.922] [warning] Couldn't find file 'metacarpal4_lvs.vtp'.
[2024-10-09 18:50:04.922] [warning] Couldn't find file 'ring_proximal_lvs.vtp'.
[2024-10-09 18:50:04.923] [warning] Couldn't find file 'ring_medial_lvs.vtp'.
[2024-10-09 18:50:04.923] [warning] Couldn't find file 'ring_distal_lvs.vtp'.
[2024-10-09 18:50:04.923] [warning] Couldn't find file 'metacarpal5_lvs.vtp'.
[2024-10-09 18:50:04.923] [warning] Couldn't find file 'little_proximal_lvs.vtp'.
[2024-10-09 18:50:04.923] [warning] Couldn't find file 'little_medial_lvs.vtp'.
[2024-10-09 18:50:04.923] [warning] Couldn't find file 'little_distal_lvs.vtp'.
[2024-10-09 18:50:04.923] [warning] Couldn't find file 'metacarpal1_lvs.vtp'.
[2024-10-09 18:50:04.923] [warning] Couldn't find file 'thumb_proximal_lvs.vtp'.
[2024-10-09 18:50:04.923] [warning] Couldn't find file 'thumb_distal_lvs.vtp'.
[2024-10-09 18:50:04.925] [cout] [info] 
               MODEL: Pose2Sim_scaled
         coordinates: 62
              forces: 0
           actuators: 0
             muscles: 0
            analyses: 0
              probes: 0
              bodies: 30
              joints: 30
         constraints: 20
             markers: 22
         controllers: 0
  contact geometries: 0
misc modelcomponents: 0
[2024-10-09 18:50:04.926] [info] Running tool .
[2024-10-09 18:50:05.273] [info] Frame 0 (t = 0.0333333):	 total squared error = 0.0157283, marker error: RMS = 0.0287716, max = 0.0570087 (LShoulder)
[2024-10-09 18:50:05.378] [info] Frame 1 (t = 0.0666667):	 total squared error = 0.0129803, marker error: RMS = 0.0261376, max = 0.0478598 (LShoulder)
[2024-10-09 18:50:05.482] [info] Frame 2 (t = 0.1):	 total squared error = 0.0116325, marker error: RMS = 0.0247434, max = 0.0413573 (LShoulder)
[2024-10-09 18:50:05.518] [info] Frame 3 (t = 0.133333):	 total squared error = 0.0112911, marker error: RMS = 0.0243776, max = 0.0387256 (LShoulder)
[2024-10-09 18:50:05.578] [info] Frame 4 (t = 0.166667):	 total squared error = 0.0113186, marker error: RMS = 0.0244073, max = 0.039482 (LShoulder)
[2024-10-09 18:50:05.595] [info] Frame 5 (t = 0.2):	 total squared error = 0.0116326, marker error: RMS = 0.0247435, max = 0.0422919 (LShoulder)
[2024-10-09 18:50:05.667] [info] Frame 6 (t = 0.233333):	 total squared error = 0.0120207, marker error: RMS = 0.0251529, max = 0.0445637 (LShoulder)
[2024-10-09 18:50:05.719] [info] Frame 7 (t = 0.266667):	 total squared error = 0.0123559, marker error: RMS = 0.0255012, max = 0.0469131 (LShoulder)
[2024-10-09 18:50:05.771] [info] Frame 8 (t = 0.3):	 total squared error = 0.0125752, marker error: RMS = 0.0257265, max = 0.0481122 (LShoulder)
[2024-10-09 18:50:05.801] [info] Frame 9 (t = 0.333333):	 total squared error = 0.0126605, marker error: RMS = 0.0258136, max = 0.0476669 (LShoulder)
[2024-10-09 18:50:05.873] [info] Frame 10 (t = 0.366667):	 total squared error = 0.0125001, marker error: RMS = 0.0256496, max = 0.0466518 (LShoulder)
[2024-10-09 18:50:05.914] [info] Frame 11 (t = 0.4):	 total squared error = 0.0122905, marker error: RMS = 0.0254336, max = 0.0439164 (LShoulder)
[2024-10-09 18:50:05.975] [info] Frame 12 (t = 0.433333):	 total squared error = 0.0119965, marker error: RMS = 0.0251276, max = 0.0414534 (LShoulder)
[2024-10-09 18:50:05.994] [info] Frame 13 (t = 0.466667):	 total squared error = 0.0117405, marker error: RMS = 0.024858, max = 0.038652 (LShoulder)
[2024-10-09 18:50:06.056] [info] Frame 14 (t = 0.5):	 total squared error = 0.0115324, marker error: RMS = 0.0246367, max = 0.0375577 (LHeel)
[2024-10-09 18:50:06.131] [info] Frame 15 (t = 0.533333):	 total squared error = 0.0113625, marker error: RMS = 0.0244546, max = 0.0380996 (LHeel)
[2024-10-09 18:50:06.164] [info] Frame 16 (t = 0.566667):	 total squared error = 0.0112516, marker error: RMS = 0.024335, max = 0.038982 (LHeel)
[2024-10-09 18:50:06.251] [info] Frame 17 (t = 0.6):	 total squared error = 0.0111668, marker error: RMS = 0.0242431, max = 0.0399785 (LHeel)
[2024-10-09 18:50:06.320] [info] Frame 18 (t = 0.633333):	 total squared error = 0.0111674, marker error: RMS = 0.0242437, max = 0.0410490 (LHeel)
[2024-10-09 18:50:06.376] [info] Frame 19 (t = 0.666667):	 total squared error = 0.0112177, marker error: RMS = 0.0242982, max = 0.0416789 (LHeel)
[2024-10-09 18:50:06.412] [info] Frame 20 (t = 0.7):	 total squared error = 0.0113634, marker error: RMS = 0.0244555, max = 0.0418609 (LHeel)
[2024-10-09 18:50:06.452] [info] Frame 21 (t = 0.733333):	 total squared error = 0.0116386, marker error: RMS = 0.0247499, max = 0.0421239 (LHeel)
[2024-10-09 18:50:06.514] [info] Frame 22 (t = 0.766667):	 total squared error = 0.0120501, marker error: RMS = 0.0251836, max = 0.0423338 (LHeel)
[2024-10-09 18:50:06.542] [info] Frame 23 (t = 0.8):	 total squared error = 0.0125744, marker error: RMS = 0.0257257, max = 0.0425428 (LHeel)
[2024-10-09 18:50:06.595] [info] Frame 24 (t = 0.833333):	 total squared error = 0.0130928, marker error: RMS = 0.0262506, max = 0.0429051 (LHeel)
[2024-10-09 18:50:06.631] [info] Frame 25 (t = 0.866667):	 total squared error = 0.0134774, marker error: RMS = 0.0266334, max = 0.0437957 (LHeel)
[2024-10-09 18:50:06.704] [info] Frame 26 (t = 0.9):	 total squared error = 0.0136502, marker error: RMS = 0.0268035, max = 0.0446953 (LHeel)
[2024-10-09 18:50:06.752] [info] Frame 27 (t = 0.933333):	 total squared error = 0.01381, marker error: RMS = 0.02696, max = 0.0457943 (LHeel)
[2024-10-09 18:50:06.843] [info] Frame 28 (t = 0.966667):	 total squared error = 0.0140998, marker error: RMS = 0.0272414, max = 0.0457942 (LHeel)
[2024-10-09 18:50:06.922] [info] Frame 29 (t = 1.0):	 total squared error = 0.0145344, marker error: RMS = 0.027658, max = 0.0460829 (LHeel)
[2024-10-09 18:50:06.976] [info] Frame 30 (t = 1.03333):	 total squared error = 0.0148967, marker error: RMS = 0.0280006, max = 0.046246 (LHeel)
[2024-10-09 18:50:07.010] [info] Frame 31 (t = 1.06667):	 total squared error = 0.0150879, marker error: RMS = 0.0281798, max = 0.0462188 (LHeel)
[2024-10-09 18:50:07.046] [info] Frame 32 (t = 1.1):	 total squared error = 0.0151501, marker error: RMS = 0.0282379, max = 0.0457429 (LHeel)
[2024-10-09 18:50:07.100] [info] Frame 33 (t = 1.13333):	 total squared error = 0.0151291, marker error: RMS = 0.0282182, max = 0.0450345 (LHeel)
[2024-10-09 18:50:07.146] [info] Frame 34 (t = 1.16667):	 total squared error = 0.0149576, marker error: RMS = 0.0280578, max = 0.0441889 (LHeel)
[2024-10-09 18:50:07.239] [info] Frame 35 (t = 1.2):	 total squared error = 0.0146437, marker error: RMS = 0.0277619, max = 0.0434276 (LHeel)
[2024-10-09 18:50:07.302] [info] Frame 36 (t = 1.23333):	 total squared error = 0.0143785, marker error: RMS = 0.0275093, max = 0.0426245 (LHeel)
[2024-10-09 18:50:07.343] [info] Frame 37 (t = 1.26667):	 total squared error = 0.0143216, marker error: RMS = 0.0274549, max = 0.0419854 (LHeel)
[2024-10-09 18:50:07.397] [info] Frame 38 (t = 1.3):	 total squared error = 0.0145342, marker error: RMS = 0.0276578, max = 0.0413346 (LHeel)
[2024-10-09 18:50:07.439] [info] Frame 39 (t = 1.33333):	 total squared error = 0.0148706, marker error: RMS = 0.0279762, max = 0.041836 (LShoulder)
[2024-10-09 18:50:07.519] [info] Frame 40 (t = 1.36667):	 total squared error = 0.0151234, marker error: RMS = 0.0282129, max = 0.0425289 (LShoulder)
[2024-10-09 18:50:07.598] [info] Frame 41 (t = 1.4):	 total squared error = 0.0150975, marker error: RMS = 0.0281887, max = 0.0423052 (LShoulder)
[2024-10-09 18:50:07.670] [info] Frame 42 (t = 1.43333):	 total squared error = 0.014833, marker error: RMS = 0.0279408, max = 0.0415677 (LHeel)
[2024-10-09 18:50:07.729] [info] Frame 43 (t = 1.46667):	 total squared error = 0.014513, marker error: RMS = 0.0276377, max = 0.0420320 (LHeel)
[2024-10-09 18:50:07.804] [info] Frame 44 (t = 1.5):	 total squared error = 0.0142537, marker error: RMS = 0.0273897, max = 0.0421575 (LHeel)
[2024-10-09 18:50:07.883] [info] Frame 45 (t = 1.53333):	 total squared error = 0.0141202, marker error: RMS = 0.0272611, max = 0.0419528 (LHeel)
[2024-10-09 18:50:07.902] [info] Frame 46 (t = 1.56667):	 total squared error = 0.0141714, marker error: RMS = 0.0273105, max = 0.0422975 (LShoulder)
[2024-10-09 18:50:08.000] [info] Frame 47 (t = 1.6):	 total squared error = 0.0142875, marker error: RMS = 0.0274221, max = 0.0450237 (LShoulder)
[2024-10-09 18:50:08.062] [info] Frame 48 (t = 1.63333):	 total squared error = 0.0143615, marker error: RMS = 0.027493, max = 0.0463205 (LShoulder)
[2024-10-09 18:50:08.152] [info] Frame 49 (t = 1.66667):	 total squared error = 0.0142396, marker error: RMS = 0.0273761, max = 0.0453579 (LShoulder)
[2024-10-09 18:50:08.176] [info] Frame 50 (t = 1.7):	 total squared error = 0.0140734, marker error: RMS = 0.0272159, max = 0.0433671 (LShoulder)
[2024-10-09 18:50:08.241] [info] Frame 51 (t = 1.73333):	 total squared error = 0.0140212, marker error: RMS = 0.0271654, max = 0.0429621 (LHeel)
[2024-10-09 18:50:08.281] [info] Frame 52 (t = 1.76667):	 total squared error = 0.0142973, marker error: RMS = 0.0274315, max = 0.0426434 (LHeel)
[2024-10-09 18:50:08.354] [info] Frame 53 (t = 1.8):	 total squared error = 0.0148355, marker error: RMS = 0.0279431, max = 0.0429063 (LShoulder)
[2024-10-09 18:50:08.389] [info] Frame 54 (t = 1.83333):	 total squared error = 0.015497, marker error: RMS = 0.0285592, max = 0.0463079 (LShoulder)
[2024-10-09 18:50:08.418] [info] Frame 55 (t = 1.86667):	 total squared error = 0.0160897, marker error: RMS = 0.0291003, max = 0.0497461 (LShoulder)
[2024-10-09 18:50:08.475] [info] Frame 56 (t = 1.9):	 total squared error = 0.0164967, marker error: RMS = 0.029466, max = 0.0519334 (LShoulder)
[2024-10-09 18:50:08.516] [info] Frame 57 (t = 1.93333):	 total squared error = 0.0166033, marker error: RMS = 0.0295611, max = 0.0532933 (LShoulder)
[2024-10-09 18:50:08.557] [info] Frame 58 (t = 1.96667):	 total squared error = 0.0164286, marker error: RMS = 0.0294051, max = 0.0533922 (LShoulder)
[2024-10-09 18:50:08.623] [info] Frame 59 (t = 2.0):	 total squared error = 0.0160430, marker error: RMS = 0.0290580, max = 0.052647 (LShoulder)
[2024-10-09 18:50:08.672] [info] Frame 60 (t = 2.03333):	 total squared error = 0.0156558, marker error: RMS = 0.0287052, max = 0.0518004 (LShoulder)
[2024-10-09 18:50:08.730] [info] Frame 61 (t = 2.06667):	 total squared error = 0.0153948, marker error: RMS = 0.0284649, max = 0.0515358 (LShoulder)
[2024-10-09 18:50:08.761] [info] Frame 62 (t = 2.1):	 total squared error = 0.0153239, marker error: RMS = 0.0283993, max = 0.0522148 (LShoulder)
[2024-10-09 18:50:08.779] [info] Frame 63 (t = 2.13333):	 total squared error = 0.0153543, marker error: RMS = 0.0284274, max = 0.0535079 (LShoulder)
[2024-10-09 18:50:08.826] [info] Frame 64 (t = 2.16667):	 total squared error = 0.015398, marker error: RMS = 0.0284679, max = 0.0546517 (LShoulder)
[2024-10-09 18:50:08.843] [info] Frame 65 (t = 2.2):	 total squared error = 0.0154377, marker error: RMS = 0.0285046, max = 0.0553406 (LShoulder)
[2024-10-09 18:50:08.873] [info] Frame 66 (t = 2.23333):	 total squared error = 0.0154557, marker error: RMS = 0.0285212, max = 0.055332 (LShoulder)
[2024-10-09 18:50:08.931] [info] Frame 67 (t = 2.26667):	 total squared error = 0.0154309, marker error: RMS = 0.0284983, max = 0.0548057 (LShoulder)
[2024-10-09 18:50:08.965] [info] Frame 68 (t = 2.3):	 total squared error = 0.0153826, marker error: RMS = 0.0284537, max = 0.0538348 (LShoulder)
[2024-10-09 18:50:09.054] [info] Frame 69 (t = 2.33333):	 total squared error = 0.0152442, marker error: RMS = 0.0283254, max = 0.052717 (LShoulder)
[2024-10-09 18:50:09.087] [info] Frame 70 (t = 2.36667):	 total squared error = 0.0151421, marker error: RMS = 0.0282304, max = 0.0517378 (LShoulder)
[2024-10-09 18:50:09.148] [info] Frame 71 (t = 2.4):	 total squared error = 0.0150688, marker error: RMS = 0.028162, max = 0.0514395 (LShoulder)
[2024-10-09 18:50:09.249] [info] Frame 72 (t = 2.43333):	 total squared error = 0.0151683, marker error: RMS = 0.0282548, max = 0.0519496 (LShoulder)
[2024-10-09 18:50:09.284] [info] Frame 73 (t = 2.46667):	 total squared error = 0.0153611, marker error: RMS = 0.0284338, max = 0.0529643 (LShoulder)
[2024-10-09 18:50:09.316] [info] Frame 74 (t = 2.5):	 total squared error = 0.0155899, marker error: RMS = 0.0286447, max = 0.0539884 (LShoulder)
[2024-10-09 18:50:09.403] [info] Frame 75 (t = 2.53333):	 total squared error = 0.0157889, marker error: RMS = 0.028827, max = 0.0548897 (LShoulder)
[2024-10-09 18:50:09.459] [info] Frame 76 (t = 2.56667):	 total squared error = 0.0159186, marker error: RMS = 0.0289452, max = 0.0554874 (LShoulder)
[2024-10-09 18:50:09.524] [info] Frame 77 (t = 2.6):	 total squared error = 0.0160130, marker error: RMS = 0.0290308, max = 0.0557939 (LShoulder)
[2024-10-09 18:50:09.607] [info] Frame 78 (t = 2.63333):	 total squared error = 0.0160704, marker error: RMS = 0.0290828, max = 0.0556431 (LShoulder)
[2024-10-09 18:50:09.663] [info] Frame 79 (t = 2.66667):	 total squared error = 0.0160647, marker error: RMS = 0.0290776, max = 0.0554397 (LShoulder)
[2024-10-09 18:50:09.761] [info] Frame 80 (t = 2.7):	 total squared error = 0.0160132, marker error: RMS = 0.0290311, max = 0.0548855 (LShoulder)
[2024-10-09 18:50:09.858] [info] Frame 81 (t = 2.73333):	 total squared error = 0.0159468, marker error: RMS = 0.0289708, max = 0.0544898 (LShoulder)
[2024-10-09 18:50:09.891] [info] Frame 82 (t = 2.76667):	 total squared error = 0.0159105, marker error: RMS = 0.0289378, max = 0.0542494 (LShoulder)
[2024-10-09 18:50:09.913] [info] Frame 83 (t = 2.8):	 total squared error = 0.0159141, marker error: RMS = 0.028941, max = 0.0540914 (LShoulder)
[2024-10-09 18:50:09.935] [info] Frame 84 (t = 2.83333):	 total squared error = 0.0159726, marker error: RMS = 0.0289942, max = 0.0539759 (LShoulder)
[2024-10-09 18:50:09.989] [info] Frame 85 (t = 2.86667):	 total squared error = 0.0160410, marker error: RMS = 0.0290562, max = 0.054179 (LShoulder)
[2024-10-09 18:50:10.044] [info] Frame 86 (t = 2.9):	 total squared error = 0.0160802, marker error: RMS = 0.0290917, max = 0.0544684 (LShoulder)
[2024-10-09 18:50:10.103] [info] Frame 87 (t = 2.93333):	 total squared error = 0.0160838, marker error: RMS = 0.0290949, max = 0.0548441 (LShoulder)
[2024-10-09 18:50:10.132] [info] Frame 88 (t = 2.96667):	 total squared error = 0.0161448, marker error: RMS = 0.0291501, max = 0.054635 (LShoulder)
[2024-10-09 18:50:10.213] [info] Frame 89 (t = 3.0):	 total squared error = 0.0161532, marker error: RMS = 0.0291576, max = 0.0554366 (LShoulder)
[2024-10-09 18:50:10.240] [info] Frame 90 (t = 3.03333):	 total squared error = 0.0163127, marker error: RMS = 0.0293012, max = 0.0556494 (LShoulder)
[2024-10-09 18:50:10.284] [info] Frame 91 (t = 3.06667):	 total squared error = 0.0165002, marker error: RMS = 0.0294692, max = 0.0560700 (LShoulder)
[2024-10-09 18:50:10.358] [info] Frame 92 (t = 3.1):	 total squared error = 0.0166521, marker error: RMS = 0.0296045, max = 0.0558789 (LShoulder)
[2024-10-09 18:50:10.389] [info] Frame 93 (t = 3.13333):	 total squared error = 0.0166531, marker error: RMS = 0.0296054, max = 0.0561891 (LShoulder)
[2024-10-09 18:50:10.455] [info] Frame 94 (t = 3.16667):	 total squared error = 0.0164387, marker error: RMS = 0.0294142, max = 0.055214 (LShoulder)
[2024-10-09 18:50:10.504] [info] Frame 95 (t = 3.2):	 total squared error = 0.0160967, marker error: RMS = 0.0291066, max = 0.0540472 (LShoulder)
[2024-10-09 18:50:10.565] [info] Frame 96 (t = 3.23333):	 total squared error = 0.015641, marker error: RMS = 0.0286916, max = 0.0522599 (LShoulder)
[2024-10-09 18:50:10.598] [info] Frame 97 (t = 3.26667):	 total squared error = 0.0151775, marker error: RMS = 0.0282634, max = 0.0495921 (LShoulder)
[2024-10-09 18:50:10.669] [info] Frame 98 (t = 3.3):	 total squared error = 0.0147766, marker error: RMS = 0.0278876, max = 0.0469592 (LShoulder)
[2024-10-09 18:50:10.709] [info] Frame 99 (t = 3.33333):	 total squared error = 0.0145169, marker error: RMS = 0.0276414, max = 0.0443167 (LShoulder)
[2024-10-09 18:50:10.788] [info] Frame 100 (t = 3.36667):	 total squared error = 0.0143321, marker error: RMS = 0.0274649, max = 0.0422297 (LShoulder)
[2024-10-09 18:50:10.878] [info] Frame 101 (t = 3.4):	 total squared error = 0.0142079, marker error: RMS = 0.0273457, max = 0.0419348 (LHeel)
[2024-10-09 18:50:10.926] [info] Frame 102 (t = 3.43333):	 total squared error = 0.0140898, marker error: RMS = 0.0272317, max = 0.0423918 (LHeel)
[2024-10-09 18:50:10.989] [info] Frame 103 (t = 3.46667):	 total squared error = 0.0139488, marker error: RMS = 0.0270952, max = 0.042928 (LHeel)
[2024-10-09 18:50:11.052] [info] Frame 104 (t = 3.5):	 total squared error = 0.0138432, marker error: RMS = 0.0269924, max = 0.0434032 (LHeel)
[2024-10-09 18:50:11.134] [info] Frame 105 (t = 3.53333):	 total squared error = 0.0138545, marker error: RMS = 0.0270034, max = 0.0436302 (LHeel)
[2024-10-09 18:50:11.208] [info] Frame 106 (t = 3.56667):	 total squared error = 0.0140413, marker error: RMS = 0.0271849, max = 0.0434775 (LHeel)
[2024-10-09 18:50:11.266] [info] Frame 107 (t = 3.6):	 total squared error = 0.0144247, marker error: RMS = 0.0275535, max = 0.0429919 (LHeel)
[2024-10-09 18:50:11.292] [info] Frame 108 (t = 3.63333):	 total squared error = 0.0150947, marker error: RMS = 0.0281862, max = 0.0417026 (LHeel)
[2024-10-09 18:50:11.326] [info] Frame 109 (t = 3.66667):	 total squared error = 0.0158528, marker error: RMS = 0.0288852, max = 0.0454582 (LShoulder)
[2024-10-09 18:50:11.405] [info] Frame 110 (t = 3.7):	 total squared error = 0.0165041, marker error: RMS = 0.0294727, max = 0.0484722 (LShoulder)
[2024-10-09 18:50:11.457] [info] Frame 111 (t = 3.73333):	 total squared error = 0.0169111, marker error: RMS = 0.0298339, max = 0.0515337 (LShoulder)
[2024-10-09 18:50:11.549] [info] Frame 112 (t = 3.76667):	 total squared error = 0.0171189, marker error: RMS = 0.0300166, max = 0.0534314 (LShoulder)
[2024-10-09 18:50:11.604] [info] Frame 113 (t = 3.8):	 total squared error = 0.0172003, marker error: RMS = 0.0300878, max = 0.0546292 (LShoulder)
[2024-10-09 18:50:11.659] [info] Frame 114 (t = 3.83333):	 total squared error = 0.0171462, marker error: RMS = 0.0300405, max = 0.0551789 (LShoulder)
[2024-10-09 18:50:11.718] [info] Frame 115 (t = 3.86667):	 total squared error = 0.0169921, marker error: RMS = 0.0299052, max = 0.0554371 (LShoulder)
[2024-10-09 18:50:11.834] [info] Frame 116 (t = 3.9):	 total squared error = 0.0168238, marker error: RMS = 0.0297567, max = 0.0555476 (LShoulder)
[2024-10-09 18:50:11.917] [info] Frame 117 (t = 3.93333):	 total squared error = 0.0166978, marker error: RMS = 0.0296451, max = 0.0554194 (LShoulder)
[2024-10-09 18:50:12.009] [info] Frame 118 (t = 3.96667):	 total squared error = 0.016597, marker error: RMS = 0.0295554, max = 0.0551777 (LShoulder)
[2024-10-09 18:50:12.111] [info] Frame 119 (t = 4.0):	 total squared error = 0.0164794, marker error: RMS = 0.0294506, max = 0.0546749 (LShoulder)
[2024-10-09 18:50:12.156] [info] Frame 120 (t = 4.03333):	 total squared error = 0.016322, marker error: RMS = 0.0293096, max = 0.0537058 (LShoulder)
[2024-10-09 18:50:12.231] [info] Frame 121 (t = 4.06667):	 total squared error = 0.0161106, marker error: RMS = 0.0291192, max = 0.0525108 (LShoulder)
[2024-10-09 18:50:12.292] [info] Frame 122 (t = 4.1):	 total squared error = 0.0159114, marker error: RMS = 0.0289386, max = 0.0513688 (LShoulder)
[2024-10-09 18:50:12.353] [info] Frame 123 (t = 4.13333):	 total squared error = 0.0158189, marker error: RMS = 0.0288544, max = 0.0510514 (LShoulder)
[2024-10-09 18:50:12.395] [info] Frame 124 (t = 4.16667):	 total squared error = 0.0158992, marker error: RMS = 0.0289275, max = 0.0517929 (LShoulder)
[2024-10-09 18:50:12.443] [info] Frame 125 (t = 4.2):	 total squared error = 0.0161317, marker error: RMS = 0.0291382, max = 0.0533815 (LShoulder)
[2024-10-09 18:50:12.524] [info] Frame 126 (t = 4.23333):	 total squared error = 0.0164085, marker error: RMS = 0.0293872, max = 0.0548782 (LShoulder)
[2024-10-09 18:50:12.650] [info] Frame 127 (t = 4.26667):	 total squared error = 0.0166742, marker error: RMS = 0.0296241, max = 0.0561251 (LShoulder)
[2024-10-09 18:50:12.735] [info] Frame 128 (t = 4.3):	 total squared error = 0.0168627, marker error: RMS = 0.0297912, max = 0.0569142 (LShoulder)
[2024-10-09 18:50:12.789] [info] Frame 129 (t = 4.33333):	 total squared error = 0.0169483, marker error: RMS = 0.0298667, max = 0.0571275 (LShoulder)
[2024-10-09 18:50:12.817] [info] Frame 130 (t = 4.36667):	 total squared error = 0.0169097, marker error: RMS = 0.0298326, max = 0.0568948 (LShoulder)
[2024-10-09 18:50:12.875] [info] Frame 131 (t = 4.4):	 total squared error = 0.0167059, marker error: RMS = 0.0296523, max = 0.0554033 (LShoulder)
[2024-10-09 18:50:12.902] [info] Frame 132 (t = 4.43333):	 total squared error = 0.0164315, marker error: RMS = 0.0294077, max = 0.0534515 (LShoulder)
[2024-10-09 18:50:12.952] [info] Frame 133 (t = 4.46667):	 total squared error = 0.0161905, marker error: RMS = 0.0291913, max = 0.0520833 (LShoulder)
[2024-10-09 18:50:13.014] [info] Frame 134 (t = 4.5):	 total squared error = 0.0161104, marker error: RMS = 0.029119, max = 0.051249 (LShoulder)
[2024-10-09 18:50:13.093] [info] Frame 135 (t = 4.53333):	 total squared error = 0.016245, marker error: RMS = 0.0292404, max = 0.0513364 (LShoulder)
[2024-10-09 18:50:13.175] [info] Frame 136 (t = 4.56667):	 total squared error = 0.0164511, marker error: RMS = 0.0294253, max = 0.0521718 (LShoulder)
[2024-10-09 18:50:13.247] [info] Frame 137 (t = 4.6):	 total squared error = 0.0166050, marker error: RMS = 0.0295626, max = 0.0528684 (LShoulder)
[2024-10-09 18:50:13.306] [info] Frame 138 (t = 4.63333):	 total squared error = 0.0166882, marker error: RMS = 0.0296366, max = 0.0532485 (LShoulder)
[2024-10-09 18:50:13.399] [info] Frame 139 (t = 4.66667):	 total squared error = 0.0167407, marker error: RMS = 0.0296832, max = 0.0527329 (LShoulder)
[2024-10-09 18:50:13.430] [info] Frame 140 (t = 4.7):	 total squared error = 0.0168641, marker error: RMS = 0.0297924, max = 0.052278 (LShoulder)
[2024-10-09 18:50:13.510] [info] Frame 141 (t = 4.73333):	 total squared error = 0.0170249, marker error: RMS = 0.0299341, max = 0.0516867 (LShoulder)
[2024-10-09 18:50:13.591] [info] Frame 142 (t = 4.76667):	 total squared error = 0.0171255, marker error: RMS = 0.0300224, max = 0.0515159 (LShoulder)
[2024-10-09 18:50:13.670] [info] Frame 143 (t = 4.8):	 total squared error = 0.0170039, marker error: RMS = 0.0299156, max = 0.0510911 (LShoulder)
[2024-10-09 18:50:13.765] [info] Frame 144 (t = 4.83333):	 total squared error = 0.0166074, marker error: RMS = 0.0295647, max = 0.0500992 (LShoulder)
[2024-10-09 18:50:13.860] [info] Frame 145 (t = 4.86667):	 total squared error = 0.0160621, marker error: RMS = 0.0290753, max = 0.0486036 (LShoulder)
[2024-10-09 18:50:13.960] [info] Frame 146 (t = 4.9):	 total squared error = 0.0156283, marker error: RMS = 0.02868, max = 0.0474493 (LShoulder)
[2024-10-09 18:50:14.066] [info] Frame 147 (t = 4.93333):	 total squared error = 0.0154966, marker error: RMS = 0.0285588, max = 0.0477862 (LShoulder)
[2024-10-09 18:50:14.152] [info] Frame 148 (t = 4.96667):	 total squared error = 0.0157064, marker error: RMS = 0.0287515, max = 0.0496002 (LShoulder)
[2024-10-09 18:50:14.220] [info] Frame 149 (t = 5.0):	 total squared error = 0.0161321, marker error: RMS = 0.0291386, max = 0.0520346 (LShoulder)
[2024-10-09 18:50:14.252] [info] Frame 150 (t = 5.03333):	 total squared error = 0.0165721, marker error: RMS = 0.0295333, max = 0.0541671 (LShoulder)
[2024-10-09 18:50:14.287] [info] Frame 151 (t = 5.06667):	 total squared error = 0.0167195, marker error: RMS = 0.0296643, max = 0.0553325 (LShoulder)
[2024-10-09 18:50:14.322] [info] Frame 152 (t = 5.1):	 total squared error = 0.0165905, marker error: RMS = 0.0295497, max = 0.0555541 (LShoulder)
[2024-10-09 18:50:14.394] [info] Frame 153 (t = 5.13333):	 total squared error = 0.0162517, marker error: RMS = 0.0292464, max = 0.054824 (LShoulder)
[2024-10-09 18:50:14.483] [info] Frame 154 (t = 5.16667):	 total squared error = 0.0158776, marker error: RMS = 0.0289078, max = 0.0536134 (LShoulder)
[2024-10-09 18:50:14.526] [info] Frame 155 (t = 5.2):	 total squared error = 0.0154713, marker error: RMS = 0.0285356, max = 0.0522074 (LShoulder)
[2024-10-09 18:50:14.618] [info] Frame 156 (t = 5.23333):	 total squared error = 0.0150823, marker error: RMS = 0.0281746, max = 0.0508007 (LShoulder)
[2024-10-09 18:50:14.686] [info] Frame 157 (t = 5.26667):	 total squared error = 0.0148557, marker error: RMS = 0.0279621, max = 0.0498925 (LShoulder)
[2024-10-09 18:50:14.730] [info] Frame 158 (t = 5.3):	 total squared error = 0.0148405, marker error: RMS = 0.0279478, max = 0.0496967 (LShoulder)
[2024-10-09 18:50:14.765] [info] Frame 159 (t = 5.33333):	 total squared error = 0.0149355, marker error: RMS = 0.0280371, max = 0.0501814 (LShoulder)
[2024-10-09 18:50:14.844] [info] Frame 160 (t = 5.36667):	 total squared error = 0.0150307, marker error: RMS = 0.0281263, max = 0.0500934 (LShoulder)
[2024-10-09 18:50:14.878] [info] Frame 161 (t = 5.4):	 total squared error = 0.0151558, marker error: RMS = 0.0282431, max = 0.0503728 (LShoulder)
[2024-10-09 18:50:14.962] [info] Frame 162 (t = 5.43333):	 total squared error = 0.0152357, marker error: RMS = 0.0283174, max = 0.0515924 (LShoulder)
[2024-10-09 18:50:15.030] [info] Frame 163 (t = 5.46667):	 total squared error = 0.0154483, marker error: RMS = 0.0285144, max = 0.0529247 (LShoulder)
[2024-10-09 18:50:15.062] [info] Frame 164 (t = 5.5):	 total squared error = 0.0156887, marker error: RMS = 0.0287353, max = 0.0538778 (LShoulder)
[2024-10-09 18:50:15.126] [info] Frame 165 (t = 5.53333):	 total squared error = 0.0157794, marker error: RMS = 0.0288183, max = 0.0549781 (LShoulder)
[2024-10-09 18:50:15.208] [info] Frame 166 (t = 5.56667):	 total squared error = 0.0157908, marker error: RMS = 0.0288287, max = 0.0554621 (LShoulder)
[2024-10-09 18:50:15.227] [info] Frame 167 (t = 5.6):	 total squared error = 0.0157269, marker error: RMS = 0.0287703, max = 0.0558155 (LShoulder)
[2024-10-09 18:50:15.280] [info] Frame 168 (t = 5.63333):	 total squared error = 0.0156801, marker error: RMS = 0.0287275, max = 0.0559749 (LShoulder)
[2024-10-09 18:50:15.347] [info] Frame 169 (t = 5.66667):	 total squared error = 0.0156449, marker error: RMS = 0.0286952, max = 0.0557814 (LShoulder)
[2024-10-09 18:50:15.376] [info] Frame 170 (t = 5.7):	 total squared error = 0.0156967, marker error: RMS = 0.0287427, max = 0.0557969 (LShoulder)
[2024-10-09 18:50:15.456] [info] Frame 171 (t = 5.73333):	 total squared error = 0.0157225, marker error: RMS = 0.0287663, max = 0.0554909 (LShoulder)
[2024-10-09 18:50:15.481] [info] Frame 172 (t = 5.76667):	 total squared error = 0.0158401, marker error: RMS = 0.0288737, max = 0.0558311 (LShoulder)
[2024-10-09 18:50:15.540] [info] Frame 173 (t = 5.8):	 total squared error = 0.0159197, marker error: RMS = 0.0289461, max = 0.0551721 (LShoulder)
[2024-10-09 18:50:15.587] [info] Frame 174 (t = 5.83333):	 total squared error = 0.0159501, marker error: RMS = 0.0289737, max = 0.0548848 (LShoulder)
[2024-10-09 18:50:15.607] [info] Frame 175 (t = 5.86667):	 total squared error = 0.0158422, marker error: RMS = 0.0288756, max = 0.0543586 (LShoulder)
[2024-10-09 18:50:15.676] [info] Frame 176 (t = 5.9):	 total squared error = 0.0155308, marker error: RMS = 0.0285904, max = 0.0532883 (LShoulder)
[2024-10-09 18:50:15.746] [info] Frame 177 (t = 5.93333):	 total squared error = 0.0151234, marker error: RMS = 0.0282129, max = 0.0518798 (LShoulder)
[2024-10-09 18:50:15.821] [info] Frame 178 (t = 5.96667):	 total squared error = 0.0147573, marker error: RMS = 0.0278693, max = 0.0505115 (LShoulder)
[2024-10-09 18:50:15.838] [info] Frame 179 (t = 6.0):	 total squared error = 0.0147037, marker error: RMS = 0.0278187, max = 0.0491012 (LShoulder)
[2024-10-09 18:50:15.913] [info] Frame 180 (t = 6.03333):	 total squared error = 0.0147101, marker error: RMS = 0.0278247, max = 0.0497825 (LShoulder)
[2024-10-09 18:50:15.977] [info] Frame 181 (t = 6.06667):	 total squared error = 0.0150014, marker error: RMS = 0.0280989, max = 0.0506238 (LShoulder)
[2024-10-09 18:50:15.993] [info] Frame 182 (t = 6.1):	 total squared error = 0.0152984, marker error: RMS = 0.0283757, max = 0.0516779 (LShoulder)
[2024-10-09 18:50:16.049] [info] Frame 183 (t = 6.13333):	 total squared error = 0.0155294, marker error: RMS = 0.0285891, max = 0.0525823 (LShoulder)
[2024-10-09 18:50:16.159] [info] Frame 184 (t = 6.16667):	 total squared error = 0.0156597, marker error: RMS = 0.0287088, max = 0.0527936 (LShoulder)
[2024-10-09 18:50:16.232] [info] Frame 185 (t = 6.2):	 total squared error = 0.0157954, marker error: RMS = 0.0288329, max = 0.0531537 (LShoulder)
[2024-10-09 18:50:16.296] [info] Frame 186 (t = 6.23333):	 total squared error = 0.0159735, marker error: RMS = 0.028995, max = 0.0532567 (LShoulder)
[2024-10-09 18:50:16.366] [info] Frame 187 (t = 6.26667):	 total squared error = 0.0161788, marker error: RMS = 0.0291807, max = 0.0533060 (LShoulder)
[2024-10-09 18:50:16.438] [info] Frame 188 (t = 6.3):	 total squared error = 0.0163782, marker error: RMS = 0.02936, max = 0.0533132 (LShoulder)
[2024-10-09 18:50:16.524] [info] Frame 189 (t = 6.33333):	 total squared error = 0.0164923, marker error: RMS = 0.0294621, max = 0.0532265 (LShoulder)
[2024-10-09 18:50:16.605] [info] Frame 190 (t = 6.36667):	 total squared error = 0.0164454, marker error: RMS = 0.0294202, max = 0.0529393 (LShoulder)
[2024-10-09 18:50:16.674] [info] Frame 191 (t = 6.4):	 total squared error = 0.0162088, marker error: RMS = 0.0292078, max = 0.0521691 (LShoulder)
[2024-10-09 18:50:16.728] [info] Frame 192 (t = 6.43333):	 total squared error = 0.0158408, marker error: RMS = 0.0288743, max = 0.0507426 (LShoulder)
[2024-10-09 18:50:16.800] [info] Frame 193 (t = 6.46667):	 total squared error = 0.0154238, marker error: RMS = 0.0284917, max = 0.0491373 (LShoulder)
[2024-10-09 18:50:16.852] [info] Frame 194 (t = 6.5):	 total squared error = 0.0150697, marker error: RMS = 0.0281628, max = 0.0474776 (LShoulder)
[2024-10-09 18:50:16.921] [info] Frame 195 (t = 6.53333):	 total squared error = 0.0147698, marker error: RMS = 0.0278811, max = 0.0460647 (LShoulder)
[2024-10-09 18:50:16.971] [info] Frame 196 (t = 6.56667):	 total squared error = 0.0145156, marker error: RMS = 0.0276402, max = 0.0449092 (LShoulder)
[2024-10-09 18:50:17.061] [info] Frame 197 (t = 6.6):	 total squared error = 0.0142768, marker error: RMS = 0.0274118, max = 0.0439108 (LShoulder)
[2024-10-09 18:50:17.158] [info] Frame 198 (t = 6.63333):	 total squared error = 0.014178, marker error: RMS = 0.0273169, max = 0.0434841 (LShoulder)
[2024-10-09 18:50:17.209] [info] Frame 199 (t = 6.66667):	 total squared error = 0.0142788, marker error: RMS = 0.0274138, max = 0.0439799 (LShoulder)
[2024-10-09 18:50:17.291] [info] Frame 200 (t = 6.7):	 total squared error = 0.0145906, marker error: RMS = 0.0277114, max = 0.0455315 (LShoulder)
[2024-10-09 18:50:17.332] [info] Frame 201 (t = 6.73333):	 total squared error = 0.0150784, marker error: RMS = 0.0281709, max = 0.0481245 (LShoulder)
[2024-10-09 18:50:17.369] [info] Frame 202 (t = 6.76667):	 total squared error = 0.0155529, marker error: RMS = 0.0286107, max = 0.0505444 (LShoulder)
[2024-10-09 18:50:17.438] [info] Frame 203 (t = 6.8):	 total squared error = 0.0158338, marker error: RMS = 0.0288679, max = 0.0515449 (LShoulder)
[2024-10-09 18:50:17.497] [info] Frame 204 (t = 6.83333):	 total squared error = 0.0158239, marker error: RMS = 0.0288589, max = 0.0514741 (LShoulder)
[2024-10-09 18:50:17.562] [info] Frame 205 (t = 6.86667):	 total squared error = 0.0155839, marker error: RMS = 0.0286392, max = 0.0499221 (LShoulder)
[2024-10-09 18:50:17.637] [info] Frame 206 (t = 6.9):	 total squared error = 0.015197, marker error: RMS = 0.0282815, max = 0.0478493 (LShoulder)
[2024-10-09 18:50:17.703] [info] Frame 207 (t = 6.93333):	 total squared error = 0.0148529, marker error: RMS = 0.0279595, max = 0.0459876 (LShoulder)
[2024-10-09 18:50:17.762] [info] Frame 208 (t = 6.96667):	 total squared error = 0.0147139, marker error: RMS = 0.0278283, max = 0.0451853 (LShoulder)
[2024-10-09 18:50:17.838] [info] Frame 209 (t = 7.0):	 total squared error = 0.0147627, marker error: RMS = 0.0278744, max = 0.0459208 (LShoulder)
[2024-10-09 18:50:17.888] [info] Frame 210 (t = 7.03333):	 total squared error = 0.014865, marker error: RMS = 0.0279709, max = 0.0465598 (LShoulder)
[2024-10-09 18:50:17.937] [info] Frame 211 (t = 7.06667):	 total squared error = 0.0148709, marker error: RMS = 0.0279764, max = 0.0463784 (LShoulder)
[2024-10-09 18:50:17.977] [info] Frame 212 (t = 7.1):	 total squared error = 0.0148101, marker error: RMS = 0.0279191, max = 0.0459032 (LShoulder)
[2024-10-09 18:50:18.035] [info] Frame 213 (t = 7.13333):	 total squared error = 0.0148087, marker error: RMS = 0.0279178, max = 0.0456046 (LShoulder)
[2024-10-09 18:50:18.106] [info] Frame 214 (t = 7.16667):	 total squared error = 0.0148631, marker error: RMS = 0.027969, max = 0.0458162 (LShoulder)
[2024-10-09 18:50:18.153] [info] Frame 215 (t = 7.2):	 total squared error = 0.0148626, marker error: RMS = 0.0279686, max = 0.0463248 (LShoulder)
[2024-10-09 18:50:18.205] [info] Frame 216 (t = 7.23333):	 total squared error = 0.0148047, marker error: RMS = 0.0279141, max = 0.0464898 (LShoulder)
[2024-10-09 18:50:18.275] [info] Frame 217 (t = 7.26667):	 total squared error = 0.014736, marker error: RMS = 0.0278492, max = 0.0468626 (LShoulder)
[2024-10-09 18:50:18.346] [info] Frame 218 (t = 7.3):	 total squared error = 0.0147852, marker error: RMS = 0.0278957, max = 0.0479573 (LShoulder)
[2024-10-09 18:50:18.381] [info] Frame 219 (t = 7.33333):	 total squared error = 0.0150083, marker error: RMS = 0.0281054, max = 0.049935 (LShoulder)
[2024-10-09 18:50:18.413] [info] Frame 220 (t = 7.36667):	 total squared error = 0.0152968, marker error: RMS = 0.0283742, max = 0.0521161 (LShoulder)
[2024-10-09 18:50:18.475] [info] Frame 221 (t = 7.4):	 total squared error = 0.0155632, marker error: RMS = 0.0286202, max = 0.0535815 (LShoulder)
[2024-10-09 18:50:18.532] [info] Frame 222 (t = 7.43333):	 total squared error = 0.0157553, marker error: RMS = 0.0287962, max = 0.0547457 (LShoulder)
[2024-10-09 18:50:18.590] [info] Frame 223 (t = 7.46667):	 total squared error = 0.0159475, marker error: RMS = 0.0289714, max = 0.0553775 (LShoulder)
[2024-10-09 18:50:18.627] [info] Frame 224 (t = 7.5):	 total squared error = 0.0161515, marker error: RMS = 0.0291561, max = 0.055526 (LShoulder)
[2024-10-09 18:50:18.692] [info] Frame 225 (t = 7.53333):	 total squared error = 0.0162573, marker error: RMS = 0.0292514, max = 0.0555229 (LShoulder)
[2024-10-09 18:50:18.731] [info] Frame 226 (t = 7.56667):	 total squared error = 0.0162598, marker error: RMS = 0.0292537, max = 0.0554262 (LShoulder)
[2024-10-09 18:50:18.789] [info] Frame 227 (t = 7.6):	 total squared error = 0.0161873, marker error: RMS = 0.0291884, max = 0.0553063 (LShoulder)
[2024-10-09 18:50:18.876] [info] Frame 228 (t = 7.63333):	 total squared error = 0.0160985, marker error: RMS = 0.0291083, max = 0.0552266 (LShoulder)
[2024-10-09 18:50:18.942] [info] Frame 229 (t = 7.66667):	 total squared error = 0.0159848, marker error: RMS = 0.0290053, max = 0.0551245 (LShoulder)
[2024-10-09 18:50:18.985] [info] Frame 230 (t = 7.7):	 total squared error = 0.0158274, marker error: RMS = 0.0288621, max = 0.0552741 (LShoulder)
[2024-10-09 18:50:19.003] [info] Frame 231 (t = 7.73333):	 total squared error = 0.0155955, marker error: RMS = 0.0286499, max = 0.0554152 (LShoulder)
[2024-10-09 18:50:19.026] [info] Frame 232 (t = 7.76667):	 total squared error = 0.015337, marker error: RMS = 0.0284115, max = 0.0555482 (LShoulder)
[2024-10-09 18:50:19.081] [info] Frame 233 (t = 7.8):	 total squared error = 0.0150684, marker error: RMS = 0.0281616, max = 0.0557199 (LShoulder)
[2024-10-09 18:50:19.138] [info] Frame 234 (t = 7.83333):	 total squared error = 0.0149392, marker error: RMS = 0.0280406, max = 0.0559127 (LShoulder)
[2024-10-09 18:50:19.197] [info] Frame 235 (t = 7.86667):	 total squared error = 0.0149443, marker error: RMS = 0.0280454, max = 0.0560382 (LShoulder)
[2024-10-09 18:50:19.235] [info] Frame 236 (t = 7.9):	 total squared error = 0.0150334, marker error: RMS = 0.0281289, max = 0.0560696 (LShoulder)
[2024-10-09 18:50:19.310] [info] Frame 237 (t = 7.93333):	 total squared error = 0.0151972, marker error: RMS = 0.0282816, max = 0.0561094 (LShoulder)
[2024-10-09 18:50:19.366] [info] Frame 238 (t = 7.96667):	 total squared error = 0.0154925, marker error: RMS = 0.0285551, max = 0.0560074 (LShoulder)
[2024-10-09 18:50:19.431] [info] Frame 239 (t = 8.0):	 total squared error = 0.0159101, marker error: RMS = 0.0289374, max = 0.0555642 (LShoulder)
[2024-10-09 18:50:19.483] [info] Frame 240 (t = 8.03333):	 total squared error = 0.0163617, marker error: RMS = 0.0293452, max = 0.055382 (LShoulder)
[2024-10-09 18:50:19.519] [info] Frame 241 (t = 8.06667):	 total squared error = 0.0167328, marker error: RMS = 0.0296762, max = 0.0553703 (LShoulder)
[2024-10-09 18:50:19.555] [info] Frame 242 (t = 8.1):	 total squared error = 0.0168905, marker error: RMS = 0.0298156, max = 0.0553735 (LShoulder)
[2024-10-09 18:50:19.575] [info] Frame 243 (t = 8.13333):	 total squared error = 0.0168703, marker error: RMS = 0.0297978, max = 0.0553633 (LShoulder)
[2024-10-09 18:50:19.627] [info] Frame 244 (t = 8.16667):	 total squared error = 0.0166588, marker error: RMS = 0.0296105, max = 0.0551304 (LShoulder)
[2024-10-09 18:50:19.668] [info] Frame 245 (t = 8.2):	 total squared error = 0.0163342, marker error: RMS = 0.0293206, max = 0.0551119 (LShoulder)
[2024-10-09 18:50:19.719] [info] Frame 246 (t = 8.23333):	 total squared error = 0.0159441, marker error: RMS = 0.0289683, max = 0.0549406 (LShoulder)
[2024-10-09 18:50:19.761] [info] Frame 247 (t = 8.26667):	 total squared error = 0.015581, marker error: RMS = 0.0286366, max = 0.0545798 (LShoulder)
[2024-10-09 18:50:19.795] [info] Frame 248 (t = 8.3):	 total squared error = 0.0152885, marker error: RMS = 0.0283665, max = 0.0539752 (LShoulder)
[2024-10-09 18:50:19.836] [info] Frame 249 (t = 8.33333):	 total squared error = 0.0150706, marker error: RMS = 0.0281637, max = 0.0529328 (LShoulder)
[2024-10-09 18:50:19.916] [info] Frame 250 (t = 8.36667):	 total squared error = 0.0148849, marker error: RMS = 0.0279896, max = 0.051979 (LShoulder)
[2024-10-09 18:50:20.005] [info] Frame 251 (t = 8.4):	 total squared error = 0.0147517, marker error: RMS = 0.027864, max = 0.0509530 (LShoulder)
[2024-10-09 18:50:20.068] [info] Frame 252 (t = 8.43333):	 total squared error = 0.0147249, marker error: RMS = 0.0278388, max = 0.0505878 (LShoulder)
[2024-10-09 18:50:20.134] [info] Frame 253 (t = 8.46667):	 total squared error = 0.0148568, marker error: RMS = 0.0279631, max = 0.0510335 (LShoulder)
[2024-10-09 18:50:20.200] [info] Frame 254 (t = 8.5):	 total squared error = 0.0150904, marker error: RMS = 0.0281821, max = 0.0518856 (LShoulder)
[2024-10-09 18:50:20.264] [info] Frame 255 (t = 8.53333):	 total squared error = 0.0153179, marker error: RMS = 0.0283937, max = 0.0525076 (LShoulder)
[2024-10-09 18:50:20.321] [info] Frame 256 (t = 8.56667):	 total squared error = 0.0154339, marker error: RMS = 0.0285011, max = 0.0524345 (LShoulder)
[2024-10-09 18:50:20.385] [info] Frame 257 (t = 8.6):	 total squared error = 0.0154208, marker error: RMS = 0.0284889, max = 0.0516414 (LShoulder)
[2024-10-09 18:50:20.437] [info] Frame 258 (t = 8.63333):	 total squared error = 0.0153477, marker error: RMS = 0.0284214, max = 0.0511874 (LShoulder)
[2024-10-09 18:50:20.513] [info] Frame 259 (t = 8.66667):	 total squared error = 0.0153274, marker error: RMS = 0.0284026, max = 0.051348 (LShoulder)
[2024-10-09 18:50:20.555] [info] Frame 260 (t = 8.7):	 total squared error = 0.0153836, marker error: RMS = 0.0284545, max = 0.0520966 (LShoulder)
[2024-10-09 18:50:20.607] [info] Frame 261 (t = 8.73333):	 total squared error = 0.0154809, marker error: RMS = 0.0285444, max = 0.0526646 (LShoulder)
[2024-10-09 18:50:20.680] [info] Frame 262 (t = 8.76667):	 total squared error = 0.0155668, marker error: RMS = 0.0286235, max = 0.0531775 (LShoulder)
[2024-10-09 18:50:20.778] [info] Frame 263 (t = 8.8):	 total squared error = 0.0156618, marker error: RMS = 0.0287107, max = 0.0534843 (LShoulder)
[2024-10-09 18:50:20.884] [info] Frame 264 (t = 8.83333):	 total squared error = 0.0157744, marker error: RMS = 0.0288137, max = 0.0536801 (LShoulder)
[2024-10-09 18:50:20.987] [info] Frame 265 (t = 8.86667):	 total squared error = 0.0158938, marker error: RMS = 0.0289226, max = 0.0539024 (LShoulder)
[2024-10-09 18:50:21.059] [info] Frame 266 (t = 8.9):	 total squared error = 0.0159891, marker error: RMS = 0.0290091, max = 0.0541163 (LShoulder)
[2024-10-09 18:50:21.138] [info] Frame 267 (t = 8.93333):	 total squared error = 0.0159862, marker error: RMS = 0.0290065, max = 0.0544676 (LShoulder)
[2024-10-09 18:50:21.206] [info] Frame 268 (t = 8.96667):	 total squared error = 0.0158496, marker error: RMS = 0.0288823, max = 0.0547458 (LShoulder)
[2024-10-09 18:50:21.245] [info] Frame 269 (t = 9.0):	 total squared error = 0.015615, marker error: RMS = 0.0286678, max = 0.0552685 (LShoulder)
[2024-10-09 18:50:21.309] [info] Frame 270 (t = 9.03333):	 total squared error = 0.0153657, marker error: RMS = 0.028438, max = 0.0550172 (LShoulder)
[2024-10-09 18:50:21.408] [info] Frame 271 (t = 9.06667):	 total squared error = 0.015224, marker error: RMS = 0.0283066, max = 0.0550080 (LShoulder)
[2024-10-09 18:50:21.449] [info] Frame 272 (t = 9.1):	 total squared error = 0.0152184, marker error: RMS = 0.0283014, max = 0.0552066 (LShoulder)
[2024-10-09 18:50:21.528] [info] Frame 273 (t = 9.13333):	 total squared error = 0.0153456, marker error: RMS = 0.0284194, max = 0.0549126 (LShoulder)
[2024-10-09 18:50:21.561] [info] Frame 274 (t = 9.16667):	 total squared error = 0.0155455, marker error: RMS = 0.0286039, max = 0.055157 (LShoulder)
[2024-10-09 18:50:21.621] [info] Frame 275 (t = 9.2):	 total squared error = 0.0158493, marker error: RMS = 0.0288821, max = 0.0550133 (LShoulder)
[2024-10-09 18:50:21.651] [info] Frame 276 (t = 9.23333):	 total squared error = 0.0161713, marker error: RMS = 0.029174, max = 0.055142 (LShoulder)
[2024-10-09 18:50:21.748] [info] Frame 277 (t = 9.26667):	 total squared error = 0.0164098, marker error: RMS = 0.0293884, max = 0.0550903 (LShoulder)
[2024-10-09 18:50:21.795] [info] Frame 278 (t = 9.3):	 total squared error = 0.0165345, marker error: RMS = 0.0294997, max = 0.0550986 (LShoulder)
[2024-10-09 18:50:21.842] [info] Frame 279 (t = 9.33333):	 total squared error = 0.0165774, marker error: RMS = 0.029538, max = 0.0551621 (LShoulder)
[2024-10-09 18:50:21.873] [info] Frame 280 (t = 9.36667):	 total squared error = 0.0166228, marker error: RMS = 0.0295784, max = 0.0552931 (LShoulder)
[2024-10-09 18:50:21.918] [info] Frame 281 (t = 9.4):	 total squared error = 0.0166358, marker error: RMS = 0.02959, max = 0.0555797 (LShoulder)
[2024-10-09 18:50:21.984] [info] Frame 282 (t = 9.43333):	 total squared error = 0.0167228, marker error: RMS = 0.0296673, max = 0.0558555 (LShoulder)
[2024-10-09 18:50:22.040] [info] Frame 283 (t = 9.46667):	 total squared error = 0.0169243, marker error: RMS = 0.0298454, max = 0.0560393 (LShoulder)
[2024-10-09 18:50:22.121] [info] Frame 284 (t = 9.5):	 total squared error = 0.0172329, marker error: RMS = 0.0301164, max = 0.0562856 (LShoulder)
[2024-10-09 18:50:22.183] [info] Frame 285 (t = 9.53333):	 total squared error = 0.0175948, marker error: RMS = 0.0304309, max = 0.0563264 (LShoulder)
[2024-10-09 18:50:22.235] [info] Frame 286 (t = 9.56667):	 total squared error = 0.0178339, marker error: RMS = 0.0306370, max = 0.05635 (LShoulder)
[2024-10-09 18:50:22.294] [info] Frame 287 (t = 9.6):	 total squared error = 0.0178619, marker error: RMS = 0.0306610, max = 0.0560223 (LShoulder)
[2024-10-09 18:50:22.332] [info] Frame 288 (t = 9.63333):	 total squared error = 0.0177079, marker error: RMS = 0.0305286, max = 0.0554138 (LShoulder)
[2024-10-09 18:50:22.436] [info] Frame 289 (t = 9.66667):	 total squared error = 0.0174007, marker error: RMS = 0.0302626, max = 0.0553963 (LShoulder)
[2024-10-09 18:50:22.471] [info] Frame 290 (t = 9.7):	 total squared error = 0.017182, marker error: RMS = 0.0300719, max = 0.0553376 (LShoulder)
[2024-10-09 18:50:22.516] [info] Frame 291 (t = 9.73333):	 total squared error = 0.0171148, marker error: RMS = 0.0300130, max = 0.0555044 (LShoulder)
[2024-10-09 18:50:22.574] [info] Frame 292 (t = 9.76667):	 total squared error = 0.017131, marker error: RMS = 0.0300272, max = 0.0560156 (LShoulder)
[2024-10-09 18:50:22.661] [info] Frame 293 (t = 9.8):	 total squared error = 0.0171505, marker error: RMS = 0.0300443, max = 0.0558732 (LShoulder)
[2024-10-09 18:50:22.721] [info] Frame 294 (t = 9.83333):	 total squared error = 0.0171642, marker error: RMS = 0.0300562, max = 0.0560951 (LShoulder)
[2024-10-09 18:50:22.792] [info] Frame 295 (t = 9.86667):	 total squared error = 0.0171625, marker error: RMS = 0.0300547, max = 0.0558779 (LShoulder)
[2024-10-09 18:50:22.835] [info] Frame 296 (t = 9.9):	 total squared error = 0.0170772, marker error: RMS = 0.02998, max = 0.0554621 (LShoulder)
[2024-10-09 18:50:22.906] [info] Frame 297 (t = 9.93333):	 total squared error = 0.0168697, marker error: RMS = 0.0297973, max = 0.0543275 (LShoulder)
[2024-10-09 18:50:22.964] [info] Frame 298 (t = 9.96667):	 total squared error = 0.0165598, marker error: RMS = 0.0295223, max = 0.0528338 (LShoulder)
[2024-10-09 18:50:23.019] [info] Frame 299 (t = 10.0):	 total squared error = 0.0162342, marker error: RMS = 0.0292306, max = 0.0515345 (LShoulder)
[2024-10-09 18:50:23.085] [info] Frame 300 (t = 10.0333):	 total squared error = 0.0159999, marker error: RMS = 0.0290190, max = 0.051312 (LShoulder)
[2024-10-09 18:50:23.153] [info] Frame 301 (t = 10.0667):	 total squared error = 0.0159443, marker error: RMS = 0.0289685, max = 0.0522274 (LShoulder)
[2024-10-09 18:50:23.208] [info] Frame 302 (t = 10.1):	 total squared error = 0.0160209, marker error: RMS = 0.0290380, max = 0.0541163 (LShoulder)
[2024-10-09 18:50:23.302] [info] Frame 303 (t = 10.1333):	 total squared error = 0.0161249, marker error: RMS = 0.0291321, max = 0.0560089 (LShoulder)
[2024-10-09 18:50:23.331] [info] Frame 304 (t = 10.1667):	 total squared error = 0.0161684, marker error: RMS = 0.0291714, max = 0.0574177 (LShoulder)
[2024-10-09 18:50:23.389] [info] Frame 305 (t = 10.2):	 total squared error = 0.0160928, marker error: RMS = 0.0291031, max = 0.0577596 (LShoulder)
[2024-10-09 18:50:23.420] [info] Frame 306 (t = 10.2333):	 total squared error = 0.015893, marker error: RMS = 0.0289219, max = 0.0570912 (LShoulder)
[2024-10-09 18:50:23.469] [info] Frame 307 (t = 10.2667):	 total squared error = 0.015498, marker error: RMS = 0.0285602, max = 0.0552538 (LShoulder)
[2024-10-09 18:50:23.486] [info] Frame 308 (t = 10.3):	 total squared error = 0.0150720, marker error: RMS = 0.028165, max = 0.0526097 (LShoulder)
[2024-10-09 18:50:23.541] [info] Frame 309 (t = 10.3333):	 total squared error = 0.0146707, marker error: RMS = 0.0277874, max = 0.0496932 (LShoulder)
[2024-10-09 18:50:23.587] [info] Frame 310 (t = 10.3667):	 total squared error = 0.0144943, marker error: RMS = 0.0276199, max = 0.0473399 (LShoulder)
[2024-10-09 18:50:23.639] [info] Frame 311 (t = 10.4):	 total squared error = 0.0145397, marker error: RMS = 0.0276631, max = 0.0464845 (LShoulder)
[2024-10-09 18:50:23.705] [info] Frame 312 (t = 10.4333):	 total squared error = 0.0148401, marker error: RMS = 0.0279474, max = 0.0472157 (LShoulder)
[2024-10-09 18:50:23.784] [info] Frame 313 (t = 10.4667):	 total squared error = 0.0153193, marker error: RMS = 0.0283951, max = 0.0493538 (LShoulder)
[2024-10-09 18:50:23.865] [info] Frame 314 (t = 10.5):	 total squared error = 0.0158051, marker error: RMS = 0.0288418, max = 0.0519916 (LShoulder)
[2024-10-09 18:50:23.947] [info] Frame 315 (t = 10.5333):	 total squared error = 0.0161013, marker error: RMS = 0.0291108, max = 0.0542511 (LShoulder)
[2024-10-09 18:50:24.014] [info] Frame 316 (t = 10.5667):	 total squared error = 0.0161226, marker error: RMS = 0.0291301, max = 0.0558358 (LShoulder)
[2024-10-09 18:50:24.033] [info] Frame 317 (t = 10.6):	 total squared error = 0.0159414, marker error: RMS = 0.0289659, max = 0.0566884 (LShoulder)
[2024-10-09 18:50:24.100] [info] Frame 318 (t = 10.6333):	 total squared error = 0.0157367, marker error: RMS = 0.0287793, max = 0.0572991 (LShoulder)
[2024-10-09 18:50:24.117] [info] Frame 319 (t = 10.6667):	 total squared error = 0.015641, marker error: RMS = 0.0286916, max = 0.0577345 (LShoulder)
[2024-10-09 18:50:24.170] [info] Frame 320 (t = 10.7):	 total squared error = 0.0156894, marker error: RMS = 0.028736, max = 0.0578498 (LShoulder)
[2024-10-09 18:50:24.203] [info] Frame 321 (t = 10.7333):	 total squared error = 0.015838, marker error: RMS = 0.0288718, max = 0.0580762 (LShoulder)
[2024-10-09 18:50:24.276] [info] Frame 322 (t = 10.7667):	 total squared error = 0.0159894, marker error: RMS = 0.0290094, max = 0.0579974 (LShoulder)
[2024-10-09 18:50:24.305] [info] Frame 323 (t = 10.8):	 total squared error = 0.0161169, marker error: RMS = 0.0291249, max = 0.0581781 (LShoulder)
[2024-10-09 18:50:24.401] [info] Frame 324 (t = 10.8333):	 total squared error = 0.0161948, marker error: RMS = 0.0291951, max = 0.0576804 (LShoulder)
[2024-10-09 18:50:24.421] [info] Frame 325 (t = 10.8667):	 total squared error = 0.0162743, marker error: RMS = 0.0292668, max = 0.0577442 (LShoulder)
[2024-10-09 18:50:24.440] [info] Frame 326 (t = 10.9):	 total squared error = 0.0163623, marker error: RMS = 0.0293458, max = 0.0578477 (LShoulder)
[2024-10-09 18:50:24.491] [info] Frame 327 (t = 10.9333):	 total squared error = 0.0163006, marker error: RMS = 0.0292904, max = 0.0571384 (LShoulder)
[2024-10-09 18:50:24.551] [info] Frame 328 (t = 10.9667):	 total squared error = 0.0162439, marker error: RMS = 0.0292394, max = 0.0570623 (LShoulder)
[2024-10-09 18:50:24.599] [info] Frame 329 (t = 11.0):	 total squared error = 0.0161783, marker error: RMS = 0.0291803, max = 0.056887 (LShoulder)
[2024-10-09 18:50:24.627] [info] Frame 330 (t = 11.0333):	 total squared error = 0.0161536, marker error: RMS = 0.029158, max = 0.0566141 (LShoulder)
[2024-10-09 18:50:24.688] [info] Frame 331 (t = 11.0667):	 total squared error = 0.0161, marker error: RMS = 0.0291096, max = 0.0570088 (LShoulder)
[2024-10-09 18:50:24.712] [info] Frame 332 (t = 11.1):	 total squared error = 0.0161705, marker error: RMS = 0.0291732, max = 0.0570931 (LShoulder)
[2024-10-09 18:50:24.729] [info] Frame 333 (t = 11.1333):	 total squared error = 0.0163498, marker error: RMS = 0.0293346, max = 0.0575023 (LShoulder)
[2024-10-09 18:50:24.787] [info] Frame 334 (t = 11.1667):	 total squared error = 0.0165357, marker error: RMS = 0.0295009, max = 0.0576402 (LShoulder)
[2024-10-09 18:50:24.806] [info] Frame 335 (t = 11.2):	 total squared error = 0.0167879, marker error: RMS = 0.0297249, max = 0.0582149 (LShoulder)
[2024-10-09 18:50:24.872] [info] Frame 336 (t = 11.2333):	 total squared error = 0.0170191, marker error: RMS = 0.029929, max = 0.0581893 (LShoulder)
[2024-10-09 18:50:24.919] [info] Frame 337 (t = 11.2667):	 total squared error = 0.017242, marker error: RMS = 0.0301243, max = 0.058266 (LShoulder)
[2024-10-09 18:50:24.965] [info] Frame 338 (t = 11.3):	 total squared error = 0.0174047, marker error: RMS = 0.0302661, max = 0.0581576 (LShoulder)
[2024-10-09 18:50:24.993] [info] Frame 339 (t = 11.3333):	 total squared error = 0.0173809, marker error: RMS = 0.0302454, max = 0.0579026 (LShoulder)
[2024-10-09 18:50:25.028] [info] Frame 340 (t = 11.3667):	 total squared error = 0.0170496, marker error: RMS = 0.0299558, max = 0.0570961 (LShoulder)
[2024-10-09 18:50:25.047] [info] Frame 341 (t = 11.4):	 total squared error = 0.0163963, marker error: RMS = 0.0293762, max = 0.055556 (LShoulder)
[2024-10-09 18:50:25.099] [info] Frame 342 (t = 11.4333):	 total squared error = 0.0155557, marker error: RMS = 0.0286133, max = 0.0535626 (LShoulder)
[2024-10-09 18:50:25.132] [info] Frame 343 (t = 11.4667):	 total squared error = 0.0147188, marker error: RMS = 0.027833, max = 0.0508278 (LShoulder)
[2024-10-09 18:50:25.187] [info] Frame 344 (t = 11.5):	 total squared error = 0.0140967, marker error: RMS = 0.0272385, max = 0.0491719 (LShoulder)
[2024-10-09 18:50:25.266] [info] Frame 345 (t = 11.5333):	 total squared error = 0.0139401, marker error: RMS = 0.0270867, max = 0.0487966 (LShoulder)
[2024-10-09 18:50:25.313] [info] Frame 346 (t = 11.5667):	 total squared error = 0.0142696, marker error: RMS = 0.0274050, max = 0.0496321 (LShoulder)
[2024-10-09 18:50:25.382] [info] Frame 347 (t = 11.6):	 total squared error = 0.0148014, marker error: RMS = 0.0279109, max = 0.0517147 (LShoulder)
[2024-10-09 18:50:25.460] [info] Frame 348 (t = 11.6333):	 total squared error = 0.0153297, marker error: RMS = 0.0284047, max = 0.0531096 (LShoulder)
[2024-10-09 18:50:25.542] [info] Frame 349 (t = 11.6667):	 total squared error = 0.0155607, marker error: RMS = 0.0286179, max = 0.0537053 (LShoulder)
[2024-10-09 18:50:25.575] [info] Frame 350 (t = 11.7):	 total squared error = 0.0153346, marker error: RMS = 0.0284092, max = 0.0529298 (LShoulder)
[2024-10-09 18:50:25.649] [info] Frame 351 (t = 11.7333):	 total squared error = 0.0145718, marker error: RMS = 0.0276937, max = 0.0524118 (LShoulder)
[2024-10-09 18:50:25.689] [info] Frame 352 (t = 11.7667):	 total squared error = 0.0135225, marker error: RMS = 0.0266779, max = 0.0506222 (LShoulder)
[2024-10-09 18:50:25.727] [info] Frame 353 (t = 11.8):	 total squared error = 0.0124013, marker error: RMS = 0.025548, max = 0.0481499 (LShoulder)
[2024-10-09 18:50:25.797] [info] Frame 354 (t = 11.8333):	 total squared error = 0.0112789, marker error: RMS = 0.0243645, max = 0.044652 (LShoulder)
[2024-10-09 18:50:25.833] [info] Frame 355 (t = 11.8667):	 total squared error = 0.0101774, marker error: RMS = 0.0231442, max = 0.0401899 (LShoulder)
[2024-10-09 18:50:26.069] [info] Frame 356 (t = 11.9):	 total squared error = 0.00928270, marker error: RMS = 0.0221035, max = 0.0360921 (RShoulder)
[2024-10-09 18:50:26.127] [info] Frame 357 (t = 11.9333):	 total squared error = 0.00887882, marker error: RMS = 0.0216173, max = 0.0339879 (RShoulder)
[2024-10-09 18:50:26.181] [info] Frame 358 (t = 11.9667):	 total squared error = 0.00908724, marker error: RMS = 0.0218695, max = 0.0341805 (LKnee)
[2024-10-09 18:50:26.235] [info] Frame 359 (t = 12.0):	 total squared error = 0.00979642, marker error: RMS = 0.0227069, max = 0.0371897 (LKnee)
[2024-10-09 18:50:26.322] [info] Frame 360 (t = 12.0333):	 total squared error = 0.0106827, marker error: RMS = 0.0237118, max = 0.0391705 (RShoulder)
[2024-10-09 18:50:26.374] [info] Frame 361 (t = 12.0667):	 total squared error = 0.0115279, marker error: RMS = 0.0246319, max = 0.0422645 (RShoulder)
[2024-10-09 18:50:26.456] [info] Frame 362 (t = 12.1):	 total squared error = 0.0119962, marker error: RMS = 0.0251272, max = 0.0444871 (RShoulder)
[2024-10-09 18:50:26.498] [info] Frame 363 (t = 12.1333):	 total squared error = 0.0121452, marker error: RMS = 0.0252829, max = 0.0454867 (RShoulder)
[2024-10-09 18:50:26.537] [info] Frame 364 (t = 12.1667):	 total squared error = 0.0121846, marker error: RMS = 0.0253237, max = 0.0463214 (RShoulder)
[2024-10-09 18:50:26.612] [info] Frame 365 (t = 12.2):	 total squared error = 0.0122617, marker error: RMS = 0.0254038, max = 0.0474949 (RShoulder)
[2024-10-09 18:50:26.644] [info] Frame 366 (t = 12.2333):	 total squared error = 0.0123446, marker error: RMS = 0.0254895, max = 0.0486662 (RShoulder)
[2024-10-09 18:50:26.709] [info] Frame 367 (t = 12.2667):	 total squared error = 0.0123008, marker error: RMS = 0.0254442, max = 0.0501256 (RShoulder)
[2024-10-09 18:50:26.751] [info] Frame 368 (t = 12.3):	 total squared error = 0.0120218, marker error: RMS = 0.025154, max = 0.0511349 (RShoulder)
[2024-10-09 18:50:26.801] [info] Frame 369 (t = 12.3333):	 total squared error = 0.0115549, marker error: RMS = 0.0246608, max = 0.0517649 (RShoulder)
[2024-10-09 18:50:26.862] [info] Frame 370 (t = 12.3667):	 total squared error = 0.0109768, marker error: RMS = 0.0240360, max = 0.051742 (RShoulder)
[2024-10-09 18:50:26.904] [info] Frame 371 (t = 12.4):	 total squared error = 0.0104072, marker error: RMS = 0.0234040, max = 0.0510303 (RShoulder)
[2024-10-09 18:50:26.971] [info] Frame 372 (t = 12.4333):	 total squared error = 0.00985453, marker error: RMS = 0.0227741, max = 0.049153 (RShoulder)
[2024-10-09 18:50:27.023] [info] Frame 373 (t = 12.4667):	 total squared error = 0.00917912, marker error: RMS = 0.0219798, max = 0.0463815 (RShoulder)
[2024-10-09 18:50:27.093] [info] Frame 374 (t = 12.5):	 total squared error = 0.00835606, marker error: RMS = 0.0209712, max = 0.0422616 (RShoulder)
[2024-10-09 18:50:27.204] [info] Frame 375 (t = 12.5333):	 total squared error = 0.00758015, marker error: RMS = 0.0199739, max = 0.0376588 (RShoulder)
[2024-10-09 18:50:27.281] [info] Frame 376 (t = 12.5667):	 total squared error = 0.00700527, marker error: RMS = 0.0192015, max = 0.0335179 (RShoulder)
[2024-10-09 18:50:27.339] [info] Frame 377 (t = 12.6):	 total squared error = 0.00664714, marker error: RMS = 0.0187043, max = 0.0321189 (LHeel)
[2024-10-09 18:50:27.420] [info] Frame 378 (t = 12.6333):	 total squared error = 0.00645765, marker error: RMS = 0.0184357, max = 0.0327899 (LHeel)
[2024-10-09 18:50:27.472] [info] Frame 379 (t = 12.6667):	 total squared error = 0.00637014, marker error: RMS = 0.0183104, max = 0.0347162 (Neck)
[2024-10-09 18:50:27.581] [info] Frame 380 (t = 12.7):	 total squared error = 0.00625351, marker error: RMS = 0.018142, max = 0.037981 (Neck)
[2024-10-09 18:50:27.620] [info] Frame 381 (t = 12.7333):	 total squared error = 0.00613367, marker error: RMS = 0.0179673, max = 0.0404008 (Neck)
[2024-10-09 18:50:27.705] [info] Frame 382 (t = 12.7667):	 total squared error = 0.00605240, marker error: RMS = 0.0178479, max = 0.0415906 (Neck)
[2024-10-09 18:50:27.776] [info] Frame 383 (t = 12.8):	 total squared error = 0.00607289, marker error: RMS = 0.0178781, max = 0.0419669 (Neck)
[2024-10-09 18:50:27.822] [info] Frame 384 (t = 12.8333):	 total squared error = 0.00620532, marker error: RMS = 0.0180720, max = 0.0418033 (Neck)
[2024-10-09 18:50:27.883] [info] Frame 385 (t = 12.8667):	 total squared error = 0.00639139, marker error: RMS = 0.0183409, max = 0.041613 (Neck)
[2024-10-09 18:50:27.945] [info] Frame 386 (t = 12.9):	 total squared error = 0.00657287, marker error: RMS = 0.0185995, max = 0.0415647 (Neck)
[2024-10-09 18:50:27.980] [info] Frame 387 (t = 12.9333):	 total squared error = 0.00670109, marker error: RMS = 0.01878, max = 0.0414157 (Neck)
[2024-10-09 18:50:28.029] [info] Frame 388 (t = 12.9667):	 total squared error = 0.00681659, marker error: RMS = 0.0189412, max = 0.0412154 (LShoulder)
[2024-10-09 18:50:28.085] [info] Frame 389 (t = 13.0):	 total squared error = 0.00693377, marker error: RMS = 0.0191033, max = 0.0419083 (LShoulder)
[2024-10-09 18:50:28.147] [info] Frame 390 (t = 13.0333):	 total squared error = 0.00703668, marker error: RMS = 0.0192445, max = 0.0421119 (LShoulder)
[2024-10-09 18:50:28.205] [info] Frame 391 (t = 13.0667):	 total squared error = 0.00705954, marker error: RMS = 0.0192758, max = 0.042195 (LShoulder)
[2024-10-09 18:50:28.262] [info] Frame 392 (t = 13.1):	 total squared error = 0.00705890, marker error: RMS = 0.0192749, max = 0.0421852 (LShoulder)
[2024-10-09 18:50:28.306] [info] Frame 393 (t = 13.1333):	 total squared error = 0.00721506, marker error: RMS = 0.0194869, max = 0.0419445 (LShoulder)
[2024-10-09 18:50:28.375] [info] Frame 394 (t = 13.1667):	 total squared error = 0.00761414, marker error: RMS = 0.0200186, max = 0.0412094 (LShoulder)
[2024-10-09 18:50:28.449] [info] Frame 395 (t = 13.2):	 total squared error = 0.00823508, marker error: RMS = 0.0208189, max = 0.039955 (LShoulder)
[2024-10-09 18:50:28.501] [info] Frame 396 (t = 13.2333):	 total squared error = 0.00863303, marker error: RMS = 0.021316, max = 0.0382824 (LShoulder)
[2024-10-09 18:50:28.569] [info] Frame 397 (t = 13.2667):	 total squared error = 0.00820117, marker error: RMS = 0.0207760, max = 0.0365432 (LShoulder)
[2024-10-09 18:50:28.600] [info] Frame 398 (t = 13.3):	 total squared error = 0.00704807, marker error: RMS = 0.0192601, max = 0.0353030 (LShoulder)
[2024-10-09 18:50:28.678] [info] Frame 399 (t = 13.3333):	 total squared error = 0.00573951, marker error: RMS = 0.0173804, max = 0.033762 (LShoulder)
[2024-10-09 18:50:28.725] [info] Frame 400 (t = 13.3667):	 total squared error = 0.00486310, marker error: RMS = 0.0159985, max = 0.0333329 (LShoulder)
[2024-10-09 18:50:28.874] [info] Frame 401 (t = 13.4):	 total squared error = 0.00434263, marker error: RMS = 0.0151182, max = 0.0329467 (LShoulder)
[2024-10-09 18:50:28.922] [info] Frame 402 (t = 13.4333):	 total squared error = 0.00402459, marker error: RMS = 0.014554, max = 0.0330943 (LShoulder)
[2024-10-09 18:50:28.981] [info] Frame 403 (t = 13.4667):	 total squared error = 0.00383903, marker error: RMS = 0.0142146, max = 0.0331842 (LShoulder)
[2024-10-09 18:50:29.028] [info] Frame 404 (t = 13.5):	 total squared error = 0.00377267, marker error: RMS = 0.0140912, max = 0.0332733 (LShoulder)
[2024-10-09 18:50:29.077] [info] Frame 405 (t = 13.5333):	 total squared error = 0.00386942, marker error: RMS = 0.0142707, max = 0.0331547 (LShoulder)
[2024-10-09 18:50:29.126] [info] Frame 406 (t = 13.5667):	 total squared error = 0.00414403, marker error: RMS = 0.0147684, max = 0.0330156 (LShoulder)
[2024-10-09 18:50:29.177] [info] Frame 407 (t = 13.6):	 total squared error = 0.00455896, marker error: RMS = 0.0154902, max = 0.0337679 (RShoulder)
[2024-10-09 18:50:29.259] [info] Frame 408 (t = 13.6333):	 total squared error = 0.00500620, marker error: RMS = 0.0162322, max = 0.03441 (RShoulder)
[2024-10-09 18:50:29.319] [info] Frame 409 (t = 13.6667):	 total squared error = 0.00535982, marker error: RMS = 0.0167957, max = 0.034941 (RShoulder)
[2024-10-09 18:50:29.396] [info] Frame 410 (t = 13.7):	 total squared error = 0.00563993, marker error: RMS = 0.017229, max = 0.0350762 (RShoulder)
[2024-10-09 18:50:29.440] [info] Frame 411 (t = 13.7333):	 total squared error = 0.00600214, marker error: RMS = 0.0177736, max = 0.0353726 (RShoulder)
[2024-10-09 18:50:29.500] [info] Frame 412 (t = 13.7667):	 total squared error = 0.00633782, marker error: RMS = 0.0182639, max = 0.0352235 (RShoulder)
[2024-10-09 18:50:29.547] [info] Frame 413 (t = 13.8):	 total squared error = 0.00657522, marker error: RMS = 0.0186028, max = 0.0353101 (RShoulder)
[2024-10-09 18:50:29.589] [info] Frame 414 (t = 13.8333):	 total squared error = 0.00678400, marker error: RMS = 0.0188958, max = 0.0352506 (RShoulder)
[2024-10-09 18:50:29.655] [info] Frame 415 (t = 13.8667):	 total squared error = 0.00703796, marker error: RMS = 0.0192463, max = 0.0353224 (RShoulder)
[2024-10-09 18:50:29.704] [info] Frame 416 (t = 13.9):	 total squared error = 0.00731177, marker error: RMS = 0.0196171, max = 0.0350961 (RShoulder)
[2024-10-09 18:50:29.789] [info] Frame 417 (t = 13.9333):	 total squared error = 0.00753152, marker error: RMS = 0.0199097, max = 0.0348827 (RShoulder)
[2024-10-09 18:50:29.834] [info] Frame 418 (t = 13.9667):	 total squared error = 0.00760110, marker error: RMS = 0.0200014, max = 0.0334923 (RShoulder)
[2024-10-09 18:50:29.911] [info] Frame 419 (t = 14.0):	 total squared error = 0.00752622, marker error: RMS = 0.0199027, max = 0.0327716 (RKnee)
[2024-10-09 18:50:29.952] [info] Frame 420 (t = 14.0333):	 total squared error = 0.00751388, marker error: RMS = 0.0198864, max = 0.0336931 (RKnee)
[2024-10-09 18:50:30.013] [info] Frame 421 (t = 14.0667):	 total squared error = 0.00748245, marker error: RMS = 0.0198447, max = 0.0311505 (RKnee)
[2024-10-09 18:50:30.095] [info] Frame 422 (t = 14.1):	 total squared error = 0.00711975, marker error: RMS = 0.0193578, max = 0.0279399 (LHeel)
[2024-10-09 18:50:30.144] [info] Frame 423 (t = 14.1333):	 total squared error = 0.00647803, marker error: RMS = 0.0184648, max = 0.0285592 (LHeel)
[2024-10-09 18:50:30.221] [info] Frame 424 (t = 14.1667):	 total squared error = 0.00578486, marker error: RMS = 0.017449, max = 0.0270268 (LHeel)
[2024-10-09 18:50:30.290] [info] Frame 425 (t = 14.2):	 total squared error = 0.00517979, marker error: RMS = 0.0165112, max = 0.0256376 (LHeel)
[2024-10-09 18:50:30.340] [info] Frame 426 (t = 14.2333):	 total squared error = 0.00491794, marker error: RMS = 0.0160885, max = 0.0255215 (LHeel)
[2024-10-09 18:50:30.382] [info] Frame 427 (t = 14.2667):	 total squared error = 0.00498773, marker error: RMS = 0.0162022, max = 0.0285033 (LKnee)
[2024-10-09 18:50:30.459] [info] Frame 428 (t = 14.3):	 total squared error = 0.00501799, marker error: RMS = 0.0162513, max = 0.0307851 (LKnee)
[2024-10-09 18:50:30.517] [info] Frame 429 (t = 14.3333):	 total squared error = 0.00504193, marker error: RMS = 0.01629, max = 0.0316103 (LKnee)
[2024-10-09 18:50:30.587] [info] Frame 430 (t = 14.3667):	 total squared error = 0.00542049, marker error: RMS = 0.0168905, max = 0.0329247 (LKnee)
[2024-10-09 18:50:30.624] [info] Frame 431 (t = 14.4):	 total squared error = 0.00609925, marker error: RMS = 0.0179168, max = 0.0362073 (LKnee)
[2024-10-09 18:50:30.681] [info] Frame 432 (t = 14.4333):	 total squared error = 0.00678923, marker error: RMS = 0.0189031, max = 0.0410581 (LKnee)
[2024-10-09 18:50:30.743] [info] Frame 433 (t = 14.4667):	 total squared error = 0.00733700, marker error: RMS = 0.0196509, max = 0.0450209 (LKnee)
[2024-10-09 18:50:30.803] [info] Frame 434 (t = 14.5):	 total squared error = 0.00749432, marker error: RMS = 0.0198605, max = 0.0455222 (LKnee)
[2024-10-09 18:50:30.881] [info] Frame 435 (t = 14.5333):	 total squared error = 0.00706750, marker error: RMS = 0.0192866, max = 0.0415709 (LKnee)
[2024-10-09 18:50:30.966] [info] Frame 436 (t = 14.5667):	 total squared error = 0.00624972, marker error: RMS = 0.0181365, max = 0.0340456 (LKnee)
[2024-10-09 18:50:31.021] [info] Frame 437 (t = 14.6):	 total squared error = 0.00533508, marker error: RMS = 0.0167569, max = 0.0309909 (RKnee)
[2024-10-09 18:50:31.092] [info] Frame 438 (t = 14.6333):	 total squared error = 0.00452915, marker error: RMS = 0.0154394, max = 0.0305136 (RKnee)
[2024-10-09 18:50:31.137] [info] Frame 439 (t = 14.6667):	 total squared error = 0.00400572, marker error: RMS = 0.0145199, max = 0.0293904 (RKnee)
[2024-10-09 18:50:31.208] [info] Frame 440 (t = 14.7):	 total squared error = 0.00369185, marker error: RMS = 0.0139394, max = 0.0281798 (RKnee)
[2024-10-09 18:50:31.290] [info] Frame 441 (t = 14.7333):	 total squared error = 0.00351963, marker error: RMS = 0.0136104, max = 0.0271647 (RKnee)
[2024-10-09 18:50:31.338] [info] Frame 442 (t = 14.7667):	 total squared error = 0.00348363, marker error: RMS = 0.0135406, max = 0.0272116 (RKnee)
[2024-10-09 18:50:31.402] [info] Frame 443 (t = 14.8):	 total squared error = 0.00357202, marker error: RMS = 0.0137113, max = 0.027851 (RKnee)
[2024-10-09 18:50:31.454] [info] Frame 444 (t = 14.8333):	 total squared error = 0.00373863, marker error: RMS = 0.0140275, max = 0.0282584 (RKnee)
[2024-10-09 18:50:31.524] [info] Frame 445 (t = 14.8667):	 total squared error = 0.00386332, marker error: RMS = 0.0142595, max = 0.0264111 (RKnee)
[2024-10-09 18:50:31.585] [info] Frame 446 (t = 14.9):	 total squared error = 0.00384858, marker error: RMS = 0.0142322, max = 0.0253319 (LHeel)
[2024-10-09 18:50:31.637] [info] Frame 447 (t = 14.9333):	 total squared error = 0.00371922, marker error: RMS = 0.013991, max = 0.026952 (LHeel)
[2024-10-09 18:50:31.676] [info] Frame 448 (t = 14.9667):	 total squared error = 0.00358728, marker error: RMS = 0.0137406, max = 0.0276188 (LHeel)
[2024-10-09 18:50:31.745] [info] Frame 449 (t = 15.0):	 total squared error = 0.00353633, marker error: RMS = 0.0136427, max = 0.0282256 (LHeel)
[2024-10-09 18:50:31.789] [info] Frame 450 (t = 15.0333):	 total squared error = 0.00381778, marker error: RMS = 0.0141752, max = 0.0286865 (LHeel)
[2024-10-09 18:50:31.844] [info] Frame 451 (t = 15.0667):	 total squared error = 0.00467013, marker error: RMS = 0.0156779, max = 0.0288537 (LHeel)
[2024-10-09 18:50:31.925] [info] Frame 452 (t = 15.1):	 total squared error = 0.00588406, marker error: RMS = 0.0175979, max = 0.0380993 (RKnee)
[2024-10-09 18:50:32.025] [info] Frame 453 (t = 15.1333):	 total squared error = 0.00679790, marker error: RMS = 0.0189152, max = 0.0424509 (RKnee)
[2024-10-09 18:50:32.082] [info] Frame 454 (t = 15.1667):	 total squared error = 0.00693568, marker error: RMS = 0.0191059, max = 0.0396529 (RKnee)
[2024-10-09 18:50:32.140] [info] Frame 455 (t = 15.2):	 total squared error = 0.00633045, marker error: RMS = 0.0182533, max = 0.0322371 (LHeel)
[2024-10-09 18:50:32.218] [info] Frame 456 (t = 15.2333):	 total squared error = 0.00550089, marker error: RMS = 0.0170153, max = 0.0326634 (LHeel)
[2024-10-09 18:50:32.267] [info] Frame 457 (t = 15.2667):	 total squared error = 0.00494912, marker error: RMS = 0.0161394, max = 0.032772 (LHeel)
[2024-10-09 18:50:32.307] [info] Frame 458 (t = 15.3):	 total squared error = 0.00471454, marker error: RMS = 0.0157523, max = 0.0321767 (LHeel)
[2024-10-09 18:50:32.358] [info] Frame 459 (t = 15.3333):	 total squared error = 0.00459940, marker error: RMS = 0.0155587, max = 0.0308662 (LHeel)
[2024-10-09 18:50:32.388] [info] Frame 460 (t = 15.3667):	 total squared error = 0.00434348, marker error: RMS = 0.0151197, max = 0.0287225 (LHeel)
[2024-10-09 18:50:32.461] [info] Frame 461 (t = 15.4):	 total squared error = 0.00398546, marker error: RMS = 0.0144831, max = 0.0237552 (LHeel)
[2024-10-09 18:50:32.541] [info] Frame 462 (t = 15.4333):	 total squared error = 0.00362774, marker error: RMS = 0.0138179, max = 0.0211309 (Neck)
[2024-10-09 18:50:32.604] [info] Frame 463 (t = 15.4667):	 total squared error = 0.00345060, marker error: RMS = 0.0134763, max = 0.0211115 (RShoulder)
[2024-10-09 18:50:32.655] [info] Frame 464 (t = 15.5):	 total squared error = 0.00350272, marker error: RMS = 0.0135777, max = 0.0221887 (RShoulder)
[2024-10-09 18:50:32.705] [info] Frame 465 (t = 15.5333):	 total squared error = 0.00369724, marker error: RMS = 0.0139496, max = 0.0228573 (RHeel)
[2024-10-09 18:50:32.751] [info] Frame 466 (t = 15.5667):	 total squared error = 0.00405490, marker error: RMS = 0.0146088, max = 0.0247706 (RHeel)
[2024-10-09 18:50:32.791] [info] Frame 467 (t = 15.6):	 total squared error = 0.00460262, marker error: RMS = 0.0155642, max = 0.0262788 (RHeel)
[2024-10-09 18:50:32.865] [info] Frame 468 (t = 15.6333):	 total squared error = 0.00507142, marker error: RMS = 0.0163376, max = 0.0271919 (RHeel)
[2024-10-09 18:50:32.945] [info] Frame 469 (t = 15.6667):	 total squared error = 0.00523490, marker error: RMS = 0.0165988, max = 0.0279015 (RHeel)
[2024-10-09 18:50:33.006] [info] Frame 470 (t = 15.7):	 total squared error = 0.00505932, marker error: RMS = 0.0163181, max = 0.0277186 (RHeel)
[2024-10-09 18:50:33.086] [info] Frame 471 (t = 15.7333):	 total squared error = 0.00472890, marker error: RMS = 0.0157762, max = 0.0265997 (RHeel)
[2024-10-09 18:50:33.171] [info] Frame 472 (t = 15.7667):	 total squared error = 0.00442612, marker error: RMS = 0.0152628, max = 0.0247616 (RHeel)
[2024-10-09 18:50:33.215] [info] Frame 473 (t = 15.8):	 total squared error = 0.00416911, marker error: RMS = 0.0148131, max = 0.0247402 (LKnee)
[2024-10-09 18:50:33.292] [info] Frame 474 (t = 15.8333):	 total squared error = 0.00377904, marker error: RMS = 0.0141031, max = 0.0232999 (LKnee)
[2024-10-09 18:50:33.347] [info] Frame 475 (t = 15.8667):	 total squared error = 0.00327855, marker error: RMS = 0.013136, max = 0.0208638 (Neck)
[2024-10-09 18:50:33.436] [info] Frame 476 (t = 15.9):	 total squared error = 0.00304175, marker error: RMS = 0.0126527, max = 0.0226551 (Neck)
[2024-10-09 18:50:33.518] [info] Frame 477 (t = 15.9333):	 total squared error = 0.00316611, marker error: RMS = 0.0129088, max = 0.0238165 (Neck)
[2024-10-09 18:50:33.589] [info] Frame 478 (t = 15.9667):	 total squared error = 0.00323352, marker error: RMS = 0.0130455, max = 0.0237847 (Neck)
[2024-10-09 18:50:33.634] [info] Frame 479 (t = 16.0):	 total squared error = 0.00316026, marker error: RMS = 0.0128969, max = 0.0231824 (Neck)
[2024-10-09 18:50:33.689] [info] Frame 480 (t = 16.0333):	 total squared error = 0.00322362, marker error: RMS = 0.0130255, max = 0.022291 (Neck)
[2024-10-09 18:50:33.727] [info] Frame 481 (t = 16.0667):	 total squared error = 0.00358019, marker error: RMS = 0.013727, max = 0.0260901 (LHeel)
[2024-10-09 18:50:33.810] [info] Frame 482 (t = 16.1):	 total squared error = 0.00412226, marker error: RMS = 0.0147296, max = 0.0311706 (LHeel)
[2024-10-09 18:50:33.880] [info] Frame 483 (t = 16.1333):	 total squared error = 0.00469513, marker error: RMS = 0.0157198, max = 0.0331955 (LHeel)
[2024-10-09 18:50:33.953] [info] Frame 484 (t = 16.1667):	 total squared error = 0.00522770, marker error: RMS = 0.0165874, max = 0.0323704 (LHeel)
[2024-10-09 18:50:34.034] [info] Frame 485 (t = 16.2):	 total squared error = 0.00582308, marker error: RMS = 0.0175065, max = 0.0301959 (LHeel)
[2024-10-09 18:50:34.117] [info] Frame 486 (t = 16.2333):	 total squared error = 0.00652315, marker error: RMS = 0.018529, max = 0.0276482 (RShoulder)
[2024-10-09 18:50:34.191] [info] Frame 487 (t = 16.2667):	 total squared error = 0.00726301, marker error: RMS = 0.0195516, max = 0.0338157 (Neck)
[2024-10-09 18:50:34.265] [info] Frame 488 (t = 16.3):	 total squared error = 0.00804996, marker error: RMS = 0.0205835, max = 0.0415467 (Neck)
[2024-10-09 18:50:34.323] [info] Frame 489 (t = 16.3333):	 total squared error = 0.00885691, marker error: RMS = 0.0215906, max = 0.0472009 (Neck)
[2024-10-09 18:50:34.403] [info] Frame 490 (t = 16.3667):	 total squared error = 0.00964872, marker error: RMS = 0.022535, max = 0.0488554 (Neck)
[2024-10-09 18:50:34.514] [info] Frame 491 (t = 16.4):	 total squared error = 0.0104674, marker error: RMS = 0.0234716, max = 0.0468542 (Neck)
[2024-10-09 18:50:34.598] [info] Frame 492 (t = 16.4333):	 total squared error = 0.0110191, marker error: RMS = 0.0240822, max = 0.0428105 (Neck)
[2024-10-09 18:50:34.665] [info] Frame 493 (t = 16.4667):	 total squared error = 0.0110993, marker error: RMS = 0.0241697, max = 0.0393278 (Neck)
[2024-10-09 18:50:34.736] [info] Frame 494 (t = 16.5):	 total squared error = 0.0110147, marker error: RMS = 0.0240774, max = 0.0395417 (LHeel)
[2024-10-09 18:50:34.792] [info] Frame 495 (t = 16.5333):	 total squared error = 0.0111334, marker error: RMS = 0.0242067, max = 0.0423539 (LHeel)
[2024-10-09 18:50:34.834] [info] Frame 496 (t = 16.5667):	 total squared error = 0.0111966, marker error: RMS = 0.0242754, max = 0.042691 (LHeel)
[2024-10-09 18:50:34.907] [info] Frame 497 (t = 16.6):	 total squared error = 0.0108279, marker error: RMS = 0.0238724, max = 0.0430268 (Neck)
[2024-10-09 18:50:34.964] [info] Frame 498 (t = 16.6333):	 total squared error = 0.0103234, marker error: RMS = 0.0233096, max = 0.0451749 (Neck)
[2024-10-09 18:50:35.099] [info] Frame 499 (t = 16.6667):	 total squared error = 0.0101859, marker error: RMS = 0.0231539, max = 0.0477999 (Neck)
[2024-10-09 18:50:35.160] [info] Frame 500 (t = 16.7):	 total squared error = 0.0107127, marker error: RMS = 0.023745, max = 0.0504808 (Neck)
[2024-10-09 18:50:35.225] [info] Frame 501 (t = 16.7333):	 total squared error = 0.0116048, marker error: RMS = 0.0247139, max = 0.0523734 (Neck)
[2024-10-09 18:50:35.275] [info] Frame 502 (t = 16.7667):	 total squared error = 0.0124083, marker error: RMS = 0.0255552, max = 0.0532477 (Neck)
[2024-10-09 18:50:35.327] [info] Frame 503 (t = 16.8):	 total squared error = 0.0126343, marker error: RMS = 0.0257869, max = 0.053384 (Neck)
[2024-10-09 18:50:35.378] [info] Frame 504 (t = 16.8333):	 total squared error = 0.0121971, marker error: RMS = 0.0253368, max = 0.05299 (Neck)
[2024-10-09 18:50:35.444] [info] Frame 505 (t = 16.8667):	 total squared error = 0.0114488, marker error: RMS = 0.0245473, max = 0.0522922 (Neck)
[2024-10-09 18:50:35.509] [info] Frame 506 (t = 16.9):	 total squared error = 0.0108151, marker error: RMS = 0.0238582, max = 0.0513868 (Neck)
[2024-10-09 18:50:35.602] [info] Frame 507 (t = 16.9333):	 total squared error = 0.0104832, marker error: RMS = 0.0234894, max = 0.0499789 (Neck)
[2024-10-09 18:50:35.679] [info] Frame 508 (t = 16.9667):	 total squared error = 0.0104100, marker error: RMS = 0.0234071, max = 0.0477651 (Neck)
[2024-10-09 18:50:35.736] [info] Frame 509 (t = 17.0):	 total squared error = 0.0104382, marker error: RMS = 0.0234388, max = 0.0449018 (Neck)
[2024-10-09 18:50:35.783] [info] Frame 510 (t = 17.0333):	 total squared error = 0.0104838, marker error: RMS = 0.02349, max = 0.0424568 (Neck)
[2024-10-09 18:50:35.860] [info] Frame 511 (t = 17.0667):	 total squared error = 0.0105247, marker error: RMS = 0.0235358, max = 0.0438948 (RHip)
[2024-10-09 18:50:35.900] [info] Frame 512 (t = 17.1):	 total squared error = 0.0106686, marker error: RMS = 0.0236961, max = 0.0453238 (RHip)
[2024-10-09 18:50:35.940] [info] Frame 513 (t = 17.1333):	 total squared error = 0.0109654, marker error: RMS = 0.0240235, max = 0.0459693 (RHip)
[2024-10-09 18:50:36.084] [info] Frame 514 (t = 17.1667):	 total squared error = 0.0113612, marker error: RMS = 0.0244531, max = 0.0461524 (RHip)
[2024-10-09 18:50:36.173] [info] Frame 515 (t = 17.2):	 total squared error = 0.0120178, marker error: RMS = 0.0251499, max = 0.0466422 (RHip)
[2024-10-09 18:50:36.228] [info] Frame 516 (t = 17.2333):	 total squared error = 0.0130518, marker error: RMS = 0.0262095, max = 0.0471746 (RHip)
[2024-10-09 18:50:36.284] [info] Frame 517 (t = 17.2667):	 total squared error = 0.0142262, marker error: RMS = 0.0273632, max = 0.0474538 (RHip)
[2024-10-09 18:50:36.328] [info] Frame 518 (t = 17.3):	 total squared error = 0.0151325, marker error: RMS = 0.0282214, max = 0.0478106 (LAnkle)
[2024-10-09 18:50:36.375] [info] Frame 519 (t = 17.3333):	 total squared error = 0.015593, marker error: RMS = 0.0286476, max = 0.0492010 (LAnkle)
[2024-10-09 18:50:36.398] [info] Frame 520 (t = 17.3667):	 total squared error = 0.0156681, marker error: RMS = 0.0287165, max = 0.0480211 (LAnkle)
[2024-10-09 18:50:36.426] [info] Frame 521 (t = 17.4):	 total squared error = 0.0154458, marker error: RMS = 0.0285121, max = 0.046291 (RHip)
[2024-10-09 18:50:36.462] [info] Frame 522 (t = 17.4333):	 total squared error = 0.0150441, marker error: RMS = 0.0281389, max = 0.0458622 (RHip)
[2024-10-09 18:50:36.522] [info] Frame 523 (t = 17.4667):	 total squared error = 0.0146986, marker error: RMS = 0.0278139, max = 0.0451065 (RHip)
[2024-10-09 18:50:36.557] [info] Frame 524 (t = 17.5):	 total squared error = 0.0145855, marker error: RMS = 0.0277066, max = 0.0465144 (LSmallToe)
[2024-10-09 18:50:36.581] [info] Frame 525 (t = 17.5333):	 total squared error = 0.0147117, marker error: RMS = 0.0278263, max = 0.0476985 (LSmallToe)
[2024-10-09 18:50:36.610] [info] Frame 526 (t = 17.5667):	 total squared error = 0.014992, marker error: RMS = 0.0280901, max = 0.048831 (LSmallToe)
[2024-10-09 18:50:36.634] [info] Frame 527 (t = 17.6):	 total squared error = 0.0153888, marker error: RMS = 0.0284594, max = 0.0497804 (LSmallToe)
[2024-10-09 18:50:36.670] [info] Frame 528 (t = 17.6333):	 total squared error = 0.0158020, marker error: RMS = 0.0288389, max = 0.0505890 (LSmallToe)
[2024-10-09 18:50:36.689] [info] Frame 529 (t = 17.6667):	 total squared error = 0.016193, marker error: RMS = 0.0291935, max = 0.0515176 (LSmallToe)
[2024-10-09 18:50:36.722] [info] Frame 530 (t = 17.7):	 total squared error = 0.0164334, marker error: RMS = 0.0294094, max = 0.0524952 (LSmallToe)
[2024-10-09 18:50:36.740] [info] Frame 531 (t = 17.7333):	 total squared error = 0.01651, marker error: RMS = 0.0294779, max = 0.0534295 (LSmallToe)
[2024-10-09 18:50:36.796] [info] Frame 532 (t = 17.7667):	 total squared error = 0.0164442, marker error: RMS = 0.0294191, max = 0.0542474 (LSmallToe)
[2024-10-09 18:50:36.843] [info] Frame 533 (t = 17.8):	 total squared error = 0.0162244, marker error: RMS = 0.0292218, max = 0.0545369 (LSmallToe)
[2024-10-09 18:50:36.906] [info] Frame 534 (t = 17.8333):	 total squared error = 0.0158844, marker error: RMS = 0.028914, max = 0.0542050 (LSmallToe)
[2024-10-09 18:50:36.974] [info] Frame 535 (t = 17.8667):	 total squared error = 0.0155524, marker error: RMS = 0.0286102, max = 0.0532735 (LSmallToe)
[2024-10-09 18:50:37.052] [info] Frame 536 (t = 17.9):	 total squared error = 0.0152849, marker error: RMS = 0.0283632, max = 0.0523961 (LSmallToe)
[2024-10-09 18:50:37.102] [info] Frame 537 (t = 17.9333):	 total squared error = 0.0150598, marker error: RMS = 0.0281535, max = 0.0521563 (LSmallToe)
[2024-10-09 18:50:37.153] [info] Frame 538 (t = 17.9667):	 total squared error = 0.0149262, marker error: RMS = 0.0280284, max = 0.0525358 (LSmallToe)
[2024-10-09 18:50:37.215] [info] Frame 539 (t = 18.0):	 total squared error = 0.0149248, marker error: RMS = 0.0280270, max = 0.0529119 (LSmallToe)
[2024-10-09 18:50:37.276] [info] Frame 540 (t = 18.0333):	 total squared error = 0.0149893, marker error: RMS = 0.0280876, max = 0.0524837 (LSmallToe)
[2024-10-09 18:50:37.329] [info] Frame 541 (t = 18.0667):	 total squared error = 0.0150044, marker error: RMS = 0.0281017, max = 0.051316 (LSmallToe)
[2024-10-09 18:50:37.400] [info] Frame 542 (t = 18.1):	 total squared error = 0.0149968, marker error: RMS = 0.0280945, max = 0.0503382 (LSmallToe)
[2024-10-09 18:50:37.475] [info] Frame 543 (t = 18.1333):	 total squared error = 0.0149908, marker error: RMS = 0.0280890, max = 0.0501989 (LSmallToe)
[2024-10-09 18:50:37.526] [info] Frame 544 (t = 18.1667):	 total squared error = 0.0150461, marker error: RMS = 0.0281407, max = 0.0514011 (LSmallToe)
[2024-10-09 18:50:37.585] [info] Frame 545 (t = 18.2):	 total squared error = 0.0151259, marker error: RMS = 0.0282152, max = 0.0531662 (LSmallToe)
[2024-10-09 18:50:37.638] [info] Frame 546 (t = 18.2333):	 total squared error = 0.0151152, marker error: RMS = 0.0282053, max = 0.0543223 (LSmallToe)
[2024-10-09 18:50:37.689] [info] Frame 547 (t = 18.2667):	 total squared error = 0.0148824, marker error: RMS = 0.0279872, max = 0.0538944 (LSmallToe)
[2024-10-09 18:50:37.703] [info] Frame 548 (t = 18.3):	 total squared error = 0.0145507, marker error: RMS = 0.0276735, max = 0.0518244 (LSmallToe)
[2024-10-09 18:50:37.731] [info] Frame 549 (t = 18.3333):	 total squared error = 0.0143866, marker error: RMS = 0.0275171, max = 0.0483714 (LSmallToe)
[2024-10-09 18:50:37.748] [info] Frame 550 (t = 18.3667):	 total squared error = 0.014625, marker error: RMS = 0.0277441, max = 0.0450434 (LSmallToe)
[2024-10-09 18:50:37.772] [info] Frame 551 (t = 18.4):	 total squared error = 0.0150584, marker error: RMS = 0.0281522, max = 0.0462594 (LHeel)
[2024-10-09 18:50:37.837] [info] Frame 552 (t = 18.4333):	 total squared error = 0.015484, marker error: RMS = 0.0285472, max = 0.0472007 (LHeel)
[2024-10-09 18:50:37.911] [info] Frame 553 (t = 18.4667):	 total squared error = 0.0157649, marker error: RMS = 0.0288051, max = 0.0473867 (LHeel)
[2024-10-09 18:50:37.926] [info] Frame 554 (t = 18.5):	 total squared error = 0.0158786, marker error: RMS = 0.0289087, max = 0.0468925 (LHeel)
[2024-10-09 18:50:37.942] [info] Frame 555 (t = 18.5333):	 total squared error = 0.015829, marker error: RMS = 0.0288635, max = 0.0458607 (LHeel)
[2024-10-09 18:50:37.951] [info] Frame 556 (t = 18.5667):	 total squared error = 0.0156547, marker error: RMS = 0.0287042, max = 0.0456269 (LAnkle)
[2024-10-09 18:50:37.980] [info] Frame 557 (t = 18.6):	 total squared error = 0.0153506, marker error: RMS = 0.028424, max = 0.045665 (LAnkle)
[2024-10-09 18:50:38.000] [info] Frame 558 (t = 18.6333):	 total squared error = 0.0149551, marker error: RMS = 0.0280555, max = 0.0451488 (LAnkle)
[2024-10-09 18:50:38.017] [info] Frame 559 (t = 18.6667):	 total squared error = 0.0145875, marker error: RMS = 0.0277085, max = 0.0447994 (RHip)
[2024-10-09 18:50:38.035] [info] Frame 560 (t = 18.7):	 total squared error = 0.0144641, marker error: RMS = 0.0275911, max = 0.04689 (LSmallToe)
[2024-10-09 18:50:38.058] [info] Frame 561 (t = 18.7333):	 total squared error = 0.0146793, marker error: RMS = 0.0277956, max = 0.0509887 (LSmallToe)
[2024-10-09 18:50:38.083] [info] Frame 562 (t = 18.7667):	 total squared error = 0.0150941, marker error: RMS = 0.0281856, max = 0.0544352 (LSmallToe)
[2024-10-09 18:50:38.152] [info] Frame 563 (t = 18.8):	 total squared error = 0.0154485, marker error: RMS = 0.0285145, max = 0.0565882 (LSmallToe)
[2024-10-09 18:50:38.197] [info] Frame 564 (t = 18.8333):	 total squared error = 0.0157187, marker error: RMS = 0.0287628, max = 0.0578046 (LSmallToe)
[2024-10-09 18:50:38.245] [info] Frame 565 (t = 18.8667):	 total squared error = 0.0160425, marker error: RMS = 0.0290576, max = 0.0593539 (LSmallToe)
[2024-10-09 18:50:38.261] [info] Frame 566 (t = 18.9):	 total squared error = 0.0165515, marker error: RMS = 0.0295149, max = 0.0616062 (LSmallToe)
[2024-10-09 18:50:38.275] [info] InverseKinematicsTool completed 567 frames in 33 second(s).
