[2024-10-09 18:13:52.375] [info] Preparing to run InverseKinematicsTool.
[2024-10-09 18:13:52.397] [info] Loaded model Pose2Sim_scaled from file Model_Pose2Sim_Halpe26_scaled.osim
[2024-10-09 18:13:52.398] [warning] Couldn't find file 'r_pelvis.vtp'.
[2024-10-09 18:13:52.398] [warning] Couldn't find file 'l_pelvis.vtp'.
[2024-10-09 18:13:52.398] [warning] Couldn't find file 'sacrum.vtp'.
[2024-10-09 18:13:52.398] [warning] Couldn't find file 'femur_r.vtp'.
[2024-10-09 18:13:52.398] [warning] Couldn't find file 'r_patella.vtp'.
[2024-10-09 18:13:52.399] [warning] Couldn't find file 'tibia_r.vtp'.
[2024-10-09 18:13:52.399] [warning] Couldn't find file 'fibula_r.vtp'.
[2024-10-09 18:13:52.399] [warning] Couldn't find file 'talus_rv.vtp'.
[2024-10-09 18:13:52.399] [warning] Couldn't find file 'foot.vtp'.
[2024-10-09 18:13:52.399] [warning] Couldn't find file 'bofoot.vtp'.
[2024-10-09 18:13:52.399] [warning] Couldn't find file 'femur_l.vtp'.
[2024-10-09 18:13:52.399] [warning] Couldn't find file 'l_patella.vtp'.
[2024-10-09 18:13:52.400] [warning] Couldn't find file 'tibia_l.vtp'.
[2024-10-09 18:13:52.400] [warning] Couldn't find file 'fibula_l.vtp'.
[2024-10-09 18:13:52.400] [warning] Couldn't find file 'talus_lv.vtp'.
[2024-10-09 18:13:52.400] [warning] Couldn't find file 'l_foot.vtp'.
[2024-10-09 18:13:52.400] [warning] Couldn't find file 'l_bofoot.vtp'.
[2024-10-09 18:13:52.400] [warning] Couldn't find file 'lumbar5.vtp'.
[2024-10-09 18:13:52.401] [warning] Couldn't find file 'lumbar4.vtp'.
[2024-10-09 18:13:52.401] [warning] Couldn't find file 'lumbar3.vtp'.
[2024-10-09 18:13:52.401] [warning] Couldn't find file 'lumbar2.vtp'.
[2024-10-09 18:13:52.401] [warning] Couldn't find file 'lumbar1.vtp'.
[2024-10-09 18:13:52.401] [warning] Couldn't find file 'cerv1sm.vtp'.
[2024-10-09 18:13:52.402] [warning] Couldn't find file 'cerv2sm.vtp'.
[2024-10-09 18:13:52.402] [warning] Couldn't find file 'cerv3sm.vtp'.
[2024-10-09 18:13:52.402] [warning] Couldn't find file 'cerv4sm.vtp'.
[2024-10-09 18:13:52.402] [warning] Couldn't find file 'cerv5sm.vtp'.
[2024-10-09 18:13:52.402] [warning] Couldn't find file 'cerv6sm.vtp'.
[2024-10-09 18:13:52.402] [warning] Couldn't find file 'cerv7.vtp'.
[2024-10-09 18:13:52.403] [warning] Couldn't find file 'thoracic12_s.vtp'.
[2024-10-09 18:13:52.403] [warning] Couldn't find file 'thoracic11_s.vtp'.
[2024-10-09 18:13:52.403] [warning] Couldn't find file 'thoracic10_s.vtp'.
[2024-10-09 18:13:52.403] [warning] Couldn't find file 'thoracic9_s.vtp'.
[2024-10-09 18:13:52.403] [warning] Couldn't find file 'thoracic8_s.vtp'.
[2024-10-09 18:13:52.403] [warning] Couldn't find file 'thoracic7_s.vtp'.
[2024-10-09 18:13:52.403] [warning] Couldn't find file 'thoracic6_s.vtp'.
[2024-10-09 18:13:52.403] [warning] Couldn't find file 'thoracic5_s.vtp'.
[2024-10-09 18:13:52.404] [warning] Couldn't find file 'thoracic4_s.vtp'.
[2024-10-09 18:13:52.404] [warning] Couldn't find file 'thoracic3_s.vtp'.
[2024-10-09 18:13:52.404] [warning] Couldn't find file 'thoracic2_s.vtp'.
[2024-10-09 18:13:52.404] [warning] Couldn't find file 'thoracic1_s.vtp'.
[2024-10-09 18:13:52.404] [warning] Couldn't find file 'hat_ribs_scap.vtp'.
[2024-10-09 18:13:52.404] [warning] Couldn't find file 'hat_jaw.vtp'.
[2024-10-09 18:13:52.404] [warning] Couldn't find file 'hat_skull.vtp'.
[2024-10-09 18:13:52.404] [warning] Couldn't find file 'humerus_rv.vtp'.
[2024-10-09 18:13:52.405] [warning] Couldn't find file 'ulna_rv.vtp'.
[2024-10-09 18:13:52.405] [warning] Couldn't find file 'radius_rv.vtp'.
[2024-10-09 18:13:52.405] [warning] Couldn't find file 'pisiform_rvs.vtp'.
[2024-10-09 18:13:52.405] [warning] Couldn't find file 'lunate_rvs.vtp'.
[2024-10-09 18:13:52.405] [warning] Couldn't find file 'scaphoid_rvs.vtp'.
[2024-10-09 18:13:52.405] [warning] Couldn't find file 'triquetrum_rvs.vtp'.
[2024-10-09 18:13:52.405] [warning] Couldn't find file 'hamate_rvs.vtp'.
[2024-10-09 18:13:52.405] [warning] Couldn't find file 'capitate_rvs.vtp'.
[2024-10-09 18:13:52.406] [warning] Couldn't find file 'trapezoid_rvs.vtp'.
[2024-10-09 18:13:52.406] [warning] Couldn't find file 'trapezium_rvs.vtp'.
[2024-10-09 18:13:52.406] [warning] Couldn't find file 'metacarpal2_rvs.vtp'.
[2024-10-09 18:13:52.406] [warning] Couldn't find file 'index_proximal_rvs.vtp'.
[2024-10-09 18:13:52.406] [warning] Couldn't find file 'index_medial_rvs.vtp'.
[2024-10-09 18:13:52.406] [warning] Couldn't find file 'index_distal_rvs.vtp'.
[2024-10-09 18:13:52.406] [warning] Couldn't find file 'metacarpal3_rvs.vtp'.
[2024-10-09 18:13:52.407] [warning] Couldn't find file 'middle_proximal_rvs.vtp'.
[2024-10-09 18:13:52.407] [warning] Couldn't find file 'middle_medial_rvs.vtp'.
[2024-10-09 18:13:52.407] [warning] Couldn't find file 'middle_distal_rvs.vtp'.
[2024-10-09 18:13:52.407] [warning] Couldn't find file 'metacarpal4_rvs.vtp'.
[2024-10-09 18:13:52.407] [warning] Couldn't find file 'ring_proximal_rvs.vtp'.
[2024-10-09 18:13:52.407] [warning] Couldn't find file 'ring_medial_rvs.vtp'.
[2024-10-09 18:13:52.407] [warning] Couldn't find file 'ring_distal_rvs.vtp'.
[2024-10-09 18:13:52.407] [warning] Couldn't find file 'metacarpal5_rvs.vtp'.
[2024-10-09 18:13:52.408] [warning] Couldn't find file 'little_proximal_rvs.vtp'.
[2024-10-09 18:13:52.408] [warning] Couldn't find file 'little_medial_rvs.vtp'.
[2024-10-09 18:13:52.408] [warning] Couldn't find file 'little_distal_rvs.vtp'.
[2024-10-09 18:13:52.408] [warning] Couldn't find file 'metacarpal1_rvs.vtp'.
[2024-10-09 18:13:52.408] [warning] Couldn't find file 'thumb_proximal_rvs.vtp'.
[2024-10-09 18:13:52.408] [warning] Couldn't find file 'thumb_distal_rvs.vtp'.
[2024-10-09 18:13:52.408] [warning] Couldn't find file 'humerus_lv.vtp'.
[2024-10-09 18:13:52.409] [warning] Couldn't find file 'ulna_lv.vtp'.
[2024-10-09 18:13:52.409] [warning] Couldn't find file 'radius_lv.vtp'.
[2024-10-09 18:13:52.409] [warning] Couldn't find file 'pisiform_lvs.vtp'.
[2024-10-09 18:13:52.409] [warning] Couldn't find file 'lunate_lvs.vtp'.
[2024-10-09 18:13:52.409] [warning] Couldn't find file 'scaphoid_lvs.vtp'.
[2024-10-09 18:13:52.409] [warning] Couldn't find file 'triquetrum_lvs.vtp'.
[2024-10-09 18:13:52.409] [warning] Couldn't find file 'hamate_lvs.vtp'.
[2024-10-09 18:13:52.410] [warning] Couldn't find file 'capitate_lvs.vtp'.
[2024-10-09 18:13:52.410] [warning] Couldn't find file 'trapezoid_lvs.vtp'.
[2024-10-09 18:13:52.410] [warning] Couldn't find file 'trapezium_lvs.vtp'.
[2024-10-09 18:13:52.410] [warning] Couldn't find file 'metacarpal2_lvs.vtp'.
[2024-10-09 18:13:52.410] [warning] Couldn't find file 'index_proximal_lvs.vtp'.
[2024-10-09 18:13:52.410] [warning] Couldn't find file 'index_medial_lvs.vtp'.
[2024-10-09 18:13:52.410] [warning] Couldn't find file 'index_distal_lvs.vtp'.
[2024-10-09 18:13:52.410] [warning] Couldn't find file 'metacarpal3_lvs.vtp'.
[2024-10-09 18:13:52.411] [warning] Couldn't find file 'middle_proximal_lvs.vtp'.
[2024-10-09 18:13:52.411] [warning] Couldn't find file 'middle_medial_lvs.vtp'.
[2024-10-09 18:13:52.411] [warning] Couldn't find file 'middle_distal_lvs.vtp'.
[2024-10-09 18:13:52.411] [warning] Couldn't find file 'metacarpal4_lvs.vtp'.
[2024-10-09 18:13:52.411] [warning] Couldn't find file 'ring_proximal_lvs.vtp'.
[2024-10-09 18:13:52.411] [warning] Couldn't find file 'ring_medial_lvs.vtp'.
[2024-10-09 18:13:52.411] [warning] Couldn't find file 'ring_distal_lvs.vtp'.
[2024-10-09 18:13:52.411] [warning] Couldn't find file 'metacarpal5_lvs.vtp'.
[2024-10-09 18:13:52.411] [warning] Couldn't find file 'little_proximal_lvs.vtp'.
[2024-10-09 18:13:52.412] [warning] Couldn't find file 'little_medial_lvs.vtp'.
[2024-10-09 18:13:52.412] [warning] Couldn't find file 'little_distal_lvs.vtp'.
[2024-10-09 18:13:52.412] [warning] Couldn't find file 'metacarpal1_lvs.vtp'.
[2024-10-09 18:13:52.412] [warning] Couldn't find file 'thumb_proximal_lvs.vtp'.
[2024-10-09 18:13:52.412] [warning] Couldn't find file 'thumb_distal_lvs.vtp'.
[2024-10-09 18:13:52.414] [cout] [info] 
               MODEL: Pose2Sim_scaled
         coordinates: 62
              forces: 0
           actuators: 0
             muscles: 0
            analyses: 0
              probes: 0
              bodies: 30
              joints: 30
         constraints: 20
             markers: 22
         controllers: 0
  contact geometries: 0
misc modelcomponents: 0
[2024-10-09 18:13:52.414] [info] Running tool .
[2024-10-09 18:13:52.894] [info] Frame 0 (t = 0.0333333):	 total squared error = 0.00765919, marker error: RMS = 0.0200777, max = 0.0354192 (LHeel)
[2024-10-09 18:13:52.962] [info] Frame 1 (t = 0.0666667):	 total squared error = 0.00853963, marker error: RMS = 0.0212003, max = 0.0344704 (RShoulder)
[2024-10-09 18:13:53.044] [info] Frame 2 (t = 0.1):	 total squared error = 0.0102675, marker error: RMS = 0.0232464, max = 0.0380353 (RShoulder)
[2024-10-09 18:13:53.116] [info] Frame 3 (t = 0.133333):	 total squared error = 0.0120560, marker error: RMS = 0.0251898, max = 0.0423488 (LShoulder)
[2024-10-09 18:13:53.181] [info] Frame 4 (t = 0.166667):	 total squared error = 0.0133988, marker error: RMS = 0.0265556, max = 0.0459351 (LShoulder)
[2024-10-09 18:13:53.213] [info] Frame 5 (t = 0.2):	 total squared error = 0.0141302, marker error: RMS = 0.0272708, max = 0.0476937 (LShoulder)
[2024-10-09 18:13:53.286] [info] Frame 6 (t = 0.233333):	 total squared error = 0.0143241, marker error: RMS = 0.0274573, max = 0.0485087 (LShoulder)
[2024-10-09 18:13:53.338] [info] Frame 7 (t = 0.266667):	 total squared error = 0.014185, marker error: RMS = 0.0273236, max = 0.0485789 (LShoulder)
[2024-10-09 18:13:53.418] [info] Frame 8 (t = 0.3):	 total squared error = 0.0138425, marker error: RMS = 0.0269917, max = 0.0479538 (LShoulder)
[2024-10-09 18:13:53.461] [info] Frame 9 (t = 0.333333):	 total squared error = 0.0134165, marker error: RMS = 0.0265732, max = 0.0467886 (LShoulder)
[2024-10-09 18:13:53.529] [info] Frame 10 (t = 0.366667):	 total squared error = 0.0130227, marker error: RMS = 0.0261803, max = 0.0452187 (LShoulder)
[2024-10-09 18:13:53.580] [info] Frame 11 (t = 0.4):	 total squared error = 0.0128707, marker error: RMS = 0.0260270, max = 0.0438142 (LShoulder)
[2024-10-09 18:13:53.665] [info] Frame 12 (t = 0.433333):	 total squared error = 0.0130343, marker error: RMS = 0.0261919, max = 0.0429012 (LShoulder)
[2024-10-09 18:13:53.705] [info] Frame 13 (t = 0.466667):	 total squared error = 0.0134195, marker error: RMS = 0.0265761, max = 0.0424748 (LShoulder)
[2024-10-09 18:13:53.773] [info] Frame 14 (t = 0.5):	 total squared error = 0.0137514, marker error: RMS = 0.0269028, max = 0.0426283 (LShoulder)
[2024-10-09 18:13:53.832] [info] Frame 15 (t = 0.533333):	 total squared error = 0.0138885, marker error: RMS = 0.0270365, max = 0.0431774 (LShoulder)
[2024-10-09 18:13:53.883] [info] Frame 16 (t = 0.566667):	 total squared error = 0.0138648, marker error: RMS = 0.0270135, max = 0.0440546 (LShoulder)
[2024-10-09 18:13:53.935] [info] Frame 17 (t = 0.6):	 total squared error = 0.0138466, marker error: RMS = 0.0269957, max = 0.0452622 (LShoulder)
[2024-10-09 18:13:54.034] [info] Frame 18 (t = 0.633333):	 total squared error = 0.01396, marker error: RMS = 0.0271061, max = 0.0466235 (LShoulder)
[2024-10-09 18:13:54.108] [info] Frame 19 (t = 0.666667):	 total squared error = 0.0142317, marker error: RMS = 0.0273686, max = 0.0480325 (LShoulder)
[2024-10-09 18:13:54.143] [info] Frame 20 (t = 0.7):	 total squared error = 0.0145309, marker error: RMS = 0.0276547, max = 0.0486663 (LShoulder)
[2024-10-09 18:13:54.223] [info] Frame 21 (t = 0.733333):	 total squared error = 0.0146419, marker error: RMS = 0.0277601, max = 0.0482010 (LShoulder)
[2024-10-09 18:13:54.320] [info] Frame 22 (t = 0.766667):	 total squared error = 0.014596, marker error: RMS = 0.0277166, max = 0.0469188 (LShoulder)
[2024-10-09 18:13:54.414] [info] Frame 23 (t = 0.8):	 total squared error = 0.0143888, marker error: RMS = 0.0275192, max = 0.0449981 (LShoulder)
[2024-10-09 18:13:54.455] [info] Frame 24 (t = 0.833333):	 total squared error = 0.0140697, marker error: RMS = 0.0272123, max = 0.0424365 (LShoulder)
[2024-10-09 18:13:54.485] [info] Frame 25 (t = 0.866667):	 total squared error = 0.0137226, marker error: RMS = 0.0268745, max = 0.0407843 (LAnkle)
[2024-10-09 18:13:54.521] [info] Frame 26 (t = 0.9):	 total squared error = 0.0134724, marker error: RMS = 0.0266284, max = 0.0411802 (LAnkle)
[2024-10-09 18:13:54.577] [info] Frame 27 (t = 0.933333):	 total squared error = 0.0133999, marker error: RMS = 0.0265567, max = 0.0412627 (LAnkle)
[2024-10-09 18:13:54.603] [info] Frame 28 (t = 0.966667):	 total squared error = 0.0135164, marker error: RMS = 0.0266718, max = 0.0411574 (LAnkle)
[2024-10-09 18:13:54.636] [info] Frame 29 (t = 1.0):	 total squared error = 0.0137058, marker error: RMS = 0.0268581, max = 0.0408513 (LAnkle)
[2024-10-09 18:13:54.705] [info] Frame 30 (t = 1.03333):	 total squared error = 0.0138174, marker error: RMS = 0.0269673, max = 0.0413327 (LShoulder)
[2024-10-09 18:13:54.750] [info] Frame 31 (t = 1.06667):	 total squared error = 0.0138356, marker error: RMS = 0.026985, max = 0.0431905 (LShoulder)
[2024-10-09 18:13:54.831] [info] Frame 32 (t = 1.1):	 total squared error = 0.0137782, marker error: RMS = 0.026929, max = 0.043954 (LShoulder)
[2024-10-09 18:13:54.850] [info] Frame 33 (t = 1.13333):	 total squared error = 0.0137458, marker error: RMS = 0.0268973, max = 0.0445825 (LShoulder)
[2024-10-09 18:13:54.895] [info] Frame 34 (t = 1.16667):	 total squared error = 0.0137848, marker error: RMS = 0.0269354, max = 0.0450652 (LShoulder)
[2024-10-09 18:13:54.975] [info] Frame 35 (t = 1.2):	 total squared error = 0.013844, marker error: RMS = 0.0269932, max = 0.0461254 (LShoulder)
[2024-10-09 18:13:55.058] [info] Frame 36 (t = 1.23333):	 total squared error = 0.0139618, marker error: RMS = 0.0271078, max = 0.0475356 (LShoulder)
[2024-10-09 18:13:55.148] [info] Frame 37 (t = 1.26667):	 total squared error = 0.0141421, marker error: RMS = 0.0272822, max = 0.0492592 (LShoulder)
[2024-10-09 18:13:55.180] [info] Frame 38 (t = 1.3):	 total squared error = 0.0143777, marker error: RMS = 0.0275085, max = 0.0507460 (LShoulder)
[2024-10-09 18:13:55.218] [info] Frame 39 (t = 1.33333):	 total squared error = 0.0146281, marker error: RMS = 0.0277471, max = 0.0512888 (LShoulder)
[2024-10-09 18:13:55.296] [info] Frame 40 (t = 1.36667):	 total squared error = 0.0148676, marker error: RMS = 0.0279733, max = 0.0508804 (LShoulder)
[2024-10-09 18:13:55.331] [info] Frame 41 (t = 1.4):	 total squared error = 0.0150709, marker error: RMS = 0.0281639, max = 0.0502267 (LShoulder)
[2024-10-09 18:13:55.380] [info] Frame 42 (t = 1.43333):	 total squared error = 0.0150722, marker error: RMS = 0.0281652, max = 0.049154 (LShoulder)
[2024-10-09 18:13:55.456] [info] Frame 43 (t = 1.46667):	 total squared error = 0.0147737, marker error: RMS = 0.0278848, max = 0.0472665 (LShoulder)
[2024-10-09 18:13:55.506] [info] Frame 44 (t = 1.5):	 total squared error = 0.0142426, marker error: RMS = 0.027379, max = 0.0452244 (LShoulder)
[2024-10-09 18:13:55.526] [info] Frame 45 (t = 1.53333):	 total squared error = 0.0137316, marker error: RMS = 0.0268834, max = 0.0429168 (LShoulder)
[2024-10-09 18:13:55.616] [info] Frame 46 (t = 1.56667):	 total squared error = 0.0133725, marker error: RMS = 0.0265296, max = 0.0414955 (LShoulder)
[2024-10-09 18:13:55.686] [info] Frame 47 (t = 1.6):	 total squared error = 0.0132448, marker error: RMS = 0.0264025, max = 0.0404790 (LShoulder)
[2024-10-09 18:13:55.718] [info] Frame 48 (t = 1.63333):	 total squared error = 0.0132351, marker error: RMS = 0.0263929, max = 0.0399091 (LShoulder)
[2024-10-09 18:13:55.768] [info] Frame 49 (t = 1.66667):	 total squared error = 0.0131422, marker error: RMS = 0.0263001, max = 0.0395685 (LShoulder)
[2024-10-09 18:13:55.850] [info] Frame 50 (t = 1.7):	 total squared error = 0.0128493, marker error: RMS = 0.0260054, max = 0.0387186 (LShoulder)
[2024-10-09 18:13:55.899] [info] Frame 51 (t = 1.73333):	 total squared error = 0.0125668, marker error: RMS = 0.0257179, max = 0.0375808 (RShoulder)
[2024-10-09 18:13:55.958] [info] Frame 52 (t = 1.76667):	 total squared error = 0.012371, marker error: RMS = 0.0255168, max = 0.0378316 (LAnkle)
[2024-10-09 18:13:56.066] [info] Frame 53 (t = 1.8):	 total squared error = 0.0122267, marker error: RMS = 0.0253675, max = 0.0376451 (LAnkle)
[2024-10-09 18:13:56.142] [info] Frame 54 (t = 1.83333):	 total squared error = 0.0121313, marker error: RMS = 0.0252684, max = 0.0373329 (LAnkle)
[2024-10-09 18:13:56.187] [info] Frame 55 (t = 1.86667):	 total squared error = 0.0120225, marker error: RMS = 0.0251548, max = 0.036859 (LAnkle)
[2024-10-09 18:13:56.236] [info] Frame 56 (t = 1.9):	 total squared error = 0.0119434, marker error: RMS = 0.0250719, max = 0.0362671 (LAnkle)
[2024-10-09 18:13:56.256] [info] Frame 57 (t = 1.93333):	 total squared error = 0.0119998, marker error: RMS = 0.025131, max = 0.0362362 (LAnkle)
[2024-10-09 18:13:56.351] [info] Frame 58 (t = 1.96667):	 total squared error = 0.0122017, marker error: RMS = 0.0253416, max = 0.0364353 (LAnkle)
[2024-10-09 18:13:56.411] [info] Frame 59 (t = 2.0):	 total squared error = 0.0125737, marker error: RMS = 0.025725, max = 0.0370153 (LAnkle)
[2024-10-09 18:13:56.464] [info] Frame 60 (t = 2.03333):	 total squared error = 0.0129904, marker error: RMS = 0.0261478, max = 0.0387168 (LShoulder)
[2024-10-09 18:13:56.527] [info] Frame 61 (t = 2.06667):	 total squared error = 0.0133254, marker error: RMS = 0.0264827, max = 0.0403210 (LShoulder)
[2024-10-09 18:13:56.594] [info] Frame 62 (t = 2.1):	 total squared error = 0.0135639, marker error: RMS = 0.0267187, max = 0.0409422 (LShoulder)
[2024-10-09 18:13:56.659] [info] Frame 63 (t = 2.13333):	 total squared error = 0.0137135, marker error: RMS = 0.0268656, max = 0.0403139 (LShoulder)
[2024-10-09 18:13:56.714] [info] Frame 64 (t = 2.16667):	 total squared error = 0.0137327, marker error: RMS = 0.0268844, max = 0.0404543 (LAnkle)
[2024-10-09 18:13:56.772] [info] Frame 65 (t = 2.2):	 total squared error = 0.0136147, marker error: RMS = 0.0267687, max = 0.0407583 (LAnkle)
[2024-10-09 18:13:56.825] [info] Frame 66 (t = 2.23333):	 total squared error = 0.013423, marker error: RMS = 0.0265796, max = 0.0408594 (LAnkle)
[2024-10-09 18:13:56.883] [info] Frame 67 (t = 2.26667):	 total squared error = 0.0132822, marker error: RMS = 0.0264398, max = 0.0406511 (LAnkle)
[2024-10-09 18:13:56.970] [info] Frame 68 (t = 2.3):	 total squared error = 0.0132966, marker error: RMS = 0.0264542, max = 0.0404604 (LAnkle)
[2024-10-09 18:13:57.016] [info] Frame 69 (t = 2.33333):	 total squared error = 0.0134748, marker error: RMS = 0.0266308, max = 0.0402218 (LAnkle)
[2024-10-09 18:13:57.090] [info] Frame 70 (t = 2.36667):	 total squared error = 0.0136753, marker error: RMS = 0.0268282, max = 0.0402990 (LAnkle)
[2024-10-09 18:13:57.184] [info] Frame 71 (t = 2.4):	 total squared error = 0.0137441, marker error: RMS = 0.0268956, max = 0.0404348 (LAnkle)
[2024-10-09 18:13:57.258] [info] Frame 72 (t = 2.43333):	 total squared error = 0.0136262, marker error: RMS = 0.02678, max = 0.0404245 (LAnkle)
[2024-10-09 18:13:57.328] [info] Frame 73 (t = 2.46667):	 total squared error = 0.013389, marker error: RMS = 0.0265459, max = 0.0402715 (LAnkle)
[2024-10-09 18:13:57.411] [info] Frame 74 (t = 2.5):	 total squared error = 0.0130922, marker error: RMS = 0.02625, max = 0.0396084 (LAnkle)
[2024-10-09 18:13:57.428] [info] Frame 75 (t = 2.53333):	 total squared error = 0.0128602, marker error: RMS = 0.0260164, max = 0.0391209 (LAnkle)
[2024-10-09 18:13:57.466] [info] Frame 76 (t = 2.56667):	 total squared error = 0.0128362, marker error: RMS = 0.0259921, max = 0.0399858 (LShoulder)
[2024-10-09 18:13:57.521] [info] Frame 77 (t = 2.6):	 total squared error = 0.0129642, marker error: RMS = 0.0261214, max = 0.0413746 (LShoulder)
[2024-10-09 18:13:57.604] [info] Frame 78 (t = 2.63333):	 total squared error = 0.0131306, marker error: RMS = 0.0262885, max = 0.0420308 (LShoulder)
[2024-10-09 18:13:57.703] [info] Frame 79 (t = 2.66667):	 total squared error = 0.0132596, marker error: RMS = 0.0264173, max = 0.0421223 (LShoulder)
[2024-10-09 18:13:57.778] [info] Frame 80 (t = 2.7):	 total squared error = 0.0133518, marker error: RMS = 0.0265090, max = 0.0418174 (LShoulder)
[2024-10-09 18:13:57.870] [info] Frame 81 (t = 2.73333):	 total squared error = 0.0134714, marker error: RMS = 0.0266274, max = 0.0418095 (LShoulder)
[2024-10-09 18:13:57.921] [info] Frame 82 (t = 2.76667):	 total squared error = 0.0137074, marker error: RMS = 0.0268596, max = 0.0425611 (LShoulder)
[2024-10-09 18:13:58.015] [info] Frame 83 (t = 2.8):	 total squared error = 0.0140607, marker error: RMS = 0.0272036, max = 0.0439114 (LShoulder)
[2024-10-09 18:13:58.075] [info] Frame 84 (t = 2.83333):	 total squared error = 0.0144406, marker error: RMS = 0.0275687, max = 0.0452198 (LShoulder)
[2024-10-09 18:13:58.144] [info] Frame 85 (t = 2.86667):	 total squared error = 0.0147085, marker error: RMS = 0.0278232, max = 0.0460395 (LShoulder)
[2024-10-09 18:13:58.177] [info] Frame 86 (t = 2.9):	 total squared error = 0.0148197, marker error: RMS = 0.0279282, max = 0.0462746 (LShoulder)
[2024-10-09 18:13:58.231] [info] Frame 87 (t = 2.93333):	 total squared error = 0.0147591, marker error: RMS = 0.027871, max = 0.0457368 (LShoulder)
[2024-10-09 18:13:58.322] [info] Frame 88 (t = 2.96667):	 total squared error = 0.0145585, marker error: RMS = 0.027681, max = 0.0441421 (LShoulder)
[2024-10-09 18:13:58.372] [info] Frame 89 (t = 3.0):	 total squared error = 0.0141873, marker error: RMS = 0.0273258, max = 0.042119 (LShoulder)
[2024-10-09 18:13:58.440] [info] Frame 90 (t = 3.03333):	 total squared error = 0.0136168, marker error: RMS = 0.0267708, max = 0.0393612 (LShoulder)
[2024-10-09 18:13:58.484] [info] Frame 91 (t = 3.06667):	 total squared error = 0.012951, marker error: RMS = 0.0261081, max = 0.0390289 (LAnkle)
[2024-10-09 18:13:58.551] [info] Frame 92 (t = 3.1):	 total squared error = 0.012331, marker error: RMS = 0.0254755, max = 0.0389803 (LAnkle)
[2024-10-09 18:13:58.586] [info] Frame 93 (t = 3.13333):	 total squared error = 0.0119278, marker error: RMS = 0.0250556, max = 0.0388003 (LAnkle)
[2024-10-09 18:13:58.614] [info] Frame 94 (t = 3.16667):	 total squared error = 0.0118657, marker error: RMS = 0.0249902, max = 0.038658 (LAnkle)
[2024-10-09 18:13:58.646] [info] Frame 95 (t = 3.2):	 total squared error = 0.0121203, marker error: RMS = 0.0252569, max = 0.0381552 (LAnkle)
[2024-10-09 18:13:58.665] [info] Frame 96 (t = 3.23333):	 total squared error = 0.0125745, marker error: RMS = 0.0257257, max = 0.0385426 (LShoulder)
[2024-10-09 18:13:58.684] [info] Frame 97 (t = 3.26667):	 total squared error = 0.0130037, marker error: RMS = 0.0261611, max = 0.0412426 (LShoulder)
[2024-10-09 18:13:58.702] [info] Frame 98 (t = 3.3):	 total squared error = 0.0132949, marker error: RMS = 0.0264524, max = 0.043373 (LShoulder)
[2024-10-09 18:13:58.780] [info] Frame 99 (t = 3.33333):	 total squared error = 0.0133983, marker error: RMS = 0.0265551, max = 0.044951 (LShoulder)
[2024-10-09 18:13:58.813] [info] Frame 100 (t = 3.36667):	 total squared error = 0.0134355, marker error: RMS = 0.026592, max = 0.046443 (LShoulder)
[2024-10-09 18:13:58.855] [info] Frame 101 (t = 3.4):	 total squared error = 0.0133859, marker error: RMS = 0.0265428, max = 0.0476090 (LShoulder)
[2024-10-09 18:13:58.938] [info] Frame 102 (t = 3.43333):	 total squared error = 0.013246, marker error: RMS = 0.0264037, max = 0.0484052 (LShoulder)
[2024-10-09 18:13:58.983] [info] Frame 103 (t = 3.46667):	 total squared error = 0.0130895, marker error: RMS = 0.0262473, max = 0.0488115 (LShoulder)
[2024-10-09 18:13:59.064] [info] Frame 104 (t = 3.5):	 total squared error = 0.0130588, marker error: RMS = 0.0262165, max = 0.0486728 (LShoulder)
[2024-10-09 18:13:59.130] [info] Frame 105 (t = 3.53333):	 total squared error = 0.0132346, marker error: RMS = 0.0263924, max = 0.0487282 (LShoulder)
[2024-10-09 18:13:59.160] [info] Frame 106 (t = 3.56667):	 total squared error = 0.013518, marker error: RMS = 0.0266735, max = 0.0484805 (LShoulder)
[2024-10-09 18:13:59.200] [info] Frame 107 (t = 3.6):	 total squared error = 0.0137404, marker error: RMS = 0.026892, max = 0.0477109 (LShoulder)
[2024-10-09 18:13:59.263] [info] Frame 108 (t = 3.63333):	 total squared error = 0.0139054, marker error: RMS = 0.0270529, max = 0.0464106 (LShoulder)
[2024-10-09 18:13:59.343] [info] Frame 109 (t = 3.66667):	 total squared error = 0.0140440, marker error: RMS = 0.0271875, max = 0.0451576 (LShoulder)
[2024-10-09 18:13:59.442] [info] Frame 110 (t = 3.7):	 total squared error = 0.0141895, marker error: RMS = 0.0273279, max = 0.0443647 (LShoulder)
[2024-10-09 18:13:59.516] [info] Frame 111 (t = 3.73333):	 total squared error = 0.014357, marker error: RMS = 0.0274887, max = 0.0437704 (LShoulder)
[2024-10-09 18:13:59.581] [info] Frame 112 (t = 3.76667):	 total squared error = 0.0145085, marker error: RMS = 0.0276334, max = 0.0438462 (LShoulder)
[2024-10-09 18:13:59.636] [info] Frame 113 (t = 3.8):	 total squared error = 0.0146655, marker error: RMS = 0.0277826, max = 0.0446709 (LShoulder)
[2024-10-09 18:13:59.670] [info] Frame 114 (t = 3.83333):	 total squared error = 0.0147701, marker error: RMS = 0.0278814, max = 0.0458854 (LShoulder)
[2024-10-09 18:13:59.809] [info] Frame 115 (t = 3.86667):	 total squared error = 0.0146671, marker error: RMS = 0.027784, max = 0.0460436 (LShoulder)
[2024-10-09 18:13:59.898] [info] Frame 116 (t = 3.9):	 total squared error = 0.0143186, marker error: RMS = 0.0274519, max = 0.0452761 (LShoulder)
[2024-10-09 18:13:59.976] [info] Frame 117 (t = 3.93333):	 total squared error = 0.0138934, marker error: RMS = 0.0270413, max = 0.0437272 (LShoulder)
[2024-10-09 18:14:00.039] [info] Frame 118 (t = 3.96667):	 total squared error = 0.0136452, marker error: RMS = 0.0267987, max = 0.0425558 (LShoulder)
[2024-10-09 18:14:00.141] [info] Frame 119 (t = 4.0):	 total squared error = 0.0137045, marker error: RMS = 0.0268568, max = 0.042466 (LShoulder)
[2024-10-09 18:14:00.198] [info] Frame 120 (t = 4.03333):	 total squared error = 0.0139641, marker error: RMS = 0.02711, max = 0.0429754 (LShoulder)
[2024-10-09 18:14:00.248] [info] Frame 121 (t = 4.06667):	 total squared error = 0.0142418, marker error: RMS = 0.0273783, max = 0.0434962 (LShoulder)
[2024-10-09 18:14:00.299] [info] Frame 122 (t = 4.1):	 total squared error = 0.0144778, marker error: RMS = 0.0276042, max = 0.0438134 (LShoulder)
[2024-10-09 18:14:00.353] [info] Frame 123 (t = 4.13333):	 total squared error = 0.0147842, marker error: RMS = 0.0278947, max = 0.0445269 (LShoulder)
[2024-10-09 18:14:00.457] [info] Frame 124 (t = 4.16667):	 total squared error = 0.015113, marker error: RMS = 0.0282032, max = 0.0453927 (LShoulder)
[2024-10-09 18:14:00.505] [info] Frame 125 (t = 4.2):	 total squared error = 0.0154904, marker error: RMS = 0.0285531, max = 0.0470040 (LShoulder)
[2024-10-09 18:14:00.548] [info] Frame 126 (t = 4.23333):	 total squared error = 0.0157695, marker error: RMS = 0.0288093, max = 0.0487080 (LShoulder)
[2024-10-09 18:14:00.585] [info] Frame 127 (t = 4.26667):	 total squared error = 0.0158828, marker error: RMS = 0.0289125, max = 0.0505276 (LShoulder)
[2024-10-09 18:14:00.618] [info] Frame 128 (t = 4.3):	 total squared error = 0.0157896, marker error: RMS = 0.0288276, max = 0.0519412 (LShoulder)
[2024-10-09 18:14:00.688] [info] Frame 129 (t = 4.33333):	 total squared error = 0.0154654, marker error: RMS = 0.0285301, max = 0.0527213 (LShoulder)
[2024-10-09 18:14:00.755] [info] Frame 130 (t = 4.36667):	 total squared error = 0.0149871, marker error: RMS = 0.0280855, max = 0.052592 (LShoulder)
[2024-10-09 18:14:00.823] [info] Frame 131 (t = 4.4):	 total squared error = 0.0144658, marker error: RMS = 0.0275927, max = 0.0514001 (LShoulder)
[2024-10-09 18:14:00.913] [info] Frame 132 (t = 4.43333):	 total squared error = 0.0139756, marker error: RMS = 0.0271212, max = 0.0492246 (LShoulder)
[2024-10-09 18:14:00.975] [info] Frame 133 (t = 4.46667):	 total squared error = 0.0136044, marker error: RMS = 0.0267585, max = 0.0463484 (LShoulder)
[2024-10-09 18:14:01.022] [info] Frame 134 (t = 4.5):	 total squared error = 0.0134589, marker error: RMS = 0.0266151, max = 0.0437529 (LShoulder)
[2024-10-09 18:14:01.052] [info] Frame 135 (t = 4.53333):	 total squared error = 0.0136378, marker error: RMS = 0.0267914, max = 0.0421614 (LShoulder)
[2024-10-09 18:14:01.126] [info] Frame 136 (t = 4.56667):	 total squared error = 0.013877, marker error: RMS = 0.0270254, max = 0.0420392 (LShoulder)
[2024-10-09 18:14:01.204] [info] Frame 137 (t = 4.6):	 total squared error = 0.0142308, marker error: RMS = 0.0273677, max = 0.0425179 (LShoulder)
[2024-10-09 18:14:01.241] [info] Frame 138 (t = 4.63333):	 total squared error = 0.014544, marker error: RMS = 0.0276672, max = 0.0435899 (LShoulder)
[2024-10-09 18:14:01.350] [info] Frame 139 (t = 4.66667):	 total squared error = 0.0147443, marker error: RMS = 0.0278571, max = 0.0444073 (LShoulder)
[2024-10-09 18:14:01.398] [info] Frame 140 (t = 4.7):	 total squared error = 0.0149404, marker error: RMS = 0.0280417, max = 0.0455658 (LShoulder)
[2024-10-09 18:14:01.446] [info] Frame 141 (t = 4.73333):	 total squared error = 0.0151173, marker error: RMS = 0.0282072, max = 0.0468729 (LShoulder)
[2024-10-09 18:14:01.505] [info] Frame 142 (t = 4.76667):	 total squared error = 0.0152146, marker error: RMS = 0.0282979, max = 0.0479251 (LShoulder)
[2024-10-09 18:14:01.556] [info] Frame 143 (t = 4.8):	 total squared error = 0.0151175, marker error: RMS = 0.0282074, max = 0.0484188 (LShoulder)
[2024-10-09 18:14:01.615] [info] Frame 144 (t = 4.83333):	 total squared error = 0.0147725, marker error: RMS = 0.0278837, max = 0.0479106 (LShoulder)
[2024-10-09 18:14:01.701] [info] Frame 145 (t = 4.86667):	 total squared error = 0.0142857, marker error: RMS = 0.0274204, max = 0.0468767 (LShoulder)
[2024-10-09 18:14:01.745] [info] Frame 146 (t = 4.9):	 total squared error = 0.0138486, marker error: RMS = 0.0269976, max = 0.0454328 (LShoulder)
[2024-10-09 18:14:01.827] [info] Frame 147 (t = 4.93333):	 total squared error = 0.0135192, marker error: RMS = 0.0266747, max = 0.0447365 (LShoulder)
[2024-10-09 18:14:01.881] [info] Frame 148 (t = 4.96667):	 total squared error = 0.0133817, marker error: RMS = 0.0265387, max = 0.0439267 (LShoulder)
[2024-10-09 18:14:01.966] [info] Frame 149 (t = 5.0):	 total squared error = 0.0134375, marker error: RMS = 0.0265939, max = 0.0438137 (LShoulder)
[2024-10-09 18:14:02.033] [info] Frame 150 (t = 5.03333):	 total squared error = 0.0137223, marker error: RMS = 0.0268743, max = 0.0436977 (LShoulder)
[2024-10-09 18:14:02.108] [info] Frame 151 (t = 5.06667):	 total squared error = 0.0141932, marker error: RMS = 0.0273315, max = 0.0437015 (LShoulder)
[2024-10-09 18:14:02.219] [info] Frame 152 (t = 5.1):	 total squared error = 0.0147337, marker error: RMS = 0.027847, max = 0.0437726 (LShoulder)
[2024-10-09 18:14:02.247] [info] Frame 153 (t = 5.13333):	 total squared error = 0.0152363, marker error: RMS = 0.0283181, max = 0.0440030 (LShoulder)
[2024-10-09 18:14:02.317] [info] Frame 154 (t = 5.16667):	 total squared error = 0.0154868, marker error: RMS = 0.0285499, max = 0.0436478 (LShoulder)
[2024-10-09 18:14:02.376] [info] Frame 155 (t = 5.2):	 total squared error = 0.0155425, marker error: RMS = 0.0286012, max = 0.0432767 (LShoulder)
[2024-10-09 18:14:02.462] [info] Frame 156 (t = 5.23333):	 total squared error = 0.0154521, marker error: RMS = 0.0285179, max = 0.0424635 (LShoulder)
[2024-10-09 18:14:02.520] [info] Frame 157 (t = 5.26667):	 total squared error = 0.0153519, marker error: RMS = 0.0284252, max = 0.0413895 (LShoulder)
[2024-10-09 18:14:02.561] [info] Frame 158 (t = 5.3):	 total squared error = 0.0152908, marker error: RMS = 0.0283686, max = 0.0409505 (LAnkle)
[2024-10-09 18:14:02.648] [info] Frame 159 (t = 5.33333):	 total squared error = 0.0150862, marker error: RMS = 0.0281782, max = 0.0411807 (LShoulder)
[2024-10-09 18:14:02.732] [info] Frame 160 (t = 5.36667):	 total squared error = 0.0148709, marker error: RMS = 0.0279764, max = 0.0413303 (LShoulder)
[2024-10-09 18:14:02.826] [info] Frame 161 (t = 5.4):	 total squared error = 0.0146143, marker error: RMS = 0.0277339, max = 0.0410643 (LShoulder)
[2024-10-09 18:14:02.885] [info] Frame 162 (t = 5.43333):	 total squared error = 0.0143069, marker error: RMS = 0.0274408, max = 0.0401755 (LShoulder)
[2024-10-09 18:14:03.055] [info] Frame 163 (t = 5.46667):	 total squared error = 0.0139416, marker error: RMS = 0.0270881, max = 0.0394875 (LAnkle)
[2024-10-09 18:14:03.119] [info] Frame 164 (t = 5.5):	 total squared error = 0.0136569, marker error: RMS = 0.0268101, max = 0.0394247 (LAnkle)
[2024-10-09 18:14:03.162] [info] Frame 165 (t = 5.53333):	 total squared error = 0.0135941, marker error: RMS = 0.0267484, max = 0.0395147 (LAnkle)
[2024-10-09 18:14:03.237] [info] Frame 166 (t = 5.56667):	 total squared error = 0.0137309, marker error: RMS = 0.0268827, max = 0.039936 (LAnkle)
[2024-10-09 18:14:03.301] [info] Frame 167 (t = 5.6):	 total squared error = 0.0139282, marker error: RMS = 0.0270752, max = 0.0406070 (LAnkle)
[2024-10-09 18:14:03.386] [info] Frame 168 (t = 5.63333):	 total squared error = 0.0140504, marker error: RMS = 0.0271936, max = 0.0415637 (LAnkle)
[2024-10-09 18:14:03.452] [info] Frame 169 (t = 5.66667):	 total squared error = 0.0141046, marker error: RMS = 0.027246, max = 0.0425717 (LAnkle)
[2024-10-09 18:14:03.500] [info] Frame 170 (t = 5.7):	 total squared error = 0.0141659, marker error: RMS = 0.0273052, max = 0.0433536 (LAnkle)
[2024-10-09 18:14:03.551] [info] Frame 171 (t = 5.73333):	 total squared error = 0.0142498, marker error: RMS = 0.0273859, max = 0.0436569 (LAnkle)
[2024-10-09 18:14:03.587] [info] Frame 172 (t = 5.76667):	 total squared error = 0.0143241, marker error: RMS = 0.0274572, max = 0.0432477 (LAnkle)
[2024-10-09 18:14:03.626] [info] Frame 173 (t = 5.8):	 total squared error = 0.014273, marker error: RMS = 0.0274082, max = 0.0428088 (LAnkle)
[2024-10-09 18:14:03.690] [info] Frame 174 (t = 5.83333):	 total squared error = 0.0141349, marker error: RMS = 0.0272753, max = 0.0419030 (LAnkle)
[2024-10-09 18:14:03.775] [info] Frame 175 (t = 5.86667):	 total squared error = 0.0139803, marker error: RMS = 0.0271258, max = 0.0408973 (LAnkle)
[2024-10-09 18:14:03.810] [info] Frame 176 (t = 5.9):	 total squared error = 0.0139131, marker error: RMS = 0.0270605, max = 0.0408185 (RHeel)
[2024-10-09 18:14:03.886] [info] Frame 177 (t = 5.93333):	 total squared error = 0.0139037, marker error: RMS = 0.0270513, max = 0.041167 (RHeel)
[2024-10-09 18:14:03.929] [info] Frame 178 (t = 5.96667):	 total squared error = 0.0139769, marker error: RMS = 0.0271224, max = 0.0417582 (RHeel)
[2024-10-09 18:14:03.970] [info] Frame 179 (t = 6.0):	 total squared error = 0.0140839, marker error: RMS = 0.0272261, max = 0.0422723 (RHeel)
[2024-10-09 18:14:04.033] [info] Frame 180 (t = 6.03333):	 total squared error = 0.0141963, marker error: RMS = 0.0273345, max = 0.0427915 (RHeel)
[2024-10-09 18:14:04.103] [info] Frame 181 (t = 6.06667):	 total squared error = 0.0142673, marker error: RMS = 0.0274027, max = 0.0429726 (RHeel)
[2024-10-09 18:14:04.177] [info] Frame 182 (t = 6.1):	 total squared error = 0.0142284, marker error: RMS = 0.0273654, max = 0.042717 (RHeel)
[2024-10-09 18:14:04.249] [info] Frame 183 (t = 6.13333):	 total squared error = 0.0142073, marker error: RMS = 0.0273451, max = 0.0421485 (RHeel)
[2024-10-09 18:14:04.284] [info] Frame 184 (t = 6.16667):	 total squared error = 0.0142939, marker error: RMS = 0.0274283, max = 0.0414618 (RHeel)
[2024-10-09 18:14:04.367] [info] Frame 185 (t = 6.2):	 total squared error = 0.0144479, marker error: RMS = 0.0275757, max = 0.0409376 (LShoulder)
[2024-10-09 18:14:04.418] [info] Frame 186 (t = 6.23333):	 total squared error = 0.0145907, marker error: RMS = 0.0277116, max = 0.0434211 (LShoulder)
[2024-10-09 18:14:04.457] [info] Frame 187 (t = 6.26667):	 total squared error = 0.0146308, marker error: RMS = 0.0277496, max = 0.0458238 (LShoulder)
[2024-10-09 18:14:04.645] [info] Frame 188 (t = 6.3):	 total squared error = 0.0145609, marker error: RMS = 0.0276832, max = 0.046861 (LShoulder)
[2024-10-09 18:14:04.694] [info] Frame 189 (t = 6.33333):	 total squared error = 0.0143061, marker error: RMS = 0.02744, max = 0.0468744 (LShoulder)
[2024-10-09 18:14:04.801] [info] Frame 190 (t = 6.36667):	 total squared error = 0.0137526, marker error: RMS = 0.0269039, max = 0.0448852 (LShoulder)
[2024-10-09 18:14:04.837] [info] Frame 191 (t = 6.4):	 total squared error = 0.0130986, marker error: RMS = 0.0262565, max = 0.0418141 (LShoulder)
[2024-10-09 18:14:04.902] [info] Frame 192 (t = 6.43333):	 total squared error = 0.0125706, marker error: RMS = 0.0257218, max = 0.0391425 (LShoulder)
[2024-10-09 18:14:04.941] [info] Frame 193 (t = 6.46667):	 total squared error = 0.0123657, marker error: RMS = 0.0255113, max = 0.0370821 (LShoulder)
[2024-10-09 18:14:05.024] [info] Frame 194 (t = 6.5):	 total squared error = 0.0124704, marker error: RMS = 0.0256191, max = 0.0372558 (RHeel)
[2024-10-09 18:14:05.096] [info] Frame 195 (t = 6.53333):	 total squared error = 0.0128812, marker error: RMS = 0.0260376, max = 0.0386677 (RHeel)
[2024-10-09 18:14:05.164] [info] Frame 196 (t = 6.56667):	 total squared error = 0.0135463, marker error: RMS = 0.0267014, max = 0.0405263 (RHeel)
[2024-10-09 18:14:05.243] [info] Frame 197 (t = 6.6):	 total squared error = 0.0143137, marker error: RMS = 0.0274473, max = 0.0421223 (RHeel)
[2024-10-09 18:14:05.291] [info] Frame 198 (t = 6.63333):	 total squared error = 0.0149785, marker error: RMS = 0.0280774, max = 0.0430900 (RHeel)
[2024-10-09 18:14:05.395] [info] Frame 199 (t = 6.66667):	 total squared error = 0.0153319, marker error: RMS = 0.0284067, max = 0.0432302 (RHeel)
[2024-10-09 18:14:05.471] [info] Frame 200 (t = 6.7):	 total squared error = 0.0153693, marker error: RMS = 0.0284413, max = 0.0423904 (RHeel)
[2024-10-09 18:14:05.551] [info] Frame 201 (t = 6.73333):	 total squared error = 0.0150744, marker error: RMS = 0.0281671, max = 0.0430302 (LShoulder)
[2024-10-09 18:14:05.634] [info] Frame 202 (t = 6.76667):	 total squared error = 0.0144735, marker error: RMS = 0.0276, max = 0.0428327 (LShoulder)
[2024-10-09 18:14:05.696] [info] Frame 203 (t = 6.8):	 total squared error = 0.0136809, marker error: RMS = 0.0268337, max = 0.0412313 (LShoulder)
[2024-10-09 18:14:05.798] [info] Frame 204 (t = 6.83333):	 total squared error = 0.0129056, marker error: RMS = 0.0260623, max = 0.0392103 (LShoulder)
[2024-10-09 18:14:05.870] [info] Frame 205 (t = 6.86667):	 total squared error = 0.0122927, marker error: RMS = 0.0254359, max = 0.0377715 (LAnkle)
[2024-10-09 18:14:05.906] [info] Frame 206 (t = 6.9):	 total squared error = 0.0119216, marker error: RMS = 0.0250490, max = 0.0375871 (LAnkle)
[2024-10-09 18:14:06.005] [info] Frame 207 (t = 6.93333):	 total squared error = 0.0117152, marker error: RMS = 0.0248312, max = 0.0376185 (LAnkle)
[2024-10-09 18:14:06.095] [info] Frame 208 (t = 6.96667):	 total squared error = 0.0117639, marker error: RMS = 0.0248828, max = 0.0380157 (LAnkle)
[2024-10-09 18:14:06.163] [info] Frame 209 (t = 7.0):	 total squared error = 0.0120100, marker error: RMS = 0.0251417, max = 0.0385733 (LAnkle)
[2024-10-09 18:14:06.303] [info] Frame 210 (t = 7.03333):	 total squared error = 0.0124013, marker error: RMS = 0.025548, max = 0.0392596 (LAnkle)
[2024-10-09 18:14:06.347] [info] Frame 211 (t = 7.06667):	 total squared error = 0.012894, marker error: RMS = 0.0260506, max = 0.0401278 (LAnkle)
[2024-10-09 18:14:06.435] [info] Frame 212 (t = 7.1):	 total squared error = 0.013348, marker error: RMS = 0.0265052, max = 0.0408591 (LAnkle)
[2024-10-09 18:14:06.474] [info] Frame 213 (t = 7.13333):	 total squared error = 0.0136943, marker error: RMS = 0.0268468, max = 0.0414543 (LAnkle)
[2024-10-09 18:14:06.547] [info] Frame 214 (t = 7.16667):	 total squared error = 0.0138274, marker error: RMS = 0.026977, max = 0.0415289 (LAnkle)
[2024-10-09 18:14:06.627] [info] Frame 215 (t = 7.2):	 total squared error = 0.0138005, marker error: RMS = 0.0269508, max = 0.0412283 (LAnkle)
[2024-10-09 18:14:06.666] [info] Frame 216 (t = 7.23333):	 total squared error = 0.0136508, marker error: RMS = 0.0268041, max = 0.0404140 (LAnkle)
[2024-10-09 18:14:06.710] [info] Frame 217 (t = 7.26667):	 total squared error = 0.0134372, marker error: RMS = 0.0265936, max = 0.0393804 (LAnkle)
[2024-10-09 18:14:06.787] [info] Frame 218 (t = 7.3):	 total squared error = 0.0132051, marker error: RMS = 0.0263629, max = 0.0384198 (LAnkle)
[2024-10-09 18:14:06.881] [info] Frame 219 (t = 7.33333):	 total squared error = 0.0130150, marker error: RMS = 0.0261725, max = 0.0377908 (LAnkle)
[2024-10-09 18:14:06.963] [info] Frame 220 (t = 7.36667):	 total squared error = 0.0129334, marker error: RMS = 0.0260904, max = 0.0379604 (RHeel)
[2024-10-09 18:14:07.014] [info] Frame 221 (t = 7.4):	 total squared error = 0.0130262, marker error: RMS = 0.0261838, max = 0.0390209 (RHeel)
[2024-10-09 18:14:07.108] [info] Frame 222 (t = 7.43333):	 total squared error = 0.0132357, marker error: RMS = 0.0263935, max = 0.0404004 (RHeel)
[2024-10-09 18:14:07.164] [info] Frame 223 (t = 7.46667):	 total squared error = 0.013462, marker error: RMS = 0.0266182, max = 0.0413149 (RHeel)
[2024-10-09 18:14:07.242] [info] Frame 224 (t = 7.5):	 total squared error = 0.0135947, marker error: RMS = 0.026749, max = 0.0416447 (RHeel)
[2024-10-09 18:14:07.313] [info] Frame 225 (t = 7.53333):	 total squared error = 0.0135896, marker error: RMS = 0.026744, max = 0.0410736 (RHeel)
[2024-10-09 18:14:07.405] [info] Frame 226 (t = 7.56667):	 total squared error = 0.0134059, marker error: RMS = 0.0265627, max = 0.0400835 (RHeel)
[2024-10-09 18:14:07.509] [info] Frame 227 (t = 7.6):	 total squared error = 0.0131104, marker error: RMS = 0.0262683, max = 0.0389304 (RHeel)
[2024-10-09 18:14:07.594] [info] Frame 228 (t = 7.63333):	 total squared error = 0.0128377, marker error: RMS = 0.0259936, max = 0.0381388 (RHeel)
[2024-10-09 18:14:07.676] [info] Frame 229 (t = 7.66667):	 total squared error = 0.0126981, marker error: RMS = 0.0258519, max = 0.0379228 (LShoulder)
[2024-10-09 18:14:07.720] [info] Frame 230 (t = 7.7):	 total squared error = 0.0127076, marker error: RMS = 0.0258616, max = 0.0390845 (LShoulder)
[2024-10-09 18:14:07.815] [info] Frame 231 (t = 7.73333):	 total squared error = 0.0127809, marker error: RMS = 0.0259361, max = 0.0406535 (LShoulder)
[2024-10-09 18:14:07.900] [info] Frame 232 (t = 7.76667):	 total squared error = 0.0128087, marker error: RMS = 0.0259642, max = 0.0419294 (LShoulder)
[2024-10-09 18:14:07.941] [info] Frame 233 (t = 7.8):	 total squared error = 0.012663, marker error: RMS = 0.0258161, max = 0.0421391 (LShoulder)
[2024-10-09 18:14:07.987] [info] Frame 234 (t = 7.83333):	 total squared error = 0.0123675, marker error: RMS = 0.0255131, max = 0.0411949 (LShoulder)
[2024-10-09 18:14:08.075] [info] Frame 235 (t = 7.86667):	 total squared error = 0.0120517, marker error: RMS = 0.0251853, max = 0.039482 (LShoulder)
[2024-10-09 18:14:08.177] [info] Frame 236 (t = 7.9):	 total squared error = 0.0119156, marker error: RMS = 0.0250427, max = 0.0384922 (LShoulder)
[2024-10-09 18:14:08.239] [info] Frame 237 (t = 7.93333):	 total squared error = 0.0119101, marker error: RMS = 0.0250369, max = 0.0380508 (LShoulder)
[2024-10-09 18:14:08.314] [info] Frame 238 (t = 7.96667):	 total squared error = 0.0119428, marker error: RMS = 0.0250713, max = 0.0377532 (LShoulder)
[2024-10-09 18:14:08.368] [info] Frame 239 (t = 8.0):	 total squared error = 0.0120558, marker error: RMS = 0.0251896, max = 0.037924 (RHeel)
[2024-10-09 18:14:08.455] [info] Frame 240 (t = 8.03333):	 total squared error = 0.0122269, marker error: RMS = 0.0253677, max = 0.0387818 (RHeel)
[2024-10-09 18:14:08.513] [info] Frame 241 (t = 8.06667):	 total squared error = 0.0125331, marker error: RMS = 0.0256834, max = 0.0399644 (RHeel)
[2024-10-09 18:14:08.614] [info] Frame 242 (t = 8.1):	 total squared error = 0.0128313, marker error: RMS = 0.0259871, max = 0.0404906 (RHeel)
[2024-10-09 18:14:08.687] [info] Frame 243 (t = 8.13333):	 total squared error = 0.0130416, marker error: RMS = 0.0261992, max = 0.0403893 (RHeel)
[2024-10-09 18:14:08.749] [info] Frame 244 (t = 8.16667):	 total squared error = 0.013159, marker error: RMS = 0.0263169, max = 0.0394411 (RHeel)
[2024-10-09 18:14:08.826] [info] Frame 245 (t = 8.2):	 total squared error = 0.0131918, marker error: RMS = 0.0263497, max = 0.0408995 (LShoulder)
[2024-10-09 18:14:08.871] [info] Frame 246 (t = 8.23333):	 total squared error = 0.0132445, marker error: RMS = 0.0264023, max = 0.0428743 (LShoulder)
[2024-10-09 18:14:08.928] [info] Frame 247 (t = 8.26667):	 total squared error = 0.0133934, marker error: RMS = 0.0265503, max = 0.0445553 (LShoulder)
[2024-10-09 18:14:09.004] [info] Frame 248 (t = 8.3):	 total squared error = 0.0136561, marker error: RMS = 0.0268094, max = 0.0462339 (LShoulder)
[2024-10-09 18:14:09.048] [info] Frame 249 (t = 8.33333):	 total squared error = 0.0140561, marker error: RMS = 0.0271992, max = 0.0477841 (LShoulder)
[2024-10-09 18:14:09.168] [info] Frame 250 (t = 8.36667):	 total squared error = 0.0144549, marker error: RMS = 0.0275823, max = 0.0486147 (LShoulder)
[2024-10-09 18:14:09.224] [info] Frame 251 (t = 8.4):	 total squared error = 0.0148463, marker error: RMS = 0.0279532, max = 0.0495458 (LShoulder)
[2024-10-09 18:14:09.315] [info] Frame 252 (t = 8.43333):	 total squared error = 0.015256, marker error: RMS = 0.0283363, max = 0.0502248 (LShoulder)
[2024-10-09 18:14:09.391] [info] Frame 253 (t = 8.46667):	 total squared error = 0.0157212, marker error: RMS = 0.0287651, max = 0.0516709 (LShoulder)
[2024-10-09 18:14:09.481] [info] Frame 254 (t = 8.5):	 total squared error = 0.0161338, marker error: RMS = 0.0291401, max = 0.0532428 (LShoulder)
[2024-10-09 18:14:09.567] [info] Frame 255 (t = 8.53333):	 total squared error = 0.0163506, marker error: RMS = 0.0293353, max = 0.0544679 (LShoulder)
[2024-10-09 18:14:09.636] [info] Frame 256 (t = 8.56667):	 total squared error = 0.0163080, marker error: RMS = 0.029297, max = 0.0548559 (LShoulder)
[2024-10-09 18:14:09.725] [info] Frame 257 (t = 8.6):	 total squared error = 0.0160302, marker error: RMS = 0.0290464, max = 0.0541683 (LShoulder)
[2024-10-09 18:14:09.819] [info] Frame 258 (t = 8.63333):	 total squared error = 0.0156002, marker error: RMS = 0.0286542, max = 0.0526718 (LShoulder)
[2024-10-09 18:14:09.889] [info] Frame 259 (t = 8.66667):	 total squared error = 0.0150914, marker error: RMS = 0.0281831, max = 0.0504413 (LShoulder)
[2024-10-09 18:14:09.939] [info] Frame 260 (t = 8.7):	 total squared error = 0.0145646, marker error: RMS = 0.0276868, max = 0.0480037 (LShoulder)
[2024-10-09 18:14:09.988] [info] Frame 261 (t = 8.73333):	 total squared error = 0.0140358, marker error: RMS = 0.0271795, max = 0.0457333 (LShoulder)
[2024-10-09 18:14:10.082] [info] Frame 262 (t = 8.76667):	 total squared error = 0.013497, marker error: RMS = 0.0266527, max = 0.0440759 (LShoulder)
[2024-10-09 18:14:10.100] [info] Frame 263 (t = 8.8):	 total squared error = 0.0131499, marker error: RMS = 0.0263078, max = 0.0414684 (LShoulder)
[2024-10-09 18:14:10.166] [info] Frame 264 (t = 8.83333):	 total squared error = 0.0128891, marker error: RMS = 0.0260456, max = 0.0396968 (LShoulder)
[2024-10-09 18:14:10.225] [info] Frame 265 (t = 8.86667):	 total squared error = 0.0128724, marker error: RMS = 0.0260288, max = 0.0384654 (RHeel)
[2024-10-09 18:14:10.333] [info] Frame 266 (t = 8.9):	 total squared error = 0.0129134, marker error: RMS = 0.0260702, max = 0.0390015 (RHeel)
[2024-10-09 18:14:10.395] [info] Frame 267 (t = 8.93333):	 total squared error = 0.0129902, marker error: RMS = 0.0261476, max = 0.0396288 (RHeel)
[2024-10-09 18:14:10.502] [info] Frame 268 (t = 8.96667):	 total squared error = 0.0130877, marker error: RMS = 0.0262455, max = 0.0403751 (RHeel)
[2024-10-09 18:14:10.607] [info] Frame 269 (t = 9.0):	 total squared error = 0.0131927, marker error: RMS = 0.0263506, max = 0.0409264 (RHeel)
[2024-10-09 18:14:10.685] [info] Frame 270 (t = 9.03333):	 total squared error = 0.0132409, marker error: RMS = 0.0263987, max = 0.0412598 (RHeel)
[2024-10-09 18:14:10.726] [info] Frame 271 (t = 9.06667):	 total squared error = 0.0131497, marker error: RMS = 0.0263076, max = 0.0412466 (RHeel)
[2024-10-09 18:14:10.827] [info] Frame 272 (t = 9.1):	 total squared error = 0.0128751, marker error: RMS = 0.0260315, max = 0.0410158 (RHeel)
[2024-10-09 18:14:10.914] [info] Frame 273 (t = 9.13333):	 total squared error = 0.0124599, marker error: RMS = 0.0256083, max = 0.0401258 (RHeel)
[2024-10-09 18:14:10.993] [info] Frame 274 (t = 9.16667):	 total squared error = 0.011991, marker error: RMS = 0.0251218, max = 0.0387136 (RHeel)
[2024-10-09 18:14:11.071] [info] Frame 275 (t = 9.2):	 total squared error = 0.0115817, marker error: RMS = 0.0246893, max = 0.0370365 (RHeel)
[2024-10-09 18:14:11.147] [info] Frame 276 (t = 9.23333):	 total squared error = 0.0113673, marker error: RMS = 0.0244597, max = 0.0355844 (RHeel)
[2024-10-09 18:14:11.219] [info] Frame 277 (t = 9.26667):	 total squared error = 0.0114204, marker error: RMS = 0.0245168, max = 0.0353927 (RHeel)
[2024-10-09 18:14:11.270] [info] Frame 278 (t = 9.3):	 total squared error = 0.0117746, marker error: RMS = 0.024894, max = 0.036615 (LShoulder)
[2024-10-09 18:14:11.300] [info] Frame 279 (t = 9.33333):	 total squared error = 0.0124727, marker error: RMS = 0.0256215, max = 0.0394912 (LShoulder)
[2024-10-09 18:14:11.375] [info] Frame 280 (t = 9.36667):	 total squared error = 0.0134354, marker error: RMS = 0.0265919, max = 0.0432243 (LShoulder)
[2024-10-09 18:14:11.453] [info] Frame 281 (t = 9.4):	 total squared error = 0.0147152, marker error: RMS = 0.0278295, max = 0.0475653 (LShoulder)
[2024-10-09 18:14:11.480] [info] Frame 282 (t = 9.43333):	 total squared error = 0.0160738, marker error: RMS = 0.0290859, max = 0.0516829 (LShoulder)
[2024-10-09 18:14:11.497] [info] Frame 283 (t = 9.46667):	 total squared error = 0.0171954, marker error: RMS = 0.0300836, max = 0.0546328 (LShoulder)
[2024-10-09 18:14:11.591] [info] Frame 284 (t = 9.5):	 total squared error = 0.0177329, marker error: RMS = 0.0305501, max = 0.0547873 (LShoulder)
[2024-10-09 18:14:11.679] [info] Frame 285 (t = 9.53333):	 total squared error = 0.0176878, marker error: RMS = 0.0305112, max = 0.0539659 (LShoulder)
[2024-10-09 18:14:11.698] [info] Frame 286 (t = 9.56667):	 total squared error = 0.0170372, marker error: RMS = 0.0299449, max = 0.0513428 (LShoulder)
[2024-10-09 18:14:11.776] [info] Frame 287 (t = 9.6):	 total squared error = 0.0160052, marker error: RMS = 0.0290238, max = 0.0476043 (LShoulder)
[2024-10-09 18:14:11.848] [info] Frame 288 (t = 9.63333):	 total squared error = 0.0149064, marker error: RMS = 0.0280098, max = 0.0431039 (LShoulder)
[2024-10-09 18:14:11.934] [info] Frame 289 (t = 9.66667):	 total squared error = 0.0139876, marker error: RMS = 0.0271328, max = 0.0395579 (LAnkle)
[2024-10-09 18:14:12.000] [info] Frame 290 (t = 9.7):	 total squared error = 0.0133547, marker error: RMS = 0.0265119, max = 0.0399717 (LAnkle)
[2024-10-09 18:14:12.048] [info] Frame 291 (t = 9.73333):	 total squared error = 0.0129784, marker error: RMS = 0.0261356, max = 0.0397082 (LAnkle)
[2024-10-09 18:14:12.127] [info] Frame 292 (t = 9.76667):	 total squared error = 0.0127447, marker error: RMS = 0.0258993, max = 0.0387656 (LAnkle)
[2024-10-09 18:14:12.145] [info] Frame 293 (t = 9.8):	 total squared error = 0.012615, marker error: RMS = 0.0257672, max = 0.0391958 (LShoulder)
[2024-10-09 18:14:12.174] [info] Frame 294 (t = 9.83333):	 total squared error = 0.012558, marker error: RMS = 0.0257089, max = 0.0413738 (LShoulder)
[2024-10-09 18:14:12.204] [info] Frame 295 (t = 9.86667):	 total squared error = 0.0124655, marker error: RMS = 0.025614, max = 0.0425070 (LShoulder)
[2024-10-09 18:14:12.247] [info] Frame 296 (t = 9.9):	 total squared error = 0.0122719, marker error: RMS = 0.0254144, max = 0.0423619 (LShoulder)
[2024-10-09 18:14:12.277] [info] Frame 297 (t = 9.93333):	 total squared error = 0.0121282, marker error: RMS = 0.0252651, max = 0.0412736 (LShoulder)
[2024-10-09 18:14:12.329] [info] Frame 298 (t = 9.96667):	 total squared error = 0.0120284, marker error: RMS = 0.0251609, max = 0.0404682 (LShoulder)
[2024-10-09 18:14:12.387] [info] Frame 299 (t = 10.0):	 total squared error = 0.0121087, marker error: RMS = 0.0252448, max = 0.0406881 (LShoulder)
[2024-10-09 18:14:12.447] [info] Frame 300 (t = 10.0333):	 total squared error = 0.0124521, marker error: RMS = 0.0256003, max = 0.0422909 (LShoulder)
[2024-10-09 18:14:12.495] [info] Frame 301 (t = 10.0667):	 total squared error = 0.012965, marker error: RMS = 0.0261222, max = 0.0446597 (LShoulder)
[2024-10-09 18:14:12.546] [info] Frame 302 (t = 10.1):	 total squared error = 0.0134419, marker error: RMS = 0.0265983, max = 0.0465267 (LShoulder)
[2024-10-09 18:14:12.611] [info] Frame 303 (t = 10.1333):	 total squared error = 0.0136849, marker error: RMS = 0.0268376, max = 0.0471412 (LShoulder)
[2024-10-09 18:14:12.698] [info] Frame 304 (t = 10.1667):	 total squared error = 0.0137517, marker error: RMS = 0.0269031, max = 0.0467851 (LShoulder)
[2024-10-09 18:14:12.748] [info] Frame 305 (t = 10.2):	 total squared error = 0.013816, marker error: RMS = 0.0269659, max = 0.0463001 (LShoulder)
[2024-10-09 18:14:12.827] [info] Frame 306 (t = 10.2333):	 total squared error = 0.0139518, marker error: RMS = 0.0270981, max = 0.0461401 (LShoulder)
[2024-10-09 18:14:12.874] [info] Frame 307 (t = 10.2667):	 total squared error = 0.0142279, marker error: RMS = 0.0273649, max = 0.0467113 (LShoulder)
[2024-10-09 18:14:12.961] [info] Frame 308 (t = 10.3):	 total squared error = 0.0145575, marker error: RMS = 0.02768, max = 0.0477159 (LShoulder)
[2024-10-09 18:14:13.004] [info] Frame 309 (t = 10.3333):	 total squared error = 0.0149909, marker error: RMS = 0.0280890, max = 0.049278 (LShoulder)
[2024-10-09 18:14:13.107] [info] Frame 310 (t = 10.3667):	 total squared error = 0.0153615, marker error: RMS = 0.0284341, max = 0.0500559 (LShoulder)
[2024-10-09 18:14:13.198] [info] Frame 311 (t = 10.4):	 total squared error = 0.0155526, marker error: RMS = 0.0286104, max = 0.0501831 (LShoulder)
[2024-10-09 18:14:13.304] [info] Frame 312 (t = 10.4333):	 total squared error = 0.0154493, marker error: RMS = 0.0285153, max = 0.0493577 (LShoulder)
[2024-10-09 18:14:13.399] [info] Frame 313 (t = 10.4667):	 total squared error = 0.0151537, marker error: RMS = 0.0282412, max = 0.0484237 (LShoulder)
[2024-10-09 18:14:13.452] [info] Frame 314 (t = 10.5):	 total squared error = 0.0148382, marker error: RMS = 0.0279456, max = 0.0477447 (LShoulder)
[2024-10-09 18:14:13.534] [info] Frame 315 (t = 10.5333):	 total squared error = 0.0145976, marker error: RMS = 0.0277181, max = 0.0478176 (LShoulder)
[2024-10-09 18:14:13.610] [info] Frame 316 (t = 10.5667):	 total squared error = 0.0145398, marker error: RMS = 0.0276632, max = 0.0485089 (LShoulder)
[2024-10-09 18:14:13.705] [info] Frame 317 (t = 10.6):	 total squared error = 0.0147416, marker error: RMS = 0.0278545, max = 0.0496469 (LShoulder)
[2024-10-09 18:14:13.739] [info] Frame 318 (t = 10.6333):	 total squared error = 0.0151524, marker error: RMS = 0.02824, max = 0.0513094 (LShoulder)
[2024-10-09 18:14:13.812] [info] Frame 319 (t = 10.6667):	 total squared error = 0.0155775, marker error: RMS = 0.0286333, max = 0.0524107 (LShoulder)
[2024-10-09 18:14:13.910] [info] Frame 320 (t = 10.7):	 total squared error = 0.0158021, marker error: RMS = 0.0288391, max = 0.0530855 (LShoulder)
[2024-10-09 18:14:13.998] [info] Frame 321 (t = 10.7333):	 total squared error = 0.0157169, marker error: RMS = 0.0287611, max = 0.053127 (LShoulder)
[2024-10-09 18:14:14.088] [info] Frame 322 (t = 10.7667):	 total squared error = 0.0153183, marker error: RMS = 0.0283941, max = 0.0525838 (LShoulder)
[2024-10-09 18:14:14.153] [info] Frame 323 (t = 10.8):	 total squared error = 0.0147369, marker error: RMS = 0.0278501, max = 0.0516787 (LShoulder)
[2024-10-09 18:14:14.198] [info] Frame 324 (t = 10.8333):	 total squared error = 0.0141886, marker error: RMS = 0.0273271, max = 0.0507838 (LShoulder)
[2024-10-09 18:14:14.299] [info] Frame 325 (t = 10.8667):	 total squared error = 0.0138134, marker error: RMS = 0.0269633, max = 0.0503417 (LShoulder)
[2024-10-09 18:14:14.357] [info] Frame 326 (t = 10.9):	 total squared error = 0.0136118, marker error: RMS = 0.0267659, max = 0.0500481 (LShoulder)
[2024-10-09 18:14:14.430] [info] Frame 327 (t = 10.9333):	 total squared error = 0.013526, marker error: RMS = 0.0266814, max = 0.0498797 (LShoulder)
[2024-10-09 18:14:14.528] [info] Frame 328 (t = 10.9667):	 total squared error = 0.0135711, marker error: RMS = 0.0267258, max = 0.0501222 (LShoulder)
[2024-10-09 18:14:14.593] [info] Frame 329 (t = 11.0):	 total squared error = 0.0137756, marker error: RMS = 0.0269264, max = 0.0511089 (LShoulder)
[2024-10-09 18:14:14.684] [info] Frame 330 (t = 11.0333):	 total squared error = 0.0140805, marker error: RMS = 0.0272227, max = 0.0522917 (LShoulder)
[2024-10-09 18:14:14.764] [info] Frame 331 (t = 11.0667):	 total squared error = 0.0143711, marker error: RMS = 0.0275022, max = 0.0533334 (LShoulder)
[2024-10-09 18:14:14.804] [info] Frame 332 (t = 11.1):	 total squared error = 0.0145597, marker error: RMS = 0.0276821, max = 0.0539431 (LShoulder)
[2024-10-09 18:14:14.878] [info] Frame 333 (t = 11.1333):	 total squared error = 0.0146397, marker error: RMS = 0.0277581, max = 0.0536948 (LShoulder)
[2024-10-09 18:14:14.944] [info] Frame 334 (t = 11.1667):	 total squared error = 0.0146517, marker error: RMS = 0.0277694, max = 0.053321 (LShoulder)
[2024-10-09 18:14:15.016] [info] Frame 335 (t = 11.2):	 total squared error = 0.0146474, marker error: RMS = 0.0277654, max = 0.0531225 (LShoulder)
[2024-10-09 18:14:15.118] [info] Frame 336 (t = 11.2333):	 total squared error = 0.0146339, marker error: RMS = 0.0277526, max = 0.0530891 (LShoulder)
[2024-10-09 18:14:15.210] [info] Frame 337 (t = 11.2667):	 total squared error = 0.0145844, marker error: RMS = 0.0277056, max = 0.0533315 (LShoulder)
[2024-10-09 18:14:15.286] [info] Frame 338 (t = 11.3):	 total squared error = 0.0145169, marker error: RMS = 0.0276414, max = 0.0536563 (LShoulder)
[2024-10-09 18:14:15.316] [info] Frame 339 (t = 11.3333):	 total squared error = 0.01451, marker error: RMS = 0.0276348, max = 0.0537104 (LShoulder)
[2024-10-09 18:14:15.366] [info] Frame 340 (t = 11.3667):	 total squared error = 0.0144568, marker error: RMS = 0.0275841, max = 0.0540492 (LShoulder)
[2024-10-09 18:14:15.406] [info] Frame 341 (t = 11.4):	 total squared error = 0.0143375, marker error: RMS = 0.0274701, max = 0.053943 (LShoulder)
[2024-10-09 18:14:15.479] [info] Frame 342 (t = 11.4333):	 total squared error = 0.0139443, marker error: RMS = 0.0270908, max = 0.053359 (LShoulder)
[2024-10-09 18:14:15.513] [info] Frame 343 (t = 11.4667):	 total squared error = 0.0132486, marker error: RMS = 0.0264063, max = 0.0526757 (LShoulder)
[2024-10-09 18:14:15.587] [info] Frame 344 (t = 11.5):	 total squared error = 0.0120288, marker error: RMS = 0.0251613, max = 0.0500261 (LShoulder)
[2024-10-09 18:14:15.661] [info] Frame 345 (t = 11.5333):	 total squared error = 0.0104730, marker error: RMS = 0.0234779, max = 0.0464174 (LShoulder)
[2024-10-09 18:14:15.717] [info] Frame 346 (t = 11.5667):	 total squared error = 0.00886992, marker error: RMS = 0.0216064, max = 0.0411329 (LShoulder)
[2024-10-09 18:14:15.744] [info] Frame 347 (t = 11.6):	 total squared error = 0.00772333, marker error: RMS = 0.0201616, max = 0.0377253 (Neck)
[2024-10-09 18:14:15.774] [info] Frame 348 (t = 11.6333):	 total squared error = 0.00723326, marker error: RMS = 0.0195115, max = 0.0404353 (Neck)
[2024-10-09 18:14:15.838] [info] Frame 349 (t = 11.6667):	 total squared error = 0.00725916, marker error: RMS = 0.0195464, max = 0.0437641 (Neck)
[2024-10-09 18:14:16.048] [info] Frame 350 (t = 11.7):	 total squared error = 0.00738784, marker error: RMS = 0.0197189, max = 0.0459602 (Neck)
[2024-10-09 18:14:16.131] [info] Frame 351 (t = 11.7333):	 total squared error = 0.00737614, marker error: RMS = 0.0197033, max = 0.0473777 (Neck)
[2024-10-09 18:14:16.203] [info] Frame 352 (t = 11.7667):	 total squared error = 0.00712139, marker error: RMS = 0.01936, max = 0.0472007 (Neck)
[2024-10-09 18:14:16.258] [info] Frame 353 (t = 11.8):	 total squared error = 0.00675482, marker error: RMS = 0.0188551, max = 0.0451842 (Neck)
[2024-10-09 18:14:16.304] [info] Frame 354 (t = 11.8333):	 total squared error = 0.00634830, marker error: RMS = 0.018279, max = 0.0412918 (Neck)
[2024-10-09 18:14:16.375] [info] Frame 355 (t = 11.8667):	 total squared error = 0.00595773, marker error: RMS = 0.0177078, max = 0.0358731 (Neck)
[2024-10-09 18:14:16.420] [info] Frame 356 (t = 11.9):	 total squared error = 0.00553935, marker error: RMS = 0.0170747, max = 0.0292014 (Neck)
[2024-10-09 18:14:16.479] [info] Frame 357 (t = 11.9333):	 total squared error = 0.00515650, marker error: RMS = 0.0164741, max = 0.028337 (LShoulder)
[2024-10-09 18:14:16.531] [info] Frame 358 (t = 11.9667):	 total squared error = 0.00487590, marker error: RMS = 0.0160196, max = 0.0293716 (LShoulder)
[2024-10-09 18:14:16.600] [info] Frame 359 (t = 12.0):	 total squared error = 0.00480065, marker error: RMS = 0.0158955, max = 0.0299913 (LShoulder)
[2024-10-09 18:14:16.661] [info] Frame 360 (t = 12.0333):	 total squared error = 0.00491879, marker error: RMS = 0.0160899, max = 0.0307062 (LShoulder)
[2024-10-09 18:14:16.725] [info] Frame 361 (t = 12.0667):	 total squared error = 0.00508356, marker error: RMS = 0.0163571, max = 0.0312006 (LShoulder)
[2024-10-09 18:14:16.763] [info] Frame 362 (t = 12.1):	 total squared error = 0.00510081, marker error: RMS = 0.0163849, max = 0.0309439 (LShoulder)
[2024-10-09 18:14:16.803] [info] Frame 363 (t = 12.1333):	 total squared error = 0.00495970, marker error: RMS = 0.0161566, max = 0.0293299 (LShoulder)
[2024-10-09 18:14:16.841] [info] Frame 364 (t = 12.1667):	 total squared error = 0.00482782, marker error: RMS = 0.0159404, max = 0.027781 (Neck)
[2024-10-09 18:14:16.923] [info] Frame 365 (t = 12.2):	 total squared error = 0.00483032, marker error: RMS = 0.0159445, max = 0.0304943 (Neck)
[2024-10-09 18:14:17.001] [info] Frame 366 (t = 12.2333):	 total squared error = 0.00509475, marker error: RMS = 0.0163751, max = 0.0324441 (Neck)
[2024-10-09 18:14:17.057] [info] Frame 367 (t = 12.2667):	 total squared error = 0.00556299, marker error: RMS = 0.0171111, max = 0.033863 (Neck)
[2024-10-09 18:14:17.100] [info] Frame 368 (t = 12.3):	 total squared error = 0.00619258, marker error: RMS = 0.0180534, max = 0.0347218 (Neck)
[2024-10-09 18:14:17.156] [info] Frame 369 (t = 12.3333):	 total squared error = 0.00698691, marker error: RMS = 0.0191763, max = 0.0349867 (Neck)
[2024-10-09 18:14:17.223] [info] Frame 370 (t = 12.3667):	 total squared error = 0.00789188, marker error: RMS = 0.0203804, max = 0.0344294 (Neck)
[2024-10-09 18:14:17.261] [info] Frame 371 (t = 12.4):	 total squared error = 0.00869285, marker error: RMS = 0.0213897, max = 0.0331898 (Neck)
[2024-10-09 18:14:17.376] [info] Frame 372 (t = 12.4333):	 total squared error = 0.00898525, marker error: RMS = 0.0217464, max = 0.0344792 (RShoulder)
[2024-10-09 18:14:17.433] [info] Frame 373 (t = 12.4667):	 total squared error = 0.00851739, marker error: RMS = 0.0211727, max = 0.0360622 (RShoulder)
[2024-10-09 18:14:17.497] [info] Frame 374 (t = 12.5):	 total squared error = 0.00770941, marker error: RMS = 0.0201434, max = 0.036587 (RShoulder)
[2024-10-09 18:14:17.559] [info] Frame 375 (t = 12.5333):	 total squared error = 0.00726706, marker error: RMS = 0.019557, max = 0.0364718 (RShoulder)
[2024-10-09 18:14:17.645] [info] Frame 376 (t = 12.5667):	 total squared error = 0.00728768, marker error: RMS = 0.0195847, max = 0.0361756 (RShoulder)
[2024-10-09 18:14:17.689] [info] Frame 377 (t = 12.6):	 total squared error = 0.00738418, marker error: RMS = 0.019714, max = 0.0361442 (LShoulder)
[2024-10-09 18:14:17.736] [info] Frame 378 (t = 12.6333):	 total squared error = 0.00723528, marker error: RMS = 0.0195142, max = 0.0352598 (LShoulder)
[2024-10-09 18:14:17.804] [info] Frame 379 (t = 12.6667):	 total squared error = 0.00676107, marker error: RMS = 0.0188639, max = 0.0353564 (RKnee)
[2024-10-09 18:14:17.870] [info] Frame 380 (t = 12.7):	 total squared error = 0.00632313, marker error: RMS = 0.0182427, max = 0.034647 (RKnee)
[2024-10-09 18:14:17.942] [info] Frame 381 (t = 12.7333):	 total squared error = 0.00599912, marker error: RMS = 0.0177692, max = 0.0321178 (RKnee)
[2024-10-09 18:14:17.992] [info] Frame 382 (t = 12.7667):	 total squared error = 0.00579735, marker error: RMS = 0.0174678, max = 0.0309314 (LShoulder)
[2024-10-09 18:14:18.042] [info] Frame 383 (t = 12.8):	 total squared error = 0.00573217, marker error: RMS = 0.0173693, max = 0.0314116 (RShoulder)
[2024-10-09 18:14:18.098] [info] Frame 384 (t = 12.8333):	 total squared error = 0.00579467, marker error: RMS = 0.0174638, max = 0.0319361 (RShoulder)
[2024-10-09 18:14:18.151] [info] Frame 385 (t = 12.8667):	 total squared error = 0.00598959, marker error: RMS = 0.017755, max = 0.0318339 (RShoulder)
[2024-10-09 18:14:18.241] [info] Frame 386 (t = 12.9):	 total squared error = 0.00617932, marker error: RMS = 0.0180341, max = 0.0310699 (RShoulder)
[2024-10-09 18:14:18.301] [info] Frame 387 (t = 12.9333):	 total squared error = 0.00611231, marker error: RMS = 0.017936, max = 0.0306348 (RShoulder)
[2024-10-09 18:14:18.352] [info] Frame 388 (t = 12.9667):	 total squared error = 0.00576185, marker error: RMS = 0.0174142, max = 0.0307783 (RShoulder)
[2024-10-09 18:14:18.442] [info] Frame 389 (t = 13.0):	 total squared error = 0.00535869, marker error: RMS = 0.0167939, max = 0.0308986 (RShoulder)
[2024-10-09 18:14:18.511] [info] Frame 390 (t = 13.0333):	 total squared error = 0.00506704, marker error: RMS = 0.0163305, max = 0.0314477 (RShoulder)
[2024-10-09 18:14:18.559] [info] Frame 391 (t = 13.0667):	 total squared error = 0.00495861, marker error: RMS = 0.0161549, max = 0.0316494 (RShoulder)
[2024-10-09 18:14:18.634] [info] Frame 392 (t = 13.1):	 total squared error = 0.00495074, marker error: RMS = 0.016142, max = 0.0313505 (RShoulder)
[2024-10-09 18:14:18.702] [info] Frame 393 (t = 13.1333):	 total squared error = 0.00497302, marker error: RMS = 0.0161783, max = 0.0307155 (RShoulder)
[2024-10-09 18:14:18.745] [info] Frame 394 (t = 13.1667):	 total squared error = 0.00494653, marker error: RMS = 0.0161352, max = 0.0296461 (RShoulder)
[2024-10-09 18:14:18.813] [info] Frame 395 (t = 13.2):	 total squared error = 0.00488204, marker error: RMS = 0.0160296, max = 0.0285831 (RShoulder)
[2024-10-09 18:14:18.871] [info] Frame 396 (t = 13.2333):	 total squared error = 0.00487293, marker error: RMS = 0.0160147, max = 0.0279052 (RShoulder)
[2024-10-09 18:14:18.922] [info] Frame 397 (t = 13.2667):	 total squared error = 0.00491228, marker error: RMS = 0.0160792, max = 0.0280185 (RShoulder)
[2024-10-09 18:14:18.972] [info] Frame 398 (t = 13.3):	 total squared error = 0.00493118, marker error: RMS = 0.0161101, max = 0.0284871 (RShoulder)
[2024-10-09 18:14:19.029] [info] Frame 399 (t = 13.3333):	 total squared error = 0.00493592, marker error: RMS = 0.0161179, max = 0.0291238 (RShoulder)
[2024-10-09 18:14:19.088] [info] Frame 400 (t = 13.3667):	 total squared error = 0.00502956, marker error: RMS = 0.01627, max = 0.0294781 (RShoulder)
[2024-10-09 18:14:19.147] [info] Frame 401 (t = 13.4):	 total squared error = 0.00511255, marker error: RMS = 0.0164037, max = 0.0309703 (LKnee)
[2024-10-09 18:14:19.205] [info] Frame 402 (t = 13.4333):	 total squared error = 0.00514383, marker error: RMS = 0.0164538, max = 0.0317373 (LKnee)
[2024-10-09 18:14:19.261] [info] Frame 403 (t = 13.4667):	 total squared error = 0.00525610, marker error: RMS = 0.0166324, max = 0.0320172 (LKnee)
[2024-10-09 18:14:19.326] [info] Frame 404 (t = 13.5):	 total squared error = 0.00559615, marker error: RMS = 0.017162, max = 0.0321232 (LKnee)
[2024-10-09 18:14:19.398] [info] Frame 405 (t = 13.5333):	 total squared error = 0.00615694, marker error: RMS = 0.0180014, max = 0.0318542 (LKnee)
[2024-10-09 18:14:19.455] [info] Frame 406 (t = 13.5667):	 total squared error = 0.00679196, marker error: RMS = 0.0189069, max = 0.0310918 (LKnee)
[2024-10-09 18:14:19.522] [info] Frame 407 (t = 13.6):	 total squared error = 0.00716421, marker error: RMS = 0.0194181, max = 0.0307278 (RKnee)
[2024-10-09 18:14:19.591] [info] Frame 408 (t = 13.6333):	 total squared error = 0.00699549, marker error: RMS = 0.0191881, max = 0.0320167 (RKnee)
[2024-10-09 18:14:19.638] [info] Frame 409 (t = 13.6667):	 total squared error = 0.00647878, marker error: RMS = 0.0184659, max = 0.0319491 (RKnee)
[2024-10-09 18:14:19.679] [info] Frame 410 (t = 13.7):	 total squared error = 0.00585967, marker error: RMS = 0.0175614, max = 0.0307347 (RKnee)
[2024-10-09 18:14:19.762] [info] Frame 411 (t = 13.7333):	 total squared error = 0.00514359, marker error: RMS = 0.0164534, max = 0.0286413 (RKnee)
[2024-10-09 18:14:19.836] [info] Frame 412 (t = 13.7667):	 total squared error = 0.00434391, marker error: RMS = 0.0151204, max = 0.0255218 (RKnee)
[2024-10-09 18:14:19.903] [info] Frame 413 (t = 13.8):	 total squared error = 0.00364866, marker error: RMS = 0.0138577, max = 0.0243094 (LShoulder)
[2024-10-09 18:14:19.953] [info] Frame 414 (t = 13.8333):	 total squared error = 0.00330898, marker error: RMS = 0.0131969, max = 0.0242125 (LShoulder)
[2024-10-09 18:14:20.027] [info] Frame 415 (t = 13.8667):	 total squared error = 0.00334130, marker error: RMS = 0.0132611, max = 0.0240432 (LShoulder)
[2024-10-09 18:14:20.101] [info] Frame 416 (t = 13.9):	 total squared error = 0.00359450, marker error: RMS = 0.0137544, max = 0.0238244 (LShoulder)
[2024-10-09 18:14:20.172] [info] Frame 417 (t = 13.9333):	 total squared error = 0.00394225, marker error: RMS = 0.0144044, max = 0.0234541 (LShoulder)
[2024-10-09 18:14:20.222] [info] Frame 418 (t = 13.9667):	 total squared error = 0.00433805, marker error: RMS = 0.0151102, max = 0.0244141 (LHeel)
[2024-10-09 18:14:20.269] [info] Frame 419 (t = 14.0):	 total squared error = 0.00465221, marker error: RMS = 0.0156478, max = 0.025472 (RKnee)
[2024-10-09 18:14:20.330] [info] Frame 420 (t = 14.0333):	 total squared error = 0.00491403, marker error: RMS = 0.0160821, max = 0.0282493 (RKnee)
[2024-10-09 18:14:20.415] [info] Frame 421 (t = 14.0667):	 total squared error = 0.00525180, marker error: RMS = 0.0166256, max = 0.0311994 (RKnee)
[2024-10-09 18:14:20.481] [info] Frame 422 (t = 14.1):	 total squared error = 0.00568794, marker error: RMS = 0.0173022, max = 0.034414 (RKnee)
[2024-10-09 18:14:20.540] [info] Frame 423 (t = 14.1333):	 total squared error = 0.00640478, marker error: RMS = 0.0183601, max = 0.0373743 (RKnee)
[2024-10-09 18:14:20.582] [info] Frame 424 (t = 14.1667):	 total squared error = 0.00728440, marker error: RMS = 0.0195803, max = 0.0388912 (RKnee)
[2024-10-09 18:14:20.656] [info] Frame 425 (t = 14.2):	 total squared error = 0.00741262, marker error: RMS = 0.0197519, max = 0.0375294 (RKnee)
[2024-10-09 18:14:20.753] [info] Frame 426 (t = 14.2333):	 total squared error = 0.00645432, marker error: RMS = 0.018431, max = 0.0342049 (RKnee)
[2024-10-09 18:14:20.843] [info] Frame 427 (t = 14.2667):	 total squared error = 0.00540335, marker error: RMS = 0.0168638, max = 0.0309039 (RKnee)
[2024-10-09 18:14:20.896] [info] Frame 428 (t = 14.3):	 total squared error = 0.00489396, marker error: RMS = 0.0160492, max = 0.0271751 (RKnee)
[2024-10-09 18:14:20.961] [info] Frame 429 (t = 14.3333):	 total squared error = 0.00484649, marker error: RMS = 0.0159712, max = 0.0270527 (LHeel)
[2024-10-09 18:14:21.009] [info] Frame 430 (t = 14.3667):	 total squared error = 0.00502797, marker error: RMS = 0.0162675, max = 0.0274939 (LHeel)
[2024-10-09 18:14:21.047] [info] Frame 431 (t = 14.4):	 total squared error = 0.00520194, marker error: RMS = 0.0165465, max = 0.0276129 (RHeel)
[2024-10-09 18:14:21.100] [info] Frame 432 (t = 14.4333):	 total squared error = 0.00524195, marker error: RMS = 0.01661, max = 0.0284004 (RHeel)
[2024-10-09 18:14:21.168] [info] Frame 433 (t = 14.4667):	 total squared error = 0.00513396, marker error: RMS = 0.016438, max = 0.0283767 (RHeel)
[2024-10-09 18:14:21.238] [info] Frame 434 (t = 14.5):	 total squared error = 0.00497323, marker error: RMS = 0.0161787, max = 0.027733 (RHeel)
[2024-10-09 18:14:21.299] [info] Frame 435 (t = 14.5333):	 total squared error = 0.00487104, marker error: RMS = 0.0160116, max = 0.0278279 (LKnee)
[2024-10-09 18:14:21.358] [info] Frame 436 (t = 14.5667):	 total squared error = 0.00476131, marker error: RMS = 0.0158302, max = 0.0305708 (LKnee)
[2024-10-09 18:14:21.414] [info] Frame 437 (t = 14.6):	 total squared error = 0.00453086, marker error: RMS = 0.0154424, max = 0.0317638 (LKnee)
[2024-10-09 18:14:21.475] [info] Frame 438 (t = 14.6333):	 total squared error = 0.00440440, marker error: RMS = 0.0152253, max = 0.0312405 (LKnee)
[2024-10-09 18:14:21.545] [info] Frame 439 (t = 14.6667):	 total squared error = 0.00452642, marker error: RMS = 0.0154348, max = 0.0293911 (LKnee)
[2024-10-09 18:14:21.585] [info] Frame 440 (t = 14.7):	 total squared error = 0.00465904, marker error: RMS = 0.0156593, max = 0.0274926 (LKnee)
[2024-10-09 18:14:21.647] [info] Frame 441 (t = 14.7333):	 total squared error = 0.00472469, marker error: RMS = 0.0157692, max = 0.0274699 (LKnee)
[2024-10-09 18:14:21.712] [info] Frame 442 (t = 14.7667):	 total squared error = 0.00511766, marker error: RMS = 0.0164119, max = 0.0318305 (LKnee)
[2024-10-09 18:14:21.783] [info] Frame 443 (t = 14.8):	 total squared error = 0.00619637, marker error: RMS = 0.0180589, max = 0.0401234 (LKnee)
[2024-10-09 18:14:21.844] [info] Frame 444 (t = 14.8333):	 total squared error = 0.00749626, marker error: RMS = 0.019863, max = 0.0472525 (LKnee)
[2024-10-09 18:14:21.905] [info] Frame 445 (t = 14.8667):	 total squared error = 0.00810188, marker error: RMS = 0.0206498, max = 0.0482801 (LKnee)
[2024-10-09 18:14:21.997] [info] Frame 446 (t = 14.9):	 total squared error = 0.00770557, marker error: RMS = 0.0201384, max = 0.0420343 (LKnee)
[2024-10-09 18:14:22.055] [info] Frame 447 (t = 14.9333):	 total squared error = 0.00682365, marker error: RMS = 0.018951, max = 0.0359651 (LHeel)
[2024-10-09 18:14:22.107] [info] Frame 448 (t = 14.9667):	 total squared error = 0.00613992, marker error: RMS = 0.0179765, max = 0.0318723 (LHeel)
[2024-10-09 18:14:22.244] [info] Frame 449 (t = 15.0):	 total squared error = 0.00573125, marker error: RMS = 0.0173679, max = 0.0271582 (LShoulder)
[2024-10-09 18:14:22.288] [info] Frame 450 (t = 15.0333):	 total squared error = 0.00534903, marker error: RMS = 0.0167788, max = 0.0269845 (LShoulder)
[2024-10-09 18:14:22.353] [info] Frame 451 (t = 15.0667):	 total squared error = 0.00491529, marker error: RMS = 0.0160841, max = 0.0257345 (LShoulder)
[2024-10-09 18:14:22.416] [info] Frame 452 (t = 15.1):	 total squared error = 0.00484023, marker error: RMS = 0.0159609, max = 0.0246431 (LHeel)
[2024-10-09 18:14:22.483] [info] Frame 453 (t = 15.1333):	 total squared error = 0.00540293, marker error: RMS = 0.0168631, max = 0.0289797 (LHeel)
[2024-10-09 18:14:22.561] [info] Frame 454 (t = 15.1667):	 total squared error = 0.00636717, marker error: RMS = 0.0183061, max = 0.0323036 (LHeel)
[2024-10-09 18:14:22.632] [info] Frame 455 (t = 15.2):	 total squared error = 0.00722756, marker error: RMS = 0.0195038, max = 0.0332606 (RKnee)
[2024-10-09 18:14:22.685] [info] Frame 456 (t = 15.2333):	 total squared error = 0.00780618, marker error: RMS = 0.0202695, max = 0.0349102 (Neck)
[2024-10-09 18:14:22.763] [info] Frame 457 (t = 15.2667):	 total squared error = 0.00818239, marker error: RMS = 0.0207522, max = 0.0388429 (Neck)
[2024-10-09 18:14:22.828] [info] Frame 458 (t = 15.3):	 total squared error = 0.00843615, marker error: RMS = 0.0210715, max = 0.0415662 (Neck)
[2024-10-09 18:14:22.920] [info] Frame 459 (t = 15.3333):	 total squared error = 0.00870711, marker error: RMS = 0.0214072, max = 0.0429304 (Neck)
[2024-10-09 18:14:22.996] [info] Frame 460 (t = 15.3667):	 total squared error = 0.00906107, marker error: RMS = 0.021838, max = 0.0426959 (Neck)
[2024-10-09 18:14:23.095] [info] Frame 461 (t = 15.4):	 total squared error = 0.00940387, marker error: RMS = 0.0222473, max = 0.0407764 (Neck)
[2024-10-09 18:14:23.143] [info] Frame 462 (t = 15.4333):	 total squared error = 0.00976527, marker error: RMS = 0.0226707, max = 0.0397136 (RBigToe)
[2024-10-09 18:14:23.221] [info] Frame 463 (t = 15.4667):	 total squared error = 0.0100097, marker error: RMS = 0.0229527, max = 0.0446408 (RBigToe)
[2024-10-09 18:14:23.300] [info] Frame 464 (t = 15.5):	 total squared error = 0.00966582, marker error: RMS = 0.022555, max = 0.0443273 (RBigToe)
[2024-10-09 18:14:23.362] [info] Frame 465 (t = 15.5333):	 total squared error = 0.00827001, marker error: RMS = 0.0208630, max = 0.0361149 (RBigToe)
[2024-10-09 18:14:23.443] [info] Frame 466 (t = 15.5667):	 total squared error = 0.00662441, marker error: RMS = 0.0186723, max = 0.0282194 (LHeel)
[2024-10-09 18:14:23.515] [info] Frame 467 (t = 15.6):	 total squared error = 0.00613083, marker error: RMS = 0.0179632, max = 0.0291571 (LBigToe)
[2024-10-09 18:14:23.580] [info] Frame 468 (t = 15.6333):	 total squared error = 0.00709323, marker error: RMS = 0.0193217, max = 0.0307617 (LBigToe)
[2024-10-09 18:14:23.704] [info] Frame 469 (t = 15.6667):	 total squared error = 0.00842341, marker error: RMS = 0.0210556, max = 0.0322676 (LWrist)
[2024-10-09 18:14:23.775] [info] Frame 470 (t = 15.7):	 total squared error = 0.00918063, marker error: RMS = 0.0219816, max = 0.0363428 (LWrist)
[2024-10-09 18:14:23.850] [info] Frame 471 (t = 15.7333):	 total squared error = 0.00922532, marker error: RMS = 0.0220350, max = 0.0397118 (Neck)
[2024-10-09 18:14:23.912] [info] Frame 472 (t = 15.7667):	 total squared error = 0.00914226, marker error: RMS = 0.0219356, max = 0.0428624 (Neck)
[2024-10-09 18:14:23.957] [info] Frame 473 (t = 15.8):	 total squared error = 0.00937738, marker error: RMS = 0.0222159, max = 0.0436059 (Neck)
[2024-10-09 18:14:24.016] [info] Frame 474 (t = 15.8333):	 total squared error = 0.00986942, marker error: RMS = 0.0227913, max = 0.0457801 (LKnee)
[2024-10-09 18:14:24.059] [info] Frame 475 (t = 15.8667):	 total squared error = 0.0104265, marker error: RMS = 0.0234257, max = 0.0469668 (LKnee)
[2024-10-09 18:14:24.124] [info] Frame 476 (t = 15.9):	 total squared error = 0.0108412, marker error: RMS = 0.023887, max = 0.0470957 (LKnee)
[2024-10-09 18:14:24.179] [info] Frame 477 (t = 15.9333):	 total squared error = 0.0109102, marker error: RMS = 0.0239629, max = 0.0477745 (LKnee)
[2024-10-09 18:14:24.243] [info] Frame 478 (t = 15.9667):	 total squared error = 0.0108279, marker error: RMS = 0.0238723, max = 0.0495429 (LKnee)
[2024-10-09 18:14:24.399] [info] Frame 479 (t = 16.0):	 total squared error = 0.0112053, marker error: RMS = 0.0242848, max = 0.0520402 (LKnee)
[2024-10-09 18:14:24.477] [info] Frame 480 (t = 16.0333):	 total squared error = 0.0126415, marker error: RMS = 0.0257942, max = 0.0534083 (LKnee)
[2024-10-09 18:14:24.567] [info] Frame 481 (t = 16.0667):	 total squared error = 0.0150789, marker error: RMS = 0.0281713, max = 0.0512687 (LKnee)
[2024-10-09 18:14:24.624] [info] Frame 482 (t = 16.1):	 total squared error = 0.017498, marker error: RMS = 0.0303471, max = 0.0555488 (LHeel)
[2024-10-09 18:14:24.667] [info] Frame 483 (t = 16.1333):	 total squared error = 0.0186799, marker error: RMS = 0.0313553, max = 0.0600297 (LAnkle)
[2024-10-09 18:14:24.747] [info] Frame 484 (t = 16.1667):	 total squared error = 0.0178744, marker error: RMS = 0.0306717, max = 0.0615493 (LAnkle)
[2024-10-09 18:14:24.792] [info] Frame 485 (t = 16.2):	 total squared error = 0.0159351, marker error: RMS = 0.0289602, max = 0.0592408 (LAnkle)
[2024-10-09 18:14:24.832] [info] Frame 486 (t = 16.2333):	 total squared error = 0.0141226, marker error: RMS = 0.0272634, max = 0.0568377 (LAnkle)
[2024-10-09 18:14:24.916] [info] Frame 487 (t = 16.2667):	 total squared error = 0.012731, marker error: RMS = 0.0258854, max = 0.0549053 (LAnkle)
[2024-10-09 18:14:25.006] [info] Frame 488 (t = 16.3):	 total squared error = 0.0118017, marker error: RMS = 0.0249227, max = 0.053811 (LAnkle)
[2024-10-09 18:14:25.050] [info] Frame 489 (t = 16.3333):	 total squared error = 0.0111944, marker error: RMS = 0.0242731, max = 0.0534452 (LAnkle)
[2024-10-09 18:14:25.131] [info] Frame 490 (t = 16.3667):	 total squared error = 0.0109332, marker error: RMS = 0.0239881, max = 0.0536628 (LAnkle)
[2024-10-09 18:14:25.178] [info] Frame 491 (t = 16.4):	 total squared error = 0.0109746, marker error: RMS = 0.0240335, max = 0.0540819 (LAnkle)
[2024-10-09 18:14:25.240] [info] Frame 492 (t = 16.4333):	 total squared error = 0.011219, marker error: RMS = 0.0242997, max = 0.054728 (LAnkle)
[2024-10-09 18:14:25.277] [info] Frame 493 (t = 16.4667):	 total squared error = 0.0116463, marker error: RMS = 0.0247581, max = 0.0554959 (LAnkle)
[2024-10-09 18:14:25.339] [info] Frame 494 (t = 16.5):	 total squared error = 0.012229, marker error: RMS = 0.0253699, max = 0.0562087 (LAnkle)
[2024-10-09 18:14:25.374] [info] Frame 495 (t = 16.5333):	 total squared error = 0.0130576, marker error: RMS = 0.0262153, max = 0.0563349 (LAnkle)
[2024-10-09 18:14:25.417] [info] Frame 496 (t = 16.5667):	 total squared error = 0.0141524, marker error: RMS = 0.0272922, max = 0.0549229 (LAnkle)
[2024-10-09 18:14:25.459] [info] Frame 497 (t = 16.6):	 total squared error = 0.0151739, marker error: RMS = 0.02826, max = 0.0514935 (LAnkle)
[2024-10-09 18:14:25.517] [info] Frame 498 (t = 16.6333):	 total squared error = 0.0154948, marker error: RMS = 0.0285572, max = 0.0519883 (LSmallToe)
[2024-10-09 18:14:25.590] [info] Frame 499 (t = 16.6667):	 total squared error = 0.014682, marker error: RMS = 0.0277981, max = 0.0528046 (LSmallToe)
[2024-10-09 18:14:25.662] [info] Frame 500 (t = 16.7):	 total squared error = 0.0130632, marker error: RMS = 0.0262209, max = 0.0494015 (LSmallToe)
[2024-10-09 18:14:25.734] [info] Frame 501 (t = 16.7333):	 total squared error = 0.0114947, marker error: RMS = 0.0245964, max = 0.0423696 (LSmallToe)
[2024-10-09 18:14:25.771] [info] Frame 502 (t = 16.7667):	 total squared error = 0.0106254, marker error: RMS = 0.023648, max = 0.0383578 (Neck)
[2024-10-09 18:14:25.833] [info] Frame 503 (t = 16.8):	 total squared error = 0.0105387, marker error: RMS = 0.0235514, max = 0.0385008 (Neck)
[2024-10-09 18:14:25.904] [info] Frame 504 (t = 16.8333):	 total squared error = 0.0111428, marker error: RMS = 0.024217, max = 0.0385735 (Neck)
[2024-10-09 18:14:25.940] [info] Frame 505 (t = 16.8667):	 total squared error = 0.0123382, marker error: RMS = 0.025483, max = 0.0449687 (LSmallToe)
[2024-10-09 18:14:25.973] [info] Frame 506 (t = 16.9):	 total squared error = 0.0137876, marker error: RMS = 0.0269382, max = 0.0545371 (LSmallToe)
[2024-10-09 18:14:26.005] [info] Frame 507 (t = 16.9333):	 total squared error = 0.0149864, marker error: RMS = 0.0280848, max = 0.0618743 (LSmallToe)
[2024-10-09 18:14:26.025] [info] Frame 508 (t = 16.9667):	 total squared error = 0.0156442, marker error: RMS = 0.0286946, max = 0.0666132 (LSmallToe)
[2024-10-09 18:14:26.061] [info] Frame 509 (t = 17.0):	 total squared error = 0.0157307, marker error: RMS = 0.0287738, max = 0.0673171 (LSmallToe)
[2024-10-09 18:14:26.089] [info] Frame 510 (t = 17.0333):	 total squared error = 0.0155708, marker error: RMS = 0.0286272, max = 0.0670362 (LSmallToe)
[2024-10-09 18:14:26.143] [info] Frame 511 (t = 17.0667):	 total squared error = 0.0153877, marker error: RMS = 0.0284583, max = 0.0660968 (LSmallToe)
[2024-10-09 18:14:26.196] [info] Frame 512 (t = 17.1):	 total squared error = 0.0153001, marker error: RMS = 0.0283772, max = 0.0650523 (LSmallToe)
[2024-10-09 18:14:26.278] [info] Frame 513 (t = 17.1333):	 total squared error = 0.0153023, marker error: RMS = 0.0283793, max = 0.0646324 (LSmallToe)
[2024-10-09 18:14:26.334] [info] Frame 514 (t = 17.1667):	 total squared error = 0.0153936, marker error: RMS = 0.0284639, max = 0.0644075 (LSmallToe)
[2024-10-09 18:14:26.382] [info] Frame 515 (t = 17.2):	 total squared error = 0.0154771, marker error: RMS = 0.0285409, max = 0.0645331 (LSmallToe)
[2024-10-09 18:14:26.434] [info] Frame 516 (t = 17.2333):	 total squared error = 0.0155204, marker error: RMS = 0.0285808, max = 0.0648274 (LSmallToe)
[2024-10-09 18:14:26.485] [info] Frame 517 (t = 17.2667):	 total squared error = 0.0154796, marker error: RMS = 0.0285433, max = 0.0653111 (LSmallToe)
[2024-10-09 18:14:26.522] [info] Frame 518 (t = 17.3):	 total squared error = 0.0153997, marker error: RMS = 0.0284695, max = 0.0655175 (LSmallToe)
[2024-10-09 18:14:26.578] [info] Frame 519 (t = 17.3333):	 total squared error = 0.0152492, marker error: RMS = 0.02833, max = 0.066256 (LSmallToe)
[2024-10-09 18:14:26.644] [info] Frame 520 (t = 17.3667):	 total squared error = 0.0151621, marker error: RMS = 0.028249, max = 0.066573 (LSmallToe)
[2024-10-09 18:14:26.691] [info] Frame 521 (t = 17.4):	 total squared error = 0.0151759, marker error: RMS = 0.0282618, max = 0.0671451 (LSmallToe)
[2024-10-09 18:14:26.734] [info] Frame 522 (t = 17.4333):	 total squared error = 0.0152589, marker error: RMS = 0.0283391, max = 0.0678329 (LSmallToe)
[2024-10-09 18:14:26.821] [info] Frame 523 (t = 17.4667):	 total squared error = 0.0153592, marker error: RMS = 0.028432, max = 0.0688671 (LSmallToe)
[2024-10-09 18:14:26.874] [info] Frame 524 (t = 17.5):	 total squared error = 0.0154644, marker error: RMS = 0.0285292, max = 0.0699587 (LSmallToe)
[2024-10-09 18:14:26.992] [info] Frame 525 (t = 17.5333):	 total squared error = 0.0155386, marker error: RMS = 0.0285976, max = 0.0708849 (LSmallToe)
[2024-10-09 18:14:27.098] [info] Frame 526 (t = 17.5667):	 total squared error = 0.0156523, marker error: RMS = 0.0287020, max = 0.0713948 (LSmallToe)
[2024-10-09 18:14:27.214] [info] Frame 527 (t = 17.6):	 total squared error = 0.0158277, marker error: RMS = 0.0288624, max = 0.0715184 (LSmallToe)
[2024-10-09 18:14:27.252] [info] Frame 528 (t = 17.6333):	 total squared error = 0.0160470, marker error: RMS = 0.0290616, max = 0.0713445 (LSmallToe)
[2024-10-09 18:14:27.364] [info] Frame 529 (t = 17.6667):	 total squared error = 0.0162477, marker error: RMS = 0.0292428, max = 0.0714122 (LSmallToe)
[2024-10-09 18:14:27.408] [info] Frame 530 (t = 17.7):	 total squared error = 0.0163767, marker error: RMS = 0.0293587, max = 0.0714784 (LSmallToe)
[2024-10-09 18:14:27.484] [info] Frame 531 (t = 17.7333):	 total squared error = 0.0163622, marker error: RMS = 0.0293457, max = 0.071375 (LSmallToe)
[2024-10-09 18:14:27.544] [info] Frame 532 (t = 17.7667):	 total squared error = 0.0162151, marker error: RMS = 0.0292134, max = 0.0709895 (LSmallToe)
[2024-10-09 18:14:27.626] [info] Frame 533 (t = 17.8):	 total squared error = 0.0159786, marker error: RMS = 0.0289996, max = 0.0702643 (LSmallToe)
[2024-10-09 18:14:27.717] [info] Frame 534 (t = 17.8333):	 total squared error = 0.0157229, marker error: RMS = 0.0287667, max = 0.0695818 (LSmallToe)
[2024-10-09 18:14:27.823] [info] Frame 535 (t = 17.8667):	 total squared error = 0.0155346, marker error: RMS = 0.0285939, max = 0.0692604 (LSmallToe)
[2024-10-09 18:14:27.916] [info] Frame 536 (t = 17.9):	 total squared error = 0.0154392, marker error: RMS = 0.0285059, max = 0.069499 (LSmallToe)
[2024-10-09 18:14:27.970] [info] Frame 537 (t = 17.9333):	 total squared error = 0.0154469, marker error: RMS = 0.0285131, max = 0.0701773 (LSmallToe)
[2024-10-09 18:14:28.036] [info] Frame 538 (t = 17.9667):	 total squared error = 0.0155209, marker error: RMS = 0.0285813, max = 0.0707896 (LSmallToe)
[2024-10-09 18:14:28.135] [info] Frame 539 (t = 18.0):	 total squared error = 0.01565, marker error: RMS = 0.0286999, max = 0.0712546 (LSmallToe)
[2024-10-09 18:14:28.194] [info] Frame 540 (t = 18.0333):	 total squared error = 0.0158313, marker error: RMS = 0.0288657, max = 0.0713814 (LSmallToe)
[2024-10-09 18:14:28.273] [info] Frame 541 (t = 18.0667):	 total squared error = 0.0160066, marker error: RMS = 0.0290250, max = 0.0712811 (LSmallToe)
[2024-10-09 18:14:28.321] [info] Frame 542 (t = 18.1):	 total squared error = 0.0162069, marker error: RMS = 0.0292060, max = 0.0709551 (LSmallToe)
[2024-10-09 18:14:28.365] [info] Frame 543 (t = 18.1333):	 total squared error = 0.0163544, marker error: RMS = 0.0293387, max = 0.0703381 (LSmallToe)
[2024-10-09 18:14:28.474] [info] Frame 544 (t = 18.1667):	 total squared error = 0.0163767, marker error: RMS = 0.0293587, max = 0.069337 (LSmallToe)
[2024-10-09 18:14:28.571] [info] Frame 545 (t = 18.2):	 total squared error = 0.0162625, marker error: RMS = 0.0292561, max = 0.0679989 (LSmallToe)
[2024-10-09 18:14:28.620] [info] Frame 546 (t = 18.2333):	 total squared error = 0.0160452, marker error: RMS = 0.0290600, max = 0.0669906 (LSmallToe)
[2024-10-09 18:14:28.660] [info] Frame 547 (t = 18.2667):	 total squared error = 0.0157987, marker error: RMS = 0.028836, max = 0.0663758 (LSmallToe)
[2024-10-09 18:14:28.713] [info] Frame 548 (t = 18.3):	 total squared error = 0.015617, marker error: RMS = 0.0286696, max = 0.0659756 (LSmallToe)
[2024-10-09 18:14:28.792] [info] Frame 549 (t = 18.3333):	 total squared error = 0.0155077, marker error: RMS = 0.0285691, max = 0.0661819 (LSmallToe)
[2024-10-09 18:14:28.837] [info] Frame 550 (t = 18.3667):	 total squared error = 0.0155292, marker error: RMS = 0.0285889, max = 0.0667205 (LSmallToe)
[2024-10-09 18:14:28.935] [info] Frame 551 (t = 18.4):	 total squared error = 0.0156028, marker error: RMS = 0.0286566, max = 0.0678076 (LSmallToe)
[2024-10-09 18:14:28.996] [info] Frame 552 (t = 18.4333):	 total squared error = 0.0157334, marker error: RMS = 0.0287763, max = 0.0688156 (LSmallToe)
[2024-10-09 18:14:29.082] [info] Frame 553 (t = 18.4667):	 total squared error = 0.0158864, marker error: RMS = 0.0289158, max = 0.0696528 (LSmallToe)
[2024-10-09 18:14:29.147] [info] Frame 554 (t = 18.5):	 total squared error = 0.0160294, marker error: RMS = 0.0290457, max = 0.0703937 (LSmallToe)
[2024-10-09 18:14:29.238] [info] Frame 555 (t = 18.5333):	 total squared error = 0.0161264, marker error: RMS = 0.0291334, max = 0.0709716 (LSmallToe)
[2024-10-09 18:14:29.275] [info] Frame 556 (t = 18.5667):	 total squared error = 0.0161969, marker error: RMS = 0.0291971, max = 0.0714055 (LSmallToe)
[2024-10-09 18:14:29.320] [info] Frame 557 (t = 18.6):	 total squared error = 0.0162557, marker error: RMS = 0.02925, max = 0.071786 (LSmallToe)
[2024-10-09 18:14:29.348] [info] Frame 558 (t = 18.6333):	 total squared error = 0.0162945, marker error: RMS = 0.0292849, max = 0.0719917 (LSmallToe)
[2024-10-09 18:14:29.409] [info] Frame 559 (t = 18.6667):	 total squared error = 0.0163041, marker error: RMS = 0.0292935, max = 0.0719796 (LSmallToe)
[2024-10-09 18:14:29.462] [info] Frame 560 (t = 18.7):	 total squared error = 0.0162355, marker error: RMS = 0.0292319, max = 0.0718369 (LSmallToe)
[2024-10-09 18:14:29.550] [info] Frame 561 (t = 18.7333):	 total squared error = 0.0161054, marker error: RMS = 0.0291145, max = 0.0716052 (LSmallToe)
[2024-10-09 18:14:29.596] [info] Frame 562 (t = 18.7667):	 total squared error = 0.0159091, marker error: RMS = 0.0289365, max = 0.0711014 (LSmallToe)
[2024-10-09 18:14:29.708] [info] Frame 563 (t = 18.8):	 total squared error = 0.0156581, marker error: RMS = 0.0287074, max = 0.0705976 (LSmallToe)
[2024-10-09 18:14:29.767] [info] Frame 564 (t = 18.8333):	 total squared error = 0.0154183, marker error: RMS = 0.0284867, max = 0.0696926 (LSmallToe)
[2024-10-09 18:14:29.825] [info] Frame 565 (t = 18.8667):	 total squared error = 0.0152516, marker error: RMS = 0.0283323, max = 0.0690290 (LSmallToe)
[2024-10-09 18:14:29.919] [info] Frame 566 (t = 18.9):	 total squared error = 0.0151845, marker error: RMS = 0.0282699, max = 0.0683798 (LSmallToe)
[2024-10-09 18:14:29.990] [info] Frame 567 (t = 18.9333):	 total squared error = 0.0152102, marker error: RMS = 0.0282938, max = 0.0677506 (LSmallToe)
[2024-10-09 18:14:30.087] [info] Frame 568 (t = 18.9667):	 total squared error = 0.0152097, marker error: RMS = 0.0282933, max = 0.0672018 (LSmallToe)
[2024-10-09 18:14:30.185] [info] Frame 569 (t = 19.0):	 total squared error = 0.0150807, marker error: RMS = 0.0281731, max = 0.0662404 (LSmallToe)
[2024-10-09 18:14:30.233] [info] Frame 570 (t = 19.0333):	 total squared error = 0.014619, marker error: RMS = 0.0277384, max = 0.063881 (LSmallToe)
[2024-10-09 18:14:30.274] [info] Frame 571 (t = 19.0667):	 total squared error = 0.0136684, marker error: RMS = 0.0268214, max = 0.0587897 (LSmallToe)
[2024-10-09 18:14:30.310] [info] Frame 572 (t = 19.1):	 total squared error = 0.0122701, marker error: RMS = 0.0254125, max = 0.0504939 (LSmallToe)
[2024-10-09 18:14:30.343] [info] Frame 573 (t = 19.1333):	 total squared error = 0.0107845, marker error: RMS = 0.0238244, max = 0.0395237 (LSmallToe)
[2024-10-09 18:14:30.386] [info] Frame 574 (t = 19.1667):	 total squared error = 0.00971259, marker error: RMS = 0.0226095, max = 0.037354 (Neck)
[2024-10-09 18:14:30.431] [info] Frame 575 (t = 19.2):	 total squared error = 0.00928926, marker error: RMS = 0.0221113, max = 0.0378051 (Neck)
[2024-10-09 18:14:30.504] [info] Frame 576 (t = 19.2333):	 total squared error = 0.00940376, marker error: RMS = 0.0222471, max = 0.0383693 (Neck)
[2024-10-09 18:14:30.543] [info] Frame 577 (t = 19.2667):	 total squared error = 0.0101798, marker error: RMS = 0.0231469, max = 0.0387711 (Neck)
[2024-10-09 18:14:30.583] [info] Frame 578 (t = 19.3):	 total squared error = 0.0120626, marker error: RMS = 0.0251967, max = 0.0499017 (LSmallToe)
[2024-10-09 18:14:30.617] [info] Frame 579 (t = 19.3333):	 total squared error = 0.0154047, marker error: RMS = 0.0284741, max = 0.0702266 (LSmallToe)
[2024-10-09 18:14:30.631] [info] InverseKinematicsTool completed 580 frames in 38 second(s).
