[2024-10-09 18:05:55.261] [info] Preparing to run InverseKinematicsTool.
[2024-10-09 18:05:55.283] [info] Loaded model Pose2Sim_scaled from file Model_Pose2Sim_Halpe26_scaled.osim
[2024-10-09 18:05:55.283] [warning] Couldn't find file 'r_pelvis.vtp'.
[2024-10-09 18:05:55.283] [warning] Couldn't find file 'l_pelvis.vtp'.
[2024-10-09 18:05:55.283] [warning] Couldn't find file 'sacrum.vtp'.
[2024-10-09 18:05:55.283] [warning] Couldn't find file 'femur_r.vtp'.
[2024-10-09 18:05:55.284] [warning] Couldn't find file 'r_patella.vtp'.
[2024-10-09 18:05:55.284] [warning] Couldn't find file 'tibia_r.vtp'.
[2024-10-09 18:05:55.284] [warning] Couldn't find file 'fibula_r.vtp'.
[2024-10-09 18:05:55.284] [warning] Couldn't find file 'talus_rv.vtp'.
[2024-10-09 18:05:55.284] [warning] Couldn't find file 'foot.vtp'.
[2024-10-09 18:05:55.284] [warning] Couldn't find file 'bofoot.vtp'.
[2024-10-09 18:05:55.285] [warning] Couldn't find file 'femur_l.vtp'.
[2024-10-09 18:05:55.285] [warning] Couldn't find file 'l_patella.vtp'.
[2024-10-09 18:05:55.285] [warning] Couldn't find file 'tibia_l.vtp'.
[2024-10-09 18:05:55.285] [warning] Couldn't find file 'fibula_l.vtp'.
[2024-10-09 18:05:55.285] [warning] Couldn't find file 'talus_lv.vtp'.
[2024-10-09 18:05:55.285] [warning] Couldn't find file 'l_foot.vtp'.
[2024-10-09 18:05:55.285] [warning] Couldn't find file 'l_bofoot.vtp'.
[2024-10-09 18:05:55.286] [warning] Couldn't find file 'lumbar5.vtp'.
[2024-10-09 18:05:55.286] [warning] Couldn't find file 'lumbar4.vtp'.
[2024-10-09 18:05:55.286] [warning] Couldn't find file 'lumbar3.vtp'.
[2024-10-09 18:05:55.286] [warning] Couldn't find file 'lumbar2.vtp'.
[2024-10-09 18:05:55.286] [warning] Couldn't find file 'lumbar1.vtp'.
[2024-10-09 18:05:55.286] [warning] Couldn't find file 'cerv1sm.vtp'.
[2024-10-09 18:05:55.286] [warning] Couldn't find file 'cerv2sm.vtp'.
[2024-10-09 18:05:55.286] [warning] Couldn't find file 'cerv3sm.vtp'.
[2024-10-09 18:05:55.286] [warning] Couldn't find file 'cerv4sm.vtp'.
[2024-10-09 18:05:55.287] [warning] Couldn't find file 'cerv5sm.vtp'.
[2024-10-09 18:05:55.287] [warning] Couldn't find file 'cerv6sm.vtp'.
[2024-10-09 18:05:55.287] [warning] Couldn't find file 'cerv7.vtp'.
[2024-10-09 18:05:55.287] [warning] Couldn't find file 'thoracic12_s.vtp'.
[2024-10-09 18:05:55.287] [warning] Couldn't find file 'thoracic11_s.vtp'.
[2024-10-09 18:05:55.287] [warning] Couldn't find file 'thoracic10_s.vtp'.
[2024-10-09 18:05:55.287] [warning] Couldn't find file 'thoracic9_s.vtp'.
[2024-10-09 18:05:55.287] [warning] Couldn't find file 'thoracic8_s.vtp'.
[2024-10-09 18:05:55.288] [warning] Couldn't find file 'thoracic7_s.vtp'.
[2024-10-09 18:05:55.288] [warning] Couldn't find file 'thoracic6_s.vtp'.
[2024-10-09 18:05:55.288] [warning] Couldn't find file 'thoracic5_s.vtp'.
[2024-10-09 18:05:55.288] [warning] Couldn't find file 'thoracic4_s.vtp'.
[2024-10-09 18:05:55.288] [warning] Couldn't find file 'thoracic3_s.vtp'.
[2024-10-09 18:05:55.289] [warning] Couldn't find file 'thoracic2_s.vtp'.
[2024-10-09 18:05:55.289] [warning] Couldn't find file 'thoracic1_s.vtp'.
[2024-10-09 18:05:55.289] [warning] Couldn't find file 'hat_ribs_scap.vtp'.
[2024-10-09 18:05:55.289] [warning] Couldn't find file 'hat_jaw.vtp'.
[2024-10-09 18:05:55.289] [warning] Couldn't find file 'hat_skull.vtp'.
[2024-10-09 18:05:55.290] [warning] Couldn't find file 'humerus_rv.vtp'.
[2024-10-09 18:05:55.290] [warning] Couldn't find file 'ulna_rv.vtp'.
[2024-10-09 18:05:55.290] [warning] Couldn't find file 'radius_rv.vtp'.
[2024-10-09 18:05:55.290] [warning] Couldn't find file 'pisiform_rvs.vtp'.
[2024-10-09 18:05:55.290] [warning] Couldn't find file 'lunate_rvs.vtp'.
[2024-10-09 18:05:55.290] [warning] Couldn't find file 'scaphoid_rvs.vtp'.
[2024-10-09 18:05:55.290] [warning] Couldn't find file 'triquetrum_rvs.vtp'.
[2024-10-09 18:05:55.290] [warning] Couldn't find file 'hamate_rvs.vtp'.
[2024-10-09 18:05:55.291] [warning] Couldn't find file 'capitate_rvs.vtp'.
[2024-10-09 18:05:55.291] [warning] Couldn't find file 'trapezoid_rvs.vtp'.
[2024-10-09 18:05:55.291] [warning] Couldn't find file 'trapezium_rvs.vtp'.
[2024-10-09 18:05:55.291] [warning] Couldn't find file 'metacarpal2_rvs.vtp'.
[2024-10-09 18:05:55.291] [warning] Couldn't find file 'index_proximal_rvs.vtp'.
[2024-10-09 18:05:55.291] [warning] Couldn't find file 'index_medial_rvs.vtp'.
[2024-10-09 18:05:55.291] [warning] Couldn't find file 'index_distal_rvs.vtp'.
[2024-10-09 18:05:55.291] [warning] Couldn't find file 'metacarpal3_rvs.vtp'.
[2024-10-09 18:05:55.292] [warning] Couldn't find file 'middle_proximal_rvs.vtp'.
[2024-10-09 18:05:55.292] [warning] Couldn't find file 'middle_medial_rvs.vtp'.
[2024-10-09 18:05:55.292] [warning] Couldn't find file 'middle_distal_rvs.vtp'.
[2024-10-09 18:05:55.292] [warning] Couldn't find file 'metacarpal4_rvs.vtp'.
[2024-10-09 18:05:55.292] [warning] Couldn't find file 'ring_proximal_rvs.vtp'.
[2024-10-09 18:05:55.292] [warning] Couldn't find file 'ring_medial_rvs.vtp'.
[2024-10-09 18:05:55.292] [warning] Couldn't find file 'ring_distal_rvs.vtp'.
[2024-10-09 18:05:55.292] [warning] Couldn't find file 'metacarpal5_rvs.vtp'.
[2024-10-09 18:05:55.293] [warning] Couldn't find file 'little_proximal_rvs.vtp'.
[2024-10-09 18:05:55.293] [warning] Couldn't find file 'little_medial_rvs.vtp'.
[2024-10-09 18:05:55.293] [warning] Couldn't find file 'little_distal_rvs.vtp'.
[2024-10-09 18:05:55.293] [warning] Couldn't find file 'metacarpal1_rvs.vtp'.
[2024-10-09 18:05:55.293] [warning] Couldn't find file 'thumb_proximal_rvs.vtp'.
[2024-10-09 18:05:55.293] [warning] Couldn't find file 'thumb_distal_rvs.vtp'.
[2024-10-09 18:05:55.293] [warning] Couldn't find file 'humerus_lv.vtp'.
[2024-10-09 18:05:55.294] [warning] Couldn't find file 'ulna_lv.vtp'.
[2024-10-09 18:05:55.294] [warning] Couldn't find file 'radius_lv.vtp'.
[2024-10-09 18:05:55.294] [warning] Couldn't find file 'pisiform_lvs.vtp'.
[2024-10-09 18:05:55.294] [warning] Couldn't find file 'lunate_lvs.vtp'.
[2024-10-09 18:05:55.294] [warning] Couldn't find file 'scaphoid_lvs.vtp'.
[2024-10-09 18:05:55.294] [warning] Couldn't find file 'triquetrum_lvs.vtp'.
[2024-10-09 18:05:55.294] [warning] Couldn't find file 'hamate_lvs.vtp'.
[2024-10-09 18:05:55.294] [warning] Couldn't find file 'capitate_lvs.vtp'.
[2024-10-09 18:05:55.295] [warning] Couldn't find file 'trapezoid_lvs.vtp'.
[2024-10-09 18:05:55.295] [warning] Couldn't find file 'trapezium_lvs.vtp'.
[2024-10-09 18:05:55.295] [warning] Couldn't find file 'metacarpal2_lvs.vtp'.
[2024-10-09 18:05:55.295] [warning] Couldn't find file 'index_proximal_lvs.vtp'.
[2024-10-09 18:05:55.295] [warning] Couldn't find file 'index_medial_lvs.vtp'.
[2024-10-09 18:05:55.295] [warning] Couldn't find file 'index_distal_lvs.vtp'.
[2024-10-09 18:05:55.295] [warning] Couldn't find file 'metacarpal3_lvs.vtp'.
[2024-10-09 18:05:55.295] [warning] Couldn't find file 'middle_proximal_lvs.vtp'.
[2024-10-09 18:05:55.296] [warning] Couldn't find file 'middle_medial_lvs.vtp'.
[2024-10-09 18:05:55.296] [warning] Couldn't find file 'middle_distal_lvs.vtp'.
[2024-10-09 18:05:55.296] [warning] Couldn't find file 'metacarpal4_lvs.vtp'.
[2024-10-09 18:05:55.296] [warning] Couldn't find file 'ring_proximal_lvs.vtp'.
[2024-10-09 18:05:55.296] [warning] Couldn't find file 'ring_medial_lvs.vtp'.
[2024-10-09 18:05:55.296] [warning] Couldn't find file 'ring_distal_lvs.vtp'.
[2024-10-09 18:05:55.296] [warning] Couldn't find file 'metacarpal5_lvs.vtp'.
[2024-10-09 18:05:55.296] [warning] Couldn't find file 'little_proximal_lvs.vtp'.
[2024-10-09 18:05:55.297] [warning] Couldn't find file 'little_medial_lvs.vtp'.
[2024-10-09 18:05:55.297] [warning] Couldn't find file 'little_distal_lvs.vtp'.
[2024-10-09 18:05:55.297] [warning] Couldn't find file 'metacarpal1_lvs.vtp'.
[2024-10-09 18:05:55.297] [warning] Couldn't find file 'thumb_proximal_lvs.vtp'.
[2024-10-09 18:05:55.297] [warning] Couldn't find file 'thumb_distal_lvs.vtp'.
[2024-10-09 18:05:55.298] [cout] [info] 
               MODEL: Pose2Sim_scaled
         coordinates: 62
              forces: 0
           actuators: 0
             muscles: 0
            analyses: 0
              probes: 0
              bodies: 30
              joints: 30
         constraints: 20
             markers: 22
         controllers: 0
  contact geometries: 0
misc modelcomponents: 0
[2024-10-09 18:05:55.299] [info] Running tool .
[2024-10-09 18:05:55.640] [info] Frame 0 (t = 0.0333333):	 total squared error = 0.00837656, marker error: RMS = 0.0209969, max = 0.0370936 (LHeel)
[2024-10-09 18:05:55.696] [info] Frame 1 (t = 0.0666667):	 total squared error = 0.00824384, marker error: RMS = 0.0208299, max = 0.0359785 (LHeel)
[2024-10-09 18:05:55.720] [info] Frame 2 (t = 0.1):	 total squared error = 0.00851749, marker error: RMS = 0.0211728, max = 0.0351595 (LHeel)
[2024-10-09 18:05:55.802] [info] Frame 3 (t = 0.133333):	 total squared error = 0.00861375, marker error: RMS = 0.0212921, max = 0.034877 (LHeel)
[2024-10-09 18:05:55.866] [info] Frame 4 (t = 0.166667):	 total squared error = 0.00866798, marker error: RMS = 0.0213591, max = 0.0345059 (LHeel)
[2024-10-09 18:05:55.902] [info] Frame 5 (t = 0.2):	 total squared error = 0.00871325, marker error: RMS = 0.0214148, max = 0.0341529 (LHeel)
[2024-10-09 18:05:55.921] [info] Frame 6 (t = 0.233333):	 total squared error = 0.00881579, marker error: RMS = 0.0215404, max = 0.0338125 (LHeel)
[2024-10-09 18:05:56.010] [info] Frame 7 (t = 0.266667):	 total squared error = 0.00895545, marker error: RMS = 0.0217104, max = 0.0337045 (LHeel)
[2024-10-09 18:05:56.053] [info] Frame 8 (t = 0.3):	 total squared error = 0.00910223, marker error: RMS = 0.0218876, max = 0.0338376 (LHeel)
[2024-10-09 18:05:56.091] [info] Frame 9 (t = 0.333333):	 total squared error = 0.00925585, marker error: RMS = 0.0220715, max = 0.0341066 (LHeel)
[2024-10-09 18:05:56.128] [info] Frame 10 (t = 0.366667):	 total squared error = 0.00945554, marker error: RMS = 0.0223083, max = 0.0345779 (LHeel)
[2024-10-09 18:05:56.152] [info] Frame 11 (t = 0.4):	 total squared error = 0.00977494, marker error: RMS = 0.0226819, max = 0.035437 (LHeel)
[2024-10-09 18:05:56.208] [info] Frame 12 (t = 0.433333):	 total squared error = 0.0101731, marker error: RMS = 0.0231392, max = 0.0366093 (LHeel)
[2024-10-09 18:05:56.230] [info] Frame 13 (t = 0.466667):	 total squared error = 0.0105937, marker error: RMS = 0.0236128, max = 0.0378556 (LHeel)
[2024-10-09 18:05:56.299] [info] Frame 14 (t = 0.5):	 total squared error = 0.0108704, marker error: RMS = 0.0239192, max = 0.0391238 (LHeel)
[2024-10-09 18:05:56.379] [info] Frame 15 (t = 0.533333):	 total squared error = 0.0110073, marker error: RMS = 0.0240693, max = 0.0398568 (LHeel)
[2024-10-09 18:05:56.432] [info] Frame 16 (t = 0.566667):	 total squared error = 0.0110184, marker error: RMS = 0.0240814, max = 0.0402471 (LHeel)
[2024-10-09 18:05:56.502] [info] Frame 17 (t = 0.6):	 total squared error = 0.0109971, marker error: RMS = 0.0240582, max = 0.0403734 (LHeel)
[2024-10-09 18:05:56.585] [info] Frame 18 (t = 0.633333):	 total squared error = 0.0110648, marker error: RMS = 0.0241321, max = 0.0405361 (LHeel)
[2024-10-09 18:05:56.622] [info] Frame 19 (t = 0.666667):	 total squared error = 0.0112827, marker error: RMS = 0.0243685, max = 0.0407786 (LHeel)
[2024-10-09 18:05:56.687] [info] Frame 20 (t = 0.7):	 total squared error = 0.0116224, marker error: RMS = 0.0247327, max = 0.0409929 (LHeel)
[2024-10-09 18:05:56.758] [info] Frame 21 (t = 0.733333):	 total squared error = 0.0119953, marker error: RMS = 0.0251263, max = 0.0413233 (LHeel)
[2024-10-09 18:05:56.840] [info] Frame 22 (t = 0.766667):	 total squared error = 0.0122725, marker error: RMS = 0.0254149, max = 0.0417679 (LHeel)
[2024-10-09 18:05:56.935] [info] Frame 23 (t = 0.8):	 total squared error = 0.0124106, marker error: RMS = 0.0255576, max = 0.0421504 (LHeel)
[2024-10-09 18:05:56.978] [info] Frame 24 (t = 0.833333):	 total squared error = 0.0124588, marker error: RMS = 0.0256071, max = 0.0422316 (LHeel)
[2024-10-09 18:05:57.015] [info] Frame 25 (t = 0.866667):	 total squared error = 0.0124502, marker error: RMS = 0.0255984, max = 0.0420540 (LHeel)
[2024-10-09 18:05:57.062] [info] Frame 26 (t = 0.9):	 total squared error = 0.012357, marker error: RMS = 0.0255023, max = 0.0418090 (LHeel)
[2024-10-09 18:05:57.113] [info] Frame 27 (t = 0.933333):	 total squared error = 0.0121912, marker error: RMS = 0.0253307, max = 0.0413418 (LHeel)
[2024-10-09 18:05:57.174] [info] Frame 28 (t = 0.966667):	 total squared error = 0.0120621, marker error: RMS = 0.0251962, max = 0.0408888 (LHeel)
[2024-10-09 18:05:57.243] [info] Frame 29 (t = 1.0):	 total squared error = 0.0120697, marker error: RMS = 0.0252042, max = 0.0402706 (LHeel)
[2024-10-09 18:05:57.338] [info] Frame 30 (t = 1.03333):	 total squared error = 0.0122247, marker error: RMS = 0.0253655, max = 0.0395894 (LHeel)
[2024-10-09 18:05:57.385] [info] Frame 31 (t = 1.06667):	 total squared error = 0.0124426, marker error: RMS = 0.0255905, max = 0.0390521 (LHeel)
[2024-10-09 18:05:57.438] [info] Frame 32 (t = 1.1):	 total squared error = 0.0126447, marker error: RMS = 0.0257975, max = 0.0404959 (LAnkle)
[2024-10-09 18:05:57.494] [info] Frame 33 (t = 1.13333):	 total squared error = 0.0127463, marker error: RMS = 0.0259009, max = 0.0416747 (LAnkle)
[2024-10-09 18:05:57.573] [info] Frame 34 (t = 1.16667):	 total squared error = 0.0127286, marker error: RMS = 0.0258829, max = 0.0416868 (LAnkle)
[2024-10-09 18:05:57.643] [info] Frame 35 (t = 1.2):	 total squared error = 0.0125078, marker error: RMS = 0.0256574, max = 0.0403942 (LAnkle)
[2024-10-09 18:05:57.719] [info] Frame 36 (t = 1.23333):	 total squared error = 0.0120345, marker error: RMS = 0.0251673, max = 0.0380278 (LHeel)
[2024-10-09 18:05:57.772] [info] Frame 37 (t = 1.26667):	 total squared error = 0.0114238, marker error: RMS = 0.0245204, max = 0.0371408 (LHeel)
[2024-10-09 18:05:57.804] [info] Frame 38 (t = 1.3):	 total squared error = 0.0109306, marker error: RMS = 0.0239853, max = 0.0363664 (LHeel)
[2024-10-09 18:05:57.892] [info] Frame 39 (t = 1.33333):	 total squared error = 0.0106267, marker error: RMS = 0.0236495, max = 0.0355383 (LHeel)
[2024-10-09 18:05:57.940] [info] Frame 40 (t = 1.36667):	 total squared error = 0.0105966, marker error: RMS = 0.023616, max = 0.0352952 (LHeel)
[2024-10-09 18:05:58.023] [info] Frame 41 (t = 1.4):	 total squared error = 0.0107010, marker error: RMS = 0.023732, max = 0.0352583 (LHeel)
[2024-10-09 18:05:58.068] [info] Frame 42 (t = 1.43333):	 total squared error = 0.0108424, marker error: RMS = 0.0238883, max = 0.0355937 (LHeel)
[2024-10-09 18:05:58.133] [info] Frame 43 (t = 1.46667):	 total squared error = 0.0109868, marker error: RMS = 0.0240469, max = 0.0359671 (LHeel)
[2024-10-09 18:05:58.178] [info] Frame 44 (t = 1.5):	 total squared error = 0.0111334, marker error: RMS = 0.0242068, max = 0.0367077 (LHeel)
[2024-10-09 18:05:58.270] [info] Frame 45 (t = 1.53333):	 total squared error = 0.0112182, marker error: RMS = 0.0242988, max = 0.0375157 (LHeel)
[2024-10-09 18:05:58.329] [info] Frame 46 (t = 1.56667):	 total squared error = 0.0111778, marker error: RMS = 0.024255, max = 0.0382722 (LHeel)
[2024-10-09 18:05:58.421] [info] Frame 47 (t = 1.6):	 total squared error = 0.0110115, marker error: RMS = 0.0240739, max = 0.0388834 (LHeel)
[2024-10-09 18:05:58.470] [info] Frame 48 (t = 1.63333):	 total squared error = 0.0108639, marker error: RMS = 0.023912, max = 0.0388368 (LHeel)
[2024-10-09 18:05:58.549] [info] Frame 49 (t = 1.66667):	 total squared error = 0.0107500, marker error: RMS = 0.0237864, max = 0.038265 (LHeel)
[2024-10-09 18:05:58.607] [info] Frame 50 (t = 1.7):	 total squared error = 0.0106535, marker error: RMS = 0.0236793, max = 0.0372701 (LHeel)
[2024-10-09 18:05:58.668] [info] Frame 51 (t = 1.73333):	 total squared error = 0.0105398, marker error: RMS = 0.0235526, max = 0.0361749 (LHeel)
[2024-10-09 18:05:58.715] [info] Frame 52 (t = 1.76667):	 total squared error = 0.0104409, marker error: RMS = 0.0234419, max = 0.035459 (LHeel)
[2024-10-09 18:05:58.814] [info] Frame 53 (t = 1.8):	 total squared error = 0.0103889, marker error: RMS = 0.0233835, max = 0.0351045 (LHeel)
[2024-10-09 18:05:58.889] [info] Frame 54 (t = 1.83333):	 total squared error = 0.0104058, marker error: RMS = 0.0234024, max = 0.0354166 (LHeel)
[2024-10-09 18:05:58.991] [info] Frame 55 (t = 1.86667):	 total squared error = 0.0104531, marker error: RMS = 0.0234555, max = 0.0357697 (LHeel)
[2024-10-09 18:05:59.072] [info] Frame 56 (t = 1.9):	 total squared error = 0.0105104, marker error: RMS = 0.0235198, max = 0.0362669 (LHeel)
[2024-10-09 18:05:59.133] [info] Frame 57 (t = 1.93333):	 total squared error = 0.0105382, marker error: RMS = 0.0235508, max = 0.0365080 (LHeel)
[2024-10-09 18:05:59.189] [info] Frame 58 (t = 1.96667):	 total squared error = 0.0105414, marker error: RMS = 0.0235545, max = 0.0365848 (LHeel)
[2024-10-09 18:05:59.234] [info] Frame 59 (t = 2.0):	 total squared error = 0.0105488, marker error: RMS = 0.0235627, max = 0.0365356 (LHeel)
[2024-10-09 18:05:59.294] [info] Frame 60 (t = 2.03333):	 total squared error = 0.0105805, marker error: RMS = 0.023598, max = 0.0362905 (LHeel)
[2024-10-09 18:05:59.337] [info] Frame 61 (t = 2.06667):	 total squared error = 0.0106235, marker error: RMS = 0.023646, max = 0.0362265 (LHeel)
[2024-10-09 18:05:59.399] [info] Frame 62 (t = 2.1):	 total squared error = 0.0106490, marker error: RMS = 0.0236743, max = 0.0362481 (LHeel)
[2024-10-09 18:05:59.482] [info] Frame 63 (t = 2.13333):	 total squared error = 0.0106793, marker error: RMS = 0.0237080, max = 0.0364739 (LHeel)
[2024-10-09 18:05:59.563] [info] Frame 64 (t = 2.16667):	 total squared error = 0.0107156, marker error: RMS = 0.0237483, max = 0.0367522 (LHeel)
[2024-10-09 18:05:59.632] [info] Frame 65 (t = 2.2):	 total squared error = 0.0107280, marker error: RMS = 0.023762, max = 0.0369543 (LHeel)
[2024-10-09 18:05:59.659] [info] Frame 66 (t = 2.23333):	 total squared error = 0.0107415, marker error: RMS = 0.023777, max = 0.0369199 (LHeel)
[2024-10-09 18:05:59.706] [info] Frame 67 (t = 2.26667):	 total squared error = 0.0107343, marker error: RMS = 0.023769, max = 0.0368952 (LHeel)
[2024-10-09 18:05:59.760] [info] Frame 68 (t = 2.3):	 total squared error = 0.0108165, marker error: RMS = 0.0238598, max = 0.037149 (LHeel)
[2024-10-09 18:05:59.839] [info] Frame 69 (t = 2.33333):	 total squared error = 0.0108793, marker error: RMS = 0.023929, max = 0.0372572 (LHeel)
[2024-10-09 18:05:59.859] [info] Frame 70 (t = 2.36667):	 total squared error = 0.0108633, marker error: RMS = 0.0239113, max = 0.0375946 (LHeel)
[2024-10-09 18:05:59.879] [info] Frame 71 (t = 2.4):	 total squared error = 0.0107466, marker error: RMS = 0.0237826, max = 0.0376797 (LHeel)
[2024-10-09 18:05:59.896] [info] Frame 72 (t = 2.43333):	 total squared error = 0.0105760, marker error: RMS = 0.023593, max = 0.0374551 (LHeel)
[2024-10-09 18:05:59.958] [info] Frame 73 (t = 2.46667):	 total squared error = 0.0103656, marker error: RMS = 0.0233572, max = 0.0367043 (LHeel)
[2024-10-09 18:05:59.975] [info] Frame 74 (t = 2.5):	 total squared error = 0.0102670, marker error: RMS = 0.0232458, max = 0.0361032 (LHeel)
[2024-10-09 18:06:00.050] [info] Frame 75 (t = 2.53333):	 total squared error = 0.0101930, marker error: RMS = 0.0231619, max = 0.0357545 (LHeel)
[2024-10-09 18:06:00.099] [info] Frame 76 (t = 2.56667):	 total squared error = 0.0101610, marker error: RMS = 0.0231256, max = 0.0358252 (LHeel)
[2024-10-09 18:06:00.152] [info] Frame 77 (t = 2.6):	 total squared error = 0.0101884, marker error: RMS = 0.0231567, max = 0.0363347 (LHeel)
[2024-10-09 18:06:00.200] [info] Frame 78 (t = 2.63333):	 total squared error = 0.0102776, marker error: RMS = 0.0232578, max = 0.0369243 (LHeel)
[2024-10-09 18:06:00.256] [info] Frame 79 (t = 2.66667):	 total squared error = 0.0104009, marker error: RMS = 0.0233969, max = 0.0370448 (LHeel)
[2024-10-09 18:06:00.324] [info] Frame 80 (t = 2.7):	 total squared error = 0.0105386, marker error: RMS = 0.0235513, max = 0.0365948 (LHeel)
[2024-10-09 18:06:00.378] [info] Frame 81 (t = 2.73333):	 total squared error = 0.0107038, marker error: RMS = 0.0237351, max = 0.0358461 (LHeel)
[2024-10-09 18:06:00.468] [info] Frame 82 (t = 2.76667):	 total squared error = 0.0108250, marker error: RMS = 0.0238692, max = 0.035165 (LHeel)
[2024-10-09 18:06:00.524] [info] Frame 83 (t = 2.8):	 total squared error = 0.0109854, marker error: RMS = 0.0240454, max = 0.0351903 (LHeel)
[2024-10-09 18:06:00.572] [info] Frame 84 (t = 2.83333):	 total squared error = 0.011213, marker error: RMS = 0.0242932, max = 0.0359781 (LHeel)
[2024-10-09 18:06:00.636] [info] Frame 85 (t = 2.86667):	 total squared error = 0.011579, marker error: RMS = 0.0246864, max = 0.0372776 (LHeel)
[2024-10-09 18:06:00.712] [info] Frame 86 (t = 2.9):	 total squared error = 0.0120790, marker error: RMS = 0.0252138, max = 0.0384938 (LHeel)
[2024-10-09 18:06:00.770] [info] Frame 87 (t = 2.93333):	 total squared error = 0.0126147, marker error: RMS = 0.0257668, max = 0.0395056 (LHeel)
[2024-10-09 18:06:00.804] [info] Frame 88 (t = 2.96667):	 total squared error = 0.0130937, marker error: RMS = 0.0262515, max = 0.0408670 (LAnkle)
[2024-10-09 18:06:00.877] [info] Frame 89 (t = 3.0):	 total squared error = 0.0134924, marker error: RMS = 0.0266482, max = 0.0426967 (LAnkle)
[2024-10-09 18:06:00.920] [info] Frame 90 (t = 3.03333):	 total squared error = 0.0137974, marker error: RMS = 0.0269477, max = 0.0437608 (LAnkle)
[2024-10-09 18:06:00.991] [info] Frame 91 (t = 3.06667):	 total squared error = 0.0139728, marker error: RMS = 0.0271184, max = 0.0443066 (LAnkle)
[2024-10-09 18:06:01.061] [info] Frame 92 (t = 3.1):	 total squared error = 0.0140041, marker error: RMS = 0.0271488, max = 0.0445025 (LAnkle)
[2024-10-09 18:06:01.136] [info] Frame 93 (t = 3.13333):	 total squared error = 0.0138592, marker error: RMS = 0.0270080, max = 0.0443129 (LAnkle)
[2024-10-09 18:06:01.187] [info] Frame 94 (t = 3.16667):	 total squared error = 0.0135256, marker error: RMS = 0.026681, max = 0.0436111 (LAnkle)
[2024-10-09 18:06:01.202] [info] Frame 95 (t = 3.2):	 total squared error = 0.0130253, marker error: RMS = 0.0261829, max = 0.0421125 (LHeel)
[2024-10-09 18:06:01.230] [info] Frame 96 (t = 3.23333):	 total squared error = 0.0124842, marker error: RMS = 0.0256332, max = 0.0425283 (LHeel)
[2024-10-09 18:06:01.247] [info] Frame 97 (t = 3.26667):	 total squared error = 0.0119853, marker error: RMS = 0.0251158, max = 0.0421338 (LHeel)
[2024-10-09 18:06:01.334] [info] Frame 98 (t = 3.3):	 total squared error = 0.0115512, marker error: RMS = 0.0246568, max = 0.041964 (LHeel)
[2024-10-09 18:06:01.439] [info] Frame 99 (t = 3.33333):	 total squared error = 0.0113007, marker error: RMS = 0.024388, max = 0.0415633 (LHeel)
[2024-10-09 18:06:01.513] [info] Frame 100 (t = 3.36667):	 total squared error = 0.0111563, marker error: RMS = 0.0242317, max = 0.0411154 (LHeel)
[2024-10-09 18:06:01.574] [info] Frame 101 (t = 3.4):	 total squared error = 0.0111352, marker error: RMS = 0.0242088, max = 0.0405876 (LHeel)
[2024-10-09 18:06:01.595] [info] Frame 102 (t = 3.43333):	 total squared error = 0.0112918, marker error: RMS = 0.0243784, max = 0.0399514 (LHeel)
[2024-10-09 18:06:01.677] [info] Frame 103 (t = 3.46667):	 total squared error = 0.0114946, marker error: RMS = 0.0245963, max = 0.0392265 (LHeel)
[2024-10-09 18:06:01.750] [info] Frame 104 (t = 3.5):	 total squared error = 0.0118062, marker error: RMS = 0.0249275, max = 0.0389129 (LHeel)
[2024-10-09 18:06:01.804] [info] Frame 105 (t = 3.53333):	 total squared error = 0.0120638, marker error: RMS = 0.025198, max = 0.0388584 (LHeel)
[2024-10-09 18:06:01.862] [info] Frame 106 (t = 3.56667):	 total squared error = 0.0121677, marker error: RMS = 0.0253062, max = 0.0390521 (LHeel)
[2024-10-09 18:06:01.893] [info] Frame 107 (t = 3.6):	 total squared error = 0.0120892, marker error: RMS = 0.0252245, max = 0.0394579 (LHeel)
[2024-10-09 18:06:01.933] [info] Frame 108 (t = 3.63333):	 total squared error = 0.0118954, marker error: RMS = 0.0250214, max = 0.0398491 (LHeel)
[2024-10-09 18:06:01.951] [info] Frame 109 (t = 3.66667):	 total squared error = 0.0116712, marker error: RMS = 0.0247845, max = 0.0401824 (LHeel)
[2024-10-09 18:06:02.010] [info] Frame 110 (t = 3.7):	 total squared error = 0.0114635, marker error: RMS = 0.024563, max = 0.0408527 (LHeel)
[2024-10-09 18:06:02.034] [info] Frame 111 (t = 3.73333):	 total squared error = 0.0113595, marker error: RMS = 0.0244514, max = 0.0412544 (LHeel)
[2024-10-09 18:06:02.051] [info] Frame 112 (t = 3.76667):	 total squared error = 0.0114226, marker error: RMS = 0.0245192, max = 0.0415664 (LHeel)
[2024-10-09 18:06:02.069] [info] Frame 113 (t = 3.8):	 total squared error = 0.0116594, marker error: RMS = 0.0247721, max = 0.0418335 (LHeel)
[2024-10-09 18:06:02.160] [info] Frame 114 (t = 3.83333):	 total squared error = 0.0119515, marker error: RMS = 0.0250804, max = 0.0417402 (LHeel)
[2024-10-09 18:06:02.215] [info] Frame 115 (t = 3.86667):	 total squared error = 0.0121428, marker error: RMS = 0.0252803, max = 0.0415265 (LHeel)
[2024-10-09 18:06:02.280] [info] Frame 116 (t = 3.9):	 total squared error = 0.0121602, marker error: RMS = 0.0252984, max = 0.0414747 (LAnkle)
[2024-10-09 18:06:02.348] [info] Frame 117 (t = 3.93333):	 total squared error = 0.0120080, marker error: RMS = 0.0251396, max = 0.0407573 (LAnkle)
[2024-10-09 18:06:02.398] [info] Frame 118 (t = 3.96667):	 total squared error = 0.0117521, marker error: RMS = 0.0248703, max = 0.0401929 (LHeel)
[2024-10-09 18:06:02.443] [info] Frame 119 (t = 4.0):	 total squared error = 0.0114845, marker error: RMS = 0.0245855, max = 0.0397872 (LHeel)
[2024-10-09 18:06:02.460] [info] Frame 120 (t = 4.03333):	 total squared error = 0.0112989, marker error: RMS = 0.024386, max = 0.0395708 (LHeel)
[2024-10-09 18:06:02.493] [info] Frame 121 (t = 4.06667):	 total squared error = 0.0112256, marker error: RMS = 0.0243068, max = 0.0391623 (LHeel)
[2024-10-09 18:06:02.511] [info] Frame 122 (t = 4.1):	 total squared error = 0.0113084, marker error: RMS = 0.0243963, max = 0.0391312 (LHeel)
[2024-10-09 18:06:02.597] [info] Frame 123 (t = 4.13333):	 total squared error = 0.0114384, marker error: RMS = 0.0245361, max = 0.0388821 (LHeel)
[2024-10-09 18:06:02.684] [info] Frame 124 (t = 4.16667):	 total squared error = 0.0116052, marker error: RMS = 0.0247144, max = 0.0384541 (LHeel)
[2024-10-09 18:06:02.745] [info] Frame 125 (t = 4.2):	 total squared error = 0.0116968, marker error: RMS = 0.0248118, max = 0.0377233 (LHeel)
[2024-10-09 18:06:02.821] [info] Frame 126 (t = 4.23333):	 total squared error = 0.011584, marker error: RMS = 0.0246918, max = 0.0365628 (LHeel)
[2024-10-09 18:06:02.877] [info] Frame 127 (t = 4.26667):	 total squared error = 0.0113391, marker error: RMS = 0.0244294, max = 0.0354662 (LHeel)
[2024-10-09 18:06:02.956] [info] Frame 128 (t = 4.3):	 total squared error = 0.0110853, marker error: RMS = 0.0241544, max = 0.0347377 (LHeel)
[2024-10-09 18:06:03.014] [info] Frame 129 (t = 4.33333):	 total squared error = 0.0109656, marker error: RMS = 0.0240236, max = 0.0343671 (LHeel)
[2024-10-09 18:06:03.073] [info] Frame 130 (t = 4.36667):	 total squared error = 0.0110415, marker error: RMS = 0.0241066, max = 0.0351657 (LAnkle)
[2024-10-09 18:06:03.105] [info] Frame 131 (t = 4.4):	 total squared error = 0.0113202, marker error: RMS = 0.0244090, max = 0.0367339 (LAnkle)
[2024-10-09 18:06:03.157] [info] Frame 132 (t = 4.43333):	 total squared error = 0.0116925, marker error: RMS = 0.0248072, max = 0.0386805 (LAnkle)
[2024-10-09 18:06:03.205] [info] Frame 133 (t = 4.46667):	 total squared error = 0.0119975, marker error: RMS = 0.0251286, max = 0.0401004 (LAnkle)
[2024-10-09 18:06:03.253] [info] Frame 134 (t = 4.5):	 total squared error = 0.0121080, marker error: RMS = 0.025244, max = 0.0405165 (LAnkle)
[2024-10-09 18:06:03.297] [info] Frame 135 (t = 4.53333):	 total squared error = 0.0119913, marker error: RMS = 0.0251221, max = 0.0399019 (LAnkle)
[2024-10-09 18:06:03.341] [info] Frame 136 (t = 4.56667):	 total squared error = 0.0116707, marker error: RMS = 0.0247841, max = 0.0382682 (LHeel)
[2024-10-09 18:06:03.374] [info] Frame 137 (t = 4.6):	 total squared error = 0.0112308, marker error: RMS = 0.0243125, max = 0.0375511 (LHeel)
[2024-10-09 18:06:03.390] [info] Frame 138 (t = 4.63333):	 total squared error = 0.0107918, marker error: RMS = 0.0238325, max = 0.036357 (LHeel)
[2024-10-09 18:06:03.410] [info] Frame 139 (t = 4.66667):	 total squared error = 0.0104806, marker error: RMS = 0.0234864, max = 0.0352597 (LHeel)
[2024-10-09 18:06:03.475] [info] Frame 140 (t = 4.7):	 total squared error = 0.0103129, marker error: RMS = 0.0232977, max = 0.0345042 (LHeel)
[2024-10-09 18:06:03.536] [info] Frame 141 (t = 4.73333):	 total squared error = 0.0103207, marker error: RMS = 0.0233066, max = 0.0340910 (LHeel)
[2024-10-09 18:06:03.601] [info] Frame 142 (t = 4.76667):	 total squared error = 0.0104468, marker error: RMS = 0.0234485, max = 0.0340777 (LHeel)
[2024-10-09 18:06:03.675] [info] Frame 143 (t = 4.8):	 total squared error = 0.0106569, marker error: RMS = 0.0236831, max = 0.0348912 (LHeel)
[2024-10-09 18:06:03.731] [info] Frame 144 (t = 4.83333):	 total squared error = 0.0108850, marker error: RMS = 0.0239352, max = 0.0361751 (LHeel)
[2024-10-09 18:06:03.778] [info] Frame 145 (t = 4.86667):	 total squared error = 0.0110463, marker error: RMS = 0.0241119, max = 0.0375849 (LHeel)
[2024-10-09 18:06:03.841] [info] Frame 146 (t = 4.9):	 total squared error = 0.0110565, marker error: RMS = 0.024123, max = 0.0386116 (LHeel)
[2024-10-09 18:06:03.861] [info] Frame 147 (t = 4.93333):	 total squared error = 0.0109552, marker error: RMS = 0.0240123, max = 0.0390968 (LHeel)
[2024-10-09 18:06:03.892] [info] Frame 148 (t = 4.96667):	 total squared error = 0.0108234, marker error: RMS = 0.0238674, max = 0.0397092 (LHeel)
[2024-10-09 18:06:03.942] [info] Frame 149 (t = 5.0):	 total squared error = 0.0107272, marker error: RMS = 0.023761, max = 0.0398812 (LHeel)
[2024-10-09 18:06:04.018] [info] Frame 150 (t = 5.03333):	 total squared error = 0.0107056, marker error: RMS = 0.0237371, max = 0.0400065 (LHeel)
[2024-10-09 18:06:04.108] [info] Frame 151 (t = 5.06667):	 total squared error = 0.0108061, marker error: RMS = 0.0238483, max = 0.0400903 (LHeel)
[2024-10-09 18:06:04.181] [info] Frame 152 (t = 5.1):	 total squared error = 0.0109905, marker error: RMS = 0.0240509, max = 0.0401026 (LHeel)
[2024-10-09 18:06:04.237] [info] Frame 153 (t = 5.13333):	 total squared error = 0.0111785, marker error: RMS = 0.0242558, max = 0.0399123 (LHeel)
[2024-10-09 18:06:04.298] [info] Frame 154 (t = 5.16667):	 total squared error = 0.0113433, marker error: RMS = 0.0244339, max = 0.0396097 (LHeel)
[2024-10-09 18:06:04.349] [info] Frame 155 (t = 5.2):	 total squared error = 0.0115066, marker error: RMS = 0.0246091, max = 0.0391911 (LHeel)
[2024-10-09 18:06:04.396] [info] Frame 156 (t = 5.23333):	 total squared error = 0.0117091, marker error: RMS = 0.0248247, max = 0.0398391 (LAnkle)
[2024-10-09 18:06:04.458] [info] Frame 157 (t = 5.26667):	 total squared error = 0.011899, marker error: RMS = 0.0250252, max = 0.0406794 (LAnkle)
[2024-10-09 18:06:04.476] [info] Frame 158 (t = 5.3):	 total squared error = 0.0120781, marker error: RMS = 0.0252129, max = 0.0407919 (LAnkle)
[2024-10-09 18:06:04.529] [info] Frame 159 (t = 5.33333):	 total squared error = 0.0120869, marker error: RMS = 0.0252221, max = 0.0398847 (LAnkle)
[2024-10-09 18:06:04.582] [info] Frame 160 (t = 5.36667):	 total squared error = 0.0118988, marker error: RMS = 0.0250250, max = 0.0383312 (LHeel)
[2024-10-09 18:06:04.605] [info] Frame 161 (t = 5.4):	 total squared error = 0.0116121, marker error: RMS = 0.0247217, max = 0.0380646 (LHeel)
[2024-10-09 18:06:04.635] [info] Frame 162 (t = 5.43333):	 total squared error = 0.0113722, marker error: RMS = 0.024465, max = 0.0377907 (LHeel)
[2024-10-09 18:06:04.681] [info] Frame 163 (t = 5.46667):	 total squared error = 0.0113012, marker error: RMS = 0.0243885, max = 0.0373496 (LHeel)
[2024-10-09 18:06:04.767] [info] Frame 164 (t = 5.5):	 total squared error = 0.0113414, marker error: RMS = 0.0244318, max = 0.0370537 (LHeel)
[2024-10-09 18:06:04.841] [info] Frame 165 (t = 5.53333):	 total squared error = 0.0114213, marker error: RMS = 0.0245178, max = 0.0369335 (LHeel)
[2024-10-09 18:06:04.888] [info] Frame 166 (t = 5.56667):	 total squared error = 0.0115141, marker error: RMS = 0.0246172, max = 0.0368885 (LHeel)
[2024-10-09 18:06:04.944] [info] Frame 167 (t = 5.6):	 total squared error = 0.0116221, marker error: RMS = 0.0247324, max = 0.0371333 (LHeel)
[2024-10-09 18:06:05.038] [info] Frame 168 (t = 5.63333):	 total squared error = 0.011714, marker error: RMS = 0.02483, max = 0.0374801 (LHeel)
[2024-10-09 18:06:05.110] [info] Frame 169 (t = 5.66667):	 total squared error = 0.0117452, marker error: RMS = 0.024863, max = 0.037767 (LHeel)
[2024-10-09 18:06:05.162] [info] Frame 170 (t = 5.7):	 total squared error = 0.0117058, marker error: RMS = 0.0248213, max = 0.0380053 (LHeel)
[2024-10-09 18:06:05.242] [info] Frame 171 (t = 5.73333):	 total squared error = 0.0115174, marker error: RMS = 0.0246207, max = 0.0377832 (LHeel)
[2024-10-09 18:06:05.294] [info] Frame 172 (t = 5.76667):	 total squared error = 0.0112249, marker error: RMS = 0.0243060, max = 0.0374312 (LHeel)
[2024-10-09 18:06:05.343] [info] Frame 173 (t = 5.8):	 total squared error = 0.0108833, marker error: RMS = 0.0239333, max = 0.0369502 (LHeel)
[2024-10-09 18:06:05.427] [info] Frame 174 (t = 5.83333):	 total squared error = 0.0105744, marker error: RMS = 0.0235913, max = 0.0363893 (LHeel)
[2024-10-09 18:06:05.506] [info] Frame 175 (t = 5.86667):	 total squared error = 0.0103655, marker error: RMS = 0.023357, max = 0.0360167 (LHeel)
[2024-10-09 18:06:05.614] [info] Frame 176 (t = 5.9):	 total squared error = 0.0102796, marker error: RMS = 0.0232601, max = 0.0358206 (LHeel)
[2024-10-09 18:06:05.669] [info] Frame 177 (t = 5.93333):	 total squared error = 0.0103242, marker error: RMS = 0.0233105, max = 0.0357986 (LHeel)
[2024-10-09 18:06:05.725] [info] Frame 178 (t = 5.96667):	 total squared error = 0.0104904, marker error: RMS = 0.0234974, max = 0.0359819 (LHeel)
[2024-10-09 18:06:05.770] [info] Frame 179 (t = 6.0):	 total squared error = 0.0107328, marker error: RMS = 0.0237673, max = 0.0365486 (LHeel)
[2024-10-09 18:06:05.844] [info] Frame 180 (t = 6.03333):	 total squared error = 0.0109999, marker error: RMS = 0.0240612, max = 0.0374197 (LHeel)
[2024-10-09 18:06:05.902] [info] Frame 181 (t = 6.06667):	 total squared error = 0.0112516, marker error: RMS = 0.024335, max = 0.0385917 (LHeel)
[2024-10-09 18:06:05.960] [info] Frame 182 (t = 6.1):	 total squared error = 0.0114006, marker error: RMS = 0.0244955, max = 0.0397292 (LHeel)
[2024-10-09 18:06:06.033] [info] Frame 183 (t = 6.13333):	 total squared error = 0.0114263, marker error: RMS = 0.0245232, max = 0.0404074 (LHeel)
[2024-10-09 18:06:06.084] [info] Frame 184 (t = 6.16667):	 total squared error = 0.0113712, marker error: RMS = 0.0244639, max = 0.0403651 (LHeel)
[2024-10-09 18:06:06.132] [info] Frame 185 (t = 6.2):	 total squared error = 0.0113045, marker error: RMS = 0.0243921, max = 0.0397411 (LHeel)
[2024-10-09 18:06:06.186] [info] Frame 186 (t = 6.23333):	 total squared error = 0.0112994, marker error: RMS = 0.0243865, max = 0.0389 (LHeel)
[2024-10-09 18:06:06.244] [info] Frame 187 (t = 6.26667):	 total squared error = 0.0113755, marker error: RMS = 0.0244686, max = 0.0381667 (LHeel)
[2024-10-09 18:06:06.279] [info] Frame 188 (t = 6.3):	 total squared error = 0.0115334, marker error: RMS = 0.0246378, max = 0.0378747 (LHeel)
[2024-10-09 18:06:06.302] [info] Frame 189 (t = 6.33333):	 total squared error = 0.0118137, marker error: RMS = 0.0249354, max = 0.0381971 (LHeel)
[2024-10-09 18:06:06.335] [info] Frame 190 (t = 6.36667):	 total squared error = 0.0121709, marker error: RMS = 0.0253095, max = 0.0379577 (LHeel)
[2024-10-09 18:06:06.436] [info] Frame 191 (t = 6.4):	 total squared error = 0.0126056, marker error: RMS = 0.0257576, max = 0.0387004 (LAnkle)
[2024-10-09 18:06:06.499] [info] Frame 192 (t = 6.43333):	 total squared error = 0.0129985, marker error: RMS = 0.0261559, max = 0.0404913 (LAnkle)
[2024-10-09 18:06:06.553] [info] Frame 193 (t = 6.46667):	 total squared error = 0.0132769, marker error: RMS = 0.0264346, max = 0.0415596 (LAnkle)
[2024-10-09 18:06:06.620] [info] Frame 194 (t = 6.5):	 total squared error = 0.0134246, marker error: RMS = 0.0265811, max = 0.0421666 (LAnkle)
[2024-10-09 18:06:06.681] [info] Frame 195 (t = 6.53333):	 total squared error = 0.0134695, marker error: RMS = 0.0266256, max = 0.0424356 (LAnkle)
[2024-10-09 18:06:06.725] [info] Frame 196 (t = 6.56667):	 total squared error = 0.0134192, marker error: RMS = 0.0265758, max = 0.0425048 (LAnkle)
[2024-10-09 18:06:06.760] [info] Frame 197 (t = 6.6):	 total squared error = 0.0133208, marker error: RMS = 0.0264782, max = 0.042134 (LAnkle)
[2024-10-09 18:06:06.851] [info] Frame 198 (t = 6.63333):	 total squared error = 0.0131387, marker error: RMS = 0.0262966, max = 0.0422683 (LAnkle)
[2024-10-09 18:06:06.934] [info] Frame 199 (t = 6.66667):	 total squared error = 0.0130295, marker error: RMS = 0.0261871, max = 0.0419868 (LAnkle)
[2024-10-09 18:06:06.981] [info] Frame 200 (t = 6.7):	 total squared error = 0.0129879, marker error: RMS = 0.0261452, max = 0.041767 (LAnkle)
[2024-10-09 18:06:07.039] [info] Frame 201 (t = 6.73333):	 total squared error = 0.0129665, marker error: RMS = 0.0261237, max = 0.0416462 (LAnkle)
[2024-10-09 18:06:07.097] [info] Frame 202 (t = 6.76667):	 total squared error = 0.012937, marker error: RMS = 0.0260940, max = 0.0417458 (LAnkle)
[2024-10-09 18:06:07.156] [info] Frame 203 (t = 6.8):	 total squared error = 0.0129132, marker error: RMS = 0.0260700, max = 0.0419492 (LAnkle)
[2024-10-09 18:06:07.195] [info] Frame 204 (t = 6.83333):	 total squared error = 0.0129024, marker error: RMS = 0.0260590, max = 0.0420662 (LAnkle)
[2024-10-09 18:06:07.278] [info] Frame 205 (t = 6.86667):	 total squared error = 0.0128967, marker error: RMS = 0.0260533, max = 0.0422137 (LAnkle)
[2024-10-09 18:06:07.323] [info] Frame 206 (t = 6.9):	 total squared error = 0.0128834, marker error: RMS = 0.0260399, max = 0.041926 (LAnkle)
[2024-10-09 18:06:07.419] [info] Frame 207 (t = 6.93333):	 total squared error = 0.0128008, marker error: RMS = 0.0259562, max = 0.0413872 (LAnkle)
[2024-10-09 18:06:07.492] [info] Frame 208 (t = 6.96667):	 total squared error = 0.0127183, marker error: RMS = 0.0258725, max = 0.0404274 (LAnkle)
[2024-10-09 18:06:07.530] [info] Frame 209 (t = 7.0):	 total squared error = 0.0126591, marker error: RMS = 0.0258122, max = 0.0400011 (LHeel)
[2024-10-09 18:06:07.683] [info] Frame 210 (t = 7.03333):	 total squared error = 0.0126382, marker error: RMS = 0.0257909, max = 0.0400353 (LHeel)
[2024-10-09 18:06:07.750] [info] Frame 211 (t = 7.06667):	 total squared error = 0.012663, marker error: RMS = 0.0258162, max = 0.0398019 (LHeel)
[2024-10-09 18:06:07.794] [info] Frame 212 (t = 7.1):	 total squared error = 0.0126714, marker error: RMS = 0.0258247, max = 0.0392364 (LHeel)
[2024-10-09 18:06:07.881] [info] Frame 213 (t = 7.13333):	 total squared error = 0.0125648, marker error: RMS = 0.0257159, max = 0.0385451 (LHeel)
[2024-10-09 18:06:07.963] [info] Frame 214 (t = 7.16667):	 total squared error = 0.01231, marker error: RMS = 0.0254538, max = 0.037855 (LHeel)
[2024-10-09 18:06:08.032] [info] Frame 215 (t = 7.2):	 total squared error = 0.0119662, marker error: RMS = 0.0250958, max = 0.0372005 (LHeel)
[2024-10-09 18:06:08.071] [info] Frame 216 (t = 7.23333):	 total squared error = 0.0116632, marker error: RMS = 0.024776, max = 0.0371072 (LHeel)
[2024-10-09 18:06:08.145] [info] Frame 217 (t = 7.26667):	 total squared error = 0.0114922, marker error: RMS = 0.0245938, max = 0.0377397 (LHeel)
[2024-10-09 18:06:08.203] [info] Frame 218 (t = 7.3):	 total squared error = 0.0114030, marker error: RMS = 0.0244981, max = 0.0385237 (LHeel)
[2024-10-09 18:06:08.292] [info] Frame 219 (t = 7.33333):	 total squared error = 0.0113446, marker error: RMS = 0.0244354, max = 0.0389519 (LHeel)
[2024-10-09 18:06:08.442] [info] Frame 220 (t = 7.36667):	 total squared error = 0.0112573, marker error: RMS = 0.0243411, max = 0.0389644 (LHeel)
[2024-10-09 18:06:08.492] [info] Frame 221 (t = 7.4):	 total squared error = 0.0110798, marker error: RMS = 0.0241485, max = 0.0385058 (LHeel)
[2024-10-09 18:06:08.578] [info] Frame 222 (t = 7.43333):	 total squared error = 0.0107742, marker error: RMS = 0.0238131, max = 0.0378010 (LHeel)
[2024-10-09 18:06:08.631] [info] Frame 223 (t = 7.46667):	 total squared error = 0.0104506, marker error: RMS = 0.0234528, max = 0.0373829 (LHeel)
[2024-10-09 18:06:08.729] [info] Frame 224 (t = 7.5):	 total squared error = 0.0101802, marker error: RMS = 0.0231473, max = 0.037112 (LHeel)
[2024-10-09 18:06:08.771] [info] Frame 225 (t = 7.53333):	 total squared error = 0.0100753, marker error: RMS = 0.0230278, max = 0.0371121 (LHeel)
[2024-10-09 18:06:08.824] [info] Frame 226 (t = 7.56667):	 total squared error = 0.0101081, marker error: RMS = 0.0230653, max = 0.0372526 (LHeel)
[2024-10-09 18:06:08.880] [info] Frame 227 (t = 7.6):	 total squared error = 0.0103039, marker error: RMS = 0.0232876, max = 0.0375717 (LHeel)
[2024-10-09 18:06:08.926] [info] Frame 228 (t = 7.63333):	 total squared error = 0.0106887, marker error: RMS = 0.0237184, max = 0.0382354 (LHeel)
[2024-10-09 18:06:08.982] [info] Frame 229 (t = 7.66667):	 total squared error = 0.0112232, marker error: RMS = 0.0243042, max = 0.0390433 (LHeel)
[2024-10-09 18:06:09.072] [info] Frame 230 (t = 7.7):	 total squared error = 0.0116911, marker error: RMS = 0.0248057, max = 0.0396983 (LHeel)
[2024-10-09 18:06:09.126] [info] Frame 231 (t = 7.73333):	 total squared error = 0.0118507, marker error: RMS = 0.0249744, max = 0.0399531 (LHeel)
[2024-10-09 18:06:09.158] [info] Frame 232 (t = 7.76667):	 total squared error = 0.0116234, marker error: RMS = 0.0247338, max = 0.0395446 (LHeel)
[2024-10-09 18:06:09.206] [info] Frame 233 (t = 7.8):	 total squared error = 0.0110641, marker error: RMS = 0.0241313, max = 0.0384999 (LHeel)
[2024-10-09 18:06:09.273] [info] Frame 234 (t = 7.83333):	 total squared error = 0.0104290, marker error: RMS = 0.0234285, max = 0.0370559 (LHeel)
[2024-10-09 18:06:09.332] [info] Frame 235 (t = 7.86667):	 total squared error = 0.00993260, marker error: RMS = 0.0228641, max = 0.0358925 (LHeel)
[2024-10-09 18:06:09.408] [info] Frame 236 (t = 7.9):	 total squared error = 0.00960907, marker error: RMS = 0.0224887, max = 0.0349572 (LHeel)
[2024-10-09 18:06:09.453] [info] Frame 237 (t = 7.93333):	 total squared error = 0.00951039, marker error: RMS = 0.0223729, max = 0.0346481 (LHeel)
[2024-10-09 18:06:09.536] [info] Frame 238 (t = 7.96667):	 total squared error = 0.00962609, marker error: RMS = 0.0225086, max = 0.0347322 (LHeel)
[2024-10-09 18:06:09.553] [info] Frame 239 (t = 8.0):	 total squared error = 0.00997214, marker error: RMS = 0.0229096, max = 0.0354882 (LHeel)
[2024-10-09 18:06:09.612] [info] Frame 240 (t = 8.03333):	 total squared error = 0.0104310, marker error: RMS = 0.0234307, max = 0.0362874 (LHeel)
[2024-10-09 18:06:09.672] [info] Frame 241 (t = 8.06667):	 total squared error = 0.0108358, marker error: RMS = 0.023881, max = 0.0367849 (LHeel)
[2024-10-09 18:06:09.718] [info] Frame 242 (t = 8.1):	 total squared error = 0.0109817, marker error: RMS = 0.0240413, max = 0.0366665 (LHeel)
[2024-10-09 18:06:09.766] [info] Frame 243 (t = 8.13333):	 total squared error = 0.0108481, marker error: RMS = 0.0238946, max = 0.0360920 (LHeel)
[2024-10-09 18:06:09.869] [info] Frame 244 (t = 8.16667):	 total squared error = 0.0105570, marker error: RMS = 0.0235718, max = 0.0354321 (LHeel)
[2024-10-09 18:06:09.958] [info] Frame 245 (t = 8.2):	 total squared error = 0.0102416, marker error: RMS = 0.0232171, max = 0.0350764 (LHeel)
[2024-10-09 18:06:10.034] [info] Frame 246 (t = 8.23333):	 total squared error = 0.0100103, marker error: RMS = 0.0229533, max = 0.0351006 (LHeel)
[2024-10-09 18:06:10.112] [info] Frame 247 (t = 8.26667):	 total squared error = 0.00988968, marker error: RMS = 0.0228147, max = 0.0352984 (LHeel)
[2024-10-09 18:06:10.203] [info] Frame 248 (t = 8.3):	 total squared error = 0.00987694, marker error: RMS = 0.0228, max = 0.0357939 (LHeel)
[2024-10-09 18:06:10.275] [info] Frame 249 (t = 8.33333):	 total squared error = 0.00997897, marker error: RMS = 0.0229174, max = 0.0366565 (LHeel)
[2024-10-09 18:06:10.339] [info] Frame 250 (t = 8.36667):	 total squared error = 0.0102259, marker error: RMS = 0.0231993, max = 0.0375902 (LHeel)
[2024-10-09 18:06:10.388] [info] Frame 251 (t = 8.4):	 total squared error = 0.0106297, marker error: RMS = 0.0236528, max = 0.0384987 (LHeel)
[2024-10-09 18:06:10.499] [info] Frame 252 (t = 8.43333):	 total squared error = 0.0110911, marker error: RMS = 0.0241608, max = 0.0393137 (LHeel)
[2024-10-09 18:06:10.537] [info] Frame 253 (t = 8.46667):	 total squared error = 0.0115633, marker error: RMS = 0.0246697, max = 0.039969 (LHeel)
[2024-10-09 18:06:10.617] [info] Frame 254 (t = 8.5):	 total squared error = 0.0118797, marker error: RMS = 0.0250050, max = 0.0405644 (LHeel)
[2024-10-09 18:06:10.662] [info] Frame 255 (t = 8.53333):	 total squared error = 0.0120952, marker error: RMS = 0.0252307, max = 0.0406991 (LHeel)
[2024-10-09 18:06:10.734] [info] Frame 256 (t = 8.56667):	 total squared error = 0.0121535, marker error: RMS = 0.0252914, max = 0.0401404 (LHeel)
[2024-10-09 18:06:10.784] [info] Frame 257 (t = 8.6):	 total squared error = 0.0120863, marker error: RMS = 0.0252215, max = 0.0391373 (LHeel)
[2024-10-09 18:06:10.867] [info] Frame 258 (t = 8.63333):	 total squared error = 0.0118794, marker error: RMS = 0.0250047, max = 0.0378683 (LHeel)
[2024-10-09 18:06:10.945] [info] Frame 259 (t = 8.66667):	 total squared error = 0.0116466, marker error: RMS = 0.0247584, max = 0.0370156 (LHeel)
[2024-10-09 18:06:11.044] [info] Frame 260 (t = 8.7):	 total squared error = 0.011432, marker error: RMS = 0.0245293, max = 0.0367351 (LHeel)
[2024-10-09 18:06:11.096] [info] Frame 261 (t = 8.73333):	 total squared error = 0.0112554, marker error: RMS = 0.024339, max = 0.0368712 (LHeel)
[2024-10-09 18:06:11.160] [info] Frame 262 (t = 8.76667):	 total squared error = 0.0111374, marker error: RMS = 0.0242112, max = 0.03727 (LHeel)
[2024-10-09 18:06:11.232] [info] Frame 263 (t = 8.8):	 total squared error = 0.0111279, marker error: RMS = 0.0242008, max = 0.0379359 (LHeel)
[2024-10-09 18:06:11.335] [info] Frame 264 (t = 8.83333):	 total squared error = 0.0112055, marker error: RMS = 0.024285, max = 0.0386418 (LHeel)
[2024-10-09 18:06:11.396] [info] Frame 265 (t = 8.86667):	 total squared error = 0.011268, marker error: RMS = 0.0243527, max = 0.0393166 (LHeel)
[2024-10-09 18:06:11.444] [info] Frame 266 (t = 8.9):	 total squared error = 0.0111674, marker error: RMS = 0.0242437, max = 0.0389098 (LHeel)
[2024-10-09 18:06:11.483] [info] Frame 267 (t = 8.93333):	 total squared error = 0.0109156, marker error: RMS = 0.0239688, max = 0.0380623 (LHeel)
[2024-10-09 18:06:11.553] [info] Frame 268 (t = 8.96667):	 total squared error = 0.0105898, marker error: RMS = 0.0236084, max = 0.0368107 (LHeel)
[2024-10-09 18:06:11.629] [info] Frame 269 (t = 9.0):	 total squared error = 0.0103381, marker error: RMS = 0.0233262, max = 0.0357171 (LHeel)
[2024-10-09 18:06:11.644] [info] Frame 270 (t = 9.03333):	 total squared error = 0.0102758, marker error: RMS = 0.0232558, max = 0.0346677 (LHeel)
[2024-10-09 18:06:11.732] [info] Frame 271 (t = 9.06667):	 total squared error = 0.0102739, marker error: RMS = 0.0232536, max = 0.0344593 (LHeel)
[2024-10-09 18:06:11.822] [info] Frame 272 (t = 9.1):	 total squared error = 0.0104154, marker error: RMS = 0.0234132, max = 0.0343569 (LHeel)
[2024-10-09 18:06:11.872] [info] Frame 273 (t = 9.13333):	 total squared error = 0.0106225, marker error: RMS = 0.0236448, max = 0.0345758 (LHeel)
[2024-10-09 18:06:11.955] [info] Frame 274 (t = 9.16667):	 total squared error = 0.0108237, marker error: RMS = 0.0238678, max = 0.0348232 (LHeel)
[2024-10-09 18:06:12.012] [info] Frame 275 (t = 9.2):	 total squared error = 0.0109470, marker error: RMS = 0.0240033, max = 0.0352785 (LHeel)
[2024-10-09 18:06:12.060] [info] Frame 276 (t = 9.23333):	 total squared error = 0.0109576, marker error: RMS = 0.0240150, max = 0.0359091 (LHeel)
[2024-10-09 18:06:12.125] [info] Frame 277 (t = 9.26667):	 total squared error = 0.0108958, marker error: RMS = 0.0239471, max = 0.0362105 (LHeel)
[2024-10-09 18:06:12.144] [info] Frame 278 (t = 9.3):	 total squared error = 0.0108797, marker error: RMS = 0.0239294, max = 0.0365873 (LHeel)
[2024-10-09 18:06:12.179] [info] Frame 279 (t = 9.33333):	 total squared error = 0.0109715, marker error: RMS = 0.0240301, max = 0.0368357 (LHeel)
[2024-10-09 18:06:12.197] [info] Frame 280 (t = 9.36667):	 total squared error = 0.0112495, marker error: RMS = 0.0243327, max = 0.0370813 (LHeel)
[2024-10-09 18:06:12.283] [info] Frame 281 (t = 9.4):	 total squared error = 0.0115398, marker error: RMS = 0.0246446, max = 0.036817 (LHeel)
[2024-10-09 18:06:12.356] [info] Frame 282 (t = 9.43333):	 total squared error = 0.0117301, marker error: RMS = 0.024847, max = 0.0370860 (LShoulder)
[2024-10-09 18:06:12.453] [info] Frame 283 (t = 9.46667):	 total squared error = 0.0116743, marker error: RMS = 0.0247879, max = 0.037351 (LShoulder)
[2024-10-09 18:06:12.489] [info] Frame 284 (t = 9.5):	 total squared error = 0.0114053, marker error: RMS = 0.0245006, max = 0.0368305 (LHeel)
[2024-10-09 18:06:12.505] [info] Frame 285 (t = 9.53333):	 total squared error = 0.0110904, marker error: RMS = 0.02416, max = 0.0367545 (LHeel)
[2024-10-09 18:06:12.544] [info] Frame 286 (t = 9.56667):	 total squared error = 0.0108201, marker error: RMS = 0.0238638, max = 0.0365647 (LHeel)
[2024-10-09 18:06:12.602] [info] Frame 287 (t = 9.6):	 total squared error = 0.0106032, marker error: RMS = 0.0236233, max = 0.0359758 (LHeel)
[2024-10-09 18:06:12.667] [info] Frame 288 (t = 9.63333):	 total squared error = 0.0104520, marker error: RMS = 0.0234543, max = 0.0352097 (LHeel)
[2024-10-09 18:06:12.710] [info] Frame 289 (t = 9.66667):	 total squared error = 0.0104189, marker error: RMS = 0.0234172, max = 0.0343386 (LHeel)
[2024-10-09 18:06:12.775] [info] Frame 290 (t = 9.7):	 total squared error = 0.0105156, marker error: RMS = 0.0235256, max = 0.0338177 (LHeel)
[2024-10-09 18:06:12.870] [info] Frame 291 (t = 9.73333):	 total squared error = 0.0107018, marker error: RMS = 0.0237329, max = 0.0341346 (LShoulder)
[2024-10-09 18:06:12.916] [info] Frame 292 (t = 9.76667):	 total squared error = 0.0108880, marker error: RMS = 0.0239385, max = 0.0359109 (LShoulder)
[2024-10-09 18:06:12.966] [info] Frame 293 (t = 9.8):	 total squared error = 0.0109457, marker error: RMS = 0.0240019, max = 0.036841 (LShoulder)
[2024-10-09 18:06:13.049] [info] Frame 294 (t = 9.83333):	 total squared error = 0.0108470, marker error: RMS = 0.0238934, max = 0.0366998 (LShoulder)
[2024-10-09 18:06:13.110] [info] Frame 295 (t = 9.86667):	 total squared error = 0.0107240, marker error: RMS = 0.0237575, max = 0.0357846 (LShoulder)
[2024-10-09 18:06:13.159] [info] Frame 296 (t = 9.9):	 total squared error = 0.0106676, marker error: RMS = 0.023695, max = 0.0364671 (LHeel)
[2024-10-09 18:06:13.208] [info] Frame 297 (t = 9.93333):	 total squared error = 0.0106767, marker error: RMS = 0.0237051, max = 0.036945 (LHeel)
[2024-10-09 18:06:13.265] [info] Frame 298 (t = 9.96667):	 total squared error = 0.0107125, marker error: RMS = 0.0237448, max = 0.0370416 (LHeel)
[2024-10-09 18:06:13.318] [info] Frame 299 (t = 10.0):	 total squared error = 0.0107916, marker error: RMS = 0.0238323, max = 0.0370478 (LHeel)
[2024-10-09 18:06:13.406] [info] Frame 300 (t = 10.0333):	 total squared error = 0.0109139, marker error: RMS = 0.023967, max = 0.0369183 (LHeel)
[2024-10-09 18:06:13.422] [info] Frame 301 (t = 10.0667):	 total squared error = 0.0110389, marker error: RMS = 0.0241039, max = 0.0369798 (LHeel)
[2024-10-09 18:06:13.464] [info] Frame 302 (t = 10.1):	 total squared error = 0.0110424, marker error: RMS = 0.0241076, max = 0.0364331 (LHeel)
[2024-10-09 18:06:13.512] [info] Frame 303 (t = 10.1333):	 total squared error = 0.0108747, marker error: RMS = 0.0239239, max = 0.0356886 (LHeel)
[2024-10-09 18:06:13.598] [info] Frame 304 (t = 10.1667):	 total squared error = 0.0105960, marker error: RMS = 0.0236153, max = 0.0348509 (LHeel)
[2024-10-09 18:06:13.612] [info] Frame 305 (t = 10.2):	 total squared error = 0.0103057, marker error: RMS = 0.0232896, max = 0.0341121 (LHeel)
[2024-10-09 18:06:13.637] [info] Frame 306 (t = 10.2333):	 total squared error = 0.0100796, marker error: RMS = 0.0230327, max = 0.0334927 (LHeel)
[2024-10-09 18:06:13.655] [info] Frame 307 (t = 10.2667):	 total squared error = 0.00992850, marker error: RMS = 0.0228594, max = 0.0336715 (LHeel)
[2024-10-09 18:06:13.702] [info] Frame 308 (t = 10.3):	 total squared error = 0.00979225, marker error: RMS = 0.0227020, max = 0.0338317 (LHeel)
[2024-10-09 18:06:13.743] [info] Frame 309 (t = 10.3333):	 total squared error = 0.00970975, marker error: RMS = 0.0226062, max = 0.0345932 (LHeel)
[2024-10-09 18:06:13.786] [info] Frame 310 (t = 10.3667):	 total squared error = 0.00970055, marker error: RMS = 0.0225955, max = 0.0357614 (LHeel)
[2024-10-09 18:06:13.825] [info] Frame 311 (t = 10.4):	 total squared error = 0.00976813, marker error: RMS = 0.022674, max = 0.0373216 (LHeel)
[2024-10-09 18:06:13.858] [info] Frame 312 (t = 10.4333):	 total squared error = 0.00991685, marker error: RMS = 0.022846, max = 0.0389166 (LHeel)
[2024-10-09 18:06:13.888] [info] Frame 313 (t = 10.4667):	 total squared error = 0.0101471, marker error: RMS = 0.0231096, max = 0.0400679 (LHeel)
[2024-10-09 18:06:13.900] [info] Frame 314 (t = 10.5):	 total squared error = 0.0103903, marker error: RMS = 0.023385, max = 0.0406757 (LHeel)
[2024-10-09 18:06:13.967] [info] Frame 315 (t = 10.5333):	 total squared error = 0.0106393, marker error: RMS = 0.0236635, max = 0.0404853 (LHeel)
[2024-10-09 18:06:14.030] [info] Frame 316 (t = 10.5667):	 total squared error = 0.0108076, marker error: RMS = 0.0238499, max = 0.0399098 (LHeel)
[2024-10-09 18:06:14.104] [info] Frame 317 (t = 10.6):	 total squared error = 0.0108731, marker error: RMS = 0.0239222, max = 0.0387147 (LHeel)
[2024-10-09 18:06:14.154] [info] Frame 318 (t = 10.6333):	 total squared error = 0.0108472, marker error: RMS = 0.0238937, max = 0.0372774 (LHeel)
[2024-10-09 18:06:14.188] [info] Frame 319 (t = 10.6667):	 total squared error = 0.0107813, marker error: RMS = 0.0238209, max = 0.0359745 (LHeel)
[2024-10-09 18:06:14.300] [info] Frame 320 (t = 10.7):	 total squared error = 0.0106128, marker error: RMS = 0.023634, max = 0.0352095 (LHeel)
[2024-10-09 18:06:14.365] [info] Frame 321 (t = 10.7333):	 total squared error = 0.0104654, marker error: RMS = 0.0234694, max = 0.0351861 (LHeel)
[2024-10-09 18:06:14.446] [info] Frame 322 (t = 10.7667):	 total squared error = 0.0103038, marker error: RMS = 0.0232874, max = 0.0357633 (LHeel)
[2024-10-09 18:06:14.478] [info] Frame 323 (t = 10.8):	 total squared error = 0.0101885, marker error: RMS = 0.0231568, max = 0.0369844 (LHeel)
[2024-10-09 18:06:14.497] [info] Frame 324 (t = 10.8333):	 total squared error = 0.0102038, marker error: RMS = 0.0231742, max = 0.0382924 (LHeel)
[2024-10-09 18:06:14.529] [info] Frame 325 (t = 10.8667):	 total squared error = 0.0104128, marker error: RMS = 0.0234103, max = 0.0396747 (LHeel)
[2024-10-09 18:06:14.578] [info] Frame 326 (t = 10.9):	 total squared error = 0.0106251, marker error: RMS = 0.0236478, max = 0.0402200 (LHeel)
[2024-10-09 18:06:14.632] [info] Frame 327 (t = 10.9333):	 total squared error = 0.0107648, marker error: RMS = 0.0238027, max = 0.0403077 (LHeel)
[2024-10-09 18:06:14.688] [info] Frame 328 (t = 10.9667):	 total squared error = 0.0107085, marker error: RMS = 0.0237404, max = 0.0399762 (LHeel)
[2024-10-09 18:06:14.710] [info] Frame 329 (t = 11.0):	 total squared error = 0.0105218, marker error: RMS = 0.0235325, max = 0.0391765 (LHeel)
[2024-10-09 18:06:14.730] [info] Frame 330 (t = 11.0333):	 total squared error = 0.0103401, marker error: RMS = 0.0233284, max = 0.0383282 (LHeel)
[2024-10-09 18:06:14.824] [info] Frame 331 (t = 11.0667):	 total squared error = 0.0102082, marker error: RMS = 0.0231791, max = 0.0375925 (LHeel)
[2024-10-09 18:06:14.882] [info] Frame 332 (t = 11.1):	 total squared error = 0.0102247, marker error: RMS = 0.0231979, max = 0.0368496 (LHeel)
[2024-10-09 18:06:14.964] [info] Frame 333 (t = 11.1333):	 total squared error = 0.0103023, marker error: RMS = 0.0232858, max = 0.0362141 (LHeel)
[2024-10-09 18:06:14.991] [info] Frame 334 (t = 11.1667):	 total squared error = 0.0103613, marker error: RMS = 0.0233523, max = 0.037217 (Neck)
[2024-10-09 18:06:15.047] [info] Frame 335 (t = 11.2):	 total squared error = 0.0104118, marker error: RMS = 0.0234091, max = 0.0391351 (Neck)
[2024-10-09 18:06:15.064] [info] Frame 336 (t = 11.2333):	 total squared error = 0.0104884, marker error: RMS = 0.0234951, max = 0.0408337 (Neck)
[2024-10-09 18:06:15.081] [info] Frame 337 (t = 11.2667):	 total squared error = 0.0107307, marker error: RMS = 0.023765, max = 0.0421723 (Neck)
[2024-10-09 18:06:15.153] [info] Frame 338 (t = 11.3):	 total squared error = 0.0110250, marker error: RMS = 0.0240886, max = 0.0432222 (Neck)
[2024-10-09 18:06:15.215] [info] Frame 339 (t = 11.3333):	 total squared error = 0.0112177, marker error: RMS = 0.0242982, max = 0.0432366 (Neck)
[2024-10-09 18:06:15.260] [info] Frame 340 (t = 11.3667):	 total squared error = 0.0111474, marker error: RMS = 0.024222, max = 0.0424437 (Neck)
[2024-10-09 18:06:15.325] [info] Frame 341 (t = 11.4):	 total squared error = 0.0109160, marker error: RMS = 0.0239692, max = 0.0409894 (Neck)
[2024-10-09 18:06:15.374] [info] Frame 342 (t = 11.4333):	 total squared error = 0.0108031, marker error: RMS = 0.0238451, max = 0.0389154 (Neck)
[2024-10-09 18:06:15.411] [info] Frame 343 (t = 11.4667):	 total squared error = 0.0110298, marker error: RMS = 0.0240938, max = 0.0399535 (LShoulder)
[2024-10-09 18:06:15.504] [info] Frame 344 (t = 11.5):	 total squared error = 0.0115806, marker error: RMS = 0.0246881, max = 0.0460833 (LShoulder)
[2024-10-09 18:06:15.538] [info] Frame 345 (t = 11.5333):	 total squared error = 0.0123736, marker error: RMS = 0.0255194, max = 0.0506673 (LShoulder)
[2024-10-09 18:06:15.623] [info] Frame 346 (t = 11.5667):	 total squared error = 0.0130710, marker error: RMS = 0.0262287, max = 0.0539478 (LShoulder)
[2024-10-09 18:06:15.696] [info] Frame 347 (t = 11.6):	 total squared error = 0.0134081, marker error: RMS = 0.0265648, max = 0.0556656 (LShoulder)
[2024-10-09 18:06:15.762] [info] Frame 348 (t = 11.6333):	 total squared error = 0.013289, marker error: RMS = 0.0264466, max = 0.0559198 (LShoulder)
[2024-10-09 18:06:15.843] [info] Frame 349 (t = 11.6667):	 total squared error = 0.0127927, marker error: RMS = 0.0259481, max = 0.0547583 (LShoulder)
[2024-10-09 18:06:15.937] [info] Frame 350 (t = 11.7):	 total squared error = 0.011997, marker error: RMS = 0.0251281, max = 0.0523669 (LShoulder)
[2024-10-09 18:06:15.989] [info] Frame 351 (t = 11.7333):	 total squared error = 0.0109530, marker error: RMS = 0.0240099, max = 0.0487367 (LShoulder)
[2024-10-09 18:06:16.060] [info] Frame 352 (t = 11.7667):	 total squared error = 0.00967155, marker error: RMS = 0.0225617, max = 0.0430074 (LShoulder)
[2024-10-09 18:06:16.133] [info] Frame 353 (t = 11.8):	 total squared error = 0.00835671, marker error: RMS = 0.0209720, max = 0.0369046 (RShoulder)
[2024-10-09 18:06:16.163] [info] Frame 354 (t = 11.8333):	 total squared error = 0.00735180, marker error: RMS = 0.0196707, max = 0.0327125 (RShoulder)
[2024-10-09 18:06:16.233] [info] Frame 355 (t = 11.8667):	 total squared error = 0.00677393, marker error: RMS = 0.0188818, max = 0.0330336 (Neck)
[2024-10-09 18:06:16.299] [info] Frame 356 (t = 11.9):	 total squared error = 0.00653950, marker error: RMS = 0.0185522, max = 0.0334251 (Neck)
[2024-10-09 18:06:16.364] [info] Frame 357 (t = 11.9333):	 total squared error = 0.00642578, marker error: RMS = 0.0183902, max = 0.0333244 (Neck)
[2024-10-09 18:06:16.404] [info] Frame 358 (t = 11.9667):	 total squared error = 0.00637250, marker error: RMS = 0.0183138, max = 0.032227 (Neck)
[2024-10-09 18:06:16.477] [info] Frame 359 (t = 12.0):	 total squared error = 0.00629962, marker error: RMS = 0.0182088, max = 0.0302957 (Neck)
[2024-10-09 18:06:16.522] [info] Frame 360 (t = 12.0333):	 total squared error = 0.00619967, marker error: RMS = 0.0180637, max = 0.0291908 (LHeel)
[2024-10-09 18:06:16.592] [info] Frame 361 (t = 12.0667):	 total squared error = 0.00597178, marker error: RMS = 0.0177286, max = 0.0294928 (LHeel)
[2024-10-09 18:06:16.632] [info] Frame 362 (t = 12.1):	 total squared error = 0.00564874, marker error: RMS = 0.0172425, max = 0.0287067 (LHeel)
[2024-10-09 18:06:16.680] [info] Frame 363 (t = 12.1333):	 total squared error = 0.00529349, marker error: RMS = 0.0166915, max = 0.0267171 (LHeel)
[2024-10-09 18:06:16.727] [info] Frame 364 (t = 12.1667):	 total squared error = 0.00497855, marker error: RMS = 0.0161873, max = 0.0266706 (RShoulder)
[2024-10-09 18:06:16.771] [info] Frame 365 (t = 12.2):	 total squared error = 0.00471938, marker error: RMS = 0.0157603, max = 0.0268197 (RShoulder)
[2024-10-09 18:06:16.841] [info] Frame 366 (t = 12.2333):	 total squared error = 0.00452173, marker error: RMS = 0.0154268, max = 0.0279347 (LShoulder)
[2024-10-09 18:06:16.905] [info] Frame 367 (t = 12.2667):	 total squared error = 0.00438071, marker error: RMS = 0.0151843, max = 0.0293119 (LShoulder)
[2024-10-09 18:06:16.971] [info] Frame 368 (t = 12.3):	 total squared error = 0.00431547, marker error: RMS = 0.0150708, max = 0.0306530 (LShoulder)
[2024-10-09 18:06:17.041] [info] Frame 369 (t = 12.3333):	 total squared error = 0.00436792, marker error: RMS = 0.0151621, max = 0.0319548 (LShoulder)
[2024-10-09 18:06:17.098] [info] Frame 370 (t = 12.3667):	 total squared error = 0.00459605, marker error: RMS = 0.0155531, max = 0.0333856 (LShoulder)
[2024-10-09 18:06:17.150] [info] Frame 371 (t = 12.4):	 total squared error = 0.00500838, marker error: RMS = 0.0162357, max = 0.0348752 (LShoulder)
[2024-10-09 18:06:17.200] [info] Frame 372 (t = 12.4333):	 total squared error = 0.00553699, marker error: RMS = 0.0170710, max = 0.0364149 (LShoulder)
[2024-10-09 18:06:17.277] [info] Frame 373 (t = 12.4667):	 total squared error = 0.00611861, marker error: RMS = 0.0179452, max = 0.0377342 (LShoulder)
[2024-10-09 18:06:17.341] [info] Frame 374 (t = 12.5):	 total squared error = 0.00673487, marker error: RMS = 0.0188273, max = 0.0388010 (LShoulder)
[2024-10-09 18:06:17.405] [info] Frame 375 (t = 12.5333):	 total squared error = 0.00730762, marker error: RMS = 0.0196115, max = 0.0392786 (LShoulder)
[2024-10-09 18:06:17.478] [info] Frame 376 (t = 12.5667):	 total squared error = 0.00756138, marker error: RMS = 0.0199491, max = 0.0389584 (LShoulder)
[2024-10-09 18:06:17.525] [info] Frame 377 (t = 12.6):	 total squared error = 0.00727698, marker error: RMS = 0.0195704, max = 0.0379383 (RShoulder)
[2024-10-09 18:06:17.572] [info] Frame 378 (t = 12.6333):	 total squared error = 0.00661560, marker error: RMS = 0.0186598, max = 0.0367191 (RShoulder)
[2024-10-09 18:06:17.654] [info] Frame 379 (t = 12.6667):	 total squared error = 0.00605684, marker error: RMS = 0.0178544, max = 0.0351591 (RShoulder)
[2024-10-09 18:06:17.810] [info] Frame 380 (t = 12.7):	 total squared error = 0.00593975, marker error: RMS = 0.017681, max = 0.0338863 (RShoulder)
[2024-10-09 18:06:17.860] [info] Frame 381 (t = 12.7333):	 total squared error = 0.00619454, marker error: RMS = 0.0180563, max = 0.0328215 (RShoulder)
[2024-10-09 18:06:17.905] [info] Frame 382 (t = 12.7667):	 total squared error = 0.00635365, marker error: RMS = 0.0182867, max = 0.0318185 (RShoulder)
[2024-10-09 18:06:17.982] [info] Frame 383 (t = 12.8):	 total squared error = 0.00614795, marker error: RMS = 0.0179882, max = 0.0333785 (RKnee)
[2024-10-09 18:06:18.032] [info] Frame 384 (t = 12.8333):	 total squared error = 0.00580902, marker error: RMS = 0.0174854, max = 0.0347053 (RKnee)
[2024-10-09 18:06:18.065] [info] Frame 385 (t = 12.8667):	 total squared error = 0.00556043, marker error: RMS = 0.0171071, max = 0.0344698 (RKnee)
[2024-10-09 18:06:18.123] [info] Frame 386 (t = 12.9):	 total squared error = 0.00546401, marker error: RMS = 0.0169582, max = 0.0335107 (RKnee)
[2024-10-09 18:06:18.196] [info] Frame 387 (t = 12.9333):	 total squared error = 0.00563539, marker error: RMS = 0.0172221, max = 0.0315263 (RKnee)
[2024-10-09 18:06:18.249] [info] Frame 388 (t = 12.9667):	 total squared error = 0.00579485, marker error: RMS = 0.017464, max = 0.0283488 (RKnee)
[2024-10-09 18:06:18.349] [info] Frame 389 (t = 13.0):	 total squared error = 0.00570128, marker error: RMS = 0.0173224, max = 0.028527 (RSmallToe)
[2024-10-09 18:06:18.435] [info] Frame 390 (t = 13.0333):	 total squared error = 0.00545329, marker error: RMS = 0.0169415, max = 0.0274981 (RShoulder)
[2024-10-09 18:06:18.578] [info] Frame 391 (t = 13.0667):	 total squared error = 0.00532567, marker error: RMS = 0.0167421, max = 0.0272594 (RShoulder)
[2024-10-09 18:06:18.625] [info] Frame 392 (t = 13.1):	 total squared error = 0.00545879, marker error: RMS = 0.0169501, max = 0.0281269 (RKnee)
[2024-10-09 18:06:18.661] [info] Frame 393 (t = 13.1333):	 total squared error = 0.00586536, marker error: RMS = 0.01757, max = 0.032319 (RKnee)
[2024-10-09 18:06:18.726] [info] Frame 394 (t = 13.1667):	 total squared error = 0.00641793, marker error: RMS = 0.018379, max = 0.0360893 (RKnee)
[2024-10-09 18:06:18.797] [info] Frame 395 (t = 13.2):	 total squared error = 0.00688813, marker error: RMS = 0.0190403, max = 0.0392829 (RKnee)
[2024-10-09 18:06:18.875] [info] Frame 396 (t = 13.2333):	 total squared error = 0.00718664, marker error: RMS = 0.0194485, max = 0.0415579 (RKnee)
[2024-10-09 18:06:18.914] [info] Frame 397 (t = 13.2667):	 total squared error = 0.00731071, marker error: RMS = 0.0196157, max = 0.0423906 (RKnee)
[2024-10-09 18:06:18.964] [info] Frame 398 (t = 13.3):	 total squared error = 0.00713188, marker error: RMS = 0.0193743, max = 0.0402229 (RKnee)
[2024-10-09 18:06:19.038] [info] Frame 399 (t = 13.3333):	 total squared error = 0.00644015, marker error: RMS = 0.0184107, max = 0.0334761 (RKnee)
[2024-10-09 18:06:19.083] [info] Frame 400 (t = 13.3667):	 total squared error = 0.00547821, marker error: RMS = 0.0169802, max = 0.0271468 (RAnkle)
[2024-10-09 18:06:19.145] [info] Frame 401 (t = 13.4):	 total squared error = 0.00464833, marker error: RMS = 0.0156413, max = 0.0240138 (RAnkle)
[2024-10-09 18:06:19.211] [info] Frame 402 (t = 13.4333):	 total squared error = 0.00416807, marker error: RMS = 0.0148112, max = 0.0223225 (Neck)
[2024-10-09 18:06:19.292] [info] Frame 403 (t = 13.4667):	 total squared error = 0.00399681, marker error: RMS = 0.0145037, max = 0.0216259 (Neck)
[2024-10-09 18:06:19.359] [info] Frame 404 (t = 13.5):	 total squared error = 0.00398899, marker error: RMS = 0.0144896, max = 0.0209867 (LHeel)
[2024-10-09 18:06:19.411] [info] Frame 405 (t = 13.5333):	 total squared error = 0.00412944, marker error: RMS = 0.0147424, max = 0.0223213 (LKnee)
[2024-10-09 18:06:19.463] [info] Frame 406 (t = 13.5667):	 total squared error = 0.00445183, marker error: RMS = 0.0153071, max = 0.0275991 (LKnee)
[2024-10-09 18:06:19.533] [info] Frame 407 (t = 13.6):	 total squared error = 0.00484016, marker error: RMS = 0.0159607, max = 0.0318645 (LKnee)
[2024-10-09 18:06:19.577] [info] Frame 408 (t = 13.6333):	 total squared error = 0.00514529, marker error: RMS = 0.0164561, max = 0.0326161 (LKnee)
[2024-10-09 18:06:19.635] [info] Frame 409 (t = 13.6667):	 total squared error = 0.00536967, marker error: RMS = 0.0168111, max = 0.0310154 (LKnee)
[2024-10-09 18:06:19.685] [info] Frame 410 (t = 13.7):	 total squared error = 0.00553203, marker error: RMS = 0.0170634, max = 0.0291595 (LKnee)
[2024-10-09 18:06:19.748] [info] Frame 411 (t = 13.7333):	 total squared error = 0.00564951, marker error: RMS = 0.0172436, max = 0.0285265 (LKnee)
[2024-10-09 18:06:19.821] [info] Frame 412 (t = 13.7667):	 total squared error = 0.00574081, marker error: RMS = 0.0173824, max = 0.0287951 (LKnee)
[2024-10-09 18:06:19.867] [info] Frame 413 (t = 13.8):	 total squared error = 0.00569863, marker error: RMS = 0.0173184, max = 0.0289676 (RKnee)
[2024-10-09 18:06:19.931] [info] Frame 414 (t = 13.8333):	 total squared error = 0.00545049, marker error: RMS = 0.0169372, max = 0.0289355 (RKnee)
[2024-10-09 18:06:19.992] [info] Frame 415 (t = 13.8667):	 total squared error = 0.00514757, marker error: RMS = 0.0164598, max = 0.0283593 (RKnee)
[2024-10-09 18:06:20.047] [info] Frame 416 (t = 13.9):	 total squared error = 0.00494203, marker error: RMS = 0.0161278, max = 0.0278087 (RKnee)
[2024-10-09 18:06:20.114] [info] Frame 417 (t = 13.9333):	 total squared error = 0.00469766, marker error: RMS = 0.015724, max = 0.0273543 (RKnee)
[2024-10-09 18:06:20.161] [info] Frame 418 (t = 13.9667):	 total squared error = 0.00434051, marker error: RMS = 0.0151145, max = 0.0273022 (RKnee)
[2024-10-09 18:06:20.239] [info] Frame 419 (t = 14.0):	 total squared error = 0.00398830, marker error: RMS = 0.0144883, max = 0.0273237 (RKnee)
[2024-10-09 18:06:20.286] [info] Frame 420 (t = 14.0333):	 total squared error = 0.00384299, marker error: RMS = 0.0142219, max = 0.0270647 (RKnee)
[2024-10-09 18:06:20.325] [info] Frame 421 (t = 14.0667):	 total squared error = 0.00389454, marker error: RMS = 0.014317, max = 0.0261135 (RKnee)
[2024-10-09 18:06:20.372] [info] Frame 422 (t = 14.1):	 total squared error = 0.00412166, marker error: RMS = 0.0147285, max = 0.0262451 (RKnee)
[2024-10-09 18:06:20.456] [info] Frame 423 (t = 14.1333):	 total squared error = 0.00444591, marker error: RMS = 0.0152969, max = 0.0263942 (RKnee)
[2024-10-09 18:06:20.520] [info] Frame 424 (t = 14.1667):	 total squared error = 0.00472950, marker error: RMS = 0.0157772, max = 0.0267906 (LHeel)
[2024-10-09 18:06:20.574] [info] Frame 425 (t = 14.2):	 total squared error = 0.00484300, marker error: RMS = 0.0159654, max = 0.0275335 (LHeel)
[2024-10-09 18:06:20.620] [info] Frame 426 (t = 14.2333):	 total squared error = 0.00484184, marker error: RMS = 0.0159635, max = 0.0270822 (LHeel)
[2024-10-09 18:06:20.693] [info] Frame 427 (t = 14.2667):	 total squared error = 0.00486419, marker error: RMS = 0.0160003, max = 0.0265801 (RShoulder)
[2024-10-09 18:06:20.732] [info] Frame 428 (t = 14.3):	 total squared error = 0.00495072, marker error: RMS = 0.016142, max = 0.0281639 (RKnee)
[2024-10-09 18:06:20.773] [info] Frame 429 (t = 14.3333):	 total squared error = 0.00514060, marker error: RMS = 0.0164487, max = 0.0313256 (RKnee)
[2024-10-09 18:06:20.822] [info] Frame 430 (t = 14.3667):	 total squared error = 0.00554603, marker error: RMS = 0.0170850, max = 0.0352667 (RKnee)
[2024-10-09 18:06:20.874] [info] Frame 431 (t = 14.4):	 total squared error = 0.00613614, marker error: RMS = 0.0179709, max = 0.0382012 (RKnee)
[2024-10-09 18:06:20.937] [info] Frame 432 (t = 14.4333):	 total squared error = 0.00655964, marker error: RMS = 0.0185807, max = 0.0390336 (RKnee)
[2024-10-09 18:06:21.014] [info] Frame 433 (t = 14.4667):	 total squared error = 0.00633910, marker error: RMS = 0.0182657, max = 0.0364797 (RKnee)
[2024-10-09 18:06:21.080] [info] Frame 434 (t = 14.5):	 total squared error = 0.00566195, marker error: RMS = 0.0172626, max = 0.0320183 (RKnee)
[2024-10-09 18:06:21.154] [info] Frame 435 (t = 14.5333):	 total squared error = 0.00509946, marker error: RMS = 0.0163827, max = 0.0276682 (RKnee)
[2024-10-09 18:06:21.204] [info] Frame 436 (t = 14.5667):	 total squared error = 0.00500237, marker error: RMS = 0.016226, max = 0.028228 (RHeel)
[2024-10-09 18:06:21.250] [info] Frame 437 (t = 14.6):	 total squared error = 0.00517139, marker error: RMS = 0.0164978, max = 0.0301202 (RHeel)
[2024-10-09 18:06:21.310] [info] Frame 438 (t = 14.6333):	 total squared error = 0.00529824, marker error: RMS = 0.0166989, max = 0.0311778 (RHeel)
[2024-10-09 18:06:21.408] [info] Frame 439 (t = 14.6667):	 total squared error = 0.00527484, marker error: RMS = 0.016662, max = 0.031112 (RHeel)
[2024-10-09 18:06:21.473] [info] Frame 440 (t = 14.7):	 total squared error = 0.00516528, marker error: RMS = 0.0164881, max = 0.0302822 (RHeel)
[2024-10-09 18:06:21.543] [info] Frame 441 (t = 14.7333):	 total squared error = 0.00509935, marker error: RMS = 0.0163825, max = 0.0290343 (RHeel)
[2024-10-09 18:06:21.601] [info] Frame 442 (t = 14.7667):	 total squared error = 0.00519351, marker error: RMS = 0.0165331, max = 0.0287804 (LKnee)
[2024-10-09 18:06:21.650] [info] Frame 443 (t = 14.8):	 total squared error = 0.00536661, marker error: RMS = 0.0168063, max = 0.0350334 (LKnee)
[2024-10-09 18:06:21.719] [info] Frame 444 (t = 14.8333):	 total squared error = 0.00546837, marker error: RMS = 0.0169649, max = 0.0383607 (LKnee)
[2024-10-09 18:06:21.789] [info] Frame 445 (t = 14.8667):	 total squared error = 0.00564579, marker error: RMS = 0.017238, max = 0.0387546 (LKnee)
[2024-10-09 18:06:21.855] [info] Frame 446 (t = 14.9):	 total squared error = 0.00597037, marker error: RMS = 0.0177265, max = 0.0381425 (LKnee)
[2024-10-09 18:06:21.897] [info] Frame 447 (t = 14.9333):	 total squared error = 0.00622081, marker error: RMS = 0.0180945, max = 0.0388921 (LKnee)
[2024-10-09 18:06:21.931] [info] Frame 448 (t = 14.9667):	 total squared error = 0.00632842, marker error: RMS = 0.0182503, max = 0.0415943 (LKnee)
[2024-10-09 18:06:21.998] [info] Frame 449 (t = 15.0):	 total squared error = 0.00644035, marker error: RMS = 0.018411, max = 0.0462219 (LKnee)
[2024-10-09 18:06:22.076] [info] Frame 450 (t = 15.0333):	 total squared error = 0.00657419, marker error: RMS = 0.0186013, max = 0.0491923 (LKnee)
[2024-10-09 18:06:22.157] [info] Frame 451 (t = 15.0667):	 total squared error = 0.00624342, marker error: RMS = 0.0181274, max = 0.0470374 (LKnee)
[2024-10-09 18:06:22.238] [info] Frame 452 (t = 15.1):	 total squared error = 0.00523692, marker error: RMS = 0.0166020, max = 0.0382946 (LKnee)
[2024-10-09 18:06:22.302] [info] Frame 453 (t = 15.1333):	 total squared error = 0.00411053, marker error: RMS = 0.0147086, max = 0.025559 (LKnee)
[2024-10-09 18:06:22.347] [info] Frame 454 (t = 15.1667):	 total squared error = 0.00353512, marker error: RMS = 0.0136403, max = 0.0226471 (LShoulder)
[2024-10-09 18:06:22.428] [info] Frame 455 (t = 15.2):	 total squared error = 0.00358574, marker error: RMS = 0.0137376, max = 0.0249405 (LShoulder)
[2024-10-09 18:06:22.480] [info] Frame 456 (t = 15.2333):	 total squared error = 0.00399600, marker error: RMS = 0.0145023, max = 0.0273174 (LShoulder)
[2024-10-09 18:06:22.538] [info] Frame 457 (t = 15.2667):	 total squared error = 0.00447587, marker error: RMS = 0.0153484, max = 0.0297103 (LShoulder)
[2024-10-09 18:06:22.618] [info] Frame 458 (t = 15.3):	 total squared error = 0.00487760, marker error: RMS = 0.0160224, max = 0.0314399 (LShoulder)
[2024-10-09 18:06:22.673] [info] Frame 459 (t = 15.3333):	 total squared error = 0.00522283, marker error: RMS = 0.0165797, max = 0.0318875 (LShoulder)
[2024-10-09 18:06:22.750] [info] Frame 460 (t = 15.3667):	 total squared error = 0.00559203, marker error: RMS = 0.0171557, max = 0.0312991 (RShoulder)
[2024-10-09 18:06:22.828] [info] Frame 461 (t = 15.4):	 total squared error = 0.00596425, marker error: RMS = 0.0177175, max = 0.0310776 (RShoulder)
[2024-10-09 18:06:22.889] [info] Frame 462 (t = 15.4333):	 total squared error = 0.00620935, marker error: RMS = 0.0180778, max = 0.0303619 (RShoulder)
[2024-10-09 18:06:22.954] [info] Frame 463 (t = 15.4667):	 total squared error = 0.00640287, marker error: RMS = 0.0183574, max = 0.0324148 (Neck)
[2024-10-09 18:06:22.996] [info] Frame 464 (t = 15.5):	 total squared error = 0.00656852, marker error: RMS = 0.0185933, max = 0.0338328 (Neck)
[2024-10-09 18:06:23.035] [info] Frame 465 (t = 15.5333):	 total squared error = 0.00659886, marker error: RMS = 0.0186362, max = 0.0348487 (Neck)
[2024-10-09 18:06:23.082] [info] Frame 466 (t = 15.5667):	 total squared error = 0.00661683, marker error: RMS = 0.0186616, max = 0.035458 (Neck)
[2024-10-09 18:06:23.167] [info] Frame 467 (t = 15.6):	 total squared error = 0.00674641, marker error: RMS = 0.0188434, max = 0.036915 (RKnee)
[2024-10-09 18:06:23.257] [info] Frame 468 (t = 15.6333):	 total squared error = 0.00710760, marker error: RMS = 0.0193413, max = 0.0402666 (RKnee)
[2024-10-09 18:06:23.342] [info] Frame 469 (t = 15.6667):	 total squared error = 0.00765546, marker error: RMS = 0.0200728, max = 0.041732 (RKnee)
[2024-10-09 18:06:23.419] [info] Frame 470 (t = 15.7):	 total squared error = 0.00825614, marker error: RMS = 0.0208455, max = 0.039715 (RKnee)
[2024-10-09 18:06:23.467] [info] Frame 471 (t = 15.7333):	 total squared error = 0.00859318, marker error: RMS = 0.0212667, max = 0.033792 (RHeel)
[2024-10-09 18:06:23.525] [info] Frame 472 (t = 15.7667):	 total squared error = 0.00855399, marker error: RMS = 0.0212181, max = 0.0347003 (RHeel)
[2024-10-09 18:06:23.644] [info] Frame 473 (t = 15.8):	 total squared error = 0.00828336, marker error: RMS = 0.0208798, max = 0.0310770 (LShoulder)
[2024-10-09 18:06:23.691] [info] Frame 474 (t = 15.8333):	 total squared error = 0.00794872, marker error: RMS = 0.0204537, max = 0.0320534 (LHeel)
[2024-10-09 18:06:23.775] [info] Frame 475 (t = 15.8667):	 total squared error = 0.00742831, marker error: RMS = 0.0197728, max = 0.0321277 (LHeel)
[2024-10-09 18:06:23.839] [info] Frame 476 (t = 15.9):	 total squared error = 0.00686925, marker error: RMS = 0.0190142, max = 0.0308379 (LHeel)
[2024-10-09 18:06:23.878] [info] Frame 477 (t = 15.9333):	 total squared error = 0.00645667, marker error: RMS = 0.0184343, max = 0.0285331 (LHeel)
[2024-10-09 18:06:23.944] [info] Frame 478 (t = 15.9667):	 total squared error = 0.00631227, marker error: RMS = 0.018227, max = 0.0244684 (RShoulder)
[2024-10-09 18:06:23.990] [info] Frame 479 (t = 16.0):	 total squared error = 0.00665382, marker error: RMS = 0.0187137, max = 0.0289694 (LKnee)
[2024-10-09 18:06:24.042] [info] Frame 480 (t = 16.0333):	 total squared error = 0.00769066, marker error: RMS = 0.0201189, max = 0.0367551 (LKnee)
[2024-10-09 18:06:24.118] [info] Frame 481 (t = 16.0667):	 total squared error = 0.00936022, marker error: RMS = 0.0221956, max = 0.0440220 (LKnee)
[2024-10-09 18:06:24.178] [info] Frame 482 (t = 16.1):	 total squared error = 0.0109958, marker error: RMS = 0.0240568, max = 0.0487131 (LKnee)
[2024-10-09 18:06:24.282] [info] Frame 483 (t = 16.1333):	 total squared error = 0.011883, marker error: RMS = 0.0250084, max = 0.0526437 (Neck)
[2024-10-09 18:06:24.387] [info] Frame 484 (t = 16.1667):	 total squared error = 0.0119219, marker error: RMS = 0.0250493, max = 0.0526568 (Neck)
[2024-10-09 18:06:24.430] [info] Frame 485 (t = 16.2):	 total squared error = 0.0119526, marker error: RMS = 0.0250815, max = 0.0532932 (LKnee)
[2024-10-09 18:06:24.519] [info] Frame 486 (t = 16.2333):	 total squared error = 0.0126614, marker error: RMS = 0.0258145, max = 0.0537954 (LKnee)
[2024-10-09 18:06:24.592] [info] Frame 487 (t = 16.2667):	 total squared error = 0.0142076, marker error: RMS = 0.0273453, max = 0.0517172 (LKnee)
[2024-10-09 18:06:24.667] [info] Frame 488 (t = 16.3):	 total squared error = 0.0157735, marker error: RMS = 0.0288129, max = 0.0495361 (LHeel)
[2024-10-09 18:06:24.751] [info] Frame 489 (t = 16.3333):	 total squared error = 0.0158548, marker error: RMS = 0.0288871, max = 0.0530084 (LHeel)
[2024-10-09 18:06:24.822] [info] Frame 490 (t = 16.3667):	 total squared error = 0.0140218, marker error: RMS = 0.0271659, max = 0.0488082 (LHeel)
[2024-10-09 18:06:24.928] [info] Frame 491 (t = 16.4):	 total squared error = 0.0116277, marker error: RMS = 0.0247383, max = 0.0406257 (LHeel)
[2024-10-09 18:06:25.000] [info] Frame 492 (t = 16.4333):	 total squared error = 0.0102999, marker error: RMS = 0.0232831, max = 0.0366759 (LHeel)
[2024-10-09 18:06:25.135] [info] Frame 493 (t = 16.4667):	 total squared error = 0.0100256, marker error: RMS = 0.0229709, max = 0.0392118 (LHeel)
[2024-10-09 18:06:25.260] [info] Frame 494 (t = 16.5):	 total squared error = 0.00983974, marker error: RMS = 0.022757, max = 0.0416874 (LHeel)
[2024-10-09 18:06:25.324] [info] Frame 495 (t = 16.5333):	 total squared error = 0.00970007, marker error: RMS = 0.0225949, max = 0.0437546 (LHeel)
[2024-10-09 18:06:25.387] [info] Frame 496 (t = 16.5667):	 total squared error = 0.00946729, marker error: RMS = 0.0223222, max = 0.0449752 (LHeel)
[2024-10-09 18:06:25.445] [info] Frame 497 (t = 16.6):	 total squared error = 0.00926153, marker error: RMS = 0.0220782, max = 0.046162 (LHeel)
[2024-10-09 18:06:25.545] [info] Frame 498 (t = 16.6333):	 total squared error = 0.00866655, marker error: RMS = 0.0213573, max = 0.0439653 (LHeel)
[2024-10-09 18:06:25.603] [info] Frame 499 (t = 16.6667):	 total squared error = 0.00830750, marker error: RMS = 0.0209102, max = 0.0432006 (LHeel)
[2024-10-09 18:06:25.683] [info] Frame 500 (t = 16.7):	 total squared error = 0.00797439, marker error: RMS = 0.0204867, max = 0.0420101 (LHeel)
[2024-10-09 18:06:25.737] [info] Frame 501 (t = 16.7333):	 total squared error = 0.00793463, marker error: RMS = 0.0204356, max = 0.0409868 (LHeel)
[2024-10-09 18:06:25.787] [info] Frame 502 (t = 16.7667):	 total squared error = 0.00860595, marker error: RMS = 0.0212825, max = 0.0404921 (LHeel)
[2024-10-09 18:06:25.933] [info] Frame 503 (t = 16.8):	 total squared error = 0.0101718, marker error: RMS = 0.0231378, max = 0.0403896 (LHeel)
[2024-10-09 18:06:25.994] [info] Frame 504 (t = 16.8333):	 total squared error = 0.0125544, marker error: RMS = 0.0257052, max = 0.0414781 (LHeel)
[2024-10-09 18:06:26.051] [info] Frame 505 (t = 16.8667):	 total squared error = 0.0151732, marker error: RMS = 0.0282593, max = 0.0462845 (LSmallToe)
[2024-10-09 18:06:26.095] [info] Frame 506 (t = 16.9):	 total squared error = 0.017151, marker error: RMS = 0.0300447, max = 0.0523627 (LSmallToe)
[2024-10-09 18:06:26.136] [info] Frame 507 (t = 16.9333):	 total squared error = 0.0177705, marker error: RMS = 0.0305825, max = 0.0550044 (LSmallToe)
[2024-10-09 18:06:26.236] [info] Frame 508 (t = 16.9667):	 total squared error = 0.0169955, marker error: RMS = 0.0299082, max = 0.055399 (LSmallToe)
[2024-10-09 18:06:26.317] [info] Frame 509 (t = 17.0):	 total squared error = 0.0153193, marker error: RMS = 0.028395, max = 0.0535227 (LSmallToe)
[2024-10-09 18:06:26.406] [info] Frame 510 (t = 17.0333):	 total squared error = 0.0132888, marker error: RMS = 0.0264464, max = 0.0505764 (LSmallToe)
[2024-10-09 18:06:26.465] [info] Frame 511 (t = 17.0667):	 total squared error = 0.0114557, marker error: RMS = 0.0245547, max = 0.0467054 (LSmallToe)
[2024-10-09 18:06:26.538] [info] Frame 512 (t = 17.1):	 total squared error = 0.0102965, marker error: RMS = 0.0232792, max = 0.0427351 (LSmallToe)
[2024-10-09 18:06:26.573] [info] Frame 513 (t = 17.1333):	 total squared error = 0.00991166, marker error: RMS = 0.02284, max = 0.0395747 (LSmallToe)
[2024-10-09 18:06:26.689] [info] Frame 514 (t = 17.1667):	 total squared error = 0.00983961, marker error: RMS = 0.0227569, max = 0.0377069 (LSmallToe)
[2024-10-09 18:06:26.747] [info] Frame 515 (t = 17.2):	 total squared error = 0.00989446, marker error: RMS = 0.0228202, max = 0.0392904 (LBigToe)
[2024-10-09 18:06:26.815] [info] Frame 516 (t = 17.2333):	 total squared error = 0.00983113, marker error: RMS = 0.022747, max = 0.0406688 (LBigToe)
[2024-10-09 18:06:26.863] [info] Frame 517 (t = 17.2667):	 total squared error = 0.00986865, marker error: RMS = 0.0227904, max = 0.0409517 (LBigToe)
[2024-10-09 18:06:26.895] [info] Frame 518 (t = 17.3):	 total squared error = 0.0100721, marker error: RMS = 0.0230241, max = 0.0409781 (LBigToe)
[2024-10-09 18:06:26.928] [info] Frame 519 (t = 17.3333):	 total squared error = 0.0103414, marker error: RMS = 0.0233299, max = 0.0409281 (LBigToe)
[2024-10-09 18:06:26.960] [info] Frame 520 (t = 17.3667):	 total squared error = 0.0106194, marker error: RMS = 0.0236414, max = 0.0414234 (LBigToe)
[2024-10-09 18:06:27.000] [info] Frame 521 (t = 17.4):	 total squared error = 0.0108508, marker error: RMS = 0.0238975, max = 0.0419165 (LBigToe)
[2024-10-09 18:06:27.031] [info] Frame 522 (t = 17.4333):	 total squared error = 0.0109350, marker error: RMS = 0.0239901, max = 0.0416914 (LBigToe)
[2024-10-09 18:06:27.104] [info] Frame 523 (t = 17.4667):	 total squared error = 0.0107530, marker error: RMS = 0.0237897, max = 0.0401977 (LBigToe)
[2024-10-09 18:06:27.123] [info] Frame 524 (t = 17.5):	 total squared error = 0.0103026, marker error: RMS = 0.023286, max = 0.037113 (LSmallToe)
[2024-10-09 18:06:27.156] [info] Frame 525 (t = 17.5333):	 total squared error = 0.00968014, marker error: RMS = 0.0225717, max = 0.0351534 (LSmallToe)
[2024-10-09 18:06:27.190] [info] Frame 526 (t = 17.5667):	 total squared error = 0.00910444, marker error: RMS = 0.0218902, max = 0.0341603 (Neck)
[2024-10-09 18:06:27.228] [info] Frame 527 (t = 17.6):	 total squared error = 0.00880179, marker error: RMS = 0.0215233, max = 0.0341282 (Neck)
[2024-10-09 18:06:27.270] [info] Frame 528 (t = 17.6333):	 total squared error = 0.00880578, marker error: RMS = 0.0215282, max = 0.0340458 (Neck)
[2024-10-09 18:06:27.317] [info] Frame 529 (t = 17.6667):	 total squared error = 0.00895174, marker error: RMS = 0.0217059, max = 0.0339064 (Neck)
[2024-10-09 18:06:27.403] [info] Frame 530 (t = 17.7):	 total squared error = 0.00909204, marker error: RMS = 0.0218753, max = 0.0338553 (Neck)
[2024-10-09 18:06:27.430] [info] Frame 531 (t = 17.7333):	 total squared error = 0.00934964, marker error: RMS = 0.022183, max = 0.0338455 (Neck)
[2024-10-09 18:06:27.455] [info] Frame 532 (t = 17.7667):	 total squared error = 0.00978802, marker error: RMS = 0.0226971, max = 0.035514 (LSmallToe)
[2024-10-09 18:06:27.503] [info] Frame 533 (t = 17.8):	 total squared error = 0.0102255, marker error: RMS = 0.0231988, max = 0.0373088 (LSmallToe)
[2024-10-09 18:06:27.568] [info] Frame 534 (t = 17.8333):	 total squared error = 0.0104137, marker error: RMS = 0.0234113, max = 0.0379344 (LSmallToe)
[2024-10-09 18:06:27.618] [info] Frame 535 (t = 17.8667):	 total squared error = 0.0103104, marker error: RMS = 0.0232949, max = 0.0376524 (LSmallToe)
[2024-10-09 18:06:27.667] [info] Frame 536 (t = 17.9):	 total squared error = 0.0100418, marker error: RMS = 0.0229894, max = 0.0367688 (LSmallToe)
[2024-10-09 18:06:27.691] [info] Frame 537 (t = 17.9333):	 total squared error = 0.00972364, marker error: RMS = 0.0226223, max = 0.0356809 (LSmallToe)
[2024-10-09 18:06:27.753] [info] Frame 538 (t = 17.9667):	 total squared error = 0.00950862, marker error: RMS = 0.0223708, max = 0.0348934 (LSmallToe)
[2024-10-09 18:06:27.818] [info] Frame 539 (t = 18.0):	 total squared error = 0.00949828, marker error: RMS = 0.0223587, max = 0.0352012 (LSmallToe)
[2024-10-09 18:06:27.883] [info] Frame 540 (t = 18.0333):	 total squared error = 0.00970092, marker error: RMS = 0.0225959, max = 0.0369339 (LSmallToe)
[2024-10-09 18:06:27.904] [info] Frame 541 (t = 18.0667):	 total squared error = 0.0101523, marker error: RMS = 0.0231156, max = 0.0396354 (LSmallToe)
[2024-10-09 18:06:27.936] [info] Frame 542 (t = 18.1):	 total squared error = 0.0108030, marker error: RMS = 0.0238449, max = 0.0423529 (LSmallToe)
[2024-10-09 18:06:27.957] [info] Frame 543 (t = 18.1333):	 total squared error = 0.0114333, marker error: RMS = 0.0245306, max = 0.044145 (LSmallToe)
[2024-10-09 18:06:28.031] [info] Frame 544 (t = 18.1667):	 total squared error = 0.0119065, marker error: RMS = 0.0250331, max = 0.0449625 (LSmallToe)
[2024-10-09 18:06:28.084] [info] Frame 545 (t = 18.2):	 total squared error = 0.0121639, marker error: RMS = 0.0253023, max = 0.0449554 (LSmallToe)
[2024-10-09 18:06:28.152] [info] Frame 546 (t = 18.2333):	 total squared error = 0.0121784, marker error: RMS = 0.0253174, max = 0.0444025 (LSmallToe)
[2024-10-09 18:06:28.214] [info] Frame 547 (t = 18.2667):	 total squared error = 0.0119331, marker error: RMS = 0.0250611, max = 0.0433563 (LSmallToe)
[2024-10-09 18:06:28.268] [info] Frame 548 (t = 18.3):	 total squared error = 0.0114221, marker error: RMS = 0.0245186, max = 0.0418495 (LSmallToe)
[2024-10-09 18:06:28.288] [info] Frame 549 (t = 18.3333):	 total squared error = 0.0107006, marker error: RMS = 0.0237316, max = 0.0396516 (LSmallToe)
[2024-10-09 18:06:28.310] [info] Frame 550 (t = 18.3667):	 total squared error = 0.00997957, marker error: RMS = 0.0229181, max = 0.0369555 (LSmallToe)
[2024-10-09 18:06:28.348] [info] Frame 551 (t = 18.4):	 total squared error = 0.00951897, marker error: RMS = 0.022383, max = 0.0355125 (LSmallToe)
[2024-10-09 18:06:28.405] [info] Frame 552 (t = 18.4333):	 total squared error = 0.00932903, marker error: RMS = 0.0221586, max = 0.0351127 (LSmallToe)
[2024-10-09 18:06:28.466] [info] Frame 553 (t = 18.4667):	 total squared error = 0.00934986, marker error: RMS = 0.0221833, max = 0.0361812 (LSmallToe)
[2024-10-09 18:06:28.540] [info] Frame 554 (t = 18.5):	 total squared error = 0.00954836, marker error: RMS = 0.0224175, max = 0.0380996 (LSmallToe)
[2024-10-09 18:06:28.565] [info] Frame 555 (t = 18.5333):	 total squared error = 0.00987020, marker error: RMS = 0.0227922, max = 0.0402876 (LSmallToe)
[2024-10-09 18:06:28.597] [info] Frame 556 (t = 18.5667):	 total squared error = 0.0102174, marker error: RMS = 0.0231896, max = 0.0414826 (LSmallToe)
[2024-10-09 18:06:28.698] [info] Frame 557 (t = 18.6):	 total squared error = 0.0105772, marker error: RMS = 0.0235944, max = 0.0428408 (LSmallToe)
[2024-10-09 18:06:28.783] [info] Frame 558 (t = 18.6333):	 total squared error = 0.0108292, marker error: RMS = 0.0238738, max = 0.0437036 (LSmallToe)
[2024-10-09 18:06:28.850] [info] Frame 559 (t = 18.6667):	 total squared error = 0.0108651, marker error: RMS = 0.0239133, max = 0.0439279 (LSmallToe)
[2024-10-09 18:06:28.954] [info] Frame 560 (t = 18.7):	 total squared error = 0.0107000, marker error: RMS = 0.023731, max = 0.0437658 (LSmallToe)
[2024-10-09 18:06:29.042] [info] Frame 561 (t = 18.7333):	 total squared error = 0.0105194, marker error: RMS = 0.0235298, max = 0.0435669 (LSmallToe)
[2024-10-09 18:06:29.123] [info] Frame 562 (t = 18.7667):	 total squared error = 0.0104009, marker error: RMS = 0.0233969, max = 0.0435583 (LSmallToe)
[2024-10-09 18:06:29.166] [info] Frame 563 (t = 18.8):	 total squared error = 0.0103171, marker error: RMS = 0.0233025, max = 0.0431814 (LSmallToe)
[2024-10-09 18:06:29.264] [info] Frame 564 (t = 18.8333):	 total squared error = 0.0102292, marker error: RMS = 0.0232030, max = 0.0428253 (LSmallToe)
[2024-10-09 18:06:29.376] [info] Frame 565 (t = 18.8667):	 total squared error = 0.0102554, marker error: RMS = 0.0232327, max = 0.042498 (LSmallToe)
[2024-10-09 18:06:29.429] [info] Frame 566 (t = 18.9):	 total squared error = 0.0104907, marker error: RMS = 0.0234977, max = 0.0433262 (LSmallToe)
[2024-10-09 18:06:29.508] [info] Frame 567 (t = 18.9333):	 total squared error = 0.0109577, marker error: RMS = 0.0240150, max = 0.0454057 (LSmallToe)
[2024-10-09 18:06:29.558] [info] Frame 568 (t = 18.9667):	 total squared error = 0.0115236, marker error: RMS = 0.0246273, max = 0.0479496 (LSmallToe)
[2024-10-09 18:06:29.601] [info] Frame 569 (t = 19.0):	 total squared error = 0.0118604, marker error: RMS = 0.0249847, max = 0.0495227 (LSmallToe)
[2024-10-09 18:06:29.655] [info] Frame 570 (t = 19.0333):	 total squared error = 0.0116283, marker error: RMS = 0.024739, max = 0.0491555 (LSmallToe)
[2024-10-09 18:06:29.693] [info] Frame 571 (t = 19.0667):	 total squared error = 0.0108112, marker error: RMS = 0.0238539, max = 0.0461256 (LSmallToe)
[2024-10-09 18:06:29.733] [info] Frame 572 (t = 19.1):	 total squared error = 0.0100374, marker error: RMS = 0.0229844, max = 0.0405502 (LSmallToe)
[2024-10-09 18:06:29.768] [info] Frame 573 (t = 19.1333):	 total squared error = 0.0103156, marker error: RMS = 0.0233008, max = 0.0412663 (LAnkle)
[2024-10-09 18:06:29.782] [info] InverseKinematicsTool completed 574 frames in 34 second(s).
