[2024-10-09 17:35:40.040] [info] Preparing to run InverseKinematicsTool.
[2024-10-09 17:35:40.063] [info] Loaded model Pose2Sim_scaled from file Model_Pose2Sim_Halpe26_scaled.osim
[2024-10-09 17:35:40.063] [warning] Couldn't find file 'r_pelvis.vtp'.
[2024-10-09 17:35:40.063] [warning] Couldn't find file 'l_pelvis.vtp'.
[2024-10-09 17:35:40.063] [warning] Couldn't find file 'sacrum.vtp'.
[2024-10-09 17:35:40.064] [warning] Couldn't find file 'femur_r.vtp'.
[2024-10-09 17:35:40.064] [warning] Couldn't find file 'r_patella.vtp'.
[2024-10-09 17:35:40.064] [warning] Couldn't find file 'tibia_r.vtp'.
[2024-10-09 17:35:40.064] [warning] Couldn't find file 'fibula_r.vtp'.
[2024-10-09 17:35:40.064] [warning] Couldn't find file 'talus_rv.vtp'.
[2024-10-09 17:35:40.064] [warning] Couldn't find file 'foot.vtp'.
[2024-10-09 17:35:40.064] [warning] Couldn't find file 'bofoot.vtp'.
[2024-10-09 17:35:40.065] [warning] Couldn't find file 'femur_l.vtp'.
[2024-10-09 17:35:40.065] [warning] Couldn't find file 'l_patella.vtp'.
[2024-10-09 17:35:40.065] [warning] Couldn't find file 'tibia_l.vtp'.
[2024-10-09 17:35:40.065] [warning] Couldn't find file 'fibula_l.vtp'.
[2024-10-09 17:35:40.065] [warning] Couldn't find file 'talus_lv.vtp'.
[2024-10-09 17:35:40.065] [warning] Couldn't find file 'l_foot.vtp'.
[2024-10-09 17:35:40.065] [warning] Couldn't find file 'l_bofoot.vtp'.
[2024-10-09 17:35:40.065] [warning] Couldn't find file 'lumbar5.vtp'.
[2024-10-09 17:35:40.066] [warning] Couldn't find file 'lumbar4.vtp'.
[2024-10-09 17:35:40.066] [warning] Couldn't find file 'lumbar3.vtp'.
[2024-10-09 17:35:40.066] [warning] Couldn't find file 'lumbar2.vtp'.
[2024-10-09 17:35:40.066] [warning] Couldn't find file 'lumbar1.vtp'.
[2024-10-09 17:35:40.066] [warning] Couldn't find file 'cerv1sm.vtp'.
[2024-10-09 17:35:40.066] [warning] Couldn't find file 'cerv2sm.vtp'.
[2024-10-09 17:35:40.066] [warning] Couldn't find file 'cerv3sm.vtp'.
[2024-10-09 17:35:40.066] [warning] Couldn't find file 'cerv4sm.vtp'.
[2024-10-09 17:35:40.067] [warning] Couldn't find file 'cerv5sm.vtp'.
[2024-10-09 17:35:40.067] [warning] Couldn't find file 'cerv6sm.vtp'.
[2024-10-09 17:35:40.067] [warning] Couldn't find file 'cerv7.vtp'.
[2024-10-09 17:35:40.067] [warning] Couldn't find file 'thoracic12_s.vtp'.
[2024-10-09 17:35:40.067] [warning] Couldn't find file 'thoracic11_s.vtp'.
[2024-10-09 17:35:40.067] [warning] Couldn't find file 'thoracic10_s.vtp'.
[2024-10-09 17:35:40.067] [warning] Couldn't find file 'thoracic9_s.vtp'.
[2024-10-09 17:35:40.067] [warning] Couldn't find file 'thoracic8_s.vtp'.
[2024-10-09 17:35:40.068] [warning] Couldn't find file 'thoracic7_s.vtp'.
[2024-10-09 17:35:40.068] [warning] Couldn't find file 'thoracic6_s.vtp'.
[2024-10-09 17:35:40.068] [warning] Couldn't find file 'thoracic5_s.vtp'.
[2024-10-09 17:35:40.068] [warning] Couldn't find file 'thoracic4_s.vtp'.
[2024-10-09 17:35:40.068] [warning] Couldn't find file 'thoracic3_s.vtp'.
[2024-10-09 17:35:40.068] [warning] Couldn't find file 'thoracic2_s.vtp'.
[2024-10-09 17:35:40.068] [warning] Couldn't find file 'thoracic1_s.vtp'.
[2024-10-09 17:35:40.069] [warning] Couldn't find file 'hat_ribs_scap.vtp'.
[2024-10-09 17:35:40.069] [warning] Couldn't find file 'hat_jaw.vtp'.
[2024-10-09 17:35:40.069] [warning] Couldn't find file 'hat_skull.vtp'.
[2024-10-09 17:35:40.069] [warning] Couldn't find file 'humerus_rv.vtp'.
[2024-10-09 17:35:40.069] [warning] Couldn't find file 'ulna_rv.vtp'.
[2024-10-09 17:35:40.069] [warning] Couldn't find file 'radius_rv.vtp'.
[2024-10-09 17:35:40.069] [warning] Couldn't find file 'pisiform_rvs.vtp'.
[2024-10-09 17:35:40.070] [warning] Couldn't find file 'lunate_rvs.vtp'.
[2024-10-09 17:35:40.070] [warning] Couldn't find file 'scaphoid_rvs.vtp'.
[2024-10-09 17:35:40.070] [warning] Couldn't find file 'triquetrum_rvs.vtp'.
[2024-10-09 17:35:40.070] [warning] Couldn't find file 'hamate_rvs.vtp'.
[2024-10-09 17:35:40.070] [warning] Couldn't find file 'capitate_rvs.vtp'.
[2024-10-09 17:35:40.071] [warning] Couldn't find file 'trapezoid_rvs.vtp'.
[2024-10-09 17:35:40.071] [warning] Couldn't find file 'trapezium_rvs.vtp'.
[2024-10-09 17:35:40.071] [warning] Couldn't find file 'metacarpal2_rvs.vtp'.
[2024-10-09 17:35:40.071] [warning] Couldn't find file 'index_proximal_rvs.vtp'.
[2024-10-09 17:35:40.071] [warning] Couldn't find file 'index_medial_rvs.vtp'.
[2024-10-09 17:35:40.071] [warning] Couldn't find file 'index_distal_rvs.vtp'.
[2024-10-09 17:35:40.072] [warning] Couldn't find file 'metacarpal3_rvs.vtp'.
[2024-10-09 17:35:40.072] [warning] Couldn't find file 'middle_proximal_rvs.vtp'.
[2024-10-09 17:35:40.072] [warning] Couldn't find file 'middle_medial_rvs.vtp'.
[2024-10-09 17:35:40.072] [warning] Couldn't find file 'middle_distal_rvs.vtp'.
[2024-10-09 17:35:40.072] [warning] Couldn't find file 'metacarpal4_rvs.vtp'.
[2024-10-09 17:35:40.072] [warning] Couldn't find file 'ring_proximal_rvs.vtp'.
[2024-10-09 17:35:40.072] [warning] Couldn't find file 'ring_medial_rvs.vtp'.
[2024-10-09 17:35:40.072] [warning] Couldn't find file 'ring_distal_rvs.vtp'.
[2024-10-09 17:35:40.073] [warning] Couldn't find file 'metacarpal5_rvs.vtp'.
[2024-10-09 17:35:40.073] [warning] Couldn't find file 'little_proximal_rvs.vtp'.
[2024-10-09 17:35:40.073] [warning] Couldn't find file 'little_medial_rvs.vtp'.
[2024-10-09 17:35:40.073] [warning] Couldn't find file 'little_distal_rvs.vtp'.
[2024-10-09 17:35:40.073] [warning] Couldn't find file 'metacarpal1_rvs.vtp'.
[2024-10-09 17:35:40.073] [warning] Couldn't find file 'thumb_proximal_rvs.vtp'.
[2024-10-09 17:35:40.074] [warning] Couldn't find file 'thumb_distal_rvs.vtp'.
[2024-10-09 17:35:40.074] [warning] Couldn't find file 'humerus_lv.vtp'.
[2024-10-09 17:35:40.074] [warning] Couldn't find file 'ulna_lv.vtp'.
[2024-10-09 17:35:40.074] [warning] Couldn't find file 'radius_lv.vtp'.
[2024-10-09 17:35:40.074] [warning] Couldn't find file 'pisiform_lvs.vtp'.
[2024-10-09 17:35:40.074] [warning] Couldn't find file 'lunate_lvs.vtp'.
[2024-10-09 17:35:40.074] [warning] Couldn't find file 'scaphoid_lvs.vtp'.
[2024-10-09 17:35:40.074] [warning] Couldn't find file 'triquetrum_lvs.vtp'.
[2024-10-09 17:35:40.075] [warning] Couldn't find file 'hamate_lvs.vtp'.
[2024-10-09 17:35:40.075] [warning] Couldn't find file 'capitate_lvs.vtp'.
[2024-10-09 17:35:40.075] [warning] Couldn't find file 'trapezoid_lvs.vtp'.
[2024-10-09 17:35:40.075] [warning] Couldn't find file 'trapezium_lvs.vtp'.
[2024-10-09 17:35:40.075] [warning] Couldn't find file 'metacarpal2_lvs.vtp'.
[2024-10-09 17:35:40.075] [warning] Couldn't find file 'index_proximal_lvs.vtp'.
[2024-10-09 17:35:40.075] [warning] Couldn't find file 'index_medial_lvs.vtp'.
[2024-10-09 17:35:40.075] [warning] Couldn't find file 'index_distal_lvs.vtp'.
[2024-10-09 17:35:40.076] [warning] Couldn't find file 'metacarpal3_lvs.vtp'.
[2024-10-09 17:35:40.076] [warning] Couldn't find file 'middle_proximal_lvs.vtp'.
[2024-10-09 17:35:40.076] [warning] Couldn't find file 'middle_medial_lvs.vtp'.
[2024-10-09 17:35:40.076] [warning] Couldn't find file 'middle_distal_lvs.vtp'.
[2024-10-09 17:35:40.076] [warning] Couldn't find file 'metacarpal4_lvs.vtp'.
[2024-10-09 17:35:40.076] [warning] Couldn't find file 'ring_proximal_lvs.vtp'.
[2024-10-09 17:35:40.076] [warning] Couldn't find file 'ring_medial_lvs.vtp'.
[2024-10-09 17:35:40.076] [warning] Couldn't find file 'ring_distal_lvs.vtp'.
[2024-10-09 17:35:40.077] [warning] Couldn't find file 'metacarpal5_lvs.vtp'.
[2024-10-09 17:35:40.077] [warning] Couldn't find file 'little_proximal_lvs.vtp'.
[2024-10-09 17:35:40.077] [warning] Couldn't find file 'little_medial_lvs.vtp'.
[2024-10-09 17:35:40.077] [warning] Couldn't find file 'little_distal_lvs.vtp'.
[2024-10-09 17:35:40.077] [warning] Couldn't find file 'metacarpal1_lvs.vtp'.
[2024-10-09 17:35:40.077] [warning] Couldn't find file 'thumb_proximal_lvs.vtp'.
[2024-10-09 17:35:40.077] [warning] Couldn't find file 'thumb_distal_lvs.vtp'.
[2024-10-09 17:35:40.079] [cout] [info] 
               MODEL: Pose2Sim_scaled
         coordinates: 62
              forces: 0
           actuators: 0
             muscles: 0
            analyses: 0
              probes: 0
              bodies: 30
              joints: 30
         constraints: 20
             markers: 22
         controllers: 0
  contact geometries: 0
misc modelcomponents: 0
[2024-10-09 17:35:40.080] [info] Running tool .
[2024-10-09 17:35:40.412] [info] Frame 0 (t = 0.0333333):	 total squared error = 0.0136034, marker error: RMS = 0.0267576, max = 0.0591584 (LShoulder)
[2024-10-09 17:35:40.481] [info] Frame 1 (t = 0.0666667):	 total squared error = 0.0110092, marker error: RMS = 0.0240714, max = 0.0523469 (LShoulder)
[2024-10-09 17:35:40.538] [info] Frame 2 (t = 0.1):	 total squared error = 0.0100946, marker error: RMS = 0.0230498, max = 0.0461372 (LShoulder)
[2024-10-09 17:35:40.599] [info] Frame 3 (t = 0.133333):	 total squared error = 0.0100501, marker error: RMS = 0.022999, max = 0.0410070 (LShoulder)
[2024-10-09 17:35:40.625] [info] Frame 4 (t = 0.166667):	 total squared error = 0.0101735, marker error: RMS = 0.0231398, max = 0.0370418 (LShoulder)
[2024-10-09 17:35:40.693] [info] Frame 5 (t = 0.2):	 total squared error = 0.0101848, marker error: RMS = 0.0231526, max = 0.0345287 (LShoulder)
[2024-10-09 17:35:40.735] [info] Frame 6 (t = 0.233333):	 total squared error = 0.0101355, marker error: RMS = 0.0230965, max = 0.0334976 (LSmallToe)
[2024-10-09 17:35:40.792] [info] Frame 7 (t = 0.266667):	 total squared error = 0.0101321, marker error: RMS = 0.0230926, max = 0.0329806 (LSmallToe)
[2024-10-09 17:35:40.840] [info] Frame 8 (t = 0.3):	 total squared error = 0.0103124, marker error: RMS = 0.0232972, max = 0.0332913 (LShoulder)
[2024-10-09 17:35:40.857] [info] Frame 9 (t = 0.333333):	 total squared error = 0.0107672, marker error: RMS = 0.0238054, max = 0.0352839 (LShoulder)
[2024-10-09 17:35:40.889] [info] Frame 10 (t = 0.366667):	 total squared error = 0.0115378, marker error: RMS = 0.0246425, max = 0.0388525 (LShoulder)
[2024-10-09 17:35:40.921] [info] Frame 11 (t = 0.4):	 total squared error = 0.0127943, marker error: RMS = 0.0259496, max = 0.043957 (LShoulder)
[2024-10-09 17:35:41.004] [info] Frame 12 (t = 0.433333):	 total squared error = 0.0143388, marker error: RMS = 0.0274714, max = 0.0491198 (LShoulder)
[2024-10-09 17:35:41.128] [info] Frame 13 (t = 0.466667):	 total squared error = 0.0158969, marker error: RMS = 0.0289254, max = 0.0536456 (LShoulder)
[2024-10-09 17:35:41.179] [info] Frame 14 (t = 0.5):	 total squared error = 0.0169839, marker error: RMS = 0.029898, max = 0.0564791 (LShoulder)
[2024-10-09 17:35:41.249] [info] Frame 15 (t = 0.533333):	 total squared error = 0.0174487, marker error: RMS = 0.0303043, max = 0.057346 (LShoulder)
[2024-10-09 17:35:41.292] [info] Frame 16 (t = 0.566667):	 total squared error = 0.0173998, marker error: RMS = 0.0302619, max = 0.0564633 (LShoulder)
[2024-10-09 17:35:41.335] [info] Frame 17 (t = 0.6):	 total squared error = 0.0170483, marker error: RMS = 0.0299546, max = 0.0536499 (LShoulder)
[2024-10-09 17:35:41.396] [info] Frame 18 (t = 0.633333):	 total squared error = 0.0165433, marker error: RMS = 0.0295076, max = 0.0500545 (LShoulder)
[2024-10-09 17:35:41.420] [info] Frame 19 (t = 0.666667):	 total squared error = 0.0160935, marker error: RMS = 0.0291037, max = 0.0461294 (LShoulder)
[2024-10-09 17:35:41.445] [info] Frame 20 (t = 0.7):	 total squared error = 0.0158005, marker error: RMS = 0.0288376, max = 0.0435666 (LShoulder)
[2024-10-09 17:35:41.522] [info] Frame 21 (t = 0.733333):	 total squared error = 0.015617, marker error: RMS = 0.0286696, max = 0.0431476 (LShoulder)
[2024-10-09 17:35:41.594] [info] Frame 22 (t = 0.766667):	 total squared error = 0.0155197, marker error: RMS = 0.0285802, max = 0.0440105 (LShoulder)
[2024-10-09 17:35:41.642] [info] Frame 23 (t = 0.8):	 total squared error = 0.0154557, marker error: RMS = 0.0285211, max = 0.0465156 (LShoulder)
[2024-10-09 17:35:41.697] [info] Frame 24 (t = 0.833333):	 total squared error = 0.0153967, marker error: RMS = 0.0284667, max = 0.0500061 (LShoulder)
[2024-10-09 17:35:41.763] [info] Frame 25 (t = 0.866667):	 total squared error = 0.0152322, marker error: RMS = 0.0283142, max = 0.053265 (LShoulder)
[2024-10-09 17:35:41.815] [info] Frame 26 (t = 0.9):	 total squared error = 0.0148688, marker error: RMS = 0.0279744, max = 0.0552865 (LShoulder)
[2024-10-09 17:35:41.861] [info] Frame 27 (t = 0.933333):	 total squared error = 0.0143609, marker error: RMS = 0.0274925, max = 0.0557813 (LShoulder)
[2024-10-09 17:35:41.881] [info] Frame 28 (t = 0.966667):	 total squared error = 0.0139192, marker error: RMS = 0.0270663, max = 0.0550143 (LShoulder)
[2024-10-09 17:35:41.937] [info] Frame 29 (t = 1.0):	 total squared error = 0.0137429, marker error: RMS = 0.0268945, max = 0.0548859 (LShoulder)
[2024-10-09 17:35:41.962] [info] Frame 30 (t = 1.03333):	 total squared error = 0.0139605, marker error: RMS = 0.0271065, max = 0.0551476 (LShoulder)
[2024-10-09 17:35:41.993] [info] Frame 31 (t = 1.06667):	 total squared error = 0.014376, marker error: RMS = 0.0275069, max = 0.055972 (LShoulder)
[2024-10-09 17:35:42.027] [info] Frame 32 (t = 1.1):	 total squared error = 0.0147281, marker error: RMS = 0.0278418, max = 0.0566607 (LShoulder)
[2024-10-09 17:35:42.076] [info] Frame 33 (t = 1.13333):	 total squared error = 0.0148001, marker error: RMS = 0.0279097, max = 0.0565387 (LShoulder)
[2024-10-09 17:35:42.135] [info] Frame 34 (t = 1.16667):	 total squared error = 0.0145102, marker error: RMS = 0.027635, max = 0.0555351 (LShoulder)
[2024-10-09 17:35:42.203] [info] Frame 35 (t = 1.2):	 total squared error = 0.0140303, marker error: RMS = 0.0271742, max = 0.0535434 (LShoulder)
[2024-10-09 17:35:42.262] [info] Frame 36 (t = 1.23333):	 total squared error = 0.0136375, marker error: RMS = 0.0267911, max = 0.0507871 (LShoulder)
[2024-10-09 17:35:42.320] [info] Frame 37 (t = 1.26667):	 total squared error = 0.0135743, marker error: RMS = 0.0267289, max = 0.0481086 (LShoulder)
[2024-10-09 17:35:42.368] [info] Frame 38 (t = 1.3):	 total squared error = 0.0138639, marker error: RMS = 0.0270126, max = 0.0462764 (LShoulder)
[2024-10-09 17:35:42.384] [info] Frame 39 (t = 1.33333):	 total squared error = 0.0142923, marker error: RMS = 0.0274268, max = 0.0453006 (LShoulder)
[2024-10-09 17:35:42.400] [info] Frame 40 (t = 1.36667):	 total squared error = 0.0146033, marker error: RMS = 0.0277235, max = 0.0443675 (LShoulder)
[2024-10-09 17:35:42.466] [info] Frame 41 (t = 1.4):	 total squared error = 0.0147372, marker error: RMS = 0.0278503, max = 0.0433363 (LShoulder)
[2024-10-09 17:35:42.529] [info] Frame 42 (t = 1.43333):	 total squared error = 0.0148758, marker error: RMS = 0.027981, max = 0.0428793 (LShoulder)
[2024-10-09 17:35:42.585] [info] Frame 43 (t = 1.46667):	 total squared error = 0.0151136, marker error: RMS = 0.0282038, max = 0.0433062 (LShoulder)
[2024-10-09 17:35:42.654] [info] Frame 44 (t = 1.5):	 total squared error = 0.0153689, marker error: RMS = 0.028441, max = 0.0444947 (LShoulder)
[2024-10-09 17:35:42.695] [info] Frame 45 (t = 1.53333):	 total squared error = 0.0155183, marker error: RMS = 0.0285789, max = 0.0462484 (LShoulder)
[2024-10-09 17:35:42.762] [info] Frame 46 (t = 1.56667):	 total squared error = 0.0155261, marker error: RMS = 0.028586, max = 0.0485292 (LShoulder)
[2024-10-09 17:35:42.821] [info] Frame 47 (t = 1.6):	 total squared error = 0.0154866, marker error: RMS = 0.0285497, max = 0.0512148 (LShoulder)
[2024-10-09 17:35:42.893] [info] Frame 48 (t = 1.63333):	 total squared error = 0.0155181, marker error: RMS = 0.0285787, max = 0.0538094 (LShoulder)
[2024-10-09 17:35:42.952] [info] Frame 49 (t = 1.66667):	 total squared error = 0.0156364, marker error: RMS = 0.0286875, max = 0.0557042 (LShoulder)
[2024-10-09 17:35:43.042] [info] Frame 50 (t = 1.7):	 total squared error = 0.0158051, marker error: RMS = 0.0288418, max = 0.0565862 (LShoulder)
[2024-10-09 17:35:43.093] [info] Frame 51 (t = 1.73333):	 total squared error = 0.0159763, marker error: RMS = 0.0289976, max = 0.0563466 (LShoulder)
[2024-10-09 17:35:43.117] [info] Frame 52 (t = 1.76667):	 total squared error = 0.0160666, marker error: RMS = 0.0290794, max = 0.0550437 (LShoulder)
[2024-10-09 17:35:43.135] [info] Frame 53 (t = 1.8):	 total squared error = 0.015969, marker error: RMS = 0.0289909, max = 0.0529175 (LShoulder)
[2024-10-09 17:35:43.154] [info] Frame 54 (t = 1.83333):	 total squared error = 0.0155918, marker error: RMS = 0.0286464, max = 0.0503662 (LShoulder)
[2024-10-09 17:35:43.221] [info] Frame 55 (t = 1.86667):	 total squared error = 0.0148042, marker error: RMS = 0.0279136, max = 0.0472028 (LShoulder)
[2024-10-09 17:35:43.236] [info] Frame 56 (t = 1.9):	 total squared error = 0.0139158, marker error: RMS = 0.0270631, max = 0.04374 (LShoulder)
[2024-10-09 17:35:43.255] [info] Frame 57 (t = 1.93333):	 total squared error = 0.0131296, marker error: RMS = 0.0262875, max = 0.0399866 (LShoulder)
[2024-10-09 17:35:43.345] [info] Frame 58 (t = 1.96667):	 total squared error = 0.0126779, marker error: RMS = 0.0258313, max = 0.0382222 (LShoulder)
[2024-10-09 17:35:43.415] [info] Frame 59 (t = 2.0):	 total squared error = 0.0127572, marker error: RMS = 0.025912, max = 0.037732 (LShoulder)
[2024-10-09 17:35:43.477] [info] Frame 60 (t = 2.03333):	 total squared error = 0.0133059, marker error: RMS = 0.0264634, max = 0.0394596 (LShoulder)
[2024-10-09 17:35:43.495] [info] Frame 61 (t = 2.06667):	 total squared error = 0.0141489, marker error: RMS = 0.0272888, max = 0.043382 (LShoulder)
[2024-10-09 17:35:43.563] [info] Frame 62 (t = 2.1):	 total squared error = 0.0149618, marker error: RMS = 0.0280618, max = 0.0470794 (LShoulder)
[2024-10-09 17:35:43.624] [info] Frame 63 (t = 2.13333):	 total squared error = 0.0155992, marker error: RMS = 0.0286532, max = 0.0501885 (LShoulder)
[2024-10-09 17:35:43.682] [info] Frame 64 (t = 2.16667):	 total squared error = 0.0159766, marker error: RMS = 0.0289978, max = 0.0514673 (LShoulder)
[2024-10-09 17:35:43.758] [info] Frame 65 (t = 2.2):	 total squared error = 0.0161525, marker error: RMS = 0.029157, max = 0.0511714 (LShoulder)
[2024-10-09 17:35:43.811] [info] Frame 66 (t = 2.23333):	 total squared error = 0.0162669, marker error: RMS = 0.0292601, max = 0.0503266 (LShoulder)
[2024-10-09 17:35:43.876] [info] Frame 67 (t = 2.26667):	 total squared error = 0.016472, marker error: RMS = 0.029444, max = 0.0498216 (LShoulder)
[2024-10-09 17:35:43.932] [info] Frame 68 (t = 2.3):	 total squared error = 0.0168374, marker error: RMS = 0.0297687, max = 0.0505713 (LShoulder)
[2024-10-09 17:35:43.970] [info] Frame 69 (t = 2.33333):	 total squared error = 0.017317, marker error: RMS = 0.0301898, max = 0.0521981 (LShoulder)
[2024-10-09 17:35:44.028] [info] Frame 70 (t = 2.36667):	 total squared error = 0.0177032, marker error: RMS = 0.0305246, max = 0.0539994 (LShoulder)
[2024-10-09 17:35:44.104] [info] Frame 71 (t = 2.4):	 total squared error = 0.017739, marker error: RMS = 0.0305554, max = 0.0552964 (LShoulder)
[2024-10-09 17:35:44.135] [info] Frame 72 (t = 2.43333):	 total squared error = 0.0172613, marker error: RMS = 0.0301412, max = 0.0554167 (LShoulder)
[2024-10-09 17:35:44.154] [info] Frame 73 (t = 2.46667):	 total squared error = 0.0163030, marker error: RMS = 0.0292926, max = 0.0545687 (LShoulder)
[2024-10-09 17:35:44.221] [info] Frame 74 (t = 2.5):	 total squared error = 0.0151044, marker error: RMS = 0.0281951, max = 0.0536969 (LShoulder)
[2024-10-09 17:35:44.237] [info] Frame 75 (t = 2.53333):	 total squared error = 0.0140748, marker error: RMS = 0.0272173, max = 0.0524135 (LShoulder)
[2024-10-09 17:35:44.297] [info] Frame 76 (t = 2.56667):	 total squared error = 0.0134902, marker error: RMS = 0.026646, max = 0.0518159 (LShoulder)
[2024-10-09 17:35:44.329] [info] Frame 77 (t = 2.6):	 total squared error = 0.0133996, marker error: RMS = 0.0265564, max = 0.0521719 (LShoulder)
[2024-10-09 17:35:44.347] [info] Frame 78 (t = 2.63333):	 total squared error = 0.013616, marker error: RMS = 0.02677, max = 0.0528671 (LShoulder)
[2024-10-09 17:35:44.377] [info] Frame 79 (t = 2.66667):	 total squared error = 0.0138341, marker error: RMS = 0.0269835, max = 0.052971 (LShoulder)
[2024-10-09 17:35:44.404] [info] Frame 80 (t = 2.7):	 total squared error = 0.0139983, marker error: RMS = 0.0271432, max = 0.0522364 (LShoulder)
[2024-10-09 17:35:44.462] [info] Frame 81 (t = 2.73333):	 total squared error = 0.0140411, marker error: RMS = 0.0271846, max = 0.0518848 (LShoulder)
[2024-10-09 17:35:44.512] [info] Frame 82 (t = 2.76667):	 total squared error = 0.0142288, marker error: RMS = 0.0273658, max = 0.0517068 (LShoulder)
[2024-10-09 17:35:44.529] [info] Frame 83 (t = 2.8):	 total squared error = 0.0145938, marker error: RMS = 0.0277146, max = 0.0523446 (LShoulder)
[2024-10-09 17:35:44.586] [info] Frame 84 (t = 2.83333):	 total squared error = 0.0151333, marker error: RMS = 0.0282222, max = 0.053812 (LShoulder)
[2024-10-09 17:35:44.677] [info] Frame 85 (t = 2.86667):	 total squared error = 0.0157542, marker error: RMS = 0.0287953, max = 0.0545672 (LShoulder)
[2024-10-09 17:35:44.762] [info] Frame 86 (t = 2.9):	 total squared error = 0.0162612, marker error: RMS = 0.0292549, max = 0.0543844 (LShoulder)
[2024-10-09 17:35:44.829] [info] Frame 87 (t = 2.93333):	 total squared error = 0.0164557, marker error: RMS = 0.0294294, max = 0.0529662 (LShoulder)
[2024-10-09 17:35:44.882] [info] Frame 88 (t = 2.96667):	 total squared error = 0.0163382, marker error: RMS = 0.0293241, max = 0.0508314 (LShoulder)
[2024-10-09 17:35:44.963] [info] Frame 89 (t = 3.0):	 total squared error = 0.0161187, marker error: RMS = 0.0291265, max = 0.0489201 (LShoulder)
[2024-10-09 17:35:45.008] [info] Frame 90 (t = 3.03333):	 total squared error = 0.0160454, marker error: RMS = 0.0290602, max = 0.0483522 (LShoulder)
[2024-10-09 17:35:45.063] [info] Frame 91 (t = 3.06667):	 total squared error = 0.0161987, marker error: RMS = 0.0291987, max = 0.0487391 (LShoulder)
[2024-10-09 17:35:45.111] [info] Frame 92 (t = 3.1):	 total squared error = 0.0164448, marker error: RMS = 0.0294197, max = 0.0494235 (LShoulder)
[2024-10-09 17:35:45.164] [info] Frame 93 (t = 3.13333):	 total squared error = 0.0165955, marker error: RMS = 0.0295542, max = 0.0495597 (LShoulder)
[2024-10-09 17:35:45.223] [info] Frame 94 (t = 3.16667):	 total squared error = 0.0165232, marker error: RMS = 0.0294897, max = 0.0485713 (LShoulder)
[2024-10-09 17:35:45.242] [info] Frame 95 (t = 3.2):	 total squared error = 0.0161538, marker error: RMS = 0.0291582, max = 0.0458967 (LShoulder)
[2024-10-09 17:35:45.291] [info] Frame 96 (t = 3.23333):	 total squared error = 0.0155040, marker error: RMS = 0.0285657, max = 0.0426729 (LShoulder)
[2024-10-09 17:35:45.353] [info] Frame 97 (t = 3.26667):	 total squared error = 0.0146491, marker error: RMS = 0.027767, max = 0.0405067 (LAnkle)
[2024-10-09 17:35:45.401] [info] Frame 98 (t = 3.3):	 total squared error = 0.0136758, marker error: RMS = 0.0268287, max = 0.0376224 (LAnkle)
[2024-10-09 17:35:45.428] [info] Frame 99 (t = 3.33333):	 total squared error = 0.0127434, marker error: RMS = 0.025898, max = 0.0356591 (LShoulder)
[2024-10-09 17:35:45.456] [info] Frame 100 (t = 3.36667):	 total squared error = 0.0121307, marker error: RMS = 0.0252677, max = 0.036879 (LShoulder)
[2024-10-09 17:35:45.508] [info] Frame 101 (t = 3.4):	 total squared error = 0.0120610, marker error: RMS = 0.025195, max = 0.0397719 (LShoulder)
[2024-10-09 17:35:45.564] [info] Frame 102 (t = 3.43333):	 total squared error = 0.0125846, marker error: RMS = 0.0257361, max = 0.0438026 (LShoulder)
[2024-10-09 17:35:45.614] [info] Frame 103 (t = 3.46667):	 total squared error = 0.0134058, marker error: RMS = 0.0265626, max = 0.047543 (LShoulder)
[2024-10-09 17:35:45.632] [info] Frame 104 (t = 3.5):	 total squared error = 0.0140928, marker error: RMS = 0.0272346, max = 0.0496038 (LShoulder)
[2024-10-09 17:35:45.658] [info] Frame 105 (t = 3.53333):	 total squared error = 0.0143717, marker error: RMS = 0.0275028, max = 0.0484367 (LShoulder)
[2024-10-09 17:35:45.705] [info] Frame 106 (t = 3.56667):	 total squared error = 0.0143096, marker error: RMS = 0.0274433, max = 0.0450922 (LShoulder)
[2024-10-09 17:35:45.741] [info] Frame 107 (t = 3.6):	 total squared error = 0.0141357, marker error: RMS = 0.0272761, max = 0.0410219 (LShoulder)
[2024-10-09 17:35:45.758] [info] Frame 108 (t = 3.63333):	 total squared error = 0.0139834, marker error: RMS = 0.0271287, max = 0.0386637 (LAnkle)
[2024-10-09 17:35:45.837] [info] Frame 109 (t = 3.66667):	 total squared error = 0.0136957, marker error: RMS = 0.0268483, max = 0.0387579 (LAnkle)
[2024-10-09 17:35:45.875] [info] Frame 110 (t = 3.7):	 total squared error = 0.0132811, marker error: RMS = 0.0264387, max = 0.0374191 (LAnkle)
[2024-10-09 17:35:45.900] [info] Frame 111 (t = 3.73333):	 total squared error = 0.0127585, marker error: RMS = 0.0259134, max = 0.0348842 (LAnkle)
[2024-10-09 17:35:45.968] [info] Frame 112 (t = 3.76667):	 total squared error = 0.0121534, marker error: RMS = 0.0252914, max = 0.033252 (LShoulder)
[2024-10-09 17:35:45.995] [info] Frame 113 (t = 3.8):	 total squared error = 0.0115925, marker error: RMS = 0.0247008, max = 0.0329936 (LShoulder)
[2024-10-09 17:35:46.024] [info] Frame 114 (t = 3.83333):	 total squared error = 0.0110574, marker error: RMS = 0.024124, max = 0.0331134 (LShoulder)
[2024-10-09 17:35:46.050] [info] Frame 115 (t = 3.86667):	 total squared error = 0.0106770, marker error: RMS = 0.0237054, max = 0.0338087 (LShoulder)
[2024-10-09 17:35:46.079] [info] Frame 116 (t = 3.9):	 total squared error = 0.0105848, marker error: RMS = 0.0236029, max = 0.0355337 (LShoulder)
[2024-10-09 17:35:46.126] [info] Frame 117 (t = 3.93333):	 total squared error = 0.0108398, marker error: RMS = 0.0238855, max = 0.0380309 (LShoulder)
[2024-10-09 17:35:46.141] [info] Frame 118 (t = 3.96667):	 total squared error = 0.0114663, marker error: RMS = 0.0245661, max = 0.0416489 (LShoulder)
[2024-10-09 17:35:46.198] [info] Frame 119 (t = 4.0):	 total squared error = 0.0123899, marker error: RMS = 0.0255362, max = 0.0446863 (LShoulder)
[2024-10-09 17:35:46.215] [info] Frame 120 (t = 4.03333):	 total squared error = 0.0133599, marker error: RMS = 0.026517, max = 0.0472688 (LShoulder)
[2024-10-09 17:35:46.257] [info] Frame 121 (t = 4.06667):	 total squared error = 0.0139929, marker error: RMS = 0.0271379, max = 0.0479027 (LShoulder)
[2024-10-09 17:35:46.286] [info] Frame 122 (t = 4.1):	 total squared error = 0.0140583, marker error: RMS = 0.0272013, max = 0.0465611 (LShoulder)
[2024-10-09 17:35:46.376] [info] Frame 123 (t = 4.13333):	 total squared error = 0.0136061, marker error: RMS = 0.0267602, max = 0.043949 (LShoulder)
[2024-10-09 17:35:46.429] [info] Frame 124 (t = 4.16667):	 total squared error = 0.0130008, marker error: RMS = 0.0261582, max = 0.0407203 (LShoulder)
[2024-10-09 17:35:46.501] [info] Frame 125 (t = 4.2):	 total squared error = 0.0125020, marker error: RMS = 0.0256515, max = 0.0386314 (LShoulder)
[2024-10-09 17:35:46.569] [info] Frame 126 (t = 4.23333):	 total squared error = 0.0122546, marker error: RMS = 0.0253964, max = 0.0372047 (LShoulder)
[2024-10-09 17:35:46.630] [info] Frame 127 (t = 4.26667):	 total squared error = 0.0122542, marker error: RMS = 0.025396, max = 0.0368746 (LShoulder)
[2024-10-09 17:35:46.669] [info] Frame 128 (t = 4.3):	 total squared error = 0.0124675, marker error: RMS = 0.0256161, max = 0.0373972 (LShoulder)
[2024-10-09 17:35:46.748] [info] Frame 129 (t = 4.33333):	 total squared error = 0.0128008, marker error: RMS = 0.0259563, max = 0.0386124 (LShoulder)
[2024-10-09 17:35:46.784] [info] Frame 130 (t = 4.36667):	 total squared error = 0.0131134, marker error: RMS = 0.0262713, max = 0.0397875 (LShoulder)
[2024-10-09 17:35:46.843] [info] Frame 131 (t = 4.4):	 total squared error = 0.0132611, marker error: RMS = 0.0264188, max = 0.0404497 (LShoulder)
[2024-10-09 17:35:46.882] [info] Frame 132 (t = 4.43333):	 total squared error = 0.0132133, marker error: RMS = 0.0263711, max = 0.0405086 (LShoulder)
[2024-10-09 17:35:46.954] [info] Frame 133 (t = 4.46667):	 total squared error = 0.0130965, marker error: RMS = 0.0262543, max = 0.039814 (LShoulder)
[2024-10-09 17:35:47.019] [info] Frame 134 (t = 4.5):	 total squared error = 0.0129342, marker error: RMS = 0.0260912, max = 0.0395404 (LShoulder)
[2024-10-09 17:35:47.085] [info] Frame 135 (t = 4.53333):	 total squared error = 0.01271, marker error: RMS = 0.025864, max = 0.0398102 (LShoulder)
[2024-10-09 17:35:47.130] [info] Frame 136 (t = 4.56667):	 total squared error = 0.0124455, marker error: RMS = 0.0255934, max = 0.0402988 (LShoulder)
[2024-10-09 17:35:47.177] [info] Frame 137 (t = 4.6):	 total squared error = 0.0122532, marker error: RMS = 0.025395, max = 0.0404039 (LShoulder)
[2024-10-09 17:35:47.229] [info] Frame 138 (t = 4.63333):	 total squared error = 0.0122416, marker error: RMS = 0.0253829, max = 0.0402123 (LShoulder)
[2024-10-09 17:35:47.291] [info] Frame 139 (t = 4.66667):	 total squared error = 0.0123827, marker error: RMS = 0.0255288, max = 0.0402726 (LShoulder)
[2024-10-09 17:35:47.355] [info] Frame 140 (t = 4.7):	 total squared error = 0.0125679, marker error: RMS = 0.0257191, max = 0.0399716 (LShoulder)
[2024-10-09 17:35:47.420] [info] Frame 141 (t = 4.73333):	 total squared error = 0.0127474, marker error: RMS = 0.0259020, max = 0.0394334 (LShoulder)
[2024-10-09 17:35:47.439] [info] Frame 142 (t = 4.76667):	 total squared error = 0.0129996, marker error: RMS = 0.026157, max = 0.0390729 (LShoulder)
[2024-10-09 17:35:47.453] [info] Frame 143 (t = 4.8):	 total squared error = 0.0134298, marker error: RMS = 0.0265863, max = 0.0398326 (LShoulder)
[2024-10-09 17:35:47.473] [info] Frame 144 (t = 4.83333):	 total squared error = 0.0140140, marker error: RMS = 0.0271584, max = 0.0418372 (LShoulder)
[2024-10-09 17:35:47.521] [info] Frame 145 (t = 4.86667):	 total squared error = 0.0145523, marker error: RMS = 0.0276751, max = 0.0443296 (LShoulder)
[2024-10-09 17:35:47.599] [info] Frame 146 (t = 4.9):	 total squared error = 0.0149262, marker error: RMS = 0.0280284, max = 0.0476671 (LShoulder)
[2024-10-09 17:35:47.618] [info] Frame 147 (t = 4.93333):	 total squared error = 0.0151432, marker error: RMS = 0.0282313, max = 0.0515068 (LShoulder)
[2024-10-09 17:35:47.698] [info] Frame 148 (t = 4.96667):	 total squared error = 0.0152935, marker error: RMS = 0.0283711, max = 0.0543314 (LShoulder)
[2024-10-09 17:35:47.726] [info] Frame 149 (t = 5.0):	 total squared error = 0.0154675, marker error: RMS = 0.0285321, max = 0.0567666 (LShoulder)
[2024-10-09 17:35:47.744] [info] Frame 150 (t = 5.03333):	 total squared error = 0.0156707, marker error: RMS = 0.0287189, max = 0.0582997 (LShoulder)
[2024-10-09 17:35:47.793] [info] Frame 151 (t = 5.06667):	 total squared error = 0.0158513, marker error: RMS = 0.0288839, max = 0.0590665 (LShoulder)
[2024-10-09 17:35:47.890] [info] Frame 152 (t = 5.1):	 total squared error = 0.0159061, marker error: RMS = 0.0289338, max = 0.0591714 (LShoulder)
[2024-10-09 17:35:47.938] [info] Frame 153 (t = 5.13333):	 total squared error = 0.0157572, marker error: RMS = 0.028798, max = 0.058783 (LShoulder)
[2024-10-09 17:35:47.977] [info] Frame 154 (t = 5.16667):	 total squared error = 0.0154427, marker error: RMS = 0.0285092, max = 0.0577562 (LShoulder)
[2024-10-09 17:35:48.030] [info] Frame 155 (t = 5.2):	 total squared error = 0.0150581, marker error: RMS = 0.0281519, max = 0.0556722 (LShoulder)
[2024-10-09 17:35:48.049] [info] Frame 156 (t = 5.23333):	 total squared error = 0.0146015, marker error: RMS = 0.0277219, max = 0.0523818 (LShoulder)
[2024-10-09 17:35:48.117] [info] Frame 157 (t = 5.26667):	 total squared error = 0.0139903, marker error: RMS = 0.0271354, max = 0.0489153 (LShoulder)
[2024-10-09 17:35:48.143] [info] Frame 158 (t = 5.3):	 total squared error = 0.0133842, marker error: RMS = 0.0265411, max = 0.0450009 (LShoulder)
[2024-10-09 17:35:48.180] [info] Frame 159 (t = 5.33333):	 total squared error = 0.0129369, marker error: RMS = 0.0260939, max = 0.0426872 (LShoulder)
[2024-10-09 17:35:48.236] [info] Frame 160 (t = 5.36667):	 total squared error = 0.0127866, marker error: RMS = 0.0259419, max = 0.0429090 (LShoulder)
[2024-10-09 17:35:48.275] [info] Frame 161 (t = 5.4):	 total squared error = 0.0129731, marker error: RMS = 0.0261303, max = 0.0446803 (LShoulder)
[2024-10-09 17:35:48.310] [info] Frame 162 (t = 5.43333):	 total squared error = 0.0133622, marker error: RMS = 0.0265193, max = 0.0472669 (LShoulder)
[2024-10-09 17:35:48.378] [info] Frame 163 (t = 5.46667):	 total squared error = 0.0137518, marker error: RMS = 0.0269031, max = 0.0495272 (LShoulder)
[2024-10-09 17:35:48.473] [info] Frame 164 (t = 5.5):	 total squared error = 0.0139696, marker error: RMS = 0.0271154, max = 0.0508154 (LShoulder)
[2024-10-09 17:35:48.555] [info] Frame 165 (t = 5.53333):	 total squared error = 0.0139848, marker error: RMS = 0.0271301, max = 0.0509614 (LShoulder)
[2024-10-09 17:35:48.606] [info] Frame 166 (t = 5.56667):	 total squared error = 0.0139418, marker error: RMS = 0.0270883, max = 0.0503776 (LShoulder)
[2024-10-09 17:35:48.656] [info] Frame 167 (t = 5.6):	 total squared error = 0.0139837, marker error: RMS = 0.0271291, max = 0.0502384 (LShoulder)
[2024-10-09 17:35:48.718] [info] Frame 168 (t = 5.63333):	 total squared error = 0.0142022, marker error: RMS = 0.0273402, max = 0.0508098 (LShoulder)
[2024-10-09 17:35:48.787] [info] Frame 169 (t = 5.66667):	 total squared error = 0.0144877, marker error: RMS = 0.0276136, max = 0.0521632 (LShoulder)
[2024-10-09 17:35:48.843] [info] Frame 170 (t = 5.7):	 total squared error = 0.0146833, marker error: RMS = 0.0277994, max = 0.0537956 (LShoulder)
[2024-10-09 17:35:48.879] [info] Frame 171 (t = 5.73333):	 total squared error = 0.0147239, marker error: RMS = 0.0278378, max = 0.0553427 (LShoulder)
[2024-10-09 17:35:48.915] [info] Frame 172 (t = 5.76667):	 total squared error = 0.0147066, marker error: RMS = 0.0278214, max = 0.0563483 (LShoulder)
[2024-10-09 17:35:48.957] [info] Frame 173 (t = 5.8):	 total squared error = 0.0147318, marker error: RMS = 0.0278452, max = 0.0568075 (LShoulder)
[2024-10-09 17:35:49.046] [info] Frame 174 (t = 5.83333):	 total squared error = 0.0148148, marker error: RMS = 0.0279236, max = 0.0571453 (LShoulder)
[2024-10-09 17:35:49.125] [info] Frame 175 (t = 5.86667):	 total squared error = 0.0149513, marker error: RMS = 0.0280519, max = 0.0571366 (LShoulder)
[2024-10-09 17:35:49.196] [info] Frame 176 (t = 5.9):	 total squared error = 0.0150761, marker error: RMS = 0.0281688, max = 0.0570261 (LShoulder)
[2024-10-09 17:35:49.263] [info] Frame 177 (t = 5.93333):	 total squared error = 0.0151567, marker error: RMS = 0.0282439, max = 0.0569608 (LShoulder)
[2024-10-09 17:35:49.324] [info] Frame 178 (t = 5.96667):	 total squared error = 0.0151776, marker error: RMS = 0.0282635, max = 0.0571189 (LShoulder)
[2024-10-09 17:35:49.379] [info] Frame 179 (t = 6.0):	 total squared error = 0.0151548, marker error: RMS = 0.0282422, max = 0.0573376 (LShoulder)
[2024-10-09 17:35:49.440] [info] Frame 180 (t = 6.03333):	 total squared error = 0.0150854, marker error: RMS = 0.0281774, max = 0.0576286 (LShoulder)
[2024-10-09 17:35:49.475] [info] Frame 181 (t = 6.06667):	 total squared error = 0.0150130, marker error: RMS = 0.0281098, max = 0.0581736 (LShoulder)
[2024-10-09 17:35:49.541] [info] Frame 182 (t = 6.1):	 total squared error = 0.0148913, marker error: RMS = 0.0279955, max = 0.0583106 (LShoulder)
[2024-10-09 17:35:49.596] [info] Frame 183 (t = 6.13333):	 total squared error = 0.0147835, marker error: RMS = 0.027894, max = 0.0584921 (LShoulder)
[2024-10-09 17:35:49.615] [info] Frame 184 (t = 6.16667):	 total squared error = 0.01475, marker error: RMS = 0.0278625, max = 0.0583971 (LShoulder)
[2024-10-09 17:35:49.695] [info] Frame 185 (t = 6.2):	 total squared error = 0.0148575, marker error: RMS = 0.0279638, max = 0.0578067 (LShoulder)
[2024-10-09 17:35:49.754] [info] Frame 186 (t = 6.23333):	 total squared error = 0.0149734, marker error: RMS = 0.0280727, max = 0.0573238 (LShoulder)
[2024-10-09 17:35:49.832] [info] Frame 187 (t = 6.26667):	 total squared error = 0.014984, marker error: RMS = 0.0280826, max = 0.0568589 (LShoulder)
[2024-10-09 17:35:49.888] [info] Frame 188 (t = 6.3):	 total squared error = 0.0148642, marker error: RMS = 0.0279701, max = 0.0562065 (LShoulder)
[2024-10-09 17:35:49.910] [info] Frame 189 (t = 6.33333):	 total squared error = 0.0145992, marker error: RMS = 0.0277196, max = 0.0552184 (LShoulder)
[2024-10-09 17:35:49.966] [info] Frame 190 (t = 6.36667):	 total squared error = 0.0141681, marker error: RMS = 0.0273073, max = 0.0542781 (LShoulder)
[2024-10-09 17:35:50.039] [info] Frame 191 (t = 6.4):	 total squared error = 0.0137183, marker error: RMS = 0.0268703, max = 0.0533571 (LShoulder)
[2024-10-09 17:35:50.095] [info] Frame 192 (t = 6.43333):	 total squared error = 0.0134616, marker error: RMS = 0.0266178, max = 0.0530263 (LShoulder)
[2024-10-09 17:35:50.152] [info] Frame 193 (t = 6.46667):	 total squared error = 0.0135395, marker error: RMS = 0.0266947, max = 0.0535576 (LShoulder)
[2024-10-09 17:35:50.220] [info] Frame 194 (t = 6.5):	 total squared error = 0.0139272, marker error: RMS = 0.0270742, max = 0.0547933 (LShoulder)
[2024-10-09 17:35:50.249] [info] Frame 195 (t = 6.53333):	 total squared error = 0.0145749, marker error: RMS = 0.0276966, max = 0.0560509 (LShoulder)
[2024-10-09 17:35:50.281] [info] Frame 196 (t = 6.56667):	 total squared error = 0.015497, marker error: RMS = 0.0285593, max = 0.0569966 (LShoulder)
[2024-10-09 17:35:50.331] [info] Frame 197 (t = 6.6):	 total squared error = 0.0165846, marker error: RMS = 0.0295444, max = 0.0571939 (LShoulder)
[2024-10-09 17:35:50.347] [info] Frame 198 (t = 6.63333):	 total squared error = 0.0176411, marker error: RMS = 0.0304709, max = 0.0576529 (LShoulder)
[2024-10-09 17:35:50.367] [info] Frame 199 (t = 6.66667):	 total squared error = 0.0184316, marker error: RMS = 0.0311462, max = 0.0577977 (LShoulder)
[2024-10-09 17:35:50.412] [info] Frame 200 (t = 6.7):	 total squared error = 0.0188364, marker error: RMS = 0.0314863, max = 0.0579309 (LShoulder)
[2024-10-09 17:35:50.500] [info] Frame 201 (t = 6.73333):	 total squared error = 0.0188402, marker error: RMS = 0.0314895, max = 0.0581056 (LShoulder)
[2024-10-09 17:35:50.602] [info] Frame 202 (t = 6.76667):	 total squared error = 0.0185287, marker error: RMS = 0.0312281, max = 0.0582445 (LShoulder)
[2024-10-09 17:35:50.655] [info] Frame 203 (t = 6.8):	 total squared error = 0.0179648, marker error: RMS = 0.0307492, max = 0.0582886 (LShoulder)
[2024-10-09 17:35:50.682] [info] Frame 204 (t = 6.83333):	 total squared error = 0.0172634, marker error: RMS = 0.0301430, max = 0.0577965 (LShoulder)
[2024-10-09 17:35:50.745] [info] Frame 205 (t = 6.86667):	 total squared error = 0.0164709, marker error: RMS = 0.029443, max = 0.0575127 (LShoulder)
[2024-10-09 17:35:50.772] [info] Frame 206 (t = 6.9):	 total squared error = 0.0156715, marker error: RMS = 0.0287196, max = 0.0562312 (LShoulder)
[2024-10-09 17:35:50.791] [info] Frame 207 (t = 6.93333):	 total squared error = 0.0148301, marker error: RMS = 0.027938, max = 0.0541507 (LShoulder)
[2024-10-09 17:35:50.853] [info] Frame 208 (t = 6.96667):	 total squared error = 0.0139697, marker error: RMS = 0.0271154, max = 0.0514826 (LShoulder)
[2024-10-09 17:35:50.870] [info] Frame 209 (t = 7.0):	 total squared error = 0.0132475, marker error: RMS = 0.0264052, max = 0.0478765 (LShoulder)
[2024-10-09 17:35:50.895] [info] Frame 210 (t = 7.03333):	 total squared error = 0.0127030, marker error: RMS = 0.0258569, max = 0.0439936 (LShoulder)
[2024-10-09 17:35:50.954] [info] Frame 211 (t = 7.06667):	 total squared error = 0.0123050, marker error: RMS = 0.0254486, max = 0.0407705 (LShoulder)
[2024-10-09 17:35:50.973] [info] Frame 212 (t = 7.1):	 total squared error = 0.0120964, marker error: RMS = 0.025232, max = 0.0378384 (LShoulder)
[2024-10-09 17:35:51.059] [info] Frame 213 (t = 7.13333):	 total squared error = 0.0119747, marker error: RMS = 0.0251047, max = 0.0370287 (LShoulder)
[2024-10-09 17:35:51.110] [info] Frame 214 (t = 7.16667):	 total squared error = 0.0119767, marker error: RMS = 0.0251068, max = 0.0370838 (LShoulder)
[2024-10-09 17:35:51.185] [info] Frame 215 (t = 7.2):	 total squared error = 0.0121117, marker error: RMS = 0.0252479, max = 0.0387552 (LShoulder)
[2024-10-09 17:35:51.248] [info] Frame 216 (t = 7.23333):	 total squared error = 0.012428, marker error: RMS = 0.0255755, max = 0.0409036 (LShoulder)
[2024-10-09 17:35:51.328] [info] Frame 217 (t = 7.26667):	 total squared error = 0.0127559, marker error: RMS = 0.0259107, max = 0.0427559 (LShoulder)
[2024-10-09 17:35:51.397] [info] Frame 218 (t = 7.3):	 total squared error = 0.0129171, marker error: RMS = 0.0260739, max = 0.0437146 (LShoulder)
[2024-10-09 17:35:51.440] [info] Frame 219 (t = 7.33333):	 total squared error = 0.0128953, marker error: RMS = 0.0260519, max = 0.044169 (LShoulder)
[2024-10-09 17:35:51.564] [info] Frame 220 (t = 7.36667):	 total squared error = 0.0126781, marker error: RMS = 0.0258315, max = 0.0434812 (LShoulder)
[2024-10-09 17:35:51.637] [info] Frame 221 (t = 7.4):	 total squared error = 0.0124598, marker error: RMS = 0.0256082, max = 0.0435829 (LShoulder)
[2024-10-09 17:35:51.703] [info] Frame 222 (t = 7.43333):	 total squared error = 0.012285, marker error: RMS = 0.0254279, max = 0.0441076 (LShoulder)
[2024-10-09 17:35:51.754] [info] Frame 223 (t = 7.46667):	 total squared error = 0.0122001, marker error: RMS = 0.0253399, max = 0.0446713 (LShoulder)
[2024-10-09 17:35:51.797] [info] Frame 224 (t = 7.5):	 total squared error = 0.0122351, marker error: RMS = 0.0253762, max = 0.0452522 (LShoulder)
[2024-10-09 17:35:51.833] [info] Frame 225 (t = 7.53333):	 total squared error = 0.012394, marker error: RMS = 0.0255405, max = 0.0456346 (LShoulder)
[2024-10-09 17:35:51.912] [info] Frame 226 (t = 7.56667):	 total squared error = 0.0125743, marker error: RMS = 0.0257256, max = 0.0459968 (LShoulder)
[2024-10-09 17:35:51.991] [info] Frame 227 (t = 7.6):	 total squared error = 0.0127577, marker error: RMS = 0.0259125, max = 0.0469088 (LShoulder)
[2024-10-09 17:35:52.038] [info] Frame 228 (t = 7.63333):	 total squared error = 0.0130254, marker error: RMS = 0.026183, max = 0.0483186 (LShoulder)
[2024-10-09 17:35:52.104] [info] Frame 229 (t = 7.66667):	 total squared error = 0.0133867, marker error: RMS = 0.0265436, max = 0.0503872 (LShoulder)
[2024-10-09 17:35:52.124] [info] Frame 230 (t = 7.7):	 total squared error = 0.0137805, marker error: RMS = 0.0269312, max = 0.0521432 (LShoulder)
[2024-10-09 17:35:52.197] [info] Frame 231 (t = 7.73333):	 total squared error = 0.0138954, marker error: RMS = 0.0270432, max = 0.0537716 (LShoulder)
[2024-10-09 17:35:52.242] [info] Frame 232 (t = 7.76667):	 total squared error = 0.0138129, marker error: RMS = 0.0269628, max = 0.0541184 (LShoulder)
[2024-10-09 17:35:52.300] [info] Frame 233 (t = 7.8):	 total squared error = 0.0135968, marker error: RMS = 0.0267511, max = 0.053762 (LShoulder)
[2024-10-09 17:35:52.366] [info] Frame 234 (t = 7.83333):	 total squared error = 0.0134922, marker error: RMS = 0.026648, max = 0.0537080 (LShoulder)
[2024-10-09 17:35:52.434] [info] Frame 235 (t = 7.86667):	 total squared error = 0.0137186, marker error: RMS = 0.0268707, max = 0.0545388 (LShoulder)
[2024-10-09 17:35:52.483] [info] Frame 236 (t = 7.9):	 total squared error = 0.014315, marker error: RMS = 0.0274485, max = 0.0559788 (LShoulder)
[2024-10-09 17:35:52.502] [info] Frame 237 (t = 7.93333):	 total squared error = 0.0151268, marker error: RMS = 0.0282161, max = 0.0576018 (LShoulder)
[2024-10-09 17:35:52.537] [info] Frame 238 (t = 7.96667):	 total squared error = 0.0159734, marker error: RMS = 0.0289949, max = 0.0585772 (LShoulder)
[2024-10-09 17:35:52.601] [info] Frame 239 (t = 8.0):	 total squared error = 0.016638, marker error: RMS = 0.029592, max = 0.0587902 (LShoulder)
[2024-10-09 17:35:52.667] [info] Frame 240 (t = 8.03333):	 total squared error = 0.0170482, marker error: RMS = 0.0299545, max = 0.0589077 (LShoulder)
[2024-10-09 17:35:52.731] [info] Frame 241 (t = 8.06667):	 total squared error = 0.0171426, marker error: RMS = 0.0300374, max = 0.0585785 (LShoulder)
[2024-10-09 17:35:52.775] [info] Frame 242 (t = 8.1):	 total squared error = 0.0168975, marker error: RMS = 0.0298218, max = 0.0579954 (LShoulder)
[2024-10-09 17:35:52.823] [info] Frame 243 (t = 8.13333):	 total squared error = 0.0163457, marker error: RMS = 0.0293308, max = 0.0567645 (LShoulder)
[2024-10-09 17:35:52.891] [info] Frame 244 (t = 8.16667):	 total squared error = 0.0155854, marker error: RMS = 0.0286406, max = 0.0551008 (LShoulder)
[2024-10-09 17:35:52.959] [info] Frame 245 (t = 8.2):	 total squared error = 0.0148489, marker error: RMS = 0.0279557, max = 0.0534552 (LShoulder)
[2024-10-09 17:35:53.030] [info] Frame 246 (t = 8.23333):	 total squared error = 0.0143487, marker error: RMS = 0.0274808, max = 0.0526303 (LShoulder)
[2024-10-09 17:35:53.098] [info] Frame 247 (t = 8.26667):	 total squared error = 0.0141714, marker error: RMS = 0.0273105, max = 0.0530132 (LShoulder)
[2024-10-09 17:35:53.154] [info] Frame 248 (t = 8.3):	 total squared error = 0.0142216, marker error: RMS = 0.0273588, max = 0.0539724 (LShoulder)
[2024-10-09 17:35:53.204] [info] Frame 249 (t = 8.33333):	 total squared error = 0.0143264, marker error: RMS = 0.0274594, max = 0.0547491 (LShoulder)
[2024-10-09 17:35:53.270] [info] Frame 250 (t = 8.36667):	 total squared error = 0.01438, marker error: RMS = 0.0275107, max = 0.0546709 (LShoulder)
[2024-10-09 17:35:53.357] [info] Frame 251 (t = 8.4):	 total squared error = 0.014418, marker error: RMS = 0.0275471, max = 0.0544208 (LShoulder)
[2024-10-09 17:35:53.452] [info] Frame 252 (t = 8.43333):	 total squared error = 0.0145956, marker error: RMS = 0.0277162, max = 0.0544317 (LShoulder)
[2024-10-09 17:35:53.512] [info] Frame 253 (t = 8.46667):	 total squared error = 0.0149506, marker error: RMS = 0.0280513, max = 0.0543768 (LShoulder)
[2024-10-09 17:35:53.594] [info] Frame 254 (t = 8.5):	 total squared error = 0.0151443, marker error: RMS = 0.0282324, max = 0.0545219 (LShoulder)
[2024-10-09 17:35:53.672] [info] Frame 255 (t = 8.53333):	 total squared error = 0.0149309, marker error: RMS = 0.0280328, max = 0.0531374 (LShoulder)
[2024-10-09 17:35:53.692] [info] Frame 256 (t = 8.56667):	 total squared error = 0.0142445, marker error: RMS = 0.0273809, max = 0.0501550 (LShoulder)
[2024-10-09 17:35:53.784] [info] Frame 257 (t = 8.6):	 total squared error = 0.0133102, marker error: RMS = 0.0264676, max = 0.0472601 (LShoulder)
[2024-10-09 17:35:53.848] [info] Frame 258 (t = 8.63333):	 total squared error = 0.0124878, marker error: RMS = 0.025637, max = 0.0446143 (LShoulder)
[2024-10-09 17:35:53.939] [info] Frame 259 (t = 8.66667):	 total squared error = 0.0119479, marker error: RMS = 0.0250766, max = 0.0431921 (LShoulder)
[2024-10-09 17:35:54.010] [info] Frame 260 (t = 8.7):	 total squared error = 0.0117153, marker error: RMS = 0.0248313, max = 0.042734 (LShoulder)
[2024-10-09 17:35:54.078] [info] Frame 261 (t = 8.73333):	 total squared error = 0.0117757, marker error: RMS = 0.0248953, max = 0.0430446 (LShoulder)
[2024-10-09 17:35:54.115] [info] Frame 262 (t = 8.76667):	 total squared error = 0.0121532, marker error: RMS = 0.0252912, max = 0.0445217 (LShoulder)
[2024-10-09 17:35:54.181] [info] Frame 263 (t = 8.8):	 total squared error = 0.0128846, marker error: RMS = 0.0260411, max = 0.0465486 (LShoulder)
[2024-10-09 17:35:54.229] [info] Frame 264 (t = 8.83333):	 total squared error = 0.0139152, marker error: RMS = 0.0270625, max = 0.0490916 (LShoulder)
[2024-10-09 17:35:54.274] [info] Frame 265 (t = 8.86667):	 total squared error = 0.0149554, marker error: RMS = 0.0280557, max = 0.0507147 (LShoulder)
[2024-10-09 17:35:54.301] [info] Frame 266 (t = 8.9):	 total squared error = 0.0155564, marker error: RMS = 0.028614, max = 0.0504706 (LShoulder)
[2024-10-09 17:35:54.342] [info] Frame 267 (t = 8.93333):	 total squared error = 0.0155168, marker error: RMS = 0.0285775, max = 0.0478028 (LShoulder)
[2024-10-09 17:35:54.375] [info] Frame 268 (t = 8.96667):	 total squared error = 0.0149945, marker error: RMS = 0.0280925, max = 0.0437707 (LShoulder)
[2024-10-09 17:35:54.433] [info] Frame 269 (t = 9.0):	 total squared error = 0.0143527, marker error: RMS = 0.0274846, max = 0.0406725 (LShoulder)
[2024-10-09 17:35:54.451] [info] Frame 270 (t = 9.03333):	 total squared error = 0.0138521, marker error: RMS = 0.0270010, max = 0.0396297 (LAnkle)
[2024-10-09 17:35:54.532] [info] Frame 271 (t = 9.06667):	 total squared error = 0.0134791, marker error: RMS = 0.0266351, max = 0.0382938 (LAnkle)
[2024-10-09 17:35:54.575] [info] Frame 272 (t = 9.1):	 total squared error = 0.0132383, marker error: RMS = 0.0263961, max = 0.0386527 (LShoulder)
[2024-10-09 17:35:54.634] [info] Frame 273 (t = 9.13333):	 total squared error = 0.0131144, marker error: RMS = 0.0262722, max = 0.0396351 (LShoulder)
[2024-10-09 17:35:54.684] [info] Frame 274 (t = 9.16667):	 total squared error = 0.0131082, marker error: RMS = 0.0262661, max = 0.0409895 (LShoulder)
[2024-10-09 17:35:54.751] [info] Frame 275 (t = 9.2):	 total squared error = 0.0132777, marker error: RMS = 0.0264353, max = 0.0427775 (LShoulder)
[2024-10-09 17:35:54.799] [info] Frame 276 (t = 9.23333):	 total squared error = 0.013742, marker error: RMS = 0.0268935, max = 0.0459913 (LShoulder)
[2024-10-09 17:35:54.858] [info] Frame 277 (t = 9.26667):	 total squared error = 0.0144892, marker error: RMS = 0.027615, max = 0.0494995 (LShoulder)
[2024-10-09 17:35:54.924] [info] Frame 278 (t = 9.3):	 total squared error = 0.0153117, marker error: RMS = 0.028388, max = 0.0531235 (LShoulder)
[2024-10-09 17:35:54.991] [info] Frame 279 (t = 9.33333):	 total squared error = 0.0159745, marker error: RMS = 0.0289959, max = 0.0557777 (LShoulder)
[2024-10-09 17:35:55.041] [info] Frame 280 (t = 9.36667):	 total squared error = 0.0163686, marker error: RMS = 0.0293514, max = 0.0575037 (LShoulder)
[2024-10-09 17:35:55.084] [info] Frame 281 (t = 9.4):	 total squared error = 0.0164948, marker error: RMS = 0.0294643, max = 0.05833 (LShoulder)
[2024-10-09 17:35:55.178] [info] Frame 282 (t = 9.43333):	 total squared error = 0.0163754, marker error: RMS = 0.0293575, max = 0.0585186 (LShoulder)
[2024-10-09 17:35:55.267] [info] Frame 283 (t = 9.46667):	 total squared error = 0.0160565, marker error: RMS = 0.0290703, max = 0.0585282 (LShoulder)
[2024-10-09 17:35:55.324] [info] Frame 284 (t = 9.5):	 total squared error = 0.0156434, marker error: RMS = 0.0286938, max = 0.0582175 (LShoulder)
[2024-10-09 17:35:55.393] [info] Frame 285 (t = 9.53333):	 total squared error = 0.0152351, marker error: RMS = 0.0283169, max = 0.057597 (LShoulder)
[2024-10-09 17:35:55.420] [info] Frame 286 (t = 9.56667):	 total squared error = 0.0149379, marker error: RMS = 0.0280394, max = 0.0560752 (LShoulder)
[2024-10-09 17:35:55.471] [info] Frame 287 (t = 9.6):	 total squared error = 0.0146953, marker error: RMS = 0.0278108, max = 0.054417 (LShoulder)
[2024-10-09 17:35:55.528] [info] Frame 288 (t = 9.63333):	 total squared error = 0.0145848, marker error: RMS = 0.0277060, max = 0.0516123 (LShoulder)
[2024-10-09 17:35:55.555] [info] Frame 289 (t = 9.66667):	 total squared error = 0.0146411, marker error: RMS = 0.0277594, max = 0.0485932 (LShoulder)
[2024-10-09 17:35:55.605] [info] Frame 290 (t = 9.7):	 total squared error = 0.0147567, marker error: RMS = 0.0278687, max = 0.0458237 (LShoulder)
[2024-10-09 17:35:55.660] [info] Frame 291 (t = 9.73333):	 total squared error = 0.0147922, marker error: RMS = 0.0279023, max = 0.0441358 (LShoulder)
[2024-10-09 17:35:55.726] [info] Frame 292 (t = 9.76667):	 total squared error = 0.0146713, marker error: RMS = 0.0277881, max = 0.0438465 (LShoulder)
[2024-10-09 17:35:55.746] [info] Frame 293 (t = 9.8):	 total squared error = 0.0144356, marker error: RMS = 0.0275639, max = 0.0450968 (LShoulder)
[2024-10-09 17:35:55.773] [info] Frame 294 (t = 9.83333):	 total squared error = 0.0142305, marker error: RMS = 0.0273674, max = 0.0468703 (LShoulder)
[2024-10-09 17:35:55.791] [info] Frame 295 (t = 9.86667):	 total squared error = 0.0141111, marker error: RMS = 0.0272523, max = 0.0487777 (LShoulder)
[2024-10-09 17:35:55.890] [info] Frame 296 (t = 9.9):	 total squared error = 0.0141361, marker error: RMS = 0.0272765, max = 0.0494171 (LShoulder)
[2024-10-09 17:35:55.962] [info] Frame 297 (t = 9.93333):	 total squared error = 0.0142103, marker error: RMS = 0.027348, max = 0.0500308 (LShoulder)
[2024-10-09 17:35:56.030] [info] Frame 298 (t = 9.96667):	 total squared error = 0.0142362, marker error: RMS = 0.0273729, max = 0.0499887 (LShoulder)
[2024-10-09 17:35:56.109] [info] Frame 299 (t = 10.0):	 total squared error = 0.0140895, marker error: RMS = 0.0272315, max = 0.0490225 (LShoulder)
[2024-10-09 17:35:56.176] [info] Frame 300 (t = 10.0333):	 total squared error = 0.0137817, marker error: RMS = 0.0269323, max = 0.0472025 (LShoulder)
[2024-10-09 17:35:56.255] [info] Frame 301 (t = 10.0667):	 total squared error = 0.0134818, marker error: RMS = 0.0266378, max = 0.0451835 (LShoulder)
[2024-10-09 17:35:56.320] [info] Frame 302 (t = 10.1):	 total squared error = 0.0133639, marker error: RMS = 0.026521, max = 0.0444073 (LShoulder)
[2024-10-09 17:35:56.348] [info] Frame 303 (t = 10.1333):	 total squared error = 0.0134736, marker error: RMS = 0.0266296, max = 0.0458484 (LShoulder)
[2024-10-09 17:35:56.410] [info] Frame 304 (t = 10.1667):	 total squared error = 0.0137948, marker error: RMS = 0.0269451, max = 0.0484446 (LShoulder)
[2024-10-09 17:35:56.432] [info] Frame 305 (t = 10.2):	 total squared error = 0.0142352, marker error: RMS = 0.0273719, max = 0.052166 (LShoulder)
[2024-10-09 17:35:56.524] [info] Frame 306 (t = 10.2333):	 total squared error = 0.0146209, marker error: RMS = 0.0277402, max = 0.0540844 (LShoulder)
[2024-10-09 17:35:56.586] [info] Frame 307 (t = 10.2667):	 total squared error = 0.0148878, marker error: RMS = 0.0279923, max = 0.0558404 (LShoulder)
[2024-10-09 17:35:56.644] [info] Frame 308 (t = 10.3):	 total squared error = 0.0149907, marker error: RMS = 0.0280889, max = 0.0566772 (LShoulder)
[2024-10-09 17:35:56.730] [info] Frame 309 (t = 10.3333):	 total squared error = 0.0148803, marker error: RMS = 0.0279852, max = 0.0563414 (LShoulder)
[2024-10-09 17:35:56.809] [info] Frame 310 (t = 10.3667):	 total squared error = 0.0144742, marker error: RMS = 0.0276007, max = 0.0546397 (LShoulder)
[2024-10-09 17:35:56.836] [info] Frame 311 (t = 10.4):	 total squared error = 0.0138175, marker error: RMS = 0.0269673, max = 0.0513779 (LShoulder)
[2024-10-09 17:35:56.870] [info] Frame 312 (t = 10.4333):	 total squared error = 0.0131331, marker error: RMS = 0.026291, max = 0.0472243 (LShoulder)
[2024-10-09 17:35:56.952] [info] Frame 313 (t = 10.4667):	 total squared error = 0.0126509, marker error: RMS = 0.0258038, max = 0.0437048 (LShoulder)
[2024-10-09 17:35:57.008] [info] Frame 314 (t = 10.5):	 total squared error = 0.0125448, marker error: RMS = 0.0256953, max = 0.0412102 (LShoulder)
[2024-10-09 17:35:57.080] [info] Frame 315 (t = 10.5333):	 total squared error = 0.0126421, marker error: RMS = 0.0257949, max = 0.0408725 (LShoulder)
[2024-10-09 17:35:57.149] [info] Frame 316 (t = 10.5667):	 total squared error = 0.0127967, marker error: RMS = 0.0259521, max = 0.0422974 (LShoulder)
[2024-10-09 17:35:57.173] [info] Frame 317 (t = 10.6):	 total squared error = 0.0129778, marker error: RMS = 0.0261351, max = 0.0445463 (LShoulder)
[2024-10-09 17:35:57.275] [info] Frame 318 (t = 10.6333):	 total squared error = 0.0131645, marker error: RMS = 0.0263224, max = 0.0466914 (LShoulder)
[2024-10-09 17:35:57.363] [info] Frame 319 (t = 10.6667):	 total squared error = 0.0132986, marker error: RMS = 0.0264561, max = 0.0480277 (LShoulder)
[2024-10-09 17:35:57.411] [info] Frame 320 (t = 10.7):	 total squared error = 0.0133030, marker error: RMS = 0.0264605, max = 0.0483402 (LShoulder)
[2024-10-09 17:35:57.472] [info] Frame 321 (t = 10.7333):	 total squared error = 0.0131231, marker error: RMS = 0.026281, max = 0.0472964 (LShoulder)
[2024-10-09 17:35:57.519] [info] Frame 322 (t = 10.7667):	 total squared error = 0.0127343, marker error: RMS = 0.0258887, max = 0.0451542 (LShoulder)
[2024-10-09 17:35:57.581] [info] Frame 323 (t = 10.8):	 total squared error = 0.0123129, marker error: RMS = 0.0254568, max = 0.0422415 (LShoulder)
[2024-10-09 17:35:57.639] [info] Frame 324 (t = 10.8333):	 total squared error = 0.0121163, marker error: RMS = 0.0252528, max = 0.0396555 (LShoulder)
[2024-10-09 17:35:57.695] [info] Frame 325 (t = 10.8667):	 total squared error = 0.0122618, marker error: RMS = 0.0254039, max = 0.0383451 (LShoulder)
[2024-10-09 17:35:57.719] [info] Frame 326 (t = 10.9):	 total squared error = 0.0126836, marker error: RMS = 0.0258371, max = 0.0387196 (LShoulder)
[2024-10-09 17:35:57.746] [info] Frame 327 (t = 10.9333):	 total squared error = 0.0131632, marker error: RMS = 0.0263211, max = 0.0406396 (LShoulder)
[2024-10-09 17:35:57.779] [info] Frame 328 (t = 10.9667):	 total squared error = 0.0135208, marker error: RMS = 0.0266763, max = 0.0433045 (LShoulder)
[2024-10-09 17:35:57.848] [info] Frame 329 (t = 11.0):	 total squared error = 0.0136845, marker error: RMS = 0.0268372, max = 0.045446 (LShoulder)
[2024-10-09 17:35:57.899] [info] Frame 330 (t = 11.0333):	 total squared error = 0.0136563, marker error: RMS = 0.0268096, max = 0.0469982 (LShoulder)
[2024-10-09 17:35:57.973] [info] Frame 331 (t = 11.0667):	 total squared error = 0.0135288, marker error: RMS = 0.0266841, max = 0.0476367 (LShoulder)
[2024-10-09 17:35:58.035] [info] Frame 332 (t = 11.1):	 total squared error = 0.0135087, marker error: RMS = 0.0266643, max = 0.0481792 (LShoulder)
[2024-10-09 17:35:58.068] [info] Frame 333 (t = 11.1333):	 total squared error = 0.0138069, marker error: RMS = 0.026957, max = 0.0496909 (LShoulder)
[2024-10-09 17:35:58.088] [info] Frame 334 (t = 11.1667):	 total squared error = 0.0144066, marker error: RMS = 0.0275362, max = 0.0524597 (LShoulder)
[2024-10-09 17:35:58.123] [info] Frame 335 (t = 11.2):	 total squared error = 0.0150111, marker error: RMS = 0.0281079, max = 0.0548278 (LShoulder)
[2024-10-09 17:35:58.176] [info] Frame 336 (t = 11.2333):	 total squared error = 0.0153045, marker error: RMS = 0.0283813, max = 0.0560774 (LShoulder)
[2024-10-09 17:35:58.236] [info] Frame 337 (t = 11.2667):	 total squared error = 0.0151201, marker error: RMS = 0.0282099, max = 0.0560008 (LShoulder)
[2024-10-09 17:35:58.320] [info] Frame 338 (t = 11.3):	 total squared error = 0.0143422, marker error: RMS = 0.0274746, max = 0.0541296 (LShoulder)
[2024-10-09 17:35:58.343] [info] Frame 339 (t = 11.3333):	 total squared error = 0.0131476, marker error: RMS = 0.0263054, max = 0.0501090 (LShoulder)
[2024-10-09 17:35:58.394] [info] Frame 340 (t = 11.3667):	 total squared error = 0.0118924, marker error: RMS = 0.0250183, max = 0.0462628 (LShoulder)
[2024-10-09 17:35:58.462] [info] Frame 341 (t = 11.4):	 total squared error = 0.0111851, marker error: RMS = 0.024263, max = 0.042758 (LShoulder)
[2024-10-09 17:35:58.525] [info] Frame 342 (t = 11.4333):	 total squared error = 0.0111867, marker error: RMS = 0.0242647, max = 0.0405451 (LShoulder)
[2024-10-09 17:35:58.559] [info] Frame 343 (t = 11.4667):	 total squared error = 0.0117191, marker error: RMS = 0.0248354, max = 0.0395607 (LShoulder)
[2024-10-09 17:35:58.623] [info] Frame 344 (t = 11.5):	 total squared error = 0.0124091, marker error: RMS = 0.025556, max = 0.0399712 (LShoulder)
[2024-10-09 17:35:58.665] [info] Frame 345 (t = 11.5333):	 total squared error = 0.0131872, marker error: RMS = 0.0263451, max = 0.0416853 (LShoulder)
[2024-10-09 17:35:58.751] [info] Frame 346 (t = 11.5667):	 total squared error = 0.0139271, marker error: RMS = 0.0270741, max = 0.0451399 (LShoulder)
[2024-10-09 17:35:58.808] [info] Frame 347 (t = 11.6):	 total squared error = 0.0145631, marker error: RMS = 0.0276854, max = 0.0494758 (LShoulder)
[2024-10-09 17:35:58.860] [info] Frame 348 (t = 11.6333):	 total squared error = 0.0149030, marker error: RMS = 0.0280066, max = 0.0534638 (LShoulder)
[2024-10-09 17:35:58.895] [info] Frame 349 (t = 11.6667):	 total squared error = 0.0148782, marker error: RMS = 0.0279832, max = 0.0559198 (LShoulder)
[2024-10-09 17:35:58.977] [info] Frame 350 (t = 11.7):	 total squared error = 0.0145974, marker error: RMS = 0.0277179, max = 0.0568492 (LShoulder)
[2024-10-09 17:35:59.066] [info] Frame 351 (t = 11.7333):	 total squared error = 0.0141047, marker error: RMS = 0.0272462, max = 0.0561728 (LShoulder)
[2024-10-09 17:35:59.139] [info] Frame 352 (t = 11.7667):	 total squared error = 0.0134421, marker error: RMS = 0.0265985, max = 0.0545161 (LShoulder)
[2024-10-09 17:35:59.179] [info] Frame 353 (t = 11.8):	 total squared error = 0.0127079, marker error: RMS = 0.0258619, max = 0.0524601 (LShoulder)
[2024-10-09 17:35:59.214] [info] Frame 354 (t = 11.8333):	 total squared error = 0.0120495, marker error: RMS = 0.025183, max = 0.0504903 (LShoulder)
[2024-10-09 17:35:59.300] [info] Frame 355 (t = 11.8667):	 total squared error = 0.0114891, marker error: RMS = 0.0245905, max = 0.0481659 (LShoulder)
[2024-10-09 17:35:59.343] [info] Frame 356 (t = 11.9):	 total squared error = 0.0111379, marker error: RMS = 0.0242117, max = 0.0468417 (LShoulder)
[2024-10-09 17:35:59.436] [info] Frame 357 (t = 11.9333):	 total squared error = 0.0108698, marker error: RMS = 0.0239185, max = 0.0458525 (RShoulder)
[2024-10-09 17:35:59.474] [info] Frame 358 (t = 11.9667):	 total squared error = 0.0106884, marker error: RMS = 0.023718, max = 0.0451683 (RShoulder)
[2024-10-09 17:35:59.734] [info] Frame 359 (t = 12.0):	 total squared error = 0.0104585, marker error: RMS = 0.0234616, max = 0.0451138 (RShoulder)
[2024-10-09 17:35:59.786] [info] Frame 360 (t = 12.0333):	 total squared error = 0.0103473, marker error: RMS = 0.0233366, max = 0.0446245 (RShoulder)
[2024-10-09 17:35:59.982] [info] Frame 361 (t = 12.0667):	 total squared error = 0.0103628, marker error: RMS = 0.023354, max = 0.0441808 (RShoulder)
[2024-10-09 17:36:00.017] [info] Frame 362 (t = 12.1):	 total squared error = 0.0105087, marker error: RMS = 0.0235178, max = 0.0440568 (RShoulder)
[2024-10-09 17:36:00.080] [info] Frame 363 (t = 12.1333):	 total squared error = 0.0106782, marker error: RMS = 0.0237068, max = 0.0441828 (RShoulder)
[2024-10-09 17:36:00.124] [info] Frame 364 (t = 12.1667):	 total squared error = 0.0105564, marker error: RMS = 0.0235711, max = 0.0439997 (RShoulder)
[2024-10-09 17:36:00.193] [info] Frame 365 (t = 12.2):	 total squared error = 0.0101097, marker error: RMS = 0.0230670, max = 0.0425828 (RShoulder)
[2024-10-09 17:36:00.251] [info] Frame 366 (t = 12.2333):	 total squared error = 0.00936946, marker error: RMS = 0.0222065, max = 0.0402068 (RShoulder)
[2024-10-09 17:36:00.306] [info] Frame 367 (t = 12.2667):	 total squared error = 0.00854030, marker error: RMS = 0.0212012, max = 0.0371226 (RShoulder)
[2024-10-09 17:36:00.385] [info] Frame 368 (t = 12.3):	 total squared error = 0.00787222, marker error: RMS = 0.0203550, max = 0.0345333 (LKnee)
[2024-10-09 17:36:00.488] [info] Frame 369 (t = 12.3333):	 total squared error = 0.00753551, marker error: RMS = 0.019915, max = 0.0331429 (LKnee)
[2024-10-09 17:36:00.540] [info] Frame 370 (t = 12.3667):	 total squared error = 0.00757773, marker error: RMS = 0.0199707, max = 0.0337378 (Neck)
[2024-10-09 17:36:00.608] [info] Frame 371 (t = 12.4):	 total squared error = 0.00773029, marker error: RMS = 0.0201707, max = 0.0378239 (Neck)
[2024-10-09 17:36:00.666] [info] Frame 372 (t = 12.4333):	 total squared error = 0.00778172, marker error: RMS = 0.0202377, max = 0.0415471 (Neck)
[2024-10-09 17:36:00.737] [info] Frame 373 (t = 12.4667):	 total squared error = 0.00768645, marker error: RMS = 0.0201134, max = 0.0443237 (Neck)
[2024-10-09 17:36:00.820] [info] Frame 374 (t = 12.5):	 total squared error = 0.00749104, marker error: RMS = 0.0198561, max = 0.0458273 (Neck)
[2024-10-09 17:36:00.906] [info] Frame 375 (t = 12.5333):	 total squared error = 0.00720928, marker error: RMS = 0.0194791, max = 0.0454549 (Neck)
[2024-10-09 17:36:00.951] [info] Frame 376 (t = 12.5667):	 total squared error = 0.00689343, marker error: RMS = 0.0190476, max = 0.0431986 (Neck)
[2024-10-09 17:36:00.989] [info] Frame 377 (t = 12.6):	 total squared error = 0.00655460, marker error: RMS = 0.0185736, max = 0.0389847 (Neck)
[2024-10-09 17:36:01.053] [info] Frame 378 (t = 12.6333):	 total squared error = 0.00616264, marker error: RMS = 0.0180097, max = 0.0339028 (Neck)
[2024-10-09 17:36:01.111] [info] Frame 379 (t = 12.6667):	 total squared error = 0.00585732, marker error: RMS = 0.0175579, max = 0.0302830 (RShoulder)
[2024-10-09 17:36:01.191] [info] Frame 380 (t = 12.7):	 total squared error = 0.00553558, marker error: RMS = 0.0170689, max = 0.0293563 (LShoulder)
[2024-10-09 17:36:01.233] [info] Frame 381 (t = 12.7333):	 total squared error = 0.00519488, marker error: RMS = 0.0165353, max = 0.0292989 (LWrist)
[2024-10-09 17:36:01.269] [info] Frame 382 (t = 12.7667):	 total squared error = 0.00494036, marker error: RMS = 0.0161251, max = 0.0280289 (LElbow)
[2024-10-09 17:36:01.348] [info] Frame 383 (t = 12.8):	 total squared error = 0.00498436, marker error: RMS = 0.0161968, max = 0.0288995 (Neck)
[2024-10-09 17:36:01.415] [info] Frame 384 (t = 12.8333):	 total squared error = 0.00537153, marker error: RMS = 0.016814, max = 0.0304462 (Neck)
[2024-10-09 17:36:01.468] [info] Frame 385 (t = 12.8667):	 total squared error = 0.00582506, marker error: RMS = 0.0175095, max = 0.0306348 (Neck)
[2024-10-09 17:36:01.523] [info] Frame 386 (t = 12.9):	 total squared error = 0.00603315, marker error: RMS = 0.0178195, max = 0.0291035 (Neck)
[2024-10-09 17:36:01.602] [info] Frame 387 (t = 12.9333):	 total squared error = 0.00605679, marker error: RMS = 0.0178544, max = 0.0300209 (LShoulder)
[2024-10-09 17:36:01.659] [info] Frame 388 (t = 12.9667):	 total squared error = 0.00612467, marker error: RMS = 0.0179541, max = 0.0307241 (LShoulder)
[2024-10-09 17:36:01.717] [info] Frame 389 (t = 13.0):	 total squared error = 0.00635867, marker error: RMS = 0.0182939, max = 0.0299367 (LShoulder)
[2024-10-09 17:36:01.789] [info] Frame 390 (t = 13.0333):	 total squared error = 0.00656052, marker error: RMS = 0.018582, max = 0.0285108 (LKnee)
[2024-10-09 17:36:01.836] [info] Frame 391 (t = 13.0667):	 total squared error = 0.00636365, marker error: RMS = 0.0183011, max = 0.0285608 (LKnee)
[2024-10-09 17:36:01.883] [info] Frame 392 (t = 13.1):	 total squared error = 0.00565193, marker error: RMS = 0.0172473, max = 0.0264348 (LKnee)
[2024-10-09 17:36:01.924] [info] Frame 393 (t = 13.1333):	 total squared error = 0.00489819, marker error: RMS = 0.0160561, max = 0.0251479 (LShoulder)
[2024-10-09 17:36:01.979] [info] Frame 394 (t = 13.1667):	 total squared error = 0.00446942, marker error: RMS = 0.0153373, max = 0.0252623 (RShoulder)
[2024-10-09 17:36:02.047] [info] Frame 395 (t = 13.2):	 total squared error = 0.00443804, marker error: RMS = 0.0152834, max = 0.028117 (RKnee)
[2024-10-09 17:36:02.085] [info] Frame 396 (t = 13.2333):	 total squared error = 0.00459274, marker error: RMS = 0.0155474, max = 0.0309858 (RKnee)
[2024-10-09 17:36:02.119] [info] Frame 397 (t = 13.2667):	 total squared error = 0.00465002, marker error: RMS = 0.0156441, max = 0.0327535 (RKnee)
[2024-10-09 17:36:02.191] [info] Frame 398 (t = 13.3):	 total squared error = 0.00444955, marker error: RMS = 0.0153032, max = 0.0326558 (RKnee)
[2024-10-09 17:36:02.231] [info] Frame 399 (t = 13.3333):	 total squared error = 0.00413426, marker error: RMS = 0.014751, max = 0.0296145 (RKnee)
[2024-10-09 17:36:02.280] [info] Frame 400 (t = 13.3667):	 total squared error = 0.00394055, marker error: RMS = 0.0144013, max = 0.0286651 (RShoulder)
[2024-10-09 17:36:02.356] [info] Frame 401 (t = 13.4):	 total squared error = 0.00403953, marker error: RMS = 0.014581, max = 0.0297148 (RShoulder)
[2024-10-09 17:36:02.407] [info] Frame 402 (t = 13.4333):	 total squared error = 0.00433670, marker error: RMS = 0.0151079, max = 0.0306855 (RShoulder)
[2024-10-09 17:36:02.454] [info] Frame 403 (t = 13.4667):	 total squared error = 0.00468604, marker error: RMS = 0.0157046, max = 0.0313327 (RShoulder)
[2024-10-09 17:36:02.542] [info] Frame 404 (t = 13.5):	 total squared error = 0.00500962, marker error: RMS = 0.0162377, max = 0.0307320 (RShoulder)
[2024-10-09 17:36:02.591] [info] Frame 405 (t = 13.5333):	 total squared error = 0.00530296, marker error: RMS = 0.0167064, max = 0.0304441 (RShoulder)
[2024-10-09 17:36:02.676] [info] Frame 406 (t = 13.5667):	 total squared error = 0.00557593, marker error: RMS = 0.017131, max = 0.0298031 (RShoulder)
[2024-10-09 17:36:02.737] [info] Frame 407 (t = 13.6):	 total squared error = 0.00575740, marker error: RMS = 0.0174075, max = 0.0293063 (RShoulder)
[2024-10-09 17:36:02.819] [info] Frame 408 (t = 13.6333):	 total squared error = 0.00595773, marker error: RMS = 0.0177078, max = 0.0306185 (LHeel)
[2024-10-09 17:36:02.890] [info] Frame 409 (t = 13.6667):	 total squared error = 0.00626731, marker error: RMS = 0.018162, max = 0.0317873 (LHeel)
[2024-10-09 17:36:02.961] [info] Frame 410 (t = 13.7):	 total squared error = 0.00663693, marker error: RMS = 0.0186899, max = 0.031234 (LHeel)
[2024-10-09 17:36:03.039] [info] Frame 411 (t = 13.7333):	 total squared error = 0.00688962, marker error: RMS = 0.0190424, max = 0.0292725 (LHeel)
[2024-10-09 17:36:03.081] [info] Frame 412 (t = 13.7667):	 total squared error = 0.00687400, marker error: RMS = 0.0190208, max = 0.0288159 (RShoulder)
[2024-10-09 17:36:03.149] [info] Frame 413 (t = 13.8):	 total squared error = 0.00653078, marker error: RMS = 0.0185398, max = 0.0291799 (RShoulder)
[2024-10-09 17:36:03.227] [info] Frame 414 (t = 13.8333):	 total squared error = 0.00608286, marker error: RMS = 0.0178927, max = 0.0298259 (RShoulder)
[2024-10-09 17:36:03.294] [info] Frame 415 (t = 13.8667):	 total squared error = 0.00577686, marker error: RMS = 0.0174369, max = 0.0309037 (RShoulder)
[2024-10-09 17:36:03.368] [info] Frame 416 (t = 13.9):	 total squared error = 0.00573447, marker error: RMS = 0.0173728, max = 0.0321915 (RShoulder)
[2024-10-09 17:36:03.432] [info] Frame 417 (t = 13.9333):	 total squared error = 0.00588709, marker error: RMS = 0.0176025, max = 0.0331495 (RShoulder)
[2024-10-09 17:36:03.497] [info] Frame 418 (t = 13.9667):	 total squared error = 0.00608979, marker error: RMS = 0.0179029, max = 0.0332032 (RShoulder)
[2024-10-09 17:36:03.570] [info] Frame 419 (t = 14.0):	 total squared error = 0.00622135, marker error: RMS = 0.0180953, max = 0.0323259 (RShoulder)
[2024-10-09 17:36:03.622] [info] Frame 420 (t = 14.0333):	 total squared error = 0.00622854, marker error: RMS = 0.0181057, max = 0.0308138 (RShoulder)
[2024-10-09 17:36:03.666] [info] Frame 421 (t = 14.0667):	 total squared error = 0.00613368, marker error: RMS = 0.0179673, max = 0.0289416 (RShoulder)
[2024-10-09 17:36:03.724] [info] Frame 422 (t = 14.1):	 total squared error = 0.00593902, marker error: RMS = 0.0176799, max = 0.0270858 (RShoulder)
[2024-10-09 17:36:03.791] [info] Frame 423 (t = 14.1333):	 total squared error = 0.00566249, marker error: RMS = 0.0172634, max = 0.0281471 (LKnee)
[2024-10-09 17:36:03.838] [info] Frame 424 (t = 14.1667):	 total squared error = 0.00547141, marker error: RMS = 0.0169696, max = 0.0313413 (LKnee)
[2024-10-09 17:36:03.914] [info] Frame 425 (t = 14.2):	 total squared error = 0.00551486, marker error: RMS = 0.0170369, max = 0.0349911 (LKnee)
[2024-10-09 17:36:03.974] [info] Frame 426 (t = 14.2333):	 total squared error = 0.00565292, marker error: RMS = 0.0172488, max = 0.0372306 (LKnee)
[2024-10-09 17:36:04.019] [info] Frame 427 (t = 14.2667):	 total squared error = 0.00551568, marker error: RMS = 0.0170382, max = 0.0352467 (LKnee)
[2024-10-09 17:36:04.084] [info] Frame 428 (t = 14.3):	 total squared error = 0.00495602, marker error: RMS = 0.0161506, max = 0.0284882 (LKnee)
[2024-10-09 17:36:04.136] [info] Frame 429 (t = 14.3333):	 total squared error = 0.00414376, marker error: RMS = 0.014768, max = 0.0240661 (LShoulder)
[2024-10-09 17:36:04.193] [info] Frame 430 (t = 14.3667):	 total squared error = 0.00342320, marker error: RMS = 0.0134227, max = 0.0233309 (LShoulder)
[2024-10-09 17:36:04.256] [info] Frame 431 (t = 14.4):	 total squared error = 0.00301915, marker error: RMS = 0.0126057, max = 0.0226546 (LShoulder)
[2024-10-09 17:36:04.298] [info] Frame 432 (t = 14.4333):	 total squared error = 0.00293099, marker error: RMS = 0.0124203, max = 0.0224406 (LShoulder)
[2024-10-09 17:36:04.365] [info] Frame 433 (t = 14.4667):	 total squared error = 0.00305654, marker error: RMS = 0.0126835, max = 0.0224373 (LShoulder)
[2024-10-09 17:36:04.430] [info] Frame 434 (t = 14.5):	 total squared error = 0.00331930, marker error: RMS = 0.0132174, max = 0.0227843 (LShoulder)
[2024-10-09 17:36:04.487] [info] Frame 435 (t = 14.5333):	 total squared error = 0.00368028, marker error: RMS = 0.0139176, max = 0.0230419 (LShoulder)
[2024-10-09 17:36:04.548] [info] Frame 436 (t = 14.5667):	 total squared error = 0.00401436, marker error: RMS = 0.0145355, max = 0.0230594 (LShoulder)
[2024-10-09 17:36:04.601] [info] Frame 437 (t = 14.6):	 total squared error = 0.00420813, marker error: RMS = 0.0148822, max = 0.0224959 (LHeel)
[2024-10-09 17:36:04.647] [info] Frame 438 (t = 14.6333):	 total squared error = 0.00427796, marker error: RMS = 0.0150052, max = 0.0244786 (LHeel)
[2024-10-09 17:36:04.696] [info] Frame 439 (t = 14.6667):	 total squared error = 0.00432361, marker error: RMS = 0.0150850, max = 0.0260669 (LHeel)
[2024-10-09 17:36:04.775] [info] Frame 440 (t = 14.7):	 total squared error = 0.00464135, marker error: RMS = 0.0156295, max = 0.0274604 (LHeel)
[2024-10-09 17:36:04.822] [info] Frame 441 (t = 14.7333):	 total squared error = 0.00552089, marker error: RMS = 0.0170462, max = 0.0339231 (RKnee)
[2024-10-09 17:36:04.896] [info] Frame 442 (t = 14.7667):	 total squared error = 0.00675124, marker error: RMS = 0.0188502, max = 0.0421851 (RKnee)
[2024-10-09 17:36:04.981] [info] Frame 443 (t = 14.8):	 total squared error = 0.00770029, marker error: RMS = 0.0201315, max = 0.046717 (RKnee)
[2024-10-09 17:36:05.046] [info] Frame 444 (t = 14.8333):	 total squared error = 0.00793456, marker error: RMS = 0.0204355, max = 0.044567 (RKnee)
[2024-10-09 17:36:05.110] [info] Frame 445 (t = 14.8667):	 total squared error = 0.00733554, marker error: RMS = 0.0196489, max = 0.0351135 (RKnee)
[2024-10-09 17:36:05.187] [info] Frame 446 (t = 14.9):	 total squared error = 0.00636444, marker error: RMS = 0.0183022, max = 0.028461 (LHeel)
[2024-10-09 17:36:05.238] [info] Frame 447 (t = 14.9333):	 total squared error = 0.00586282, marker error: RMS = 0.0175661, max = 0.0324693 (LElbow)
[2024-10-09 17:36:05.275] [info] Frame 448 (t = 14.9667):	 total squared error = 0.00601875, marker error: RMS = 0.0177982, max = 0.0363653 (LElbow)
[2024-10-09 17:36:05.353] [info] Frame 449 (t = 15.0):	 total squared error = 0.00628910, marker error: RMS = 0.0181936, max = 0.039494 (LElbow)
[2024-10-09 17:36:05.396] [info] Frame 450 (t = 15.0333):	 total squared error = 0.00632875, marker error: RMS = 0.0182508, max = 0.0415396 (LElbow)
[2024-10-09 17:36:05.460] [info] Frame 451 (t = 15.0667):	 total squared error = 0.00612199, marker error: RMS = 0.0179502, max = 0.0421071 (LElbow)
[2024-10-09 17:36:05.516] [info] Frame 452 (t = 15.1):	 total squared error = 0.00594864, marker error: RMS = 0.0176943, max = 0.0409667 (LElbow)
[2024-10-09 17:36:05.573] [info] Frame 453 (t = 15.1333):	 total squared error = 0.00582249, marker error: RMS = 0.0175056, max = 0.038241 (LElbow)
[2024-10-09 17:36:05.619] [info] Frame 454 (t = 15.1667):	 total squared error = 0.00573927, marker error: RMS = 0.0173801, max = 0.0343655 (LElbow)
[2024-10-09 17:36:05.673] [info] Frame 455 (t = 15.2):	 total squared error = 0.00570997, marker error: RMS = 0.0173356, max = 0.0301200 (LElbow)
[2024-10-09 17:36:05.732] [info] Frame 456 (t = 15.2333):	 total squared error = 0.00561220, marker error: RMS = 0.0171866, max = 0.0263884 (LElbow)
[2024-10-09 17:36:05.789] [info] Frame 457 (t = 15.2667):	 total squared error = 0.00539125, marker error: RMS = 0.0168449, max = 0.0235831 (LElbow)
[2024-10-09 17:36:05.866] [info] Frame 458 (t = 15.3):	 total squared error = 0.00512882, marker error: RMS = 0.0164298, max = 0.0220951 (LKnee)
[2024-10-09 17:36:05.933] [info] Frame 459 (t = 15.3333):	 total squared error = 0.00497377, marker error: RMS = 0.0161795, max = 0.0262364 (LKnee)
[2024-10-09 17:36:06.008] [info] Frame 460 (t = 15.3667):	 total squared error = 0.00486308, marker error: RMS = 0.0159985, max = 0.0300949 (LKnee)
[2024-10-09 17:36:06.055] [info] Frame 461 (t = 15.4):	 total squared error = 0.00453663, marker error: RMS = 0.0154522, max = 0.0293713 (LKnee)
[2024-10-09 17:36:06.119] [info] Frame 462 (t = 15.4333):	 total squared error = 0.00381778, marker error: RMS = 0.0141752, max = 0.0228473 (LKnee)
[2024-10-09 17:36:06.174] [info] Frame 463 (t = 15.4667):	 total squared error = 0.00313758, marker error: RMS = 0.0128505, max = 0.0228689 (LElbow)
[2024-10-09 17:36:06.251] [info] Frame 464 (t = 15.5):	 total squared error = 0.00318001, marker error: RMS = 0.0129371, max = 0.0235528 (LElbow)
[2024-10-09 17:36:06.294] [info] Frame 465 (t = 15.5333):	 total squared error = 0.00379914, marker error: RMS = 0.0141405, max = 0.0240052 (LElbow)
[2024-10-09 17:36:06.346] [info] Frame 466 (t = 15.5667):	 total squared error = 0.00421039, marker error: RMS = 0.0148862, max = 0.0247454 (LAnkle)
[2024-10-09 17:36:06.383] [info] Frame 467 (t = 15.6):	 total squared error = 0.00408905, marker error: RMS = 0.0146701, max = 0.0234019 (RSmallToe)
[2024-10-09 17:36:06.461] [info] Frame 468 (t = 15.6333):	 total squared error = 0.00372949, marker error: RMS = 0.0140103, max = 0.0260340 (Neck)
[2024-10-09 17:36:06.516] [info] Frame 469 (t = 15.6667):	 total squared error = 0.00372901, marker error: RMS = 0.0140094, max = 0.0317879 (Neck)
[2024-10-09 17:36:06.563] [info] Frame 470 (t = 15.7):	 total squared error = 0.00428703, marker error: RMS = 0.0150211, max = 0.036378 (Neck)
[2024-10-09 17:36:06.655] [info] Frame 471 (t = 15.7333):	 total squared error = 0.00528891, marker error: RMS = 0.0166842, max = 0.0399716 (Neck)
[2024-10-09 17:36:06.747] [info] Frame 472 (t = 15.7667):	 total squared error = 0.00651339, marker error: RMS = 0.0185151, max = 0.0427798 (Neck)
[2024-10-09 17:36:06.830] [info] Frame 473 (t = 15.8):	 total squared error = 0.00776716, marker error: RMS = 0.0202187, max = 0.0447429 (Neck)
[2024-10-09 17:36:06.897] [info] Frame 474 (t = 15.8333):	 total squared error = 0.00895573, marker error: RMS = 0.0217107, max = 0.0458927 (Neck)
[2024-10-09 17:36:06.965] [info] Frame 475 (t = 15.8667):	 total squared error = 0.0101337, marker error: RMS = 0.0230945, max = 0.0462947 (Neck)
[2024-10-09 17:36:07.042] [info] Frame 476 (t = 15.9):	 total squared error = 0.0112805, marker error: RMS = 0.0243662, max = 0.0460477 (Neck)
[2024-10-09 17:36:07.117] [info] Frame 477 (t = 15.9333):	 total squared error = 0.0118654, marker error: RMS = 0.0249899, max = 0.0448714 (Neck)
[2024-10-09 17:36:07.184] [info] Frame 478 (t = 15.9667):	 total squared error = 0.0114842, marker error: RMS = 0.0245852, max = 0.0427585 (Neck)
[2024-10-09 17:36:07.248] [info] Frame 479 (t = 16.0):	 total squared error = 0.0106724, marker error: RMS = 0.0237003, max = 0.0404409 (Neck)
[2024-10-09 17:36:07.327] [info] Frame 480 (t = 16.0333):	 total squared error = 0.0100015, marker error: RMS = 0.0229433, max = 0.0388552 (Neck)
[2024-10-09 17:36:07.388] [info] Frame 481 (t = 16.0667):	 total squared error = 0.00967602, marker error: RMS = 0.0225669, max = 0.0382861 (Neck)
[2024-10-09 17:36:07.434] [info] Frame 482 (t = 16.1):	 total squared error = 0.00969302, marker error: RMS = 0.0225867, max = 0.0381722 (Neck)
[2024-10-09 17:36:07.526] [info] Frame 483 (t = 16.1333):	 total squared error = 0.0100633, marker error: RMS = 0.0230140, max = 0.0410917 (LBigToe)
[2024-10-09 17:36:07.562] [info] Frame 484 (t = 16.1667):	 total squared error = 0.0110208, marker error: RMS = 0.0240841, max = 0.0422431 (LBigToe)
[2024-10-09 17:36:07.625] [info] Frame 485 (t = 16.2):	 total squared error = 0.0124721, marker error: RMS = 0.0256209, max = 0.0433893 (LElbow)
[2024-10-09 17:36:07.675] [info] Frame 486 (t = 16.2333):	 total squared error = 0.0142582, marker error: RMS = 0.027394, max = 0.05363 (LElbow)
[2024-10-09 17:36:07.725] [info] Frame 487 (t = 16.2667):	 total squared error = 0.0156981, marker error: RMS = 0.028744, max = 0.0622895 (LElbow)
[2024-10-09 17:36:07.754] [info] Frame 488 (t = 16.3):	 total squared error = 0.0160710, marker error: RMS = 0.0290834, max = 0.0661166 (LElbow)
[2024-10-09 17:36:07.800] [info] Frame 489 (t = 16.3333):	 total squared error = 0.0151387, marker error: RMS = 0.0282272, max = 0.063662 (LElbow)
[2024-10-09 17:36:07.836] [info] Frame 490 (t = 16.3667):	 total squared error = 0.0135833, marker error: RMS = 0.0267378, max = 0.055698 (LElbow)
[2024-10-09 17:36:07.896] [info] Frame 491 (t = 16.4):	 total squared error = 0.0125358, marker error: RMS = 0.0256861, max = 0.0453544 (LElbow)
[2024-10-09 17:36:07.958] [info] Frame 492 (t = 16.4333):	 total squared error = 0.0128089, marker error: RMS = 0.0259644, max = 0.0502286 (LKnee)
[2024-10-09 17:36:08.015] [info] Frame 493 (t = 16.4667):	 total squared error = 0.0141338, marker error: RMS = 0.0272742, max = 0.0621707 (LKnee)
[2024-10-09 17:36:08.078] [info] Frame 494 (t = 16.5):	 total squared error = 0.0156453, marker error: RMS = 0.0286955, max = 0.0708732 (LKnee)
[2024-10-09 17:36:08.153] [info] Frame 495 (t = 16.5333):	 total squared error = 0.0167251, marker error: RMS = 0.0296693, max = 0.0756149 (LKnee)
[2024-10-09 17:36:08.211] [info] Frame 496 (t = 16.5667):	 total squared error = 0.0171572, marker error: RMS = 0.0300501, max = 0.0762298 (LKnee)
[2024-10-09 17:36:08.276] [info] Frame 497 (t = 16.6):	 total squared error = 0.0168976, marker error: RMS = 0.0298219, max = 0.0727464 (LKnee)
[2024-10-09 17:36:08.337] [info] Frame 498 (t = 16.6333):	 total squared error = 0.0158825, marker error: RMS = 0.0289123, max = 0.0639043 (LKnee)
[2024-10-09 17:36:08.417] [info] Frame 499 (t = 16.6667):	 total squared error = 0.0141151, marker error: RMS = 0.0272562, max = 0.0502260 (LKnee)
[2024-10-09 17:36:08.492] [info] Frame 500 (t = 16.7):	 total squared error = 0.0120385, marker error: RMS = 0.0251715, max = 0.0442831 (LHeel)
[2024-10-09 17:36:08.540] [info] Frame 501 (t = 16.7333):	 total squared error = 0.0103492, marker error: RMS = 0.0233387, max = 0.0385067 (LHeel)
[2024-10-09 17:36:08.588] [info] Frame 502 (t = 16.7667):	 total squared error = 0.00938087, marker error: RMS = 0.02222, max = 0.0368945 (RHip)
[2024-10-09 17:36:08.640] [info] Frame 503 (t = 16.8):	 total squared error = 0.00918712, marker error: RMS = 0.0219894, max = 0.0375947 (RHip)
[2024-10-09 17:36:08.689] [info] Frame 504 (t = 16.8333):	 total squared error = 0.00966191, marker error: RMS = 0.0225504, max = 0.0383082 (RHip)
[2024-10-09 17:36:08.722] [info] Frame 505 (t = 16.8667):	 total squared error = 0.0105025, marker error: RMS = 0.0235109, max = 0.0391257 (RHip)
[2024-10-09 17:36:08.803] [info] Frame 506 (t = 16.9):	 total squared error = 0.0112332, marker error: RMS = 0.024315, max = 0.0395142 (RHip)
[2024-10-09 17:36:08.847] [info] Frame 507 (t = 16.9333):	 total squared error = 0.0115321, marker error: RMS = 0.0246364, max = 0.0399218 (RHip)
[2024-10-09 17:36:08.893] [info] Frame 508 (t = 16.9667):	 total squared error = 0.0113269, marker error: RMS = 0.0244162, max = 0.0400361 (RHip)
[2024-10-09 17:36:08.931] [info] Frame 509 (t = 17.0):	 total squared error = 0.0107526, marker error: RMS = 0.0237892, max = 0.0401886 (RHip)
[2024-10-09 17:36:08.967] [info] Frame 510 (t = 17.0333):	 total squared error = 0.0101221, marker error: RMS = 0.0230813, max = 0.0401876 (RHip)
[2024-10-09 17:36:09.009] [info] Frame 511 (t = 17.0667):	 total squared error = 0.00975113, marker error: RMS = 0.0226543, max = 0.0401721 (RHip)
[2024-10-09 17:36:09.045] [info] Frame 512 (t = 17.1):	 total squared error = 0.00970750, marker error: RMS = 0.0226036, max = 0.0400440 (RHip)
[2024-10-09 17:36:09.082] [info] Frame 513 (t = 17.1333):	 total squared error = 0.00982134, marker error: RMS = 0.0227357, max = 0.0398335 (RHip)
[2024-10-09 17:36:09.099] [info] Frame 514 (t = 17.1667):	 total squared error = 0.00996571, marker error: RMS = 0.0229022, max = 0.0397445 (RHip)
[2024-10-09 17:36:09.120] [info] Frame 515 (t = 17.2):	 total squared error = 0.0101587, marker error: RMS = 0.0231229, max = 0.0398701 (RHip)
[2024-10-09 17:36:09.191] [info] Frame 516 (t = 17.2333):	 total squared error = 0.0103915, marker error: RMS = 0.0233864, max = 0.0403673 (RHip)
[2024-10-09 17:36:09.206] [info] Frame 517 (t = 17.2667):	 total squared error = 0.0106564, marker error: RMS = 0.0236826, max = 0.0409579 (RHip)
[2024-10-09 17:36:09.289] [info] Frame 518 (t = 17.3):	 total squared error = 0.0108436, marker error: RMS = 0.0238897, max = 0.0415183 (RHip)
[2024-10-09 17:36:09.342] [info] Frame 519 (t = 17.3333):	 total squared error = 0.0109338, marker error: RMS = 0.0239888, max = 0.0417479 (RHip)
[2024-10-09 17:36:09.426] [info] Frame 520 (t = 17.3667):	 total squared error = 0.0108590, marker error: RMS = 0.0239066, max = 0.0415744 (RHip)
[2024-10-09 17:36:09.550] [info] Frame 521 (t = 17.4):	 total squared error = 0.0106243, marker error: RMS = 0.0236468, max = 0.0411145 (RHip)
[2024-10-09 17:36:09.566] [info] Frame 522 (t = 17.4333):	 total squared error = 0.0102635, marker error: RMS = 0.0232418, max = 0.0403757 (RHip)
[2024-10-09 17:36:09.601] [info] Frame 523 (t = 17.4667):	 total squared error = 0.00988211, marker error: RMS = 0.0228059, max = 0.0394235 (RHip)
[2024-10-09 17:36:09.620] [info] Frame 524 (t = 17.5):	 total squared error = 0.00960220, marker error: RMS = 0.0224806, max = 0.0387487 (RHip)
[2024-10-09 17:36:09.726] [info] Frame 525 (t = 17.5333):	 total squared error = 0.00950871, marker error: RMS = 0.0223709, max = 0.0381991 (RHip)
[2024-10-09 17:36:09.820] [info] Frame 526 (t = 17.5667):	 total squared error = 0.00961235, marker error: RMS = 0.0224925, max = 0.038247 (RHip)
[2024-10-09 17:36:09.889] [info] Frame 527 (t = 17.6):	 total squared error = 0.00995075, marker error: RMS = 0.022885, max = 0.0388942 (RHip)
[2024-10-09 17:36:09.992] [info] Frame 528 (t = 17.6333):	 total squared error = 0.0104175, marker error: RMS = 0.0234156, max = 0.0397288 (RHip)
[2024-10-09 17:36:10.117] [info] Frame 529 (t = 17.6667):	 total squared error = 0.0108961, marker error: RMS = 0.0239474, max = 0.0406120 (RHip)
[2024-10-09 17:36:10.206] [info] Frame 530 (t = 17.7):	 total squared error = 0.0112030, marker error: RMS = 0.0242823, max = 0.0411158 (RHip)
[2024-10-09 17:36:10.375] [info] Frame 531 (t = 17.7333):	 total squared error = 0.0112321, marker error: RMS = 0.0243139, max = 0.0411162 (RHip)
[2024-10-09 17:36:10.464] [info] Frame 532 (t = 17.7667):	 total squared error = 0.0109782, marker error: RMS = 0.0240375, max = 0.0406861 (RHip)
[2024-10-09 17:36:10.512] [info] Frame 533 (t = 17.8):	 total squared error = 0.0105236, marker error: RMS = 0.0235346, max = 0.0399021 (RHip)
[2024-10-09 17:36:10.539] [info] Frame 534 (t = 17.8333):	 total squared error = 0.00994350, marker error: RMS = 0.0228767, max = 0.0389585 (RHip)
[2024-10-09 17:36:10.604] [info] Frame 535 (t = 17.8667):	 total squared error = 0.00942041, marker error: RMS = 0.0222668, max = 0.0380034 (RHip)
[2024-10-09 17:36:10.681] [info] Frame 536 (t = 17.9):	 total squared error = 0.00914208, marker error: RMS = 0.0219354, max = 0.0374487 (RHip)
[2024-10-09 17:36:10.723] [info] Frame 537 (t = 17.9333):	 total squared error = 0.00907331, marker error: RMS = 0.0218527, max = 0.0372273 (RHip)
[2024-10-09 17:36:10.816] [info] Frame 538 (t = 17.9667):	 total squared error = 0.00915078, marker error: RMS = 0.0219458, max = 0.0375422 (RHip)
[2024-10-09 17:36:10.906] [info] Frame 539 (t = 18.0):	 total squared error = 0.00942673, marker error: RMS = 0.0222743, max = 0.0384519 (RHip)
[2024-10-09 17:36:10.922] [info] Frame 540 (t = 18.0333):	 total squared error = 0.00983965, marker error: RMS = 0.0227569, max = 0.0395933 (RHip)
[2024-10-09 17:36:11.021] [info] Frame 541 (t = 18.0667):	 total squared error = 0.0103022, marker error: RMS = 0.0232857, max = 0.0406862 (RHip)
[2024-10-09 17:36:11.104] [info] Frame 542 (t = 18.1):	 total squared error = 0.0107258, marker error: RMS = 0.0237596, max = 0.0414877 (RHip)
[2024-10-09 17:36:11.217] [info] Frame 543 (t = 18.1333):	 total squared error = 0.0110596, marker error: RMS = 0.0241265, max = 0.0421052 (RHip)
[2024-10-09 17:36:11.291] [info] Frame 544 (t = 18.1667):	 total squared error = 0.0113617, marker error: RMS = 0.0244538, max = 0.0426661 (RHip)
[2024-10-09 17:36:11.303] [info] InverseKinematicsTool completed 545 frames in 31 second(s).
