[2024-10-09 18:21:34.244] [info] Preparing to run InverseKinematicsTool.
[2024-10-09 18:21:34.266] [info] Loaded model Pose2Sim_scaled from file Model_Pose2Sim_Halpe26_scaled.osim
[2024-10-09 18:21:34.266] [warning] Couldn't find file 'r_pelvis.vtp'.
[2024-10-09 18:21:34.266] [warning] Couldn't find file 'l_pelvis.vtp'.
[2024-10-09 18:21:34.266] [warning] Couldn't find file 'sacrum.vtp'.
[2024-10-09 18:21:34.267] [warning] Couldn't find file 'femur_r.vtp'.
[2024-10-09 18:21:34.267] [warning] Couldn't find file 'r_patella.vtp'.
[2024-10-09 18:21:34.267] [warning] Couldn't find file 'tibia_r.vtp'.
[2024-10-09 18:21:34.267] [warning] Couldn't find file 'fibula_r.vtp'.
[2024-10-09 18:21:34.267] [warning] Couldn't find file 'talus_rv.vtp'.
[2024-10-09 18:21:34.267] [warning] Couldn't find file 'foot.vtp'.
[2024-10-09 18:21:34.267] [warning] Couldn't find file 'bofoot.vtp'.
[2024-10-09 18:21:34.268] [warning] Couldn't find file 'femur_l.vtp'.
[2024-10-09 18:21:34.268] [warning] Couldn't find file 'l_patella.vtp'.
[2024-10-09 18:21:34.268] [warning] Couldn't find file 'tibia_l.vtp'.
[2024-10-09 18:21:34.268] [warning] Couldn't find file 'fibula_l.vtp'.
[2024-10-09 18:21:34.268] [warning] Couldn't find file 'talus_lv.vtp'.
[2024-10-09 18:21:34.268] [warning] Couldn't find file 'l_foot.vtp'.
[2024-10-09 18:21:34.268] [warning] Couldn't find file 'l_bofoot.vtp'.
[2024-10-09 18:21:34.269] [warning] Couldn't find file 'lumbar5.vtp'.
[2024-10-09 18:21:34.269] [warning] Couldn't find file 'lumbar4.vtp'.
[2024-10-09 18:21:34.269] [warning] Couldn't find file 'lumbar3.vtp'.
[2024-10-09 18:21:34.269] [warning] Couldn't find file 'lumbar2.vtp'.
[2024-10-09 18:21:34.269] [warning] Couldn't find file 'lumbar1.vtp'.
[2024-10-09 18:21:34.269] [warning] Couldn't find file 'cerv1sm.vtp'.
[2024-10-09 18:21:34.269] [warning] Couldn't find file 'cerv2sm.vtp'.
[2024-10-09 18:21:34.269] [warning] Couldn't find file 'cerv3sm.vtp'.
[2024-10-09 18:21:34.270] [warning] Couldn't find file 'cerv4sm.vtp'.
[2024-10-09 18:21:34.270] [warning] Couldn't find file 'cerv5sm.vtp'.
[2024-10-09 18:21:34.270] [warning] Couldn't find file 'cerv6sm.vtp'.
[2024-10-09 18:21:34.270] [warning] Couldn't find file 'cerv7.vtp'.
[2024-10-09 18:21:34.270] [warning] Couldn't find file 'thoracic12_s.vtp'.
[2024-10-09 18:21:34.270] [warning] Couldn't find file 'thoracic11_s.vtp'.
[2024-10-09 18:21:34.270] [warning] Couldn't find file 'thoracic10_s.vtp'.
[2024-10-09 18:21:34.270] [warning] Couldn't find file 'thoracic9_s.vtp'.
[2024-10-09 18:21:34.270] [warning] Couldn't find file 'thoracic8_s.vtp'.
[2024-10-09 18:21:34.271] [warning] Couldn't find file 'thoracic7_s.vtp'.
[2024-10-09 18:21:34.271] [warning] Couldn't find file 'thoracic6_s.vtp'.
[2024-10-09 18:21:34.271] [warning] Couldn't find file 'thoracic5_s.vtp'.
[2024-10-09 18:21:34.271] [warning] Couldn't find file 'thoracic4_s.vtp'.
[2024-10-09 18:21:34.271] [warning] Couldn't find file 'thoracic3_s.vtp'.
[2024-10-09 18:21:34.271] [warning] Couldn't find file 'thoracic2_s.vtp'.
[2024-10-09 18:21:34.271] [warning] Couldn't find file 'thoracic1_s.vtp'.
[2024-10-09 18:21:34.272] [warning] Couldn't find file 'hat_ribs_scap.vtp'.
[2024-10-09 18:21:34.272] [warning] Couldn't find file 'hat_jaw.vtp'.
[2024-10-09 18:21:34.272] [warning] Couldn't find file 'hat_skull.vtp'.
[2024-10-09 18:21:34.272] [warning] Couldn't find file 'humerus_rv.vtp'.
[2024-10-09 18:21:34.272] [warning] Couldn't find file 'ulna_rv.vtp'.
[2024-10-09 18:21:34.272] [warning] Couldn't find file 'radius_rv.vtp'.
[2024-10-09 18:21:34.272] [warning] Couldn't find file 'pisiform_rvs.vtp'.
[2024-10-09 18:21:34.273] [warning] Couldn't find file 'lunate_rvs.vtp'.
[2024-10-09 18:21:34.273] [warning] Couldn't find file 'scaphoid_rvs.vtp'.
[2024-10-09 18:21:34.273] [warning] Couldn't find file 'triquetrum_rvs.vtp'.
[2024-10-09 18:21:34.273] [warning] Couldn't find file 'hamate_rvs.vtp'.
[2024-10-09 18:21:34.273] [warning] Couldn't find file 'capitate_rvs.vtp'.
[2024-10-09 18:21:34.273] [warning] Couldn't find file 'trapezoid_rvs.vtp'.
[2024-10-09 18:21:34.273] [warning] Couldn't find file 'trapezium_rvs.vtp'.
[2024-10-09 18:21:34.273] [warning] Couldn't find file 'metacarpal2_rvs.vtp'.
[2024-10-09 18:21:34.273] [warning] Couldn't find file 'index_proximal_rvs.vtp'.
[2024-10-09 18:21:34.274] [warning] Couldn't find file 'index_medial_rvs.vtp'.
[2024-10-09 18:21:34.274] [warning] Couldn't find file 'index_distal_rvs.vtp'.
[2024-10-09 18:21:34.274] [warning] Couldn't find file 'metacarpal3_rvs.vtp'.
[2024-10-09 18:21:34.274] [warning] Couldn't find file 'middle_proximal_rvs.vtp'.
[2024-10-09 18:21:34.274] [warning] Couldn't find file 'middle_medial_rvs.vtp'.
[2024-10-09 18:21:34.274] [warning] Couldn't find file 'middle_distal_rvs.vtp'.
[2024-10-09 18:21:34.274] [warning] Couldn't find file 'metacarpal4_rvs.vtp'.
[2024-10-09 18:21:34.274] [warning] Couldn't find file 'ring_proximal_rvs.vtp'.
[2024-10-09 18:21:34.275] [warning] Couldn't find file 'ring_medial_rvs.vtp'.
[2024-10-09 18:21:34.275] [warning] Couldn't find file 'ring_distal_rvs.vtp'.
[2024-10-09 18:21:34.275] [warning] Couldn't find file 'metacarpal5_rvs.vtp'.
[2024-10-09 18:21:34.275] [warning] Couldn't find file 'little_proximal_rvs.vtp'.
[2024-10-09 18:21:34.275] [warning] Couldn't find file 'little_medial_rvs.vtp'.
[2024-10-09 18:21:34.275] [warning] Couldn't find file 'little_distal_rvs.vtp'.
[2024-10-09 18:21:34.275] [warning] Couldn't find file 'metacarpal1_rvs.vtp'.
[2024-10-09 18:21:34.275] [warning] Couldn't find file 'thumb_proximal_rvs.vtp'.
[2024-10-09 18:21:34.275] [warning] Couldn't find file 'thumb_distal_rvs.vtp'.
[2024-10-09 18:21:34.276] [warning] Couldn't find file 'humerus_lv.vtp'.
[2024-10-09 18:21:34.276] [warning] Couldn't find file 'ulna_lv.vtp'.
[2024-10-09 18:21:34.276] [warning] Couldn't find file 'radius_lv.vtp'.
[2024-10-09 18:21:34.276] [warning] Couldn't find file 'pisiform_lvs.vtp'.
[2024-10-09 18:21:34.276] [warning] Couldn't find file 'lunate_lvs.vtp'.
[2024-10-09 18:21:34.276] [warning] Couldn't find file 'scaphoid_lvs.vtp'.
[2024-10-09 18:21:34.277] [warning] Couldn't find file 'triquetrum_lvs.vtp'.
[2024-10-09 18:21:34.277] [warning] Couldn't find file 'hamate_lvs.vtp'.
[2024-10-09 18:21:34.277] [warning] Couldn't find file 'capitate_lvs.vtp'.
[2024-10-09 18:21:34.277] [warning] Couldn't find file 'trapezoid_lvs.vtp'.
[2024-10-09 18:21:34.277] [warning] Couldn't find file 'trapezium_lvs.vtp'.
[2024-10-09 18:21:34.277] [warning] Couldn't find file 'metacarpal2_lvs.vtp'.
[2024-10-09 18:21:34.277] [warning] Couldn't find file 'index_proximal_lvs.vtp'.
[2024-10-09 18:21:34.278] [warning] Couldn't find file 'index_medial_lvs.vtp'.
[2024-10-09 18:21:34.278] [warning] Couldn't find file 'index_distal_lvs.vtp'.
[2024-10-09 18:21:34.278] [warning] Couldn't find file 'metacarpal3_lvs.vtp'.
[2024-10-09 18:21:34.278] [warning] Couldn't find file 'middle_proximal_lvs.vtp'.
[2024-10-09 18:21:34.278] [warning] Couldn't find file 'middle_medial_lvs.vtp'.
[2024-10-09 18:21:34.278] [warning] Couldn't find file 'middle_distal_lvs.vtp'.
[2024-10-09 18:21:34.278] [warning] Couldn't find file 'metacarpal4_lvs.vtp'.
[2024-10-09 18:21:34.278] [warning] Couldn't find file 'ring_proximal_lvs.vtp'.
[2024-10-09 18:21:34.279] [warning] Couldn't find file 'ring_medial_lvs.vtp'.
[2024-10-09 18:21:34.279] [warning] Couldn't find file 'ring_distal_lvs.vtp'.
[2024-10-09 18:21:34.279] [warning] Couldn't find file 'metacarpal5_lvs.vtp'.
[2024-10-09 18:21:34.279] [warning] Couldn't find file 'little_proximal_lvs.vtp'.
[2024-10-09 18:21:34.279] [warning] Couldn't find file 'little_medial_lvs.vtp'.
[2024-10-09 18:21:34.279] [warning] Couldn't find file 'little_distal_lvs.vtp'.
[2024-10-09 18:21:34.279] [warning] Couldn't find file 'metacarpal1_lvs.vtp'.
[2024-10-09 18:21:34.279] [warning] Couldn't find file 'thumb_proximal_lvs.vtp'.
[2024-10-09 18:21:34.280] [warning] Couldn't find file 'thumb_distal_lvs.vtp'.
[2024-10-09 18:21:34.281] [cout] [info] 
               MODEL: Pose2Sim_scaled
         coordinates: 62
              forces: 0
           actuators: 0
             muscles: 0
            analyses: 0
              probes: 0
              bodies: 30
              joints: 30
         constraints: 20
             markers: 22
         controllers: 0
  contact geometries: 0
misc modelcomponents: 0
[2024-10-09 18:21:34.282] [info] Running tool .
[2024-10-09 18:21:34.700] [info] Frame 0 (t = 0.0333333):	 total squared error = 0.0145448, marker error: RMS = 0.027668, max = 0.0540154 (LShoulder)
[2024-10-09 18:21:34.797] [info] Frame 1 (t = 0.0666667):	 total squared error = 0.0132769, marker error: RMS = 0.0264345, max = 0.04919 (LShoulder)
[2024-10-09 18:21:34.880] [info] Frame 2 (t = 0.1):	 total squared error = 0.0129333, marker error: RMS = 0.0260902, max = 0.0451076 (LShoulder)
[2024-10-09 18:21:34.945] [info] Frame 3 (t = 0.133333):	 total squared error = 0.0130798, marker error: RMS = 0.0262375, max = 0.0424055 (LShoulder)
[2024-10-09 18:21:34.961] [info] Frame 4 (t = 0.166667):	 total squared error = 0.0133831, marker error: RMS = 0.0265401, max = 0.0424093 (LHeel)
[2024-10-09 18:21:35.023] [info] Frame 5 (t = 0.2):	 total squared error = 0.0136311, marker error: RMS = 0.0267848, max = 0.0422678 (LHeel)
[2024-10-09 18:21:35.097] [info] Frame 6 (t = 0.233333):	 total squared error = 0.0139452, marker error: RMS = 0.0270917, max = 0.0412623 (LHeel)
[2024-10-09 18:21:35.188] [info] Frame 7 (t = 0.266667):	 total squared error = 0.0142623, marker error: RMS = 0.027398, max = 0.0408116 (LShoulder)
[2024-10-09 18:21:35.238] [info] Frame 8 (t = 0.3):	 total squared error = 0.0144506, marker error: RMS = 0.0275782, max = 0.0410906 (LShoulder)
[2024-10-09 18:21:35.345] [info] Frame 9 (t = 0.333333):	 total squared error = 0.0143991, marker error: RMS = 0.0275291, max = 0.0403614 (LShoulder)
[2024-10-09 18:21:35.378] [info] Frame 10 (t = 0.366667):	 total squared error = 0.0142367, marker error: RMS = 0.0273734, max = 0.0399506 (RHeel)
[2024-10-09 18:21:35.443] [info] Frame 11 (t = 0.4):	 total squared error = 0.0139716, marker error: RMS = 0.0271173, max = 0.0403230 (RHeel)
[2024-10-09 18:21:35.465] [info] Frame 12 (t = 0.433333):	 total squared error = 0.0136811, marker error: RMS = 0.0268339, max = 0.0399466 (RHeel)
[2024-10-09 18:21:35.544] [info] Frame 13 (t = 0.466667):	 total squared error = 0.0132794, marker error: RMS = 0.026437, max = 0.0404770 (LHeel)
[2024-10-09 18:21:35.638] [info] Frame 14 (t = 0.5):	 total squared error = 0.0128431, marker error: RMS = 0.0259991, max = 0.041665 (LHeel)
[2024-10-09 18:21:35.707] [info] Frame 15 (t = 0.533333):	 total squared error = 0.0124803, marker error: RMS = 0.0256292, max = 0.0422762 (LHeel)
[2024-10-09 18:21:35.751] [info] Frame 16 (t = 0.566667):	 total squared error = 0.0123465, marker error: RMS = 0.0254915, max = 0.0420964 (LHeel)
[2024-10-09 18:21:35.780] [info] Frame 17 (t = 0.6):	 total squared error = 0.0125057, marker error: RMS = 0.0256553, max = 0.0419542 (LHeel)
[2024-10-09 18:21:35.868] [info] Frame 18 (t = 0.633333):	 total squared error = 0.0129556, marker error: RMS = 0.0261127, max = 0.0410495 (LHeel)
[2024-10-09 18:21:35.918] [info] Frame 19 (t = 0.666667):	 total squared error = 0.013674, marker error: RMS = 0.0268269, max = 0.0405025 (LShoulder)
[2024-10-09 18:21:35.965] [info] Frame 20 (t = 0.7):	 total squared error = 0.0145177, marker error: RMS = 0.0276421, max = 0.0443887 (LShoulder)
[2024-10-09 18:21:35.991] [info] Frame 21 (t = 0.733333):	 total squared error = 0.0152068, marker error: RMS = 0.0282906, max = 0.04724 (LShoulder)
[2024-10-09 18:21:36.029] [info] Frame 22 (t = 0.766667):	 total squared error = 0.0155225, marker error: RMS = 0.0285827, max = 0.0480435 (LShoulder)
[2024-10-09 18:21:36.113] [info] Frame 23 (t = 0.8):	 total squared error = 0.0155226, marker error: RMS = 0.0285828, max = 0.0469255 (LShoulder)
[2024-10-09 18:21:36.182] [info] Frame 24 (t = 0.833333):	 total squared error = 0.0153897, marker error: RMS = 0.0284602, max = 0.0455022 (LShoulder)
[2024-10-09 18:21:36.217] [info] Frame 25 (t = 0.866667):	 total squared error = 0.0153487, marker error: RMS = 0.0284223, max = 0.0448616 (LShoulder)
[2024-10-09 18:21:36.250] [info] Frame 26 (t = 0.9):	 total squared error = 0.0154226, marker error: RMS = 0.0284906, max = 0.0457059 (LShoulder)
[2024-10-09 18:21:36.295] [info] Frame 27 (t = 0.933333):	 total squared error = 0.0156408, marker error: RMS = 0.0286915, max = 0.0476915 (LShoulder)
[2024-10-09 18:21:36.353] [info] Frame 28 (t = 0.966667):	 total squared error = 0.0159655, marker error: RMS = 0.0289878, max = 0.0503169 (LShoulder)
[2024-10-09 18:21:36.406] [info] Frame 29 (t = 1.0):	 total squared error = 0.0162637, marker error: RMS = 0.0292572, max = 0.0528293 (LShoulder)
[2024-10-09 18:21:36.457] [info] Frame 30 (t = 1.03333):	 total squared error = 0.0164087, marker error: RMS = 0.0293873, max = 0.0545057 (LShoulder)
[2024-10-09 18:21:36.521] [info] Frame 31 (t = 1.06667):	 total squared error = 0.0164268, marker error: RMS = 0.0294036, max = 0.055451 (LShoulder)
[2024-10-09 18:21:36.550] [info] Frame 32 (t = 1.1):	 total squared error = 0.0164208, marker error: RMS = 0.0293982, max = 0.0557585 (LShoulder)
[2024-10-09 18:21:36.634] [info] Frame 33 (t = 1.13333):	 total squared error = 0.0164668, marker error: RMS = 0.0294393, max = 0.0556065 (LShoulder)
[2024-10-09 18:21:36.694] [info] Frame 34 (t = 1.16667):	 total squared error = 0.0165892, marker error: RMS = 0.0295485, max = 0.0554598 (LShoulder)
[2024-10-09 18:21:36.722] [info] Frame 35 (t = 1.2):	 total squared error = 0.0167185, marker error: RMS = 0.0296635, max = 0.0551951 (LShoulder)
[2024-10-09 18:21:36.751] [info] Frame 36 (t = 1.23333):	 total squared error = 0.0168334, marker error: RMS = 0.0297652, max = 0.0547237 (LShoulder)
[2024-10-09 18:21:36.831] [info] Frame 37 (t = 1.26667):	 total squared error = 0.0168222, marker error: RMS = 0.0297553, max = 0.0544023 (LShoulder)
[2024-10-09 18:21:36.851] [info] Frame 38 (t = 1.3):	 total squared error = 0.0167052, marker error: RMS = 0.0296517, max = 0.0542159 (LShoulder)
[2024-10-09 18:21:36.869] [info] Frame 39 (t = 1.33333):	 total squared error = 0.0165153, marker error: RMS = 0.0294826, max = 0.0540596 (LShoulder)
[2024-10-09 18:21:36.896] [info] Frame 40 (t = 1.36667):	 total squared error = 0.0163333, marker error: RMS = 0.0293198, max = 0.0538055 (LShoulder)
[2024-10-09 18:21:36.944] [info] Frame 41 (t = 1.4):	 total squared error = 0.0162631, marker error: RMS = 0.0292566, max = 0.0537247 (LShoulder)
[2024-10-09 18:21:36.987] [info] Frame 42 (t = 1.43333):	 total squared error = 0.0163048, marker error: RMS = 0.0292941, max = 0.0536422 (LShoulder)
[2024-10-09 18:21:37.036] [info] Frame 43 (t = 1.46667):	 total squared error = 0.0163724, marker error: RMS = 0.0293549, max = 0.0534429 (LShoulder)
[2024-10-09 18:21:37.109] [info] Frame 44 (t = 1.5):	 total squared error = 0.0164116, marker error: RMS = 0.0293899, max = 0.0533542 (LShoulder)
[2024-10-09 18:21:37.133] [info] Frame 45 (t = 1.53333):	 total squared error = 0.0163736, marker error: RMS = 0.0293559, max = 0.0534169 (LShoulder)
[2024-10-09 18:21:37.168] [info] Frame 46 (t = 1.56667):	 total squared error = 0.016255, marker error: RMS = 0.0292494, max = 0.0535224 (LShoulder)
[2024-10-09 18:21:37.200] [info] Frame 47 (t = 1.6):	 total squared error = 0.0160888, marker error: RMS = 0.0290995, max = 0.0537107 (LShoulder)
[2024-10-09 18:21:37.260] [info] Frame 48 (t = 1.63333):	 total squared error = 0.0158962, marker error: RMS = 0.0289248, max = 0.0540138 (LShoulder)
[2024-10-09 18:21:37.308] [info] Frame 49 (t = 1.66667):	 total squared error = 0.0157538, marker error: RMS = 0.0287949, max = 0.0542308 (LShoulder)
[2024-10-09 18:21:37.349] [info] Frame 50 (t = 1.7):	 total squared error = 0.015692, marker error: RMS = 0.0287384, max = 0.0543449 (LShoulder)
[2024-10-09 18:21:37.402] [info] Frame 51 (t = 1.73333):	 total squared error = 0.0156933, marker error: RMS = 0.0287395, max = 0.054283 (LShoulder)
[2024-10-09 18:21:37.437] [info] Frame 52 (t = 1.76667):	 total squared error = 0.0158613, marker error: RMS = 0.028893, max = 0.0540881 (LShoulder)
[2024-10-09 18:21:37.468] [info] Frame 53 (t = 1.8):	 total squared error = 0.0162382, marker error: RMS = 0.0292342, max = 0.0538832 (LShoulder)
[2024-10-09 18:21:37.509] [info] Frame 54 (t = 1.83333):	 total squared error = 0.0167659, marker error: RMS = 0.0297054, max = 0.0537324 (LShoulder)
[2024-10-09 18:21:37.579] [info] Frame 55 (t = 1.86667):	 total squared error = 0.0173294, marker error: RMS = 0.0302006, max = 0.0538242 (LShoulder)
[2024-10-09 18:21:37.638] [info] Frame 56 (t = 1.9):	 total squared error = 0.0178356, marker error: RMS = 0.0306385, max = 0.0540942 (LShoulder)
[2024-10-09 18:21:37.700] [info] Frame 57 (t = 1.93333):	 total squared error = 0.0181681, marker error: RMS = 0.0309227, max = 0.0546833 (LShoulder)
[2024-10-09 18:21:37.769] [info] Frame 58 (t = 1.96667):	 total squared error = 0.0182161, marker error: RMS = 0.0309636, max = 0.0551811 (LShoulder)
[2024-10-09 18:21:37.856] [info] Frame 59 (t = 2.0):	 total squared error = 0.0179669, marker error: RMS = 0.0307511, max = 0.0556673 (LShoulder)
[2024-10-09 18:21:37.935] [info] Frame 60 (t = 2.03333):	 total squared error = 0.0175498, marker error: RMS = 0.0303920, max = 0.0558327 (LShoulder)
[2024-10-09 18:21:38.021] [info] Frame 61 (t = 2.06667):	 total squared error = 0.0171383, marker error: RMS = 0.0300336, max = 0.055866 (LShoulder)
[2024-10-09 18:21:38.069] [info] Frame 62 (t = 2.1):	 total squared error = 0.0168727, marker error: RMS = 0.0298, max = 0.0556672 (LShoulder)
[2024-10-09 18:21:38.159] [info] Frame 63 (t = 2.13333):	 total squared error = 0.016744, marker error: RMS = 0.0296861, max = 0.0555934 (LShoulder)
[2024-10-09 18:21:38.243] [info] Frame 64 (t = 2.16667):	 total squared error = 0.0167538, marker error: RMS = 0.0296948, max = 0.0554844 (LShoulder)
[2024-10-09 18:21:38.308] [info] Frame 65 (t = 2.2):	 total squared error = 0.0168331, marker error: RMS = 0.0297649, max = 0.0554641 (LShoulder)
[2024-10-09 18:21:38.329] [info] Frame 66 (t = 2.23333):	 total squared error = 0.0169337, marker error: RMS = 0.0298538, max = 0.0554907 (LShoulder)
[2024-10-09 18:21:38.360] [info] Frame 67 (t = 2.26667):	 total squared error = 0.0170140, marker error: RMS = 0.0299244, max = 0.0555252 (LShoulder)
[2024-10-09 18:21:38.400] [info] Frame 68 (t = 2.3):	 total squared error = 0.0170853, marker error: RMS = 0.0299871, max = 0.0554757 (LShoulder)
[2024-10-09 18:21:38.435] [info] Frame 69 (t = 2.33333):	 total squared error = 0.0170822, marker error: RMS = 0.0299843, max = 0.0556065 (LShoulder)
[2024-10-09 18:21:38.487] [info] Frame 70 (t = 2.36667):	 total squared error = 0.0169811, marker error: RMS = 0.0298955, max = 0.0557221 (LShoulder)
[2024-10-09 18:21:38.545] [info] Frame 71 (t = 2.4):	 total squared error = 0.0167391, marker error: RMS = 0.0296818, max = 0.0557779 (LShoulder)
[2024-10-09 18:21:38.566] [info] Frame 72 (t = 2.43333):	 total squared error = 0.0163986, marker error: RMS = 0.0293783, max = 0.0558297 (LShoulder)
[2024-10-09 18:21:38.598] [info] Frame 73 (t = 2.46667):	 total squared error = 0.0159809, marker error: RMS = 0.0290017, max = 0.0557386 (LShoulder)
[2024-10-09 18:21:38.648] [info] Frame 74 (t = 2.5):	 total squared error = 0.0156777, marker error: RMS = 0.0287252, max = 0.0554147 (LShoulder)
[2024-10-09 18:21:38.681] [info] Frame 75 (t = 2.53333):	 total squared error = 0.0155, marker error: RMS = 0.028562, max = 0.0552255 (LShoulder)
[2024-10-09 18:21:38.706] [info] Frame 76 (t = 2.56667):	 total squared error = 0.0154617, marker error: RMS = 0.0285267, max = 0.0550270 (LShoulder)
[2024-10-09 18:21:38.738] [info] Frame 77 (t = 2.6):	 total squared error = 0.0154246, marker error: RMS = 0.0284925, max = 0.0550445 (LShoulder)
[2024-10-09 18:21:38.793] [info] Frame 78 (t = 2.63333):	 total squared error = 0.0154351, marker error: RMS = 0.0285022, max = 0.0549303 (LShoulder)
[2024-10-09 18:21:38.826] [info] Frame 79 (t = 2.66667):	 total squared error = 0.0154551, marker error: RMS = 0.0285207, max = 0.0547416 (LShoulder)
[2024-10-09 18:21:38.858] [info] Frame 80 (t = 2.7):	 total squared error = 0.0154792, marker error: RMS = 0.0285429, max = 0.0544296 (LShoulder)
[2024-10-09 18:21:38.919] [info] Frame 81 (t = 2.73333):	 total squared error = 0.015481, marker error: RMS = 0.0285445, max = 0.0541916 (LShoulder)
[2024-10-09 18:21:38.946] [info] Frame 82 (t = 2.76667):	 total squared error = 0.01559, marker error: RMS = 0.0286448, max = 0.0539691 (LShoulder)
[2024-10-09 18:21:38.981] [info] Frame 83 (t = 2.8):	 total squared error = 0.0158248, marker error: RMS = 0.0288598, max = 0.0538725 (LShoulder)
[2024-10-09 18:21:39.012] [info] Frame 84 (t = 2.83333):	 total squared error = 0.0161804, marker error: RMS = 0.0291822, max = 0.0538411 (LShoulder)
[2024-10-09 18:21:39.068] [info] Frame 85 (t = 2.86667):	 total squared error = 0.0165589, marker error: RMS = 0.0295215, max = 0.0537931 (LShoulder)
[2024-10-09 18:21:39.107] [info] Frame 86 (t = 2.9):	 total squared error = 0.0168495, marker error: RMS = 0.0297795, max = 0.053612 (LShoulder)
[2024-10-09 18:21:39.124] [info] Frame 87 (t = 2.93333):	 total squared error = 0.016977, marker error: RMS = 0.0298919, max = 0.0533163 (LShoulder)
[2024-10-09 18:21:39.143] [info] Frame 88 (t = 2.96667):	 total squared error = 0.0169485, marker error: RMS = 0.0298668, max = 0.0530394 (LShoulder)
[2024-10-09 18:21:39.167] [info] Frame 89 (t = 3.0):	 total squared error = 0.0168535, marker error: RMS = 0.029783, max = 0.0528128 (LShoulder)
[2024-10-09 18:21:39.217] [info] Frame 90 (t = 3.03333):	 total squared error = 0.0167098, marker error: RMS = 0.0296557, max = 0.0528905 (LShoulder)
[2024-10-09 18:21:39.238] [info] Frame 91 (t = 3.06667):	 total squared error = 0.0166475, marker error: RMS = 0.0296004, max = 0.0527771 (LShoulder)
[2024-10-09 18:21:39.290] [info] Frame 92 (t = 3.1):	 total squared error = 0.016536, marker error: RMS = 0.0295011, max = 0.0529492 (LShoulder)
[2024-10-09 18:21:39.339] [info] Frame 93 (t = 3.13333):	 total squared error = 0.0164922, marker error: RMS = 0.029462, max = 0.0530756 (LShoulder)
[2024-10-09 18:21:39.408] [info] Frame 94 (t = 3.16667):	 total squared error = 0.0163653, marker error: RMS = 0.0293484, max = 0.0532627 (LShoulder)
[2024-10-09 18:21:39.448] [info] Frame 95 (t = 3.2):	 total squared error = 0.0161426, marker error: RMS = 0.0291481, max = 0.0536606 (LShoulder)
[2024-10-09 18:21:39.506] [info] Frame 96 (t = 3.23333):	 total squared error = 0.015917, marker error: RMS = 0.0289437, max = 0.0541514 (LShoulder)
[2024-10-09 18:21:39.564] [info] Frame 97 (t = 3.26667):	 total squared error = 0.0158574, marker error: RMS = 0.0288894, max = 0.0546203 (LShoulder)
[2024-10-09 18:21:39.610] [info] Frame 98 (t = 3.3):	 total squared error = 0.0160002, marker error: RMS = 0.0290193, max = 0.0550543 (LShoulder)
[2024-10-09 18:21:39.634] [info] Frame 99 (t = 3.33333):	 total squared error = 0.0162401, marker error: RMS = 0.0292359, max = 0.0554354 (LShoulder)
[2024-10-09 18:21:39.664] [info] Frame 100 (t = 3.36667):	 total squared error = 0.0163775, marker error: RMS = 0.0293594, max = 0.055565 (LShoulder)
[2024-10-09 18:21:39.728] [info] Frame 101 (t = 3.4):	 total squared error = 0.0163485, marker error: RMS = 0.0293334, max = 0.0552831 (LShoulder)
[2024-10-09 18:21:39.754] [info] Frame 102 (t = 3.43333):	 total squared error = 0.0161147, marker error: RMS = 0.0291229, max = 0.0551622 (LShoulder)
[2024-10-09 18:21:39.777] [info] Frame 103 (t = 3.46667):	 total squared error = 0.0157987, marker error: RMS = 0.0288359, max = 0.0548539 (LShoulder)
[2024-10-09 18:21:39.806] [info] Frame 104 (t = 3.5):	 total squared error = 0.0155149, marker error: RMS = 0.0285758, max = 0.0544297 (LShoulder)
[2024-10-09 18:21:39.838] [info] Frame 105 (t = 3.53333):	 total squared error = 0.0153805, marker error: RMS = 0.0284517, max = 0.0539771 (LShoulder)
[2024-10-09 18:21:39.861] [info] Frame 106 (t = 3.56667):	 total squared error = 0.015443, marker error: RMS = 0.0285094, max = 0.0537609 (LShoulder)
[2024-10-09 18:21:39.923] [info] Frame 107 (t = 3.6):	 total squared error = 0.015595, marker error: RMS = 0.0286494, max = 0.0537973 (LShoulder)
[2024-10-09 18:21:39.941] [info] Frame 108 (t = 3.63333):	 total squared error = 0.0160622, marker error: RMS = 0.0290754, max = 0.0538871 (LShoulder)
[2024-10-09 18:21:39.992] [info] Frame 109 (t = 3.66667):	 total squared error = 0.0166816, marker error: RMS = 0.0296307, max = 0.0539776 (LShoulder)
[2024-10-09 18:21:40.035] [info] Frame 110 (t = 3.7):	 total squared error = 0.0173958, marker error: RMS = 0.0302584, max = 0.0539599 (LShoulder)
[2024-10-09 18:21:40.119] [info] Frame 111 (t = 3.73333):	 total squared error = 0.0179628, marker error: RMS = 0.0307476, max = 0.0540261 (LShoulder)
[2024-10-09 18:21:40.175] [info] Frame 112 (t = 3.76667):	 total squared error = 0.0183, marker error: RMS = 0.0310348, max = 0.0539513 (LShoulder)
[2024-10-09 18:21:40.235] [info] Frame 113 (t = 3.8):	 total squared error = 0.0183962, marker error: RMS = 0.0311163, max = 0.053859 (LShoulder)
[2024-10-09 18:21:40.291] [info] Frame 114 (t = 3.83333):	 total squared error = 0.0183559, marker error: RMS = 0.0310822, max = 0.0539808 (LShoulder)
[2024-10-09 18:21:40.343] [info] Frame 115 (t = 3.86667):	 total squared error = 0.0182396, marker error: RMS = 0.0309835, max = 0.0541124 (LShoulder)
[2024-10-09 18:21:40.410] [info] Frame 116 (t = 3.9):	 total squared error = 0.0180968, marker error: RMS = 0.0308620, max = 0.0541948 (LShoulder)
[2024-10-09 18:21:40.460] [info] Frame 117 (t = 3.93333):	 total squared error = 0.0179307, marker error: RMS = 0.0307200, max = 0.0542409 (LShoulder)
[2024-10-09 18:21:40.542] [info] Frame 118 (t = 3.96667):	 total squared error = 0.0177595, marker error: RMS = 0.0305730, max = 0.0542741 (LShoulder)
[2024-10-09 18:21:40.604] [info] Frame 119 (t = 4.0):	 total squared error = 0.0176526, marker error: RMS = 0.0304809, max = 0.0543413 (LShoulder)
[2024-10-09 18:21:40.660] [info] Frame 120 (t = 4.03333):	 total squared error = 0.0176445, marker error: RMS = 0.0304739, max = 0.0545561 (LShoulder)
[2024-10-09 18:21:40.709] [info] Frame 121 (t = 4.06667):	 total squared error = 0.0177377, marker error: RMS = 0.0305542, max = 0.054898 (LShoulder)
[2024-10-09 18:21:40.767] [info] Frame 122 (t = 4.1):	 total squared error = 0.017886, marker error: RMS = 0.0306817, max = 0.05533 (LShoulder)
[2024-10-09 18:21:40.837] [info] Frame 123 (t = 4.13333):	 total squared error = 0.0180529, marker error: RMS = 0.0308246, max = 0.0557947 (LShoulder)
[2024-10-09 18:21:40.890] [info] Frame 124 (t = 4.16667):	 total squared error = 0.0181863, marker error: RMS = 0.0309383, max = 0.0563126 (LShoulder)
[2024-10-09 18:21:40.946] [info] Frame 125 (t = 4.2):	 total squared error = 0.0182584, marker error: RMS = 0.0309995, max = 0.0566512 (LShoulder)
[2024-10-09 18:21:40.998] [info] Frame 126 (t = 4.23333):	 total squared error = 0.0182643, marker error: RMS = 0.0310045, max = 0.0569749 (LShoulder)
[2024-10-09 18:21:41.055] [info] Frame 127 (t = 4.26667):	 total squared error = 0.0182456, marker error: RMS = 0.0309886, max = 0.0570389 (LShoulder)
[2024-10-09 18:21:41.113] [info] Frame 128 (t = 4.3):	 total squared error = 0.0182343, marker error: RMS = 0.0309790, max = 0.0568851 (LShoulder)
[2024-10-09 18:21:41.197] [info] Frame 129 (t = 4.33333):	 total squared error = 0.018219, marker error: RMS = 0.0309660, max = 0.0567151 (LShoulder)
[2024-10-09 18:21:41.228] [info] Frame 130 (t = 4.36667):	 total squared error = 0.0181657, marker error: RMS = 0.0309207, max = 0.0564092 (LShoulder)
[2024-10-09 18:21:41.275] [info] Frame 131 (t = 4.4):	 total squared error = 0.0180508, marker error: RMS = 0.0308228, max = 0.0561001 (LShoulder)
[2024-10-09 18:21:41.332] [info] Frame 132 (t = 4.43333):	 total squared error = 0.0178692, marker error: RMS = 0.0306673, max = 0.0557876 (LShoulder)
[2024-10-09 18:21:41.381] [info] Frame 133 (t = 4.46667):	 total squared error = 0.0176587, marker error: RMS = 0.0304861, max = 0.0557966 (LShoulder)
[2024-10-09 18:21:41.466] [info] Frame 134 (t = 4.5):	 total squared error = 0.0174271, marker error: RMS = 0.0302856, max = 0.0558959 (LShoulder)
[2024-10-09 18:21:41.563] [info] Frame 135 (t = 4.53333):	 total squared error = 0.0171322, marker error: RMS = 0.0300282, max = 0.0560006 (LShoulder)
[2024-10-09 18:21:41.606] [info] Frame 136 (t = 4.56667):	 total squared error = 0.0168026, marker error: RMS = 0.029738, max = 0.0560193 (LShoulder)
[2024-10-09 18:21:41.655] [info] Frame 137 (t = 4.6):	 total squared error = 0.0165715, marker error: RMS = 0.0295328, max = 0.0559906 (LShoulder)
[2024-10-09 18:21:41.705] [info] Frame 138 (t = 4.63333):	 total squared error = 0.0165853, marker error: RMS = 0.0295451, max = 0.0559991 (LShoulder)
[2024-10-09 18:21:41.755] [info] Frame 139 (t = 4.66667):	 total squared error = 0.0168543, marker error: RMS = 0.0297837, max = 0.0559805 (LShoulder)
[2024-10-09 18:21:41.807] [info] Frame 140 (t = 4.7):	 total squared error = 0.0172448, marker error: RMS = 0.0301268, max = 0.0560337 (LShoulder)
[2024-10-09 18:21:41.899] [info] Frame 141 (t = 4.73333):	 total squared error = 0.0175062, marker error: RMS = 0.0303543, max = 0.0560280 (LShoulder)
[2024-10-09 18:21:41.939] [info] Frame 142 (t = 4.76667):	 total squared error = 0.0175325, marker error: RMS = 0.0303770, max = 0.0559745 (LShoulder)
[2024-10-09 18:21:41.991] [info] Frame 143 (t = 4.8):	 total squared error = 0.0173544, marker error: RMS = 0.0302223, max = 0.0558137 (LShoulder)
[2024-10-09 18:21:42.072] [info] Frame 144 (t = 4.83333):	 total squared error = 0.0171089, marker error: RMS = 0.0300078, max = 0.0556165 (LShoulder)
[2024-10-09 18:21:42.162] [info] Frame 145 (t = 4.86667):	 total squared error = 0.0169336, marker error: RMS = 0.0298537, max = 0.0553057 (LShoulder)
[2024-10-09 18:21:42.223] [info] Frame 146 (t = 4.9):	 total squared error = 0.0168407, marker error: RMS = 0.0297717, max = 0.0550508 (LShoulder)
[2024-10-09 18:21:42.305] [info] Frame 147 (t = 4.93333):	 total squared error = 0.0168906, marker error: RMS = 0.0298158, max = 0.0549477 (LShoulder)
[2024-10-09 18:21:42.353] [info] Frame 148 (t = 4.96667):	 total squared error = 0.0170367, marker error: RMS = 0.0299444, max = 0.0548938 (LShoulder)
[2024-10-09 18:21:42.428] [info] Frame 149 (t = 5.0):	 total squared error = 0.0171556, marker error: RMS = 0.0300488, max = 0.0549948 (LShoulder)
[2024-10-09 18:21:42.495] [info] Frame 150 (t = 5.03333):	 total squared error = 0.0172316, marker error: RMS = 0.0301152, max = 0.0551507 (LShoulder)
[2024-10-09 18:21:42.568] [info] Frame 151 (t = 5.06667):	 total squared error = 0.0173185, marker error: RMS = 0.0301911, max = 0.0554355 (LShoulder)
[2024-10-09 18:21:42.620] [info] Frame 152 (t = 5.1):	 total squared error = 0.0174524, marker error: RMS = 0.0303076, max = 0.0558454 (LShoulder)
[2024-10-09 18:21:42.706] [info] Frame 153 (t = 5.13333):	 total squared error = 0.017528, marker error: RMS = 0.0303731, max = 0.0563001 (LShoulder)
[2024-10-09 18:21:42.782] [info] Frame 154 (t = 5.16667):	 total squared error = 0.0175421, marker error: RMS = 0.0303853, max = 0.0566688 (LShoulder)
[2024-10-09 18:21:42.833] [info] Frame 155 (t = 5.2):	 total squared error = 0.0175112, marker error: RMS = 0.0303585, max = 0.056884 (LShoulder)
[2024-10-09 18:21:42.911] [info] Frame 156 (t = 5.23333):	 total squared error = 0.0175141, marker error: RMS = 0.0303610, max = 0.0571057 (LShoulder)
[2024-10-09 18:21:42.954] [info] Frame 157 (t = 5.26667):	 total squared error = 0.0176013, marker error: RMS = 0.0304366, max = 0.0574074 (LShoulder)
[2024-10-09 18:21:43.030] [info] Frame 158 (t = 5.3):	 total squared error = 0.0177102, marker error: RMS = 0.0305305, max = 0.0576495 (LShoulder)
[2024-10-09 18:21:43.091] [info] Frame 159 (t = 5.33333):	 total squared error = 0.0179037, marker error: RMS = 0.0306969, max = 0.0580204 (LShoulder)
[2024-10-09 18:21:43.167] [info] Frame 160 (t = 5.36667):	 total squared error = 0.0180432, marker error: RMS = 0.0308163, max = 0.0583995 (LShoulder)
[2024-10-09 18:21:43.222] [info] Frame 161 (t = 5.4):	 total squared error = 0.0179764, marker error: RMS = 0.0307592, max = 0.0585198 (LShoulder)
[2024-10-09 18:21:43.307] [info] Frame 162 (t = 5.43333):	 total squared error = 0.0176127, marker error: RMS = 0.0304464, max = 0.0585843 (LShoulder)
[2024-10-09 18:21:43.383] [info] Frame 163 (t = 5.46667):	 total squared error = 0.0170410, marker error: RMS = 0.0299482, max = 0.0584888 (LShoulder)
[2024-10-09 18:21:43.498] [info] Frame 164 (t = 5.5):	 total squared error = 0.0164406, marker error: RMS = 0.0294159, max = 0.0582301 (LShoulder)
[2024-10-09 18:21:43.563] [info] Frame 165 (t = 5.53333):	 total squared error = 0.0159947, marker error: RMS = 0.0290142, max = 0.0578346 (LShoulder)
[2024-10-09 18:21:43.631] [info] Frame 166 (t = 5.56667):	 total squared error = 0.0158003, marker error: RMS = 0.0288374, max = 0.0573097 (LShoulder)
[2024-10-09 18:21:43.709] [info] Frame 167 (t = 5.6):	 total squared error = 0.0158747, marker error: RMS = 0.0289052, max = 0.0567818 (LShoulder)
[2024-10-09 18:21:43.776] [info] Frame 168 (t = 5.63333):	 total squared error = 0.0161266, marker error: RMS = 0.0291336, max = 0.0563822 (LShoulder)
[2024-10-09 18:21:43.830] [info] Frame 169 (t = 5.66667):	 total squared error = 0.0164615, marker error: RMS = 0.0294346, max = 0.0560514 (LShoulder)
[2024-10-09 18:21:43.859] [info] Frame 170 (t = 5.7):	 total squared error = 0.0168584, marker error: RMS = 0.0297873, max = 0.0557953 (LShoulder)
[2024-10-09 18:21:43.921] [info] Frame 171 (t = 5.73333):	 total squared error = 0.0172347, marker error: RMS = 0.0301179, max = 0.0557128 (LShoulder)
[2024-10-09 18:21:43.988] [info] Frame 172 (t = 5.76667):	 total squared error = 0.0175669, marker error: RMS = 0.0304068, max = 0.0556669 (LShoulder)
[2024-10-09 18:21:44.039] [info] Frame 173 (t = 5.8):	 total squared error = 0.0177552, marker error: RMS = 0.0305693, max = 0.0557247 (LShoulder)
[2024-10-09 18:21:44.110] [info] Frame 174 (t = 5.83333):	 total squared error = 0.0178093, marker error: RMS = 0.0306159, max = 0.0557195 (LShoulder)
[2024-10-09 18:21:44.158] [info] Frame 175 (t = 5.86667):	 total squared error = 0.0178469, marker error: RMS = 0.0306482, max = 0.0558322 (LShoulder)
[2024-10-09 18:21:44.232] [info] Frame 176 (t = 5.9):	 total squared error = 0.0178959, marker error: RMS = 0.0306903, max = 0.0558541 (LShoulder)
[2024-10-09 18:21:44.282] [info] Frame 177 (t = 5.93333):	 total squared error = 0.0179952, marker error: RMS = 0.0307753, max = 0.0560781 (LShoulder)
[2024-10-09 18:21:44.327] [info] Frame 178 (t = 5.96667):	 total squared error = 0.0180531, marker error: RMS = 0.0308247, max = 0.0562033 (LShoulder)
[2024-10-09 18:21:44.409] [info] Frame 179 (t = 6.0):	 total squared error = 0.0180052, marker error: RMS = 0.0307838, max = 0.0559744 (LShoulder)
[2024-10-09 18:21:44.462] [info] Frame 180 (t = 6.03333):	 total squared error = 0.0178254, marker error: RMS = 0.0306297, max = 0.0555541 (LShoulder)
[2024-10-09 18:21:44.503] [info] Frame 181 (t = 6.06667):	 total squared error = 0.0173583, marker error: RMS = 0.0302257, max = 0.0547067 (LShoulder)
[2024-10-09 18:21:44.557] [info] Frame 182 (t = 6.1):	 total squared error = 0.0166791, marker error: RMS = 0.0296285, max = 0.0532847 (LShoulder)
[2024-10-09 18:21:44.606] [info] Frame 183 (t = 6.13333):	 total squared error = 0.0158497, marker error: RMS = 0.0288824, max = 0.0512375 (LShoulder)
[2024-10-09 18:21:44.661] [info] Frame 184 (t = 6.16667):	 total squared error = 0.0150120, marker error: RMS = 0.0281088, max = 0.0487226 (LShoulder)
[2024-10-09 18:21:44.678] [info] Frame 185 (t = 6.2):	 total squared error = 0.0143397, marker error: RMS = 0.0274722, max = 0.0461201 (LShoulder)
[2024-10-09 18:21:44.700] [info] Frame 186 (t = 6.23333):	 total squared error = 0.0139445, marker error: RMS = 0.0270910, max = 0.0444269 (LShoulder)
[2024-10-09 18:21:44.757] [info] Frame 187 (t = 6.26667):	 total squared error = 0.0138191, marker error: RMS = 0.0269689, max = 0.0443072 (LShoulder)
[2024-10-09 18:21:44.818] [info] Frame 188 (t = 6.3):	 total squared error = 0.0140037, marker error: RMS = 0.0271484, max = 0.0452666 (LShoulder)
[2024-10-09 18:21:44.837] [info] Frame 189 (t = 6.33333):	 total squared error = 0.0144341, marker error: RMS = 0.0275625, max = 0.0472173 (LShoulder)
[2024-10-09 18:21:44.887] [info] Frame 190 (t = 6.36667):	 total squared error = 0.0148933, marker error: RMS = 0.0279975, max = 0.048935 (LShoulder)
[2024-10-09 18:21:44.903] [info] Frame 191 (t = 6.4):	 total squared error = 0.0154265, marker error: RMS = 0.0284943, max = 0.0500678 (LShoulder)
[2024-10-09 18:21:44.971] [info] Frame 192 (t = 6.43333):	 total squared error = 0.0159184, marker error: RMS = 0.0289449, max = 0.0509203 (LShoulder)
[2024-10-09 18:21:44.996] [info] Frame 193 (t = 6.46667):	 total squared error = 0.0164524, marker error: RMS = 0.0294265, max = 0.0519833 (LShoulder)
[2024-10-09 18:21:45.038] [info] Frame 194 (t = 6.5):	 total squared error = 0.016823, marker error: RMS = 0.0297561, max = 0.053181 (LShoulder)
[2024-10-09 18:21:45.088] [info] Frame 195 (t = 6.53333):	 total squared error = 0.0169673, marker error: RMS = 0.0298834, max = 0.0540340 (LShoulder)
[2024-10-09 18:21:45.182] [info] Frame 196 (t = 6.56667):	 total squared error = 0.0169544, marker error: RMS = 0.029872, max = 0.0544746 (LShoulder)
[2024-10-09 18:21:45.232] [info] Frame 197 (t = 6.6):	 total squared error = 0.0169103, marker error: RMS = 0.0298331, max = 0.0547217 (LShoulder)
[2024-10-09 18:21:45.277] [info] Frame 198 (t = 6.63333):	 total squared error = 0.0168867, marker error: RMS = 0.0298123, max = 0.0548335 (LShoulder)
[2024-10-09 18:21:45.299] [info] Frame 199 (t = 6.66667):	 total squared error = 0.0168703, marker error: RMS = 0.0297979, max = 0.0549944 (LShoulder)
[2024-10-09 18:21:45.354] [info] Frame 200 (t = 6.7):	 total squared error = 0.0168378, marker error: RMS = 0.0297692, max = 0.0550888 (LShoulder)
[2024-10-09 18:21:45.382] [info] Frame 201 (t = 6.73333):	 total squared error = 0.0167653, marker error: RMS = 0.0297049, max = 0.055366 (LShoulder)
[2024-10-09 18:21:45.474] [info] Frame 202 (t = 6.76667):	 total squared error = 0.0166411, marker error: RMS = 0.0295948, max = 0.0552072 (LShoulder)
[2024-10-09 18:21:45.499] [info] Frame 203 (t = 6.8):	 total squared error = 0.0165988, marker error: RMS = 0.0295571, max = 0.0551515 (LShoulder)
[2024-10-09 18:21:45.584] [info] Frame 204 (t = 6.83333):	 total squared error = 0.0164257, marker error: RMS = 0.0294026, max = 0.0546574 (LShoulder)
[2024-10-09 18:21:45.608] [info] Frame 205 (t = 6.86667):	 total squared error = 0.0162998, marker error: RMS = 0.0292897, max = 0.0535125 (LShoulder)
[2024-10-09 18:21:45.685] [info] Frame 206 (t = 6.9):	 total squared error = 0.0159931, marker error: RMS = 0.0290128, max = 0.0525791 (LShoulder)
[2024-10-09 18:21:45.779] [info] Frame 207 (t = 6.93333):	 total squared error = 0.0157821, marker error: RMS = 0.0288208, max = 0.0513938 (LShoulder)
[2024-10-09 18:21:45.881] [info] Frame 208 (t = 6.96667):	 total squared error = 0.0157116, marker error: RMS = 0.0287563, max = 0.0509576 (LShoulder)
[2024-10-09 18:21:45.931] [info] Frame 209 (t = 7.0):	 total squared error = 0.0158273, marker error: RMS = 0.0288621, max = 0.0515313 (LShoulder)
[2024-10-09 18:21:46.014] [info] Frame 210 (t = 7.03333):	 total squared error = 0.0160527, marker error: RMS = 0.0290668, max = 0.0527466 (LShoulder)
[2024-10-09 18:21:46.057] [info] Frame 211 (t = 7.06667):	 total squared error = 0.0162298, marker error: RMS = 0.0292267, max = 0.0540149 (LShoulder)
[2024-10-09 18:21:46.087] [info] Frame 212 (t = 7.1):	 total squared error = 0.0162543, marker error: RMS = 0.0292487, max = 0.0549389 (LShoulder)
[2024-10-09 18:21:46.109] [info] Frame 213 (t = 7.13333):	 total squared error = 0.0161723, marker error: RMS = 0.0291749, max = 0.0552672 (LShoulder)
[2024-10-09 18:21:46.133] [info] Frame 214 (t = 7.16667):	 total squared error = 0.0160636, marker error: RMS = 0.0290767, max = 0.0553065 (LShoulder)
[2024-10-09 18:21:46.176] [info] Frame 215 (t = 7.2):	 total squared error = 0.0159935, marker error: RMS = 0.0290131, max = 0.0553578 (LShoulder)
[2024-10-09 18:21:46.244] [info] Frame 216 (t = 7.23333):	 total squared error = 0.0161578, marker error: RMS = 0.0291618, max = 0.0550345 (LShoulder)
[2024-10-09 18:21:46.316] [info] Frame 217 (t = 7.26667):	 total squared error = 0.0165076, marker error: RMS = 0.0294757, max = 0.0549076 (LShoulder)
[2024-10-09 18:21:46.385] [info] Frame 218 (t = 7.3):	 total squared error = 0.0169037, marker error: RMS = 0.0298273, max = 0.0549787 (LShoulder)
[2024-10-09 18:21:46.469] [info] Frame 219 (t = 7.33333):	 total squared error = 0.0171511, marker error: RMS = 0.0300448, max = 0.0550773 (LShoulder)
[2024-10-09 18:21:46.502] [info] Frame 220 (t = 7.36667):	 total squared error = 0.017186, marker error: RMS = 0.0300753, max = 0.0552207 (LShoulder)
[2024-10-09 18:21:46.544] [info] Frame 221 (t = 7.4):	 total squared error = 0.0170705, marker error: RMS = 0.0299741, max = 0.0553902 (LShoulder)
[2024-10-09 18:21:46.611] [info] Frame 222 (t = 7.43333):	 total squared error = 0.0169297, marker error: RMS = 0.0298503, max = 0.0554807 (LShoulder)
[2024-10-09 18:21:46.674] [info] Frame 223 (t = 7.46667):	 total squared error = 0.0168569, marker error: RMS = 0.029786, max = 0.0556158 (LShoulder)
[2024-10-09 18:21:46.748] [info] Frame 224 (t = 7.5):	 total squared error = 0.0168447, marker error: RMS = 0.0297752, max = 0.0555283 (LShoulder)
[2024-10-09 18:21:46.807] [info] Frame 225 (t = 7.53333):	 total squared error = 0.0168789, marker error: RMS = 0.0298054, max = 0.0554255 (LShoulder)
[2024-10-09 18:21:46.880] [info] Frame 226 (t = 7.56667):	 total squared error = 0.0169746, marker error: RMS = 0.0298898, max = 0.0553006 (LShoulder)
[2024-10-09 18:21:46.935] [info] Frame 227 (t = 7.6):	 total squared error = 0.0171585, marker error: RMS = 0.0300513, max = 0.0552148 (LShoulder)
[2024-10-09 18:21:47.016] [info] Frame 228 (t = 7.63333):	 total squared error = 0.0173189, marker error: RMS = 0.0301914, max = 0.0549494 (LShoulder)
[2024-10-09 18:21:47.087] [info] Frame 229 (t = 7.66667):	 total squared error = 0.0174061, marker error: RMS = 0.0302674, max = 0.054799 (LShoulder)
[2024-10-09 18:21:47.134] [info] Frame 230 (t = 7.7):	 total squared error = 0.0174005, marker error: RMS = 0.0302624, max = 0.0546993 (LShoulder)
[2024-10-09 18:21:47.183] [info] Frame 231 (t = 7.73333):	 total squared error = 0.0172612, marker error: RMS = 0.0301410, max = 0.0547361 (LShoulder)
[2024-10-09 18:21:47.233] [info] Frame 232 (t = 7.76667):	 total squared error = 0.0170181, marker error: RMS = 0.0299281, max = 0.0549289 (LShoulder)
[2024-10-09 18:21:47.296] [info] Frame 233 (t = 7.8):	 total squared error = 0.0166916, marker error: RMS = 0.0296396, max = 0.0549659 (LShoulder)
[2024-10-09 18:21:47.399] [info] Frame 234 (t = 7.83333):	 total squared error = 0.0163457, marker error: RMS = 0.0293308, max = 0.0551147 (LShoulder)
[2024-10-09 18:21:47.466] [info] Frame 235 (t = 7.86667):	 total squared error = 0.0160694, marker error: RMS = 0.0290819, max = 0.0551745 (LShoulder)
[2024-10-09 18:21:47.546] [info] Frame 236 (t = 7.9):	 total squared error = 0.0159326, marker error: RMS = 0.0289579, max = 0.0552329 (LShoulder)
[2024-10-09 18:21:47.577] [info] Frame 237 (t = 7.93333):	 total squared error = 0.0159763, marker error: RMS = 0.0289975, max = 0.0552274 (LShoulder)
[2024-10-09 18:21:47.625] [info] Frame 238 (t = 7.96667):	 total squared error = 0.016163, marker error: RMS = 0.0291665, max = 0.0554653 (LShoulder)
[2024-10-09 18:21:47.654] [info] Frame 239 (t = 8.0):	 total squared error = 0.0165029, marker error: RMS = 0.0294716, max = 0.0554738 (LShoulder)
[2024-10-09 18:21:47.706] [info] Frame 240 (t = 8.03333):	 total squared error = 0.0169004, marker error: RMS = 0.0298244, max = 0.0556011 (LShoulder)
[2024-10-09 18:21:47.759] [info] Frame 241 (t = 8.06667):	 total squared error = 0.0173728, marker error: RMS = 0.0302384, max = 0.0555373 (LShoulder)
[2024-10-09 18:21:47.807] [info] Frame 242 (t = 8.1):	 total squared error = 0.0177878, marker error: RMS = 0.0305974, max = 0.0553318 (LShoulder)
[2024-10-09 18:21:47.863] [info] Frame 243 (t = 8.13333):	 total squared error = 0.0180960, marker error: RMS = 0.0308613, max = 0.0550197 (LShoulder)
[2024-10-09 18:21:47.939] [info] Frame 244 (t = 8.16667):	 total squared error = 0.018182, marker error: RMS = 0.0309346, max = 0.0545284 (LShoulder)
[2024-10-09 18:21:47.989] [info] Frame 245 (t = 8.2):	 total squared error = 0.0180248, marker error: RMS = 0.0308005, max = 0.0541343 (LShoulder)
[2024-10-09 18:21:48.034] [info] Frame 246 (t = 8.23333):	 total squared error = 0.0176412, marker error: RMS = 0.0304711, max = 0.0538502 (LShoulder)
[2024-10-09 18:21:48.100] [info] Frame 247 (t = 8.26667):	 total squared error = 0.0171313, marker error: RMS = 0.0300275, max = 0.0535694 (LShoulder)
[2024-10-09 18:21:48.157] [info] Frame 248 (t = 8.3):	 total squared error = 0.0166391, marker error: RMS = 0.0295929, max = 0.0535993 (LShoulder)
[2024-10-09 18:21:48.204] [info] Frame 249 (t = 8.33333):	 total squared error = 0.016265, marker error: RMS = 0.0292584, max = 0.0538165 (LShoulder)
[2024-10-09 18:21:48.229] [info] Frame 250 (t = 8.36667):	 total squared error = 0.0160833, marker error: RMS = 0.0290945, max = 0.0540232 (LShoulder)
[2024-10-09 18:21:48.290] [info] Frame 251 (t = 8.4):	 total squared error = 0.0159806, marker error: RMS = 0.0290015, max = 0.0543832 (LShoulder)
[2024-10-09 18:21:48.337] [info] Frame 252 (t = 8.43333):	 total squared error = 0.0161235, marker error: RMS = 0.0291309, max = 0.0548156 (LShoulder)
[2024-10-09 18:21:48.385] [info] Frame 253 (t = 8.46667):	 total squared error = 0.016428, marker error: RMS = 0.0294046, max = 0.0550075 (LShoulder)
[2024-10-09 18:21:48.451] [info] Frame 254 (t = 8.5):	 total squared error = 0.0168259, marker error: RMS = 0.0297586, max = 0.0550971 (LShoulder)
[2024-10-09 18:21:48.510] [info] Frame 255 (t = 8.53333):	 total squared error = 0.0171876, marker error: RMS = 0.0300768, max = 0.0550067 (LShoulder)
[2024-10-09 18:21:48.581] [info] Frame 256 (t = 8.56667):	 total squared error = 0.0174428, marker error: RMS = 0.0302992, max = 0.0548562 (LShoulder)
[2024-10-09 18:21:48.643] [info] Frame 257 (t = 8.6):	 total squared error = 0.0175743, marker error: RMS = 0.0304132, max = 0.0545953 (LShoulder)
[2024-10-09 18:21:48.704] [info] Frame 258 (t = 8.63333):	 total squared error = 0.0175792, marker error: RMS = 0.0304174, max = 0.0540894 (LShoulder)
[2024-10-09 18:21:48.775] [info] Frame 259 (t = 8.66667):	 total squared error = 0.0174445, marker error: RMS = 0.0303007, max = 0.0531689 (LShoulder)
[2024-10-09 18:21:48.869] [info] Frame 260 (t = 8.7):	 total squared error = 0.017126, marker error: RMS = 0.0300228, max = 0.0515799 (LShoulder)
[2024-10-09 18:21:48.902] [info] Frame 261 (t = 8.73333):	 total squared error = 0.016637, marker error: RMS = 0.029591, max = 0.0489884 (LShoulder)
[2024-10-09 18:21:48.924] [info] Frame 262 (t = 8.76667):	 total squared error = 0.0160367, marker error: RMS = 0.0290523, max = 0.0455317 (LShoulder)
[2024-10-09 18:21:48.986] [info] Frame 263 (t = 8.8):	 total squared error = 0.0154742, marker error: RMS = 0.0285382, max = 0.0429894 (LHeel)
[2024-10-09 18:21:49.033] [info] Frame 264 (t = 8.83333):	 total squared error = 0.0150292, marker error: RMS = 0.0281249, max = 0.0429078 (LHeel)
[2024-10-09 18:21:49.076] [info] Frame 265 (t = 8.86667):	 total squared error = 0.0147419, marker error: RMS = 0.0278548, max = 0.0431911 (LHeel)
[2024-10-09 18:21:49.144] [info] Frame 266 (t = 8.9):	 total squared error = 0.0146049, marker error: RMS = 0.0277251, max = 0.0431839 (LHeel)
[2024-10-09 18:21:49.202] [info] Frame 267 (t = 8.93333):	 total squared error = 0.0146054, marker error: RMS = 0.0277256, max = 0.0432054 (LHeel)
[2024-10-09 18:21:49.242] [info] Frame 268 (t = 8.96667):	 total squared error = 0.014729, marker error: RMS = 0.0278426, max = 0.0429557 (LHeel)
[2024-10-09 18:21:49.293] [info] Frame 269 (t = 9.0):	 total squared error = 0.0150336, marker error: RMS = 0.028129, max = 0.0425168 (LHeel)
[2024-10-09 18:21:49.310] [info] Frame 270 (t = 9.03333):	 total squared error = 0.015583, marker error: RMS = 0.0286384, max = 0.0436325 (LShoulder)
[2024-10-09 18:21:49.373] [info] Frame 271 (t = 9.06667):	 total squared error = 0.0162657, marker error: RMS = 0.029259, max = 0.0482032 (LShoulder)
[2024-10-09 18:21:49.441] [info] Frame 272 (t = 9.1):	 total squared error = 0.0170094, marker error: RMS = 0.0299204, max = 0.0524471 (LShoulder)
[2024-10-09 18:21:49.474] [info] Frame 273 (t = 9.13333):	 total squared error = 0.0176168, marker error: RMS = 0.0304499, max = 0.0554894 (LShoulder)
[2024-10-09 18:21:49.531] [info] Frame 274 (t = 9.16667):	 total squared error = 0.0179132, marker error: RMS = 0.0307050, max = 0.0568637 (LShoulder)
[2024-10-09 18:21:49.578] [info] Frame 275 (t = 9.2):	 total squared error = 0.0180028, marker error: RMS = 0.0307818, max = 0.0571746 (LShoulder)
[2024-10-09 18:21:49.689] [info] Frame 276 (t = 9.23333):	 total squared error = 0.0178474, marker error: RMS = 0.0306486, max = 0.0566397 (LShoulder)
[2024-10-09 18:21:49.770] [info] Frame 277 (t = 9.26667):	 total squared error = 0.0175753, marker error: RMS = 0.0304141, max = 0.0559926 (LShoulder)
[2024-10-09 18:21:49.858] [info] Frame 278 (t = 9.3):	 total squared error = 0.0172814, marker error: RMS = 0.0301587, max = 0.0554089 (LShoulder)
[2024-10-09 18:21:49.910] [info] Frame 279 (t = 9.33333):	 total squared error = 0.0170597, marker error: RMS = 0.0299646, max = 0.0550863 (LShoulder)
[2024-10-09 18:21:50.007] [info] Frame 280 (t = 9.36667):	 total squared error = 0.0169256, marker error: RMS = 0.0298467, max = 0.0548987 (LShoulder)
[2024-10-09 18:21:50.077] [info] Frame 281 (t = 9.4):	 total squared error = 0.0169082, marker error: RMS = 0.0298313, max = 0.0549989 (LShoulder)
[2024-10-09 18:21:50.135] [info] Frame 282 (t = 9.43333):	 total squared error = 0.0169705, marker error: RMS = 0.0298862, max = 0.0552524 (LShoulder)
[2024-10-09 18:21:50.199] [info] Frame 283 (t = 9.46667):	 total squared error = 0.0169839, marker error: RMS = 0.029898, max = 0.0552852 (LShoulder)
[2024-10-09 18:21:50.267] [info] Frame 284 (t = 9.5):	 total squared error = 0.0168343, marker error: RMS = 0.029766, max = 0.0553321 (LShoulder)
[2024-10-09 18:21:50.296] [info] Frame 285 (t = 9.53333):	 total squared error = 0.0165013, marker error: RMS = 0.0294701, max = 0.0552295 (LShoulder)
[2024-10-09 18:21:50.318] [info] Frame 286 (t = 9.56667):	 total squared error = 0.0161146, marker error: RMS = 0.0291228, max = 0.0549968 (LShoulder)
[2024-10-09 18:21:50.379] [info] Frame 287 (t = 9.6):	 total squared error = 0.0157758, marker error: RMS = 0.028815, max = 0.0545412 (LShoulder)
[2024-10-09 18:21:50.414] [info] Frame 288 (t = 9.63333):	 total squared error = 0.0156523, marker error: RMS = 0.0287020, max = 0.0537964 (LShoulder)
[2024-10-09 18:21:50.492] [info] Frame 289 (t = 9.66667):	 total squared error = 0.0157075, marker error: RMS = 0.0287526, max = 0.0531789 (LShoulder)
[2024-10-09 18:21:50.515] [info] Frame 290 (t = 9.7):	 total squared error = 0.0159287, marker error: RMS = 0.0289543, max = 0.0525957 (LShoulder)
[2024-10-09 18:21:50.589] [info] Frame 291 (t = 9.73333):	 total squared error = 0.0161238, marker error: RMS = 0.0291311, max = 0.0524193 (LShoulder)
[2024-10-09 18:21:50.642] [info] Frame 292 (t = 9.76667):	 total squared error = 0.016275, marker error: RMS = 0.0292674, max = 0.052381 (LShoulder)
[2024-10-09 18:21:50.680] [info] Frame 293 (t = 9.8):	 total squared error = 0.0163459, marker error: RMS = 0.029331, max = 0.0525713 (LShoulder)
[2024-10-09 18:21:50.739] [info] Frame 294 (t = 9.83333):	 total squared error = 0.0163869, marker error: RMS = 0.0293678, max = 0.0526279 (LShoulder)
[2024-10-09 18:21:50.803] [info] Frame 295 (t = 9.86667):	 total squared error = 0.0164439, marker error: RMS = 0.0294188, max = 0.0528186 (LShoulder)
[2024-10-09 18:21:50.881] [info] Frame 296 (t = 9.9):	 total squared error = 0.0165042, marker error: RMS = 0.0294727, max = 0.0530652 (LShoulder)
[2024-10-09 18:21:50.928] [info] Frame 297 (t = 9.93333):	 total squared error = 0.016589, marker error: RMS = 0.0295483, max = 0.0533889 (LShoulder)
[2024-10-09 18:21:50.976] [info] Frame 298 (t = 9.96667):	 total squared error = 0.0166279, marker error: RMS = 0.029583, max = 0.0536964 (LShoulder)
[2024-10-09 18:21:51.030] [info] Frame 299 (t = 10.0):	 total squared error = 0.0165513, marker error: RMS = 0.0295148, max = 0.0540482 (LShoulder)
[2024-10-09 18:21:51.068] [info] Frame 300 (t = 10.0333):	 total squared error = 0.0162926, marker error: RMS = 0.0292832, max = 0.0544369 (LShoulder)
[2024-10-09 18:21:51.127] [info] Frame 301 (t = 10.0667):	 total squared error = 0.0159040, marker error: RMS = 0.0289318, max = 0.0546567 (LShoulder)
[2024-10-09 18:21:51.149] [info] Frame 302 (t = 10.1):	 total squared error = 0.0155462, marker error: RMS = 0.0286046, max = 0.0549937 (LShoulder)
[2024-10-09 18:21:51.182] [info] Frame 303 (t = 10.1333):	 total squared error = 0.0153494, marker error: RMS = 0.028423, max = 0.0554359 (LShoulder)
[2024-10-09 18:21:51.243] [info] Frame 304 (t = 10.1667):	 total squared error = 0.0153126, marker error: RMS = 0.0283888, max = 0.05559 (LShoulder)
[2024-10-09 18:21:51.297] [info] Frame 305 (t = 10.2):	 total squared error = 0.0153007, marker error: RMS = 0.0283778, max = 0.0556947 (LShoulder)
[2024-10-09 18:21:51.315] [info] Frame 306 (t = 10.2333):	 total squared error = 0.0152755, marker error: RMS = 0.0283544, max = 0.0556737 (LShoulder)
[2024-10-09 18:21:51.378] [info] Frame 307 (t = 10.2667):	 total squared error = 0.0152058, marker error: RMS = 0.0282897, max = 0.0551472 (LShoulder)
[2024-10-09 18:21:51.404] [info] Frame 308 (t = 10.3):	 total squared error = 0.0150765, marker error: RMS = 0.0281692, max = 0.0543766 (LShoulder)
[2024-10-09 18:21:51.497] [info] Frame 309 (t = 10.3333):	 total squared error = 0.014823, marker error: RMS = 0.0279313, max = 0.0528189 (LShoulder)
[2024-10-09 18:21:51.557] [info] Frame 310 (t = 10.3667):	 total squared error = 0.014458, marker error: RMS = 0.0275852, max = 0.0508022 (LShoulder)
[2024-10-09 18:21:51.590] [info] Frame 311 (t = 10.4):	 total squared error = 0.0140386, marker error: RMS = 0.0271822, max = 0.0480561 (LShoulder)
[2024-10-09 18:21:51.619] [info] Frame 312 (t = 10.4333):	 total squared error = 0.0136981, marker error: RMS = 0.0268506, max = 0.0450347 (LShoulder)
[2024-10-09 18:21:51.681] [info] Frame 313 (t = 10.4667):	 total squared error = 0.0135262, marker error: RMS = 0.0266815, max = 0.0429764 (LShoulder)
[2024-10-09 18:21:51.726] [info] Frame 314 (t = 10.5):	 total squared error = 0.0136875, marker error: RMS = 0.0268401, max = 0.0422141 (LShoulder)
[2024-10-09 18:21:51.785] [info] Frame 315 (t = 10.5333):	 total squared error = 0.0141302, marker error: RMS = 0.0272708, max = 0.0432833 (LShoulder)
[2024-10-09 18:21:51.808] [info] Frame 316 (t = 10.5667):	 total squared error = 0.0147617, marker error: RMS = 0.0278735, max = 0.0456809 (LShoulder)
[2024-10-09 18:21:51.864] [info] Frame 317 (t = 10.6):	 total squared error = 0.0153213, marker error: RMS = 0.0283969, max = 0.0484136 (LShoulder)
[2024-10-09 18:21:51.894] [info] Frame 318 (t = 10.6333):	 total squared error = 0.0156908, marker error: RMS = 0.0287373, max = 0.0509854 (LShoulder)
[2024-10-09 18:21:51.913] [info] Frame 319 (t = 10.6667):	 total squared error = 0.0157824, marker error: RMS = 0.028821, max = 0.0528756 (LShoulder)
[2024-10-09 18:21:51.953] [info] Frame 320 (t = 10.7):	 total squared error = 0.0155701, marker error: RMS = 0.0286266, max = 0.0535702 (LShoulder)
[2024-10-09 18:21:51.969] [info] Frame 321 (t = 10.7333):	 total squared error = 0.0151662, marker error: RMS = 0.0282528, max = 0.0539257 (LShoulder)
[2024-10-09 18:21:51.988] [info] Frame 322 (t = 10.7667):	 total squared error = 0.0147032, marker error: RMS = 0.0278182, max = 0.0537558 (LShoulder)
[2024-10-09 18:21:52.017] [info] Frame 323 (t = 10.8):	 total squared error = 0.0143116, marker error: RMS = 0.0274452, max = 0.0530711 (LShoulder)
[2024-10-09 18:21:52.036] [info] Frame 324 (t = 10.8333):	 total squared error = 0.0140843, marker error: RMS = 0.0272265, max = 0.0518843 (LShoulder)
[2024-10-09 18:21:52.078] [info] Frame 325 (t = 10.8667):	 total squared error = 0.0140049, marker error: RMS = 0.0271495, max = 0.0507971 (LShoulder)
[2024-10-09 18:21:52.101] [info] Frame 326 (t = 10.9):	 total squared error = 0.0140563, marker error: RMS = 0.0271993, max = 0.0500393 (LShoulder)
[2024-10-09 18:21:52.142] [info] Frame 327 (t = 10.9333):	 total squared error = 0.0141754, marker error: RMS = 0.0273143, max = 0.0500822 (LShoulder)
[2024-10-09 18:21:52.193] [info] Frame 328 (t = 10.9667):	 total squared error = 0.0143108, marker error: RMS = 0.0274445, max = 0.0501839 (LShoulder)
[2024-10-09 18:21:52.224] [info] Frame 329 (t = 11.0):	 total squared error = 0.0143696, marker error: RMS = 0.0275008, max = 0.0500379 (LShoulder)
[2024-10-09 18:21:52.269] [info] Frame 330 (t = 11.0333):	 total squared error = 0.0143377, marker error: RMS = 0.0274702, max = 0.0496002 (LShoulder)
[2024-10-09 18:21:52.295] [info] Frame 331 (t = 11.0667):	 total squared error = 0.0142873, marker error: RMS = 0.0274219, max = 0.049113 (LShoulder)
[2024-10-09 18:21:52.323] [info] Frame 332 (t = 11.1):	 total squared error = 0.0142842, marker error: RMS = 0.027419, max = 0.0489962 (LShoulder)
[2024-10-09 18:21:52.342] [info] Frame 333 (t = 11.1333):	 total squared error = 0.0142647, marker error: RMS = 0.0274002, max = 0.0488379 (LShoulder)
[2024-10-09 18:21:52.388] [info] Frame 334 (t = 11.1667):	 total squared error = 0.0141879, marker error: RMS = 0.0273264, max = 0.0481205 (LShoulder)
[2024-10-09 18:21:52.405] [info] Frame 335 (t = 11.2):	 total squared error = 0.0140371, marker error: RMS = 0.0271808, max = 0.046866 (LShoulder)
[2024-10-09 18:21:52.447] [info] Frame 336 (t = 11.2333):	 total squared error = 0.0139885, marker error: RMS = 0.0271336, max = 0.0459792 (LShoulder)
[2024-10-09 18:21:52.467] [info] Frame 337 (t = 11.2667):	 total squared error = 0.0141536, marker error: RMS = 0.0272933, max = 0.0457221 (LShoulder)
[2024-10-09 18:21:52.531] [info] Frame 338 (t = 11.3):	 total squared error = 0.014478, marker error: RMS = 0.0276044, max = 0.0468579 (LShoulder)
[2024-10-09 18:21:52.560] [info] Frame 339 (t = 11.3333):	 total squared error = 0.0149626, marker error: RMS = 0.0280625, max = 0.0487265 (LShoulder)
[2024-10-09 18:21:52.613] [info] Frame 340 (t = 11.3667):	 total squared error = 0.01537, marker error: RMS = 0.028442, max = 0.0506796 (LShoulder)
[2024-10-09 18:21:52.677] [info] Frame 341 (t = 11.4):	 total squared error = 0.0155359, marker error: RMS = 0.0285951, max = 0.0522773 (LShoulder)
[2024-10-09 18:21:52.760] [info] Frame 342 (t = 11.4333):	 total squared error = 0.0153734, marker error: RMS = 0.0284452, max = 0.0530315 (LShoulder)
[2024-10-09 18:21:52.831] [info] Frame 343 (t = 11.4667):	 total squared error = 0.0148151, marker error: RMS = 0.0279239, max = 0.0526389 (LShoulder)
[2024-10-09 18:21:52.897] [info] Frame 344 (t = 11.5):	 total squared error = 0.0138588, marker error: RMS = 0.0270076, max = 0.0508755 (LShoulder)
[2024-10-09 18:21:52.978] [info] Frame 345 (t = 11.5333):	 total squared error = 0.0125815, marker error: RMS = 0.0257329, max = 0.0475174 (LShoulder)
[2024-10-09 18:21:53.009] [info] Frame 346 (t = 11.5667):	 total squared error = 0.0111526, marker error: RMS = 0.0242277, max = 0.0430434 (LShoulder)
[2024-10-09 18:21:53.072] [info] Frame 347 (t = 11.6):	 total squared error = 0.00967840, marker error: RMS = 0.0225697, max = 0.0382541 (RShoulder)
[2024-10-09 18:21:53.112] [info] Frame 348 (t = 11.6333):	 total squared error = 0.00835925, marker error: RMS = 0.0209752, max = 0.0349575 (RShoulder)
[2024-10-09 18:21:53.149] [info] Frame 349 (t = 11.6667):	 total squared error = 0.00733994, marker error: RMS = 0.0196548, max = 0.0324699 (LHeel)
[2024-10-09 18:21:53.222] [info] Frame 350 (t = 11.7):	 total squared error = 0.00680992, marker error: RMS = 0.0189319, max = 0.0328327 (LHeel)
[2024-10-09 18:21:53.273] [info] Frame 351 (t = 11.7333):	 total squared error = 0.00677956, marker error: RMS = 0.0188896, max = 0.0335313 (LHeel)
[2024-10-09 18:21:53.543] [info] Frame 352 (t = 11.7667):	 total squared error = 0.00683014, marker error: RMS = 0.01896, max = 0.0340695 (LHeel)
[2024-10-09 18:21:53.576] [info] Frame 353 (t = 11.8):	 total squared error = 0.00687738, marker error: RMS = 0.0190254, max = 0.0335649 (LHeel)
[2024-10-09 18:21:53.650] [info] Frame 354 (t = 11.8333):	 total squared error = 0.00675814, marker error: RMS = 0.0188598, max = 0.0333272 (LHeel)
[2024-10-09 18:21:53.699] [info] Frame 355 (t = 11.8667):	 total squared error = 0.00673606, marker error: RMS = 0.018829, max = 0.0335003 (LHeel)
[2024-10-09 18:21:53.741] [info] Frame 356 (t = 11.9):	 total squared error = 0.00676774, marker error: RMS = 0.0188732, max = 0.0336948 (LHeel)
[2024-10-09 18:21:53.814] [info] Frame 357 (t = 11.9333):	 total squared error = 0.00673662, marker error: RMS = 0.0188297, max = 0.0329619 (LHeel)
[2024-10-09 18:21:53.877] [info] Frame 358 (t = 11.9667):	 total squared error = 0.00653962, marker error: RMS = 0.0185524, max = 0.0311828 (LHeel)
[2024-10-09 18:21:53.924] [info] Frame 359 (t = 12.0):	 total squared error = 0.00611818, marker error: RMS = 0.0179446, max = 0.029142 (RKnee)
[2024-10-09 18:21:53.979] [info] Frame 360 (t = 12.0333):	 total squared error = 0.00557609, marker error: RMS = 0.0171312, max = 0.0283386 (RKnee)
[2024-10-09 18:21:54.014] [info] Frame 361 (t = 12.0667):	 total squared error = 0.00509216, marker error: RMS = 0.016371, max = 0.0285724 (LShoulder)
[2024-10-09 18:21:54.054] [info] Frame 362 (t = 12.1):	 total squared error = 0.00477979, marker error: RMS = 0.0158609, max = 0.0301581 (LShoulder)
[2024-10-09 18:21:54.091] [info] Frame 363 (t = 12.1333):	 total squared error = 0.00467236, marker error: RMS = 0.0156816, max = 0.0317764 (LShoulder)
[2024-10-09 18:21:54.134] [info] Frame 364 (t = 12.1667):	 total squared error = 0.00469268, marker error: RMS = 0.0157157, max = 0.0332902 (LShoulder)
[2024-10-09 18:21:54.170] [info] Frame 365 (t = 12.2):	 total squared error = 0.00480033, marker error: RMS = 0.0158949, max = 0.0342238 (LShoulder)
[2024-10-09 18:21:54.260] [info] Frame 366 (t = 12.2333):	 total squared error = 0.00495865, marker error: RMS = 0.0161549, max = 0.0349924 (LShoulder)
[2024-10-09 18:21:54.294] [info] Frame 367 (t = 12.2667):	 total squared error = 0.00525335, marker error: RMS = 0.0166281, max = 0.0361091 (LShoulder)
[2024-10-09 18:21:54.365] [info] Frame 368 (t = 12.3):	 total squared error = 0.00557338, marker error: RMS = 0.0171271, max = 0.037673 (LShoulder)
[2024-10-09 18:21:54.435] [info] Frame 369 (t = 12.3333):	 total squared error = 0.00601993, marker error: RMS = 0.0178, max = 0.0392663 (LShoulder)
[2024-10-09 18:21:54.513] [info] Frame 370 (t = 12.3667):	 total squared error = 0.00660588, marker error: RMS = 0.0186461, max = 0.0405360 (LShoulder)
[2024-10-09 18:21:54.563] [info] Frame 371 (t = 12.4):	 total squared error = 0.00724905, marker error: RMS = 0.0195328, max = 0.0412096 (LShoulder)
[2024-10-09 18:21:54.627] [info] Frame 372 (t = 12.4333):	 total squared error = 0.00765671, marker error: RMS = 0.0200745, max = 0.0411973 (LShoulder)
[2024-10-09 18:21:54.688] [info] Frame 373 (t = 12.4667):	 total squared error = 0.00760794, marker error: RMS = 0.0200104, max = 0.0405697 (LShoulder)
[2024-10-09 18:21:54.749] [info] Frame 374 (t = 12.5):	 total squared error = 0.00723467, marker error: RMS = 0.0195134, max = 0.0393908 (LShoulder)
[2024-10-09 18:21:54.813] [info] Frame 375 (t = 12.5333):	 total squared error = 0.00694720, marker error: RMS = 0.0191218, max = 0.0380123 (LShoulder)
[2024-10-09 18:21:54.883] [info] Frame 376 (t = 12.5667):	 total squared error = 0.00699414, marker error: RMS = 0.0191863, max = 0.0366518 (LShoulder)
[2024-10-09 18:21:54.962] [info] Frame 377 (t = 12.6):	 total squared error = 0.00727513, marker error: RMS = 0.0195679, max = 0.0354423 (LShoulder)
[2024-10-09 18:21:55.111] [info] Frame 378 (t = 12.6333):	 total squared error = 0.00746792, marker error: RMS = 0.0198255, max = 0.0344041 (LShoulder)
[2024-10-09 18:21:55.153] [info] Frame 379 (t = 12.6667):	 total squared error = 0.00731040, marker error: RMS = 0.0196153, max = 0.0340386 (LShoulder)
[2024-10-09 18:21:55.224] [info] Frame 380 (t = 12.7):	 total squared error = 0.00684417, marker error: RMS = 0.0189795, max = 0.0342618 (RKnee)
[2024-10-09 18:21:55.276] [info] Frame 381 (t = 12.7333):	 total squared error = 0.00642892, marker error: RMS = 0.0183947, max = 0.0350639 (RKnee)
[2024-10-09 18:21:55.312] [info] Frame 382 (t = 12.7667):	 total squared error = 0.00630190, marker error: RMS = 0.0182121, max = 0.0344883 (RKnee)
[2024-10-09 18:21:55.347] [info] Frame 383 (t = 12.8):	 total squared error = 0.00643974, marker error: RMS = 0.0184102, max = 0.0333833 (RKnee)
[2024-10-09 18:21:55.401] [info] Frame 384 (t = 12.8333):	 total squared error = 0.00674815, marker error: RMS = 0.0188458, max = 0.0333168 (LShoulder)
[2024-10-09 18:21:55.451] [info] Frame 385 (t = 12.8667):	 total squared error = 0.00725953, marker error: RMS = 0.0195469, max = 0.0332309 (LShoulder)
[2024-10-09 18:21:55.502] [info] Frame 386 (t = 12.9):	 total squared error = 0.00766703, marker error: RMS = 0.0200880, max = 0.0338061 (RShoulder)
[2024-10-09 18:21:55.562] [info] Frame 387 (t = 12.9333):	 total squared error = 0.00768947, marker error: RMS = 0.0201174, max = 0.0346511 (RShoulder)
[2024-10-09 18:21:55.606] [info] Frame 388 (t = 12.9667):	 total squared error = 0.00748713, marker error: RMS = 0.0198509, max = 0.0349693 (RShoulder)
[2024-10-09 18:21:55.685] [info] Frame 389 (t = 13.0):	 total squared error = 0.00727079, marker error: RMS = 0.019562, max = 0.0345112 (RShoulder)
[2024-10-09 18:21:55.734] [info] Frame 390 (t = 13.0333):	 total squared error = 0.00696679, marker error: RMS = 0.0191487, max = 0.0334302 (RShoulder)
[2024-10-09 18:21:55.772] [info] Frame 391 (t = 13.0667):	 total squared error = 0.00646555, marker error: RMS = 0.018447, max = 0.0316444 (RShoulder)
[2024-10-09 18:21:55.850] [info] Frame 392 (t = 13.1):	 total squared error = 0.00585189, marker error: RMS = 0.0175498, max = 0.0295943 (RShoulder)
[2024-10-09 18:21:55.897] [info] Frame 393 (t = 13.1333):	 total squared error = 0.00535090, marker error: RMS = 0.0167817, max = 0.0273021 (RShoulder)
[2024-10-09 18:21:55.978] [info] Frame 394 (t = 13.1667):	 total squared error = 0.00503392, marker error: RMS = 0.0162771, max = 0.0254839 (RShoulder)
[2024-10-09 18:21:56.019] [info] Frame 395 (t = 13.2):	 total squared error = 0.00485833, marker error: RMS = 0.0159907, max = 0.0241842 (LAnkle)
[2024-10-09 18:21:56.096] [info] Frame 396 (t = 13.2333):	 total squared error = 0.00475467, marker error: RMS = 0.0158192, max = 0.0256921 (RKnee)
[2024-10-09 18:21:56.155] [info] Frame 397 (t = 13.2667):	 total squared error = 0.00460566, marker error: RMS = 0.0155693, max = 0.0256374 (RKnee)
[2024-10-09 18:21:56.212] [info] Frame 398 (t = 13.3):	 total squared error = 0.00431260, marker error: RMS = 0.0150658, max = 0.0225224 (RAnkle)
[2024-10-09 18:21:56.278] [info] Frame 399 (t = 13.3333):	 total squared error = 0.00402584, marker error: RMS = 0.0145563, max = 0.0222090 (RShoulder)
[2024-10-09 18:21:56.321] [info] Frame 400 (t = 13.3667):	 total squared error = 0.00395859, marker error: RMS = 0.0144342, max = 0.0234218 (RShoulder)
[2024-10-09 18:21:56.385] [info] Frame 401 (t = 13.4):	 total squared error = 0.00405946, marker error: RMS = 0.014617, max = 0.0250102 (RShoulder)
[2024-10-09 18:21:56.450] [info] Frame 402 (t = 13.4333):	 total squared error = 0.00418330, marker error: RMS = 0.0148383, max = 0.0264437 (RShoulder)
[2024-10-09 18:21:56.511] [info] Frame 403 (t = 13.4667):	 total squared error = 0.00433082, marker error: RMS = 0.0150976, max = 0.0275001 (RShoulder)
[2024-10-09 18:21:56.575] [info] Frame 404 (t = 13.5):	 total squared error = 0.00456086, marker error: RMS = 0.0154934, max = 0.0285626 (LHeel)
[2024-10-09 18:21:56.633] [info] Frame 405 (t = 13.5333):	 total squared error = 0.00476490, marker error: RMS = 0.0158362, max = 0.0282848 (LHeel)
[2024-10-09 18:21:56.676] [info] Frame 406 (t = 13.5667):	 total squared error = 0.00482635, marker error: RMS = 0.015938, max = 0.0275399 (RShoulder)
[2024-10-09 18:21:56.725] [info] Frame 407 (t = 13.6):	 total squared error = 0.00485788, marker error: RMS = 0.0159899, max = 0.0265413 (RShoulder)
[2024-10-09 18:21:56.784] [info] Frame 408 (t = 13.6333):	 total squared error = 0.00507236, marker error: RMS = 0.0163391, max = 0.0287128 (LKnee)
[2024-10-09 18:21:56.842] [info] Frame 409 (t = 13.6667):	 total squared error = 0.00552597, marker error: RMS = 0.0170540, max = 0.0320426 (LKnee)
[2024-10-09 18:21:56.900] [info] Frame 410 (t = 13.7):	 total squared error = 0.00622206, marker error: RMS = 0.0180963, max = 0.0362092 (LKnee)
[2024-10-09 18:21:56.971] [info] Frame 411 (t = 13.7333):	 total squared error = 0.00697661, marker error: RMS = 0.0191622, max = 0.0401489 (LKnee)
[2024-10-09 18:21:57.016] [info] Frame 412 (t = 13.7667):	 total squared error = 0.00751210, marker error: RMS = 0.019884, max = 0.0426087 (LKnee)
[2024-10-09 18:21:57.063] [info] Frame 413 (t = 13.8):	 total squared error = 0.00756449, marker error: RMS = 0.0199532, max = 0.0421318 (LKnee)
[2024-10-09 18:21:57.120] [info] Frame 414 (t = 13.8333):	 total squared error = 0.00713497, marker error: RMS = 0.0193785, max = 0.0376114 (LKnee)
[2024-10-09 18:21:57.185] [info] Frame 415 (t = 13.8667):	 total squared error = 0.00646764, marker error: RMS = 0.01845, max = 0.0315638 (LShoulder)
[2024-10-09 18:21:57.227] [info] Frame 416 (t = 13.9):	 total squared error = 0.00577281, marker error: RMS = 0.0174308, max = 0.0309930 (LShoulder)
[2024-10-09 18:21:57.291] [info] Frame 417 (t = 13.9333):	 total squared error = 0.00510424, marker error: RMS = 0.0163904, max = 0.0305083 (LShoulder)
[2024-10-09 18:21:57.341] [info] Frame 418 (t = 13.9667):	 total squared error = 0.00458951, marker error: RMS = 0.015542, max = 0.0307146 (LShoulder)
[2024-10-09 18:21:57.408] [info] Frame 419 (t = 14.0):	 total squared error = 0.00435625, marker error: RMS = 0.0151419, max = 0.0308961 (LShoulder)
[2024-10-09 18:21:57.460] [info] Frame 420 (t = 14.0333):	 total squared error = 0.00440646, marker error: RMS = 0.0152289, max = 0.0309052 (LShoulder)
[2024-10-09 18:21:57.514] [info] Frame 421 (t = 14.0667):	 total squared error = 0.00467223, marker error: RMS = 0.0156814, max = 0.0303989 (LShoulder)
[2024-10-09 18:21:57.578] [info] Frame 422 (t = 14.1):	 total squared error = 0.00507544, marker error: RMS = 0.0163441, max = 0.0295009 (LShoulder)
[2024-10-09 18:21:57.624] [info] Frame 423 (t = 14.1333):	 total squared error = 0.00551419, marker error: RMS = 0.0170359, max = 0.0297283 (RShoulder)
[2024-10-09 18:21:57.679] [info] Frame 424 (t = 14.1667):	 total squared error = 0.00577443, marker error: RMS = 0.0174332, max = 0.0305050 (LHeel)
[2024-10-09 18:21:57.740] [info] Frame 425 (t = 14.2):	 total squared error = 0.00575663, marker error: RMS = 0.0174063, max = 0.0310970 (LHeel)
[2024-10-09 18:21:57.781] [info] Frame 426 (t = 14.2333):	 total squared error = 0.00566056, marker error: RMS = 0.0172605, max = 0.0306386 (LHeel)
[2024-10-09 18:21:57.878] [info] Frame 427 (t = 14.2667):	 total squared error = 0.00556194, marker error: RMS = 0.0171095, max = 0.0300234 (LHeel)
[2024-10-09 18:21:57.935] [info] Frame 428 (t = 14.3):	 total squared error = 0.00561315, marker error: RMS = 0.0171881, max = 0.0294762 (LHeel)
[2024-10-09 18:21:57.989] [info] Frame 429 (t = 14.3333):	 total squared error = 0.00586185, marker error: RMS = 0.0175647, max = 0.031139 (RKnee)
[2024-10-09 18:21:58.039] [info] Frame 430 (t = 14.3667):	 total squared error = 0.00614064, marker error: RMS = 0.0179775, max = 0.0358959 (RKnee)
[2024-10-09 18:21:58.115] [info] Frame 431 (t = 14.4):	 total squared error = 0.00620707, marker error: RMS = 0.0180745, max = 0.0373020 (RKnee)
[2024-10-09 18:21:58.160] [info] Frame 432 (t = 14.4333):	 total squared error = 0.00596266, marker error: RMS = 0.0177151, max = 0.0352835 (RKnee)
[2024-10-09 18:21:58.261] [info] Frame 433 (t = 14.4667):	 total squared error = 0.00545921, marker error: RMS = 0.0169507, max = 0.0305117 (RKnee)
[2024-10-09 18:21:58.318] [info] Frame 434 (t = 14.5):	 total squared error = 0.00498403, marker error: RMS = 0.0161962, max = 0.0285827 (LHeel)
[2024-10-09 18:21:58.377] [info] Frame 435 (t = 14.5333):	 total squared error = 0.00468593, marker error: RMS = 0.0157044, max = 0.0278102 (LHeel)
[2024-10-09 18:21:58.447] [info] Frame 436 (t = 14.5667):	 total squared error = 0.00460315, marker error: RMS = 0.0155651, max = 0.0272532 (LHeel)
[2024-10-09 18:21:58.495] [info] Frame 437 (t = 14.6):	 total squared error = 0.00461574, marker error: RMS = 0.0155863, max = 0.0262418 (LHeel)
[2024-10-09 18:21:58.538] [info] Frame 438 (t = 14.6333):	 total squared error = 0.00452376, marker error: RMS = 0.0154302, max = 0.0241167 (LHeel)
[2024-10-09 18:21:58.587] [info] Frame 439 (t = 14.6667):	 total squared error = 0.00433938, marker error: RMS = 0.0151125, max = 0.0216309 (Neck)
[2024-10-09 18:21:58.645] [info] Frame 440 (t = 14.7):	 total squared error = 0.00412782, marker error: RMS = 0.0147395, max = 0.0226883 (Neck)
[2024-10-09 18:21:58.698] [info] Frame 441 (t = 14.7333):	 total squared error = 0.00400573, marker error: RMS = 0.0145199, max = 0.0256078 (RHeel)
[2024-10-09 18:21:58.752] [info] Frame 442 (t = 14.7667):	 total squared error = 0.00406563, marker error: RMS = 0.0146281, max = 0.0275154 (RHeel)
[2024-10-09 18:21:58.806] [info] Frame 443 (t = 14.8):	 total squared error = 0.00441671, marker error: RMS = 0.0152466, max = 0.028644 (RHeel)
[2024-10-09 18:21:58.848] [info] Frame 444 (t = 14.8333):	 total squared error = 0.00495393, marker error: RMS = 0.0161472, max = 0.0289527 (RHeel)
[2024-10-09 18:21:58.892] [info] Frame 445 (t = 14.8667):	 total squared error = 0.00526525, marker error: RMS = 0.0166469, max = 0.0290637 (RHeel)
[2024-10-09 18:21:58.978] [info] Frame 446 (t = 14.9):	 total squared error = 0.00527640, marker error: RMS = 0.0166645, max = 0.0284208 (RHeel)
[2024-10-09 18:21:59.048] [info] Frame 447 (t = 14.9333):	 total squared error = 0.00554098, marker error: RMS = 0.0170772, max = 0.0318209 (LKnee)
[2024-10-09 18:21:59.129] [info] Frame 448 (t = 14.9667):	 total squared error = 0.00621307, marker error: RMS = 0.0180832, max = 0.0401320 (LKnee)
[2024-10-09 18:21:59.210] [info] Frame 449 (t = 15.0):	 total squared error = 0.00656760, marker error: RMS = 0.018592, max = 0.0442957 (LKnee)
[2024-10-09 18:21:59.262] [info] Frame 450 (t = 15.0333):	 total squared error = 0.00604634, marker error: RMS = 0.017839, max = 0.0409111 (LKnee)
[2024-10-09 18:21:59.346] [info] Frame 451 (t = 15.0667):	 total squared error = 0.00489301, marker error: RMS = 0.0160476, max = 0.0314987 (LKnee)
[2024-10-09 18:21:59.394] [info] Frame 452 (t = 15.1):	 total squared error = 0.00386893, marker error: RMS = 0.0142698, max = 0.0237934 (LKnee)
[2024-10-09 18:21:59.459] [info] Frame 453 (t = 15.1333):	 total squared error = 0.00348534, marker error: RMS = 0.013544, max = 0.0224508 (LKnee)
[2024-10-09 18:21:59.523] [info] Frame 454 (t = 15.1667):	 total squared error = 0.00354569, marker error: RMS = 0.0136607, max = 0.0230428 (LKnee)
[2024-10-09 18:21:59.588] [info] Frame 455 (t = 15.2):	 total squared error = 0.00369112, marker error: RMS = 0.0139381, max = 0.0237533 (LKnee)
[2024-10-09 18:21:59.632] [info] Frame 456 (t = 15.2333):	 total squared error = 0.00380699, marker error: RMS = 0.0141551, max = 0.0244177 (LShoulder)
[2024-10-09 18:21:59.690] [info] Frame 457 (t = 15.2667):	 total squared error = 0.00393914, marker error: RMS = 0.0143987, max = 0.0250040 (LShoulder)
[2024-10-09 18:21:59.745] [info] Frame 458 (t = 15.3):	 total squared error = 0.00421614, marker error: RMS = 0.0148964, max = 0.0247133 (LShoulder)
[2024-10-09 18:21:59.809] [info] Frame 459 (t = 15.3333):	 total squared error = 0.00454343, marker error: RMS = 0.0154638, max = 0.0276367 (LHeel)
[2024-10-09 18:21:59.873] [info] Frame 460 (t = 15.3667):	 total squared error = 0.00470468, marker error: RMS = 0.0157358, max = 0.0286563 (LHeel)
[2024-10-09 18:21:59.946] [info] Frame 461 (t = 15.4):	 total squared error = 0.00469427, marker error: RMS = 0.0157184, max = 0.0304867 (Neck)
[2024-10-09 18:22:00.014] [info] Frame 462 (t = 15.4333):	 total squared error = 0.00457571, marker error: RMS = 0.0155186, max = 0.0326023 (Neck)
[2024-10-09 18:22:00.079] [info] Frame 463 (t = 15.4667):	 total squared error = 0.00438041, marker error: RMS = 0.0151838, max = 0.0330495 (Neck)
[2024-10-09 18:22:00.135] [info] Frame 464 (t = 15.5):	 total squared error = 0.00427838, marker error: RMS = 0.0150059, max = 0.0315544 (Neck)
[2024-10-09 18:22:00.209] [info] Frame 465 (t = 15.5333):	 total squared error = 0.00436252, marker error: RMS = 0.0151528, max = 0.0291412 (RKnee)
[2024-10-09 18:22:00.276] [info] Frame 466 (t = 15.5667):	 total squared error = 0.00447946, marker error: RMS = 0.0153545, max = 0.0319571 (RKnee)
[2024-10-09 18:22:00.352] [info] Frame 467 (t = 15.6):	 total squared error = 0.00454104, marker error: RMS = 0.0154597, max = 0.0314311 (RKnee)
[2024-10-09 18:22:00.401] [info] Frame 468 (t = 15.6333):	 total squared error = 0.00464183, marker error: RMS = 0.0156303, max = 0.0270180 (RKnee)
[2024-10-09 18:22:00.466] [info] Frame 469 (t = 15.6667):	 total squared error = 0.00485106, marker error: RMS = 0.0159787, max = 0.0291848 (LHeel)
[2024-10-09 18:22:00.518] [info] Frame 470 (t = 15.7):	 total squared error = 0.00528291, marker error: RMS = 0.0166748, max = 0.0320226 (LHeel)
[2024-10-09 18:22:00.560] [info] Frame 471 (t = 15.7333):	 total squared error = 0.00597043, marker error: RMS = 0.0177266, max = 0.0329715 (LHeel)
[2024-10-09 18:22:00.611] [info] Frame 472 (t = 15.7667):	 total squared error = 0.00656585, marker error: RMS = 0.0185895, max = 0.0320528 (LBigToe)
[2024-10-09 18:22:00.665] [info] Frame 473 (t = 15.8):	 total squared error = 0.00657366, marker error: RMS = 0.0186006, max = 0.0316913 (Neck)
[2024-10-09 18:22:00.735] [info] Frame 474 (t = 15.8333):	 total squared error = 0.00593611, marker error: RMS = 0.0176756, max = 0.0307922 (Neck)
[2024-10-09 18:22:00.768] [info] Frame 475 (t = 15.8667):	 total squared error = 0.00517571, marker error: RMS = 0.0165047, max = 0.0290911 (RShoulder)
[2024-10-09 18:22:00.803] [info] Frame 476 (t = 15.9):	 total squared error = 0.00488630, marker error: RMS = 0.0160366, max = 0.0297287 (RShoulder)
[2024-10-09 18:22:00.850] [info] Frame 477 (t = 15.9333):	 total squared error = 0.00524027, marker error: RMS = 0.0166073, max = 0.0298492 (RShoulder)
[2024-10-09 18:22:00.898] [info] Frame 478 (t = 15.9667):	 total squared error = 0.00606740, marker error: RMS = 0.01787, max = 0.0294205 (RShoulder)
[2024-10-09 18:22:00.955] [info] Frame 479 (t = 16.0):	 total squared error = 0.00710990, marker error: RMS = 0.0193444, max = 0.0307054 (Neck)
[2024-10-09 18:22:00.994] [info] Frame 480 (t = 16.0333):	 total squared error = 0.00808379, marker error: RMS = 0.0206267, max = 0.0351989 (Neck)
[2024-10-09 18:22:01.054] [info] Frame 481 (t = 16.0667):	 total squared error = 0.00866256, marker error: RMS = 0.0213524, max = 0.0395814 (Neck)
[2024-10-09 18:22:01.104] [info] Frame 482 (t = 16.1):	 total squared error = 0.00893765, marker error: RMS = 0.0216888, max = 0.0435813 (Neck)
[2024-10-09 18:22:01.167] [info] Frame 483 (t = 16.1333):	 total squared error = 0.00927393, marker error: RMS = 0.0220930, max = 0.0474272 (Neck)
[2024-10-09 18:22:01.229] [info] Frame 484 (t = 16.1667):	 total squared error = 0.00988134, marker error: RMS = 0.0228051, max = 0.0514322 (Neck)
[2024-10-09 18:22:01.299] [info] Frame 485 (t = 16.2):	 total squared error = 0.0107515, marker error: RMS = 0.023788, max = 0.0552484 (Neck)
[2024-10-09 18:22:01.381] [info] Frame 486 (t = 16.2333):	 total squared error = 0.0110690, marker error: RMS = 0.0241367, max = 0.0576777 (Neck)
[2024-10-09 18:22:01.461] [info] Frame 487 (t = 16.2667):	 total squared error = 0.0103866, marker error: RMS = 0.0233808, max = 0.0576966 (Neck)
[2024-10-09 18:22:01.519] [info] Frame 488 (t = 16.3):	 total squared error = 0.00923050, marker error: RMS = 0.0220412, max = 0.0555714 (Neck)
[2024-10-09 18:22:01.563] [info] Frame 489 (t = 16.3333):	 total squared error = 0.00827176, marker error: RMS = 0.0208652, max = 0.0526455 (Neck)
[2024-10-09 18:22:01.650] [info] Frame 490 (t = 16.3667):	 total squared error = 0.00773209, marker error: RMS = 0.0201731, max = 0.0498704 (Neck)
[2024-10-09 18:22:01.697] [info] Frame 491 (t = 16.4):	 total squared error = 0.00769693, marker error: RMS = 0.0201271, max = 0.0486013 (Neck)
[2024-10-09 18:22:01.764] [info] Frame 492 (t = 16.4333):	 total squared error = 0.00804709, marker error: RMS = 0.0205799, max = 0.0497074 (Neck)
[2024-10-09 18:22:01.832] [info] Frame 493 (t = 16.4667):	 total squared error = 0.00849202, marker error: RMS = 0.0211412, max = 0.0509735 (Neck)
[2024-10-09 18:22:01.878] [info] Frame 494 (t = 16.5):	 total squared error = 0.00874078, marker error: RMS = 0.0214486, max = 0.0501774 (Neck)
[2024-10-09 18:22:01.955] [info] Frame 495 (t = 16.5333):	 total squared error = 0.00856525, marker error: RMS = 0.0212321, max = 0.0465694 (Neck)
[2024-10-09 18:22:01.999] [info] Frame 496 (t = 16.5667):	 total squared error = 0.00811135, marker error: RMS = 0.0206619, max = 0.0422256 (Neck)
[2024-10-09 18:22:02.071] [info] Frame 497 (t = 16.6):	 total squared error = 0.00760215, marker error: RMS = 0.0200028, max = 0.0384867 (Neck)
[2024-10-09 18:22:02.126] [info] Frame 498 (t = 16.6333):	 total squared error = 0.00724510, marker error: RMS = 0.0195274, max = 0.0362651 (Neck)
[2024-10-09 18:22:02.173] [info] Frame 499 (t = 16.6667):	 total squared error = 0.00707613, marker error: RMS = 0.0192984, max = 0.0354025 (Neck)
[2024-10-09 18:22:02.246] [info] Frame 500 (t = 16.7):	 total squared error = 0.00722123, marker error: RMS = 0.0194953, max = 0.0355603 (Neck)
[2024-10-09 18:22:02.319] [info] Frame 501 (t = 16.7333):	 total squared error = 0.00806205, marker error: RMS = 0.0205990, max = 0.03638 (Neck)
[2024-10-09 18:22:02.390] [info] Frame 502 (t = 16.7667):	 total squared error = 0.00997183, marker error: RMS = 0.0229092, max = 0.0373665 (Neck)
[2024-10-09 18:22:02.467] [info] Frame 503 (t = 16.8):	 total squared error = 0.0126564, marker error: RMS = 0.0258095, max = 0.0434156 (LHeel)
[2024-10-09 18:22:02.545] [info] Frame 504 (t = 16.8333):	 total squared error = 0.0153112, marker error: RMS = 0.0283876, max = 0.047836 (LHeel)
[2024-10-09 18:22:02.606] [info] Frame 505 (t = 16.8667):	 total squared error = 0.0169234, marker error: RMS = 0.0298447, max = 0.0497992 (LHeel)
[2024-10-09 18:22:02.679] [info] Frame 506 (t = 16.9):	 total squared error = 0.0169376, marker error: RMS = 0.0298572, max = 0.0493957 (LHeel)
[2024-10-09 18:22:02.747] [info] Frame 507 (t = 16.9333):	 total squared error = 0.0158032, marker error: RMS = 0.02884, max = 0.0472152 (LAnkle)
[2024-10-09 18:22:02.817] [info] Frame 508 (t = 16.9667):	 total squared error = 0.0143195, marker error: RMS = 0.0274528, max = 0.0461559 (LSmallToe)
[2024-10-09 18:22:02.878] [info] Frame 509 (t = 17.0):	 total squared error = 0.0131049, marker error: RMS = 0.0262628, max = 0.0472075 (LSmallToe)
[2024-10-09 18:22:02.943] [info] Frame 510 (t = 17.0333):	 total squared error = 0.0125824, marker error: RMS = 0.0257338, max = 0.0507382 (LSmallToe)
[2024-10-09 18:22:03.004] [info] Frame 511 (t = 17.0667):	 total squared error = 0.012916, marker error: RMS = 0.0260728, max = 0.0560615 (LSmallToe)
[2024-10-09 18:22:03.030] [info] Frame 512 (t = 17.1):	 total squared error = 0.0139143, marker error: RMS = 0.0270616, max = 0.0619024 (LSmallToe)
[2024-10-09 18:22:03.095] [info] Frame 513 (t = 17.1333):	 total squared error = 0.0149819, marker error: RMS = 0.0280806, max = 0.0662237 (LSmallToe)
[2024-10-09 18:22:03.118] [info] Frame 514 (t = 17.1667):	 total squared error = 0.0158517, marker error: RMS = 0.0288842, max = 0.0694994 (LSmallToe)
[2024-10-09 18:22:03.176] [info] Frame 515 (t = 17.2):	 total squared error = 0.0162522, marker error: RMS = 0.0292468, max = 0.0708868 (LSmallToe)
[2024-10-09 18:22:03.212] [info] Frame 516 (t = 17.2333):	 total squared error = 0.0162974, marker error: RMS = 0.0292875, max = 0.0712671 (LSmallToe)
[2024-10-09 18:22:03.230] [info] Frame 517 (t = 17.2667):	 total squared error = 0.0160653, marker error: RMS = 0.0290782, max = 0.0703681 (LSmallToe)
[2024-10-09 18:22:03.265] [info] Frame 518 (t = 17.3):	 total squared error = 0.0155982, marker error: RMS = 0.0286523, max = 0.0683971 (LSmallToe)
[2024-10-09 18:22:03.294] [info] Frame 519 (t = 17.3333):	 total squared error = 0.014986, marker error: RMS = 0.0280844, max = 0.065163 (LSmallToe)
[2024-10-09 18:22:03.312] [info] Frame 520 (t = 17.3667):	 total squared error = 0.0142335, marker error: RMS = 0.0273703, max = 0.0607437 (LSmallToe)
[2024-10-09 18:22:03.392] [info] Frame 521 (t = 17.4):	 total squared error = 0.0134776, marker error: RMS = 0.0266336, max = 0.0560697 (LSmallToe)
[2024-10-09 18:22:03.420] [info] Frame 522 (t = 17.4333):	 total squared error = 0.0128919, marker error: RMS = 0.0260484, max = 0.0519481 (LSmallToe)
[2024-10-09 18:22:03.451] [info] Frame 523 (t = 17.4667):	 total squared error = 0.0127166, marker error: RMS = 0.0258707, max = 0.0505152 (LSmallToe)
[2024-10-09 18:22:03.468] [info] Frame 524 (t = 17.5):	 total squared error = 0.0130146, marker error: RMS = 0.0261721, max = 0.0523374 (LSmallToe)
[2024-10-09 18:22:03.488] [info] Frame 525 (t = 17.5333):	 total squared error = 0.0136108, marker error: RMS = 0.0267649, max = 0.056317 (LSmallToe)
[2024-10-09 18:22:03.519] [info] Frame 526 (t = 17.5667):	 total squared error = 0.0142171, marker error: RMS = 0.0273545, max = 0.0614399 (LSmallToe)
[2024-10-09 18:22:03.547] [info] Frame 527 (t = 17.6):	 total squared error = 0.014635, marker error: RMS = 0.0277536, max = 0.0648626 (LSmallToe)
[2024-10-09 18:22:03.607] [info] Frame 528 (t = 17.6333):	 total squared error = 0.0148341, marker error: RMS = 0.0279417, max = 0.0671313 (LSmallToe)
[2024-10-09 18:22:03.661] [info] Frame 529 (t = 17.6667):	 total squared error = 0.0148408, marker error: RMS = 0.0279481, max = 0.0678036 (LSmallToe)
[2024-10-09 18:22:03.736] [info] Frame 530 (t = 17.7):	 total squared error = 0.0147266, marker error: RMS = 0.0278403, max = 0.0678799 (LSmallToe)
[2024-10-09 18:22:03.780] [info] Frame 531 (t = 17.7333):	 total squared error = 0.014623, marker error: RMS = 0.0277422, max = 0.0677326 (LSmallToe)
[2024-10-09 18:22:03.860] [info] Frame 532 (t = 17.7667):	 total squared error = 0.0146008, marker error: RMS = 0.0277212, max = 0.0678487 (LSmallToe)
[2024-10-09 18:22:03.897] [info] Frame 533 (t = 17.8):	 total squared error = 0.014674, marker error: RMS = 0.0277906, max = 0.0681086 (LSmallToe)
[2024-10-09 18:22:03.947] [info] Frame 534 (t = 17.8333):	 total squared error = 0.0147855, marker error: RMS = 0.0278959, max = 0.0683666 (LSmallToe)
[2024-10-09 18:22:04.000] [info] Frame 535 (t = 17.8667):	 total squared error = 0.0148304, marker error: RMS = 0.0279383, max = 0.0676497 (LSmallToe)
[2024-10-09 18:22:04.050] [info] Frame 536 (t = 17.9):	 total squared error = 0.0146845, marker error: RMS = 0.0278005, max = 0.0654391 (LSmallToe)
[2024-10-09 18:22:04.118] [info] Frame 537 (t = 17.9333):	 total squared error = 0.0142856, marker error: RMS = 0.0274203, max = 0.0615050 (LSmallToe)
[2024-10-09 18:22:04.188] [info] Frame 538 (t = 17.9667):	 total squared error = 0.0137327, marker error: RMS = 0.0268845, max = 0.0563988 (LSmallToe)
[2024-10-09 18:22:04.265] [info] Frame 539 (t = 18.0):	 total squared error = 0.0132585, marker error: RMS = 0.0264162, max = 0.0516888 (LSmallToe)
[2024-10-09 18:22:04.318] [info] Frame 540 (t = 18.0333):	 total squared error = 0.0130849, marker error: RMS = 0.0262427, max = 0.0497669 (LSmallToe)
[2024-10-09 18:22:04.374] [info] Frame 541 (t = 18.0667):	 total squared error = 0.0132812, marker error: RMS = 0.0264388, max = 0.051574 (LSmallToe)
[2024-10-09 18:22:04.443] [info] Frame 542 (t = 18.1):	 total squared error = 0.013749, marker error: RMS = 0.0269004, max = 0.0557532 (LSmallToe)
[2024-10-09 18:22:04.488] [info] Frame 543 (t = 18.1333):	 total squared error = 0.0143072, marker error: RMS = 0.027441, max = 0.0602013 (LSmallToe)
[2024-10-09 18:22:04.535] [info] Frame 544 (t = 18.1667):	 total squared error = 0.0147497, marker error: RMS = 0.0278622, max = 0.0633583 (LSmallToe)
[2024-10-09 18:22:04.576] [info] Frame 545 (t = 18.2):	 total squared error = 0.0149918, marker error: RMS = 0.0280899, max = 0.064572 (LSmallToe)
[2024-10-09 18:22:04.621] [info] Frame 546 (t = 18.2333):	 total squared error = 0.0150259, marker error: RMS = 0.0281219, max = 0.0640396 (LSmallToe)
[2024-10-09 18:22:04.671] [info] Frame 547 (t = 18.2667):	 total squared error = 0.0148736, marker error: RMS = 0.0279789, max = 0.0626803 (LSmallToe)
[2024-10-09 18:22:04.718] [info] Frame 548 (t = 18.3):	 total squared error = 0.0146519, marker error: RMS = 0.0277696, max = 0.0611829 (LSmallToe)
[2024-10-09 18:22:04.815] [info] Frame 549 (t = 18.3333):	 total squared error = 0.0144143, marker error: RMS = 0.0275436, max = 0.0599702 (LSmallToe)
[2024-10-09 18:22:04.869] [info] Frame 550 (t = 18.3667):	 total squared error = 0.0142261, marker error: RMS = 0.0273631, max = 0.0590881 (LSmallToe)
[2024-10-09 18:22:04.904] [info] Frame 551 (t = 18.4):	 total squared error = 0.0141004, marker error: RMS = 0.027242, max = 0.0588763 (LSmallToe)
[2024-10-09 18:22:04.935] [info] Frame 552 (t = 18.4333):	 total squared error = 0.0140290, marker error: RMS = 0.0271729, max = 0.0589626 (LSmallToe)
[2024-10-09 18:22:05.006] [info] Frame 553 (t = 18.4667):	 total squared error = 0.0140270, marker error: RMS = 0.027171, max = 0.0591408 (LSmallToe)
[2024-10-09 18:22:05.059] [info] Frame 554 (t = 18.5):	 total squared error = 0.0141407, marker error: RMS = 0.0272809, max = 0.0592324 (LSmallToe)
[2024-10-09 18:22:05.119] [info] Frame 555 (t = 18.5333):	 total squared error = 0.0142717, marker error: RMS = 0.0274070, max = 0.0591551 (LSmallToe)
[2024-10-09 18:22:05.178] [info] Frame 556 (t = 18.5667):	 total squared error = 0.0143348, marker error: RMS = 0.0274675, max = 0.0584276 (LSmallToe)
[2024-10-09 18:22:05.216] [info] Frame 557 (t = 18.6):	 total squared error = 0.0141253, marker error: RMS = 0.027266, max = 0.0560205 (LSmallToe)
[2024-10-09 18:22:05.271] [info] Frame 558 (t = 18.6333):	 total squared error = 0.0134965, marker error: RMS = 0.0266522, max = 0.0507753 (LSmallToe)
[2024-10-09 18:22:05.312] [info] Frame 559 (t = 18.6667):	 total squared error = 0.012459, marker error: RMS = 0.0256073, max = 0.0420339 (LSmallToe)
[2024-10-09 18:22:05.345] [info] Frame 560 (t = 18.7):	 total squared error = 0.0113068, marker error: RMS = 0.0243946, max = 0.0409822 (RHip)
[2024-10-09 18:22:05.369] [info] Frame 561 (t = 18.7333):	 total squared error = 0.0104106, marker error: RMS = 0.0234079, max = 0.0400026 (RHip)
[2024-10-09 18:22:05.418] [info] Frame 562 (t = 18.7667):	 total squared error = 0.00985396, marker error: RMS = 0.0227734, max = 0.0389297 (RHip)
[2024-10-09 18:22:05.459] [info] Frame 563 (t = 18.8):	 total squared error = 0.00955752, marker error: RMS = 0.0224283, max = 0.0380968 (RHip)
[2024-10-09 18:22:05.478] [info] Frame 564 (t = 18.8333):	 total squared error = 0.00963243, marker error: RMS = 0.022516, max = 0.0375447 (RHip)
[2024-10-09 18:22:05.516] [info] Frame 565 (t = 18.8667):	 total squared error = 0.0102554, marker error: RMS = 0.0232327, max = 0.0372969 (RHip)
[2024-10-09 18:22:05.548] [info] Frame 566 (t = 18.9):	 total squared error = 0.0112504, marker error: RMS = 0.0243337, max = 0.042496 (LSmallToe)
[2024-10-09 18:22:05.620] [info] Frame 567 (t = 18.9333):	 total squared error = 0.0121713, marker error: RMS = 0.02531, max = 0.048961 (LSmallToe)
[2024-10-09 18:22:05.673] [info] Frame 568 (t = 18.9667):	 total squared error = 0.0127904, marker error: RMS = 0.0259457, max = 0.0522034 (LSmallToe)
[2024-10-09 18:22:05.722] [info] Frame 569 (t = 19.0):	 total squared error = 0.0132491, marker error: RMS = 0.0264068, max = 0.0540701 (LSmallToe)
[2024-10-09 18:22:05.735] [info] InverseKinematicsTool completed 570 frames in 31 second(s).
