[2024-10-09 18:09:55.214] [info] Preparing to run InverseKinematicsTool.
[2024-10-09 18:09:55.236] [info] Loaded model Pose2Sim_scaled from file Model_Pose2Sim_Halpe26_scaled.osim
[2024-10-09 18:09:55.237] [warning] Couldn't find file 'r_pelvis.vtp'.
[2024-10-09 18:09:55.237] [warning] Couldn't find file 'l_pelvis.vtp'.
[2024-10-09 18:09:55.237] [warning] Couldn't find file 'sacrum.vtp'.
[2024-10-09 18:09:55.237] [warning] Couldn't find file 'femur_r.vtp'.
[2024-10-09 18:09:55.237] [warning] Couldn't find file 'r_patella.vtp'.
[2024-10-09 18:09:55.238] [warning] Couldn't find file 'tibia_r.vtp'.
[2024-10-09 18:09:55.238] [warning] Couldn't find file 'fibula_r.vtp'.
[2024-10-09 18:09:55.238] [warning] Couldn't find file 'talus_rv.vtp'.
[2024-10-09 18:09:55.239] [warning] Couldn't find file 'foot.vtp'.
[2024-10-09 18:09:55.240] [warning] Couldn't find file 'bofoot.vtp'.
[2024-10-09 18:09:55.240] [warning] Couldn't find file 'femur_l.vtp'.
[2024-10-09 18:09:55.240] [warning] Couldn't find file 'l_patella.vtp'.
[2024-10-09 18:09:55.240] [warning] Couldn't find file 'tibia_l.vtp'.
[2024-10-09 18:09:55.240] [warning] Couldn't find file 'fibula_l.vtp'.
[2024-10-09 18:09:55.240] [warning] Couldn't find file 'talus_lv.vtp'.
[2024-10-09 18:09:55.240] [warning] Couldn't find file 'l_foot.vtp'.
[2024-10-09 18:09:55.240] [warning] Couldn't find file 'l_bofoot.vtp'.
[2024-10-09 18:09:55.241] [warning] Couldn't find file 'lumbar5.vtp'.
[2024-10-09 18:09:55.241] [warning] Couldn't find file 'lumbar4.vtp'.
[2024-10-09 18:09:55.241] [warning] Couldn't find file 'lumbar3.vtp'.
[2024-10-09 18:09:55.241] [warning] Couldn't find file 'lumbar2.vtp'.
[2024-10-09 18:09:55.241] [warning] Couldn't find file 'lumbar1.vtp'.
[2024-10-09 18:09:55.241] [warning] Couldn't find file 'cerv1sm.vtp'.
[2024-10-09 18:09:55.241] [warning] Couldn't find file 'cerv2sm.vtp'.
[2024-10-09 18:09:55.242] [warning] Couldn't find file 'cerv3sm.vtp'.
[2024-10-09 18:09:55.242] [warning] Couldn't find file 'cerv4sm.vtp'.
[2024-10-09 18:09:55.242] [warning] Couldn't find file 'cerv5sm.vtp'.
[2024-10-09 18:09:55.242] [warning] Couldn't find file 'cerv6sm.vtp'.
[2024-10-09 18:09:55.242] [warning] Couldn't find file 'cerv7.vtp'.
[2024-10-09 18:09:55.242] [warning] Couldn't find file 'thoracic12_s.vtp'.
[2024-10-09 18:09:55.242] [warning] Couldn't find file 'thoracic11_s.vtp'.
[2024-10-09 18:09:55.242] [warning] Couldn't find file 'thoracic10_s.vtp'.
[2024-10-09 18:09:55.243] [warning] Couldn't find file 'thoracic9_s.vtp'.
[2024-10-09 18:09:55.243] [warning] Couldn't find file 'thoracic8_s.vtp'.
[2024-10-09 18:09:55.243] [warning] Couldn't find file 'thoracic7_s.vtp'.
[2024-10-09 18:09:55.243] [warning] Couldn't find file 'thoracic6_s.vtp'.
[2024-10-09 18:09:55.243] [warning] Couldn't find file 'thoracic5_s.vtp'.
[2024-10-09 18:09:55.243] [warning] Couldn't find file 'thoracic4_s.vtp'.
[2024-10-09 18:09:55.243] [warning] Couldn't find file 'thoracic3_s.vtp'.
[2024-10-09 18:09:55.243] [warning] Couldn't find file 'thoracic2_s.vtp'.
[2024-10-09 18:09:55.243] [warning] Couldn't find file 'thoracic1_s.vtp'.
[2024-10-09 18:09:55.244] [warning] Couldn't find file 'hat_ribs_scap.vtp'.
[2024-10-09 18:09:55.244] [warning] Couldn't find file 'hat_jaw.vtp'.
[2024-10-09 18:09:55.244] [warning] Couldn't find file 'hat_skull.vtp'.
[2024-10-09 18:09:55.244] [warning] Couldn't find file 'humerus_rv.vtp'.
[2024-10-09 18:09:55.244] [warning] Couldn't find file 'ulna_rv.vtp'.
[2024-10-09 18:09:55.244] [warning] Couldn't find file 'radius_rv.vtp'.
[2024-10-09 18:09:55.245] [warning] Couldn't find file 'pisiform_rvs.vtp'.
[2024-10-09 18:09:55.245] [warning] Couldn't find file 'lunate_rvs.vtp'.
[2024-10-09 18:09:55.245] [warning] Couldn't find file 'scaphoid_rvs.vtp'.
[2024-10-09 18:09:55.245] [warning] Couldn't find file 'triquetrum_rvs.vtp'.
[2024-10-09 18:09:55.245] [warning] Couldn't find file 'hamate_rvs.vtp'.
[2024-10-09 18:09:55.245] [warning] Couldn't find file 'capitate_rvs.vtp'.
[2024-10-09 18:09:55.245] [warning] Couldn't find file 'trapezoid_rvs.vtp'.
[2024-10-09 18:09:55.246] [warning] Couldn't find file 'trapezium_rvs.vtp'.
[2024-10-09 18:09:55.246] [warning] Couldn't find file 'metacarpal2_rvs.vtp'.
[2024-10-09 18:09:55.246] [warning] Couldn't find file 'index_proximal_rvs.vtp'.
[2024-10-09 18:09:55.246] [warning] Couldn't find file 'index_medial_rvs.vtp'.
[2024-10-09 18:09:55.246] [warning] Couldn't find file 'index_distal_rvs.vtp'.
[2024-10-09 18:09:55.246] [warning] Couldn't find file 'metacarpal3_rvs.vtp'.
[2024-10-09 18:09:55.247] [warning] Couldn't find file 'middle_proximal_rvs.vtp'.
[2024-10-09 18:09:55.247] [warning] Couldn't find file 'middle_medial_rvs.vtp'.
[2024-10-09 18:09:55.247] [warning] Couldn't find file 'middle_distal_rvs.vtp'.
[2024-10-09 18:09:55.247] [warning] Couldn't find file 'metacarpal4_rvs.vtp'.
[2024-10-09 18:09:55.247] [warning] Couldn't find file 'ring_proximal_rvs.vtp'.
[2024-10-09 18:09:55.247] [warning] Couldn't find file 'ring_medial_rvs.vtp'.
[2024-10-09 18:09:55.247] [warning] Couldn't find file 'ring_distal_rvs.vtp'.
[2024-10-09 18:09:55.247] [warning] Couldn't find file 'metacarpal5_rvs.vtp'.
[2024-10-09 18:09:55.248] [warning] Couldn't find file 'little_proximal_rvs.vtp'.
[2024-10-09 18:09:55.248] [warning] Couldn't find file 'little_medial_rvs.vtp'.
[2024-10-09 18:09:55.248] [warning] Couldn't find file 'little_distal_rvs.vtp'.
[2024-10-09 18:09:55.248] [warning] Couldn't find file 'metacarpal1_rvs.vtp'.
[2024-10-09 18:09:55.248] [warning] Couldn't find file 'thumb_proximal_rvs.vtp'.
[2024-10-09 18:09:55.248] [warning] Couldn't find file 'thumb_distal_rvs.vtp'.
[2024-10-09 18:09:55.248] [warning] Couldn't find file 'humerus_lv.vtp'.
[2024-10-09 18:09:55.248] [warning] Couldn't find file 'ulna_lv.vtp'.
[2024-10-09 18:09:55.248] [warning] Couldn't find file 'radius_lv.vtp'.
[2024-10-09 18:09:55.249] [warning] Couldn't find file 'pisiform_lvs.vtp'.
[2024-10-09 18:09:55.249] [warning] Couldn't find file 'lunate_lvs.vtp'.
[2024-10-09 18:09:55.249] [warning] Couldn't find file 'scaphoid_lvs.vtp'.
[2024-10-09 18:09:55.249] [warning] Couldn't find file 'triquetrum_lvs.vtp'.
[2024-10-09 18:09:55.249] [warning] Couldn't find file 'hamate_lvs.vtp'.
[2024-10-09 18:09:55.249] [warning] Couldn't find file 'capitate_lvs.vtp'.
[2024-10-09 18:09:55.249] [warning] Couldn't find file 'trapezoid_lvs.vtp'.
[2024-10-09 18:09:55.249] [warning] Couldn't find file 'trapezium_lvs.vtp'.
[2024-10-09 18:09:55.250] [warning] Couldn't find file 'metacarpal2_lvs.vtp'.
[2024-10-09 18:09:55.250] [warning] Couldn't find file 'index_proximal_lvs.vtp'.
[2024-10-09 18:09:55.250] [warning] Couldn't find file 'index_medial_lvs.vtp'.
[2024-10-09 18:09:55.250] [warning] Couldn't find file 'index_distal_lvs.vtp'.
[2024-10-09 18:09:55.250] [warning] Couldn't find file 'metacarpal3_lvs.vtp'.
[2024-10-09 18:09:55.250] [warning] Couldn't find file 'middle_proximal_lvs.vtp'.
[2024-10-09 18:09:55.250] [warning] Couldn't find file 'middle_medial_lvs.vtp'.
[2024-10-09 18:09:55.250] [warning] Couldn't find file 'middle_distal_lvs.vtp'.
[2024-10-09 18:09:55.251] [warning] Couldn't find file 'metacarpal4_lvs.vtp'.
[2024-10-09 18:09:55.251] [warning] Couldn't find file 'ring_proximal_lvs.vtp'.
[2024-10-09 18:09:55.251] [warning] Couldn't find file 'ring_medial_lvs.vtp'.
[2024-10-09 18:09:55.251] [warning] Couldn't find file 'ring_distal_lvs.vtp'.
[2024-10-09 18:09:55.251] [warning] Couldn't find file 'metacarpal5_lvs.vtp'.
[2024-10-09 18:09:55.251] [warning] Couldn't find file 'little_proximal_lvs.vtp'.
[2024-10-09 18:09:55.251] [warning] Couldn't find file 'little_medial_lvs.vtp'.
[2024-10-09 18:09:55.251] [warning] Couldn't find file 'little_distal_lvs.vtp'.
[2024-10-09 18:09:55.252] [warning] Couldn't find file 'metacarpal1_lvs.vtp'.
[2024-10-09 18:09:55.252] [warning] Couldn't find file 'thumb_proximal_lvs.vtp'.
[2024-10-09 18:09:55.252] [warning] Couldn't find file 'thumb_distal_lvs.vtp'.
[2024-10-09 18:09:55.253] [cout] [info] 
               MODEL: Pose2Sim_scaled
         coordinates: 62
              forces: 0
           actuators: 0
             muscles: 0
            analyses: 0
              probes: 0
              bodies: 30
              joints: 30
         constraints: 20
             markers: 22
         controllers: 0
  contact geometries: 0
misc modelcomponents: 0
[2024-10-09 18:09:55.254] [info] Running tool .
[2024-10-09 18:09:55.706] [info] Frame 0 (t = 0.0333333):	 total squared error = 0.0120814, marker error: RMS = 0.0252163, max = 0.0551396 (LShoulder)
[2024-10-09 18:09:55.771] [info] Frame 1 (t = 0.0666667):	 total squared error = 0.0112795, marker error: RMS = 0.0243651, max = 0.0528463 (LShoulder)
[2024-10-09 18:09:55.857] [info] Frame 2 (t = 0.1):	 total squared error = 0.0107262, marker error: RMS = 0.02376, max = 0.0499495 (LShoulder)
[2024-10-09 18:09:55.886] [info] Frame 3 (t = 0.133333):	 total squared error = 0.0103237, marker error: RMS = 0.0233099, max = 0.0467061 (LShoulder)
[2024-10-09 18:09:55.936] [info] Frame 4 (t = 0.166667):	 total squared error = 0.00995667, marker error: RMS = 0.0228918, max = 0.0431561 (LShoulder)
[2024-10-09 18:09:56.029] [info] Frame 5 (t = 0.2):	 total squared error = 0.00976447, marker error: RMS = 0.0226698, max = 0.0407190 (LShoulder)
[2024-10-09 18:09:56.080] [info] Frame 6 (t = 0.233333):	 total squared error = 0.00978610, marker error: RMS = 0.0226949, max = 0.0401310 (LShoulder)
[2024-10-09 18:09:56.111] [info] Frame 7 (t = 0.266667):	 total squared error = 0.0100696, marker error: RMS = 0.0230213, max = 0.0413298 (LShoulder)
[2024-10-09 18:09:56.132] [info] Frame 8 (t = 0.3):	 total squared error = 0.0106438, marker error: RMS = 0.0236685, max = 0.0433833 (LShoulder)
[2024-10-09 18:09:56.233] [info] Frame 9 (t = 0.333333):	 total squared error = 0.0111286, marker error: RMS = 0.0242016, max = 0.0463463 (LShoulder)
[2024-10-09 18:09:56.271] [info] Frame 10 (t = 0.366667):	 total squared error = 0.0117422, marker error: RMS = 0.0248598, max = 0.0478559 (LShoulder)
[2024-10-09 18:09:56.309] [info] Frame 11 (t = 0.4):	 total squared error = 0.0122349, marker error: RMS = 0.025376, max = 0.0482425 (LShoulder)
[2024-10-09 18:09:56.377] [info] Frame 12 (t = 0.433333):	 total squared error = 0.01236, marker error: RMS = 0.0255054, max = 0.0459404 (LShoulder)
[2024-10-09 18:09:56.466] [info] Frame 13 (t = 0.466667):	 total squared error = 0.0121384, marker error: RMS = 0.0252757, max = 0.0430451 (LShoulder)
[2024-10-09 18:09:56.542] [info] Frame 14 (t = 0.5):	 total squared error = 0.0116495, marker error: RMS = 0.0247614, max = 0.0399030 (LShoulder)
[2024-10-09 18:09:56.622] [info] Frame 15 (t = 0.533333):	 total squared error = 0.0110357, marker error: RMS = 0.0241004, max = 0.0376874 (LShoulder)
[2024-10-09 18:09:56.684] [info] Frame 16 (t = 0.566667):	 total squared error = 0.0104900, marker error: RMS = 0.023497, max = 0.0364984 (LShoulder)
[2024-10-09 18:09:56.740] [info] Frame 17 (t = 0.6):	 total squared error = 0.0101487, marker error: RMS = 0.0231115, max = 0.0363862 (LShoulder)
[2024-10-09 18:09:56.801] [info] Frame 18 (t = 0.633333):	 total squared error = 0.0100330, marker error: RMS = 0.0229795, max = 0.0371588 (LShoulder)
[2024-10-09 18:09:56.835] [info] Frame 19 (t = 0.666667):	 total squared error = 0.0100786, marker error: RMS = 0.0230316, max = 0.0381672 (LShoulder)
[2024-10-09 18:09:56.851] [info] Frame 20 (t = 0.7):	 total squared error = 0.0102014, marker error: RMS = 0.0231715, max = 0.0392374 (LShoulder)
[2024-10-09 18:09:56.938] [info] Frame 21 (t = 0.733333):	 total squared error = 0.0103076, marker error: RMS = 0.0232917, max = 0.0389672 (LShoulder)
[2024-10-09 18:09:56.959] [info] Frame 22 (t = 0.766667):	 total squared error = 0.0104250, marker error: RMS = 0.0234241, max = 0.038977 (LShoulder)
[2024-10-09 18:09:57.026] [info] Frame 23 (t = 0.8):	 total squared error = 0.0106254, marker error: RMS = 0.0236481, max = 0.0390266 (LShoulder)
[2024-10-09 18:09:57.049] [info] Frame 24 (t = 0.833333):	 total squared error = 0.0109543, marker error: RMS = 0.0240112, max = 0.0403208 (LShoulder)
[2024-10-09 18:09:57.080] [info] Frame 25 (t = 0.866667):	 total squared error = 0.0112924, marker error: RMS = 0.024379, max = 0.0420512 (LShoulder)
[2024-10-09 18:09:57.139] [info] Frame 26 (t = 0.9):	 total squared error = 0.011429, marker error: RMS = 0.024526, max = 0.0427305 (LShoulder)
[2024-10-09 18:09:57.176] [info] Frame 27 (t = 0.933333):	 total squared error = 0.0112803, marker error: RMS = 0.0243659, max = 0.0423832 (LShoulder)
[2024-10-09 18:09:57.197] [info] Frame 28 (t = 0.966667):	 total squared error = 0.0109971, marker error: RMS = 0.0240582, max = 0.0405460 (LShoulder)
[2024-10-09 18:09:57.286] [info] Frame 29 (t = 1.0):	 total squared error = 0.0107330, marker error: RMS = 0.0237675, max = 0.0388611 (RShoulder)
[2024-10-09 18:09:57.325] [info] Frame 30 (t = 1.03333):	 total squared error = 0.0106915, marker error: RMS = 0.0237215, max = 0.038351 (RShoulder)
[2024-10-09 18:09:57.345] [info] Frame 31 (t = 1.06667):	 total squared error = 0.0107876, marker error: RMS = 0.0238279, max = 0.038287 (LHeel)
[2024-10-09 18:09:57.423] [info] Frame 32 (t = 1.1):	 total squared error = 0.0109163, marker error: RMS = 0.0239697, max = 0.0387437 (LHeel)
[2024-10-09 18:09:57.488] [info] Frame 33 (t = 1.13333):	 total squared error = 0.0109934, marker error: RMS = 0.0240541, max = 0.0391096 (LHeel)
[2024-10-09 18:09:57.559] [info] Frame 34 (t = 1.16667):	 total squared error = 0.0109838, marker error: RMS = 0.0240436, max = 0.0393975 (LHeel)
[2024-10-09 18:09:57.591] [info] Frame 35 (t = 1.2):	 total squared error = 0.0109015, marker error: RMS = 0.0239533, max = 0.0396997 (LHeel)
[2024-10-09 18:09:57.620] [info] Frame 36 (t = 1.23333):	 total squared error = 0.0108006, marker error: RMS = 0.0238422, max = 0.0397062 (LHeel)
[2024-10-09 18:09:57.684] [info] Frame 37 (t = 1.26667):	 total squared error = 0.0106957, marker error: RMS = 0.0237262, max = 0.0389237 (LHeel)
[2024-10-09 18:09:57.720] [info] Frame 38 (t = 1.3):	 total squared error = 0.0106447, marker error: RMS = 0.0236695, max = 0.0386819 (LHeel)
[2024-10-09 18:09:57.796] [info] Frame 39 (t = 1.33333):	 total squared error = 0.0106059, marker error: RMS = 0.0236264, max = 0.0382795 (LHeel)
[2024-10-09 18:09:57.870] [info] Frame 40 (t = 1.36667):	 total squared error = 0.0106078, marker error: RMS = 0.0236285, max = 0.0383597 (LHeel)
[2024-10-09 18:09:57.911] [info] Frame 41 (t = 1.4):	 total squared error = 0.0106257, marker error: RMS = 0.0236484, max = 0.0387005 (LHeel)
[2024-10-09 18:09:57.963] [info] Frame 42 (t = 1.43333):	 total squared error = 0.0106490, marker error: RMS = 0.0236744, max = 0.0388707 (LHeel)
[2024-10-09 18:09:58.052] [info] Frame 43 (t = 1.46667):	 total squared error = 0.0106651, marker error: RMS = 0.0236922, max = 0.0387879 (LHeel)
[2024-10-09 18:09:58.107] [info] Frame 44 (t = 1.5):	 total squared error = 0.0106946, marker error: RMS = 0.0237249, max = 0.0388408 (LHeel)
[2024-10-09 18:09:58.165] [info] Frame 45 (t = 1.53333):	 total squared error = 0.0107040, marker error: RMS = 0.0237353, max = 0.0386674 (LHeel)
[2024-10-09 18:09:58.205] [info] Frame 46 (t = 1.56667):	 total squared error = 0.0107065, marker error: RMS = 0.0237381, max = 0.0383164 (LHeel)
[2024-10-09 18:09:58.243] [info] Frame 47 (t = 1.6):	 total squared error = 0.0107557, marker error: RMS = 0.0237926, max = 0.0379177 (LHeel)
[2024-10-09 18:09:58.281] [info] Frame 48 (t = 1.63333):	 total squared error = 0.0108797, marker error: RMS = 0.0239294, max = 0.0377251 (LHeel)
[2024-10-09 18:09:58.322] [info] Frame 49 (t = 1.66667):	 total squared error = 0.0110111, marker error: RMS = 0.0240735, max = 0.0375837 (LHeel)
[2024-10-09 18:09:58.364] [info] Frame 50 (t = 1.7):	 total squared error = 0.0110914, marker error: RMS = 0.0241611, max = 0.0376809 (LHeel)
[2024-10-09 18:09:58.416] [info] Frame 51 (t = 1.73333):	 total squared error = 0.0111046, marker error: RMS = 0.0241754, max = 0.037963 (LHeel)
[2024-10-09 18:09:58.489] [info] Frame 52 (t = 1.76667):	 total squared error = 0.0110660, marker error: RMS = 0.0241334, max = 0.0381627 (LHeel)
[2024-10-09 18:09:58.547] [info] Frame 53 (t = 1.8):	 total squared error = 0.0110514, marker error: RMS = 0.0241175, max = 0.0381403 (LHeel)
[2024-10-09 18:09:58.596] [info] Frame 54 (t = 1.83333):	 total squared error = 0.0111328, marker error: RMS = 0.0242061, max = 0.0379995 (LHeel)
[2024-10-09 18:09:58.644] [info] Frame 55 (t = 1.86667):	 total squared error = 0.0113471, marker error: RMS = 0.024438, max = 0.0389984 (LShoulder)
[2024-10-09 18:09:58.692] [info] Frame 56 (t = 1.9):	 total squared error = 0.0116447, marker error: RMS = 0.0247564, max = 0.0408749 (LShoulder)
[2024-10-09 18:09:58.804] [info] Frame 57 (t = 1.93333):	 total squared error = 0.0118696, marker error: RMS = 0.0249943, max = 0.0418132 (LShoulder)
[2024-10-09 18:09:58.845] [info] Frame 58 (t = 1.96667):	 total squared error = 0.0118428, marker error: RMS = 0.024966, max = 0.0415186 (LShoulder)
[2024-10-09 18:09:58.891] [info] Frame 59 (t = 2.0):	 total squared error = 0.0115244, marker error: RMS = 0.0246282, max = 0.0393483 (LShoulder)
[2024-10-09 18:09:58.934] [info] Frame 60 (t = 2.03333):	 total squared error = 0.0110587, marker error: RMS = 0.0241255, max = 0.0385734 (LHeel)
[2024-10-09 18:09:59.000] [info] Frame 61 (t = 2.06667):	 total squared error = 0.0106653, marker error: RMS = 0.0236924, max = 0.0392382 (LHeel)
[2024-10-09 18:09:59.061] [info] Frame 62 (t = 2.1):	 total squared error = 0.0104651, marker error: RMS = 0.023469, max = 0.0396238 (LHeel)
[2024-10-09 18:09:59.120] [info] Frame 63 (t = 2.13333):	 total squared error = 0.0104749, marker error: RMS = 0.02348, max = 0.039543 (LHeel)
[2024-10-09 18:09:59.140] [info] Frame 64 (t = 2.16667):	 total squared error = 0.0106318, marker error: RMS = 0.0236552, max = 0.0393506 (LHeel)
[2024-10-09 18:09:59.204] [info] Frame 65 (t = 2.2):	 total squared error = 0.0108106, marker error: RMS = 0.0238533, max = 0.0387746 (LHeel)
[2024-10-09 18:09:59.223] [info] Frame 66 (t = 2.23333):	 total squared error = 0.0109670, marker error: RMS = 0.0240252, max = 0.0389376 (LHeel)
[2024-10-09 18:09:59.267] [info] Frame 67 (t = 2.26667):	 total squared error = 0.0110317, marker error: RMS = 0.0240959, max = 0.0397837 (LShoulder)
[2024-10-09 18:09:59.310] [info] Frame 68 (t = 2.3):	 total squared error = 0.0110391, marker error: RMS = 0.0241041, max = 0.0402347 (RShoulder)
[2024-10-09 18:09:59.353] [info] Frame 69 (t = 2.33333):	 total squared error = 0.0109998, marker error: RMS = 0.0240611, max = 0.0400825 (RShoulder)
[2024-10-09 18:09:59.403] [info] Frame 70 (t = 2.36667):	 total squared error = 0.0109171, marker error: RMS = 0.0239705, max = 0.0390108 (RShoulder)
[2024-10-09 18:09:59.446] [info] Frame 71 (t = 2.4):	 total squared error = 0.0107620, marker error: RMS = 0.0237996, max = 0.0370387 (RShoulder)
[2024-10-09 18:09:59.484] [info] Frame 72 (t = 2.43333):	 total squared error = 0.0105296, marker error: RMS = 0.0235412, max = 0.0356446 (LHeel)
[2024-10-09 18:09:59.555] [info] Frame 73 (t = 2.46667):	 total squared error = 0.0103574, marker error: RMS = 0.023348, max = 0.0355074 (LHeel)
[2024-10-09 18:09:59.628] [info] Frame 74 (t = 2.5):	 total squared error = 0.0102921, marker error: RMS = 0.0232742, max = 0.0355517 (LHeel)
[2024-10-09 18:09:59.712] [info] Frame 75 (t = 2.53333):	 total squared error = 0.0103365, marker error: RMS = 0.0233244, max = 0.0358532 (LHeel)
[2024-10-09 18:09:59.748] [info] Frame 76 (t = 2.56667):	 total squared error = 0.0104292, marker error: RMS = 0.0234288, max = 0.0363328 (LHeel)
[2024-10-09 18:09:59.794] [info] Frame 77 (t = 2.6):	 total squared error = 0.0105161, marker error: RMS = 0.0235261, max = 0.0366502 (LHeel)
[2024-10-09 18:09:59.860] [info] Frame 78 (t = 2.63333):	 total squared error = 0.0105899, marker error: RMS = 0.0236086, max = 0.0370430 (LHeel)
[2024-10-09 18:09:59.938] [info] Frame 79 (t = 2.66667):	 total squared error = 0.0106852, marker error: RMS = 0.0237145, max = 0.0374251 (LHeel)
[2024-10-09 18:10:00.022] [info] Frame 80 (t = 2.7):	 total squared error = 0.0108003, marker error: RMS = 0.0238419, max = 0.0379882 (RShoulder)
[2024-10-09 18:10:00.103] [info] Frame 81 (t = 2.73333):	 total squared error = 0.0108497, marker error: RMS = 0.0238964, max = 0.0384683 (LHeel)
[2024-10-09 18:10:00.151] [info] Frame 82 (t = 2.76667):	 total squared error = 0.0107390, marker error: RMS = 0.0237742, max = 0.0392395 (LHeel)
[2024-10-09 18:10:00.209] [info] Frame 83 (t = 2.8):	 total squared error = 0.0104362, marker error: RMS = 0.0234366, max = 0.0396888 (LHeel)
[2024-10-09 18:10:00.248] [info] Frame 84 (t = 2.83333):	 total squared error = 0.0100689, marker error: RMS = 0.0230205, max = 0.0403058 (LHeel)
[2024-10-09 18:10:00.266] [info] Frame 85 (t = 2.86667):	 total squared error = 0.00979123, marker error: RMS = 0.0227008, max = 0.0401417 (LHeel)
[2024-10-09 18:10:00.318] [info] Frame 86 (t = 2.9):	 total squared error = 0.00969619, marker error: RMS = 0.0225904, max = 0.0400923 (LHeel)
[2024-10-09 18:10:00.394] [info] Frame 87 (t = 2.93333):	 total squared error = 0.00973885, marker error: RMS = 0.02264, max = 0.0393438 (LHeel)
[2024-10-09 18:10:00.435] [info] Frame 88 (t = 2.96667):	 total squared error = 0.00996216, marker error: RMS = 0.0228981, max = 0.0383023 (LHeel)
[2024-10-09 18:10:00.470] [info] Frame 89 (t = 3.0):	 total squared error = 0.0103077, marker error: RMS = 0.0232919, max = 0.0365856 (LHeel)
[2024-10-09 18:10:00.523] [info] Frame 90 (t = 3.03333):	 total squared error = 0.0106023, marker error: RMS = 0.0236223, max = 0.0391213 (LShoulder)
[2024-10-09 18:10:00.581] [info] Frame 91 (t = 3.06667):	 total squared error = 0.0109420, marker error: RMS = 0.0239978, max = 0.0415685 (LShoulder)
[2024-10-09 18:10:00.603] [info] Frame 92 (t = 3.1):	 total squared error = 0.0113251, marker error: RMS = 0.0244143, max = 0.0431751 (LShoulder)
[2024-10-09 18:10:00.686] [info] Frame 93 (t = 3.13333):	 total squared error = 0.0116165, marker error: RMS = 0.0247264, max = 0.0441801 (LShoulder)
[2024-10-09 18:10:00.726] [info] Frame 94 (t = 3.16667):	 total squared error = 0.0117653, marker error: RMS = 0.0248843, max = 0.043954 (LShoulder)
[2024-10-09 18:10:00.745] [info] Frame 95 (t = 3.2):	 total squared error = 0.0116961, marker error: RMS = 0.0248109, max = 0.0424669 (LShoulder)
[2024-10-09 18:10:00.790] [info] Frame 96 (t = 3.23333):	 total squared error = 0.0114727, marker error: RMS = 0.0245728, max = 0.0405721 (RShoulder)
[2024-10-09 18:10:00.812] [info] Frame 97 (t = 3.26667):	 total squared error = 0.0112252, marker error: RMS = 0.0243064, max = 0.0386184 (RShoulder)
[2024-10-09 18:10:00.881] [info] Frame 98 (t = 3.3):	 total squared error = 0.0109625, marker error: RMS = 0.0240203, max = 0.0367045 (RShoulder)
[2024-10-09 18:10:00.960] [info] Frame 99 (t = 3.33333):	 total squared error = 0.0107448, marker error: RMS = 0.0237806, max = 0.0361784 (LHeel)
[2024-10-09 18:10:01.038] [info] Frame 100 (t = 3.36667):	 total squared error = 0.0105305, marker error: RMS = 0.0235423, max = 0.0357424 (LHeel)
[2024-10-09 18:10:01.147] [info] Frame 101 (t = 3.4):	 total squared error = 0.0103014, marker error: RMS = 0.0232847, max = 0.035187 (LHeel)
[2024-10-09 18:10:01.208] [info] Frame 102 (t = 3.43333):	 total squared error = 0.0101235, marker error: RMS = 0.0230828, max = 0.0353323 (RShoulder)
[2024-10-09 18:10:01.318] [info] Frame 103 (t = 3.46667):	 total squared error = 0.0100329, marker error: RMS = 0.0229793, max = 0.0365266 (LShoulder)
[2024-10-09 18:10:01.382] [info] Frame 104 (t = 3.5):	 total squared error = 0.0101391, marker error: RMS = 0.0231006, max = 0.038315 (LShoulder)
[2024-10-09 18:10:01.455] [info] Frame 105 (t = 3.53333):	 total squared error = 0.0103916, marker error: RMS = 0.0233864, max = 0.0404315 (LShoulder)
[2024-10-09 18:10:01.499] [info] Frame 106 (t = 3.56667):	 total squared error = 0.0107224, marker error: RMS = 0.0237558, max = 0.0423888 (LShoulder)
[2024-10-09 18:10:01.536] [info] Frame 107 (t = 3.6):	 total squared error = 0.0110734, marker error: RMS = 0.0241415, max = 0.0440550 (LShoulder)
[2024-10-09 18:10:01.565] [info] Frame 108 (t = 3.63333):	 total squared error = 0.0114815, marker error: RMS = 0.0245823, max = 0.0455229 (LShoulder)
[2024-10-09 18:10:01.658] [info] Frame 109 (t = 3.66667):	 total squared error = 0.0118071, marker error: RMS = 0.0249285, max = 0.0462426 (LShoulder)
[2024-10-09 18:10:01.722] [info] Frame 110 (t = 3.7):	 total squared error = 0.0121296, marker error: RMS = 0.0252666, max = 0.0474419 (LShoulder)
[2024-10-09 18:10:01.883] [info] Frame 111 (t = 3.73333):	 total squared error = 0.0123799, marker error: RMS = 0.025526, max = 0.0485517 (LShoulder)
[2024-10-09 18:10:01.948] [info] Frame 112 (t = 3.76667):	 total squared error = 0.0125055, marker error: RMS = 0.0256551, max = 0.049443 (LShoulder)
[2024-10-09 18:10:02.005] [info] Frame 113 (t = 3.8):	 total squared error = 0.0125061, marker error: RMS = 0.0256557, max = 0.0498547 (LShoulder)
[2024-10-09 18:10:02.035] [info] Frame 114 (t = 3.83333):	 total squared error = 0.012461, marker error: RMS = 0.0256094, max = 0.0502980 (LShoulder)
[2024-10-09 18:10:02.067] [info] Frame 115 (t = 3.86667):	 total squared error = 0.0124581, marker error: RMS = 0.0256065, max = 0.0510865 (LShoulder)
[2024-10-09 18:10:02.127] [info] Frame 116 (t = 3.9):	 total squared error = 0.0124643, marker error: RMS = 0.0256129, max = 0.0517621 (LShoulder)
[2024-10-09 18:10:02.173] [info] Frame 117 (t = 3.93333):	 total squared error = 0.0123961, marker error: RMS = 0.0255426, max = 0.051584 (LShoulder)
[2024-10-09 18:10:02.195] [info] Frame 118 (t = 3.96667):	 total squared error = 0.0121837, marker error: RMS = 0.0253229, max = 0.0499229 (LShoulder)
[2024-10-09 18:10:02.221] [info] Frame 119 (t = 4.0):	 total squared error = 0.0118201, marker error: RMS = 0.0249421, max = 0.0468682 (LShoulder)
[2024-10-09 18:10:02.294] [info] Frame 120 (t = 4.03333):	 total squared error = 0.0113967, marker error: RMS = 0.0244913, max = 0.0435251 (LShoulder)
[2024-10-09 18:10:02.324] [info] Frame 121 (t = 4.06667):	 total squared error = 0.0111286, marker error: RMS = 0.0242016, max = 0.0397225 (LShoulder)
[2024-10-09 18:10:02.385] [info] Frame 122 (t = 4.1):	 total squared error = 0.0109657, marker error: RMS = 0.0240238, max = 0.037119 (LShoulder)
[2024-10-09 18:10:02.441] [info] Frame 123 (t = 4.13333):	 total squared error = 0.0109014, marker error: RMS = 0.0239532, max = 0.0355315 (LShoulder)
[2024-10-09 18:10:02.493] [info] Frame 124 (t = 4.16667):	 total squared error = 0.0108864, marker error: RMS = 0.0239367, max = 0.0355536 (LHeel)
[2024-10-09 18:10:02.583] [info] Frame 125 (t = 4.2):	 total squared error = 0.0108670, marker error: RMS = 0.0239154, max = 0.0360843 (LHeel)
[2024-10-09 18:10:02.633] [info] Frame 126 (t = 4.23333):	 total squared error = 0.0109536, marker error: RMS = 0.0240105, max = 0.0364974 (LHeel)
[2024-10-09 18:10:02.654] [info] Frame 127 (t = 4.26667):	 total squared error = 0.0112468, marker error: RMS = 0.0243297, max = 0.0391084 (LShoulder)
[2024-10-09 18:10:02.718] [info] Frame 128 (t = 4.3):	 total squared error = 0.0116559, marker error: RMS = 0.0247683, max = 0.0425289 (LShoulder)
[2024-10-09 18:10:02.739] [info] Frame 129 (t = 4.33333):	 total squared error = 0.0122615, marker error: RMS = 0.0254036, max = 0.0465 (LShoulder)
[2024-10-09 18:10:02.834] [info] Frame 130 (t = 4.36667):	 total squared error = 0.0128265, marker error: RMS = 0.0259823, max = 0.0490368 (LShoulder)
[2024-10-09 18:10:02.917] [info] Frame 131 (t = 4.4):	 total squared error = 0.0132184, marker error: RMS = 0.0263763, max = 0.0503619 (LShoulder)
[2024-10-09 18:10:03.000] [info] Frame 132 (t = 4.43333):	 total squared error = 0.013425, marker error: RMS = 0.0265816, max = 0.0501528 (LShoulder)
[2024-10-09 18:10:03.081] [info] Frame 133 (t = 4.46667):	 total squared error = 0.0134982, marker error: RMS = 0.0266539, max = 0.0493878 (LShoulder)
[2024-10-09 18:10:03.127] [info] Frame 134 (t = 4.5):	 total squared error = 0.0135268, marker error: RMS = 0.0266822, max = 0.0488917 (LShoulder)
[2024-10-09 18:10:03.180] [info] Frame 135 (t = 4.53333):	 total squared error = 0.0135303, marker error: RMS = 0.0266856, max = 0.0489323 (LShoulder)
[2024-10-09 18:10:03.244] [info] Frame 136 (t = 4.56667):	 total squared error = 0.0134466, marker error: RMS = 0.0266030, max = 0.0493355 (LShoulder)
[2024-10-09 18:10:03.339] [info] Frame 137 (t = 4.6):	 total squared error = 0.01321, marker error: RMS = 0.0263678, max = 0.0494818 (LShoulder)
[2024-10-09 18:10:03.425] [info] Frame 138 (t = 4.63333):	 total squared error = 0.0128611, marker error: RMS = 0.0260173, max = 0.0487538 (LShoulder)
[2024-10-09 18:10:03.542] [info] Frame 139 (t = 4.66667):	 total squared error = 0.0125302, marker error: RMS = 0.0256804, max = 0.0474303 (LShoulder)
[2024-10-09 18:10:03.640] [info] Frame 140 (t = 4.7):	 total squared error = 0.0123974, marker error: RMS = 0.025544, max = 0.04595 (LShoulder)
[2024-10-09 18:10:03.708] [info] Frame 141 (t = 4.73333):	 total squared error = 0.0125597, marker error: RMS = 0.0257106, max = 0.0452020 (LShoulder)
[2024-10-09 18:10:03.792] [info] Frame 142 (t = 4.76667):	 total squared error = 0.0130213, marker error: RMS = 0.0261789, max = 0.0457584 (LShoulder)
[2024-10-09 18:10:03.832] [info] Frame 143 (t = 4.8):	 total squared error = 0.0137311, marker error: RMS = 0.0268829, max = 0.0479023 (LShoulder)
[2024-10-09 18:10:03.932] [info] Frame 144 (t = 4.83333):	 total squared error = 0.0144356, marker error: RMS = 0.0275639, max = 0.0493246 (LShoulder)
[2024-10-09 18:10:03.999] [info] Frame 145 (t = 4.86667):	 total squared error = 0.0150201, marker error: RMS = 0.0281164, max = 0.0509989 (LShoulder)
[2024-10-09 18:10:04.060] [info] Frame 146 (t = 4.9):	 total squared error = 0.0153242, marker error: RMS = 0.0283996, max = 0.0520607 (LShoulder)
[2024-10-09 18:10:04.145] [info] Frame 147 (t = 4.93333):	 total squared error = 0.0153045, marker error: RMS = 0.0283813, max = 0.0515128 (LShoulder)
[2024-10-09 18:10:04.200] [info] Frame 148 (t = 4.96667):	 total squared error = 0.0149394, marker error: RMS = 0.0280408, max = 0.0500890 (LShoulder)
[2024-10-09 18:10:04.268] [info] Frame 149 (t = 5.0):	 total squared error = 0.014295, marker error: RMS = 0.0274293, max = 0.0477755 (LShoulder)
[2024-10-09 18:10:04.289] [info] Frame 150 (t = 5.03333):	 total squared error = 0.0135563, marker error: RMS = 0.0267112, max = 0.045116 (LShoulder)
[2024-10-09 18:10:04.307] [info] Frame 151 (t = 5.06667):	 total squared error = 0.012895, marker error: RMS = 0.0260516, max = 0.0429236 (LShoulder)
[2024-10-09 18:10:04.438] [info] Frame 152 (t = 5.1):	 total squared error = 0.0123603, marker error: RMS = 0.0255057, max = 0.0420614 (LShoulder)
[2024-10-09 18:10:04.492] [info] Frame 153 (t = 5.13333):	 total squared error = 0.0120513, marker error: RMS = 0.0251849, max = 0.0414804 (LShoulder)
[2024-10-09 18:10:04.532] [info] Frame 154 (t = 5.16667):	 total squared error = 0.0118995, marker error: RMS = 0.0250257, max = 0.0415552 (LShoulder)
[2024-10-09 18:10:04.582] [info] Frame 155 (t = 5.2):	 total squared error = 0.0118693, marker error: RMS = 0.024994, max = 0.0418221 (LShoulder)
[2024-10-09 18:10:04.653] [info] Frame 156 (t = 5.23333):	 total squared error = 0.0118724, marker error: RMS = 0.0249973, max = 0.0422667 (LShoulder)
[2024-10-09 18:10:04.698] [info] Frame 157 (t = 5.26667):	 total squared error = 0.0118731, marker error: RMS = 0.024998, max = 0.0423408 (LShoulder)
[2024-10-09 18:10:04.774] [info] Frame 158 (t = 5.3):	 total squared error = 0.0117713, marker error: RMS = 0.0248906, max = 0.0423678 (LShoulder)
[2024-10-09 18:10:04.881] [info] Frame 159 (t = 5.33333):	 total squared error = 0.0115665, marker error: RMS = 0.0246732, max = 0.0418245 (LShoulder)
[2024-10-09 18:10:04.980] [info] Frame 160 (t = 5.36667):	 total squared error = 0.0112377, marker error: RMS = 0.0243199, max = 0.0411395 (LShoulder)
[2024-10-09 18:10:05.079] [info] Frame 161 (t = 5.4):	 total squared error = 0.0108440, marker error: RMS = 0.0238901, max = 0.0406811 (LShoulder)
[2024-10-09 18:10:05.181] [info] Frame 162 (t = 5.43333):	 total squared error = 0.0104623, marker error: RMS = 0.0234658, max = 0.0407370 (LShoulder)
[2024-10-09 18:10:05.262] [info] Frame 163 (t = 5.46667):	 total squared error = 0.0101588, marker error: RMS = 0.0231231, max = 0.0409802 (LShoulder)
[2024-10-09 18:10:05.402] [info] Frame 164 (t = 5.5):	 total squared error = 0.00996125, marker error: RMS = 0.0228971, max = 0.0409738 (LShoulder)
[2024-10-09 18:10:05.447] [info] Frame 165 (t = 5.53333):	 total squared error = 0.00988959, marker error: RMS = 0.0228146, max = 0.0406298 (LShoulder)
[2024-10-09 18:10:05.497] [info] Frame 166 (t = 5.56667):	 total squared error = 0.0100070, marker error: RMS = 0.0229495, max = 0.0405121 (LShoulder)
[2024-10-09 18:10:05.549] [info] Frame 167 (t = 5.6):	 total squared error = 0.0103798, marker error: RMS = 0.0233732, max = 0.0414114 (LShoulder)
[2024-10-09 18:10:05.622] [info] Frame 168 (t = 5.63333):	 total squared error = 0.0110088, marker error: RMS = 0.0240710, max = 0.0434569 (LShoulder)
[2024-10-09 18:10:05.663] [info] Frame 169 (t = 5.66667):	 total squared error = 0.0117681, marker error: RMS = 0.0248872, max = 0.046536 (LShoulder)
[2024-10-09 18:10:05.706] [info] Frame 170 (t = 5.7):	 total squared error = 0.0124010, marker error: RMS = 0.0255476, max = 0.0488894 (LShoulder)
[2024-10-09 18:10:05.749] [info] Frame 171 (t = 5.73333):	 total squared error = 0.0126962, marker error: RMS = 0.0258499, max = 0.0498307 (LShoulder)
[2024-10-09 18:10:05.852] [info] Frame 172 (t = 5.76667):	 total squared error = 0.0126237, marker error: RMS = 0.025776, max = 0.0488356 (LShoulder)
[2024-10-09 18:10:05.876] [info] Frame 173 (t = 5.8):	 total squared error = 0.0123188, marker error: RMS = 0.0254629, max = 0.0466675 (LShoulder)
[2024-10-09 18:10:05.903] [info] Frame 174 (t = 5.83333):	 total squared error = 0.0120091, marker error: RMS = 0.0251407, max = 0.0444516 (LShoulder)
[2024-10-09 18:10:05.994] [info] Frame 175 (t = 5.86667):	 total squared error = 0.0118775, marker error: RMS = 0.0250026, max = 0.0437244 (LShoulder)
[2024-10-09 18:10:06.035] [info] Frame 176 (t = 5.9):	 total squared error = 0.0120697, marker error: RMS = 0.0252042, max = 0.0447733 (LShoulder)
[2024-10-09 18:10:06.150] [info] Frame 177 (t = 5.93333):	 total squared error = 0.0124656, marker error: RMS = 0.0256142, max = 0.0462706 (LShoulder)
[2024-10-09 18:10:06.177] [info] Frame 178 (t = 5.96667):	 total squared error = 0.0128755, marker error: RMS = 0.0260318, max = 0.048245 (LShoulder)
[2024-10-09 18:10:06.234] [info] Frame 179 (t = 6.0):	 total squared error = 0.0130443, marker error: RMS = 0.0262020, max = 0.0482447 (LShoulder)
[2024-10-09 18:10:06.256] [info] Frame 180 (t = 6.03333):	 total squared error = 0.0129494, marker error: RMS = 0.0261065, max = 0.0470361 (LShoulder)
[2024-10-09 18:10:06.334] [info] Frame 181 (t = 6.06667):	 total squared error = 0.0124718, marker error: RMS = 0.0256205, max = 0.0451046 (LShoulder)
[2024-10-09 18:10:06.434] [info] Frame 182 (t = 6.1):	 total squared error = 0.011868, marker error: RMS = 0.0249926, max = 0.041842 (LShoulder)
[2024-10-09 18:10:06.502] [info] Frame 183 (t = 6.13333):	 total squared error = 0.0113019, marker error: RMS = 0.0243893, max = 0.039267 (LHeel)
[2024-10-09 18:10:06.530] [info] Frame 184 (t = 6.16667):	 total squared error = 0.0108616, marker error: RMS = 0.0239095, max = 0.0392652 (LHeel)
[2024-10-09 18:10:06.633] [info] Frame 185 (t = 6.2):	 total squared error = 0.0105029, marker error: RMS = 0.0235114, max = 0.0391737 (LHeel)
[2024-10-09 18:10:06.708] [info] Frame 186 (t = 6.23333):	 total squared error = 0.0102683, marker error: RMS = 0.0232473, max = 0.0391735 (LHeel)
[2024-10-09 18:10:06.763] [info] Frame 187 (t = 6.26667):	 total squared error = 0.0102067, marker error: RMS = 0.0231775, max = 0.0391113 (LHeel)
[2024-10-09 18:10:06.815] [info] Frame 188 (t = 6.3):	 total squared error = 0.0103381, marker error: RMS = 0.0233262, max = 0.0390052 (LHeel)
[2024-10-09 18:10:06.857] [info] Frame 189 (t = 6.33333):	 total squared error = 0.0105806, marker error: RMS = 0.0235982, max = 0.0389237 (LHeel)
[2024-10-09 18:10:06.919] [info] Frame 190 (t = 6.36667):	 total squared error = 0.0108630, marker error: RMS = 0.023911, max = 0.0389074 (RShoulder)
[2024-10-09 18:10:06.965] [info] Frame 191 (t = 6.4):	 total squared error = 0.011215, marker error: RMS = 0.0242954, max = 0.0389211 (RShoulder)
[2024-10-09 18:10:07.050] [info] Frame 192 (t = 6.43333):	 total squared error = 0.011654, marker error: RMS = 0.0247663, max = 0.0394486 (RShoulder)
[2024-10-09 18:10:07.108] [info] Frame 193 (t = 6.46667):	 total squared error = 0.012147, marker error: RMS = 0.0252847, max = 0.0405528 (LShoulder)
[2024-10-09 18:10:07.149] [info] Frame 194 (t = 6.5):	 total squared error = 0.012574, marker error: RMS = 0.0257253, max = 0.0422674 (LShoulder)
[2024-10-09 18:10:07.179] [info] Frame 195 (t = 6.53333):	 total squared error = 0.0129311, marker error: RMS = 0.0260880, max = 0.0445436 (LShoulder)
[2024-10-09 18:10:07.222] [info] Frame 196 (t = 6.56667):	 total squared error = 0.0132592, marker error: RMS = 0.0264169, max = 0.0470772 (LShoulder)
[2024-10-09 18:10:07.389] [info] Frame 197 (t = 6.6):	 total squared error = 0.0135573, marker error: RMS = 0.0267122, max = 0.0493902 (LShoulder)
[2024-10-09 18:10:07.424] [info] Frame 198 (t = 6.63333):	 total squared error = 0.0138514, marker error: RMS = 0.0270004, max = 0.0520421 (LShoulder)
[2024-10-09 18:10:07.563] [info] Frame 199 (t = 6.66667):	 total squared error = 0.0138881, marker error: RMS = 0.0270361, max = 0.0524248 (LShoulder)
[2024-10-09 18:10:07.627] [info] Frame 200 (t = 6.7):	 total squared error = 0.0137156, marker error: RMS = 0.0268677, max = 0.051728 (LShoulder)
[2024-10-09 18:10:07.656] [info] Frame 201 (t = 6.73333):	 total squared error = 0.0132894, marker error: RMS = 0.026447, max = 0.0494753 (LShoulder)
[2024-10-09 18:10:07.672] [info] Frame 202 (t = 6.76667):	 total squared error = 0.0127323, marker error: RMS = 0.0258867, max = 0.0457481 (LShoulder)
[2024-10-09 18:10:07.766] [info] Frame 203 (t = 6.8):	 total squared error = 0.0121233, marker error: RMS = 0.02526, max = 0.0421984 (LShoulder)
[2024-10-09 18:10:07.819] [info] Frame 204 (t = 6.83333):	 total squared error = 0.0116017, marker error: RMS = 0.0247106, max = 0.0396571 (LHeel)
[2024-10-09 18:10:07.884] [info] Frame 205 (t = 6.86667):	 total squared error = 0.0112263, marker error: RMS = 0.0243076, max = 0.039468 (LHeel)
[2024-10-09 18:10:07.902] [info] Frame 206 (t = 6.9):	 total squared error = 0.0110651, marker error: RMS = 0.0241324, max = 0.0394944 (LHeel)
[2024-10-09 18:10:07.947] [info] Frame 207 (t = 6.93333):	 total squared error = 0.0109790, marker error: RMS = 0.0240383, max = 0.0389161 (LHeel)
[2024-10-09 18:10:08.027] [info] Frame 208 (t = 6.96667):	 total squared error = 0.0109617, marker error: RMS = 0.0240194, max = 0.0387734 (LHeel)
[2024-10-09 18:10:08.125] [info] Frame 209 (t = 7.0):	 total squared error = 0.0109747, marker error: RMS = 0.0240336, max = 0.0384754 (LHeel)
[2024-10-09 18:10:08.181] [info] Frame 210 (t = 7.03333):	 total squared error = 0.0110228, marker error: RMS = 0.0240862, max = 0.0381535 (LHeel)
[2024-10-09 18:10:08.227] [info] Frame 211 (t = 7.06667):	 total squared error = 0.0111102, marker error: RMS = 0.0241816, max = 0.0381426 (LHeel)
[2024-10-09 18:10:08.272] [info] Frame 212 (t = 7.1):	 total squared error = 0.0112231, marker error: RMS = 0.0243041, max = 0.0384435 (LShoulder)
[2024-10-09 18:10:08.378] [info] Frame 213 (t = 7.13333):	 total squared error = 0.0113105, marker error: RMS = 0.0243985, max = 0.0390674 (LShoulder)
[2024-10-09 18:10:08.416] [info] Frame 214 (t = 7.16667):	 total squared error = 0.011382, marker error: RMS = 0.0244755, max = 0.0397156 (LHeel)
[2024-10-09 18:10:08.488] [info] Frame 215 (t = 7.2):	 total squared error = 0.011356, marker error: RMS = 0.0244476, max = 0.0401978 (LHeel)
[2024-10-09 18:10:08.542] [info] Frame 216 (t = 7.23333):	 total squared error = 0.0113549, marker error: RMS = 0.0244464, max = 0.0410294 (LHeel)
[2024-10-09 18:10:08.660] [info] Frame 217 (t = 7.26667):	 total squared error = 0.0114326, marker error: RMS = 0.0245299, max = 0.0417353 (LHeel)
[2024-10-09 18:10:08.682] [info] Frame 218 (t = 7.3):	 total squared error = 0.0115625, marker error: RMS = 0.0246689, max = 0.0437281 (Neck)
[2024-10-09 18:10:08.764] [info] Frame 219 (t = 7.33333):	 total squared error = 0.0117153, marker error: RMS = 0.0248314, max = 0.0448146 (Neck)
[2024-10-09 18:10:08.829] [info] Frame 220 (t = 7.36667):	 total squared error = 0.0117398, marker error: RMS = 0.0248573, max = 0.0437153 (Neck)
[2024-10-09 18:10:08.879] [info] Frame 221 (t = 7.4):	 total squared error = 0.0116577, marker error: RMS = 0.0247702, max = 0.0418245 (LHeel)
[2024-10-09 18:10:08.912] [info] Frame 222 (t = 7.43333):	 total squared error = 0.0116168, marker error: RMS = 0.0247267, max = 0.0410952 (LHeel)
[2024-10-09 18:10:08.971] [info] Frame 223 (t = 7.46667):	 total squared error = 0.011588, marker error: RMS = 0.0246961, max = 0.0408112 (LHeel)
[2024-10-09 18:10:08.991] [info] Frame 224 (t = 7.5):	 total squared error = 0.0117084, marker error: RMS = 0.024824, max = 0.0404797 (LHeel)
[2024-10-09 18:10:09.013] [info] Frame 225 (t = 7.53333):	 total squared error = 0.0118086, marker error: RMS = 0.02493, max = 0.0406073 (LShoulder)
[2024-10-09 18:10:09.093] [info] Frame 226 (t = 7.56667):	 total squared error = 0.0117954, marker error: RMS = 0.0249161, max = 0.0414439 (LShoulder)
[2024-10-09 18:10:09.183] [info] Frame 227 (t = 7.6):	 total squared error = 0.0117099, marker error: RMS = 0.0248256, max = 0.0408981 (LShoulder)
[2024-10-09 18:10:09.262] [info] Frame 228 (t = 7.63333):	 total squared error = 0.0116188, marker error: RMS = 0.0247288, max = 0.0406013 (LHeel)
[2024-10-09 18:10:09.333] [info] Frame 229 (t = 7.66667):	 total squared error = 0.0116235, marker error: RMS = 0.0247339, max = 0.0416862 (LHeel)
[2024-10-09 18:10:09.376] [info] Frame 230 (t = 7.7):	 total squared error = 0.0117448, marker error: RMS = 0.0248626, max = 0.0428029 (LHeel)
[2024-10-09 18:10:09.455] [info] Frame 231 (t = 7.73333):	 total squared error = 0.0119042, marker error: RMS = 0.0250307, max = 0.0434806 (LHeel)
[2024-10-09 18:10:09.506] [info] Frame 232 (t = 7.76667):	 total squared error = 0.0120275, marker error: RMS = 0.02516, max = 0.0435666 (LHeel)
[2024-10-09 18:10:09.588] [info] Frame 233 (t = 7.8):	 total squared error = 0.0120344, marker error: RMS = 0.0251673, max = 0.0432619 (LHeel)
[2024-10-09 18:10:09.682] [info] Frame 234 (t = 7.83333):	 total squared error = 0.011894, marker error: RMS = 0.0250200, max = 0.0427681 (LHeel)
[2024-10-09 18:10:09.744] [info] Frame 235 (t = 7.86667):	 total squared error = 0.0115989, marker error: RMS = 0.0247076, max = 0.0422967 (LHeel)
[2024-10-09 18:10:09.837] [info] Frame 236 (t = 7.9):	 total squared error = 0.0112035, marker error: RMS = 0.0242829, max = 0.0419363 (LHeel)
[2024-10-09 18:10:09.885] [info] Frame 237 (t = 7.93333):	 total squared error = 0.0108376, marker error: RMS = 0.023883, max = 0.041659 (LHeel)
[2024-10-09 18:10:09.904] [info] Frame 238 (t = 7.96667):	 total squared error = 0.0105678, marker error: RMS = 0.0235839, max = 0.0413626 (LHeel)
[2024-10-09 18:10:09.918] [info] Frame 239 (t = 8.0):	 total squared error = 0.0104068, marker error: RMS = 0.0234036, max = 0.0409674 (LHeel)
[2024-10-09 18:10:09.971] [info] Frame 240 (t = 8.03333):	 total squared error = 0.0103159, marker error: RMS = 0.0233011, max = 0.0403505 (LHeel)
[2024-10-09 18:10:10.024] [info] Frame 241 (t = 8.06667):	 total squared error = 0.0102793, marker error: RMS = 0.0232598, max = 0.0395777 (LHeel)
[2024-10-09 18:10:10.103] [info] Frame 242 (t = 8.1):	 total squared error = 0.0102550, marker error: RMS = 0.0232322, max = 0.0388195 (LHeel)
[2024-10-09 18:10:10.185] [info] Frame 243 (t = 8.13333):	 total squared error = 0.0102323, marker error: RMS = 0.0232065, max = 0.0382443 (LHeel)
[2024-10-09 18:10:10.256] [info] Frame 244 (t = 8.16667):	 total squared error = 0.0102135, marker error: RMS = 0.0231851, max = 0.0378886 (LHeel)
[2024-10-09 18:10:10.292] [info] Frame 245 (t = 8.2):	 total squared error = 0.0102250, marker error: RMS = 0.0231982, max = 0.0377721 (LHeel)
[2024-10-09 18:10:10.380] [info] Frame 246 (t = 8.23333):	 total squared error = 0.0101847, marker error: RMS = 0.0231525, max = 0.0372311 (LHeel)
[2024-10-09 18:10:10.431] [info] Frame 247 (t = 8.26667):	 total squared error = 0.0101935, marker error: RMS = 0.0231625, max = 0.0365477 (LHeel)
[2024-10-09 18:10:10.447] [info] Frame 248 (t = 8.3):	 total squared error = 0.0102520, marker error: RMS = 0.0232288, max = 0.0351074 (LHeel)
[2024-10-09 18:10:10.467] [info] Frame 249 (t = 8.33333):	 total squared error = 0.0104143, marker error: RMS = 0.023412, max = 0.0347244 (LShoulder)
[2024-10-09 18:10:10.555] [info] Frame 250 (t = 8.36667):	 total squared error = 0.0106824, marker error: RMS = 0.0237114, max = 0.0384155 (LShoulder)
[2024-10-09 18:10:10.624] [info] Frame 251 (t = 8.4):	 total squared error = 0.0112617, marker error: RMS = 0.0243459, max = 0.0428066 (LShoulder)
[2024-10-09 18:10:10.696] [info] Frame 252 (t = 8.43333):	 total squared error = 0.0120747, marker error: RMS = 0.0252093, max = 0.0470783 (LShoulder)
[2024-10-09 18:10:10.717] [info] Frame 253 (t = 8.46667):	 total squared error = 0.0129374, marker error: RMS = 0.0260944, max = 0.0509467 (LShoulder)
[2024-10-09 18:10:10.799] [info] Frame 254 (t = 8.5):	 total squared error = 0.0134849, marker error: RMS = 0.0266408, max = 0.0515155 (LShoulder)
[2024-10-09 18:10:10.859] [info] Frame 255 (t = 8.53333):	 total squared error = 0.0137578, marker error: RMS = 0.0269090, max = 0.0511636 (LShoulder)
[2024-10-09 18:10:10.909] [info] Frame 256 (t = 8.56667):	 total squared error = 0.0137751, marker error: RMS = 0.026926, max = 0.0502531 (LShoulder)
[2024-10-09 18:10:10.983] [info] Frame 257 (t = 8.6):	 total squared error = 0.0136922, marker error: RMS = 0.0268448, max = 0.0493107 (LShoulder)
[2024-10-09 18:10:11.072] [info] Frame 258 (t = 8.63333):	 total squared error = 0.0136121, marker error: RMS = 0.0267661, max = 0.0493315 (LShoulder)
[2024-10-09 18:10:11.139] [info] Frame 259 (t = 8.66667):	 total squared error = 0.0135994, marker error: RMS = 0.0267537, max = 0.0501388 (LShoulder)
[2024-10-09 18:10:11.192] [info] Frame 260 (t = 8.7):	 total squared error = 0.0136258, marker error: RMS = 0.0267796, max = 0.0514431 (LShoulder)
[2024-10-09 18:10:11.235] [info] Frame 261 (t = 8.73333):	 total squared error = 0.0136781, marker error: RMS = 0.0268309, max = 0.0525048 (LShoulder)
[2024-10-09 18:10:11.309] [info] Frame 262 (t = 8.76667):	 total squared error = 0.0137589, marker error: RMS = 0.0269101, max = 0.0530087 (LShoulder)
[2024-10-09 18:10:11.352] [info] Frame 263 (t = 8.8):	 total squared error = 0.0138824, marker error: RMS = 0.0270306, max = 0.0532871 (LShoulder)
[2024-10-09 18:10:11.434] [info] Frame 264 (t = 8.83333):	 total squared error = 0.0140327, marker error: RMS = 0.0271765, max = 0.0531131 (LShoulder)
[2024-10-09 18:10:11.487] [info] Frame 265 (t = 8.86667):	 total squared error = 0.0141872, marker error: RMS = 0.0273257, max = 0.0529661 (LShoulder)
[2024-10-09 18:10:11.570] [info] Frame 266 (t = 8.9):	 total squared error = 0.0142328, marker error: RMS = 0.0273696, max = 0.0527331 (LShoulder)
[2024-10-09 18:10:11.621] [info] Frame 267 (t = 8.93333):	 total squared error = 0.014193, marker error: RMS = 0.0273313, max = 0.0520020 (LShoulder)
[2024-10-09 18:10:11.678] [info] Frame 268 (t = 8.96667):	 total squared error = 0.0139007, marker error: RMS = 0.0270484, max = 0.0510851 (LShoulder)
[2024-10-09 18:10:11.768] [info] Frame 269 (t = 9.0):	 total squared error = 0.0134132, marker error: RMS = 0.0265699, max = 0.0492988 (LShoulder)
[2024-10-09 18:10:11.843] [info] Frame 270 (t = 9.03333):	 total squared error = 0.0127165, marker error: RMS = 0.0258707, max = 0.0468535 (LShoulder)
[2024-10-09 18:10:11.909] [info] Frame 271 (t = 9.06667):	 total squared error = 0.0119649, marker error: RMS = 0.0250945, max = 0.0443949 (LShoulder)
[2024-10-09 18:10:12.011] [info] Frame 272 (t = 9.1):	 total squared error = 0.0113603, marker error: RMS = 0.0244522, max = 0.0426921 (LShoulder)
[2024-10-09 18:10:12.092] [info] Frame 273 (t = 9.13333):	 total squared error = 0.0110156, marker error: RMS = 0.0240784, max = 0.0419109 (LShoulder)
[2024-10-09 18:10:12.198] [info] Frame 274 (t = 9.16667):	 total squared error = 0.0109661, marker error: RMS = 0.0240242, max = 0.0421362 (LShoulder)
[2024-10-09 18:10:12.275] [info] Frame 275 (t = 9.2):	 total squared error = 0.0112312, marker error: RMS = 0.0243129, max = 0.0432284 (LShoulder)
[2024-10-09 18:10:12.358] [info] Frame 276 (t = 9.23333):	 total squared error = 0.011776, marker error: RMS = 0.0248956, max = 0.0452323 (LShoulder)
[2024-10-09 18:10:12.413] [info] Frame 277 (t = 9.26667):	 total squared error = 0.0124925, marker error: RMS = 0.0256417, max = 0.0478925 (LShoulder)
[2024-10-09 18:10:12.504] [info] Frame 278 (t = 9.3):	 total squared error = 0.0131703, marker error: RMS = 0.0263282, max = 0.0506308 (LShoulder)
[2024-10-09 18:10:12.575] [info] Frame 279 (t = 9.33333):	 total squared error = 0.0137177, marker error: RMS = 0.0268697, max = 0.052952 (LShoulder)
[2024-10-09 18:10:12.645] [info] Frame 280 (t = 9.36667):	 total squared error = 0.0140743, marker error: RMS = 0.0272167, max = 0.0544827 (LShoulder)
[2024-10-09 18:10:12.699] [info] Frame 281 (t = 9.4):	 total squared error = 0.014267, marker error: RMS = 0.0274024, max = 0.05537 (LShoulder)
[2024-10-09 18:10:12.747] [info] Frame 282 (t = 9.43333):	 total squared error = 0.014273, marker error: RMS = 0.0274082, max = 0.0555936 (LShoulder)
[2024-10-09 18:10:12.795] [info] Frame 283 (t = 9.46667):	 total squared error = 0.0141148, marker error: RMS = 0.0272559, max = 0.0551533 (LShoulder)
[2024-10-09 18:10:12.845] [info] Frame 284 (t = 9.5):	 total squared error = 0.0137542, marker error: RMS = 0.0269055, max = 0.0540343 (LShoulder)
[2024-10-09 18:10:12.889] [info] Frame 285 (t = 9.53333):	 total squared error = 0.0131653, marker error: RMS = 0.0263232, max = 0.0517026 (LShoulder)
[2024-10-09 18:10:12.908] [info] Frame 286 (t = 9.56667):	 total squared error = 0.012339, marker error: RMS = 0.0254837, max = 0.0477777 (LShoulder)
[2024-10-09 18:10:13.003] [info] Frame 287 (t = 9.6):	 total squared error = 0.0113586, marker error: RMS = 0.0244503, max = 0.0429729 (LShoulder)
[2024-10-09 18:10:13.022] [info] Frame 288 (t = 9.63333):	 total squared error = 0.0104626, marker error: RMS = 0.0234662, max = 0.0372009 (LShoulder)
[2024-10-09 18:10:13.064] [info] Frame 289 (t = 9.66667):	 total squared error = 0.00984281, marker error: RMS = 0.0227606, max = 0.0336385 (LHeel)
[2024-10-09 18:10:13.083] [info] Frame 290 (t = 9.7):	 total squared error = 0.00956628, marker error: RMS = 0.0224385, max = 0.0330318 (LHeel)
[2024-10-09 18:10:13.155] [info] Frame 291 (t = 9.73333):	 total squared error = 0.00955266, marker error: RMS = 0.0224226, max = 0.0329282 (LHeel)
[2024-10-09 18:10:13.215] [info] Frame 292 (t = 9.76667):	 total squared error = 0.00983956, marker error: RMS = 0.0227568, max = 0.0333235 (LShoulder)
[2024-10-09 18:10:13.237] [info] Frame 293 (t = 9.8):	 total squared error = 0.0103967, marker error: RMS = 0.0233922, max = 0.0368471 (LShoulder)
[2024-10-09 18:10:13.268] [info] Frame 294 (t = 9.83333):	 total squared error = 0.0110567, marker error: RMS = 0.0241233, max = 0.0406994 (LShoulder)
[2024-10-09 18:10:13.346] [info] Frame 295 (t = 9.86667):	 total squared error = 0.0118017, marker error: RMS = 0.0249227, max = 0.044177 (LShoulder)
[2024-10-09 18:10:13.365] [info] Frame 296 (t = 9.9):	 total squared error = 0.0125556, marker error: RMS = 0.0257065, max = 0.0474254 (LShoulder)
[2024-10-09 18:10:13.401] [info] Frame 297 (t = 9.93333):	 total squared error = 0.0131705, marker error: RMS = 0.0263284, max = 0.049441 (LShoulder)
[2024-10-09 18:10:13.520] [info] Frame 298 (t = 9.96667):	 total squared error = 0.0136615, marker error: RMS = 0.0268147, max = 0.0500904 (LShoulder)
[2024-10-09 18:10:13.588] [info] Frame 299 (t = 10.0):	 total squared error = 0.0142408, marker error: RMS = 0.0273773, max = 0.0506120 (LShoulder)
[2024-10-09 18:10:13.646] [info] Frame 300 (t = 10.0333):	 total squared error = 0.0149556, marker error: RMS = 0.0280559, max = 0.0514833 (LShoulder)
[2024-10-09 18:10:13.712] [info] Frame 301 (t = 10.0667):	 total squared error = 0.0156486, marker error: RMS = 0.0286987, max = 0.0525945 (LShoulder)
[2024-10-09 18:10:13.809] [info] Frame 302 (t = 10.1):	 total squared error = 0.0160568, marker error: RMS = 0.0290705, max = 0.0537212 (LShoulder)
[2024-10-09 18:10:13.865] [info] Frame 303 (t = 10.1333):	 total squared error = 0.0160944, marker error: RMS = 0.0291045, max = 0.0546050 (LShoulder)
[2024-10-09 18:10:13.910] [info] Frame 304 (t = 10.1667):	 total squared error = 0.015828, marker error: RMS = 0.0288627, max = 0.0551836 (LShoulder)
[2024-10-09 18:10:13.957] [info] Frame 305 (t = 10.2):	 total squared error = 0.015372, marker error: RMS = 0.0284438, max = 0.0554424 (LShoulder)
[2024-10-09 18:10:14.016] [info] Frame 306 (t = 10.2333):	 total squared error = 0.0148341, marker error: RMS = 0.0279418, max = 0.0554947 (LShoulder)
[2024-10-09 18:10:14.038] [info] Frame 307 (t = 10.2667):	 total squared error = 0.0143151, marker error: RMS = 0.0274486, max = 0.0554588 (LShoulder)
[2024-10-09 18:10:14.124] [info] Frame 308 (t = 10.3):	 total squared error = 0.0139198, marker error: RMS = 0.0270670, max = 0.0553806 (LShoulder)
[2024-10-09 18:10:14.150] [info] Frame 309 (t = 10.3333):	 total squared error = 0.0136718, marker error: RMS = 0.0268248, max = 0.0551444 (LShoulder)
[2024-10-09 18:10:14.214] [info] Frame 310 (t = 10.3667):	 total squared error = 0.0135442, marker error: RMS = 0.0266993, max = 0.0552841 (LShoulder)
[2024-10-09 18:10:14.273] [info] Frame 311 (t = 10.4):	 total squared error = 0.0135595, marker error: RMS = 0.0267144, max = 0.0553096 (LShoulder)
[2024-10-09 18:10:14.345] [info] Frame 312 (t = 10.4333):	 total squared error = 0.0136769, marker error: RMS = 0.0268298, max = 0.0553818 (LShoulder)
[2024-10-09 18:10:14.407] [info] Frame 313 (t = 10.4667):	 total squared error = 0.0138694, marker error: RMS = 0.0270179, max = 0.0554095 (LShoulder)
[2024-10-09 18:10:14.482] [info] Frame 314 (t = 10.5):	 total squared error = 0.0140763, marker error: RMS = 0.0272187, max = 0.0554789 (LShoulder)
[2024-10-09 18:10:14.569] [info] Frame 315 (t = 10.5333):	 total squared error = 0.0142559, marker error: RMS = 0.0273918, max = 0.0555697 (LShoulder)
[2024-10-09 18:10:14.599] [info] Frame 316 (t = 10.5667):	 total squared error = 0.0143632, marker error: RMS = 0.0274947, max = 0.0555725 (LShoulder)
[2024-10-09 18:10:14.652] [info] Frame 317 (t = 10.6):	 total squared error = 0.0143849, marker error: RMS = 0.0275155, max = 0.0554481 (LShoulder)
[2024-10-09 18:10:14.701] [info] Frame 318 (t = 10.6333):	 total squared error = 0.0143462, marker error: RMS = 0.0274784, max = 0.0552618 (LShoulder)
[2024-10-09 18:10:14.735] [info] Frame 319 (t = 10.6667):	 total squared error = 0.0142806, marker error: RMS = 0.0274155, max = 0.0550834 (LShoulder)
[2024-10-09 18:10:14.795] [info] Frame 320 (t = 10.7):	 total squared error = 0.01416, marker error: RMS = 0.0272995, max = 0.0549561 (LShoulder)
[2024-10-09 18:10:14.860] [info] Frame 321 (t = 10.7333):	 total squared error = 0.0140759, marker error: RMS = 0.0272183, max = 0.0547413 (LShoulder)
[2024-10-09 18:10:14.938] [info] Frame 322 (t = 10.7667):	 total squared error = 0.0139991, marker error: RMS = 0.027144, max = 0.0544267 (LShoulder)
[2024-10-09 18:10:14.991] [info] Frame 323 (t = 10.8):	 total squared error = 0.0139587, marker error: RMS = 0.0271047, max = 0.0538953 (LShoulder)
[2024-10-09 18:10:15.039] [info] Frame 324 (t = 10.8333):	 total squared error = 0.0139482, marker error: RMS = 0.0270946, max = 0.0532944 (LShoulder)
[2024-10-09 18:10:15.134] [info] Frame 325 (t = 10.8667):	 total squared error = 0.0139512, marker error: RMS = 0.0270975, max = 0.0520433 (LShoulder)
[2024-10-09 18:10:15.222] [info] Frame 326 (t = 10.9):	 total squared error = 0.0140018, marker error: RMS = 0.0271466, max = 0.0511746 (LShoulder)
[2024-10-09 18:10:15.295] [info] Frame 327 (t = 10.9333):	 total squared error = 0.0140858, marker error: RMS = 0.0272279, max = 0.0509366 (LShoulder)
[2024-10-09 18:10:15.421] [info] Frame 328 (t = 10.9667):	 total squared error = 0.0142169, marker error: RMS = 0.0273543, max = 0.0515241 (LShoulder)
[2024-10-09 18:10:15.500] [info] Frame 329 (t = 11.0):	 total squared error = 0.0143882, marker error: RMS = 0.0275186, max = 0.0527413 (LShoulder)
[2024-10-09 18:10:15.537] [info] Frame 330 (t = 11.0333):	 total squared error = 0.014548, marker error: RMS = 0.027671, max = 0.0540303 (LShoulder)
[2024-10-09 18:10:15.597] [info] Frame 331 (t = 11.0667):	 total squared error = 0.0146639, marker error: RMS = 0.027781, max = 0.0548677 (LShoulder)
[2024-10-09 18:10:15.647] [info] Frame 332 (t = 11.1):	 total squared error = 0.0146838, marker error: RMS = 0.0277998, max = 0.0555673 (LShoulder)
[2024-10-09 18:10:15.721] [info] Frame 333 (t = 11.1333):	 total squared error = 0.0146139, marker error: RMS = 0.0277336, max = 0.0557077 (LShoulder)
[2024-10-09 18:10:15.818] [info] Frame 334 (t = 11.1667):	 total squared error = 0.0144911, marker error: RMS = 0.0276168, max = 0.0557447 (LShoulder)
[2024-10-09 18:10:15.848] [info] Frame 335 (t = 11.2):	 total squared error = 0.0143012, marker error: RMS = 0.0274353, max = 0.0555263 (LShoulder)
[2024-10-09 18:10:15.898] [info] Frame 336 (t = 11.2333):	 total squared error = 0.0140741, marker error: RMS = 0.0272166, max = 0.0554746 (LShoulder)
[2024-10-09 18:10:15.934] [info] Frame 337 (t = 11.2667):	 total squared error = 0.0138492, marker error: RMS = 0.0269982, max = 0.0555737 (LShoulder)
[2024-10-09 18:10:15.965] [info] Frame 338 (t = 11.3):	 total squared error = 0.0136964, marker error: RMS = 0.0268489, max = 0.0557003 (LShoulder)
[2024-10-09 18:10:15.982] [info] Frame 339 (t = 11.3333):	 total squared error = 0.0135985, marker error: RMS = 0.0267528, max = 0.0557676 (LShoulder)
[2024-10-09 18:10:16.014] [info] Frame 340 (t = 11.3667):	 total squared error = 0.0135122, marker error: RMS = 0.0266678, max = 0.0554978 (LShoulder)
[2024-10-09 18:10:16.046] [info] Frame 341 (t = 11.4):	 total squared error = 0.0134384, marker error: RMS = 0.0265948, max = 0.0549651 (LShoulder)
[2024-10-09 18:10:16.077] [info] Frame 342 (t = 11.4333):	 total squared error = 0.0133681, marker error: RMS = 0.0265252, max = 0.0539522 (LShoulder)
[2024-10-09 18:10:16.150] [info] Frame 343 (t = 11.4667):	 total squared error = 0.0130881, marker error: RMS = 0.0262459, max = 0.0533049 (LShoulder)
[2024-10-09 18:10:16.181] [info] Frame 344 (t = 11.5):	 total squared error = 0.0127786, marker error: RMS = 0.0259337, max = 0.051273 (LShoulder)
[2024-10-09 18:10:16.273] [info] Frame 345 (t = 11.5333):	 total squared error = 0.0123396, marker error: RMS = 0.0254844, max = 0.049291 (LShoulder)
[2024-10-09 18:10:16.309] [info] Frame 346 (t = 11.5667):	 total squared error = 0.0119515, marker error: RMS = 0.0250804, max = 0.0467262 (LShoulder)
[2024-10-09 18:10:16.338] [info] Frame 347 (t = 11.6):	 total squared error = 0.0116789, marker error: RMS = 0.0247928, max = 0.0443798 (LShoulder)
[2024-10-09 18:10:16.419] [info] Frame 348 (t = 11.6333):	 total squared error = 0.0114373, marker error: RMS = 0.0245349, max = 0.0420424 (LShoulder)
[2024-10-09 18:10:16.452] [info] Frame 349 (t = 11.6667):	 total squared error = 0.0112623, marker error: RMS = 0.0243465, max = 0.0400400 (LShoulder)
[2024-10-09 18:10:16.473] [info] Frame 350 (t = 11.7):	 total squared error = 0.0110756, marker error: RMS = 0.0241438, max = 0.0387565 (LHeel)
[2024-10-09 18:10:16.500] [info] Frame 351 (t = 11.7333):	 total squared error = 0.0110370, marker error: RMS = 0.0241018, max = 0.0385419 (LShoulder)
[2024-10-09 18:10:16.525] [info] Frame 352 (t = 11.7667):	 total squared error = 0.0113080, marker error: RMS = 0.0243959, max = 0.0402985 (LShoulder)
[2024-10-09 18:10:16.590] [info] Frame 353 (t = 11.8):	 total squared error = 0.0118844, marker error: RMS = 0.0250099, max = 0.0427121 (LShoulder)
[2024-10-09 18:10:16.651] [info] Frame 354 (t = 11.8333):	 total squared error = 0.0126136, marker error: RMS = 0.0257657, max = 0.0453227 (LShoulder)
[2024-10-09 18:10:16.715] [info] Frame 355 (t = 11.8667):	 total squared error = 0.0132116, marker error: RMS = 0.0263694, max = 0.0471906 (LShoulder)
[2024-10-09 18:10:16.753] [info] Frame 356 (t = 11.9):	 total squared error = 0.0135012, marker error: RMS = 0.0266569, max = 0.0481305 (LShoulder)
[2024-10-09 18:10:16.787] [info] Frame 357 (t = 11.9333):	 total squared error = 0.0133692, marker error: RMS = 0.0265263, max = 0.0480805 (LShoulder)
[2024-10-09 18:10:16.837] [info] Frame 358 (t = 11.9667):	 total squared error = 0.0127070, marker error: RMS = 0.025861, max = 0.046617 (LShoulder)
[2024-10-09 18:10:16.924] [info] Frame 359 (t = 12.0):	 total squared error = 0.0114045, marker error: RMS = 0.0244997, max = 0.0440347 (LShoulder)
[2024-10-09 18:10:17.002] [info] Frame 360 (t = 12.0333):	 total squared error = 0.00966778, marker error: RMS = 0.0225573, max = 0.0398424 (LShoulder)
[2024-10-09 18:10:17.108] [info] Frame 361 (t = 12.0667):	 total squared error = 0.00802985, marker error: RMS = 0.0205578, max = 0.0357947 (RShoulder)
[2024-10-09 18:10:17.178] [info] Frame 362 (t = 12.1):	 total squared error = 0.00699613, marker error: RMS = 0.019189, max = 0.0324793 (RShoulder)
[2024-10-09 18:10:17.244] [info] Frame 363 (t = 12.1333):	 total squared error = 0.00654014, marker error: RMS = 0.0185531, max = 0.0304016 (RShoulder)
[2024-10-09 18:10:17.314] [info] Frame 364 (t = 12.1667):	 total squared error = 0.00635011, marker error: RMS = 0.0182816, max = 0.0302930 (RShoulder)
[2024-10-09 18:10:17.370] [info] Frame 365 (t = 12.2):	 total squared error = 0.00642964, marker error: RMS = 0.0183957, max = 0.0318635 (RShoulder)
[2024-10-09 18:10:17.431] [info] Frame 366 (t = 12.2333):	 total squared error = 0.00693516, marker error: RMS = 0.0191052, max = 0.034375 (RShoulder)
[2024-10-09 18:10:17.486] [info] Frame 367 (t = 12.2667):	 total squared error = 0.00776779, marker error: RMS = 0.0202196, max = 0.0370260 (RShoulder)
[2024-10-09 18:10:17.540] [info] Frame 368 (t = 12.3):	 total squared error = 0.00849037, marker error: RMS = 0.0211391, max = 0.0394778 (LShoulder)
[2024-10-09 18:10:17.574] [info] Frame 369 (t = 12.3333):	 total squared error = 0.00871268, marker error: RMS = 0.0214141, max = 0.0406898 (RShoulder)
[2024-10-09 18:10:17.644] [info] Frame 370 (t = 12.3667):	 total squared error = 0.00836640, marker error: RMS = 0.0209842, max = 0.0407200 (RShoulder)
[2024-10-09 18:10:17.708] [info] Frame 371 (t = 12.4):	 total squared error = 0.00756683, marker error: RMS = 0.0199563, max = 0.0396083 (LShoulder)
[2024-10-09 18:10:17.742] [info] Frame 372 (t = 12.4333):	 total squared error = 0.00653988, marker error: RMS = 0.0185527, max = 0.0376065 (RShoulder)
[2024-10-09 18:10:17.779] [info] Frame 373 (t = 12.4667):	 total squared error = 0.00551646, marker error: RMS = 0.0170394, max = 0.0356070 (LShoulder)
[2024-10-09 18:10:17.842] [info] Frame 374 (t = 12.5):	 total squared error = 0.00481223, marker error: RMS = 0.0159146, max = 0.0334031 (LShoulder)
[2024-10-09 18:10:17.882] [info] Frame 375 (t = 12.5333):	 total squared error = 0.00455154, marker error: RMS = 0.0154776, max = 0.0316869 (LShoulder)
[2024-10-09 18:10:17.970] [info] Frame 376 (t = 12.5667):	 total squared error = 0.00468081, marker error: RMS = 0.0156958, max = 0.0315618 (LShoulder)
[2024-10-09 18:10:18.011] [info] Frame 377 (t = 12.6):	 total squared error = 0.00511989, marker error: RMS = 0.0164155, max = 0.0329332 (LShoulder)
[2024-10-09 18:10:18.088] [info] Frame 378 (t = 12.6333):	 total squared error = 0.00569166, marker error: RMS = 0.0173078, max = 0.0350369 (LShoulder)
[2024-10-09 18:10:18.158] [info] Frame 379 (t = 12.6667):	 total squared error = 0.00619320, marker error: RMS = 0.0180543, max = 0.0372822 (LShoulder)
[2024-10-09 18:10:18.216] [info] Frame 380 (t = 12.7):	 total squared error = 0.00650066, marker error: RMS = 0.018497, max = 0.0386251 (LShoulder)
[2024-10-09 18:10:18.279] [info] Frame 381 (t = 12.7333):	 total squared error = 0.00664676, marker error: RMS = 0.0187037, max = 0.039441 (RShoulder)
[2024-10-09 18:10:18.321] [info] Frame 382 (t = 12.7667):	 total squared error = 0.00658619, marker error: RMS = 0.0186183, max = 0.0392727 (RShoulder)
[2024-10-09 18:10:18.375] [info] Frame 383 (t = 12.8):	 total squared error = 0.00622357, marker error: RMS = 0.0180985, max = 0.0377882 (RShoulder)
[2024-10-09 18:10:18.529] [info] Frame 384 (t = 12.8333):	 total squared error = 0.00570007, marker error: RMS = 0.0173206, max = 0.0354597 (RShoulder)
[2024-10-09 18:10:18.609] [info] Frame 385 (t = 12.8667):	 total squared error = 0.00533338, marker error: RMS = 0.0167542, max = 0.033174 (RShoulder)
[2024-10-09 18:10:18.701] [info] Frame 386 (t = 12.9):	 total squared error = 0.00529684, marker error: RMS = 0.0166967, max = 0.0314222 (RShoulder)
[2024-10-09 18:10:18.758] [info] Frame 387 (t = 12.9333):	 total squared error = 0.00557118, marker error: RMS = 0.0171237, max = 0.0307287 (RShoulder)
[2024-10-09 18:10:18.835] [info] Frame 388 (t = 12.9667):	 total squared error = 0.00588116, marker error: RMS = 0.0175936, max = 0.0310165 (RShoulder)
[2024-10-09 18:10:18.891] [info] Frame 389 (t = 13.0):	 total squared error = 0.00600685, marker error: RMS = 0.0177806, max = 0.0322455 (RShoulder)
[2024-10-09 18:10:18.959] [info] Frame 390 (t = 13.0333):	 total squared error = 0.00599842, marker error: RMS = 0.0177681, max = 0.0336356 (RShoulder)
[2024-10-09 18:10:19.029] [info] Frame 391 (t = 13.0667):	 total squared error = 0.00597923, marker error: RMS = 0.0177397, max = 0.0346798 (RShoulder)
[2024-10-09 18:10:19.070] [info] Frame 392 (t = 13.1):	 total squared error = 0.00600357, marker error: RMS = 0.0177758, max = 0.0350615 (RShoulder)
[2024-10-09 18:10:19.121] [info] Frame 393 (t = 13.1333):	 total squared error = 0.00603739, marker error: RMS = 0.0178257, max = 0.0352182 (RShoulder)
[2024-10-09 18:10:19.167] [info] Frame 394 (t = 13.1667):	 total squared error = 0.00607752, marker error: RMS = 0.0178849, max = 0.0349883 (RShoulder)
[2024-10-09 18:10:19.229] [info] Frame 395 (t = 13.2):	 total squared error = 0.00592935, marker error: RMS = 0.0176655, max = 0.0345938 (RShoulder)
[2024-10-09 18:10:19.284] [info] Frame 396 (t = 13.2333):	 total squared error = 0.00567930, marker error: RMS = 0.017289, max = 0.0342141 (RShoulder)
[2024-10-09 18:10:19.418] [info] Frame 397 (t = 13.2667):	 total squared error = 0.00553687, marker error: RMS = 0.0170709, max = 0.0336404 (RShoulder)
[2024-10-09 18:10:19.465] [info] Frame 398 (t = 13.3):	 total squared error = 0.00554333, marker error: RMS = 0.0170808, max = 0.0326903 (RShoulder)
[2024-10-09 18:10:19.509] [info] Frame 399 (t = 13.3333):	 total squared error = 0.00555546, marker error: RMS = 0.0170995, max = 0.0314924 (RShoulder)
[2024-10-09 18:10:19.580] [info] Frame 400 (t = 13.3667):	 total squared error = 0.00543784, marker error: RMS = 0.0169175, max = 0.0301850 (RShoulder)
[2024-10-09 18:10:19.646] [info] Frame 401 (t = 13.4):	 total squared error = 0.00516310, marker error: RMS = 0.0164846, max = 0.0300553 (Neck)
[2024-10-09 18:10:19.726] [info] Frame 402 (t = 13.4333):	 total squared error = 0.00490002, marker error: RMS = 0.0160591, max = 0.0302321 (Neck)
[2024-10-09 18:10:19.804] [info] Frame 403 (t = 13.4667):	 total squared error = 0.00480845, marker error: RMS = 0.0159084, max = 0.0306049 (Neck)
[2024-10-09 18:10:19.849] [info] Frame 404 (t = 13.5):	 total squared error = 0.00485276, marker error: RMS = 0.0159815, max = 0.0312745 (Neck)
[2024-10-09 18:10:19.911] [info] Frame 405 (t = 13.5333):	 total squared error = 0.00491517, marker error: RMS = 0.0160839, max = 0.0321939 (Neck)
[2024-10-09 18:10:19.964] [info] Frame 406 (t = 13.5667):	 total squared error = 0.00490967, marker error: RMS = 0.0160749, max = 0.0328137 (Neck)
[2024-10-09 18:10:20.030] [info] Frame 407 (t = 13.6):	 total squared error = 0.00480639, marker error: RMS = 0.0159050, max = 0.032892 (Neck)
[2024-10-09 18:10:20.082] [info] Frame 408 (t = 13.6333):	 total squared error = 0.00462922, marker error: RMS = 0.0156091, max = 0.0325193 (Neck)
[2024-10-09 18:10:20.139] [info] Frame 409 (t = 13.6667):	 total squared error = 0.00461131, marker error: RMS = 0.0155788, max = 0.0320814 (Neck)
[2024-10-09 18:10:20.194] [info] Frame 410 (t = 13.7):	 total squared error = 0.00495126, marker error: RMS = 0.0161429, max = 0.0317423 (Neck)
[2024-10-09 18:10:20.253] [info] Frame 411 (t = 13.7333):	 total squared error = 0.00546309, marker error: RMS = 0.0169567, max = 0.0314008 (Neck)
[2024-10-09 18:10:20.311] [info] Frame 412 (t = 13.7667):	 total squared error = 0.00571051, marker error: RMS = 0.0173365, max = 0.0304711 (Neck)
[2024-10-09 18:10:20.365] [info] Frame 413 (t = 13.8):	 total squared error = 0.00569585, marker error: RMS = 0.0173142, max = 0.0296801 (LShoulder)
[2024-10-09 18:10:20.414] [info] Frame 414 (t = 13.8333):	 total squared error = 0.00568987, marker error: RMS = 0.0173051, max = 0.0297991 (LKnee)
[2024-10-09 18:10:20.481] [info] Frame 415 (t = 13.8667):	 total squared error = 0.00570405, marker error: RMS = 0.0173267, max = 0.0322841 (LKnee)
[2024-10-09 18:10:20.544] [info] Frame 416 (t = 13.9):	 total squared error = 0.00573237, marker error: RMS = 0.0173696, max = 0.0343408 (LKnee)
[2024-10-09 18:10:20.608] [info] Frame 417 (t = 13.9333):	 total squared error = 0.00583141, marker error: RMS = 0.017519, max = 0.0353203 (LKnee)
[2024-10-09 18:10:20.671] [info] Frame 418 (t = 13.9667):	 total squared error = 0.00604013, marker error: RMS = 0.0178298, max = 0.0348329 (LKnee)
[2024-10-09 18:10:20.710] [info] Frame 419 (t = 14.0):	 total squared error = 0.00618156, marker error: RMS = 0.0180373, max = 0.0323146 (LKnee)
[2024-10-09 18:10:20.768] [info] Frame 420 (t = 14.0333):	 total squared error = 0.00592867, marker error: RMS = 0.0176645, max = 0.0293079 (RKnee)
[2024-10-09 18:10:20.806] [info] Frame 421 (t = 14.0667):	 total squared error = 0.00518821, marker error: RMS = 0.0165246, max = 0.0292483 (RKnee)
[2024-10-09 18:10:20.873] [info] Frame 422 (t = 14.1):	 total squared error = 0.00432619, marker error: RMS = 0.0150895, max = 0.0288447 (RShoulder)
[2024-10-09 18:10:20.937] [info] Frame 423 (t = 14.1333):	 total squared error = 0.00376627, marker error: RMS = 0.0140792, max = 0.0292551 (RShoulder)
[2024-10-09 18:10:20.986] [info] Frame 424 (t = 14.1667):	 total squared error = 0.00355703, marker error: RMS = 0.0136826, max = 0.0298947 (LShoulder)
[2024-10-09 18:10:21.030] [info] Frame 425 (t = 14.2):	 total squared error = 0.00357123, marker error: RMS = 0.0137098, max = 0.0304094 (LShoulder)
[2024-10-09 18:10:21.087] [info] Frame 426 (t = 14.2333):	 total squared error = 0.00384393, marker error: RMS = 0.0142236, max = 0.0310311 (RShoulder)
[2024-10-09 18:10:21.139] [info] Frame 427 (t = 14.2667):	 total squared error = 0.00435471, marker error: RMS = 0.0151392, max = 0.0316756 (RShoulder)
[2024-10-09 18:10:21.196] [info] Frame 428 (t = 14.3):	 total squared error = 0.00481921, marker error: RMS = 0.0159262, max = 0.0319508 (RShoulder)
[2024-10-09 18:10:21.260] [info] Frame 429 (t = 14.3333):	 total squared error = 0.00497482, marker error: RMS = 0.0161812, max = 0.0317187 (RShoulder)
[2024-10-09 18:10:21.312] [info] Frame 430 (t = 14.3667):	 total squared error = 0.00494596, marker error: RMS = 0.0161342, max = 0.0312159 (RShoulder)
[2024-10-09 18:10:21.378] [info] Frame 431 (t = 14.4):	 total squared error = 0.00489724, marker error: RMS = 0.0160546, max = 0.0299145 (RShoulder)
[2024-10-09 18:10:21.454] [info] Frame 432 (t = 14.4333):	 total squared error = 0.00490713, marker error: RMS = 0.0160708, max = 0.0284509 (RShoulder)
[2024-10-09 18:10:21.525] [info] Frame 433 (t = 14.4667):	 total squared error = 0.00503271, marker error: RMS = 0.0162751, max = 0.0268115 (RKnee)
[2024-10-09 18:10:21.580] [info] Frame 434 (t = 14.5):	 total squared error = 0.00534301, marker error: RMS = 0.0167694, max = 0.0316256 (RKnee)
[2024-10-09 18:10:21.658] [info] Frame 435 (t = 14.5333):	 total squared error = 0.00571658, marker error: RMS = 0.0173457, max = 0.0360757 (RKnee)
[2024-10-09 18:10:21.699] [info] Frame 436 (t = 14.5667):	 total squared error = 0.00587528, marker error: RMS = 0.0175848, max = 0.0366401 (RKnee)
[2024-10-09 18:10:21.780] [info] Frame 437 (t = 14.6):	 total squared error = 0.00548031, marker error: RMS = 0.0169834, max = 0.0323473 (RKnee)
[2024-10-09 18:10:21.852] [info] Frame 438 (t = 14.6333):	 total squared error = 0.00490177, marker error: RMS = 0.0160620, max = 0.0235020 (RKnee)
[2024-10-09 18:10:21.913] [info] Frame 439 (t = 14.6667):	 total squared error = 0.00458903, marker error: RMS = 0.0155412, max = 0.0233661 (LHeel)
[2024-10-09 18:10:21.977] [info] Frame 440 (t = 14.7):	 total squared error = 0.00448270, marker error: RMS = 0.0153601, max = 0.0228084 (LHeel)
[2024-10-09 18:10:22.037] [info] Frame 441 (t = 14.7333):	 total squared error = 0.00422897, marker error: RMS = 0.014919, max = 0.0241211 (RKnee)
[2024-10-09 18:10:22.084] [info] Frame 442 (t = 14.7667):	 total squared error = 0.00384966, marker error: RMS = 0.0142342, max = 0.0219353 (RKnee)
[2024-10-09 18:10:22.150] [info] Frame 443 (t = 14.8):	 total squared error = 0.00355725, marker error: RMS = 0.013683, max = 0.0218152 (Neck)
[2024-10-09 18:10:22.211] [info] Frame 444 (t = 14.8333):	 total squared error = 0.00342664, marker error: RMS = 0.0134294, max = 0.0217448 (Neck)
[2024-10-09 18:10:22.266] [info] Frame 445 (t = 14.8667):	 total squared error = 0.00339555, marker error: RMS = 0.0133684, max = 0.0217081 (RHeel)
[2024-10-09 18:10:22.340] [info] Frame 446 (t = 14.9):	 total squared error = 0.00350722, marker error: RMS = 0.0135864, max = 0.022348 (RHeel)
[2024-10-09 18:10:22.400] [info] Frame 447 (t = 14.9333):	 total squared error = 0.00377825, marker error: RMS = 0.0141016, max = 0.0225357 (RHeel)
[2024-10-09 18:10:22.457] [info] Frame 448 (t = 14.9667):	 total squared error = 0.00383282, marker error: RMS = 0.0142031, max = 0.0227424 (RHeel)
[2024-10-09 18:10:22.504] [info] Frame 449 (t = 15.0):	 total squared error = 0.00348911, marker error: RMS = 0.0135513, max = 0.0229269 (RHeel)
[2024-10-09 18:10:22.553] [info] Frame 450 (t = 15.0333):	 total squared error = 0.00323446, marker error: RMS = 0.0130474, max = 0.022247 (RHeel)
[2024-10-09 18:10:22.597] [info] Frame 451 (t = 15.0667):	 total squared error = 0.00342043, marker error: RMS = 0.0134173, max = 0.0209009 (RHeel)
[2024-10-09 18:10:22.665] [info] Frame 452 (t = 15.1):	 total squared error = 0.00374372, marker error: RMS = 0.0140370, max = 0.0260611 (LKnee)
[2024-10-09 18:10:22.749] [info] Frame 453 (t = 15.1333):	 total squared error = 0.00367535, marker error: RMS = 0.0139082, max = 0.025312 (LKnee)
[2024-10-09 18:10:22.816] [info] Frame 454 (t = 15.1667):	 total squared error = 0.00304759, marker error: RMS = 0.0126649, max = 0.0188797 (LHeel)
[2024-10-09 18:10:22.869] [info] Frame 455 (t = 15.2):	 total squared error = 0.00238518, marker error: RMS = 0.0112043, max = 0.0166981 (LShoulder)
[2024-10-09 18:10:22.943] [info] Frame 456 (t = 15.2333):	 total squared error = 0.00225250, marker error: RMS = 0.0108882, max = 0.0177898 (LShoulder)
[2024-10-09 18:10:23.007] [info] Frame 457 (t = 15.2667):	 total squared error = 0.00258162, marker error: RMS = 0.0116565, max = 0.0196625 (LShoulder)
[2024-10-09 18:10:23.065] [info] Frame 458 (t = 15.3):	 total squared error = 0.00293777, marker error: RMS = 0.0124346, max = 0.0219937 (LShoulder)
[2024-10-09 18:10:23.132] [info] Frame 459 (t = 15.3333):	 total squared error = 0.00308962, marker error: RMS = 0.0127519, max = 0.0241347 (LShoulder)
[2024-10-09 18:10:23.199] [info] Frame 460 (t = 15.3667):	 total squared error = 0.00316753, marker error: RMS = 0.0129117, max = 0.0256377 (LShoulder)
[2024-10-09 18:10:23.241] [info] Frame 461 (t = 15.4):	 total squared error = 0.00336060, marker error: RMS = 0.0132994, max = 0.0263472 (LShoulder)
[2024-10-09 18:10:23.320] [info] Frame 462 (t = 15.4333):	 total squared error = 0.00357830, marker error: RMS = 0.0137234, max = 0.0260776 (LShoulder)
[2024-10-09 18:10:23.373] [info] Frame 463 (t = 15.4667):	 total squared error = 0.00371464, marker error: RMS = 0.0139824, max = 0.0252371 (LElbow)
[2024-10-09 18:10:23.441] [info] Frame 464 (t = 15.5):	 total squared error = 0.00369921, marker error: RMS = 0.0139533, max = 0.0240334 (LElbow)
[2024-10-09 18:10:23.492] [info] Frame 465 (t = 15.5333):	 total squared error = 0.00352668, marker error: RMS = 0.0136241, max = 0.0223306 (LShoulder)
[2024-10-09 18:10:23.549] [info] Frame 466 (t = 15.5667):	 total squared error = 0.00320108, marker error: RMS = 0.0129799, max = 0.0228132 (Neck)
[2024-10-09 18:10:23.616] [info] Frame 467 (t = 15.6):	 total squared error = 0.00300212, marker error: RMS = 0.0125701, max = 0.02255 (Neck)
[2024-10-09 18:10:23.690] [info] Frame 468 (t = 15.6333):	 total squared error = 0.00328343, marker error: RMS = 0.0131458, max = 0.0219591 (Neck)
[2024-10-09 18:10:23.774] [info] Frame 469 (t = 15.6667):	 total squared error = 0.00390809, marker error: RMS = 0.0143419, max = 0.0224255 (RKnee)
[2024-10-09 18:10:23.832] [info] Frame 470 (t = 15.7):	 total squared error = 0.00441243, marker error: RMS = 0.0152392, max = 0.0230420 (RKnee)
[2024-10-09 18:10:23.889] [info] Frame 471 (t = 15.7333):	 total squared error = 0.00454762, marker error: RMS = 0.0154709, max = 0.0240764 (LHip)
[2024-10-09 18:10:23.981] [info] Frame 472 (t = 15.7667):	 total squared error = 0.00455073, marker error: RMS = 0.0154762, max = 0.0254146 (LHip)
[2024-10-09 18:10:24.045] [info] Frame 473 (t = 15.8):	 total squared error = 0.00490673, marker error: RMS = 0.0160701, max = 0.0259708 (LHip)
[2024-10-09 18:10:24.111] [info] Frame 474 (t = 15.8333):	 total squared error = 0.00555714, marker error: RMS = 0.0171021, max = 0.0265451 (LHeel)
[2024-10-09 18:10:24.148] [info] Frame 475 (t = 15.8667):	 total squared error = 0.00587875, marker error: RMS = 0.01759, max = 0.0277313 (LBigToe)
[2024-10-09 18:10:24.216] [info] Frame 476 (t = 15.9):	 total squared error = 0.00551245, marker error: RMS = 0.0170332, max = 0.0279364 (LBigToe)
[2024-10-09 18:10:24.253] [info] Frame 477 (t = 15.9333):	 total squared error = 0.00482060, marker error: RMS = 0.0159285, max = 0.0267572 (RShoulder)
[2024-10-09 18:10:24.299] [info] Frame 478 (t = 15.9667):	 total squared error = 0.00455037, marker error: RMS = 0.0154756, max = 0.0271897 (RShoulder)
[2024-10-09 18:10:24.354] [info] Frame 479 (t = 16.0):	 total squared error = 0.00515676, marker error: RMS = 0.0164745, max = 0.0299249 (Neck)
[2024-10-09 18:10:24.405] [info] Frame 480 (t = 16.0333):	 total squared error = 0.00637797, marker error: RMS = 0.0183216, max = 0.0383305 (Neck)
[2024-10-09 18:10:24.457] [info] Frame 481 (t = 16.0667):	 total squared error = 0.00760304, marker error: RMS = 0.0200040, max = 0.0456758 (Neck)
[2024-10-09 18:10:24.514] [info] Frame 482 (t = 16.1):	 total squared error = 0.00855840, marker error: RMS = 0.0212236, max = 0.0515792 (Neck)
[2024-10-09 18:10:24.563] [info] Frame 483 (t = 16.1333):	 total squared error = 0.00921579, marker error: RMS = 0.0220237, max = 0.0559715 (Neck)
[2024-10-09 18:10:24.616] [info] Frame 484 (t = 16.1667):	 total squared error = 0.00963957, marker error: RMS = 0.0225243, max = 0.059136 (Neck)
[2024-10-09 18:10:24.663] [info] Frame 485 (t = 16.2):	 total squared error = 0.00998193, marker error: RMS = 0.0229208, max = 0.0614408 (Neck)
[2024-10-09 18:10:24.713] [info] Frame 486 (t = 16.2333):	 total squared error = 0.0103331, marker error: RMS = 0.0233205, max = 0.0632389 (Neck)
[2024-10-09 18:10:24.789] [info] Frame 487 (t = 16.2667):	 total squared error = 0.0106447, marker error: RMS = 0.0236695, max = 0.0644863 (Neck)
[2024-10-09 18:10:24.850] [info] Frame 488 (t = 16.3):	 total squared error = 0.0108597, marker error: RMS = 0.0239074, max = 0.0644813 (Neck)
[2024-10-09 18:10:24.927] [info] Frame 489 (t = 16.3333):	 total squared error = 0.0107030, marker error: RMS = 0.0237342, max = 0.06284 (Neck)
[2024-10-09 18:10:24.998] [info] Frame 490 (t = 16.3667):	 total squared error = 0.0102568, marker error: RMS = 0.0232343, max = 0.0594516 (Neck)
[2024-10-09 18:10:25.045] [info] Frame 491 (t = 16.4):	 total squared error = 0.0102929, marker error: RMS = 0.0232751, max = 0.0547934 (Neck)
[2024-10-09 18:10:25.107] [info] Frame 492 (t = 16.4333):	 total squared error = 0.0107939, marker error: RMS = 0.0238348, max = 0.0499768 (Neck)
[2024-10-09 18:10:25.156] [info] Frame 493 (t = 16.4667):	 total squared error = 0.0114842, marker error: RMS = 0.0245852, max = 0.0453121 (Neck)
[2024-10-09 18:10:25.205] [info] Frame 494 (t = 16.5):	 total squared error = 0.0120344, marker error: RMS = 0.0251673, max = 0.0416393 (Neck)
[2024-10-09 18:10:25.272] [info] Frame 495 (t = 16.5333):	 total squared error = 0.0122174, marker error: RMS = 0.0253579, max = 0.0411947 (RSmallToe)
[2024-10-09 18:10:25.333] [info] Frame 496 (t = 16.5667):	 total squared error = 0.0120168, marker error: RMS = 0.0251489, max = 0.0408349 (LAnkle)
[2024-10-09 18:10:25.380] [info] Frame 497 (t = 16.6):	 total squared error = 0.0113746, marker error: RMS = 0.0244676, max = 0.0412059 (LAnkle)
[2024-10-09 18:10:25.420] [info] Frame 498 (t = 16.6333):	 total squared error = 0.0104860, marker error: RMS = 0.0234924, max = 0.0434952 (RShoulder)
[2024-10-09 18:10:25.480] [info] Frame 499 (t = 16.6667):	 total squared error = 0.00990352, marker error: RMS = 0.0228306, max = 0.0448899 (RShoulder)
[2024-10-09 18:10:25.511] [info] Frame 500 (t = 16.7):	 total squared error = 0.00991001, marker error: RMS = 0.0228381, max = 0.04531 (LAnkle)
[2024-10-09 18:10:25.577] [info] Frame 501 (t = 16.7333):	 total squared error = 0.0105547, marker error: RMS = 0.0235693, max = 0.0487572 (LAnkle)
[2024-10-09 18:10:25.641] [info] Frame 502 (t = 16.7667):	 total squared error = 0.0118568, marker error: RMS = 0.0249808, max = 0.0520498 (LAnkle)
[2024-10-09 18:10:25.701] [info] Frame 503 (t = 16.8):	 total squared error = 0.0137408, marker error: RMS = 0.0268924, max = 0.0538188 (LAnkle)
[2024-10-09 18:10:25.755] [info] Frame 504 (t = 16.8333):	 total squared error = 0.0156974, marker error: RMS = 0.0287434, max = 0.0536834 (LAnkle)
[2024-10-09 18:10:25.799] [info] Frame 505 (t = 16.8667):	 total squared error = 0.016926, marker error: RMS = 0.029847, max = 0.0519021 (LAnkle)
[2024-10-09 18:10:25.845] [info] Frame 506 (t = 16.9):	 total squared error = 0.0170383, marker error: RMS = 0.0299458, max = 0.0495712 (LHeel)
[2024-10-09 18:10:25.912] [info] Frame 507 (t = 16.9333):	 total squared error = 0.0162624, marker error: RMS = 0.029256, max = 0.0516471 (LHeel)
[2024-10-09 18:10:25.956] [info] Frame 508 (t = 16.9667):	 total squared error = 0.0152129, marker error: RMS = 0.0282962, max = 0.0515931 (LSmallToe)
[2024-10-09 18:10:26.024] [info] Frame 509 (t = 17.0):	 total squared error = 0.0143998, marker error: RMS = 0.0275297, max = 0.0513328 (LSmallToe)
[2024-10-09 18:10:26.065] [info] Frame 510 (t = 17.0333):	 total squared error = 0.0139565, marker error: RMS = 0.0271026, max = 0.0505495 (LSmallToe)
[2024-10-09 18:10:26.109] [info] Frame 511 (t = 17.0667):	 total squared error = 0.0137697, marker error: RMS = 0.0269207, max = 0.0500427 (LSmallToe)
[2024-10-09 18:10:26.145] [info] Frame 512 (t = 17.1):	 total squared error = 0.0137442, marker error: RMS = 0.0268957, max = 0.0505326 (LSmallToe)
[2024-10-09 18:10:26.168] [info] Frame 513 (t = 17.1333):	 total squared error = 0.0137963, marker error: RMS = 0.0269467, max = 0.0517032 (LSmallToe)
[2024-10-09 18:10:26.208] [info] Frame 514 (t = 17.1667):	 total squared error = 0.0138543, marker error: RMS = 0.0270032, max = 0.0525366 (LSmallToe)
[2024-10-09 18:10:26.234] [info] Frame 515 (t = 17.2):	 total squared error = 0.0139181, marker error: RMS = 0.0270654, max = 0.0526493 (LSmallToe)
[2024-10-09 18:10:26.308] [info] Frame 516 (t = 17.2333):	 total squared error = 0.0138881, marker error: RMS = 0.0270361, max = 0.0519581 (LSmallToe)
[2024-10-09 18:10:26.340] [info] Frame 517 (t = 17.2667):	 total squared error = 0.0137069, marker error: RMS = 0.0268592, max = 0.0514504 (LSmallToe)
[2024-10-09 18:10:26.397] [info] Frame 518 (t = 17.3):	 total squared error = 0.0133177, marker error: RMS = 0.0264751, max = 0.0516475 (LSmallToe)
[2024-10-09 18:10:26.441] [info] Frame 519 (t = 17.3333):	 total squared error = 0.012855, marker error: RMS = 0.0260112, max = 0.0525374 (LSmallToe)
[2024-10-09 18:10:26.465] [info] Frame 520 (t = 17.3667):	 total squared error = 0.0125008, marker error: RMS = 0.0256503, max = 0.0536025 (LSmallToe)
[2024-10-09 18:10:26.495] [info] Frame 521 (t = 17.4):	 total squared error = 0.0123061, marker error: RMS = 0.0254498, max = 0.0542551 (LSmallToe)
[2024-10-09 18:10:26.543] [info] Frame 522 (t = 17.4333):	 total squared error = 0.0121594, marker error: RMS = 0.0252976, max = 0.0543651 (LSmallToe)
[2024-10-09 18:10:26.596] [info] Frame 523 (t = 17.4667):	 total squared error = 0.0120799, marker error: RMS = 0.0252148, max = 0.0542384 (LSmallToe)
[2024-10-09 18:10:26.648] [info] Frame 524 (t = 17.5):	 total squared error = 0.0120997, marker error: RMS = 0.0252355, max = 0.0543088 (LSmallToe)
[2024-10-09 18:10:26.690] [info] Frame 525 (t = 17.5333):	 total squared error = 0.0122723, marker error: RMS = 0.0254147, max = 0.0550196 (LSmallToe)
[2024-10-09 18:10:26.783] [info] Frame 526 (t = 17.5667):	 total squared error = 0.0126117, marker error: RMS = 0.0257638, max = 0.0565345 (LSmallToe)
[2024-10-09 18:10:26.831] [info] Frame 527 (t = 17.6):	 total squared error = 0.0130622, marker error: RMS = 0.0262199, max = 0.0581472 (LSmallToe)
[2024-10-09 18:10:26.888] [info] Frame 528 (t = 17.6333):	 total squared error = 0.0134182, marker error: RMS = 0.0265749, max = 0.0592234 (LSmallToe)
[2024-10-09 18:10:26.933] [info] Frame 529 (t = 17.6667):	 total squared error = 0.013552, marker error: RMS = 0.0267069, max = 0.0592565 (LSmallToe)
[2024-10-09 18:10:26.983] [info] Frame 530 (t = 17.7):	 total squared error = 0.0134513, marker error: RMS = 0.0266076, max = 0.0585445 (LSmallToe)
[2024-10-09 18:10:27.039] [info] Frame 531 (t = 17.7333):	 total squared error = 0.0132562, marker error: RMS = 0.0264139, max = 0.0576263 (LSmallToe)
[2024-10-09 18:10:27.104] [info] Frame 532 (t = 17.7667):	 total squared error = 0.0131558, marker error: RMS = 0.0263137, max = 0.0573017 (LSmallToe)
[2024-10-09 18:10:27.162] [info] Frame 533 (t = 17.8):	 total squared error = 0.0132198, marker error: RMS = 0.0263777, max = 0.05782 (LSmallToe)
[2024-10-09 18:10:27.211] [info] Frame 534 (t = 17.8333):	 total squared error = 0.013378, marker error: RMS = 0.026535, max = 0.0588874 (LSmallToe)
[2024-10-09 18:10:27.308] [info] Frame 535 (t = 17.8667):	 total squared error = 0.0133885, marker error: RMS = 0.0265454, max = 0.0597322 (LSmallToe)
[2024-10-09 18:10:27.371] [info] Frame 536 (t = 17.9):	 total squared error = 0.013273, marker error: RMS = 0.0264306, max = 0.059987 (LSmallToe)
[2024-10-09 18:10:27.421] [info] Frame 537 (t = 17.9333):	 total squared error = 0.0131097, marker error: RMS = 0.0262675, max = 0.0597957 (LSmallToe)
[2024-10-09 18:10:27.474] [info] Frame 538 (t = 17.9667):	 total squared error = 0.0130799, marker error: RMS = 0.0262377, max = 0.0598384 (LSmallToe)
[2024-10-09 18:10:27.521] [info] Frame 539 (t = 18.0):	 total squared error = 0.0132717, marker error: RMS = 0.0264294, max = 0.0604939 (LSmallToe)
[2024-10-09 18:10:27.572] [info] Frame 540 (t = 18.0333):	 total squared error = 0.013626, marker error: RMS = 0.0267798, max = 0.0616782 (LSmallToe)
[2024-10-09 18:10:27.617] [info] Frame 541 (t = 18.0667):	 total squared error = 0.013996, marker error: RMS = 0.0271409, max = 0.0625898 (LSmallToe)
[2024-10-09 18:10:27.668] [info] Frame 542 (t = 18.1):	 total squared error = 0.0142351, marker error: RMS = 0.0273718, max = 0.0631768 (LSmallToe)
[2024-10-09 18:10:27.718] [info] Frame 543 (t = 18.1333):	 total squared error = 0.0143156, marker error: RMS = 0.0274491, max = 0.0632954 (LSmallToe)
[2024-10-09 18:10:27.765] [info] Frame 544 (t = 18.1667):	 total squared error = 0.0142839, marker error: RMS = 0.0274187, max = 0.0634026 (LSmallToe)
[2024-10-09 18:10:27.817] [info] Frame 545 (t = 18.2):	 total squared error = 0.0142185, marker error: RMS = 0.0273558, max = 0.063587 (LSmallToe)
[2024-10-09 18:10:27.882] [info] Frame 546 (t = 18.2333):	 total squared error = 0.0141992, marker error: RMS = 0.0273372, max = 0.0638991 (LSmallToe)
[2024-10-09 18:10:27.924] [info] Frame 547 (t = 18.2667):	 total squared error = 0.0142243, marker error: RMS = 0.0273614, max = 0.0640659 (LSmallToe)
[2024-10-09 18:10:27.988] [info] Frame 548 (t = 18.3):	 total squared error = 0.0142402, marker error: RMS = 0.0273767, max = 0.0641158 (LSmallToe)
[2024-10-09 18:10:28.069] [info] Frame 549 (t = 18.3333):	 total squared error = 0.014198, marker error: RMS = 0.0273361, max = 0.0636752 (LSmallToe)
[2024-10-09 18:10:28.123] [info] Frame 550 (t = 18.3667):	 total squared error = 0.0140763, marker error: RMS = 0.0272187, max = 0.0628373 (LSmallToe)
[2024-10-09 18:10:28.182] [info] Frame 551 (t = 18.4):	 total squared error = 0.0139342, marker error: RMS = 0.0270809, max = 0.0619003 (LSmallToe)
[2024-10-09 18:10:28.234] [info] Frame 552 (t = 18.4333):	 total squared error = 0.0138766, marker error: RMS = 0.0270249, max = 0.0614635 (LSmallToe)
[2024-10-09 18:10:28.283] [info] Frame 553 (t = 18.4667):	 total squared error = 0.0139315, marker error: RMS = 0.0270783, max = 0.0616867 (LSmallToe)
[2024-10-09 18:10:28.337] [info] Frame 554 (t = 18.5):	 total squared error = 0.0139868, marker error: RMS = 0.027132, max = 0.0620375 (LSmallToe)
[2024-10-09 18:10:28.410] [info] Frame 555 (t = 18.5333):	 total squared error = 0.0138411, marker error: RMS = 0.0269903, max = 0.0616708 (LSmallToe)
[2024-10-09 18:10:28.463] [info] Frame 556 (t = 18.5667):	 total squared error = 0.0134218, marker error: RMS = 0.0265784, max = 0.0597783 (LSmallToe)
[2024-10-09 18:10:28.486] [info] Frame 557 (t = 18.6):	 total squared error = 0.0129609, marker error: RMS = 0.0261181, max = 0.0563988 (LSmallToe)
[2024-10-09 18:10:28.503] [info] Frame 558 (t = 18.6333):	 total squared error = 0.012855, marker error: RMS = 0.0260111, max = 0.0522487 (LSmallToe)
[2024-10-09 18:10:28.525] [info] Frame 559 (t = 18.6667):	 total squared error = 0.0131141, marker error: RMS = 0.026272, max = 0.0484157 (LSmallToe)
[2024-10-09 18:10:28.546] [info] Frame 560 (t = 18.7):	 total squared error = 0.0134139, marker error: RMS = 0.0265706, max = 0.0460895 (LSmallToe)
[2024-10-09 18:10:28.583] [info] Frame 561 (t = 18.7333):	 total squared error = 0.0134441, marker error: RMS = 0.0266004, max = 0.0459203 (LSmallToe)
[2024-10-09 18:10:28.603] [info] Frame 562 (t = 18.7667):	 total squared error = 0.0132315, marker error: RMS = 0.0263893, max = 0.0479082 (LSmallToe)
[2024-10-09 18:10:28.621] [info] Frame 563 (t = 18.8):	 total squared error = 0.0131685, marker error: RMS = 0.0263264, max = 0.0518985 (LSmallToe)
[2024-10-09 18:10:28.638] [info] Frame 564 (t = 18.8333):	 total squared error = 0.013642, marker error: RMS = 0.0267955, max = 0.0569335 (LSmallToe)
[2024-10-09 18:10:28.663] [info] Frame 565 (t = 18.8667):	 total squared error = 0.0146114, marker error: RMS = 0.0277312, max = 0.0618907 (LSmallToe)
[2024-10-09 18:10:28.717] [info] Frame 566 (t = 18.9):	 total squared error = 0.015574, marker error: RMS = 0.0286301, max = 0.0657397 (LSmallToe)
[2024-10-09 18:10:28.762] [info] Frame 567 (t = 18.9333):	 total squared error = 0.0162357, marker error: RMS = 0.029232, max = 0.0679798 (LSmallToe)
[2024-10-09 18:10:28.836] [info] Frame 568 (t = 18.9667):	 total squared error = 0.0164416, marker error: RMS = 0.0294168, max = 0.068514 (LSmallToe)
[2024-10-09 18:10:28.897] [info] Frame 569 (t = 19.0):	 total squared error = 0.0162578, marker error: RMS = 0.0292519, max = 0.0677619 (LSmallToe)
[2024-10-09 18:10:28.949] [info] Frame 570 (t = 19.0333):	 total squared error = 0.0157968, marker error: RMS = 0.0288342, max = 0.0663865 (LSmallToe)
[2024-10-09 18:10:28.990] [info] Frame 571 (t = 19.0667):	 total squared error = 0.015216, marker error: RMS = 0.0282992, max = 0.0646254 (LSmallToe)
[2024-10-09 18:10:29.045] [info] Frame 572 (t = 19.1):	 total squared error = 0.0146848, marker error: RMS = 0.0278008, max = 0.0631655 (LSmallToe)
[2024-10-09 18:10:29.113] [info] Frame 573 (t = 19.1333):	 total squared error = 0.0143667, marker error: RMS = 0.0274981, max = 0.0621531 (LSmallToe)
[2024-10-09 18:10:29.158] [info] Frame 574 (t = 19.1667):	 total squared error = 0.0142967, marker error: RMS = 0.0274309, max = 0.0617671 (LSmallToe)
[2024-10-09 18:10:29.208] [info] Frame 575 (t = 19.2):	 total squared error = 0.0143727, marker error: RMS = 0.0275038, max = 0.0614828 (LSmallToe)
[2024-10-09 18:10:29.288] [info] Frame 576 (t = 19.2333):	 total squared error = 0.0145124, marker error: RMS = 0.0276371, max = 0.0609649 (LSmallToe)
[2024-10-09 18:10:29.376] [info] Frame 577 (t = 19.2667):	 total squared error = 0.0146883, marker error: RMS = 0.0278041, max = 0.0604745 (LSmallToe)
[2024-10-09 18:10:29.435] [info] Frame 578 (t = 19.3):	 total squared error = 0.0148117, marker error: RMS = 0.0279207, max = 0.0601754 (LSmallToe)
[2024-10-09 18:10:29.480] [info] Frame 579 (t = 19.3333):	 total squared error = 0.0147628, marker error: RMS = 0.0278745, max = 0.0596784 (LSmallToe)
[2024-10-09 18:10:29.526] [info] Frame 580 (t = 19.3667):	 total squared error = 0.0145062, marker error: RMS = 0.0276313, max = 0.05862 (LSmallToe)
[2024-10-09 18:10:29.575] [info] Frame 581 (t = 19.4):	 total squared error = 0.0141877, marker error: RMS = 0.0273262, max = 0.0574244 (LSmallToe)
[2024-10-09 18:10:29.627] [info] Frame 582 (t = 19.4333):	 total squared error = 0.0139655, marker error: RMS = 0.0271114, max = 0.0566416 (LSmallToe)
[2024-10-09 18:10:29.675] [info] Frame 583 (t = 19.4667):	 total squared error = 0.0138585, marker error: RMS = 0.0270073, max = 0.0565447 (LSmallToe)
[2024-10-09 18:10:29.727] [info] Frame 584 (t = 19.5):	 total squared error = 0.0137839, marker error: RMS = 0.0269345, max = 0.0566695 (LSmallToe)
[2024-10-09 18:10:29.808] [info] Frame 585 (t = 19.5333):	 total squared error = 0.0136784, marker error: RMS = 0.0268312, max = 0.0567117 (LSmallToe)
[2024-10-09 18:10:29.885] [info] Frame 586 (t = 19.5667):	 total squared error = 0.0135239, marker error: RMS = 0.0266793, max = 0.0561416 (LSmallToe)
[2024-10-09 18:10:29.930] [info] Frame 587 (t = 19.6):	 total squared error = 0.0133557, marker error: RMS = 0.0265129, max = 0.0546446 (LSmallToe)
[2024-10-09 18:10:30.001] [info] Frame 588 (t = 19.6333):	 total squared error = 0.0133072, marker error: RMS = 0.0264647, max = 0.0524761 (LSmallToe)
[2024-10-09 18:10:30.053] [info] Frame 589 (t = 19.6667):	 total squared error = 0.0135185, marker error: RMS = 0.026674, max = 0.0505090 (LSmallToe)
[2024-10-09 18:10:30.071] [info] Frame 590 (t = 19.7):	 total squared error = 0.0138563, marker error: RMS = 0.0270051, max = 0.0494563 (LSmallToe)
[2024-10-09 18:10:30.090] [info] Frame 591 (t = 19.7333):	 total squared error = 0.0141508, marker error: RMS = 0.0272907, max = 0.0490891 (LSmallToe)
[2024-10-09 18:10:30.166] [info] Frame 592 (t = 19.7667):	 total squared error = 0.0143273, marker error: RMS = 0.0274603, max = 0.0509592 (LHeel)
[2024-10-09 18:10:30.180] [info] InverseKinematicsTool completed 593 frames in 35 second(s).
