[2024-10-09 18:42:06.619] [info] Preparing to run InverseKinematicsTool.
[2024-10-09 18:42:06.641] [info] Loaded model Pose2Sim_scaled from file Model_Pose2Sim_Halpe26_scaled.osim
[2024-10-09 18:42:06.642] [warning] Couldn't find file 'r_pelvis.vtp'.
[2024-10-09 18:42:06.642] [warning] Couldn't find file 'l_pelvis.vtp'.
[2024-10-09 18:42:06.642] [warning] Couldn't find file 'sacrum.vtp'.
[2024-10-09 18:42:06.642] [warning] Couldn't find file 'femur_r.vtp'.
[2024-10-09 18:42:06.642] [warning] Couldn't find file 'r_patella.vtp'.
[2024-10-09 18:42:06.643] [warning] Couldn't find file 'tibia_r.vtp'.
[2024-10-09 18:42:06.643] [warning] Couldn't find file 'fibula_r.vtp'.
[2024-10-09 18:42:06.643] [warning] Couldn't find file 'talus_rv.vtp'.
[2024-10-09 18:42:06.643] [warning] Couldn't find file 'foot.vtp'.
[2024-10-09 18:42:06.644] [warning] Couldn't find file 'bofoot.vtp'.
[2024-10-09 18:42:06.644] [warning] Couldn't find file 'femur_l.vtp'.
[2024-10-09 18:42:06.644] [warning] Couldn't find file 'l_patella.vtp'.
[2024-10-09 18:42:06.644] [warning] Couldn't find file 'tibia_l.vtp'.
[2024-10-09 18:42:06.644] [warning] Couldn't find file 'fibula_l.vtp'.
[2024-10-09 18:42:06.644] [warning] Couldn't find file 'talus_lv.vtp'.
[2024-10-09 18:42:06.644] [warning] Couldn't find file 'l_foot.vtp'.
[2024-10-09 18:42:06.644] [warning] Couldn't find file 'l_bofoot.vtp'.
[2024-10-09 18:42:06.645] [warning] Couldn't find file 'lumbar5.vtp'.
[2024-10-09 18:42:06.645] [warning] Couldn't find file 'lumbar4.vtp'.
[2024-10-09 18:42:06.645] [warning] Couldn't find file 'lumbar3.vtp'.
[2024-10-09 18:42:06.645] [warning] Couldn't find file 'lumbar2.vtp'.
[2024-10-09 18:42:06.645] [warning] Couldn't find file 'lumbar1.vtp'.
[2024-10-09 18:42:06.645] [warning] Couldn't find file 'cerv1sm.vtp'.
[2024-10-09 18:42:06.645] [warning] Couldn't find file 'cerv2sm.vtp'.
[2024-10-09 18:42:06.645] [warning] Couldn't find file 'cerv3sm.vtp'.
[2024-10-09 18:42:06.646] [warning] Couldn't find file 'cerv4sm.vtp'.
[2024-10-09 18:42:06.646] [warning] Couldn't find file 'cerv5sm.vtp'.
[2024-10-09 18:42:06.646] [warning] Couldn't find file 'cerv6sm.vtp'.
[2024-10-09 18:42:06.646] [warning] Couldn't find file 'cerv7.vtp'.
[2024-10-09 18:42:06.646] [warning] Couldn't find file 'thoracic12_s.vtp'.
[2024-10-09 18:42:06.647] [warning] Couldn't find file 'thoracic11_s.vtp'.
[2024-10-09 18:42:06.647] [warning] Couldn't find file 'thoracic10_s.vtp'.
[2024-10-09 18:42:06.647] [warning] Couldn't find file 'thoracic9_s.vtp'.
[2024-10-09 18:42:06.647] [warning] Couldn't find file 'thoracic8_s.vtp'.
[2024-10-09 18:42:06.647] [warning] Couldn't find file 'thoracic7_s.vtp'.
[2024-10-09 18:42:06.647] [warning] Couldn't find file 'thoracic6_s.vtp'.
[2024-10-09 18:42:06.647] [warning] Couldn't find file 'thoracic5_s.vtp'.
[2024-10-09 18:42:06.648] [warning] Couldn't find file 'thoracic4_s.vtp'.
[2024-10-09 18:42:06.648] [warning] Couldn't find file 'thoracic3_s.vtp'.
[2024-10-09 18:42:06.648] [warning] Couldn't find file 'thoracic2_s.vtp'.
[2024-10-09 18:42:06.648] [warning] Couldn't find file 'thoracic1_s.vtp'.
[2024-10-09 18:42:06.648] [warning] Couldn't find file 'hat_ribs_scap.vtp'.
[2024-10-09 18:42:06.648] [warning] Couldn't find file 'hat_jaw.vtp'.
[2024-10-09 18:42:06.648] [warning] Couldn't find file 'hat_skull.vtp'.
[2024-10-09 18:42:06.648] [warning] Couldn't find file 'humerus_rv.vtp'.
[2024-10-09 18:42:06.649] [warning] Couldn't find file 'ulna_rv.vtp'.
[2024-10-09 18:42:06.649] [warning] Couldn't find file 'radius_rv.vtp'.
[2024-10-09 18:42:06.649] [warning] Couldn't find file 'pisiform_rvs.vtp'.
[2024-10-09 18:42:06.649] [warning] Couldn't find file 'lunate_rvs.vtp'.
[2024-10-09 18:42:06.649] [warning] Couldn't find file 'scaphoid_rvs.vtp'.
[2024-10-09 18:42:06.649] [warning] Couldn't find file 'triquetrum_rvs.vtp'.
[2024-10-09 18:42:06.649] [warning] Couldn't find file 'hamate_rvs.vtp'.
[2024-10-09 18:42:06.649] [warning] Couldn't find file 'capitate_rvs.vtp'.
[2024-10-09 18:42:06.650] [warning] Couldn't find file 'trapezoid_rvs.vtp'.
[2024-10-09 18:42:06.650] [warning] Couldn't find file 'trapezium_rvs.vtp'.
[2024-10-09 18:42:06.650] [warning] Couldn't find file 'metacarpal2_rvs.vtp'.
[2024-10-09 18:42:06.650] [warning] Couldn't find file 'index_proximal_rvs.vtp'.
[2024-10-09 18:42:06.650] [warning] Couldn't find file 'index_medial_rvs.vtp'.
[2024-10-09 18:42:06.650] [warning] Couldn't find file 'index_distal_rvs.vtp'.
[2024-10-09 18:42:06.650] [warning] Couldn't find file 'metacarpal3_rvs.vtp'.
[2024-10-09 18:42:06.650] [warning] Couldn't find file 'middle_proximal_rvs.vtp'.
[2024-10-09 18:42:06.651] [warning] Couldn't find file 'middle_medial_rvs.vtp'.
[2024-10-09 18:42:06.651] [warning] Couldn't find file 'middle_distal_rvs.vtp'.
[2024-10-09 18:42:06.651] [warning] Couldn't find file 'metacarpal4_rvs.vtp'.
[2024-10-09 18:42:06.651] [warning] Couldn't find file 'ring_proximal_rvs.vtp'.
[2024-10-09 18:42:06.651] [warning] Couldn't find file 'ring_medial_rvs.vtp'.
[2024-10-09 18:42:06.651] [warning] Couldn't find file 'ring_distal_rvs.vtp'.
[2024-10-09 18:42:06.652] [warning] Couldn't find file 'metacarpal5_rvs.vtp'.
[2024-10-09 18:42:06.652] [warning] Couldn't find file 'little_proximal_rvs.vtp'.
[2024-10-09 18:42:06.652] [warning] Couldn't find file 'little_medial_rvs.vtp'.
[2024-10-09 18:42:06.652] [warning] Couldn't find file 'little_distal_rvs.vtp'.
[2024-10-09 18:42:06.652] [warning] Couldn't find file 'metacarpal1_rvs.vtp'.
[2024-10-09 18:42:06.652] [warning] Couldn't find file 'thumb_proximal_rvs.vtp'.
[2024-10-09 18:42:06.652] [warning] Couldn't find file 'thumb_distal_rvs.vtp'.
[2024-10-09 18:42:06.653] [warning] Couldn't find file 'humerus_lv.vtp'.
[2024-10-09 18:42:06.653] [warning] Couldn't find file 'ulna_lv.vtp'.
[2024-10-09 18:42:06.653] [warning] Couldn't find file 'radius_lv.vtp'.
[2024-10-09 18:42:06.653] [warning] Couldn't find file 'pisiform_lvs.vtp'.
[2024-10-09 18:42:06.653] [warning] Couldn't find file 'lunate_lvs.vtp'.
[2024-10-09 18:42:06.654] [warning] Couldn't find file 'scaphoid_lvs.vtp'.
[2024-10-09 18:42:06.654] [warning] Couldn't find file 'triquetrum_lvs.vtp'.
[2024-10-09 18:42:06.654] [warning] Couldn't find file 'hamate_lvs.vtp'.
[2024-10-09 18:42:06.654] [warning] Couldn't find file 'capitate_lvs.vtp'.
[2024-10-09 18:42:06.654] [warning] Couldn't find file 'trapezoid_lvs.vtp'.
[2024-10-09 18:42:06.654] [warning] Couldn't find file 'trapezium_lvs.vtp'.
[2024-10-09 18:42:06.655] [warning] Couldn't find file 'metacarpal2_lvs.vtp'.
[2024-10-09 18:42:06.655] [warning] Couldn't find file 'index_proximal_lvs.vtp'.
[2024-10-09 18:42:06.655] [warning] Couldn't find file 'index_medial_lvs.vtp'.
[2024-10-09 18:42:06.655] [warning] Couldn't find file 'index_distal_lvs.vtp'.
[2024-10-09 18:42:06.655] [warning] Couldn't find file 'metacarpal3_lvs.vtp'.
[2024-10-09 18:42:06.655] [warning] Couldn't find file 'middle_proximal_lvs.vtp'.
[2024-10-09 18:42:06.655] [warning] Couldn't find file 'middle_medial_lvs.vtp'.
[2024-10-09 18:42:06.656] [warning] Couldn't find file 'middle_distal_lvs.vtp'.
[2024-10-09 18:42:06.656] [warning] Couldn't find file 'metacarpal4_lvs.vtp'.
[2024-10-09 18:42:06.656] [warning] Couldn't find file 'ring_proximal_lvs.vtp'.
[2024-10-09 18:42:06.656] [warning] Couldn't find file 'ring_medial_lvs.vtp'.
[2024-10-09 18:42:06.656] [warning] Couldn't find file 'ring_distal_lvs.vtp'.
[2024-10-09 18:42:06.656] [warning] Couldn't find file 'metacarpal5_lvs.vtp'.
[2024-10-09 18:42:06.656] [warning] Couldn't find file 'little_proximal_lvs.vtp'.
[2024-10-09 18:42:06.656] [warning] Couldn't find file 'little_medial_lvs.vtp'.
[2024-10-09 18:42:06.657] [warning] Couldn't find file 'little_distal_lvs.vtp'.
[2024-10-09 18:42:06.657] [warning] Couldn't find file 'metacarpal1_lvs.vtp'.
[2024-10-09 18:42:06.657] [warning] Couldn't find file 'thumb_proximal_lvs.vtp'.
[2024-10-09 18:42:06.657] [warning] Couldn't find file 'thumb_distal_lvs.vtp'.
[2024-10-09 18:42:06.658] [cout] [info] 
               MODEL: Pose2Sim_scaled
         coordinates: 62
              forces: 0
           actuators: 0
             muscles: 0
            analyses: 0
              probes: 0
              bodies: 30
              joints: 30
         constraints: 20
             markers: 22
         controllers: 0
  contact geometries: 0
misc modelcomponents: 0
[2024-10-09 18:42:06.659] [info] Running tool .
[2024-10-09 18:42:07.164] [info] Frame 0 (t = 0.0333333):	 total squared error = 0.0111302, marker error: RMS = 0.0242033, max = 0.0410581 (Neck)
[2024-10-09 18:42:07.246] [info] Frame 1 (t = 0.0666667):	 total squared error = 0.0104662, marker error: RMS = 0.0234703, max = 0.0373883 (LHeel)
[2024-10-09 18:42:07.366] [info] Frame 2 (t = 0.1):	 total squared error = 0.0108634, marker error: RMS = 0.0239115, max = 0.0378642 (LHeel)
[2024-10-09 18:42:07.420] [info] Frame 3 (t = 0.133333):	 total squared error = 0.0116825, marker error: RMS = 0.0247965, max = 0.0385105 (LHeel)
[2024-10-09 18:42:07.470] [info] Frame 4 (t = 0.166667):	 total squared error = 0.0124607, marker error: RMS = 0.0256091, max = 0.0397911 (LShoulder)
[2024-10-09 18:42:07.487] [info] Frame 5 (t = 0.2):	 total squared error = 0.0129882, marker error: RMS = 0.0261456, max = 0.042518 (LShoulder)
[2024-10-09 18:42:07.535] [info] Frame 6 (t = 0.233333):	 total squared error = 0.0132783, marker error: RMS = 0.026436, max = 0.0440284 (LShoulder)
[2024-10-09 18:42:07.630] [info] Frame 7 (t = 0.266667):	 total squared error = 0.0133203, marker error: RMS = 0.0264777, max = 0.0440377 (LShoulder)
[2024-10-09 18:42:07.689] [info] Frame 8 (t = 0.3):	 total squared error = 0.0131506, marker error: RMS = 0.0263085, max = 0.0427707 (LShoulder)
[2024-10-09 18:42:07.719] [info] Frame 9 (t = 0.333333):	 total squared error = 0.0128685, marker error: RMS = 0.0260248, max = 0.0403687 (LHeel)
[2024-10-09 18:42:07.747] [info] Frame 10 (t = 0.366667):	 total squared error = 0.0126631, marker error: RMS = 0.0258163, max = 0.0408258 (LHeel)
[2024-10-09 18:42:07.812] [info] Frame 11 (t = 0.4):	 total squared error = 0.0126104, marker error: RMS = 0.0257625, max = 0.0412909 (LHeel)
[2024-10-09 18:42:07.855] [info] Frame 12 (t = 0.433333):	 total squared error = 0.0127486, marker error: RMS = 0.0259033, max = 0.0418523 (LHeel)
[2024-10-09 18:42:07.897] [info] Frame 13 (t = 0.466667):	 total squared error = 0.0129625, marker error: RMS = 0.0261197, max = 0.0424158 (LHeel)
[2024-10-09 18:42:07.984] [info] Frame 14 (t = 0.5):	 total squared error = 0.0131558, marker error: RMS = 0.0263137, max = 0.0430204 (LHeel)
[2024-10-09 18:42:08.047] [info] Frame 15 (t = 0.533333):	 total squared error = 0.0132592, marker error: RMS = 0.0264169, max = 0.0434064 (LHeel)
[2024-10-09 18:42:08.102] [info] Frame 16 (t = 0.566667):	 total squared error = 0.0132326, marker error: RMS = 0.0263904, max = 0.0431043 (LHeel)
[2024-10-09 18:42:08.177] [info] Frame 17 (t = 0.6):	 total squared error = 0.0130894, marker error: RMS = 0.0262472, max = 0.042464 (LHeel)
[2024-10-09 18:42:08.236] [info] Frame 18 (t = 0.633333):	 total squared error = 0.0129102, marker error: RMS = 0.0260670, max = 0.0416352 (LHeel)
[2024-10-09 18:42:08.277] [info] Frame 19 (t = 0.666667):	 total squared error = 0.0127521, marker error: RMS = 0.0259068, max = 0.0408701 (LHeel)
[2024-10-09 18:42:08.315] [info] Frame 20 (t = 0.7):	 total squared error = 0.0126918, marker error: RMS = 0.0258455, max = 0.0403130 (LHeel)
[2024-10-09 18:42:08.383] [info] Frame 21 (t = 0.733333):	 total squared error = 0.0127733, marker error: RMS = 0.0259284, max = 0.0400047 (LHeel)
[2024-10-09 18:42:08.429] [info] Frame 22 (t = 0.766667):	 total squared error = 0.0130193, marker error: RMS = 0.0261768, max = 0.03996 (LHeel)
[2024-10-09 18:42:08.479] [info] Frame 23 (t = 0.8):	 total squared error = 0.0134528, marker error: RMS = 0.0266091, max = 0.0403388 (LHeel)
[2024-10-09 18:42:08.537] [info] Frame 24 (t = 0.833333):	 total squared error = 0.013984, marker error: RMS = 0.0271293, max = 0.0411569 (LHeel)
[2024-10-09 18:42:08.605] [info] Frame 25 (t = 0.866667):	 total squared error = 0.0144581, marker error: RMS = 0.0275853, max = 0.0420148 (LHeel)
[2024-10-09 18:42:08.659] [info] Frame 26 (t = 0.9):	 total squared error = 0.0147213, marker error: RMS = 0.0278354, max = 0.0426811 (LHeel)
[2024-10-09 18:42:08.715] [info] Frame 27 (t = 0.933333):	 total squared error = 0.0147571, marker error: RMS = 0.0278692, max = 0.0430917 (LHeel)
[2024-10-09 18:42:08.773] [info] Frame 28 (t = 0.966667):	 total squared error = 0.0146649, marker error: RMS = 0.0277819, max = 0.0432645 (LHeel)
[2024-10-09 18:42:08.848] [info] Frame 29 (t = 1.0):	 total squared error = 0.0145606, marker error: RMS = 0.027683, max = 0.0432082 (LHeel)
[2024-10-09 18:42:08.898] [info] Frame 30 (t = 1.03333):	 total squared error = 0.014513, marker error: RMS = 0.0276377, max = 0.0429509 (LHeel)
[2024-10-09 18:42:08.967] [info] Frame 31 (t = 1.06667):	 total squared error = 0.0144796, marker error: RMS = 0.0276059, max = 0.0424874 (LHeel)
[2024-10-09 18:42:09.008] [info] Frame 32 (t = 1.1):	 total squared error = 0.0143374, marker error: RMS = 0.02747, max = 0.0417705 (LHeel)
[2024-10-09 18:42:09.063] [info] Frame 33 (t = 1.13333):	 total squared error = 0.0140328, marker error: RMS = 0.0271766, max = 0.0412923 (LHeel)
[2024-10-09 18:42:09.120] [info] Frame 34 (t = 1.16667):	 total squared error = 0.0135842, marker error: RMS = 0.0267387, max = 0.0412317 (LHeel)
[2024-10-09 18:42:09.152] [info] Frame 35 (t = 1.2):	 total squared error = 0.0131631, marker error: RMS = 0.026321, max = 0.0417325 (LHeel)
[2024-10-09 18:42:09.221] [info] Frame 36 (t = 1.23333):	 total squared error = 0.0129121, marker error: RMS = 0.0260688, max = 0.0427037 (LHeel)
[2024-10-09 18:42:09.273] [info] Frame 37 (t = 1.26667):	 total squared error = 0.0128728, marker error: RMS = 0.0260291, max = 0.0438787 (LHeel)
[2024-10-09 18:42:09.367] [info] Frame 38 (t = 1.3):	 total squared error = 0.0129677, marker error: RMS = 0.0261249, max = 0.044843 (LHeel)
[2024-10-09 18:42:09.441] [info] Frame 39 (t = 1.33333):	 total squared error = 0.0131245, marker error: RMS = 0.0262823, max = 0.0455042 (LHeel)
[2024-10-09 18:42:09.477] [info] Frame 40 (t = 1.36667):	 total squared error = 0.0132485, marker error: RMS = 0.0264062, max = 0.0456663 (LHeel)
[2024-10-09 18:42:09.522] [info] Frame 41 (t = 1.4):	 total squared error = 0.0133048, marker error: RMS = 0.0264623, max = 0.0454881 (LHeel)
[2024-10-09 18:42:09.570] [info] Frame 42 (t = 1.43333):	 total squared error = 0.0132611, marker error: RMS = 0.0264188, max = 0.0447668 (LHeel)
[2024-10-09 18:42:09.620] [info] Frame 43 (t = 1.46667):	 total squared error = 0.0131342, marker error: RMS = 0.0262921, max = 0.0438756 (LHeel)
[2024-10-09 18:42:09.697] [info] Frame 44 (t = 1.5):	 total squared error = 0.0129393, marker error: RMS = 0.0260963, max = 0.0429993 (LHeel)
[2024-10-09 18:42:09.742] [info] Frame 45 (t = 1.53333):	 total squared error = 0.0127202, marker error: RMS = 0.0258744, max = 0.0423318 (LHeel)
[2024-10-09 18:42:09.800] [info] Frame 46 (t = 1.56667):	 total squared error = 0.0125053, marker error: RMS = 0.0256549, max = 0.0420601 (LHeel)
[2024-10-09 18:42:09.874] [info] Frame 47 (t = 1.6):	 total squared error = 0.0122926, marker error: RMS = 0.0254358, max = 0.0420032 (LHeel)
[2024-10-09 18:42:09.929] [info] Frame 48 (t = 1.63333):	 total squared error = 0.0121283, marker error: RMS = 0.0252653, max = 0.0422179 (LHeel)
[2024-10-09 18:42:09.985] [info] Frame 49 (t = 1.66667):	 total squared error = 0.0120983, marker error: RMS = 0.025234, max = 0.0427945 (LHeel)
[2024-10-09 18:42:10.037] [info] Frame 50 (t = 1.7):	 total squared error = 0.012238, marker error: RMS = 0.0253793, max = 0.0437247 (LHeel)
[2024-10-09 18:42:10.091] [info] Frame 51 (t = 1.73333):	 total squared error = 0.0125183, marker error: RMS = 0.0256682, max = 0.044897 (LHeel)
[2024-10-09 18:42:10.140] [info] Frame 52 (t = 1.76667):	 total squared error = 0.0128913, marker error: RMS = 0.0260478, max = 0.0459173 (LHeel)
[2024-10-09 18:42:10.190] [info] Frame 53 (t = 1.8):	 total squared error = 0.0132948, marker error: RMS = 0.0264523, max = 0.0464083 (LHeel)
[2024-10-09 18:42:10.251] [info] Frame 54 (t = 1.83333):	 total squared error = 0.0137129, marker error: RMS = 0.0268651, max = 0.0465839 (LHeel)
[2024-10-09 18:42:10.285] [info] Frame 55 (t = 1.86667):	 total squared error = 0.0141453, marker error: RMS = 0.0272853, max = 0.0460710 (LHeel)
[2024-10-09 18:42:10.352] [info] Frame 56 (t = 1.9):	 total squared error = 0.0145878, marker error: RMS = 0.0277088, max = 0.0454405 (LHeel)
[2024-10-09 18:42:10.370] [info] Frame 57 (t = 1.93333):	 total squared error = 0.0150466, marker error: RMS = 0.0281412, max = 0.0449468 (LShoulder)
[2024-10-09 18:42:10.401] [info] Frame 58 (t = 1.96667):	 total squared error = 0.0154831, marker error: RMS = 0.0285465, max = 0.0478052 (LShoulder)
[2024-10-09 18:42:10.497] [info] Frame 59 (t = 2.0):	 total squared error = 0.0159005, marker error: RMS = 0.0289287, max = 0.0492020 (LShoulder)
[2024-10-09 18:42:10.548] [info] Frame 60 (t = 2.03333):	 total squared error = 0.0162939, marker error: RMS = 0.0292843, max = 0.0498966 (LShoulder)
[2024-10-09 18:42:10.566] [info] Frame 61 (t = 2.06667):	 total squared error = 0.0165492, marker error: RMS = 0.0295128, max = 0.0491942 (LShoulder)
[2024-10-09 18:42:10.628] [info] Frame 62 (t = 2.1):	 total squared error = 0.0165763, marker error: RMS = 0.029537, max = 0.0471734 (LShoulder)
[2024-10-09 18:42:10.647] [info] Frame 63 (t = 2.13333):	 total squared error = 0.0165256, marker error: RMS = 0.0294919, max = 0.0441123 (LShoulder)
[2024-10-09 18:42:10.729] [info] Frame 64 (t = 2.16667):	 total squared error = 0.0164147, marker error: RMS = 0.0293927, max = 0.0418816 (LAnkle)
[2024-10-09 18:42:10.815] [info] Frame 65 (t = 2.2):	 total squared error = 0.0162915, marker error: RMS = 0.0292822, max = 0.0434072 (LAnkle)
[2024-10-09 18:42:10.866] [info] Frame 66 (t = 2.23333):	 total squared error = 0.0161561, marker error: RMS = 0.0291603, max = 0.0440686 (LAnkle)
[2024-10-09 18:42:10.910] [info] Frame 67 (t = 2.26667):	 total squared error = 0.0160422, marker error: RMS = 0.0290573, max = 0.0439185 (LAnkle)
[2024-10-09 18:42:10.968] [info] Frame 68 (t = 2.3):	 total squared error = 0.0160036, marker error: RMS = 0.0290223, max = 0.0426314 (LAnkle)
[2024-10-09 18:42:11.021] [info] Frame 69 (t = 2.33333):	 total squared error = 0.0159579, marker error: RMS = 0.0289808, max = 0.0431435 (LShoulder)
[2024-10-09 18:42:11.095] [info] Frame 70 (t = 2.36667):	 total squared error = 0.0157816, marker error: RMS = 0.0288203, max = 0.0446592 (LShoulder)
[2024-10-09 18:42:11.147] [info] Frame 71 (t = 2.4):	 total squared error = 0.0154453, marker error: RMS = 0.0285116, max = 0.0451829 (LShoulder)
[2024-10-09 18:42:11.229] [info] Frame 72 (t = 2.43333):	 total squared error = 0.014953, marker error: RMS = 0.0280535, max = 0.0436403 (LShoulder)
[2024-10-09 18:42:11.301] [info] Frame 73 (t = 2.46667):	 total squared error = 0.014474, marker error: RMS = 0.0276006, max = 0.0417376 (LHeel)
[2024-10-09 18:42:11.380] [info] Frame 74 (t = 2.5):	 total squared error = 0.0141824, marker error: RMS = 0.0273211, max = 0.0421135 (LHeel)
[2024-10-09 18:42:11.436] [info] Frame 75 (t = 2.53333):	 total squared error = 0.014128, marker error: RMS = 0.0272687, max = 0.0422894 (LHeel)
[2024-10-09 18:42:11.498] [info] Frame 76 (t = 2.56667):	 total squared error = 0.0141826, marker error: RMS = 0.0273213, max = 0.042122 (LHeel)
[2024-10-09 18:42:11.565] [info] Frame 77 (t = 2.6):	 total squared error = 0.0141818, marker error: RMS = 0.0273206, max = 0.0419021 (LHeel)
[2024-10-09 18:42:11.616] [info] Frame 78 (t = 2.63333):	 total squared error = 0.0140272, marker error: RMS = 0.0271712, max = 0.0414623 (LHeel)
[2024-10-09 18:42:11.663] [info] Frame 79 (t = 2.66667):	 total squared error = 0.0137406, marker error: RMS = 0.0268922, max = 0.0411148 (LHeel)
[2024-10-09 18:42:11.706] [info] Frame 80 (t = 2.7):	 total squared error = 0.0134154, marker error: RMS = 0.0265721, max = 0.0409386 (LHeel)
[2024-10-09 18:42:11.755] [info] Frame 81 (t = 2.73333):	 total squared error = 0.0131181, marker error: RMS = 0.026276, max = 0.0407915 (LHeel)
[2024-10-09 18:42:11.800] [info] Frame 82 (t = 2.76667):	 total squared error = 0.0128442, marker error: RMS = 0.0260002, max = 0.0405423 (LHeel)
[2024-10-09 18:42:11.883] [info] Frame 83 (t = 2.8):	 total squared error = 0.0125534, marker error: RMS = 0.0257042, max = 0.0399152 (LHeel)
[2024-10-09 18:42:11.926] [info] Frame 84 (t = 2.83333):	 total squared error = 0.0122948, marker error: RMS = 0.0254381, max = 0.0391399 (LHeel)
[2024-10-09 18:42:11.980] [info] Frame 85 (t = 2.86667):	 total squared error = 0.0121528, marker error: RMS = 0.0252907, max = 0.0387115 (LHeel)
[2024-10-09 18:42:12.038] [info] Frame 86 (t = 2.9):	 total squared error = 0.0121654, marker error: RMS = 0.0253038, max = 0.0389257 (LHeel)
[2024-10-09 18:42:12.090] [info] Frame 87 (t = 2.93333):	 total squared error = 0.0123311, marker error: RMS = 0.0254755, max = 0.0395673 (LHeel)
[2024-10-09 18:42:12.128] [info] Frame 88 (t = 2.96667):	 total squared error = 0.0125983, marker error: RMS = 0.0257501, max = 0.0403734 (LHeel)
[2024-10-09 18:42:12.162] [info] Frame 89 (t = 3.0):	 total squared error = 0.0129246, marker error: RMS = 0.0260814, max = 0.0411362 (LHeel)
[2024-10-09 18:42:12.220] [info] Frame 90 (t = 3.03333):	 total squared error = 0.0132362, marker error: RMS = 0.0263939, max = 0.0417843 (LHeel)
[2024-10-09 18:42:12.291] [info] Frame 91 (t = 3.06667):	 total squared error = 0.0134848, marker error: RMS = 0.0266407, max = 0.0424081 (LHeel)
[2024-10-09 18:42:12.363] [info] Frame 92 (t = 3.1):	 total squared error = 0.0137149, marker error: RMS = 0.026867, max = 0.0429871 (LHeel)
[2024-10-09 18:42:12.410] [info] Frame 93 (t = 3.13333):	 total squared error = 0.0139212, marker error: RMS = 0.0270684, max = 0.0436348 (LHeel)
[2024-10-09 18:42:12.449] [info] Frame 94 (t = 3.16667):	 total squared error = 0.0140404, marker error: RMS = 0.0271839, max = 0.0444303 (LHeel)
[2024-10-09 18:42:12.498] [info] Frame 95 (t = 3.2):	 total squared error = 0.0140547, marker error: RMS = 0.0271978, max = 0.0455668 (LHeel)
[2024-10-09 18:42:12.567] [info] Frame 96 (t = 3.23333):	 total squared error = 0.0139638, marker error: RMS = 0.0271097, max = 0.0463607 (LHeel)
[2024-10-09 18:42:12.605] [info] Frame 97 (t = 3.26667):	 total squared error = 0.013876, marker error: RMS = 0.0270244, max = 0.0466179 (LHeel)
[2024-10-09 18:42:12.669] [info] Frame 98 (t = 3.3):	 total squared error = 0.0138431, marker error: RMS = 0.0269923, max = 0.0468322 (LHeel)
[2024-10-09 18:42:12.719] [info] Frame 99 (t = 3.33333):	 total squared error = 0.0138955, marker error: RMS = 0.0270433, max = 0.0466057 (LHeel)
[2024-10-09 18:42:12.769] [info] Frame 100 (t = 3.36667):	 total squared error = 0.0140345, marker error: RMS = 0.0271782, max = 0.0462771 (LHeel)
[2024-10-09 18:42:12.825] [info] Frame 101 (t = 3.4):	 total squared error = 0.0142275, marker error: RMS = 0.0273645, max = 0.0460084 (LHeel)
[2024-10-09 18:42:12.896] [info] Frame 102 (t = 3.43333):	 total squared error = 0.0144175, marker error: RMS = 0.0275466, max = 0.0457894 (LHeel)
[2024-10-09 18:42:12.934] [info] Frame 103 (t = 3.46667):	 total squared error = 0.0145813, marker error: RMS = 0.0277027, max = 0.0454734 (LHeel)
[2024-10-09 18:42:13.037] [info] Frame 104 (t = 3.5):	 total squared error = 0.0146454, marker error: RMS = 0.0277635, max = 0.044992 (LHeel)
[2024-10-09 18:42:13.099] [info] Frame 105 (t = 3.53333):	 total squared error = 0.014492, marker error: RMS = 0.0276177, max = 0.0445351 (LHeel)
[2024-10-09 18:42:13.175] [info] Frame 106 (t = 3.56667):	 total squared error = 0.0141504, marker error: RMS = 0.0272903, max = 0.0441778 (LHeel)
[2024-10-09 18:42:13.228] [info] Frame 107 (t = 3.6):	 total squared error = 0.0137974, marker error: RMS = 0.0269477, max = 0.0441693 (LHeel)
[2024-10-09 18:42:13.284] [info] Frame 108 (t = 3.63333):	 total squared error = 0.0135562, marker error: RMS = 0.0267111, max = 0.0445093 (LHeel)
[2024-10-09 18:42:13.341] [info] Frame 109 (t = 3.66667):	 total squared error = 0.0134475, marker error: RMS = 0.0266038, max = 0.0451409 (LHeel)
[2024-10-09 18:42:13.391] [info] Frame 110 (t = 3.7):	 total squared error = 0.0134295, marker error: RMS = 0.0265861, max = 0.0459849 (LHeel)
[2024-10-09 18:42:13.441] [info] Frame 111 (t = 3.73333):	 total squared error = 0.0134374, marker error: RMS = 0.0265939, max = 0.0467952 (LHeel)
[2024-10-09 18:42:13.486] [info] Frame 112 (t = 3.76667):	 total squared error = 0.0134072, marker error: RMS = 0.026564, max = 0.0472131 (LHeel)
[2024-10-09 18:42:13.542] [info] Frame 113 (t = 3.8):	 total squared error = 0.0133185, marker error: RMS = 0.0264759, max = 0.0472572 (LHeel)
[2024-10-09 18:42:13.594] [info] Frame 114 (t = 3.83333):	 total squared error = 0.0132202, marker error: RMS = 0.026378, max = 0.0470699 (LHeel)
[2024-10-09 18:42:13.636] [info] Frame 115 (t = 3.86667):	 total squared error = 0.0131651, marker error: RMS = 0.026323, max = 0.0470517 (LHeel)
[2024-10-09 18:42:13.686] [info] Frame 116 (t = 3.9):	 total squared error = 0.0131914, marker error: RMS = 0.0263493, max = 0.0468406 (LHeel)
[2024-10-09 18:42:13.727] [info] Frame 117 (t = 3.93333):	 total squared error = 0.0133153, marker error: RMS = 0.0264727, max = 0.0466924 (LHeel)
[2024-10-09 18:42:13.774] [info] Frame 118 (t = 3.96667):	 total squared error = 0.0135534, marker error: RMS = 0.0267083, max = 0.0465054 (LHeel)
[2024-10-09 18:42:13.792] [info] Frame 119 (t = 4.0):	 total squared error = 0.0138926, marker error: RMS = 0.0270405, max = 0.0461281 (LHeel)
[2024-10-09 18:42:13.809] [info] Frame 120 (t = 4.03333):	 total squared error = 0.0142681, marker error: RMS = 0.0274035, max = 0.045423 (LHeel)
[2024-10-09 18:42:13.871] [info] Frame 121 (t = 4.06667):	 total squared error = 0.0144627, marker error: RMS = 0.0275897, max = 0.0444488 (LHeel)
[2024-10-09 18:42:13.942] [info] Frame 122 (t = 4.1):	 total squared error = 0.0144293, marker error: RMS = 0.0275579, max = 0.0439188 (LHeel)
[2024-10-09 18:42:14.016] [info] Frame 123 (t = 4.13333):	 total squared error = 0.0141549, marker error: RMS = 0.0272946, max = 0.0438729 (LHeel)
[2024-10-09 18:42:14.094] [info] Frame 124 (t = 4.16667):	 total squared error = 0.0138477, marker error: RMS = 0.0269968, max = 0.0441518 (LHeel)
[2024-10-09 18:42:14.164] [info] Frame 125 (t = 4.2):	 total squared error = 0.0136348, marker error: RMS = 0.0267885, max = 0.0445659 (LHeel)
[2024-10-09 18:42:14.219] [info] Frame 126 (t = 4.23333):	 total squared error = 0.0135331, marker error: RMS = 0.0266884, max = 0.0448683 (LHeel)
[2024-10-09 18:42:14.265] [info] Frame 127 (t = 4.26667):	 total squared error = 0.0134872, marker error: RMS = 0.0266431, max = 0.0450123 (LHeel)
[2024-10-09 18:42:14.354] [info] Frame 128 (t = 4.3):	 total squared error = 0.013449, marker error: RMS = 0.0266053, max = 0.044943 (LHeel)
[2024-10-09 18:42:14.413] [info] Frame 129 (t = 4.33333):	 total squared error = 0.0134054, marker error: RMS = 0.0265621, max = 0.0448133 (LHeel)
[2024-10-09 18:42:14.464] [info] Frame 130 (t = 4.36667):	 total squared error = 0.0133315, marker error: RMS = 0.0264888, max = 0.0446141 (LHeel)
[2024-10-09 18:42:14.545] [info] Frame 131 (t = 4.4):	 total squared error = 0.01323, marker error: RMS = 0.0263878, max = 0.0443015 (LHeel)
[2024-10-09 18:42:14.654] [info] Frame 132 (t = 4.43333):	 total squared error = 0.0131341, marker error: RMS = 0.026292, max = 0.0438065 (LHeel)
[2024-10-09 18:42:14.698] [info] Frame 133 (t = 4.46667):	 total squared error = 0.0131217, marker error: RMS = 0.0262796, max = 0.0430416 (LHeel)
[2024-10-09 18:42:14.744] [info] Frame 134 (t = 4.5):	 total squared error = 0.0133086, marker error: RMS = 0.0264661, max = 0.0421552 (LHeel)
[2024-10-09 18:42:14.806] [info] Frame 135 (t = 4.53333):	 total squared error = 0.0137618, marker error: RMS = 0.0269129, max = 0.043559 (LShoulder)
[2024-10-09 18:42:14.827] [info] Frame 136 (t = 4.56667):	 total squared error = 0.0144155, marker error: RMS = 0.0275447, max = 0.0480133 (LShoulder)
[2024-10-09 18:42:14.899] [info] Frame 137 (t = 4.6):	 total squared error = 0.0149679, marker error: RMS = 0.0280675, max = 0.0503317 (LShoulder)
[2024-10-09 18:42:14.947] [info] Frame 138 (t = 4.63333):	 total squared error = 0.0151652, marker error: RMS = 0.0282519, max = 0.0511216 (LShoulder)
[2024-10-09 18:42:14.990] [info] Frame 139 (t = 4.66667):	 total squared error = 0.0149432, marker error: RMS = 0.0280443, max = 0.0495354 (LShoulder)
[2024-10-09 18:42:15.022] [info] Frame 140 (t = 4.7):	 total squared error = 0.0144762, marker error: RMS = 0.0276026, max = 0.0462265 (LShoulder)
[2024-10-09 18:42:15.098] [info] Frame 141 (t = 4.73333):	 total squared error = 0.0139695, marker error: RMS = 0.0271152, max = 0.042646 (LShoulder)
[2024-10-09 18:42:15.128] [info] Frame 142 (t = 4.76667):	 total squared error = 0.0136194, marker error: RMS = 0.0267733, max = 0.0412734 (LHeel)
[2024-10-09 18:42:15.150] [info] Frame 143 (t = 4.8):	 total squared error = 0.0135249, marker error: RMS = 0.0266802, max = 0.041522 (LHeel)
[2024-10-09 18:42:15.247] [info] Frame 144 (t = 4.83333):	 total squared error = 0.0137341, marker error: RMS = 0.0268858, max = 0.0414535 (LHeel)
[2024-10-09 18:42:15.278] [info] Frame 145 (t = 4.86667):	 total squared error = 0.0141824, marker error: RMS = 0.0273211, max = 0.0415918 (LHeel)
[2024-10-09 18:42:15.310] [info] Frame 146 (t = 4.9):	 total squared error = 0.0148016, marker error: RMS = 0.0279111, max = 0.0416886 (LHeel)
[2024-10-09 18:42:15.377] [info] Frame 147 (t = 4.93333):	 total squared error = 0.0154196, marker error: RMS = 0.0284878, max = 0.0431399 (LShoulder)
[2024-10-09 18:42:15.413] [info] Frame 148 (t = 4.96667):	 total squared error = 0.015753, marker error: RMS = 0.0287942, max = 0.0450231 (LShoulder)
[2024-10-09 18:42:15.481] [info] Frame 149 (t = 5.0):	 total squared error = 0.0157198, marker error: RMS = 0.0287638, max = 0.0447441 (LShoulder)
[2024-10-09 18:42:15.528] [info] Frame 150 (t = 5.03333):	 total squared error = 0.0154865, marker error: RMS = 0.0285496, max = 0.0444835 (LHeel)
[2024-10-09 18:42:15.607] [info] Frame 151 (t = 5.06667):	 total squared error = 0.0153129, marker error: RMS = 0.0283891, max = 0.0449703 (LHeel)
[2024-10-09 18:42:15.675] [info] Frame 152 (t = 5.1):	 total squared error = 0.0153174, marker error: RMS = 0.0283933, max = 0.0450525 (LHeel)
[2024-10-09 18:42:15.757] [info] Frame 153 (t = 5.13333):	 total squared error = 0.0154223, marker error: RMS = 0.0284903, max = 0.0446916 (LHeel)
[2024-10-09 18:42:15.836] [info] Frame 154 (t = 5.16667):	 total squared error = 0.0154466, marker error: RMS = 0.0285128, max = 0.0440132 (LHeel)
[2024-10-09 18:42:15.913] [info] Frame 155 (t = 5.2):	 total squared error = 0.0152829, marker error: RMS = 0.0283613, max = 0.0431856 (LHeel)
[2024-10-09 18:42:15.972] [info] Frame 156 (t = 5.23333):	 total squared error = 0.0149505, marker error: RMS = 0.0280512, max = 0.0420544 (LHeel)
[2024-10-09 18:42:16.047] [info] Frame 157 (t = 5.26667):	 total squared error = 0.0145568, marker error: RMS = 0.0276793, max = 0.0413929 (LShoulder)
[2024-10-09 18:42:16.088] [info] Frame 158 (t = 5.3):	 total squared error = 0.0141942, marker error: RMS = 0.0273325, max = 0.0406628 (LShoulder)
[2024-10-09 18:42:16.123] [info] Frame 159 (t = 5.33333):	 total squared error = 0.0138939, marker error: RMS = 0.0270418, max = 0.0402306 (LHeel)
[2024-10-09 18:42:16.142] [info] Frame 160 (t = 5.36667):	 total squared error = 0.01369, marker error: RMS = 0.0268426, max = 0.0403662 (LHeel)
[2024-10-09 18:42:16.207] [info] Frame 161 (t = 5.4):	 total squared error = 0.0135992, marker error: RMS = 0.0267534, max = 0.0403304 (LHeel)
[2024-10-09 18:42:16.245] [info] Frame 162 (t = 5.43333):	 total squared error = 0.0135909, marker error: RMS = 0.0267453, max = 0.0401205 (LHeel)
[2024-10-09 18:42:16.307] [info] Frame 163 (t = 5.46667):	 total squared error = 0.013638, marker error: RMS = 0.0267916, max = 0.041357 (LShoulder)
[2024-10-09 18:42:16.396] [info] Frame 164 (t = 5.5):	 total squared error = 0.0137809, marker error: RMS = 0.0269316, max = 0.0428043 (LShoulder)
[2024-10-09 18:42:16.447] [info] Frame 165 (t = 5.53333):	 total squared error = 0.0141165, marker error: RMS = 0.0272576, max = 0.0442307 (LShoulder)
[2024-10-09 18:42:16.487] [info] Frame 166 (t = 5.56667):	 total squared error = 0.0145863, marker error: RMS = 0.0277074, max = 0.0455839 (LShoulder)
[2024-10-09 18:42:16.574] [info] Frame 167 (t = 5.6):	 total squared error = 0.0150534, marker error: RMS = 0.0281476, max = 0.0462167 (LShoulder)
[2024-10-09 18:42:16.634] [info] Frame 168 (t = 5.63333):	 total squared error = 0.0154398, marker error: RMS = 0.0285065, max = 0.0468025 (LShoulder)
[2024-10-09 18:42:16.702] [info] Frame 169 (t = 5.66667):	 total squared error = 0.0157513, marker error: RMS = 0.0287926, max = 0.0477823 (LShoulder)
[2024-10-09 18:42:16.747] [info] Frame 170 (t = 5.7):	 total squared error = 0.0159965, marker error: RMS = 0.0290159, max = 0.0493185 (LShoulder)
[2024-10-09 18:42:16.795] [info] Frame 171 (t = 5.73333):	 total squared error = 0.0160742, marker error: RMS = 0.0290863, max = 0.0501008 (LShoulder)
[2024-10-09 18:42:16.901] [info] Frame 172 (t = 5.76667):	 total squared error = 0.0158482, marker error: RMS = 0.0288811, max = 0.0490237 (LShoulder)
[2024-10-09 18:42:16.923] [info] Frame 173 (t = 5.8):	 total squared error = 0.015347, marker error: RMS = 0.0284207, max = 0.0463955 (LShoulder)
[2024-10-09 18:42:16.977] [info] Frame 174 (t = 5.83333):	 total squared error = 0.0147644, marker error: RMS = 0.0278761, max = 0.0436875 (LHeel)
[2024-10-09 18:42:17.002] [info] Frame 175 (t = 5.86667):	 total squared error = 0.0143468, marker error: RMS = 0.027479, max = 0.0444146 (LHeel)
[2024-10-09 18:42:17.100] [info] Frame 176 (t = 5.9):	 total squared error = 0.0141729, marker error: RMS = 0.0273119, max = 0.0448785 (LHeel)
[2024-10-09 18:42:17.158] [info] Frame 177 (t = 5.93333):	 total squared error = 0.0142176, marker error: RMS = 0.0273549, max = 0.0449929 (LHeel)
[2024-10-09 18:42:17.214] [info] Frame 178 (t = 5.96667):	 total squared error = 0.0143279, marker error: RMS = 0.0274609, max = 0.0450065 (LHeel)
[2024-10-09 18:42:17.261] [info] Frame 179 (t = 6.0):	 total squared error = 0.0143484, marker error: RMS = 0.0274805, max = 0.0449631 (LHeel)
[2024-10-09 18:42:17.304] [info] Frame 180 (t = 6.03333):	 total squared error = 0.0141762, marker error: RMS = 0.0273151, max = 0.0448288 (LHeel)
[2024-10-09 18:42:17.362] [info] Frame 181 (t = 6.06667):	 total squared error = 0.0138607, marker error: RMS = 0.0270094, max = 0.0443287 (LHeel)
[2024-10-09 18:42:17.407] [info] Frame 182 (t = 6.1):	 total squared error = 0.013528, marker error: RMS = 0.0266833, max = 0.0433808 (LHeel)
[2024-10-09 18:42:17.427] [info] Frame 183 (t = 6.13333):	 total squared error = 0.0133488, marker error: RMS = 0.0265060, max = 0.0419604 (LHeel)
[2024-10-09 18:42:17.456] [info] Frame 184 (t = 6.16667):	 total squared error = 0.0134224, marker error: RMS = 0.026579, max = 0.0414296 (LShoulder)
[2024-10-09 18:42:17.479] [info] Frame 185 (t = 6.2):	 total squared error = 0.0137778, marker error: RMS = 0.0269286, max = 0.0450620 (LShoulder)
[2024-10-09 18:42:17.537] [info] Frame 186 (t = 6.23333):	 total squared error = 0.0141769, marker error: RMS = 0.0273158, max = 0.0468143 (LShoulder)
[2024-10-09 18:42:17.635] [info] Frame 187 (t = 6.26667):	 total squared error = 0.0145629, marker error: RMS = 0.0276852, max = 0.0476769 (LShoulder)
[2024-10-09 18:42:17.695] [info] Frame 188 (t = 6.3):	 total squared error = 0.0148962, marker error: RMS = 0.0280001, max = 0.0472679 (LShoulder)
[2024-10-09 18:42:17.742] [info] Frame 189 (t = 6.33333):	 total squared error = 0.0151446, marker error: RMS = 0.0282327, max = 0.0463028 (LShoulder)
[2024-10-09 18:42:17.793] [info] Frame 190 (t = 6.36667):	 total squared error = 0.0152117, marker error: RMS = 0.0282952, max = 0.0451955 (LShoulder)
[2024-10-09 18:42:17.836] [info] Frame 191 (t = 6.4):	 total squared error = 0.0151351, marker error: RMS = 0.0282238, max = 0.0448799 (LShoulder)
[2024-10-09 18:42:17.882] [info] Frame 192 (t = 6.43333):	 total squared error = 0.0151193, marker error: RMS = 0.0282091, max = 0.0460253 (LShoulder)
[2024-10-09 18:42:17.921] [info] Frame 193 (t = 6.46667):	 total squared error = 0.0152989, marker error: RMS = 0.0283761, max = 0.0482909 (LShoulder)
[2024-10-09 18:42:17.997] [info] Frame 194 (t = 6.5):	 total squared error = 0.0155629, marker error: RMS = 0.02862, max = 0.0503391 (LShoulder)
[2024-10-09 18:42:18.042] [info] Frame 195 (t = 6.53333):	 total squared error = 0.015722, marker error: RMS = 0.0287658, max = 0.0516228 (LShoulder)
[2024-10-09 18:42:18.084] [info] Frame 196 (t = 6.56667):	 total squared error = 0.0156851, marker error: RMS = 0.0287321, max = 0.051595 (LShoulder)
[2024-10-09 18:42:18.157] [info] Frame 197 (t = 6.6):	 total squared error = 0.0155104, marker error: RMS = 0.0285716, max = 0.0508552 (LShoulder)
[2024-10-09 18:42:18.200] [info] Frame 198 (t = 6.63333):	 total squared error = 0.0152751, marker error: RMS = 0.028354, max = 0.0494277 (LShoulder)
[2024-10-09 18:42:18.262] [info] Frame 199 (t = 6.66667):	 total squared error = 0.0149446, marker error: RMS = 0.0280456, max = 0.047377 (LShoulder)
[2024-10-09 18:42:18.342] [info] Frame 200 (t = 6.7):	 total squared error = 0.0145281, marker error: RMS = 0.0276521, max = 0.0448269 (LShoulder)
[2024-10-09 18:42:18.413] [info] Frame 201 (t = 6.73333):	 total squared error = 0.0141143, marker error: RMS = 0.0272554, max = 0.0432955 (LHeel)
[2024-10-09 18:42:18.499] [info] Frame 202 (t = 6.76667):	 total squared error = 0.0138212, marker error: RMS = 0.0269709, max = 0.0442237 (LHeel)
[2024-10-09 18:42:18.573] [info] Frame 203 (t = 6.8):	 total squared error = 0.0136989, marker error: RMS = 0.0268514, max = 0.0447347 (LHeel)
[2024-10-09 18:42:18.638] [info] Frame 204 (t = 6.83333):	 total squared error = 0.0137603, marker error: RMS = 0.0269114, max = 0.044635 (LHeel)
[2024-10-09 18:42:18.683] [info] Frame 205 (t = 6.86667):	 total squared error = 0.0139365, marker error: RMS = 0.0270832, max = 0.043877 (LHeel)
[2024-10-09 18:42:18.762] [info] Frame 206 (t = 6.9):	 total squared error = 0.0141633, marker error: RMS = 0.0273027, max = 0.0433245 (LHeel)
[2024-10-09 18:42:18.802] [info] Frame 207 (t = 6.93333):	 total squared error = 0.0143367, marker error: RMS = 0.0274693, max = 0.042855 (LHeel)
[2024-10-09 18:42:18.848] [info] Frame 208 (t = 6.96667):	 total squared error = 0.0143689, marker error: RMS = 0.0275001, max = 0.0424854 (LHeel)
[2024-10-09 18:42:18.898] [info] Frame 209 (t = 7.0):	 total squared error = 0.0142075, marker error: RMS = 0.0273453, max = 0.0420900 (LHeel)
[2024-10-09 18:42:18.976] [info] Frame 210 (t = 7.03333):	 total squared error = 0.0139506, marker error: RMS = 0.0270969, max = 0.0415161 (LHeel)
[2024-10-09 18:42:19.027] [info] Frame 211 (t = 7.06667):	 total squared error = 0.0137385, marker error: RMS = 0.0268902, max = 0.0407521 (LHeel)
[2024-10-09 18:42:19.064] [info] Frame 212 (t = 7.1):	 total squared error = 0.013674, marker error: RMS = 0.0268269, max = 0.0404240 (LHeel)
[2024-10-09 18:42:19.101] [info] Frame 213 (t = 7.13333):	 total squared error = 0.0137507, marker error: RMS = 0.0269020, max = 0.0401447 (LHeel)
[2024-10-09 18:42:19.130] [info] Frame 214 (t = 7.16667):	 total squared error = 0.013952, marker error: RMS = 0.0270982, max = 0.0419393 (LShoulder)
[2024-10-09 18:42:19.207] [info] Frame 215 (t = 7.2):	 total squared error = 0.0142518, marker error: RMS = 0.0273879, max = 0.0444017 (LShoulder)
[2024-10-09 18:42:19.239] [info] Frame 216 (t = 7.23333):	 total squared error = 0.0146951, marker error: RMS = 0.0278105, max = 0.0480333 (LShoulder)
[2024-10-09 18:42:19.257] [info] Frame 217 (t = 7.26667):	 total squared error = 0.0151372, marker error: RMS = 0.0282258, max = 0.0515333 (LShoulder)
[2024-10-09 18:42:19.286] [info] Frame 218 (t = 7.3):	 total squared error = 0.0154332, marker error: RMS = 0.0285004, max = 0.0536712 (LShoulder)
[2024-10-09 18:42:19.323] [info] Frame 219 (t = 7.33333):	 total squared error = 0.0155676, marker error: RMS = 0.0286242, max = 0.0545061 (LShoulder)
[2024-10-09 18:42:19.402] [info] Frame 220 (t = 7.36667):	 total squared error = 0.0156287, marker error: RMS = 0.0286803, max = 0.0548939 (LShoulder)
[2024-10-09 18:42:19.447] [info] Frame 221 (t = 7.4):	 total squared error = 0.0156768, marker error: RMS = 0.0287245, max = 0.0551161 (LShoulder)
[2024-10-09 18:42:19.505] [info] Frame 222 (t = 7.43333):	 total squared error = 0.0157087, marker error: RMS = 0.0287536, max = 0.0551111 (LShoulder)
[2024-10-09 18:42:19.567] [info] Frame 223 (t = 7.46667):	 total squared error = 0.0157419, marker error: RMS = 0.028784, max = 0.0551050 (LShoulder)
[2024-10-09 18:42:19.619] [info] Frame 224 (t = 7.5):	 total squared error = 0.0157551, marker error: RMS = 0.0287961, max = 0.0549556 (LShoulder)
[2024-10-09 18:42:19.682] [info] Frame 225 (t = 7.53333):	 total squared error = 0.0157244, marker error: RMS = 0.0287681, max = 0.0545337 (LShoulder)
[2024-10-09 18:42:19.743] [info] Frame 226 (t = 7.56667):	 total squared error = 0.0156145, marker error: RMS = 0.0286674, max = 0.0537779 (LShoulder)
[2024-10-09 18:42:19.791] [info] Frame 227 (t = 7.6):	 total squared error = 0.0154311, marker error: RMS = 0.0284985, max = 0.0527096 (LShoulder)
[2024-10-09 18:42:19.832] [info] Frame 228 (t = 7.63333):	 total squared error = 0.0152869, marker error: RMS = 0.028365, max = 0.0515177 (LShoulder)
[2024-10-09 18:42:19.901] [info] Frame 229 (t = 7.66667):	 total squared error = 0.0152533, marker error: RMS = 0.0283338, max = 0.0508958 (LShoulder)
[2024-10-09 18:42:19.951] [info] Frame 230 (t = 7.7):	 total squared error = 0.0153791, marker error: RMS = 0.0284504, max = 0.0510600 (LShoulder)
[2024-10-09 18:42:19.996] [info] Frame 231 (t = 7.73333):	 total squared error = 0.0154954, marker error: RMS = 0.0285578, max = 0.0516845 (LShoulder)
[2024-10-09 18:42:20.042] [info] Frame 232 (t = 7.76667):	 total squared error = 0.0154699, marker error: RMS = 0.0285343, max = 0.0521080 (LShoulder)
[2024-10-09 18:42:20.094] [info] Frame 233 (t = 7.8):	 total squared error = 0.0152922, marker error: RMS = 0.0283699, max = 0.0519205 (LShoulder)
[2024-10-09 18:42:20.153] [info] Frame 234 (t = 7.83333):	 total squared error = 0.0150122, marker error: RMS = 0.0281090, max = 0.051269 (LShoulder)
[2024-10-09 18:42:20.242] [info] Frame 235 (t = 7.86667):	 total squared error = 0.0147924, marker error: RMS = 0.0279025, max = 0.0504970 (LShoulder)
[2024-10-09 18:42:20.300] [info] Frame 236 (t = 7.9):	 total squared error = 0.0147886, marker error: RMS = 0.0278989, max = 0.0502609 (LShoulder)
[2024-10-09 18:42:20.388] [info] Frame 237 (t = 7.93333):	 total squared error = 0.0150721, marker error: RMS = 0.028165, max = 0.0508532 (LShoulder)
[2024-10-09 18:42:20.438] [info] Frame 238 (t = 7.96667):	 total squared error = 0.0155663, marker error: RMS = 0.0286231, max = 0.0520892 (LShoulder)
[2024-10-09 18:42:20.495] [info] Frame 239 (t = 8.0):	 total squared error = 0.0160280, marker error: RMS = 0.0290444, max = 0.0527172 (LShoulder)
[2024-10-09 18:42:20.563] [info] Frame 240 (t = 8.03333):	 total squared error = 0.0162098, marker error: RMS = 0.0292087, max = 0.0522645 (LShoulder)
[2024-10-09 18:42:20.589] [info] Frame 241 (t = 8.06667):	 total squared error = 0.0160432, marker error: RMS = 0.0290582, max = 0.0502115 (LShoulder)
[2024-10-09 18:42:20.625] [info] Frame 242 (t = 8.1):	 total squared error = 0.0156763, marker error: RMS = 0.028724, max = 0.0466294 (LShoulder)
[2024-10-09 18:42:20.690] [info] Frame 243 (t = 8.13333):	 total squared error = 0.0152736, marker error: RMS = 0.0283526, max = 0.0429183 (LShoulder)
[2024-10-09 18:42:20.710] [info] Frame 244 (t = 8.16667):	 total squared error = 0.0150024, marker error: RMS = 0.0280998, max = 0.0423693 (LHeel)
[2024-10-09 18:42:20.757] [info] Frame 245 (t = 8.2):	 total squared error = 0.0149113, marker error: RMS = 0.0280143, max = 0.0423647 (LHeel)
[2024-10-09 18:42:20.799] [info] Frame 246 (t = 8.23333):	 total squared error = 0.0149626, marker error: RMS = 0.0280626, max = 0.0424429 (LHeel)
[2024-10-09 18:42:20.840] [info] Frame 247 (t = 8.26667):	 total squared error = 0.0151537, marker error: RMS = 0.0282412, max = 0.042581 (LHeel)
[2024-10-09 18:42:20.876] [info] Frame 248 (t = 8.3):	 total squared error = 0.0154012, marker error: RMS = 0.0284708, max = 0.0445643 (LShoulder)
[2024-10-09 18:42:20.913] [info] Frame 249 (t = 8.33333):	 total squared error = 0.0155001, marker error: RMS = 0.0285621, max = 0.045976 (LShoulder)
[2024-10-09 18:42:20.956] [info] Frame 250 (t = 8.36667):	 total squared error = 0.015358, marker error: RMS = 0.0284309, max = 0.0456098 (LShoulder)
[2024-10-09 18:42:21.027] [info] Frame 251 (t = 8.4):	 total squared error = 0.0151308, marker error: RMS = 0.0282198, max = 0.0444753 (LShoulder)
[2024-10-09 18:42:21.085] [info] Frame 252 (t = 8.43333):	 total squared error = 0.0150872, marker error: RMS = 0.0281792, max = 0.0442509 (LShoulder)
[2024-10-09 18:42:21.145] [info] Frame 253 (t = 8.46667):	 total squared error = 0.0153633, marker error: RMS = 0.0284358, max = 0.0458168 (LShoulder)
[2024-10-09 18:42:21.185] [info] Frame 254 (t = 8.5):	 total squared error = 0.0158864, marker error: RMS = 0.0289159, max = 0.0488866 (LShoulder)
[2024-10-09 18:42:21.267] [info] Frame 255 (t = 8.53333):	 total squared error = 0.0164264, marker error: RMS = 0.0294031, max = 0.0515729 (LShoulder)
[2024-10-09 18:42:21.310] [info] Frame 256 (t = 8.56667):	 total squared error = 0.0167715, marker error: RMS = 0.0297104, max = 0.0538441 (LShoulder)
[2024-10-09 18:42:21.373] [info] Frame 257 (t = 8.6):	 total squared error = 0.0168647, marker error: RMS = 0.0297929, max = 0.0543161 (LShoulder)
[2024-10-09 18:42:21.447] [info] Frame 258 (t = 8.63333):	 total squared error = 0.0167543, marker error: RMS = 0.0296952, max = 0.0533456 (LShoulder)
[2024-10-09 18:42:21.514] [info] Frame 259 (t = 8.66667):	 total squared error = 0.0164849, marker error: RMS = 0.0294555, max = 0.0507520 (LShoulder)
[2024-10-09 18:42:21.533] [info] Frame 260 (t = 8.7):	 total squared error = 0.0161366, marker error: RMS = 0.0291427, max = 0.0470831 (LShoulder)
[2024-10-09 18:42:21.625] [info] Frame 261 (t = 8.73333):	 total squared error = 0.0157937, marker error: RMS = 0.0288314, max = 0.0444864 (LShoulder)
[2024-10-09 18:42:21.693] [info] Frame 262 (t = 8.76667):	 total squared error = 0.0156184, marker error: RMS = 0.0286709, max = 0.0432324 (LShoulder)
[2024-10-09 18:42:21.752] [info] Frame 263 (t = 8.8):	 total squared error = 0.0156524, marker error: RMS = 0.0287021, max = 0.0445179 (LShoulder)
[2024-10-09 18:42:21.769] [info] Frame 264 (t = 8.83333):	 total squared error = 0.0158944, marker error: RMS = 0.0289232, max = 0.0477697 (LShoulder)
[2024-10-09 18:42:21.803] [info] Frame 265 (t = 8.86667):	 total squared error = 0.0162917, marker error: RMS = 0.0292824, max = 0.0512319 (LShoulder)
[2024-10-09 18:42:21.867] [info] Frame 266 (t = 8.9):	 total squared error = 0.0167248, marker error: RMS = 0.029669, max = 0.0534289 (LShoulder)
[2024-10-09 18:42:21.956] [info] Frame 267 (t = 8.93333):	 total squared error = 0.0170636, marker error: RMS = 0.0299681, max = 0.0548487 (LShoulder)
[2024-10-09 18:42:22.015] [info] Frame 268 (t = 8.96667):	 total squared error = 0.0172401, marker error: RMS = 0.0301226, max = 0.0549473 (LShoulder)
[2024-10-09 18:42:22.055] [info] Frame 269 (t = 9.0):	 total squared error = 0.0172151, marker error: RMS = 0.0301008, max = 0.0541459 (LShoulder)
[2024-10-09 18:42:22.104] [info] Frame 270 (t = 9.03333):	 total squared error = 0.0170562, marker error: RMS = 0.0299616, max = 0.052783 (LShoulder)
[2024-10-09 18:42:22.152] [info] Frame 271 (t = 9.06667):	 total squared error = 0.0168589, marker error: RMS = 0.0297877, max = 0.051477 (LShoulder)
[2024-10-09 18:42:22.216] [info] Frame 272 (t = 9.1):	 total squared error = 0.0166236, marker error: RMS = 0.0295791, max = 0.0503609 (LShoulder)
[2024-10-09 18:42:22.269] [info] Frame 273 (t = 9.13333):	 total squared error = 0.0162693, marker error: RMS = 0.0292622, max = 0.0487767 (LShoulder)
[2024-10-09 18:42:22.297] [info] Frame 274 (t = 9.16667):	 total squared error = 0.0157611, marker error: RMS = 0.0288016, max = 0.0459811 (LShoulder)
[2024-10-09 18:42:22.314] [info] Frame 275 (t = 9.2):	 total squared error = 0.0152437, marker error: RMS = 0.0283249, max = 0.0460760 (LHeel)
[2024-10-09 18:42:22.399] [info] Frame 276 (t = 9.23333):	 total squared error = 0.0147202, marker error: RMS = 0.0278343, max = 0.0470106 (LHeel)
[2024-10-09 18:42:22.416] [info] Frame 277 (t = 9.26667):	 total squared error = 0.0144472, marker error: RMS = 0.027575, max = 0.0471821 (LHeel)
[2024-10-09 18:42:22.506] [info] Frame 278 (t = 9.3):	 total squared error = 0.0142431, marker error: RMS = 0.0273795, max = 0.0472247 (LHeel)
[2024-10-09 18:42:22.549] [info] Frame 279 (t = 9.33333):	 total squared error = 0.0140703, marker error: RMS = 0.0272129, max = 0.0466327 (LHeel)
[2024-10-09 18:42:22.634] [info] Frame 280 (t = 9.36667):	 total squared error = 0.0139142, marker error: RMS = 0.0270616, max = 0.0455379 (LHeel)
[2024-10-09 18:42:22.705] [info] Frame 281 (t = 9.4):	 total squared error = 0.0138498, marker error: RMS = 0.0269988, max = 0.0441136 (LHeel)
[2024-10-09 18:42:22.730] [info] Frame 282 (t = 9.43333):	 total squared error = 0.0139413, marker error: RMS = 0.0270879, max = 0.0427744 (LShoulder)
[2024-10-09 18:42:22.781] [info] Frame 283 (t = 9.46667):	 total squared error = 0.0142151, marker error: RMS = 0.0273526, max = 0.0459050 (LShoulder)
[2024-10-09 18:42:22.807] [info] Frame 284 (t = 9.5):	 total squared error = 0.0146635, marker error: RMS = 0.0277806, max = 0.0492976 (LShoulder)
[2024-10-09 18:42:22.826] [info] Frame 285 (t = 9.53333):	 total squared error = 0.0152107, marker error: RMS = 0.0282942, max = 0.052219 (LShoulder)
[2024-10-09 18:42:22.887] [info] Frame 286 (t = 9.56667):	 total squared error = 0.0156674, marker error: RMS = 0.0287158, max = 0.0537616 (LShoulder)
[2024-10-09 18:42:22.922] [info] Frame 287 (t = 9.6):	 total squared error = 0.0160419, marker error: RMS = 0.0290571, max = 0.0552642 (LShoulder)
[2024-10-09 18:42:22.970] [info] Frame 288 (t = 9.63333):	 total squared error = 0.0163458, marker error: RMS = 0.029331, max = 0.0562197 (LShoulder)
[2024-10-09 18:42:23.070] [info] Frame 289 (t = 9.66667):	 total squared error = 0.0166104, marker error: RMS = 0.0295674, max = 0.0566547 (LShoulder)
[2024-10-09 18:42:23.104] [info] Frame 290 (t = 9.7):	 total squared error = 0.0167886, marker error: RMS = 0.0297255, max = 0.0571159 (LShoulder)
[2024-10-09 18:42:23.169] [info] Frame 291 (t = 9.73333):	 total squared error = 0.016825, marker error: RMS = 0.0297578, max = 0.0570308 (LShoulder)
[2024-10-09 18:42:23.210] [info] Frame 292 (t = 9.76667):	 total squared error = 0.0166681, marker error: RMS = 0.0296187, max = 0.0566411 (LShoulder)
[2024-10-09 18:42:23.281] [info] Frame 293 (t = 9.8):	 total squared error = 0.0163187, marker error: RMS = 0.0293066, max = 0.0555823 (LShoulder)
[2024-10-09 18:42:23.308] [info] Frame 294 (t = 9.83333):	 total squared error = 0.0158156, marker error: RMS = 0.0288514, max = 0.0537286 (LShoulder)
[2024-10-09 18:42:23.331] [info] Frame 295 (t = 9.86667):	 total squared error = 0.0152755, marker error: RMS = 0.0283545, max = 0.0513080 (LShoulder)
[2024-10-09 18:42:23.412] [info] Frame 296 (t = 9.9):	 total squared error = 0.0148035, marker error: RMS = 0.0279129, max = 0.0493503 (LShoulder)
[2024-10-09 18:42:23.455] [info] Frame 297 (t = 9.93333):	 total squared error = 0.0145435, marker error: RMS = 0.0276667, max = 0.0474918 (LShoulder)
[2024-10-09 18:42:23.505] [info] Frame 298 (t = 9.96667):	 total squared error = 0.0144928, marker error: RMS = 0.0276185, max = 0.0463449 (LShoulder)
[2024-10-09 18:42:23.560] [info] Frame 299 (t = 10.0):	 total squared error = 0.0146287, marker error: RMS = 0.0277477, max = 0.0457284 (LShoulder)
[2024-10-09 18:42:23.622] [info] Frame 300 (t = 10.0333):	 total squared error = 0.0148981, marker error: RMS = 0.0280019, max = 0.0456309 (LShoulder)
[2024-10-09 18:42:23.690] [info] Frame 301 (t = 10.0667):	 total squared error = 0.0151485, marker error: RMS = 0.0282363, max = 0.0457227 (LShoulder)
[2024-10-09 18:42:23.726] [info] Frame 302 (t = 10.1):	 total squared error = 0.0151965, marker error: RMS = 0.028281, max = 0.0458703 (LShoulder)
[2024-10-09 18:42:23.741] [info] Frame 303 (t = 10.1333):	 total squared error = 0.0150044, marker error: RMS = 0.0281017, max = 0.0461346 (LShoulder)
[2024-10-09 18:42:23.776] [info] Frame 304 (t = 10.1667):	 total squared error = 0.0147421, marker error: RMS = 0.027855, max = 0.046558 (LShoulder)
[2024-10-09 18:42:23.813] [info] Frame 305 (t = 10.2):	 total squared error = 0.0145275, marker error: RMS = 0.0276515, max = 0.0480334 (LShoulder)
[2024-10-09 18:42:23.829] [info] Frame 306 (t = 10.2333):	 total squared error = 0.0144199, marker error: RMS = 0.0275489, max = 0.0501029 (LShoulder)
[2024-10-09 18:42:23.849] [info] Frame 307 (t = 10.2667):	 total squared error = 0.0144282, marker error: RMS = 0.0275569, max = 0.0521836 (LShoulder)
[2024-10-09 18:42:23.934] [info] Frame 308 (t = 10.3):	 total squared error = 0.014441, marker error: RMS = 0.0275691, max = 0.053435 (LShoulder)
[2024-10-09 18:42:23.966] [info] Frame 309 (t = 10.3333):	 total squared error = 0.0144706, marker error: RMS = 0.0275973, max = 0.0543539 (LShoulder)
[2024-10-09 18:42:24.001] [info] Frame 310 (t = 10.3667):	 total squared error = 0.0145487, marker error: RMS = 0.0276716, max = 0.0550652 (LShoulder)
[2024-10-09 18:42:24.020] [info] Frame 311 (t = 10.4):	 total squared error = 0.0147483, marker error: RMS = 0.0278608, max = 0.0554234 (LShoulder)
[2024-10-09 18:42:24.038] [info] Frame 312 (t = 10.4333):	 total squared error = 0.0150747, marker error: RMS = 0.0281674, max = 0.0558018 (LShoulder)
[2024-10-09 18:42:24.109] [info] Frame 313 (t = 10.4667):	 total squared error = 0.0154362, marker error: RMS = 0.0285032, max = 0.0557097 (LShoulder)
[2024-10-09 18:42:24.130] [info] Frame 314 (t = 10.5):	 total squared error = 0.0158596, marker error: RMS = 0.0288915, max = 0.0558863 (LShoulder)
[2024-10-09 18:42:24.161] [info] Frame 315 (t = 10.5333):	 total squared error = 0.0162656, marker error: RMS = 0.0292589, max = 0.0557784 (LShoulder)
[2024-10-09 18:42:24.186] [info] Frame 316 (t = 10.5667):	 total squared error = 0.0166027, marker error: RMS = 0.0295606, max = 0.0555811 (LShoulder)
[2024-10-09 18:42:24.215] [info] Frame 317 (t = 10.6):	 total squared error = 0.0168614, marker error: RMS = 0.02979, max = 0.0553796 (LShoulder)
[2024-10-09 18:42:24.248] [info] Frame 318 (t = 10.6333):	 total squared error = 0.0170250, marker error: RMS = 0.0299342, max = 0.0551535 (LShoulder)
[2024-10-09 18:42:24.285] [info] Frame 319 (t = 10.6667):	 total squared error = 0.0170740, marker error: RMS = 0.0299772, max = 0.0550620 (LShoulder)
[2024-10-09 18:42:24.319] [info] Frame 320 (t = 10.7):	 total squared error = 0.0169994, marker error: RMS = 0.0299116, max = 0.0549134 (LShoulder)
[2024-10-09 18:42:24.342] [info] Frame 321 (t = 10.7333):	 total squared error = 0.0168725, marker error: RMS = 0.0297998, max = 0.0546853 (LShoulder)
[2024-10-09 18:42:24.410] [info] Frame 322 (t = 10.7667):	 total squared error = 0.0166589, marker error: RMS = 0.0296105, max = 0.0547659 (LShoulder)
[2024-10-09 18:42:24.446] [info] Frame 323 (t = 10.8):	 total squared error = 0.0166271, marker error: RMS = 0.0295823, max = 0.0546759 (LShoulder)
[2024-10-09 18:42:24.496] [info] Frame 324 (t = 10.8333):	 total squared error = 0.0166597, marker error: RMS = 0.0296113, max = 0.0545473 (LShoulder)
[2024-10-09 18:42:24.516] [info] Frame 325 (t = 10.8667):	 total squared error = 0.0167229, marker error: RMS = 0.0296674, max = 0.0544166 (LShoulder)
[2024-10-09 18:42:24.569] [info] Frame 326 (t = 10.9):	 total squared error = 0.0167756, marker error: RMS = 0.0297141, max = 0.0542768 (LShoulder)
[2024-10-09 18:42:24.617] [info] Frame 327 (t = 10.9333):	 total squared error = 0.0168689, marker error: RMS = 0.0297966, max = 0.0541192 (LShoulder)
[2024-10-09 18:42:24.665] [info] Frame 328 (t = 10.9667):	 total squared error = 0.0169643, marker error: RMS = 0.0298807, max = 0.0539744 (LShoulder)
[2024-10-09 18:42:24.723] [info] Frame 329 (t = 11.0):	 total squared error = 0.0169433, marker error: RMS = 0.0298622, max = 0.0537352 (LShoulder)
[2024-10-09 18:42:24.805] [info] Frame 330 (t = 11.0333):	 total squared error = 0.0166753, marker error: RMS = 0.0296251, max = 0.0538045 (LShoulder)
[2024-10-09 18:42:24.889] [info] Frame 331 (t = 11.0667):	 total squared error = 0.0162426, marker error: RMS = 0.0292382, max = 0.0532084 (LShoulder)
[2024-10-09 18:42:24.937] [info] Frame 332 (t = 11.1):	 total squared error = 0.0157729, marker error: RMS = 0.0288124, max = 0.0524116 (LShoulder)
[2024-10-09 18:42:24.957] [info] Frame 333 (t = 11.1333):	 total squared error = 0.0154361, marker error: RMS = 0.0285031, max = 0.0521487 (LShoulder)
[2024-10-09 18:42:25.007] [info] Frame 334 (t = 11.1667):	 total squared error = 0.0153643, marker error: RMS = 0.0284367, max = 0.0527275 (LShoulder)
[2024-10-09 18:42:25.028] [info] Frame 335 (t = 11.2):	 total squared error = 0.0155685, marker error: RMS = 0.028625, max = 0.0540943 (LShoulder)
[2024-10-09 18:42:25.069] [info] Frame 336 (t = 11.2333):	 total squared error = 0.015893, marker error: RMS = 0.0289219, max = 0.0552463 (LShoulder)
[2024-10-09 18:42:25.098] [info] Frame 337 (t = 11.2667):	 total squared error = 0.0163067, marker error: RMS = 0.0292959, max = 0.0561286 (LShoulder)
[2024-10-09 18:42:25.172] [info] Frame 338 (t = 11.3):	 total squared error = 0.0166576, marker error: RMS = 0.0296094, max = 0.0563766 (LShoulder)
[2024-10-09 18:42:25.236] [info] Frame 339 (t = 11.3333):	 total squared error = 0.0167918, marker error: RMS = 0.0297284, max = 0.056385 (LShoulder)
[2024-10-09 18:42:25.298] [info] Frame 340 (t = 11.3667):	 total squared error = 0.016644, marker error: RMS = 0.0295973, max = 0.0559202 (LShoulder)
[2024-10-09 18:42:25.330] [info] Frame 341 (t = 11.4):	 total squared error = 0.0162387, marker error: RMS = 0.0292347, max = 0.0552315 (LShoulder)
[2024-10-09 18:42:25.364] [info] Frame 342 (t = 11.4333):	 total squared error = 0.0156638, marker error: RMS = 0.0287125, max = 0.0542067 (LShoulder)
[2024-10-09 18:42:25.451] [info] Frame 343 (t = 11.4667):	 total squared error = 0.0149898, marker error: RMS = 0.0280880, max = 0.0530340 (LShoulder)
[2024-10-09 18:42:25.487] [info] Frame 344 (t = 11.5):	 total squared error = 0.0142762, marker error: RMS = 0.0274113, max = 0.0515353 (LShoulder)
[2024-10-09 18:42:25.539] [info] Frame 345 (t = 11.5333):	 total squared error = 0.0134635, marker error: RMS = 0.0266197, max = 0.0497477 (LShoulder)
[2024-10-09 18:42:25.605] [info] Frame 346 (t = 11.5667):	 total squared error = 0.0126004, marker error: RMS = 0.0257523, max = 0.047991 (LShoulder)
[2024-10-09 18:42:25.645] [info] Frame 347 (t = 11.6):	 total squared error = 0.0118805, marker error: RMS = 0.0250058, max = 0.0463003 (LShoulder)
[2024-10-09 18:42:25.717] [info] Frame 348 (t = 11.6333):	 total squared error = 0.0113914, marker error: RMS = 0.0244856, max = 0.045188 (LShoulder)
[2024-10-09 18:42:25.757] [info] Frame 349 (t = 11.6667):	 total squared error = 0.0110225, marker error: RMS = 0.0240859, max = 0.0439238 (LShoulder)
[2024-10-09 18:42:25.818] [info] Frame 350 (t = 11.7):	 total squared error = 0.0105936, marker error: RMS = 0.0236126, max = 0.0423459 (LShoulder)
[2024-10-09 18:42:25.876] [info] Frame 351 (t = 11.7333):	 total squared error = 0.0100357, marker error: RMS = 0.0229825, max = 0.0405347 (LShoulder)
[2024-10-09 18:42:25.922] [info] Frame 352 (t = 11.7667):	 total squared error = 0.00940560, marker error: RMS = 0.0222493, max = 0.0384153 (LShoulder)
[2024-10-09 18:42:25.972] [info] Frame 353 (t = 11.8):	 total squared error = 0.00869877, marker error: RMS = 0.021397, max = 0.0364539 (RShoulder)
[2024-10-09 18:42:26.062] [info] Frame 354 (t = 11.8333):	 total squared error = 0.00787497, marker error: RMS = 0.0203586, max = 0.0341447 (RShoulder)
[2024-10-09 18:42:26.139] [info] Frame 355 (t = 11.8667):	 total squared error = 0.00724409, marker error: RMS = 0.0195261, max = 0.0324901 (LKnee)
[2024-10-09 18:42:26.173] [info] Frame 356 (t = 11.9):	 total squared error = 0.00700853, marker error: RMS = 0.0192060, max = 0.0337463 (LKnee)
[2024-10-09 18:42:26.215] [info] Frame 357 (t = 11.9333):	 total squared error = 0.00715784, marker error: RMS = 0.0194095, max = 0.0361478 (LKnee)
[2024-10-09 18:42:26.418] [info] Frame 358 (t = 11.9667):	 total squared error = 0.00745584, marker error: RMS = 0.0198094, max = 0.0380770 (LKnee)
[2024-10-09 18:42:26.505] [info] Frame 359 (t = 12.0):	 total squared error = 0.00778397, marker error: RMS = 0.0202406, max = 0.038545 (LKnee)
[2024-10-09 18:42:26.540] [info] Frame 360 (t = 12.0333):	 total squared error = 0.00800915, marker error: RMS = 0.0205313, max = 0.037497 (LKnee)
[2024-10-09 18:42:26.580] [info] Frame 361 (t = 12.0667):	 total squared error = 0.00815254, marker error: RMS = 0.0207143, max = 0.0354378 (LKnee)
[2024-10-09 18:42:26.651] [info] Frame 362 (t = 12.1):	 total squared error = 0.00831549, marker error: RMS = 0.0209203, max = 0.0341402 (LKnee)
[2024-10-09 18:42:26.712] [info] Frame 363 (t = 12.1333):	 total squared error = 0.00859378, marker error: RMS = 0.0212674, max = 0.0366157 (LHeel)
[2024-10-09 18:42:26.743] [info] Frame 364 (t = 12.1667):	 total squared error = 0.00894891, marker error: RMS = 0.0217024, max = 0.038342 (LHeel)
[2024-10-09 18:42:26.782] [info] Frame 365 (t = 12.2):	 total squared error = 0.00924532, marker error: RMS = 0.0220589, max = 0.0396578 (LHeel)
[2024-10-09 18:42:26.809] [info] Frame 366 (t = 12.2333):	 total squared error = 0.00924197, marker error: RMS = 0.0220549, max = 0.0401682 (RShoulder)
[2024-10-09 18:42:26.875] [info] Frame 367 (t = 12.2667):	 total squared error = 0.00893460, marker error: RMS = 0.0216851, max = 0.0409584 (RShoulder)
[2024-10-09 18:42:26.921] [info] Frame 368 (t = 12.3):	 total squared error = 0.00856646, marker error: RMS = 0.0212336, max = 0.0405089 (RShoulder)
[2024-10-09 18:42:26.970] [info] Frame 369 (t = 12.3333):	 total squared error = 0.00840734, marker error: RMS = 0.0210355, max = 0.0394442 (RShoulder)
[2024-10-09 18:42:27.010] [info] Frame 370 (t = 12.3667):	 total squared error = 0.00840521, marker error: RMS = 0.0210328, max = 0.0386201 (RShoulder)
[2024-10-09 18:42:27.081] [info] Frame 371 (t = 12.4):	 total squared error = 0.00821325, marker error: RMS = 0.0207913, max = 0.0379354 (RShoulder)
[2024-10-09 18:42:27.182] [info] Frame 372 (t = 12.4333):	 total squared error = 0.00777455, marker error: RMS = 0.0202284, max = 0.0377585 (RShoulder)
[2024-10-09 18:42:27.224] [info] Frame 373 (t = 12.4667):	 total squared error = 0.00724885, marker error: RMS = 0.0195325, max = 0.0382645 (RShoulder)
[2024-10-09 18:42:27.309] [info] Frame 374 (t = 12.5):	 total squared error = 0.00675241, marker error: RMS = 0.0188518, max = 0.0385454 (RShoulder)
[2024-10-09 18:42:27.362] [info] Frame 375 (t = 12.5333):	 total squared error = 0.00630646, marker error: RMS = 0.0182186, max = 0.0393075 (RShoulder)
[2024-10-09 18:42:27.399] [info] Frame 376 (t = 12.5667):	 total squared error = 0.00582227, marker error: RMS = 0.0175053, max = 0.0397986 (RShoulder)
[2024-10-09 18:42:27.452] [info] Frame 377 (t = 12.6):	 total squared error = 0.00525386, marker error: RMS = 0.0166289, max = 0.0393874 (RShoulder)
[2024-10-09 18:42:27.501] [info] Frame 378 (t = 12.6333):	 total squared error = 0.00470503, marker error: RMS = 0.0157364, max = 0.0377928 (RShoulder)
[2024-10-09 18:42:27.578] [info] Frame 379 (t = 12.6667):	 total squared error = 0.00425597, marker error: RMS = 0.0149666, max = 0.0351522 (RShoulder)
[2024-10-09 18:42:27.731] [info] Frame 380 (t = 12.7):	 total squared error = 0.00391994, marker error: RMS = 0.0143636, max = 0.031814 (RShoulder)
[2024-10-09 18:42:27.770] [info] Frame 381 (t = 12.7333):	 total squared error = 0.00371074, marker error: RMS = 0.013975, max = 0.0286419 (RShoulder)
[2024-10-09 18:42:27.842] [info] Frame 382 (t = 12.7667):	 total squared error = 0.00360173, marker error: RMS = 0.0137683, max = 0.0271715 (RShoulder)
[2024-10-09 18:42:27.890] [info] Frame 383 (t = 12.8):	 total squared error = 0.00360400, marker error: RMS = 0.0137726, max = 0.0273674 (RShoulder)
[2024-10-09 18:42:27.973] [info] Frame 384 (t = 12.8333):	 total squared error = 0.00375985, marker error: RMS = 0.0140672, max = 0.0290182 (RShoulder)
[2024-10-09 18:42:28.020] [info] Frame 385 (t = 12.8667):	 total squared error = 0.00411956, marker error: RMS = 0.0147248, max = 0.0313028 (RShoulder)
[2024-10-09 18:42:28.112] [info] Frame 386 (t = 12.9):	 total squared error = 0.00452666, marker error: RMS = 0.0154352, max = 0.032913 (RShoulder)
[2024-10-09 18:42:28.165] [info] Frame 387 (t = 12.9333):	 total squared error = 0.00484381, marker error: RMS = 0.0159668, max = 0.0340203 (RShoulder)
[2024-10-09 18:42:28.220] [info] Frame 388 (t = 12.9667):	 total squared error = 0.00501214, marker error: RMS = 0.0162418, max = 0.034249 (RShoulder)
[2024-10-09 18:42:28.270] [info] Frame 389 (t = 13.0):	 total squared error = 0.00510418, marker error: RMS = 0.0163903, max = 0.0337343 (RShoulder)
[2024-10-09 18:42:28.334] [info] Frame 390 (t = 13.0333):	 total squared error = 0.00514746, marker error: RMS = 0.0164596, max = 0.0340213 (LShoulder)
[2024-10-09 18:42:28.400] [info] Frame 391 (t = 13.0667):	 total squared error = 0.00514177, marker error: RMS = 0.0164505, max = 0.0339571 (LShoulder)
[2024-10-09 18:42:28.485] [info] Frame 392 (t = 13.1):	 total squared error = 0.00514778, marker error: RMS = 0.0164601, max = 0.0332109 (LShoulder)
[2024-10-09 18:42:28.574] [info] Frame 393 (t = 13.1333):	 total squared error = 0.00512298, marker error: RMS = 0.0164204, max = 0.0318325 (LShoulder)
[2024-10-09 18:42:28.674] [info] Frame 394 (t = 13.1667):	 total squared error = 0.00496528, marker error: RMS = 0.0161657, max = 0.0299394 (LShoulder)
[2024-10-09 18:42:28.727] [info] Frame 395 (t = 13.2):	 total squared error = 0.00476867, marker error: RMS = 0.0158424, max = 0.0285606 (LShoulder)
[2024-10-09 18:42:28.769] [info] Frame 396 (t = 13.2333):	 total squared error = 0.00464374, marker error: RMS = 0.0156335, max = 0.0287010 (RKnee)
[2024-10-09 18:42:28.839] [info] Frame 397 (t = 13.2667):	 total squared error = 0.00450673, marker error: RMS = 0.0154012, max = 0.0313756 (RKnee)
[2024-10-09 18:42:28.895] [info] Frame 398 (t = 13.3):	 total squared error = 0.00429134, marker error: RMS = 0.0150286, max = 0.0332583 (RKnee)
[2024-10-09 18:42:28.953] [info] Frame 399 (t = 13.3333):	 total squared error = 0.00401139, marker error: RMS = 0.0145302, max = 0.0334146 (RKnee)
[2024-10-09 18:42:29.017] [info] Frame 400 (t = 13.3667):	 total squared error = 0.00368815, marker error: RMS = 0.0139324, max = 0.0307097 (RKnee)
[2024-10-09 18:42:29.059] [info] Frame 401 (t = 13.4):	 total squared error = 0.00337473, marker error: RMS = 0.0133273, max = 0.0304390 (LShoulder)
[2024-10-09 18:42:29.121] [info] Frame 402 (t = 13.4333):	 total squared error = 0.00325202, marker error: RMS = 0.0130828, max = 0.0300671 (LShoulder)
[2024-10-09 18:42:29.181] [info] Frame 403 (t = 13.4667):	 total squared error = 0.00338900, marker error: RMS = 0.0133555, max = 0.0307716 (RShoulder)
[2024-10-09 18:42:29.234] [info] Frame 404 (t = 13.5):	 total squared error = 0.00372129, marker error: RMS = 0.0139949, max = 0.0312672 (RShoulder)
[2024-10-09 18:42:29.308] [info] Frame 405 (t = 13.5333):	 total squared error = 0.00409686, marker error: RMS = 0.0146841, max = 0.031248 (RShoulder)
[2024-10-09 18:42:29.364] [info] Frame 406 (t = 13.5667):	 total squared error = 0.00451595, marker error: RMS = 0.0154169, max = 0.0309444 (RShoulder)
[2024-10-09 18:42:29.408] [info] Frame 407 (t = 13.6):	 total squared error = 0.00502096, marker error: RMS = 0.0162561, max = 0.0308355 (RShoulder)
[2024-10-09 18:42:29.478] [info] Frame 408 (t = 13.6333):	 total squared error = 0.00557797, marker error: RMS = 0.0171341, max = 0.0311577 (RShoulder)
[2024-10-09 18:42:29.553] [info] Frame 409 (t = 13.6667):	 total squared error = 0.00614824, marker error: RMS = 0.0179886, max = 0.0315463 (RShoulder)
[2024-10-09 18:42:29.631] [info] Frame 410 (t = 13.7):	 total squared error = 0.00654701, marker error: RMS = 0.0185628, max = 0.0317369 (RShoulder)
[2024-10-09 18:42:29.698] [info] Frame 411 (t = 13.7333):	 total squared error = 0.00659103, marker error: RMS = 0.0186252, max = 0.031359 (RShoulder)
[2024-10-09 18:42:29.747] [info] Frame 412 (t = 13.7667):	 total squared error = 0.00631047, marker error: RMS = 0.0182244, max = 0.0300762 (RShoulder)
[2024-10-09 18:42:29.833] [info] Frame 413 (t = 13.8):	 total squared error = 0.00587815, marker error: RMS = 0.0175891, max = 0.0292156 (LHeel)
[2024-10-09 18:42:29.911] [info] Frame 414 (t = 13.8333):	 total squared error = 0.00545678, marker error: RMS = 0.0169469, max = 0.0295122 (LHeel)
[2024-10-09 18:42:29.978] [info] Frame 415 (t = 13.8667):	 total squared error = 0.00519864, marker error: RMS = 0.0165412, max = 0.0298269 (LHeel)
[2024-10-09 18:42:30.045] [info] Frame 416 (t = 13.9):	 total squared error = 0.00520125, marker error: RMS = 0.0165454, max = 0.0301350 (LHeel)
[2024-10-09 18:42:30.115] [info] Frame 417 (t = 13.9333):	 total squared error = 0.00528928, marker error: RMS = 0.0166848, max = 0.0296896 (LHeel)
[2024-10-09 18:42:30.163] [info] Frame 418 (t = 13.9667):	 total squared error = 0.00517219, marker error: RMS = 0.0164991, max = 0.0277799 (LHeel)
[2024-10-09 18:42:30.232] [info] Frame 419 (t = 14.0):	 total squared error = 0.00485640, marker error: RMS = 0.0159875, max = 0.0239578 (LHeel)
[2024-10-09 18:42:30.288] [info] Frame 420 (t = 14.0333):	 total squared error = 0.00456893, marker error: RMS = 0.0155071, max = 0.0234861 (LKnee)
[2024-10-09 18:42:30.355] [info] Frame 421 (t = 14.0667):	 total squared error = 0.00447284, marker error: RMS = 0.0153432, max = 0.0241872 (LKnee)
[2024-10-09 18:42:30.427] [info] Frame 422 (t = 14.1):	 total squared error = 0.00450530, marker error: RMS = 0.0153987, max = 0.0252866 (LKnee)
[2024-10-09 18:42:30.469] [info] Frame 423 (t = 14.1333):	 total squared error = 0.00461883, marker error: RMS = 0.0155916, max = 0.0270851 (LKnee)
[2024-10-09 18:42:30.524] [info] Frame 424 (t = 14.1667):	 total squared error = 0.00474278, marker error: RMS = 0.0157994, max = 0.0283374 (LKnee)
[2024-10-09 18:42:30.605] [info] Frame 425 (t = 14.2):	 total squared error = 0.00455004, marker error: RMS = 0.015475, max = 0.0278551 (LKnee)
[2024-10-09 18:42:30.651] [info] Frame 426 (t = 14.2333):	 total squared error = 0.00404075, marker error: RMS = 0.0145832, max = 0.0248536 (LKnee)
[2024-10-09 18:42:30.695] [info] Frame 427 (t = 14.2667):	 total squared error = 0.00361376, marker error: RMS = 0.0137912, max = 0.0215316 (LKnee)
[2024-10-09 18:42:30.736] [info] Frame 428 (t = 14.3):	 total squared error = 0.00350409, marker error: RMS = 0.0135804, max = 0.0210146 (LKnee)
[2024-10-09 18:42:30.810] [info] Frame 429 (t = 14.3333):	 total squared error = 0.00359258, marker error: RMS = 0.0137507, max = 0.0230101 (LKnee)
[2024-10-09 18:42:30.879] [info] Frame 430 (t = 14.3667):	 total squared error = 0.00363500, marker error: RMS = 0.0138317, max = 0.0233781 (LKnee)
[2024-10-09 18:42:30.929] [info] Frame 431 (t = 14.4):	 total squared error = 0.00340670, marker error: RMS = 0.0133903, max = 0.0232681 (RHeel)
[2024-10-09 18:42:31.003] [info] Frame 432 (t = 14.4333):	 total squared error = 0.00292861, marker error: RMS = 0.0124152, max = 0.0238386 (RHeel)
[2024-10-09 18:42:31.063] [info] Frame 433 (t = 14.4667):	 total squared error = 0.00248200, marker error: RMS = 0.0114294, max = 0.0232173 (RHeel)
[2024-10-09 18:42:31.131] [info] Frame 434 (t = 14.5):	 total squared error = 0.00231359, marker error: RMS = 0.0110349, max = 0.0213935 (RHeel)
[2024-10-09 18:42:31.165] [info] Frame 435 (t = 14.5333):	 total squared error = 0.00236008, marker error: RMS = 0.0111452, max = 0.0185797 (Neck)
[2024-10-09 18:42:31.207] [info] Frame 436 (t = 14.5667):	 total squared error = 0.00242432, marker error: RMS = 0.0112958, max = 0.0191749 (Neck)
[2024-10-09 18:42:31.265] [info] Frame 437 (t = 14.6):	 total squared error = 0.00243104, marker error: RMS = 0.0113115, max = 0.0198121 (Neck)
[2024-10-09 18:42:31.329] [info] Frame 438 (t = 14.6333):	 total squared error = 0.00249363, marker error: RMS = 0.0114562, max = 0.0201377 (RShoulder)
[2024-10-09 18:42:31.400] [info] Frame 439 (t = 14.6667):	 total squared error = 0.00269484, marker error: RMS = 0.0119094, max = 0.0219919 (LHeel)
[2024-10-09 18:42:31.474] [info] Frame 440 (t = 14.7):	 total squared error = 0.00305854, marker error: RMS = 0.0126876, max = 0.0251048 (LHeel)
[2024-10-09 18:42:31.543] [info] Frame 441 (t = 14.7333):	 total squared error = 0.00360281, marker error: RMS = 0.0137703, max = 0.026554 (LHeel)
[2024-10-09 18:42:31.614] [info] Frame 442 (t = 14.7667):	 total squared error = 0.00425012, marker error: RMS = 0.0149563, max = 0.0268369 (LHeel)
[2024-10-09 18:42:31.681] [info] Frame 443 (t = 14.8):	 total squared error = 0.00477248, marker error: RMS = 0.0158488, max = 0.0267682 (LHeel)
[2024-10-09 18:42:31.731] [info] Frame 444 (t = 14.8333):	 total squared error = 0.00512838, marker error: RMS = 0.0164291, max = 0.0266872 (LHeel)
[2024-10-09 18:42:31.780] [info] Frame 445 (t = 14.8667):	 total squared error = 0.00564969, marker error: RMS = 0.0172439, max = 0.0264026 (RBigToe)
[2024-10-09 18:42:31.848] [info] Frame 446 (t = 14.9):	 total squared error = 0.00676179, marker error: RMS = 0.0188649, max = 0.0327223 (RBigToe)
[2024-10-09 18:42:31.915] [info] Frame 447 (t = 14.9333):	 total squared error = 0.00848991, marker error: RMS = 0.0211385, max = 0.0406749 (RKnee)
[2024-10-09 18:42:32.014] [info] Frame 448 (t = 14.9667):	 total squared error = 0.0101011, marker error: RMS = 0.0230573, max = 0.0469643 (RKnee)
[2024-10-09 18:42:32.072] [info] Frame 449 (t = 15.0):	 total squared error = 0.0103893, marker error: RMS = 0.0233839, max = 0.0443581 (RKnee)
[2024-10-09 18:42:32.132] [info] Frame 450 (t = 15.0333):	 total squared error = 0.00907826, marker error: RMS = 0.0218587, max = 0.0338732 (RKnee)
[2024-10-09 18:42:32.196] [info] Frame 451 (t = 15.0667):	 total squared error = 0.00746922, marker error: RMS = 0.0198272, max = 0.0330496 (LShoulder)
[2024-10-09 18:42:32.234] [info] Frame 452 (t = 15.1):	 total squared error = 0.00666496, marker error: RMS = 0.0187293, max = 0.0331493 (RShoulder)
[2024-10-09 18:42:32.287] [info] Frame 453 (t = 15.1333):	 total squared error = 0.00662623, marker error: RMS = 0.0186748, max = 0.03285 (RShoulder)
[2024-10-09 18:42:32.368] [info] Frame 454 (t = 15.1667):	 total squared error = 0.00676354, marker error: RMS = 0.0188673, max = 0.031763 (RShoulder)
[2024-10-09 18:42:32.439] [info] Frame 455 (t = 15.2):	 total squared error = 0.00686232, marker error: RMS = 0.0190046, max = 0.0297108 (RShoulder)
[2024-10-09 18:42:32.496] [info] Frame 456 (t = 15.2333):	 total squared error = 0.00707406, marker error: RMS = 0.0192956, max = 0.0313734 (LKnee)
[2024-10-09 18:42:32.543] [info] Frame 457 (t = 15.2667):	 total squared error = 0.00757854, marker error: RMS = 0.0199717, max = 0.0395135 (LKnee)
[2024-10-09 18:42:32.603] [info] Frame 458 (t = 15.3):	 total squared error = 0.00818414, marker error: RMS = 0.0207544, max = 0.0449559 (LKnee)
[2024-10-09 18:42:32.660] [info] Frame 459 (t = 15.3333):	 total squared error = 0.00871882, marker error: RMS = 0.0214216, max = 0.0476851 (LKnee)
[2024-10-09 18:42:32.723] [info] Frame 460 (t = 15.3667):	 total squared error = 0.00914391, marker error: RMS = 0.0219376, max = 0.0479912 (LKnee)
[2024-10-09 18:42:32.796] [info] Frame 461 (t = 15.4):	 total squared error = 0.00947652, marker error: RMS = 0.022333, max = 0.0458603 (LKnee)
[2024-10-09 18:42:32.863] [info] Frame 462 (t = 15.4333):	 total squared error = 0.00974793, marker error: RMS = 0.0226506, max = 0.0420825 (LKnee)
[2024-10-09 18:42:32.907] [info] Frame 463 (t = 15.4667):	 total squared error = 0.0101204, marker error: RMS = 0.0230792, max = 0.0405545 (Neck)
[2024-10-09 18:42:32.974] [info] Frame 464 (t = 15.5):	 total squared error = 0.0110215, marker error: RMS = 0.0240848, max = 0.0431746 (Neck)
[2024-10-09 18:42:33.075] [info] Frame 465 (t = 15.5333):	 total squared error = 0.0126166, marker error: RMS = 0.0257688, max = 0.0473336 (LKnee)
[2024-10-09 18:42:33.149] [info] Frame 466 (t = 15.5667):	 total squared error = 0.0136615, marker error: RMS = 0.0268147, max = 0.0481779 (LKnee)
[2024-10-09 18:42:33.331] [info] Frame 467 (t = 15.6):	 total squared error = 0.0127641, marker error: RMS = 0.025919, max = 0.0466013 (Neck)
[2024-10-09 18:42:33.411] [info] Frame 468 (t = 15.6333):	 total squared error = 0.0108891, marker error: RMS = 0.0239398, max = 0.0477979 (Neck)
[2024-10-09 18:42:33.459] [info] Frame 469 (t = 15.6667):	 total squared error = 0.00996011, marker error: RMS = 0.0228958, max = 0.0485189 (Neck)
[2024-10-09 18:42:33.548] [info] Frame 470 (t = 15.7):	 total squared error = 0.0100687, marker error: RMS = 0.0230202, max = 0.0481804 (Neck)
[2024-10-09 18:42:33.608] [info] Frame 471 (t = 15.7333):	 total squared error = 0.0104141, marker error: RMS = 0.0234118, max = 0.0465803 (Neck)
[2024-10-09 18:42:33.672] [info] Frame 472 (t = 15.7667):	 total squared error = 0.0106593, marker error: RMS = 0.0236858, max = 0.0441774 (Neck)
[2024-10-09 18:42:33.721] [info] Frame 473 (t = 15.8):	 total squared error = 0.0108710, marker error: RMS = 0.0239198, max = 0.0417329 (Neck)
[2024-10-09 18:42:33.777] [info] Frame 474 (t = 15.8333):	 total squared error = 0.0109557, marker error: RMS = 0.0240128, max = 0.0428143 (RWrist)
[2024-10-09 18:42:33.847] [info] Frame 475 (t = 15.8667):	 total squared error = 0.0107601, marker error: RMS = 0.0237975, max = 0.0413569 (RWrist)
[2024-10-09 18:42:33.899] [info] Frame 476 (t = 15.9):	 total squared error = 0.0103848, marker error: RMS = 0.0233788, max = 0.0385821 (LHeel)
[2024-10-09 18:42:33.957] [info] Frame 477 (t = 15.9333):	 total squared error = 0.0100824, marker error: RMS = 0.0230359, max = 0.0403630 (LHeel)
[2024-10-09 18:42:34.015] [info] Frame 478 (t = 15.9667):	 total squared error = 0.0101004, marker error: RMS = 0.0230565, max = 0.0407642 (LHeel)
[2024-10-09 18:42:34.092] [info] Frame 479 (t = 16.0):	 total squared error = 0.0104358, marker error: RMS = 0.0234361, max = 0.0392155 (Neck)
[2024-10-09 18:42:34.249] [info] Frame 480 (t = 16.0333):	 total squared error = 0.0109888, marker error: RMS = 0.0240491, max = 0.0398782 (Neck)
[2024-10-09 18:42:34.294] [info] Frame 481 (t = 16.0667):	 total squared error = 0.0117962, marker error: RMS = 0.0249169, max = 0.0406701 (RKnee)
[2024-10-09 18:42:34.357] [info] Frame 482 (t = 16.1):	 total squared error = 0.0126828, marker error: RMS = 0.0258363, max = 0.0457222 (RKnee)
[2024-10-09 18:42:34.439] [info] Frame 483 (t = 16.1333):	 total squared error = 0.0132442, marker error: RMS = 0.0264020, max = 0.0493983 (RKnee)
[2024-10-09 18:42:34.483] [info] Frame 484 (t = 16.1667):	 total squared error = 0.0132294, marker error: RMS = 0.0263872, max = 0.0499657 (RKnee)
[2024-10-09 18:42:34.550] [info] Frame 485 (t = 16.2):	 total squared error = 0.0125707, marker error: RMS = 0.0257219, max = 0.0470534 (RKnee)
[2024-10-09 18:42:34.596] [info] Frame 486 (t = 16.2333):	 total squared error = 0.0118225, marker error: RMS = 0.0249447, max = 0.0400875 (RKnee)
[2024-10-09 18:42:34.645] [info] Frame 487 (t = 16.2667):	 total squared error = 0.0112213, marker error: RMS = 0.0243021, max = 0.0372044 (Neck)
[2024-10-09 18:42:34.695] [info] Frame 488 (t = 16.3):	 total squared error = 0.0110939, marker error: RMS = 0.0241639, max = 0.0408456 (LHeel)
[2024-10-09 18:42:34.742] [info] Frame 489 (t = 16.3333):	 total squared error = 0.0114991, marker error: RMS = 0.0246012, max = 0.0438098 (LHeel)
[2024-10-09 18:42:34.777] [info] Frame 490 (t = 16.3667):	 total squared error = 0.0121984, marker error: RMS = 0.0253381, max = 0.0453443 (LHeel)
[2024-10-09 18:42:34.811] [info] Frame 491 (t = 16.4):	 total squared error = 0.0127343, marker error: RMS = 0.0258888, max = 0.0461058 (LHeel)
[2024-10-09 18:42:34.909] [info] Frame 492 (t = 16.4333):	 total squared error = 0.012849, marker error: RMS = 0.0260051, max = 0.0461548 (LHeel)
[2024-10-09 18:42:34.951] [info] Frame 493 (t = 16.4667):	 total squared error = 0.0128217, marker error: RMS = 0.0259774, max = 0.045941 (LHeel)
[2024-10-09 18:42:34.992] [info] Frame 494 (t = 16.5):	 total squared error = 0.0130063, marker error: RMS = 0.0261638, max = 0.0469032 (LBigToe)
[2024-10-09 18:42:35.066] [info] Frame 495 (t = 16.5333):	 total squared error = 0.0136416, marker error: RMS = 0.0267952, max = 0.0486944 (LBigToe)
[2024-10-09 18:42:35.127] [info] Frame 496 (t = 16.5667):	 total squared error = 0.0147675, marker error: RMS = 0.027879, max = 0.0487583 (LBigToe)
[2024-10-09 18:42:35.300] [info] Frame 497 (t = 16.6):	 total squared error = 0.0162726, marker error: RMS = 0.0292652, max = 0.0501613 (LHeel)
[2024-10-09 18:42:35.344] [info] Frame 498 (t = 16.6333):	 total squared error = 0.0180081, marker error: RMS = 0.0307863, max = 0.0548433 (LHeel)
[2024-10-09 18:42:35.405] [info] Frame 499 (t = 16.6667):	 total squared error = 0.019578, marker error: RMS = 0.0321002, max = 0.0588209 (LHeel)
[2024-10-09 18:42:35.469] [info] Frame 500 (t = 16.7):	 total squared error = 0.0205134, marker error: RMS = 0.0328581, max = 0.0607395 (LHeel)
[2024-10-09 18:42:35.598] [info] Frame 501 (t = 16.7333):	 total squared error = 0.0203502, marker error: RMS = 0.0327271, max = 0.0599703 (LHeel)
[2024-10-09 18:42:35.670] [info] Frame 502 (t = 16.7667):	 total squared error = 0.0188881, marker error: RMS = 0.0315295, max = 0.0566285 (LHeel)
[2024-10-09 18:42:35.745] [info] Frame 503 (t = 16.8):	 total squared error = 0.0167436, marker error: RMS = 0.0296857, max = 0.0515568 (LHeel)
[2024-10-09 18:42:35.792] [info] Frame 504 (t = 16.8333):	 total squared error = 0.0151451, marker error: RMS = 0.0282331, max = 0.0462571 (LHeel)
[2024-10-09 18:42:35.876] [info] Frame 505 (t = 16.8667):	 total squared error = 0.0146535, marker error: RMS = 0.0277711, max = 0.0423843 (LSmallToe)
[2024-10-09 18:42:35.923] [info] Frame 506 (t = 16.9):	 total squared error = 0.0149108, marker error: RMS = 0.0280139, max = 0.0457182 (LSmallToe)
[2024-10-09 18:42:35.975] [info] Frame 507 (t = 16.9333):	 total squared error = 0.0153358, marker error: RMS = 0.0284103, max = 0.0484107 (LSmallToe)
[2024-10-09 18:42:36.013] [info] Frame 508 (t = 16.9667):	 total squared error = 0.015721, marker error: RMS = 0.028765, max = 0.0500956 (LSmallToe)
[2024-10-09 18:42:36.053] [info] Frame 509 (t = 17.0):	 total squared error = 0.0160571, marker error: RMS = 0.0290707, max = 0.0507661 (LSmallToe)
[2024-10-09 18:42:36.085] [info] Frame 510 (t = 17.0333):	 total squared error = 0.0163717, marker error: RMS = 0.0293542, max = 0.0502055 (LSmallToe)
[2024-10-09 18:42:36.145] [info] Frame 511 (t = 17.0667):	 total squared error = 0.016642, marker error: RMS = 0.0295955, max = 0.0497683 (LHeel)
[2024-10-09 18:42:36.181] [info] Frame 512 (t = 17.1):	 total squared error = 0.0166965, marker error: RMS = 0.029644, max = 0.0514958 (LHeel)
[2024-10-09 18:42:36.216] [info] Frame 513 (t = 17.1333):	 total squared error = 0.0163362, marker error: RMS = 0.0293223, max = 0.0513244 (LHeel)
[2024-10-09 18:42:36.255] [info] Frame 514 (t = 17.1667):	 total squared error = 0.0157244, marker error: RMS = 0.028768, max = 0.0505615 (LSmallToe)
[2024-10-09 18:42:36.277] [info] Frame 515 (t = 17.2):	 total squared error = 0.0153155, marker error: RMS = 0.0283915, max = 0.0541207 (LSmallToe)
[2024-10-09 18:42:36.365] [info] Frame 516 (t = 17.2333):	 total squared error = 0.0153741, marker error: RMS = 0.0284458, max = 0.0584522 (LSmallToe)
[2024-10-09 18:42:36.389] [info] Frame 517 (t = 17.2667):	 total squared error = 0.0156592, marker error: RMS = 0.0287083, max = 0.0615778 (LSmallToe)
[2024-10-09 18:42:36.415] [info] Frame 518 (t = 17.3):	 total squared error = 0.0159113, marker error: RMS = 0.0289385, max = 0.0637285 (LSmallToe)
[2024-10-09 18:42:36.440] [info] Frame 519 (t = 17.3333):	 total squared error = 0.0160442, marker error: RMS = 0.0290591, max = 0.0647926 (LSmallToe)
[2024-10-09 18:42:36.461] [info] Frame 520 (t = 17.3667):	 total squared error = 0.0161008, marker error: RMS = 0.0291103, max = 0.0650543 (LSmallToe)
[2024-10-09 18:42:36.515] [info] Frame 521 (t = 17.4):	 total squared error = 0.0161064, marker error: RMS = 0.0291154, max = 0.0650582 (LSmallToe)
[2024-10-09 18:42:36.560] [info] Frame 522 (t = 17.4333):	 total squared error = 0.0160760, marker error: RMS = 0.0290878, max = 0.0644184 (LSmallToe)
[2024-10-09 18:42:36.603] [info] Frame 523 (t = 17.4667):	 total squared error = 0.0160257, marker error: RMS = 0.0290424, max = 0.0638453 (LSmallToe)
[2024-10-09 18:42:36.685] [info] Frame 524 (t = 17.5):	 total squared error = 0.0159686, marker error: RMS = 0.0289906, max = 0.0633855 (LSmallToe)
[2024-10-09 18:42:36.735] [info] Frame 525 (t = 17.5333):	 total squared error = 0.0159353, marker error: RMS = 0.0289604, max = 0.0630878 (LSmallToe)
[2024-10-09 18:42:36.791] [info] Frame 526 (t = 17.5667):	 total squared error = 0.015899, marker error: RMS = 0.0289274, max = 0.0629488 (LSmallToe)
[2024-10-09 18:42:36.844] [info] Frame 527 (t = 17.6):	 total squared error = 0.01586, marker error: RMS = 0.0288918, max = 0.0628588 (LSmallToe)
[2024-10-09 18:42:36.887] [info] Frame 528 (t = 17.6333):	 total squared error = 0.0158387, marker error: RMS = 0.0288724, max = 0.0628114 (LSmallToe)
[2024-10-09 18:42:36.935] [info] Frame 529 (t = 17.6667):	 total squared error = 0.0158681, marker error: RMS = 0.0288992, max = 0.0630018 (LSmallToe)
[2024-10-09 18:42:36.988] [info] Frame 530 (t = 17.7):	 total squared error = 0.0159452, marker error: RMS = 0.0289693, max = 0.0633748 (LSmallToe)
[2024-10-09 18:42:37.028] [info] Frame 531 (t = 17.7333):	 total squared error = 0.0160728, marker error: RMS = 0.0290850, max = 0.0639419 (LSmallToe)
[2024-10-09 18:42:37.069] [info] Frame 532 (t = 17.7667):	 total squared error = 0.0162529, marker error: RMS = 0.0292475, max = 0.0646596 (LSmallToe)
[2024-10-09 18:42:37.133] [info] Frame 533 (t = 17.8):	 total squared error = 0.0164519, marker error: RMS = 0.029426, max = 0.0653863 (LSmallToe)
[2024-10-09 18:42:37.180] [info] Frame 534 (t = 17.8333):	 total squared error = 0.0166276, marker error: RMS = 0.0295828, max = 0.0660298 (LSmallToe)
[2024-10-09 18:42:37.237] [info] Frame 535 (t = 17.8667):	 total squared error = 0.0167552, marker error: RMS = 0.029696, max = 0.0666077 (LSmallToe)
[2024-10-09 18:42:37.290] [info] Frame 536 (t = 17.9):	 total squared error = 0.0168414, marker error: RMS = 0.0297723, max = 0.0672102 (LSmallToe)
[2024-10-09 18:42:37.343] [info] Frame 537 (t = 17.9333):	 total squared error = 0.0169093, marker error: RMS = 0.0298322, max = 0.0678541 (LSmallToe)
[2024-10-09 18:42:37.387] [info] Frame 538 (t = 17.9667):	 total squared error = 0.0169511, marker error: RMS = 0.0298691, max = 0.0683433 (LSmallToe)
[2024-10-09 18:42:37.504] [info] Frame 539 (t = 18.0):	 total squared error = 0.0169157, marker error: RMS = 0.0298379, max = 0.0683386 (LSmallToe)
[2024-10-09 18:42:37.556] [info] Frame 540 (t = 18.0333):	 total squared error = 0.0167070, marker error: RMS = 0.0296532, max = 0.067142 (LSmallToe)
[2024-10-09 18:42:37.606] [info] Frame 541 (t = 18.0667):	 total squared error = 0.0161884, marker error: RMS = 0.0291894, max = 0.0641241 (LSmallToe)
[2024-10-09 18:42:37.653] [info] Frame 542 (t = 18.1):	 total squared error = 0.0152552, marker error: RMS = 0.0283356, max = 0.0584921 (LSmallToe)
[2024-10-09 18:42:37.682] [info] Frame 543 (t = 18.1333):	 total squared error = 0.0139372, marker error: RMS = 0.0270838, max = 0.0499399 (LSmallToe)
[2024-10-09 18:42:37.716] [info] Frame 544 (t = 18.1667):	 total squared error = 0.0124856, marker error: RMS = 0.0256347, max = 0.0422185 (RHip)
[2024-10-09 18:42:37.747] [info] Frame 545 (t = 18.2):	 total squared error = 0.011281, marker error: RMS = 0.0243668, max = 0.0418297 (RHip)
[2024-10-09 18:42:37.780] [info] Frame 546 (t = 18.2333):	 total squared error = 0.0104951, marker error: RMS = 0.0235027, max = 0.0413804 (RHip)
[2024-10-09 18:42:37.798] [info] Frame 547 (t = 18.2667):	 total squared error = 0.0100336, marker error: RMS = 0.02298, max = 0.0408238 (RHip)
[2024-10-09 18:42:37.838] [info] Frame 548 (t = 18.3):	 total squared error = 0.00979682, marker error: RMS = 0.0227073, max = 0.0405611 (RHip)
[2024-10-09 18:42:37.865] [info] Frame 549 (t = 18.3333):	 total squared error = 0.00974732, marker error: RMS = 0.0226499, max = 0.0405551 (RHip)
[2024-10-09 18:42:37.887] [info] Frame 550 (t = 18.3667):	 total squared error = 0.0100265, marker error: RMS = 0.0229719, max = 0.0410346 (RHip)
[2024-10-09 18:42:37.910] [info] Frame 551 (t = 18.4):	 total squared error = 0.0108591, marker error: RMS = 0.0239067, max = 0.0417908 (RHip)
[2024-10-09 18:42:37.965] [info] Frame 552 (t = 18.4333):	 total squared error = 0.0122909, marker error: RMS = 0.0254341, max = 0.042591 (LSmallToe)
[2024-10-09 18:42:37.999] [info] Frame 553 (t = 18.4667):	 total squared error = 0.0141009, marker error: RMS = 0.0272425, max = 0.0538896 (LSmallToe)
[2024-10-09 18:42:38.031] [info] Frame 554 (t = 18.5):	 total squared error = 0.015693, marker error: RMS = 0.0287393, max = 0.0622747 (LSmallToe)
[2024-10-09 18:42:38.052] [info] Frame 555 (t = 18.5333):	 total squared error = 0.0167116, marker error: RMS = 0.0296573, max = 0.0675019 (LSmallToe)
[2024-10-09 18:42:38.133] [info] Frame 556 (t = 18.5667):	 total squared error = 0.0170941, marker error: RMS = 0.0299948, max = 0.0693281 (LSmallToe)
[2024-10-09 18:42:38.188] [info] Frame 557 (t = 18.6):	 total squared error = 0.0169616, marker error: RMS = 0.0298784, max = 0.0691435 (LSmallToe)
[2024-10-09 18:42:38.228] [info] Frame 558 (t = 18.6333):	 total squared error = 0.0164090, marker error: RMS = 0.0293876, max = 0.0668159 (LSmallToe)
[2024-10-09 18:42:38.244] [info] Frame 559 (t = 18.6667):	 total squared error = 0.0154584, marker error: RMS = 0.0285237, max = 0.0619415 (LSmallToe)
[2024-10-09 18:42:38.261] [info] Frame 560 (t = 18.7):	 total squared error = 0.0142295, marker error: RMS = 0.0273664, max = 0.0548738 (LSmallToe)
[2024-10-09 18:42:38.285] [info] Frame 561 (t = 18.7333):	 total squared error = 0.0129662, marker error: RMS = 0.0261234, max = 0.0460455 (LSmallToe)
[2024-10-09 18:42:38.307] [info] Frame 562 (t = 18.7667):	 total squared error = 0.0120300, marker error: RMS = 0.0251626, max = 0.0422454 (RHip)
[2024-10-09 18:42:38.369] [info] Frame 563 (t = 18.8):	 total squared error = 0.0116145, marker error: RMS = 0.0247243, max = 0.0426381 (RHip)
[2024-10-09 18:42:38.431] [info] Frame 564 (t = 18.8333):	 total squared error = 0.0115541, marker error: RMS = 0.0246599, max = 0.0430435 (RHip)
[2024-10-09 18:42:38.461] [info] Frame 565 (t = 18.8667):	 total squared error = 0.0116171, marker error: RMS = 0.024727, max = 0.0433608 (RHip)
[2024-10-09 18:42:38.492] [info] Frame 566 (t = 18.9):	 total squared error = 0.0116155, marker error: RMS = 0.0247253, max = 0.0434711 (RHip)
[2024-10-09 18:42:38.544] [info] Frame 567 (t = 18.9333):	 total squared error = 0.0114733, marker error: RMS = 0.0245735, max = 0.0434274 (RHip)
[2024-10-09 18:42:38.595] [info] Frame 568 (t = 18.9667):	 total squared error = 0.0112486, marker error: RMS = 0.0243317, max = 0.0431256 (RHip)
[2024-10-09 18:42:38.644] [info] Frame 569 (t = 19.0):	 total squared error = 0.0110939, marker error: RMS = 0.0241638, max = 0.0429083 (RHip)
[2024-10-09 18:42:38.677] [info] Frame 570 (t = 19.0333):	 total squared error = 0.0111684, marker error: RMS = 0.0242448, max = 0.04285 (RHip)
[2024-10-09 18:42:38.708] [info] Frame 571 (t = 19.0667):	 total squared error = 0.0115884, marker error: RMS = 0.0246965, max = 0.0429233 (RHip)
[2024-10-09 18:42:38.728] [info] Frame 572 (t = 19.1):	 total squared error = 0.012411, marker error: RMS = 0.025558, max = 0.0430977 (RHip)
[2024-10-09 18:42:38.773] [info] Frame 573 (t = 19.1333):	 total squared error = 0.0135801, marker error: RMS = 0.0267346, max = 0.049251 (LSmallToe)
[2024-10-09 18:42:38.805] [info] Frame 574 (t = 19.1667):	 total squared error = 0.0150040, marker error: RMS = 0.0281013, max = 0.0575356 (LSmallToe)
[2024-10-09 18:42:38.842] [info] Frame 575 (t = 19.2):	 total squared error = 0.0163633, marker error: RMS = 0.0293467, max = 0.0643507 (LSmallToe)
[2024-10-09 18:42:38.904] [info] Frame 576 (t = 19.2333):	 total squared error = 0.0174165, marker error: RMS = 0.0302764, max = 0.0691775 (LSmallToe)
[2024-10-09 18:42:38.969] [info] Frame 577 (t = 19.2667):	 total squared error = 0.0180732, marker error: RMS = 0.0308418, max = 0.0720028 (LSmallToe)
[2024-10-09 18:42:39.020] [info] Frame 578 (t = 19.3):	 total squared error = 0.0183506, marker error: RMS = 0.0310777, max = 0.0731194 (LSmallToe)
[2024-10-09 18:42:39.065] [info] Frame 579 (t = 19.3333):	 total squared error = 0.0183208, marker error: RMS = 0.0310525, max = 0.0729871 (LSmallToe)
[2024-10-09 18:42:39.116] [info] Frame 580 (t = 19.3667):	 total squared error = 0.0180705, marker error: RMS = 0.0308396, max = 0.0720776 (LSmallToe)
[2024-10-09 18:42:39.169] [info] Frame 581 (t = 19.4):	 total squared error = 0.0177126, marker error: RMS = 0.0305326, max = 0.0707339 (LSmallToe)
[2024-10-09 18:42:39.219] [info] Frame 582 (t = 19.4333):	 total squared error = 0.0173406, marker error: RMS = 0.0302103, max = 0.0694869 (LSmallToe)
[2024-10-09 18:42:39.269] [info] Frame 583 (t = 19.4667):	 total squared error = 0.0170227, marker error: RMS = 0.0299321, max = 0.0682665 (LSmallToe)
[2024-10-09 18:42:39.283] [info] InverseKinematicsTool completed 584 frames in 32 second(s).
