[2024-10-09 17:32:03.132] [info] Preparing to run InverseKinematicsTool.
[2024-10-09 17:32:03.154] [info] Loaded model Pose2Sim_scaled from file Model_Pose2Sim_Halpe26_scaled.osim
[2024-10-09 17:32:03.154] [warning] Couldn't find file 'r_pelvis.vtp'.
[2024-10-09 17:32:03.154] [warning] Couldn't find file 'l_pelvis.vtp'.
[2024-10-09 17:32:03.154] [warning] Couldn't find file 'sacrum.vtp'.
[2024-10-09 17:32:03.155] [warning] Couldn't find file 'femur_r.vtp'.
[2024-10-09 17:32:03.155] [warning] Couldn't find file 'r_patella.vtp'.
[2024-10-09 17:32:03.155] [warning] Couldn't find file 'tibia_r.vtp'.
[2024-10-09 17:32:03.155] [warning] Couldn't find file 'fibula_r.vtp'.
[2024-10-09 17:32:03.156] [warning] Couldn't find file 'talus_rv.vtp'.
[2024-10-09 17:32:03.156] [warning] Couldn't find file 'foot.vtp'.
[2024-10-09 17:32:03.156] [warning] Couldn't find file 'bofoot.vtp'.
[2024-10-09 17:32:03.156] [warning] Couldn't find file 'femur_l.vtp'.
[2024-10-09 17:32:03.156] [warning] Couldn't find file 'l_patella.vtp'.
[2024-10-09 17:32:03.156] [warning] Couldn't find file 'tibia_l.vtp'.
[2024-10-09 17:32:03.157] [warning] Couldn't find file 'fibula_l.vtp'.
[2024-10-09 17:32:03.157] [warning] Couldn't find file 'talus_lv.vtp'.
[2024-10-09 17:32:03.157] [warning] Couldn't find file 'l_foot.vtp'.
[2024-10-09 17:32:03.157] [warning] Couldn't find file 'l_bofoot.vtp'.
[2024-10-09 17:32:03.157] [warning] Couldn't find file 'lumbar5.vtp'.
[2024-10-09 17:32:03.157] [warning] Couldn't find file 'lumbar4.vtp'.
[2024-10-09 17:32:03.157] [warning] Couldn't find file 'lumbar3.vtp'.
[2024-10-09 17:32:03.157] [warning] Couldn't find file 'lumbar2.vtp'.
[2024-10-09 17:32:03.158] [warning] Couldn't find file 'lumbar1.vtp'.
[2024-10-09 17:32:03.158] [warning] Couldn't find file 'cerv1sm.vtp'.
[2024-10-09 17:32:03.158] [warning] Couldn't find file 'cerv2sm.vtp'.
[2024-10-09 17:32:03.158] [warning] Couldn't find file 'cerv3sm.vtp'.
[2024-10-09 17:32:03.158] [warning] Couldn't find file 'cerv4sm.vtp'.
[2024-10-09 17:32:03.158] [warning] Couldn't find file 'cerv5sm.vtp'.
[2024-10-09 17:32:03.158] [warning] Couldn't find file 'cerv6sm.vtp'.
[2024-10-09 17:32:03.159] [warning] Couldn't find file 'cerv7.vtp'.
[2024-10-09 17:32:03.159] [warning] Couldn't find file 'thoracic12_s.vtp'.
[2024-10-09 17:32:03.159] [warning] Couldn't find file 'thoracic11_s.vtp'.
[2024-10-09 17:32:03.159] [warning] Couldn't find file 'thoracic10_s.vtp'.
[2024-10-09 17:32:03.159] [warning] Couldn't find file 'thoracic9_s.vtp'.
[2024-10-09 17:32:03.159] [warning] Couldn't find file 'thoracic8_s.vtp'.
[2024-10-09 17:32:03.159] [warning] Couldn't find file 'thoracic7_s.vtp'.
[2024-10-09 17:32:03.160] [warning] Couldn't find file 'thoracic6_s.vtp'.
[2024-10-09 17:32:03.160] [warning] Couldn't find file 'thoracic5_s.vtp'.
[2024-10-09 17:32:03.160] [warning] Couldn't find file 'thoracic4_s.vtp'.
[2024-10-09 17:32:03.160] [warning] Couldn't find file 'thoracic3_s.vtp'.
[2024-10-09 17:32:03.160] [warning] Couldn't find file 'thoracic2_s.vtp'.
[2024-10-09 17:32:03.160] [warning] Couldn't find file 'thoracic1_s.vtp'.
[2024-10-09 17:32:03.160] [warning] Couldn't find file 'hat_ribs_scap.vtp'.
[2024-10-09 17:32:03.161] [warning] Couldn't find file 'hat_jaw.vtp'.
[2024-10-09 17:32:03.161] [warning] Couldn't find file 'hat_skull.vtp'.
[2024-10-09 17:32:03.161] [warning] Couldn't find file 'humerus_rv.vtp'.
[2024-10-09 17:32:03.161] [warning] Couldn't find file 'ulna_rv.vtp'.
[2024-10-09 17:32:03.161] [warning] Couldn't find file 'radius_rv.vtp'.
[2024-10-09 17:32:03.161] [warning] Couldn't find file 'pisiform_rvs.vtp'.
[2024-10-09 17:32:03.161] [warning] Couldn't find file 'lunate_rvs.vtp'.
[2024-10-09 17:32:03.161] [warning] Couldn't find file 'scaphoid_rvs.vtp'.
[2024-10-09 17:32:03.162] [warning] Couldn't find file 'triquetrum_rvs.vtp'.
[2024-10-09 17:32:03.162] [warning] Couldn't find file 'hamate_rvs.vtp'.
[2024-10-09 17:32:03.162] [warning] Couldn't find file 'capitate_rvs.vtp'.
[2024-10-09 17:32:03.162] [warning] Couldn't find file 'trapezoid_rvs.vtp'.
[2024-10-09 17:32:03.162] [warning] Couldn't find file 'trapezium_rvs.vtp'.
[2024-10-09 17:32:03.162] [warning] Couldn't find file 'metacarpal2_rvs.vtp'.
[2024-10-09 17:32:03.162] [warning] Couldn't find file 'index_proximal_rvs.vtp'.
[2024-10-09 17:32:03.162] [warning] Couldn't find file 'index_medial_rvs.vtp'.
[2024-10-09 17:32:03.163] [warning] Couldn't find file 'index_distal_rvs.vtp'.
[2024-10-09 17:32:03.163] [warning] Couldn't find file 'metacarpal3_rvs.vtp'.
[2024-10-09 17:32:03.163] [warning] Couldn't find file 'middle_proximal_rvs.vtp'.
[2024-10-09 17:32:03.163] [warning] Couldn't find file 'middle_medial_rvs.vtp'.
[2024-10-09 17:32:03.163] [warning] Couldn't find file 'middle_distal_rvs.vtp'.
[2024-10-09 17:32:03.163] [warning] Couldn't find file 'metacarpal4_rvs.vtp'.
[2024-10-09 17:32:03.163] [warning] Couldn't find file 'ring_proximal_rvs.vtp'.
[2024-10-09 17:32:03.163] [warning] Couldn't find file 'ring_medial_rvs.vtp'.
[2024-10-09 17:32:03.163] [warning] Couldn't find file 'ring_distal_rvs.vtp'.
[2024-10-09 17:32:03.164] [warning] Couldn't find file 'metacarpal5_rvs.vtp'.
[2024-10-09 17:32:03.164] [warning] Couldn't find file 'little_proximal_rvs.vtp'.
[2024-10-09 17:32:03.164] [warning] Couldn't find file 'little_medial_rvs.vtp'.
[2024-10-09 17:32:03.164] [warning] Couldn't find file 'little_distal_rvs.vtp'.
[2024-10-09 17:32:03.164] [warning] Couldn't find file 'metacarpal1_rvs.vtp'.
[2024-10-09 17:32:03.164] [warning] Couldn't find file 'thumb_proximal_rvs.vtp'.
[2024-10-09 17:32:03.165] [warning] Couldn't find file 'thumb_distal_rvs.vtp'.
[2024-10-09 17:32:03.165] [warning] Couldn't find file 'humerus_lv.vtp'.
[2024-10-09 17:32:03.165] [warning] Couldn't find file 'ulna_lv.vtp'.
[2024-10-09 17:32:03.165] [warning] Couldn't find file 'radius_lv.vtp'.
[2024-10-09 17:32:03.165] [warning] Couldn't find file 'pisiform_lvs.vtp'.
[2024-10-09 17:32:03.165] [warning] Couldn't find file 'lunate_lvs.vtp'.
[2024-10-09 17:32:03.165] [warning] Couldn't find file 'scaphoid_lvs.vtp'.
[2024-10-09 17:32:03.165] [warning] Couldn't find file 'triquetrum_lvs.vtp'.
[2024-10-09 17:32:03.166] [warning] Couldn't find file 'hamate_lvs.vtp'.
[2024-10-09 17:32:03.166] [warning] Couldn't find file 'capitate_lvs.vtp'.
[2024-10-09 17:32:03.166] [warning] Couldn't find file 'trapezoid_lvs.vtp'.
[2024-10-09 17:32:03.166] [warning] Couldn't find file 'trapezium_lvs.vtp'.
[2024-10-09 17:32:03.166] [warning] Couldn't find file 'metacarpal2_lvs.vtp'.
[2024-10-09 17:32:03.166] [warning] Couldn't find file 'index_proximal_lvs.vtp'.
[2024-10-09 17:32:03.166] [warning] Couldn't find file 'index_medial_lvs.vtp'.
[2024-10-09 17:32:03.166] [warning] Couldn't find file 'index_distal_lvs.vtp'.
[2024-10-09 17:32:03.166] [warning] Couldn't find file 'metacarpal3_lvs.vtp'.
[2024-10-09 17:32:03.167] [warning] Couldn't find file 'middle_proximal_lvs.vtp'.
[2024-10-09 17:32:03.167] [warning] Couldn't find file 'middle_medial_lvs.vtp'.
[2024-10-09 17:32:03.167] [warning] Couldn't find file 'middle_distal_lvs.vtp'.
[2024-10-09 17:32:03.167] [warning] Couldn't find file 'metacarpal4_lvs.vtp'.
[2024-10-09 17:32:03.167] [warning] Couldn't find file 'ring_proximal_lvs.vtp'.
[2024-10-09 17:32:03.167] [warning] Couldn't find file 'ring_medial_lvs.vtp'.
[2024-10-09 17:32:03.167] [warning] Couldn't find file 'ring_distal_lvs.vtp'.
[2024-10-09 17:32:03.167] [warning] Couldn't find file 'metacarpal5_lvs.vtp'.
[2024-10-09 17:32:03.168] [warning] Couldn't find file 'little_proximal_lvs.vtp'.
[2024-10-09 17:32:03.168] [warning] Couldn't find file 'little_medial_lvs.vtp'.
[2024-10-09 17:32:03.168] [warning] Couldn't find file 'little_distal_lvs.vtp'.
[2024-10-09 17:32:03.168] [warning] Couldn't find file 'metacarpal1_lvs.vtp'.
[2024-10-09 17:32:03.168] [warning] Couldn't find file 'thumb_proximal_lvs.vtp'.
[2024-10-09 17:32:03.168] [warning] Couldn't find file 'thumb_distal_lvs.vtp'.
[2024-10-09 17:32:03.169] [cout] [info] 
               MODEL: Pose2Sim_scaled
         coordinates: 62
              forces: 0
           actuators: 0
             muscles: 0
            analyses: 0
              probes: 0
              bodies: 30
              joints: 30
         constraints: 20
             markers: 22
         controllers: 0
  contact geometries: 0
misc modelcomponents: 0
[2024-10-09 17:32:03.170] [info] Running tool .
[2024-10-09 17:32:03.589] [info] Frame 0 (t = 0.0333333):	 total squared error = 0.0171532, marker error: RMS = 0.0300466, max = 0.0664553 (LShoulder)
[2024-10-09 17:32:03.659] [info] Frame 1 (t = 0.0666667):	 total squared error = 0.0150665, marker error: RMS = 0.0281598, max = 0.0601470 (LShoulder)
[2024-10-09 17:32:03.716] [info] Frame 2 (t = 0.1):	 total squared error = 0.0139217, marker error: RMS = 0.0270688, max = 0.054171 (LShoulder)
[2024-10-09 17:32:03.784] [info] Frame 3 (t = 0.133333):	 total squared error = 0.013237, marker error: RMS = 0.0263948, max = 0.0495677 (LShoulder)
[2024-10-09 17:32:03.817] [info] Frame 4 (t = 0.166667):	 total squared error = 0.01277, marker error: RMS = 0.025925, max = 0.04648 (LShoulder)
[2024-10-09 17:32:03.916] [info] Frame 5 (t = 0.2):	 total squared error = 0.0125066, marker error: RMS = 0.0256562, max = 0.045591 (LShoulder)
[2024-10-09 17:32:04.001] [info] Frame 6 (t = 0.233333):	 total squared error = 0.0125107, marker error: RMS = 0.0256605, max = 0.0466342 (LShoulder)
[2024-10-09 17:32:04.029] [info] Frame 7 (t = 0.266667):	 total squared error = 0.012838, marker error: RMS = 0.0259939, max = 0.0490480 (LShoulder)
[2024-10-09 17:32:04.060] [info] Frame 8 (t = 0.3):	 total squared error = 0.0133783, marker error: RMS = 0.0265353, max = 0.0514852 (LShoulder)
[2024-10-09 17:32:04.106] [info] Frame 9 (t = 0.333333):	 total squared error = 0.0139407, marker error: RMS = 0.0270873, max = 0.0531371 (LShoulder)
[2024-10-09 17:32:04.178] [info] Frame 10 (t = 0.366667):	 total squared error = 0.0143252, marker error: RMS = 0.0274583, max = 0.0533997 (LShoulder)
[2024-10-09 17:32:04.254] [info] Frame 11 (t = 0.4):	 total squared error = 0.0145347, marker error: RMS = 0.0276583, max = 0.0533040 (LShoulder)
[2024-10-09 17:32:04.306] [info] Frame 12 (t = 0.433333):	 total squared error = 0.0147106, marker error: RMS = 0.0278252, max = 0.0537737 (LShoulder)
[2024-10-09 17:32:04.365] [info] Frame 13 (t = 0.466667):	 total squared error = 0.0149903, marker error: RMS = 0.0280885, max = 0.0552404 (LShoulder)
[2024-10-09 17:32:04.400] [info] Frame 14 (t = 0.5):	 total squared error = 0.0153656, marker error: RMS = 0.0284379, max = 0.0578040 (LShoulder)
[2024-10-09 17:32:04.469] [info] Frame 15 (t = 0.533333):	 total squared error = 0.0157287, marker error: RMS = 0.028772, max = 0.0596189 (LShoulder)
[2024-10-09 17:32:04.525] [info] Frame 16 (t = 0.566667):	 total squared error = 0.0160919, marker error: RMS = 0.0291023, max = 0.0613312 (LShoulder)
[2024-10-09 17:32:04.553] [info] Frame 17 (t = 0.6):	 total squared error = 0.0164899, marker error: RMS = 0.02946, max = 0.0622571 (LShoulder)
[2024-10-09 17:32:04.635] [info] Frame 18 (t = 0.633333):	 total squared error = 0.0167806, marker error: RMS = 0.0297185, max = 0.0631359 (LShoulder)
[2024-10-09 17:32:04.702] [info] Frame 19 (t = 0.666667):	 total squared error = 0.0170321, marker error: RMS = 0.0299404, max = 0.0628747 (LShoulder)
[2024-10-09 17:32:04.726] [info] Frame 20 (t = 0.7):	 total squared error = 0.0170248, marker error: RMS = 0.029934, max = 0.0616704 (LShoulder)
[2024-10-09 17:32:04.777] [info] Frame 21 (t = 0.733333):	 total squared error = 0.0164752, marker error: RMS = 0.0294468, max = 0.0598612 (LShoulder)
[2024-10-09 17:32:04.808] [info] Frame 22 (t = 0.766667):	 total squared error = 0.0155323, marker error: RMS = 0.0285918, max = 0.0571361 (LShoulder)
[2024-10-09 17:32:04.877] [info] Frame 23 (t = 0.8):	 total squared error = 0.0144208, marker error: RMS = 0.0275498, max = 0.0537554 (LShoulder)
[2024-10-09 17:32:04.927] [info] Frame 24 (t = 0.833333):	 total squared error = 0.0134607, marker error: RMS = 0.0266169, max = 0.0506592 (LShoulder)
[2024-10-09 17:32:05.016] [info] Frame 25 (t = 0.866667):	 total squared error = 0.0128243, marker error: RMS = 0.0259801, max = 0.0487439 (LShoulder)
[2024-10-09 17:32:05.106] [info] Frame 26 (t = 0.9):	 total squared error = 0.012525, marker error: RMS = 0.0256751, max = 0.0479752 (LShoulder)
[2024-10-09 17:32:05.188] [info] Frame 27 (t = 0.933333):	 total squared error = 0.0124706, marker error: RMS = 0.0256193, max = 0.0475766 (LShoulder)
[2024-10-09 17:32:05.244] [info] Frame 28 (t = 0.966667):	 total squared error = 0.0126388, marker error: RMS = 0.0257915, max = 0.0472957 (LShoulder)
[2024-10-09 17:32:05.326] [info] Frame 29 (t = 1.0):	 total squared error = 0.0130151, marker error: RMS = 0.0261726, max = 0.0476653 (LShoulder)
[2024-10-09 17:32:05.371] [info] Frame 30 (t = 1.03333):	 total squared error = 0.0134996, marker error: RMS = 0.0266553, max = 0.0481491 (LShoulder)
[2024-10-09 17:32:05.450] [info] Frame 31 (t = 1.06667):	 total squared error = 0.0138551, marker error: RMS = 0.0270040, max = 0.0486299 (LShoulder)
[2024-10-09 17:32:05.524] [info] Frame 32 (t = 1.1):	 total squared error = 0.0140283, marker error: RMS = 0.0271723, max = 0.0485455 (LShoulder)
[2024-10-09 17:32:05.567] [info] Frame 33 (t = 1.13333):	 total squared error = 0.0141184, marker error: RMS = 0.0272593, max = 0.0484462 (LShoulder)
[2024-10-09 17:32:05.620] [info] Frame 34 (t = 1.16667):	 total squared error = 0.014134, marker error: RMS = 0.0272745, max = 0.0482693 (LShoulder)
[2024-10-09 17:32:05.706] [info] Frame 35 (t = 1.2):	 total squared error = 0.0140830, marker error: RMS = 0.0272252, max = 0.0475906 (LShoulder)
[2024-10-09 17:32:05.779] [info] Frame 36 (t = 1.23333):	 total squared error = 0.0140970, marker error: RMS = 0.0272387, max = 0.0466773 (LShoulder)
[2024-10-09 17:32:05.831] [info] Frame 37 (t = 1.26667):	 total squared error = 0.014325, marker error: RMS = 0.0274581, max = 0.0468317 (LShoulder)
[2024-10-09 17:32:05.916] [info] Frame 38 (t = 1.3):	 total squared error = 0.0147338, marker error: RMS = 0.0278472, max = 0.0484843 (LShoulder)
[2024-10-09 17:32:05.968] [info] Frame 39 (t = 1.33333):	 total squared error = 0.0151323, marker error: RMS = 0.0282212, max = 0.0511331 (LShoulder)
[2024-10-09 17:32:06.047] [info] Frame 40 (t = 1.36667):	 total squared error = 0.0153111, marker error: RMS = 0.0283874, max = 0.0530977 (LShoulder)
[2024-10-09 17:32:06.137] [info] Frame 41 (t = 1.4):	 total squared error = 0.0151858, marker error: RMS = 0.028271, max = 0.053296 (LShoulder)
[2024-10-09 17:32:06.187] [info] Frame 42 (t = 1.43333):	 total squared error = 0.0148557, marker error: RMS = 0.0279621, max = 0.0518291 (LShoulder)
[2024-10-09 17:32:06.225] [info] Frame 43 (t = 1.46667):	 total squared error = 0.0145779, marker error: RMS = 0.0276994, max = 0.0496987 (LShoulder)
[2024-10-09 17:32:06.266] [info] Frame 44 (t = 1.5):	 total squared error = 0.0145692, marker error: RMS = 0.0276912, max = 0.0487892 (LShoulder)
[2024-10-09 17:32:06.344] [info] Frame 45 (t = 1.53333):	 total squared error = 0.014893, marker error: RMS = 0.0279971, max = 0.0501508 (LShoulder)
[2024-10-09 17:32:06.381] [info] Frame 46 (t = 1.56667):	 total squared error = 0.0154393, marker error: RMS = 0.0285060, max = 0.0527077 (LShoulder)
[2024-10-09 17:32:06.460] [info] Frame 47 (t = 1.6):	 total squared error = 0.0159060, marker error: RMS = 0.0289337, max = 0.0548733 (LShoulder)
[2024-10-09 17:32:06.544] [info] Frame 48 (t = 1.63333):	 total squared error = 0.0160519, marker error: RMS = 0.0290660, max = 0.0553697 (LShoulder)
[2024-10-09 17:32:06.642] [info] Frame 49 (t = 1.66667):	 total squared error = 0.0158551, marker error: RMS = 0.0288873, max = 0.0539877 (LShoulder)
[2024-10-09 17:32:06.703] [info] Frame 50 (t = 1.7):	 total squared error = 0.0155414, marker error: RMS = 0.0286002, max = 0.0517423 (LShoulder)
[2024-10-09 17:32:06.786] [info] Frame 51 (t = 1.73333):	 total squared error = 0.015331, marker error: RMS = 0.0284059, max = 0.0499602 (LShoulder)
[2024-10-09 17:32:06.879] [info] Frame 52 (t = 1.76667):	 total squared error = 0.0152734, marker error: RMS = 0.0283525, max = 0.0495605 (RAnkle)
[2024-10-09 17:32:06.975] [info] Frame 53 (t = 1.8):	 total squared error = 0.0153023, marker error: RMS = 0.0283793, max = 0.0494976 (RAnkle)
[2024-10-09 17:32:07.059] [info] Frame 54 (t = 1.83333):	 total squared error = 0.0153368, marker error: RMS = 0.0284113, max = 0.0497192 (LShoulder)
[2024-10-09 17:32:07.134] [info] Frame 55 (t = 1.86667):	 total squared error = 0.015262, marker error: RMS = 0.0283419, max = 0.0498828 (LShoulder)
[2024-10-09 17:32:07.238] [info] Frame 56 (t = 1.9):	 total squared error = 0.0149808, marker error: RMS = 0.0280796, max = 0.049293 (LShoulder)
[2024-10-09 17:32:07.317] [info] Frame 57 (t = 1.93333):	 total squared error = 0.0145086, marker error: RMS = 0.0276335, max = 0.0488936 (RAnkle)
[2024-10-09 17:32:07.384] [info] Frame 58 (t = 1.96667):	 total squared error = 0.0140044, marker error: RMS = 0.0271491, max = 0.0483799 (RAnkle)
[2024-10-09 17:32:07.453] [info] Frame 59 (t = 2.0):	 total squared error = 0.0136216, marker error: RMS = 0.0267755, max = 0.0475224 (RAnkle)
[2024-10-09 17:32:07.494] [info] Frame 60 (t = 2.03333):	 total squared error = 0.0134297, marker error: RMS = 0.0265862, max = 0.0465215 (RAnkle)
[2024-10-09 17:32:07.538] [info] Frame 61 (t = 2.06667):	 total squared error = 0.0134855, marker error: RMS = 0.0266414, max = 0.0473734 (LShoulder)
[2024-10-09 17:32:07.575] [info] Frame 62 (t = 2.1):	 total squared error = 0.0138157, marker error: RMS = 0.0269655, max = 0.0513939 (LShoulder)
[2024-10-09 17:32:07.608] [info] Frame 63 (t = 2.13333):	 total squared error = 0.0142856, marker error: RMS = 0.0274203, max = 0.0545371 (LShoulder)
[2024-10-09 17:32:07.677] [info] Frame 64 (t = 2.16667):	 total squared error = 0.0145369, marker error: RMS = 0.0276604, max = 0.0551934 (LShoulder)
[2024-10-09 17:32:07.739] [info] Frame 65 (t = 2.2):	 total squared error = 0.0144094, marker error: RMS = 0.0275389, max = 0.0536772 (LShoulder)
[2024-10-09 17:32:07.794] [info] Frame 66 (t = 2.23333):	 total squared error = 0.0138926, marker error: RMS = 0.0270405, max = 0.0502148 (LShoulder)
[2024-10-09 17:32:07.834] [info] Frame 67 (t = 2.26667):	 total squared error = 0.0133121, marker error: RMS = 0.0264696, max = 0.0454796 (LShoulder)
[2024-10-09 17:32:07.877] [info] Frame 68 (t = 2.3):	 total squared error = 0.0129231, marker error: RMS = 0.0260799, max = 0.0416007 (LShoulder)
[2024-10-09 17:32:07.925] [info] Frame 69 (t = 2.33333):	 total squared error = 0.0127242, marker error: RMS = 0.0258785, max = 0.0404384 (LShoulder)
[2024-10-09 17:32:07.973] [info] Frame 70 (t = 2.36667):	 total squared error = 0.0126522, marker error: RMS = 0.0258052, max = 0.0410253 (LShoulder)
[2024-10-09 17:32:08.011] [info] Frame 71 (t = 2.4):	 total squared error = 0.0125548, marker error: RMS = 0.0257056, max = 0.042899 (LShoulder)
[2024-10-09 17:32:08.053] [info] Frame 72 (t = 2.43333):	 total squared error = 0.012415, marker error: RMS = 0.0255621, max = 0.0449266 (LShoulder)
[2024-10-09 17:32:08.073] [info] Frame 73 (t = 2.46667):	 total squared error = 0.0123053, marker error: RMS = 0.0254489, max = 0.0463603 (LShoulder)
[2024-10-09 17:32:08.134] [info] Frame 74 (t = 2.5):	 total squared error = 0.0121932, marker error: RMS = 0.0253327, max = 0.0473342 (LShoulder)
[2024-10-09 17:32:08.193] [info] Frame 75 (t = 2.53333):	 total squared error = 0.0121678, marker error: RMS = 0.0253064, max = 0.047798 (LShoulder)
[2024-10-09 17:32:08.242] [info] Frame 76 (t = 2.56667):	 total squared error = 0.0120721, marker error: RMS = 0.0252066, max = 0.047487 (LShoulder)
[2024-10-09 17:32:08.289] [info] Frame 77 (t = 2.6):	 total squared error = 0.011868, marker error: RMS = 0.0249926, max = 0.0457365 (LShoulder)
[2024-10-09 17:32:08.353] [info] Frame 78 (t = 2.63333):	 total squared error = 0.0116009, marker error: RMS = 0.0247097, max = 0.0427166 (LShoulder)
[2024-10-09 17:32:08.374] [info] Frame 79 (t = 2.66667):	 total squared error = 0.0114067, marker error: RMS = 0.0245021, max = 0.0394946 (LShoulder)
[2024-10-09 17:32:08.421] [info] Frame 80 (t = 2.7):	 total squared error = 0.0114006, marker error: RMS = 0.0244956, max = 0.0371685 (LShoulder)
[2024-10-09 17:32:08.476] [info] Frame 81 (t = 2.73333):	 total squared error = 0.0115956, marker error: RMS = 0.0247042, max = 0.0370745 (LHeel)
[2024-10-09 17:32:08.559] [info] Frame 82 (t = 2.76667):	 total squared error = 0.0119268, marker error: RMS = 0.0250545, max = 0.0378241 (LShoulder)
[2024-10-09 17:32:08.588] [info] Frame 83 (t = 2.8):	 total squared error = 0.0124169, marker error: RMS = 0.025564, max = 0.0408345 (LShoulder)
[2024-10-09 17:32:08.638] [info] Frame 84 (t = 2.83333):	 total squared error = 0.0129603, marker error: RMS = 0.0261175, max = 0.0450582 (LShoulder)
[2024-10-09 17:32:08.702] [info] Frame 85 (t = 2.86667):	 total squared error = 0.0135742, marker error: RMS = 0.0267288, max = 0.0488806 (LShoulder)
[2024-10-09 17:32:08.737] [info] Frame 86 (t = 2.9):	 total squared error = 0.0140835, marker error: RMS = 0.0272256, max = 0.0515555 (LShoulder)
[2024-10-09 17:32:08.830] [info] Frame 87 (t = 2.93333):	 total squared error = 0.0143466, marker error: RMS = 0.0274788, max = 0.0520989 (LShoulder)
[2024-10-09 17:32:08.927] [info] Frame 88 (t = 2.96667):	 total squared error = 0.0144742, marker error: RMS = 0.0276007, max = 0.0514778 (LShoulder)
[2024-10-09 17:32:09.005] [info] Frame 89 (t = 3.0):	 total squared error = 0.0145671, marker error: RMS = 0.0276891, max = 0.0507476 (LShoulder)
[2024-10-09 17:32:09.056] [info] Frame 90 (t = 3.03333):	 total squared error = 0.0146487, marker error: RMS = 0.0277666, max = 0.0503345 (LShoulder)
[2024-10-09 17:32:09.094] [info] Frame 91 (t = 3.06667):	 total squared error = 0.014685, marker error: RMS = 0.0278009, max = 0.0498971 (LShoulder)
[2024-10-09 17:32:09.170] [info] Frame 92 (t = 3.1):	 total squared error = 0.0146648, marker error: RMS = 0.0277819, max = 0.0491884 (LShoulder)
[2024-10-09 17:32:09.258] [info] Frame 93 (t = 3.13333):	 total squared error = 0.0146495, marker error: RMS = 0.0277673, max = 0.0483272 (LShoulder)
[2024-10-09 17:32:09.322] [info] Frame 94 (t = 3.16667):	 total squared error = 0.0146447, marker error: RMS = 0.0277628, max = 0.0476379 (LShoulder)
[2024-10-09 17:32:09.391] [info] Frame 95 (t = 3.2):	 total squared error = 0.014624, marker error: RMS = 0.0277432, max = 0.0471513 (LShoulder)
[2024-10-09 17:32:09.455] [info] Frame 96 (t = 3.23333):	 total squared error = 0.0144946, marker error: RMS = 0.0276201, max = 0.0465302 (LShoulder)
[2024-10-09 17:32:09.549] [info] Frame 97 (t = 3.26667):	 total squared error = 0.0141716, marker error: RMS = 0.0273107, max = 0.0450808 (LShoulder)
[2024-10-09 17:32:09.636] [info] Frame 98 (t = 3.3):	 total squared error = 0.0137058, marker error: RMS = 0.0268581, max = 0.0429744 (LShoulder)
[2024-10-09 17:32:09.665] [info] Frame 99 (t = 3.33333):	 total squared error = 0.0132589, marker error: RMS = 0.0264166, max = 0.0409774 (LShoulder)
[2024-10-09 17:32:09.704] [info] Frame 100 (t = 3.36667):	 total squared error = 0.0129, marker error: RMS = 0.0260566, max = 0.0401318 (LShoulder)
[2024-10-09 17:32:09.757] [info] Frame 101 (t = 3.4):	 total squared error = 0.0126238, marker error: RMS = 0.0257762, max = 0.0401445 (LShoulder)
[2024-10-09 17:32:09.828] [info] Frame 102 (t = 3.43333):	 total squared error = 0.012332, marker error: RMS = 0.0254765, max = 0.0404090 (LShoulder)
[2024-10-09 17:32:09.909] [info] Frame 103 (t = 3.46667):	 total squared error = 0.0119901, marker error: RMS = 0.0251208, max = 0.0400441 (LShoulder)
[2024-10-09 17:32:09.995] [info] Frame 104 (t = 3.5):	 total squared error = 0.0116878, marker error: RMS = 0.0248022, max = 0.0394391 (LShoulder)
[2024-10-09 17:32:10.024] [info] Frame 105 (t = 3.53333):	 total squared error = 0.0115311, marker error: RMS = 0.0246353, max = 0.0394703 (LShoulder)
[2024-10-09 17:32:10.066] [info] Frame 106 (t = 3.56667):	 total squared error = 0.0116054, marker error: RMS = 0.0247145, max = 0.0403039 (LShoulder)
[2024-10-09 17:32:10.121] [info] Frame 107 (t = 3.6):	 total squared error = 0.0119391, marker error: RMS = 0.0250674, max = 0.0426103 (LShoulder)
[2024-10-09 17:32:10.158] [info] Frame 108 (t = 3.63333):	 total squared error = 0.0124852, marker error: RMS = 0.0256343, max = 0.045867 (LShoulder)
[2024-10-09 17:32:10.206] [info] Frame 109 (t = 3.66667):	 total squared error = 0.0130303, marker error: RMS = 0.0261879, max = 0.0486076 (LShoulder)
[2024-10-09 17:32:10.235] [info] Frame 110 (t = 3.7):	 total squared error = 0.0132518, marker error: RMS = 0.0264095, max = 0.0500399 (LShoulder)
[2024-10-09 17:32:10.325] [info] Frame 111 (t = 3.73333):	 total squared error = 0.0130592, marker error: RMS = 0.0262169, max = 0.0492983 (LShoulder)
[2024-10-09 17:32:10.411] [info] Frame 112 (t = 3.76667):	 total squared error = 0.0126992, marker error: RMS = 0.025853, max = 0.0470221 (LShoulder)
[2024-10-09 17:32:10.434] [info] Frame 113 (t = 3.8):	 total squared error = 0.01243, marker error: RMS = 0.0255776, max = 0.0440228 (LShoulder)
[2024-10-09 17:32:10.511] [info] Frame 114 (t = 3.83333):	 total squared error = 0.0121899, marker error: RMS = 0.0253293, max = 0.041612 (LShoulder)
[2024-10-09 17:32:10.537] [info] Frame 115 (t = 3.86667):	 total squared error = 0.0119647, marker error: RMS = 0.0250942, max = 0.039189 (LShoulder)
[2024-10-09 17:32:10.595] [info] Frame 116 (t = 3.9):	 total squared error = 0.0118061, marker error: RMS = 0.0249273, max = 0.0375718 (LShoulder)
[2024-10-09 17:32:10.677] [info] Frame 117 (t = 3.93333):	 total squared error = 0.0118111, marker error: RMS = 0.0249326, max = 0.0376383 (LShoulder)
[2024-10-09 17:32:10.729] [info] Frame 118 (t = 3.96667):	 total squared error = 0.0121141, marker error: RMS = 0.0252505, max = 0.0399444 (LShoulder)
[2024-10-09 17:32:10.762] [info] Frame 119 (t = 4.0):	 total squared error = 0.0128082, marker error: RMS = 0.0259637, max = 0.0444752 (LShoulder)
[2024-10-09 17:32:10.828] [info] Frame 120 (t = 4.03333):	 total squared error = 0.0138278, marker error: RMS = 0.0269774, max = 0.0496848 (LShoulder)
[2024-10-09 17:32:10.857] [info] Frame 121 (t = 4.06667):	 total squared error = 0.0150032, marker error: RMS = 0.0281006, max = 0.0550752 (LShoulder)
[2024-10-09 17:32:10.932] [info] Frame 122 (t = 4.1):	 total squared error = 0.0159157, marker error: RMS = 0.0289425, max = 0.0585506 (LShoulder)
[2024-10-09 17:32:10.971] [info] Frame 123 (t = 4.13333):	 total squared error = 0.0164908, marker error: RMS = 0.0294608, max = 0.0611818 (LShoulder)
[2024-10-09 17:32:11.083] [info] Frame 124 (t = 4.16667):	 total squared error = 0.0166911, marker error: RMS = 0.0296392, max = 0.0623186 (LShoulder)
[2024-10-09 17:32:11.206] [info] Frame 125 (t = 4.2):	 total squared error = 0.0166368, marker error: RMS = 0.0295909, max = 0.0627744 (LShoulder)
[2024-10-09 17:32:11.242] [info] Frame 126 (t = 4.23333):	 total squared error = 0.0164869, marker error: RMS = 0.0294573, max = 0.0626449 (LShoulder)
[2024-10-09 17:32:11.347] [info] Frame 127 (t = 4.26667):	 total squared error = 0.0163675, marker error: RMS = 0.0293505, max = 0.062179 (LShoulder)
[2024-10-09 17:32:11.444] [info] Frame 128 (t = 4.3):	 total squared error = 0.016333, marker error: RMS = 0.0293194, max = 0.0616007 (LShoulder)
[2024-10-09 17:32:11.554] [info] Frame 129 (t = 4.33333):	 total squared error = 0.0163675, marker error: RMS = 0.0293504, max = 0.0611068 (LShoulder)
[2024-10-09 17:32:11.605] [info] Frame 130 (t = 4.36667):	 total squared error = 0.0164549, marker error: RMS = 0.0294287, max = 0.0608196 (LShoulder)
[2024-10-09 17:32:11.656] [info] Frame 131 (t = 4.4):	 total squared error = 0.016561, marker error: RMS = 0.0295234, max = 0.0607420 (LShoulder)
[2024-10-09 17:32:11.703] [info] Frame 132 (t = 4.43333):	 total squared error = 0.0166171, marker error: RMS = 0.0295734, max = 0.0607774 (LShoulder)
[2024-10-09 17:32:11.795] [info] Frame 133 (t = 4.46667):	 total squared error = 0.0165561, marker error: RMS = 0.029519, max = 0.0607912 (LShoulder)
[2024-10-09 17:32:11.850] [info] Frame 134 (t = 4.5):	 total squared error = 0.0163859, marker error: RMS = 0.0293669, max = 0.0608429 (LShoulder)
[2024-10-09 17:32:11.884] [info] Frame 135 (t = 4.53333):	 total squared error = 0.0161259, marker error: RMS = 0.029133, max = 0.0609164 (LShoulder)
[2024-10-09 17:32:11.911] [info] Frame 136 (t = 4.56667):	 total squared error = 0.0158261, marker error: RMS = 0.0288609, max = 0.0609525 (LShoulder)
[2024-10-09 17:32:11.954] [info] Frame 137 (t = 4.6):	 total squared error = 0.0154768, marker error: RMS = 0.0285406, max = 0.0609470 (LShoulder)
[2024-10-09 17:32:12.004] [info] Frame 138 (t = 4.63333):	 total squared error = 0.0151047, marker error: RMS = 0.0281955, max = 0.0606304 (LShoulder)
[2024-10-09 17:32:12.033] [info] Frame 139 (t = 4.66667):	 total squared error = 0.0147195, marker error: RMS = 0.0278336, max = 0.0603116 (LShoulder)
[2024-10-09 17:32:12.058] [info] Frame 140 (t = 4.7):	 total squared error = 0.0142954, marker error: RMS = 0.0274297, max = 0.0595487 (LShoulder)
[2024-10-09 17:32:12.131] [info] Frame 141 (t = 4.73333):	 total squared error = 0.0139691, marker error: RMS = 0.0271148, max = 0.0583007 (LShoulder)
[2024-10-09 17:32:12.199] [info] Frame 142 (t = 4.76667):	 total squared error = 0.0137644, marker error: RMS = 0.0269155, max = 0.0567807 (LShoulder)
[2024-10-09 17:32:12.269] [info] Frame 143 (t = 4.8):	 total squared error = 0.0136869, marker error: RMS = 0.0268395, max = 0.0550607 (LShoulder)
[2024-10-09 17:32:12.305] [info] Frame 144 (t = 4.83333):	 total squared error = 0.013726, marker error: RMS = 0.0268779, max = 0.0535439 (LShoulder)
[2024-10-09 17:32:12.346] [info] Frame 145 (t = 4.86667):	 total squared error = 0.0138938, marker error: RMS = 0.0270417, max = 0.0530239 (LShoulder)
[2024-10-09 17:32:12.373] [info] Frame 146 (t = 4.9):	 total squared error = 0.0141915, marker error: RMS = 0.0273299, max = 0.0537442 (LShoulder)
[2024-10-09 17:32:12.431] [info] Frame 147 (t = 4.93333):	 total squared error = 0.0144922, marker error: RMS = 0.0276179, max = 0.0554941 (LShoulder)
[2024-10-09 17:32:12.496] [info] Frame 148 (t = 4.96667):	 total squared error = 0.0147046, marker error: RMS = 0.0278195, max = 0.0570540 (LShoulder)
[2024-10-09 17:32:12.544] [info] Frame 149 (t = 5.0):	 total squared error = 0.0147605, marker error: RMS = 0.0278724, max = 0.0580411 (LShoulder)
[2024-10-09 17:32:12.619] [info] Frame 150 (t = 5.03333):	 total squared error = 0.0146365, marker error: RMS = 0.027755, max = 0.0582447 (LShoulder)
[2024-10-09 17:32:12.653] [info] Frame 151 (t = 5.06667):	 total squared error = 0.0144050, marker error: RMS = 0.0275347, max = 0.0579318 (LShoulder)
[2024-10-09 17:32:12.714] [info] Frame 152 (t = 5.1):	 total squared error = 0.0140834, marker error: RMS = 0.0272255, max = 0.0572132 (LShoulder)
[2024-10-09 17:32:12.758] [info] Frame 153 (t = 5.13333):	 total squared error = 0.0138427, marker error: RMS = 0.0269919, max = 0.0561064 (LShoulder)
[2024-10-09 17:32:12.795] [info] Frame 154 (t = 5.16667):	 total squared error = 0.0137895, marker error: RMS = 0.02694, max = 0.0548491 (LShoulder)
[2024-10-09 17:32:12.897] [info] Frame 155 (t = 5.2):	 total squared error = 0.0139757, marker error: RMS = 0.0271213, max = 0.0546344 (LShoulder)
[2024-10-09 17:32:12.953] [info] Frame 156 (t = 5.23333):	 total squared error = 0.0143434, marker error: RMS = 0.0274758, max = 0.0554439 (LShoulder)
[2024-10-09 17:32:13.050] [info] Frame 157 (t = 5.26667):	 total squared error = 0.0146733, marker error: RMS = 0.0277899, max = 0.0569422 (LShoulder)
[2024-10-09 17:32:13.124] [info] Frame 158 (t = 5.3):	 total squared error = 0.0149031, marker error: RMS = 0.0280067, max = 0.0587572 (LShoulder)
[2024-10-09 17:32:13.207] [info] Frame 159 (t = 5.33333):	 total squared error = 0.0150636, marker error: RMS = 0.0281571, max = 0.0601063 (LShoulder)
[2024-10-09 17:32:13.281] [info] Frame 160 (t = 5.36667):	 total squared error = 0.0151535, marker error: RMS = 0.028241, max = 0.0609142 (LShoulder)
[2024-10-09 17:32:13.343] [info] Frame 161 (t = 5.4):	 total squared error = 0.0151276, marker error: RMS = 0.0282168, max = 0.0609772 (LShoulder)
[2024-10-09 17:32:13.454] [info] Frame 162 (t = 5.43333):	 total squared error = 0.0149482, marker error: RMS = 0.0280490, max = 0.0602097 (LShoulder)
[2024-10-09 17:32:13.519] [info] Frame 163 (t = 5.46667):	 total squared error = 0.0147254, marker error: RMS = 0.0278392, max = 0.0582575 (LShoulder)
[2024-10-09 17:32:13.583] [info] Frame 164 (t = 5.5):	 total squared error = 0.0145252, marker error: RMS = 0.0276493, max = 0.0552386 (LShoulder)
[2024-10-09 17:32:13.646] [info] Frame 165 (t = 5.53333):	 total squared error = 0.01435, marker error: RMS = 0.0274821, max = 0.0514192 (LShoulder)
[2024-10-09 17:32:13.699] [info] Frame 166 (t = 5.56667):	 total squared error = 0.0142054, marker error: RMS = 0.0273432, max = 0.0480663 (LShoulder)
[2024-10-09 17:32:13.730] [info] Frame 167 (t = 5.6):	 total squared error = 0.0141209, marker error: RMS = 0.0272618, max = 0.04672 (LShoulder)
[2024-10-09 17:32:13.784] [info] Frame 168 (t = 5.63333):	 total squared error = 0.0142134, marker error: RMS = 0.027351, max = 0.0478793 (LShoulder)
[2024-10-09 17:32:13.816] [info] Frame 169 (t = 5.66667):	 total squared error = 0.0146245, marker error: RMS = 0.0277436, max = 0.0512787 (LShoulder)
[2024-10-09 17:32:13.861] [info] Frame 170 (t = 5.7):	 total squared error = 0.0152891, marker error: RMS = 0.028367, max = 0.0540988 (LShoulder)
[2024-10-09 17:32:13.929] [info] Frame 171 (t = 5.73333):	 total squared error = 0.0159661, marker error: RMS = 0.0289883, max = 0.0570924 (LShoulder)
[2024-10-09 17:32:14.001] [info] Frame 172 (t = 5.76667):	 total squared error = 0.0164973, marker error: RMS = 0.0294666, max = 0.059192 (LShoulder)
[2024-10-09 17:32:14.051] [info] Frame 173 (t = 5.8):	 total squared error = 0.0168445, marker error: RMS = 0.029775, max = 0.0605826 (LShoulder)
[2024-10-09 17:32:14.133] [info] Frame 174 (t = 5.83333):	 total squared error = 0.0170710, marker error: RMS = 0.0299745, max = 0.0612844 (LShoulder)
[2024-10-09 17:32:14.199] [info] Frame 175 (t = 5.86667):	 total squared error = 0.0174346, marker error: RMS = 0.0302921, max = 0.0615324 (LShoulder)
[2024-10-09 17:32:14.295] [info] Frame 176 (t = 5.9):	 total squared error = 0.0178538, marker error: RMS = 0.0306541, max = 0.0613639 (LShoulder)
[2024-10-09 17:32:14.348] [info] Frame 177 (t = 5.93333):	 total squared error = 0.0181238, marker error: RMS = 0.0308850, max = 0.0608476 (LShoulder)
[2024-10-09 17:32:14.422] [info] Frame 178 (t = 5.96667):	 total squared error = 0.0180465, marker error: RMS = 0.0308191, max = 0.0601677 (LShoulder)
[2024-10-09 17:32:14.510] [info] Frame 179 (t = 6.0):	 total squared error = 0.0176163, marker error: RMS = 0.0304495, max = 0.0595799 (LShoulder)
[2024-10-09 17:32:14.549] [info] Frame 180 (t = 6.03333):	 total squared error = 0.0170334, marker error: RMS = 0.0299415, max = 0.0592548 (LShoulder)
[2024-10-09 17:32:14.646] [info] Frame 181 (t = 6.06667):	 total squared error = 0.0165397, marker error: RMS = 0.0295044, max = 0.0590584 (LShoulder)
[2024-10-09 17:32:14.665] [info] Frame 182 (t = 6.1):	 total squared error = 0.0162887, marker error: RMS = 0.0292797, max = 0.0591803 (LShoulder)
[2024-10-09 17:32:14.693] [info] Frame 183 (t = 6.13333):	 total squared error = 0.0162278, marker error: RMS = 0.0292249, max = 0.0598707 (LShoulder)
[2024-10-09 17:32:14.768] [info] Frame 184 (t = 6.16667):	 total squared error = 0.0162707, marker error: RMS = 0.0292635, max = 0.0602034 (LShoulder)
[2024-10-09 17:32:14.841] [info] Frame 185 (t = 6.2):	 total squared error = 0.0162953, marker error: RMS = 0.0292856, max = 0.0603153 (LShoulder)
[2024-10-09 17:32:14.919] [info] Frame 186 (t = 6.23333):	 total squared error = 0.0163196, marker error: RMS = 0.0293075, max = 0.0601010 (LShoulder)
[2024-10-09 17:32:15.038] [info] Frame 187 (t = 6.26667):	 total squared error = 0.0164084, marker error: RMS = 0.0293871, max = 0.0595499 (LShoulder)
[2024-10-09 17:32:15.131] [info] Frame 188 (t = 6.3):	 total squared error = 0.0165654, marker error: RMS = 0.0295274, max = 0.0586468 (LShoulder)
[2024-10-09 17:32:15.187] [info] Frame 189 (t = 6.33333):	 total squared error = 0.0166529, marker error: RMS = 0.0296052, max = 0.0569793 (LShoulder)
[2024-10-09 17:32:15.216] [info] Frame 190 (t = 6.36667):	 total squared error = 0.0164899, marker error: RMS = 0.02946, max = 0.0546859 (LShoulder)
[2024-10-09 17:32:15.271] [info] Frame 191 (t = 6.4):	 total squared error = 0.0160713, marker error: RMS = 0.0290836, max = 0.0524010 (LShoulder)
[2024-10-09 17:32:15.342] [info] Frame 192 (t = 6.43333):	 total squared error = 0.0156055, marker error: RMS = 0.0286591, max = 0.0507143 (LShoulder)
[2024-10-09 17:32:15.449] [info] Frame 193 (t = 6.46667):	 total squared error = 0.0153122, marker error: RMS = 0.0283885, max = 0.0508717 (LShoulder)
[2024-10-09 17:32:15.496] [info] Frame 194 (t = 6.5):	 total squared error = 0.0153199, marker error: RMS = 0.0283956, max = 0.0526631 (LShoulder)
[2024-10-09 17:32:15.552] [info] Frame 195 (t = 6.53333):	 total squared error = 0.0155711, marker error: RMS = 0.0286274, max = 0.0551271 (LShoulder)
[2024-10-09 17:32:15.610] [info] Frame 196 (t = 6.56667):	 total squared error = 0.0159278, marker error: RMS = 0.0289535, max = 0.0575119 (LShoulder)
[2024-10-09 17:32:15.641] [info] Frame 197 (t = 6.6):	 total squared error = 0.0162801, marker error: RMS = 0.029272, max = 0.0596823 (LShoulder)
[2024-10-09 17:32:15.751] [info] Frame 198 (t = 6.63333):	 total squared error = 0.0165871, marker error: RMS = 0.0295466, max = 0.0608947 (LShoulder)
[2024-10-09 17:32:15.786] [info] Frame 199 (t = 6.66667):	 total squared error = 0.0167099, marker error: RMS = 0.0296558, max = 0.0617583 (LShoulder)
[2024-10-09 17:32:15.828] [info] Frame 200 (t = 6.7):	 total squared error = 0.0166326, marker error: RMS = 0.0295872, max = 0.0621538 (LShoulder)
[2024-10-09 17:32:15.870] [info] Frame 201 (t = 6.73333):	 total squared error = 0.0163881, marker error: RMS = 0.0293689, max = 0.0621432 (LShoulder)
[2024-10-09 17:32:15.903] [info] Frame 202 (t = 6.76667):	 total squared error = 0.0160990, marker error: RMS = 0.0291087, max = 0.0618196 (LShoulder)
[2024-10-09 17:32:15.929] [info] Frame 203 (t = 6.8):	 total squared error = 0.015864, marker error: RMS = 0.0288954, max = 0.0615421 (LShoulder)
[2024-10-09 17:32:15.979] [info] Frame 204 (t = 6.83333):	 total squared error = 0.0156469, marker error: RMS = 0.0286971, max = 0.0611121 (LShoulder)
[2024-10-09 17:32:16.034] [info] Frame 205 (t = 6.86667):	 total squared error = 0.0154957, marker error: RMS = 0.0285581, max = 0.0606722 (LShoulder)
[2024-10-09 17:32:16.094] [info] Frame 206 (t = 6.9):	 total squared error = 0.0154591, marker error: RMS = 0.0285243, max = 0.0600829 (LShoulder)
[2024-10-09 17:32:16.149] [info] Frame 207 (t = 6.93333):	 total squared error = 0.0156207, marker error: RMS = 0.0286731, max = 0.0593191 (LShoulder)
[2024-10-09 17:32:16.188] [info] Frame 208 (t = 6.96667):	 total squared error = 0.0158818, marker error: RMS = 0.0289116, max = 0.0581727 (LShoulder)
[2024-10-09 17:32:16.252] [info] Frame 209 (t = 7.0):	 total squared error = 0.0159779, marker error: RMS = 0.028999, max = 0.0569377 (LShoulder)
[2024-10-09 17:32:16.345] [info] Frame 210 (t = 7.03333):	 total squared error = 0.01587, marker error: RMS = 0.0289010, max = 0.0556382 (LShoulder)
[2024-10-09 17:32:16.442] [info] Frame 211 (t = 7.06667):	 total squared error = 0.0156503, marker error: RMS = 0.0287001, max = 0.0550232 (LShoulder)
[2024-10-09 17:32:16.487] [info] Frame 212 (t = 7.1):	 total squared error = 0.0154866, marker error: RMS = 0.0285497, max = 0.0553934 (LShoulder)
[2024-10-09 17:32:16.528] [info] Frame 213 (t = 7.13333):	 total squared error = 0.0154598, marker error: RMS = 0.028525, max = 0.056278 (LShoulder)
[2024-10-09 17:32:16.572] [info] Frame 214 (t = 7.16667):	 total squared error = 0.0155165, marker error: RMS = 0.0285773, max = 0.0568412 (LShoulder)
[2024-10-09 17:32:16.621] [info] Frame 215 (t = 7.2):	 total squared error = 0.0154767, marker error: RMS = 0.0285406, max = 0.0567255 (LShoulder)
[2024-10-09 17:32:16.688] [info] Frame 216 (t = 7.23333):	 total squared error = 0.0152154, marker error: RMS = 0.0282986, max = 0.0559517 (LShoulder)
[2024-10-09 17:32:16.743] [info] Frame 217 (t = 7.26667):	 total squared error = 0.0148419, marker error: RMS = 0.0279491, max = 0.0550046 (LShoulder)
[2024-10-09 17:32:16.814] [info] Frame 218 (t = 7.3):	 total squared error = 0.0146099, marker error: RMS = 0.0277298, max = 0.0546487 (LShoulder)
[2024-10-09 17:32:16.892] [info] Frame 219 (t = 7.33333):	 total squared error = 0.0146642, marker error: RMS = 0.0277813, max = 0.0554741 (LShoulder)
[2024-10-09 17:32:16.948] [info] Frame 220 (t = 7.36667):	 total squared error = 0.0150189, marker error: RMS = 0.0281152, max = 0.0570434 (LShoulder)
[2024-10-09 17:32:17.045] [info] Frame 221 (t = 7.4):	 total squared error = 0.0155205, marker error: RMS = 0.0285809, max = 0.0587224 (LShoulder)
[2024-10-09 17:32:17.111] [info] Frame 222 (t = 7.43333):	 total squared error = 0.0160249, marker error: RMS = 0.0290417, max = 0.0600680 (LShoulder)
[2024-10-09 17:32:17.203] [info] Frame 223 (t = 7.46667):	 total squared error = 0.0164014, marker error: RMS = 0.0293808, max = 0.0608469 (LShoulder)
[2024-10-09 17:32:17.258] [info] Frame 224 (t = 7.5):	 total squared error = 0.0166207, marker error: RMS = 0.0295766, max = 0.0612838 (LShoulder)
[2024-10-09 17:32:17.348] [info] Frame 225 (t = 7.53333):	 total squared error = 0.0167648, marker error: RMS = 0.0297045, max = 0.061295 (LShoulder)
[2024-10-09 17:32:17.422] [info] Frame 226 (t = 7.56667):	 total squared error = 0.0168589, marker error: RMS = 0.0297877, max = 0.0613316 (LShoulder)
[2024-10-09 17:32:17.500] [info] Frame 227 (t = 7.6):	 total squared error = 0.0168091, marker error: RMS = 0.0297437, max = 0.0614294 (LShoulder)
[2024-10-09 17:32:17.543] [info] Frame 228 (t = 7.63333):	 total squared error = 0.0165179, marker error: RMS = 0.0294849, max = 0.0614318 (LShoulder)
[2024-10-09 17:32:17.594] [info] Frame 229 (t = 7.66667):	 total squared error = 0.0159796, marker error: RMS = 0.0290006, max = 0.0609626 (LShoulder)
[2024-10-09 17:32:17.658] [info] Frame 230 (t = 7.7):	 total squared error = 0.0152072, marker error: RMS = 0.028291, max = 0.0598542 (LShoulder)
[2024-10-09 17:32:17.717] [info] Frame 231 (t = 7.73333):	 total squared error = 0.0142816, marker error: RMS = 0.0274165, max = 0.0577617 (LShoulder)
[2024-10-09 17:32:17.772] [info] Frame 232 (t = 7.76667):	 total squared error = 0.0133169, marker error: RMS = 0.0264743, max = 0.0543276 (LShoulder)
[2024-10-09 17:32:17.837] [info] Frame 233 (t = 7.8):	 total squared error = 0.0124468, marker error: RMS = 0.0255949, max = 0.0498886 (LShoulder)
[2024-10-09 17:32:17.870] [info] Frame 234 (t = 7.83333):	 total squared error = 0.0117581, marker error: RMS = 0.0248767, max = 0.0446048 (LShoulder)
[2024-10-09 17:32:17.917] [info] Frame 235 (t = 7.86667):	 total squared error = 0.0113090, marker error: RMS = 0.024397, max = 0.0402268 (LShoulder)
[2024-10-09 17:32:17.981] [info] Frame 236 (t = 7.9):	 total squared error = 0.0111517, marker error: RMS = 0.0242267, max = 0.0370147 (LShoulder)
[2024-10-09 17:32:18.032] [info] Frame 237 (t = 7.93333):	 total squared error = 0.0112425, marker error: RMS = 0.0243251, max = 0.0352867 (LShoulder)
[2024-10-09 17:32:18.145] [info] Frame 238 (t = 7.96667):	 total squared error = 0.0114961, marker error: RMS = 0.024598, max = 0.0353466 (LShoulder)
[2024-10-09 17:32:18.185] [info] Frame 239 (t = 8.0):	 total squared error = 0.0118655, marker error: RMS = 0.02499, max = 0.0372093 (LShoulder)
[2024-10-09 17:32:18.249] [info] Frame 240 (t = 8.03333):	 total squared error = 0.0123375, marker error: RMS = 0.0254822, max = 0.0406765 (LShoulder)
[2024-10-09 17:32:18.304] [info] Frame 241 (t = 8.06667):	 total squared error = 0.0129935, marker error: RMS = 0.0261508, max = 0.045518 (LShoulder)
[2024-10-09 17:32:18.379] [info] Frame 242 (t = 8.1):	 total squared error = 0.0138633, marker error: RMS = 0.0270120, max = 0.0507298 (LShoulder)
[2024-10-09 17:32:18.440] [info] Frame 243 (t = 8.13333):	 total squared error = 0.0148002, marker error: RMS = 0.0279098, max = 0.0550703 (LShoulder)
[2024-10-09 17:32:18.485] [info] Frame 244 (t = 8.16667):	 total squared error = 0.0154712, marker error: RMS = 0.0285355, max = 0.0578627 (LShoulder)
[2024-10-09 17:32:18.552] [info] Frame 245 (t = 8.2):	 total squared error = 0.0156404, marker error: RMS = 0.0286911, max = 0.0587277 (LShoulder)
[2024-10-09 17:32:18.616] [info] Frame 246 (t = 8.23333):	 total squared error = 0.0152903, marker error: RMS = 0.0283681, max = 0.0577191 (LShoulder)
[2024-10-09 17:32:18.677] [info] Frame 247 (t = 8.26667):	 total squared error = 0.0144852, marker error: RMS = 0.0276112, max = 0.0550674 (LShoulder)
[2024-10-09 17:32:18.738] [info] Frame 248 (t = 8.3):	 total squared error = 0.0135378, marker error: RMS = 0.026693, max = 0.0509720 (LShoulder)
[2024-10-09 17:32:18.778] [info] Frame 249 (t = 8.33333):	 total squared error = 0.0127622, marker error: RMS = 0.0259171, max = 0.0463252 (LShoulder)
[2024-10-09 17:32:18.841] [info] Frame 250 (t = 8.36667):	 total squared error = 0.0123816, marker error: RMS = 0.0255277, max = 0.0432881 (LShoulder)
[2024-10-09 17:32:18.929] [info] Frame 251 (t = 8.4):	 total squared error = 0.0123701, marker error: RMS = 0.0255158, max = 0.0421724 (LShoulder)
[2024-10-09 17:32:18.986] [info] Frame 252 (t = 8.43333):	 total squared error = 0.0126193, marker error: RMS = 0.0257715, max = 0.0430111 (LShoulder)
[2024-10-09 17:32:19.033] [info] Frame 253 (t = 8.46667):	 total squared error = 0.0129371, marker error: RMS = 0.0260941, max = 0.0443045 (LShoulder)
[2024-10-09 17:32:19.094] [info] Frame 254 (t = 8.5):	 total squared error = 0.013113, marker error: RMS = 0.0262708, max = 0.0447238 (LShoulder)
[2024-10-09 17:32:19.135] [info] Frame 255 (t = 8.53333):	 total squared error = 0.0131273, marker error: RMS = 0.0262851, max = 0.0444643 (LShoulder)
[2024-10-09 17:32:19.193] [info] Frame 256 (t = 8.56667):	 total squared error = 0.0131292, marker error: RMS = 0.0262871, max = 0.0440982 (LShoulder)
[2024-10-09 17:32:19.271] [info] Frame 257 (t = 8.6):	 total squared error = 0.0132214, marker error: RMS = 0.0263792, max = 0.0444738 (LShoulder)
[2024-10-09 17:32:19.288] [info] Frame 258 (t = 8.63333):	 total squared error = 0.0134259, marker error: RMS = 0.0265825, max = 0.0457385 (LShoulder)
[2024-10-09 17:32:19.329] [info] Frame 259 (t = 8.66667):	 total squared error = 0.0137949, marker error: RMS = 0.0269452, max = 0.04863 (LShoulder)
[2024-10-09 17:32:19.387] [info] Frame 260 (t = 8.7):	 total squared error = 0.0143211, marker error: RMS = 0.0274544, max = 0.0520416 (LShoulder)
[2024-10-09 17:32:19.410] [info] Frame 261 (t = 8.73333):	 total squared error = 0.0149415, marker error: RMS = 0.0280428, max = 0.0555821 (LShoulder)
[2024-10-09 17:32:19.472] [info] Frame 262 (t = 8.76667):	 total squared error = 0.0155284, marker error: RMS = 0.0285881, max = 0.0580529 (LShoulder)
[2024-10-09 17:32:19.491] [info] Frame 263 (t = 8.8):	 total squared error = 0.0160341, marker error: RMS = 0.0290500, max = 0.0597449 (LShoulder)
[2024-10-09 17:32:19.535] [info] Frame 264 (t = 8.83333):	 total squared error = 0.0163863, marker error: RMS = 0.0293673, max = 0.0605233 (LShoulder)
[2024-10-09 17:32:19.553] [info] Frame 265 (t = 8.86667):	 total squared error = 0.0165213, marker error: RMS = 0.029488, max = 0.0604355 (LShoulder)
[2024-10-09 17:32:19.585] [info] Frame 266 (t = 8.9):	 total squared error = 0.0164636, marker error: RMS = 0.0294365, max = 0.0599218 (LShoulder)
[2024-10-09 17:32:19.608] [info] Frame 267 (t = 8.93333):	 total squared error = 0.0163532, marker error: RMS = 0.0293376, max = 0.0593507 (LShoulder)
[2024-10-09 17:32:19.632] [info] Frame 268 (t = 8.96667):	 total squared error = 0.0162327, marker error: RMS = 0.0292293, max = 0.0589551 (LShoulder)
[2024-10-09 17:32:19.694] [info] Frame 269 (t = 9.0):	 total squared error = 0.0160474, marker error: RMS = 0.0290620, max = 0.0581997 (LShoulder)
[2024-10-09 17:32:19.739] [info] Frame 270 (t = 9.03333):	 total squared error = 0.0158432, marker error: RMS = 0.0288765, max = 0.0575773 (LShoulder)
[2024-10-09 17:32:19.801] [info] Frame 271 (t = 9.06667):	 total squared error = 0.0154861, marker error: RMS = 0.0285492, max = 0.0564313 (LShoulder)
[2024-10-09 17:32:19.830] [info] Frame 272 (t = 9.1):	 total squared error = 0.0150163, marker error: RMS = 0.0281128, max = 0.0545845 (LShoulder)
[2024-10-09 17:32:19.900] [info] Frame 273 (t = 9.13333):	 total squared error = 0.0144909, marker error: RMS = 0.0276166, max = 0.0522642 (LShoulder)
[2024-10-09 17:32:19.940] [info] Frame 274 (t = 9.16667):	 total squared error = 0.0141474, marker error: RMS = 0.0272874, max = 0.0493949 (LShoulder)
[2024-10-09 17:32:19.991] [info] Frame 275 (t = 9.2):	 total squared error = 0.0138936, marker error: RMS = 0.0270415, max = 0.0469514 (LShoulder)
[2024-10-09 17:32:20.028] [info] Frame 276 (t = 9.23333):	 total squared error = 0.0136532, marker error: RMS = 0.0268065, max = 0.0443325 (LShoulder)
[2024-10-09 17:32:20.058] [info] Frame 277 (t = 9.26667):	 total squared error = 0.0133112, marker error: RMS = 0.0264687, max = 0.0419468 (LShoulder)
[2024-10-09 17:32:20.152] [info] Frame 278 (t = 9.3):	 total squared error = 0.0128246, marker error: RMS = 0.0259804, max = 0.0404880 (LShoulder)
[2024-10-09 17:32:20.231] [info] Frame 279 (t = 9.33333):	 total squared error = 0.0123352, marker error: RMS = 0.0254798, max = 0.0399694 (LShoulder)
[2024-10-09 17:32:20.252] [info] Frame 280 (t = 9.36667):	 total squared error = 0.0119721, marker error: RMS = 0.0251020, max = 0.0413013 (LShoulder)
[2024-10-09 17:32:20.285] [info] Frame 281 (t = 9.4):	 total squared error = 0.011858, marker error: RMS = 0.0249821, max = 0.0446657 (LShoulder)
[2024-10-09 17:32:20.353] [info] Frame 282 (t = 9.43333):	 total squared error = 0.0120006, marker error: RMS = 0.0251318, max = 0.0481282 (LShoulder)
[2024-10-09 17:32:20.380] [info] Frame 283 (t = 9.46667):	 total squared error = 0.0122986, marker error: RMS = 0.025442, max = 0.0503448 (LShoulder)
[2024-10-09 17:32:20.482] [info] Frame 284 (t = 9.5):	 total squared error = 0.0124533, marker error: RMS = 0.0256015, max = 0.0504434 (LShoulder)
[2024-10-09 17:32:20.511] [info] Frame 285 (t = 9.53333):	 total squared error = 0.0124567, marker error: RMS = 0.0256050, max = 0.0478887 (LShoulder)
[2024-10-09 17:32:20.537] [info] Frame 286 (t = 9.56667):	 total squared error = 0.0124004, marker error: RMS = 0.0255471, max = 0.0442482 (LShoulder)
[2024-10-09 17:32:20.595] [info] Frame 287 (t = 9.6):	 total squared error = 0.0124365, marker error: RMS = 0.0255842, max = 0.0415294 (LShoulder)
[2024-10-09 17:32:20.624] [info] Frame 288 (t = 9.63333):	 total squared error = 0.012669, marker error: RMS = 0.0258222, max = 0.0403984 (LShoulder)
[2024-10-09 17:32:20.664] [info] Frame 289 (t = 9.66667):	 total squared error = 0.0129583, marker error: RMS = 0.0261154, max = 0.0413778 (LShoulder)
[2024-10-09 17:32:20.715] [info] Frame 290 (t = 9.7):	 total squared error = 0.0132278, marker error: RMS = 0.0263856, max = 0.043545 (LShoulder)
[2024-10-09 17:32:20.804] [info] Frame 291 (t = 9.73333):	 total squared error = 0.01325, marker error: RMS = 0.0264077, max = 0.0450884 (LShoulder)
[2024-10-09 17:32:20.905] [info] Frame 292 (t = 9.76667):	 total squared error = 0.0130235, marker error: RMS = 0.0261811, max = 0.045139 (LShoulder)
[2024-10-09 17:32:20.951] [info] Frame 293 (t = 9.8):	 total squared error = 0.0125617, marker error: RMS = 0.0257126, max = 0.0431711 (LShoulder)
[2024-10-09 17:32:20.977] [info] Frame 294 (t = 9.83333):	 total squared error = 0.0120829, marker error: RMS = 0.0252179, max = 0.0402783 (LShoulder)
[2024-10-09 17:32:21.074] [info] Frame 295 (t = 9.86667):	 total squared error = 0.0117486, marker error: RMS = 0.0248666, max = 0.0397953 (RAnkle)
[2024-10-09 17:32:21.163] [info] Frame 296 (t = 9.9):	 total squared error = 0.0115797, marker error: RMS = 0.0246872, max = 0.0382958 (RAnkle)
[2024-10-09 17:32:21.216] [info] Frame 297 (t = 9.93333):	 total squared error = 0.01155, marker error: RMS = 0.0246555, max = 0.0363188 (LShoulder)
[2024-10-09 17:32:21.266] [info] Frame 298 (t = 9.96667):	 total squared error = 0.0116839, marker error: RMS = 0.0247981, max = 0.0371519 (LShoulder)
[2024-10-09 17:32:21.325] [info] Frame 299 (t = 10.0):	 total squared error = 0.011952, marker error: RMS = 0.0250809, max = 0.0384465 (LShoulder)
[2024-10-09 17:32:21.384] [info] Frame 300 (t = 10.0333):	 total squared error = 0.0121371, marker error: RMS = 0.0252744, max = 0.0394708 (LShoulder)
[2024-10-09 17:32:21.442] [info] Frame 301 (t = 10.0667):	 total squared error = 0.0120733, marker error: RMS = 0.0252079, max = 0.0394418 (LShoulder)
[2024-10-09 17:32:21.460] [info] Frame 302 (t = 10.1):	 total squared error = 0.0118387, marker error: RMS = 0.0249618, max = 0.0387253 (LShoulder)
[2024-10-09 17:32:21.527] [info] Frame 303 (t = 10.1333):	 total squared error = 0.011674, marker error: RMS = 0.0247875, max = 0.0378918 (LShoulder)
[2024-10-09 17:32:21.556] [info] Frame 304 (t = 10.1667):	 total squared error = 0.0116631, marker error: RMS = 0.024776, max = 0.0372058 (RShoulder)
[2024-10-09 17:32:21.642] [info] Frame 305 (t = 10.2):	 total squared error = 0.0117283, marker error: RMS = 0.0248451, max = 0.0366032 (RShoulder)
[2024-10-09 17:32:21.717] [info] Frame 306 (t = 10.2333):	 total squared error = 0.011855, marker error: RMS = 0.0249789, max = 0.0363584 (LAnkle)
[2024-10-09 17:32:21.761] [info] Frame 307 (t = 10.2667):	 total squared error = 0.0119781, marker error: RMS = 0.0251083, max = 0.0368384 (LHeel)
[2024-10-09 17:32:21.830] [info] Frame 308 (t = 10.3):	 total squared error = 0.0120563, marker error: RMS = 0.0251901, max = 0.0377096 (LHeel)
[2024-10-09 17:32:21.873] [info] Frame 309 (t = 10.3333):	 total squared error = 0.0121185, marker error: RMS = 0.025255, max = 0.0379299 (LHeel)
[2024-10-09 17:32:21.929] [info] Frame 310 (t = 10.3667):	 total squared error = 0.0122291, marker error: RMS = 0.02537, max = 0.0392151 (LShoulder)
[2024-10-09 17:32:21.988] [info] Frame 311 (t = 10.4):	 total squared error = 0.0124731, marker error: RMS = 0.0256218, max = 0.0425494 (LShoulder)
[2024-10-09 17:32:22.049] [info] Frame 312 (t = 10.4333):	 total squared error = 0.0128391, marker error: RMS = 0.025995, max = 0.0464412 (LShoulder)
[2024-10-09 17:32:22.081] [info] Frame 313 (t = 10.4667):	 total squared error = 0.0131653, marker error: RMS = 0.0263232, max = 0.0497148 (LShoulder)
[2024-10-09 17:32:22.117] [info] Frame 314 (t = 10.5):	 total squared error = 0.0131931, marker error: RMS = 0.026351, max = 0.0508679 (LShoulder)
[2024-10-09 17:32:22.185] [info] Frame 315 (t = 10.5333):	 total squared error = 0.0128567, marker error: RMS = 0.0260128, max = 0.0497739 (LShoulder)
[2024-10-09 17:32:22.241] [info] Frame 316 (t = 10.5667):	 total squared error = 0.0124259, marker error: RMS = 0.0255733, max = 0.0471724 (LShoulder)
[2024-10-09 17:32:22.315] [info] Frame 317 (t = 10.6):	 total squared error = 0.0121952, marker error: RMS = 0.0253348, max = 0.0453109 (LShoulder)
[2024-10-09 17:32:22.368] [info] Frame 318 (t = 10.6333):	 total squared error = 0.0122859, marker error: RMS = 0.0254288, max = 0.0451827 (LShoulder)
[2024-10-09 17:32:22.418] [info] Frame 319 (t = 10.6667):	 total squared error = 0.0126243, marker error: RMS = 0.0257766, max = 0.0470691 (LShoulder)
[2024-10-09 17:32:22.438] [info] Frame 320 (t = 10.7):	 total squared error = 0.0131264, marker error: RMS = 0.0262843, max = 0.0504771 (LShoulder)
[2024-10-09 17:32:22.494] [info] Frame 321 (t = 10.7333):	 total squared error = 0.0136769, marker error: RMS = 0.0268298, max = 0.0538816 (LShoulder)
[2024-10-09 17:32:22.557] [info] Frame 322 (t = 10.7667):	 total squared error = 0.0143247, marker error: RMS = 0.0274578, max = 0.0570391 (LShoulder)
[2024-10-09 17:32:22.586] [info] Frame 323 (t = 10.8):	 total squared error = 0.014883, marker error: RMS = 0.0279878, max = 0.059185 (LShoulder)
[2024-10-09 17:32:22.653] [info] Frame 324 (t = 10.8333):	 total squared error = 0.0151568, marker error: RMS = 0.0282441, max = 0.0594447 (LShoulder)
[2024-10-09 17:32:22.691] [info] Frame 325 (t = 10.8667):	 total squared error = 0.0150495, marker error: RMS = 0.0281439, max = 0.0584072 (LShoulder)
[2024-10-09 17:32:22.744] [info] Frame 326 (t = 10.9):	 total squared error = 0.0145731, marker error: RMS = 0.0276948, max = 0.0560998 (LShoulder)
[2024-10-09 17:32:22.806] [info] Frame 327 (t = 10.9333):	 total squared error = 0.0139043, marker error: RMS = 0.0270519, max = 0.0532275 (LShoulder)
[2024-10-09 17:32:22.898] [info] Frame 328 (t = 10.9667):	 total squared error = 0.0133928, marker error: RMS = 0.0265496, max = 0.0507306 (LShoulder)
[2024-10-09 17:32:22.976] [info] Frame 329 (t = 11.0):	 total squared error = 0.0132011, marker error: RMS = 0.026359, max = 0.0496333 (LShoulder)
[2024-10-09 17:32:23.059] [info] Frame 330 (t = 11.0333):	 total squared error = 0.0132487, marker error: RMS = 0.0264065, max = 0.0495055 (LShoulder)
[2024-10-09 17:32:23.123] [info] Frame 331 (t = 11.0667):	 total squared error = 0.0132356, marker error: RMS = 0.0263934, max = 0.0490752 (LShoulder)
[2024-10-09 17:32:23.174] [info] Frame 332 (t = 11.1):	 total squared error = 0.0129479, marker error: RMS = 0.0261049, max = 0.0472709 (LShoulder)
[2024-10-09 17:32:23.202] [info] Frame 333 (t = 11.1333):	 total squared error = 0.0125014, marker error: RMS = 0.0256509, max = 0.0444988 (LShoulder)
[2024-10-09 17:32:23.228] [info] Frame 334 (t = 11.1667):	 total squared error = 0.0122508, marker error: RMS = 0.0253925, max = 0.0422432 (LShoulder)
[2024-10-09 17:32:23.325] [info] Frame 335 (t = 11.2):	 total squared error = 0.0124258, marker error: RMS = 0.0255732, max = 0.0419644 (LShoulder)
[2024-10-09 17:32:23.386] [info] Frame 336 (t = 11.2333):	 total squared error = 0.0130311, marker error: RMS = 0.0261887, max = 0.0433868 (LShoulder)
[2024-10-09 17:32:23.432] [info] Frame 337 (t = 11.2667):	 total squared error = 0.0138354, marker error: RMS = 0.0269848, max = 0.0462947 (LShoulder)
[2024-10-09 17:32:23.459] [info] Frame 338 (t = 11.3):	 total squared error = 0.0145327, marker error: RMS = 0.0276565, max = 0.0490453 (LShoulder)
[2024-10-09 17:32:23.526] [info] Frame 339 (t = 11.3333):	 total squared error = 0.0147633, marker error: RMS = 0.027875, max = 0.0512484 (LShoulder)
[2024-10-09 17:32:23.559] [info] Frame 340 (t = 11.3667):	 total squared error = 0.014489, marker error: RMS = 0.0276148, max = 0.0516253 (LShoulder)
[2024-10-09 17:32:23.601] [info] Frame 341 (t = 11.4):	 total squared error = 0.0138056, marker error: RMS = 0.0269558, max = 0.0502755 (LShoulder)
[2024-10-09 17:32:23.668] [info] Frame 342 (t = 11.4333):	 total squared error = 0.0128889, marker error: RMS = 0.0260454, max = 0.0477238 (LShoulder)
[2024-10-09 17:32:23.734] [info] Frame 343 (t = 11.4667):	 total squared error = 0.0119525, marker error: RMS = 0.0250814, max = 0.0448077 (LShoulder)
[2024-10-09 17:32:23.791] [info] Frame 344 (t = 11.5):	 total squared error = 0.0111782, marker error: RMS = 0.0242555, max = 0.042731 (LShoulder)
[2024-10-09 17:32:23.852] [info] Frame 345 (t = 11.5333):	 total squared error = 0.0106589, marker error: RMS = 0.0236853, max = 0.0428019 (RShoulder)
[2024-10-09 17:32:23.904] [info] Frame 346 (t = 11.5667):	 total squared error = 0.0105410, marker error: RMS = 0.0235539, max = 0.0446853 (LShoulder)
[2024-10-09 17:32:23.962] [info] Frame 347 (t = 11.6):	 total squared error = 0.0109915, marker error: RMS = 0.0240521, max = 0.0483511 (LShoulder)
[2024-10-09 17:32:24.016] [info] Frame 348 (t = 11.6333):	 total squared error = 0.0118792, marker error: RMS = 0.0250044, max = 0.052422 (LShoulder)
[2024-10-09 17:32:24.061] [info] Frame 349 (t = 11.6667):	 total squared error = 0.0128333, marker error: RMS = 0.0259891, max = 0.0553371 (LShoulder)
[2024-10-09 17:32:24.138] [info] Frame 350 (t = 11.7):	 total squared error = 0.0135375, marker error: RMS = 0.0266927, max = 0.0566237 (LShoulder)
[2024-10-09 17:32:24.189] [info] Frame 351 (t = 11.7333):	 total squared error = 0.0140052, marker error: RMS = 0.0271499, max = 0.0564112 (LShoulder)
[2024-10-09 17:32:24.225] [info] Frame 352 (t = 11.7667):	 total squared error = 0.014319, marker error: RMS = 0.0274524, max = 0.0557368 (LShoulder)
[2024-10-09 17:32:24.298] [info] Frame 353 (t = 11.8):	 total squared error = 0.0144839, marker error: RMS = 0.0276099, max = 0.0541612 (LShoulder)
[2024-10-09 17:32:24.369] [info] Frame 354 (t = 11.8333):	 total squared error = 0.0145485, marker error: RMS = 0.0276715, max = 0.0531397 (LShoulder)
[2024-10-09 17:32:24.412] [info] Frame 355 (t = 11.8667):	 total squared error = 0.0144885, marker error: RMS = 0.0276143, max = 0.05312 (LShoulder)
[2024-10-09 17:32:24.691] [info] Frame 356 (t = 11.9):	 total squared error = 0.0142752, marker error: RMS = 0.0274103, max = 0.0519011 (LShoulder)
[2024-10-09 17:32:24.785] [info] Frame 357 (t = 11.9333):	 total squared error = 0.0140648, marker error: RMS = 0.0272076, max = 0.0519419 (RShoulder)
[2024-10-09 17:32:25.005] [info] Frame 358 (t = 11.9667):	 total squared error = 0.0137586, marker error: RMS = 0.0269098, max = 0.0523502 (RShoulder)
[2024-10-09 17:32:25.057] [info] Frame 359 (t = 12.0):	 total squared error = 0.013367, marker error: RMS = 0.026524, max = 0.0530087 (RShoulder)
[2024-10-09 17:32:25.089] [info] Frame 360 (t = 12.0333):	 total squared error = 0.0130426, marker error: RMS = 0.0262002, max = 0.0540221 (RShoulder)
[2024-10-09 17:32:25.281] [info] Frame 361 (t = 12.0667):	 total squared error = 0.0125691, marker error: RMS = 0.0257203, max = 0.0546579 (RShoulder)
[2024-10-09 17:32:25.355] [info] Frame 362 (t = 12.1):	 total squared error = 0.0123402, marker error: RMS = 0.025485, max = 0.0553352 (RShoulder)
[2024-10-09 17:32:25.422] [info] Frame 363 (t = 12.1333):	 total squared error = 0.012346, marker error: RMS = 0.025491, max = 0.0557357 (RShoulder)
[2024-10-09 17:32:25.495] [info] Frame 364 (t = 12.1667):	 total squared error = 0.0124742, marker error: RMS = 0.025623, max = 0.0552283 (RShoulder)
[2024-10-09 17:32:25.550] [info] Frame 365 (t = 12.2):	 total squared error = 0.0123091, marker error: RMS = 0.0254529, max = 0.0535849 (RShoulder)
[2024-10-09 17:32:25.628] [info] Frame 366 (t = 12.2333):	 total squared error = 0.0113603, marker error: RMS = 0.0244522, max = 0.0501920 (RShoulder)
[2024-10-09 17:32:25.719] [info] Frame 367 (t = 12.2667):	 total squared error = 0.00965594, marker error: RMS = 0.0225435, max = 0.045477 (RShoulder)
[2024-10-09 17:32:25.807] [info] Frame 368 (t = 12.3):	 total squared error = 0.00791959, marker error: RMS = 0.0204162, max = 0.0401394 (RShoulder)
[2024-10-09 17:32:25.857] [info] Frame 369 (t = 12.3333):	 total squared error = 0.00688859, marker error: RMS = 0.0190409, max = 0.0355094 (RShoulder)
[2024-10-09 17:32:25.915] [info] Frame 370 (t = 12.3667):	 total squared error = 0.00660048, marker error: RMS = 0.0186385, max = 0.0317042 (RShoulder)
[2024-10-09 17:32:25.962] [info] Frame 371 (t = 12.4):	 total squared error = 0.00661321, marker error: RMS = 0.0186565, max = 0.0342904 (Neck)
[2024-10-09 17:32:26.046] [info] Frame 372 (t = 12.4333):	 total squared error = 0.00659542, marker error: RMS = 0.0186314, max = 0.0363799 (Neck)
[2024-10-09 17:32:26.127] [info] Frame 373 (t = 12.4667):	 total squared error = 0.00648096, marker error: RMS = 0.018469, max = 0.0372878 (Neck)
[2024-10-09 17:32:26.204] [info] Frame 374 (t = 12.5):	 total squared error = 0.00633158, marker error: RMS = 0.0182549, max = 0.0371873 (Neck)
[2024-10-09 17:32:26.272] [info] Frame 375 (t = 12.5333):	 total squared error = 0.00620129, marker error: RMS = 0.0180661, max = 0.0363813 (Neck)
[2024-10-09 17:32:26.315] [info] Frame 376 (t = 12.5667):	 total squared error = 0.00609314, marker error: RMS = 0.0179079, max = 0.0351416 (Neck)
[2024-10-09 17:32:26.363] [info] Frame 377 (t = 12.6):	 total squared error = 0.00590681, marker error: RMS = 0.0176319, max = 0.0338949 (Neck)
[2024-10-09 17:32:26.408] [info] Frame 378 (t = 12.6333):	 total squared error = 0.00555805, marker error: RMS = 0.0171035, max = 0.0330200 (Neck)
[2024-10-09 17:32:26.469] [info] Frame 379 (t = 12.6667):	 total squared error = 0.00515314, marker error: RMS = 0.0164687, max = 0.0326451 (Neck)
[2024-10-09 17:32:26.533] [info] Frame 380 (t = 12.7):	 total squared error = 0.00488444, marker error: RMS = 0.0160336, max = 0.0330367 (Neck)
[2024-10-09 17:32:26.609] [info] Frame 381 (t = 12.7333):	 total squared error = 0.00481230, marker error: RMS = 0.0159147, max = 0.0341067 (Neck)
[2024-10-09 17:32:26.644] [info] Frame 382 (t = 12.7667):	 total squared error = 0.00493713, marker error: RMS = 0.0161198, max = 0.0357763 (Neck)
[2024-10-09 17:32:26.700] [info] Frame 383 (t = 12.8):	 total squared error = 0.00521899, marker error: RMS = 0.0165736, max = 0.0373187 (Neck)
[2024-10-09 17:32:26.751] [info] Frame 384 (t = 12.8333):	 total squared error = 0.00560625, marker error: RMS = 0.0171775, max = 0.0382291 (Neck)
[2024-10-09 17:32:26.809] [info] Frame 385 (t = 12.8667):	 total squared error = 0.00591156, marker error: RMS = 0.017639, max = 0.0379864 (Neck)
[2024-10-09 17:32:26.851] [info] Frame 386 (t = 12.9):	 total squared error = 0.00604651, marker error: RMS = 0.0178392, max = 0.0373044 (Neck)
[2024-10-09 17:32:26.921] [info] Frame 387 (t = 12.9333):	 total squared error = 0.00602881, marker error: RMS = 0.0178131, max = 0.036835 (Neck)
[2024-10-09 17:32:26.997] [info] Frame 388 (t = 12.9667):	 total squared error = 0.00587290, marker error: RMS = 0.0175812, max = 0.0365695 (Neck)
[2024-10-09 17:32:27.067] [info] Frame 389 (t = 13.0):	 total squared error = 0.00550668, marker error: RMS = 0.0170243, max = 0.0356115 (Neck)
[2024-10-09 17:32:27.132] [info] Frame 390 (t = 13.0333):	 total squared error = 0.00497789, marker error: RMS = 0.0161862, max = 0.0333347 (Neck)
[2024-10-09 17:32:27.200] [info] Frame 391 (t = 13.0667):	 total squared error = 0.00449316, marker error: RMS = 0.015378, max = 0.0297395 (Neck)
[2024-10-09 17:32:27.275] [info] Frame 392 (t = 13.1):	 total squared error = 0.00425697, marker error: RMS = 0.0149683, max = 0.0247248 (Neck)
[2024-10-09 17:32:27.352] [info] Frame 393 (t = 13.1333):	 total squared error = 0.00429119, marker error: RMS = 0.0150284, max = 0.0242714 (LShoulder)
[2024-10-09 17:32:27.434] [info] Frame 394 (t = 13.1667):	 total squared error = 0.00442968, marker error: RMS = 0.015269, max = 0.0263636 (LShoulder)
[2024-10-09 17:32:27.481] [info] Frame 395 (t = 13.2):	 total squared error = 0.00451613, marker error: RMS = 0.0154172, max = 0.0296643 (RKnee)
[2024-10-09 17:32:27.520] [info] Frame 396 (t = 13.2333):	 total squared error = 0.00455233, marker error: RMS = 0.0154789, max = 0.0322254 (RKnee)
[2024-10-09 17:32:27.594] [info] Frame 397 (t = 13.2667):	 total squared error = 0.00458538, marker error: RMS = 0.015535, max = 0.0331582 (RKnee)
[2024-10-09 17:32:27.643] [info] Frame 398 (t = 13.3):	 total squared error = 0.00467643, marker error: RMS = 0.0156885, max = 0.0320855 (RKnee)
[2024-10-09 17:32:27.724] [info] Frame 399 (t = 13.3333):	 total squared error = 0.00487524, marker error: RMS = 0.0160185, max = 0.0326207 (LShoulder)
[2024-10-09 17:32:27.781] [info] Frame 400 (t = 13.3667):	 total squared error = 0.00526853, marker error: RMS = 0.0166521, max = 0.0328197 (LShoulder)
[2024-10-09 17:32:27.833] [info] Frame 401 (t = 13.4):	 total squared error = 0.00569632, marker error: RMS = 0.0173149, max = 0.0327291 (LShoulder)
[2024-10-09 17:32:27.913] [info] Frame 402 (t = 13.4333):	 total squared error = 0.00595362, marker error: RMS = 0.0177016, max = 0.0325895 (LShoulder)
[2024-10-09 17:32:27.974] [info] Frame 403 (t = 13.4667):	 total squared error = 0.00607358, marker error: RMS = 0.0178791, max = 0.0323944 (RShoulder)
[2024-10-09 17:32:28.041] [info] Frame 404 (t = 13.5):	 total squared error = 0.00624738, marker error: RMS = 0.0181331, max = 0.0326862 (RShoulder)
[2024-10-09 17:32:28.102] [info] Frame 405 (t = 13.5333):	 total squared error = 0.00648693, marker error: RMS = 0.0184775, max = 0.0333688 (RShoulder)
[2024-10-09 17:32:28.169] [info] Frame 406 (t = 13.5667):	 total squared error = 0.00672293, marker error: RMS = 0.0188106, max = 0.0339548 (RShoulder)
[2024-10-09 17:32:28.236] [info] Frame 407 (t = 13.6):	 total squared error = 0.00687541, marker error: RMS = 0.0190227, max = 0.0345439 (RShoulder)
[2024-10-09 17:32:28.282] [info] Frame 408 (t = 13.6333):	 total squared error = 0.00692765, marker error: RMS = 0.0190948, max = 0.0345852 (RShoulder)
[2024-10-09 17:32:28.324] [info] Frame 409 (t = 13.6667):	 total squared error = 0.00685824, marker error: RMS = 0.018999, max = 0.0342642 (RShoulder)
[2024-10-09 17:32:28.369] [info] Frame 410 (t = 13.7):	 total squared error = 0.00659025, marker error: RMS = 0.018624, max = 0.0336195 (RShoulder)
[2024-10-09 17:32:28.427] [info] Frame 411 (t = 13.7333):	 total squared error = 0.00608596, marker error: RMS = 0.0178973, max = 0.0330267 (RShoulder)
[2024-10-09 17:32:28.497] [info] Frame 412 (t = 13.7667):	 total squared error = 0.00551025, marker error: RMS = 0.0170298, max = 0.0327697 (RShoulder)
[2024-10-09 17:32:28.572] [info] Frame 413 (t = 13.8):	 total squared error = 0.00507472, marker error: RMS = 0.0163429, max = 0.0329028 (RShoulder)
[2024-10-09 17:32:28.614] [info] Frame 414 (t = 13.8333):	 total squared error = 0.00483221, marker error: RMS = 0.0159476, max = 0.0332589 (RShoulder)
[2024-10-09 17:32:28.652] [info] Frame 415 (t = 13.8667):	 total squared error = 0.00477988, marker error: RMS = 0.015861, max = 0.0335236 (RShoulder)
[2024-10-09 17:32:28.722] [info] Frame 416 (t = 13.9):	 total squared error = 0.00486712, marker error: RMS = 0.0160051, max = 0.0331936 (RShoulder)
[2024-10-09 17:32:28.769] [info] Frame 417 (t = 13.9333):	 total squared error = 0.00512732, marker error: RMS = 0.0164274, max = 0.032597 (RShoulder)
[2024-10-09 17:32:28.808] [info] Frame 418 (t = 13.9667):	 total squared error = 0.00543197, marker error: RMS = 0.0169084, max = 0.0322533 (LShoulder)
[2024-10-09 17:32:28.855] [info] Frame 419 (t = 14.0):	 total squared error = 0.00569539, marker error: RMS = 0.0173135, max = 0.0325996 (LShoulder)
[2024-10-09 17:32:28.928] [info] Frame 420 (t = 14.0333):	 total squared error = 0.00599042, marker error: RMS = 0.0177563, max = 0.0326818 (LShoulder)
[2024-10-09 17:32:28.971] [info] Frame 421 (t = 14.0667):	 total squared error = 0.00624855, marker error: RMS = 0.0181348, max = 0.0326201 (LShoulder)
[2024-10-09 17:32:29.011] [info] Frame 422 (t = 14.1):	 total squared error = 0.00628534, marker error: RMS = 0.0181881, max = 0.0320975 (LShoulder)
[2024-10-09 17:32:29.078] [info] Frame 423 (t = 14.1333):	 total squared error = 0.00610072, marker error: RMS = 0.017919, max = 0.0311334 (LShoulder)
[2024-10-09 17:32:29.133] [info] Frame 424 (t = 14.1667):	 total squared error = 0.00577369, marker error: RMS = 0.0174321, max = 0.0291007 (LShoulder)
[2024-10-09 17:32:29.223] [info] Frame 425 (t = 14.2):	 total squared error = 0.00520438, marker error: RMS = 0.0165504, max = 0.0265589 (RHeel)
[2024-10-09 17:32:29.264] [info] Frame 426 (t = 14.2333):	 total squared error = 0.00452101, marker error: RMS = 0.0154256, max = 0.0242859 (RHeel)
[2024-10-09 17:32:29.332] [info] Frame 427 (t = 14.2667):	 total squared error = 0.00403888, marker error: RMS = 0.0145799, max = 0.0235199 (RKnee)
[2024-10-09 17:32:29.374] [info] Frame 428 (t = 14.3):	 total squared error = 0.00380931, marker error: RMS = 0.0141595, max = 0.0231861 (RKnee)
[2024-10-09 17:32:29.455] [info] Frame 429 (t = 14.3333):	 total squared error = 0.00367891, marker error: RMS = 0.013915, max = 0.0238752 (RKnee)
[2024-10-09 17:32:29.502] [info] Frame 430 (t = 14.3667):	 total squared error = 0.00361148, marker error: RMS = 0.0137869, max = 0.0250998 (RKnee)
[2024-10-09 17:32:29.572] [info] Frame 431 (t = 14.4):	 total squared error = 0.00361664, marker error: RMS = 0.0137967, max = 0.0259483 (RKnee)
[2024-10-09 17:32:29.620] [info] Frame 432 (t = 14.4333):	 total squared error = 0.00372483, marker error: RMS = 0.0140016, max = 0.0265006 (RKnee)
[2024-10-09 17:32:29.664] [info] Frame 433 (t = 14.4667):	 total squared error = 0.00386377, marker error: RMS = 0.0142603, max = 0.0269193 (RKnee)
[2024-10-09 17:32:29.722] [info] Frame 434 (t = 14.5):	 total squared error = 0.00388941, marker error: RMS = 0.0143076, max = 0.0260749 (RKnee)
[2024-10-09 17:32:29.776] [info] Frame 435 (t = 14.5333):	 total squared error = 0.00370782, marker error: RMS = 0.0139696, max = 0.0240097 (RKnee)
[2024-10-09 17:32:29.831] [info] Frame 436 (t = 14.5667):	 total squared error = 0.00337787, marker error: RMS = 0.0133335, max = 0.0236992 (LHeel)
[2024-10-09 17:32:29.873] [info] Frame 437 (t = 14.6):	 total squared error = 0.00325326, marker error: RMS = 0.0130853, max = 0.0232424 (LHeel)
[2024-10-09 17:32:29.943] [info] Frame 438 (t = 14.6333):	 total squared error = 0.00348749, marker error: RMS = 0.0135481, max = 0.0230684 (LHeel)
[2024-10-09 17:32:29.989] [info] Frame 439 (t = 14.6667):	 total squared error = 0.00396302, marker error: RMS = 0.0144423, max = 0.0232793 (LHeel)
[2024-10-09 17:32:30.052] [info] Frame 440 (t = 14.7):	 total squared error = 0.00459575, marker error: RMS = 0.0155525, max = 0.0268431 (RKnee)
[2024-10-09 17:32:30.126] [info] Frame 441 (t = 14.7333):	 total squared error = 0.00540520, marker error: RMS = 0.0168667, max = 0.034683 (RKnee)
[2024-10-09 17:32:30.210] [info] Frame 442 (t = 14.7667):	 total squared error = 0.00621244, marker error: RMS = 0.0180823, max = 0.0393544 (RKnee)
[2024-10-09 17:32:30.288] [info] Frame 443 (t = 14.8):	 total squared error = 0.00659563, marker error: RMS = 0.0186316, max = 0.0386286 (RKnee)
[2024-10-09 17:32:30.363] [info] Frame 444 (t = 14.8333):	 total squared error = 0.00628659, marker error: RMS = 0.0181899, max = 0.0330852 (RKnee)
[2024-10-09 17:32:30.426] [info] Frame 445 (t = 14.8667):	 total squared error = 0.00556591, marker error: RMS = 0.0171156, max = 0.0259756 (RKnee)
[2024-10-09 17:32:30.493] [info] Frame 446 (t = 14.9):	 total squared error = 0.00492623, marker error: RMS = 0.0161020, max = 0.025133 (Neck)
[2024-10-09 17:32:30.585] [info] Frame 447 (t = 14.9333):	 total squared error = 0.00463119, marker error: RMS = 0.0156124, max = 0.0296853 (Neck)
[2024-10-09 17:32:30.663] [info] Frame 448 (t = 14.9667):	 total squared error = 0.00460422, marker error: RMS = 0.0155669, max = 0.0323135 (Neck)
[2024-10-09 17:32:30.719] [info] Frame 449 (t = 15.0):	 total squared error = 0.00468514, marker error: RMS = 0.0157031, max = 0.032782 (Neck)
[2024-10-09 17:32:30.780] [info] Frame 450 (t = 15.0333):	 total squared error = 0.00483666, marker error: RMS = 0.015955, max = 0.0315134 (Neck)
[2024-10-09 17:32:30.819] [info] Frame 451 (t = 15.0667):	 total squared error = 0.00513093, marker error: RMS = 0.0164332, max = 0.0293511 (Neck)
[2024-10-09 17:32:30.885] [info] Frame 452 (t = 15.1):	 total squared error = 0.00554653, marker error: RMS = 0.0170857, max = 0.0273756 (LKnee)
[2024-10-09 17:32:30.928] [info] Frame 453 (t = 15.1333):	 total squared error = 0.00593771, marker error: RMS = 0.017678, max = 0.0305039 (LKnee)
[2024-10-09 17:32:30.995] [info] Frame 454 (t = 15.1667):	 total squared error = 0.00607077, marker error: RMS = 0.017875, max = 0.0294651 (LKnee)
[2024-10-09 17:32:31.059] [info] Frame 455 (t = 15.2):	 total squared error = 0.00589260, marker error: RMS = 0.0176107, max = 0.0262196 (LSmallToe)
[2024-10-09 17:32:31.123] [info] Frame 456 (t = 15.2333):	 total squared error = 0.00551712, marker error: RMS = 0.0170404, max = 0.0247421 (Neck)
[2024-10-09 17:32:31.188] [info] Frame 457 (t = 15.2667):	 total squared error = 0.00525297, marker error: RMS = 0.0166274, max = 0.0252435 (RHeel)
[2024-10-09 17:32:31.254] [info] Frame 458 (t = 15.3):	 total squared error = 0.00546621, marker error: RMS = 0.0169616, max = 0.02514 (RHeel)
[2024-10-09 17:32:31.318] [info] Frame 459 (t = 15.3333):	 total squared error = 0.00616846, marker error: RMS = 0.0180182, max = 0.0300483 (LKnee)
[2024-10-09 17:32:31.373] [info] Frame 460 (t = 15.3667):	 total squared error = 0.00679550, marker error: RMS = 0.0189118, max = 0.0318769 (LKnee)
[2024-10-09 17:32:31.454] [info] Frame 461 (t = 15.4):	 total squared error = 0.00704212, marker error: RMS = 0.019252, max = 0.0287033 (LElbow)
[2024-10-09 17:32:31.513] [info] Frame 462 (t = 15.4333):	 total squared error = 0.00709130, marker error: RMS = 0.0193191, max = 0.0311662 (LElbow)
[2024-10-09 17:32:31.583] [info] Frame 463 (t = 15.4667):	 total squared error = 0.00716547, marker error: RMS = 0.0194198, max = 0.0325774 (LElbow)
[2024-10-09 17:32:31.630] [info] Frame 464 (t = 15.5):	 total squared error = 0.00709314, marker error: RMS = 0.0193216, max = 0.0330125 (Neck)
[2024-10-09 17:32:31.760] [info] Frame 465 (t = 15.5333):	 total squared error = 0.00652781, marker error: RMS = 0.0185356, max = 0.0335504 (Neck)
[2024-10-09 17:32:31.824] [info] Frame 466 (t = 15.5667):	 total squared error = 0.00566918, marker error: RMS = 0.0172736, max = 0.0326069 (Neck)
[2024-10-09 17:32:31.891] [info] Frame 467 (t = 15.6):	 total squared error = 0.00488329, marker error: RMS = 0.0160317, max = 0.0320758 (Neck)
[2024-10-09 17:32:31.958] [info] Frame 468 (t = 15.6333):	 total squared error = 0.00455664, marker error: RMS = 0.0154862, max = 0.0328179 (Neck)
[2024-10-09 17:32:32.013] [info] Frame 469 (t = 15.6667):	 total squared error = 0.00472569, marker error: RMS = 0.0157709, max = 0.0344107 (Neck)
[2024-10-09 17:32:32.089] [info] Frame 470 (t = 15.7):	 total squared error = 0.00511138, marker error: RMS = 0.0164018, max = 0.0366161 (Neck)
[2024-10-09 17:32:32.211] [info] Frame 471 (t = 15.7333):	 total squared error = 0.00557959, marker error: RMS = 0.0171366, max = 0.0393523 (Neck)
[2024-10-09 17:32:32.291] [info] Frame 472 (t = 15.7667):	 total squared error = 0.00600150, marker error: RMS = 0.0177727, max = 0.0422963 (Neck)
[2024-10-09 17:32:32.337] [info] Frame 473 (t = 15.8):	 total squared error = 0.00611417, marker error: RMS = 0.0179387, max = 0.04429 (Neck)
[2024-10-09 17:32:32.387] [info] Frame 474 (t = 15.8333):	 total squared error = 0.00591766, marker error: RMS = 0.0176481, max = 0.0443742 (Neck)
[2024-10-09 17:32:32.465] [info] Frame 475 (t = 15.8667):	 total squared error = 0.00572194, marker error: RMS = 0.0173538, max = 0.0426918 (Neck)
[2024-10-09 17:32:32.543] [info] Frame 476 (t = 15.9):	 total squared error = 0.00567046, marker error: RMS = 0.0172756, max = 0.0407787 (Neck)
[2024-10-09 17:32:32.621] [info] Frame 477 (t = 15.9333):	 total squared error = 0.00560090, marker error: RMS = 0.0171693, max = 0.0391698 (Neck)
[2024-10-09 17:32:32.682] [info] Frame 478 (t = 15.9667):	 total squared error = 0.00573773, marker error: RMS = 0.0173777, max = 0.0379383 (Neck)
[2024-10-09 17:32:32.749] [info] Frame 479 (t = 16.0):	 total squared error = 0.00621434, marker error: RMS = 0.0180851, max = 0.0370727 (Neck)
[2024-10-09 17:32:32.794] [info] Frame 480 (t = 16.0333):	 total squared error = 0.00683707, marker error: RMS = 0.0189696, max = 0.0365758 (Neck)
[2024-10-09 17:32:32.867] [info] Frame 481 (t = 16.0667):	 total squared error = 0.00736528, marker error: RMS = 0.0196887, max = 0.0365029 (Neck)
[2024-10-09 17:32:32.920] [info] Frame 482 (t = 16.1):	 total squared error = 0.00778125, marker error: RMS = 0.0202371, max = 0.0366265 (Neck)
[2024-10-09 17:32:32.996] [info] Frame 483 (t = 16.1333):	 total squared error = 0.00803407, marker error: RMS = 0.0205632, max = 0.0365421 (Neck)
[2024-10-09 17:32:33.066] [info] Frame 484 (t = 16.1667):	 total squared error = 0.00799775, marker error: RMS = 0.0205167, max = 0.0367719 (RShoulder)
[2024-10-09 17:32:33.106] [info] Frame 485 (t = 16.2):	 total squared error = 0.00785242, marker error: RMS = 0.0203294, max = 0.0374149 (RShoulder)
[2024-10-09 17:32:33.187] [info] Frame 486 (t = 16.2333):	 total squared error = 0.00808311, marker error: RMS = 0.0206259, max = 0.0392152 (LShoulder)
[2024-10-09 17:32:33.250] [info] Frame 487 (t = 16.2667):	 total squared error = 0.00900782, marker error: RMS = 0.0217737, max = 0.0408131 (LShoulder)
[2024-10-09 17:32:33.302] [info] Frame 488 (t = 16.3):	 total squared error = 0.0103464, marker error: RMS = 0.0233356, max = 0.0419148 (LShoulder)
[2024-10-09 17:32:33.366] [info] Frame 489 (t = 16.3333):	 total squared error = 0.0114539, marker error: RMS = 0.0245528, max = 0.0425654 (LShoulder)
[2024-10-09 17:32:33.406] [info] Frame 490 (t = 16.3667):	 total squared error = 0.0119731, marker error: RMS = 0.0251030, max = 0.0431972 (LShoulder)
[2024-10-09 17:32:33.462] [info] Frame 491 (t = 16.4):	 total squared error = 0.0121705, marker error: RMS = 0.0253091, max = 0.0431714 (LShoulder)
[2024-10-09 17:32:33.532] [info] Frame 492 (t = 16.4333):	 total squared error = 0.0125901, marker error: RMS = 0.0257418, max = 0.0448503 (Neck)
[2024-10-09 17:32:33.601] [info] Frame 493 (t = 16.4667):	 total squared error = 0.0136551, marker error: RMS = 0.0268084, max = 0.0495643 (Neck)
[2024-10-09 17:32:33.676] [info] Frame 494 (t = 16.5):	 total squared error = 0.0152101, marker error: RMS = 0.0282936, max = 0.053387 (LKnee)
[2024-10-09 17:32:33.722] [info] Frame 495 (t = 16.5333):	 total squared error = 0.0166606, marker error: RMS = 0.029612, max = 0.0632080 (LKnee)
[2024-10-09 17:32:33.766] [info] Frame 496 (t = 16.5667):	 total squared error = 0.017611, marker error: RMS = 0.0304449, max = 0.0702587 (LKnee)
[2024-10-09 17:32:33.906] [info] Frame 497 (t = 16.6):	 total squared error = 0.0177449, marker error: RMS = 0.0305605, max = 0.0726357 (LKnee)
[2024-10-09 17:32:33.963] [info] Frame 498 (t = 16.6333):	 total squared error = 0.0168372, marker error: RMS = 0.0297686, max = 0.0671718 (LKnee)
[2024-10-09 17:32:34.042] [info] Frame 499 (t = 16.6667):	 total squared error = 0.0146107, marker error: RMS = 0.0277306, max = 0.0537466 (LKnee)
[2024-10-09 17:32:34.084] [info] Frame 500 (t = 16.7):	 total squared error = 0.0118436, marker error: RMS = 0.024967, max = 0.0394952 (LAnkle)
[2024-10-09 17:32:34.141] [info] Frame 501 (t = 16.7333):	 total squared error = 0.00969867, marker error: RMS = 0.0225933, max = 0.0371556 (Neck)
[2024-10-09 17:32:34.188] [info] Frame 502 (t = 16.7667):	 total squared error = 0.00857756, marker error: RMS = 0.0212474, max = 0.0368824 (Neck)
[2024-10-09 17:32:34.252] [info] Frame 503 (t = 16.8):	 total squared error = 0.00834179, marker error: RMS = 0.0209533, max = 0.0375249 (Neck)
[2024-10-09 17:32:34.298] [info] Frame 504 (t = 16.8333):	 total squared error = 0.00869516, marker error: RMS = 0.0213925, max = 0.0381369 (Neck)
[2024-10-09 17:32:34.382] [info] Frame 505 (t = 16.8667):	 total squared error = 0.00941939, marker error: RMS = 0.0222656, max = 0.0386642 (Neck)
[2024-10-09 17:32:34.429] [info] Frame 506 (t = 16.9):	 total squared error = 0.0101890, marker error: RMS = 0.0231574, max = 0.038662 (Neck)
[2024-10-09 17:32:34.502] [info] Frame 507 (t = 16.9333):	 total squared error = 0.0106965, marker error: RMS = 0.0237271, max = 0.038425 (RHip)
[2024-10-09 17:32:34.538] [info] Frame 508 (t = 16.9667):	 total squared error = 0.0107775, marker error: RMS = 0.0238168, max = 0.037532 (RHip)
[2024-10-09 17:32:34.590] [info] Frame 509 (t = 17.0):	 total squared error = 0.0105079, marker error: RMS = 0.0235169, max = 0.0363261 (RHip)
[2024-10-09 17:32:34.661] [info] Frame 510 (t = 17.0333):	 total squared error = 0.0100966, marker error: RMS = 0.0230521, max = 0.0351594 (LBigToe)
[2024-10-09 17:32:34.691] [info] Frame 511 (t = 17.0667):	 total squared error = 0.00966213, marker error: RMS = 0.0225507, max = 0.0344867 (LBigToe)
[2024-10-09 17:32:34.722] [info] Frame 512 (t = 17.1):	 total squared error = 0.00928453, marker error: RMS = 0.0221056, max = 0.0337468 (LBigToe)
[2024-10-09 17:32:34.758] [info] Frame 513 (t = 17.1333):	 total squared error = 0.00894643, marker error: RMS = 0.0216994, max = 0.0324239 (LBigToe)
[2024-10-09 17:32:34.837] [info] Frame 514 (t = 17.1667):	 total squared error = 0.00865653, marker error: RMS = 0.0213449, max = 0.0316809 (Neck)
[2024-10-09 17:32:34.878] [info] Frame 515 (t = 17.2):	 total squared error = 0.00848712, marker error: RMS = 0.021135, max = 0.0323127 (LAnkle)
[2024-10-09 17:32:34.946] [info] Frame 516 (t = 17.2333):	 total squared error = 0.00844539, marker error: RMS = 0.0210830, max = 0.0326452 (LAnkle)
[2024-10-09 17:32:34.975] [info] Frame 517 (t = 17.2667):	 total squared error = 0.00852355, marker error: RMS = 0.0211804, max = 0.0324335 (LAnkle)
[2024-10-09 17:32:35.013] [info] Frame 518 (t = 17.3):	 total squared error = 0.00860474, marker error: RMS = 0.021281, max = 0.0326464 (LHeel)
[2024-10-09 17:32:35.047] [info] Frame 519 (t = 17.3333):	 total squared error = 0.00869126, marker error: RMS = 0.0213877, max = 0.0343645 (LHeel)
[2024-10-09 17:32:35.080] [info] Frame 520 (t = 17.3667):	 total squared error = 0.00872134, marker error: RMS = 0.0214247, max = 0.0353463 (LHeel)
[2024-10-09 17:32:35.116] [info] Frame 521 (t = 17.4):	 total squared error = 0.00871087, marker error: RMS = 0.0214118, max = 0.0356219 (LHeel)
[2024-10-09 17:32:35.189] [info] Frame 522 (t = 17.4333):	 total squared error = 0.00865457, marker error: RMS = 0.0213425, max = 0.0349311 (LHeel)
[2024-10-09 17:32:35.214] [info] Frame 523 (t = 17.4667):	 total squared error = 0.00857842, marker error: RMS = 0.0212484, max = 0.033457 (LHeel)
[2024-10-09 17:32:35.246] [info] Frame 524 (t = 17.5):	 total squared error = 0.00849299, marker error: RMS = 0.0211424, max = 0.0329321 (LBigToe)
[2024-10-09 17:32:35.268] [info] Frame 525 (t = 17.5333):	 total squared error = 0.00844104, marker error: RMS = 0.0210776, max = 0.0341704 (LBigToe)
[2024-10-09 17:32:35.326] [info] Frame 526 (t = 17.5667):	 total squared error = 0.00843955, marker error: RMS = 0.0210757, max = 0.0340872 (LBigToe)
[2024-10-09 17:32:35.400] [info] Frame 527 (t = 17.6):	 total squared error = 0.00857988, marker error: RMS = 0.0212502, max = 0.0342323 (LBigToe)
[2024-10-09 17:32:35.471] [info] Frame 528 (t = 17.6333):	 total squared error = 0.00881822, marker error: RMS = 0.0215434, max = 0.0342876 (LBigToe)
[2024-10-09 17:32:35.548] [info] Frame 529 (t = 17.6667):	 total squared error = 0.00909241, marker error: RMS = 0.0218757, max = 0.0342673 (LBigToe)
[2024-10-09 17:32:35.609] [info] Frame 530 (t = 17.7):	 total squared error = 0.00936515, marker error: RMS = 0.0222014, max = 0.0342769 (LBigToe)
[2024-10-09 17:32:35.677] [info] Frame 531 (t = 17.7333):	 total squared error = 0.00959569, marker error: RMS = 0.022473, max = 0.0343874 (LBigToe)
[2024-10-09 17:32:35.746] [info] Frame 532 (t = 17.7667):	 total squared error = 0.00978497, marker error: RMS = 0.0226936, max = 0.0348947 (LBigToe)
[2024-10-09 17:32:35.783] [info] Frame 533 (t = 17.8):	 total squared error = 0.00990421, marker error: RMS = 0.0228314, max = 0.0359164 (LBigToe)
[2024-10-09 17:32:35.829] [info] Frame 534 (t = 17.8333):	 total squared error = 0.00990742, marker error: RMS = 0.0228351, max = 0.0376355 (LBigToe)
[2024-10-09 17:32:35.896] [info] Frame 535 (t = 17.8667):	 total squared error = 0.00978186, marker error: RMS = 0.02269, max = 0.0394053 (LBigToe)
[2024-10-09 17:32:35.985] [info] Frame 536 (t = 17.9):	 total squared error = 0.00961234, marker error: RMS = 0.0224925, max = 0.0408467 (LBigToe)
[2024-10-09 17:32:36.039] [info] Frame 537 (t = 17.9333):	 total squared error = 0.00943906, marker error: RMS = 0.0222888, max = 0.0413492 (LBigToe)
[2024-10-09 17:32:36.112] [info] Frame 538 (t = 17.9667):	 total squared error = 0.00923171, marker error: RMS = 0.0220427, max = 0.0402481 (LBigToe)
[2024-10-09 17:32:36.168] [info] Frame 539 (t = 18.0):	 total squared error = 0.00902998, marker error: RMS = 0.0218005, max = 0.0374007 (LBigToe)
[2024-10-09 17:32:36.196] [info] Frame 540 (t = 18.0333):	 total squared error = 0.00890194, marker error: RMS = 0.0216454, max = 0.0332693 (LBigToe)
[2024-10-09 17:32:36.216] [info] Frame 541 (t = 18.0667):	 total squared error = 0.00895050, marker error: RMS = 0.0217044, max = 0.0355517 (LAnkle)
[2024-10-09 17:32:36.283] [info] Frame 542 (t = 18.1):	 total squared error = 0.00904439, marker error: RMS = 0.0218179, max = 0.0354953 (LAnkle)
[2024-10-09 17:32:36.330] [info] Frame 543 (t = 18.1333):	 total squared error = 0.00922000, marker error: RMS = 0.0220287, max = 0.0370080 (LAnkle)
[2024-10-09 17:32:36.426] [info] Frame 544 (t = 18.1667):	 total squared error = 0.00931440, marker error: RMS = 0.0221412, max = 0.0369538 (LAnkle)
[2024-10-09 17:32:36.474] [info] Frame 545 (t = 18.2):	 total squared error = 0.00941022, marker error: RMS = 0.0222548, max = 0.0360304 (LAnkle)
[2024-10-09 17:32:36.521] [info] Frame 546 (t = 18.2333):	 total squared error = 0.00967328, marker error: RMS = 0.0225637, max = 0.0339578 (LHeel)
[2024-10-09 17:32:36.588] [info] Frame 547 (t = 18.2667):	 total squared error = 0.0103595, marker error: RMS = 0.0233503, max = 0.035666 (LBigToe)
[2024-10-09 17:32:36.601] [info] InverseKinematicsTool completed 548 frames in 33 second(s).
