[2024-10-09 17:21:16.009] [info] Preparing to run InverseKinematicsTool.
[2024-10-09 17:21:16.031] [info] Loaded model Pose2Sim_scaled from file Model_Pose2Sim_Halpe26_scaled.osim
[2024-10-09 17:21:16.032] [warning] Couldn't find file 'r_pelvis.vtp'.
[2024-10-09 17:21:16.032] [warning] Couldn't find file 'l_pelvis.vtp'.
[2024-10-09 17:21:16.032] [warning] Couldn't find file 'sacrum.vtp'.
[2024-10-09 17:21:16.032] [warning] Couldn't find file 'femur_r.vtp'.
[2024-10-09 17:21:16.033] [warning] Couldn't find file 'r_patella.vtp'.
[2024-10-09 17:21:16.033] [warning] Couldn't find file 'tibia_r.vtp'.
[2024-10-09 17:21:16.033] [warning] Couldn't find file 'fibula_r.vtp'.
[2024-10-09 17:21:16.033] [warning] Couldn't find file 'talus_rv.vtp'.
[2024-10-09 17:21:16.033] [warning] Couldn't find file 'foot.vtp'.
[2024-10-09 17:21:16.033] [warning] Couldn't find file 'bofoot.vtp'.
[2024-10-09 17:21:16.034] [warning] Couldn't find file 'femur_l.vtp'.
[2024-10-09 17:21:16.034] [warning] Couldn't find file 'l_patella.vtp'.
[2024-10-09 17:21:16.034] [warning] Couldn't find file 'tibia_l.vtp'.
[2024-10-09 17:21:16.034] [warning] Couldn't find file 'fibula_l.vtp'.
[2024-10-09 17:21:16.034] [warning] Couldn't find file 'talus_lv.vtp'.
[2024-10-09 17:21:16.034] [warning] Couldn't find file 'l_foot.vtp'.
[2024-10-09 17:21:16.034] [warning] Couldn't find file 'l_bofoot.vtp'.
[2024-10-09 17:21:16.035] [warning] Couldn't find file 'lumbar5.vtp'.
[2024-10-09 17:21:16.035] [warning] Couldn't find file 'lumbar4.vtp'.
[2024-10-09 17:21:16.035] [warning] Couldn't find file 'lumbar3.vtp'.
[2024-10-09 17:21:16.035] [warning] Couldn't find file 'lumbar2.vtp'.
[2024-10-09 17:21:16.035] [warning] Couldn't find file 'lumbar1.vtp'.
[2024-10-09 17:21:16.035] [warning] Couldn't find file 'cerv1sm.vtp'.
[2024-10-09 17:21:16.035] [warning] Couldn't find file 'cerv2sm.vtp'.
[2024-10-09 17:21:16.036] [warning] Couldn't find file 'cerv3sm.vtp'.
[2024-10-09 17:21:16.036] [warning] Couldn't find file 'cerv4sm.vtp'.
[2024-10-09 17:21:16.036] [warning] Couldn't find file 'cerv5sm.vtp'.
[2024-10-09 17:21:16.036] [warning] Couldn't find file 'cerv6sm.vtp'.
[2024-10-09 17:21:16.036] [warning] Couldn't find file 'cerv7.vtp'.
[2024-10-09 17:21:16.036] [warning] Couldn't find file 'thoracic12_s.vtp'.
[2024-10-09 17:21:16.036] [warning] Couldn't find file 'thoracic11_s.vtp'.
[2024-10-09 17:21:16.036] [warning] Couldn't find file 'thoracic10_s.vtp'.
[2024-10-09 17:21:16.037] [warning] Couldn't find file 'thoracic9_s.vtp'.
[2024-10-09 17:21:16.037] [warning] Couldn't find file 'thoracic8_s.vtp'.
[2024-10-09 17:21:16.037] [warning] Couldn't find file 'thoracic7_s.vtp'.
[2024-10-09 17:21:16.037] [warning] Couldn't find file 'thoracic6_s.vtp'.
[2024-10-09 17:21:16.037] [warning] Couldn't find file 'thoracic5_s.vtp'.
[2024-10-09 17:21:16.037] [warning] Couldn't find file 'thoracic4_s.vtp'.
[2024-10-09 17:21:16.037] [warning] Couldn't find file 'thoracic3_s.vtp'.
[2024-10-09 17:21:16.038] [warning] Couldn't find file 'thoracic2_s.vtp'.
[2024-10-09 17:21:16.038] [warning] Couldn't find file 'thoracic1_s.vtp'.
[2024-10-09 17:21:16.038] [warning] Couldn't find file 'hat_ribs_scap.vtp'.
[2024-10-09 17:21:16.038] [warning] Couldn't find file 'hat_jaw.vtp'.
[2024-10-09 17:21:16.038] [warning] Couldn't find file 'hat_skull.vtp'.
[2024-10-09 17:21:16.038] [warning] Couldn't find file 'humerus_rv.vtp'.
[2024-10-09 17:21:16.039] [warning] Couldn't find file 'ulna_rv.vtp'.
[2024-10-09 17:21:16.039] [warning] Couldn't find file 'radius_rv.vtp'.
[2024-10-09 17:21:16.039] [warning] Couldn't find file 'pisiform_rvs.vtp'.
[2024-10-09 17:21:16.039] [warning] Couldn't find file 'lunate_rvs.vtp'.
[2024-10-09 17:21:16.039] [warning] Couldn't find file 'scaphoid_rvs.vtp'.
[2024-10-09 17:21:16.039] [warning] Couldn't find file 'triquetrum_rvs.vtp'.
[2024-10-09 17:21:16.039] [warning] Couldn't find file 'hamate_rvs.vtp'.
[2024-10-09 17:21:16.039] [warning] Couldn't find file 'capitate_rvs.vtp'.
[2024-10-09 17:21:16.040] [warning] Couldn't find file 'trapezoid_rvs.vtp'.
[2024-10-09 17:21:16.040] [warning] Couldn't find file 'trapezium_rvs.vtp'.
[2024-10-09 17:21:16.040] [warning] Couldn't find file 'metacarpal2_rvs.vtp'.
[2024-10-09 17:21:16.040] [warning] Couldn't find file 'index_proximal_rvs.vtp'.
[2024-10-09 17:21:16.040] [warning] Couldn't find file 'index_medial_rvs.vtp'.
[2024-10-09 17:21:16.040] [warning] Couldn't find file 'index_distal_rvs.vtp'.
[2024-10-09 17:21:16.040] [warning] Couldn't find file 'metacarpal3_rvs.vtp'.
[2024-10-09 17:21:16.041] [warning] Couldn't find file 'middle_proximal_rvs.vtp'.
[2024-10-09 17:21:16.041] [warning] Couldn't find file 'middle_medial_rvs.vtp'.
[2024-10-09 17:21:16.041] [warning] Couldn't find file 'middle_distal_rvs.vtp'.
[2024-10-09 17:21:16.041] [warning] Couldn't find file 'metacarpal4_rvs.vtp'.
[2024-10-09 17:21:16.041] [warning] Couldn't find file 'ring_proximal_rvs.vtp'.
[2024-10-09 17:21:16.041] [warning] Couldn't find file 'ring_medial_rvs.vtp'.
[2024-10-09 17:21:16.041] [warning] Couldn't find file 'ring_distal_rvs.vtp'.
[2024-10-09 17:21:16.041] [warning] Couldn't find file 'metacarpal5_rvs.vtp'.
[2024-10-09 17:21:16.042] [warning] Couldn't find file 'little_proximal_rvs.vtp'.
[2024-10-09 17:21:16.042] [warning] Couldn't find file 'little_medial_rvs.vtp'.
[2024-10-09 17:21:16.042] [warning] Couldn't find file 'little_distal_rvs.vtp'.
[2024-10-09 17:21:16.042] [warning] Couldn't find file 'metacarpal1_rvs.vtp'.
[2024-10-09 17:21:16.042] [warning] Couldn't find file 'thumb_proximal_rvs.vtp'.
[2024-10-09 17:21:16.042] [warning] Couldn't find file 'thumb_distal_rvs.vtp'.
[2024-10-09 17:21:16.043] [warning] Couldn't find file 'humerus_lv.vtp'.
[2024-10-09 17:21:16.043] [warning] Couldn't find file 'ulna_lv.vtp'.
[2024-10-09 17:21:16.043] [warning] Couldn't find file 'radius_lv.vtp'.
[2024-10-09 17:21:16.043] [warning] Couldn't find file 'pisiform_lvs.vtp'.
[2024-10-09 17:21:16.043] [warning] Couldn't find file 'lunate_lvs.vtp'.
[2024-10-09 17:21:16.043] [warning] Couldn't find file 'scaphoid_lvs.vtp'.
[2024-10-09 17:21:16.043] [warning] Couldn't find file 'triquetrum_lvs.vtp'.
[2024-10-09 17:21:16.044] [warning] Couldn't find file 'hamate_lvs.vtp'.
[2024-10-09 17:21:16.044] [warning] Couldn't find file 'capitate_lvs.vtp'.
[2024-10-09 17:21:16.044] [warning] Couldn't find file 'trapezoid_lvs.vtp'.
[2024-10-09 17:21:16.044] [warning] Couldn't find file 'trapezium_lvs.vtp'.
[2024-10-09 17:21:16.044] [warning] Couldn't find file 'metacarpal2_lvs.vtp'.
[2024-10-09 17:21:16.045] [warning] Couldn't find file 'index_proximal_lvs.vtp'.
[2024-10-09 17:21:16.045] [warning] Couldn't find file 'index_medial_lvs.vtp'.
[2024-10-09 17:21:16.045] [warning] Couldn't find file 'index_distal_lvs.vtp'.
[2024-10-09 17:21:16.045] [warning] Couldn't find file 'metacarpal3_lvs.vtp'.
[2024-10-09 17:21:16.045] [warning] Couldn't find file 'middle_proximal_lvs.vtp'.
[2024-10-09 17:21:16.045] [warning] Couldn't find file 'middle_medial_lvs.vtp'.
[2024-10-09 17:21:16.046] [warning] Couldn't find file 'middle_distal_lvs.vtp'.
[2024-10-09 17:21:16.046] [warning] Couldn't find file 'metacarpal4_lvs.vtp'.
[2024-10-09 17:21:16.046] [warning] Couldn't find file 'ring_proximal_lvs.vtp'.
[2024-10-09 17:21:16.046] [warning] Couldn't find file 'ring_medial_lvs.vtp'.
[2024-10-09 17:21:16.046] [warning] Couldn't find file 'ring_distal_lvs.vtp'.
[2024-10-09 17:21:16.046] [warning] Couldn't find file 'metacarpal5_lvs.vtp'.
[2024-10-09 17:21:16.046] [warning] Couldn't find file 'little_proximal_lvs.vtp'.
[2024-10-09 17:21:16.047] [warning] Couldn't find file 'little_medial_lvs.vtp'.
[2024-10-09 17:21:16.047] [warning] Couldn't find file 'little_distal_lvs.vtp'.
[2024-10-09 17:21:16.047] [warning] Couldn't find file 'metacarpal1_lvs.vtp'.
[2024-10-09 17:21:16.047] [warning] Couldn't find file 'thumb_proximal_lvs.vtp'.
[2024-10-09 17:21:16.047] [warning] Couldn't find file 'thumb_distal_lvs.vtp'.
[2024-10-09 17:21:16.048] [cout] [info] 
               MODEL: Pose2Sim_scaled
         coordinates: 62
              forces: 0
           actuators: 0
             muscles: 0
            analyses: 0
              probes: 0
              bodies: 30
              joints: 30
         constraints: 20
             markers: 22
         controllers: 0
  contact geometries: 0
misc modelcomponents: 0
[2024-10-09 17:21:16.050] [info] Running tool .
[2024-10-09 17:21:16.480] [info] Frame 0 (t = 0.0333333):	 total squared error = 0.0142026, marker error: RMS = 0.0273405, max = 0.0605513 (LShoulder)
[2024-10-09 17:21:16.542] [info] Frame 1 (t = 0.0666667):	 total squared error = 0.0141985, marker error: RMS = 0.0273366, max = 0.0605223 (LShoulder)
[2024-10-09 17:21:16.611] [info] Frame 2 (t = 0.1):	 total squared error = 0.0141986, marker error: RMS = 0.0273367, max = 0.0605730 (LShoulder)
[2024-10-09 17:21:16.676] [info] Frame 3 (t = 0.133333):	 total squared error = 0.0141995, marker error: RMS = 0.0273376, max = 0.0605487 (LShoulder)
[2024-10-09 17:21:16.738] [info] Frame 4 (t = 0.166667):	 total squared error = 0.0142014, marker error: RMS = 0.0273394, max = 0.0605602 (LShoulder)
[2024-10-09 17:21:16.809] [info] Frame 5 (t = 0.2):	 total squared error = 0.0141999, marker error: RMS = 0.0273379, max = 0.0605627 (LShoulder)
[2024-10-09 17:21:16.841] [info] Frame 6 (t = 0.233333):	 total squared error = 0.0141985, marker error: RMS = 0.0273366, max = 0.0605496 (LShoulder)
[2024-10-09 17:21:16.910] [info] Frame 7 (t = 0.266667):	 total squared error = 0.0141982, marker error: RMS = 0.0273363, max = 0.0605437 (LShoulder)
[2024-10-09 17:21:16.980] [info] Frame 8 (t = 0.3):	 total squared error = 0.0141994, marker error: RMS = 0.0273374, max = 0.0605381 (LShoulder)
[2024-10-09 17:21:17.066] [info] Frame 9 (t = 0.333333):	 total squared error = 0.0141993, marker error: RMS = 0.0273374, max = 0.0605136 (LShoulder)
[2024-10-09 17:21:17.118] [info] Frame 10 (t = 0.366667):	 total squared error = 0.0142076, marker error: RMS = 0.0273453, max = 0.0605074 (LShoulder)
[2024-10-09 17:21:17.166] [info] Frame 11 (t = 0.4):	 total squared error = 0.0142022, marker error: RMS = 0.0273402, max = 0.0605511 (LShoulder)
[2024-10-09 17:21:17.225] [info] Frame 12 (t = 0.433333):	 total squared error = 0.0141977, marker error: RMS = 0.0273358, max = 0.0605436 (LShoulder)
[2024-10-09 17:21:17.290] [info] Frame 13 (t = 0.466667):	 total squared error = 0.0142003, marker error: RMS = 0.0273383, max = 0.0605446 (LShoulder)
[2024-10-09 17:21:17.358] [info] Frame 14 (t = 0.5):	 total squared error = 0.0141986, marker error: RMS = 0.0273367, max = 0.0605964 (LShoulder)
[2024-10-09 17:21:17.420] [info] Frame 15 (t = 0.533333):	 total squared error = 0.0142015, marker error: RMS = 0.0273395, max = 0.0605442 (LShoulder)
[2024-10-09 17:21:17.498] [info] Frame 16 (t = 0.566667):	 total squared error = 0.0141997, marker error: RMS = 0.0273378, max = 0.0605159 (LShoulder)
[2024-10-09 17:21:17.563] [info] Frame 17 (t = 0.6):	 total squared error = 0.0141987, marker error: RMS = 0.0273368, max = 0.0605233 (LShoulder)
[2024-10-09 17:21:17.628] [info] Frame 18 (t = 0.633333):	 total squared error = 0.0141985, marker error: RMS = 0.0273366, max = 0.0605931 (LShoulder)
[2024-10-09 17:21:17.699] [info] Frame 19 (t = 0.666667):	 total squared error = 0.0141997, marker error: RMS = 0.0273378, max = 0.0605326 (LShoulder)
[2024-10-09 17:21:17.777] [info] Frame 20 (t = 0.7):	 total squared error = 0.0142002, marker error: RMS = 0.0273383, max = 0.0605297 (LShoulder)
[2024-10-09 17:21:17.845] [info] Frame 21 (t = 0.733333):	 total squared error = 0.0141988, marker error: RMS = 0.0273369, max = 0.0605324 (LShoulder)
[2024-10-09 17:21:17.910] [info] Frame 22 (t = 0.766667):	 total squared error = 0.0142035, marker error: RMS = 0.0273414, max = 0.0605772 (LShoulder)
[2024-10-09 17:21:17.982] [info] Frame 23 (t = 0.8):	 total squared error = 0.0142009, marker error: RMS = 0.0273389, max = 0.0605139 (LShoulder)
[2024-10-09 17:21:18.029] [info] Frame 24 (t = 0.833333):	 total squared error = 0.0142029, marker error: RMS = 0.0273408, max = 0.0605188 (LShoulder)
[2024-10-09 17:21:18.095] [info] Frame 25 (t = 0.866667):	 total squared error = 0.0141986, marker error: RMS = 0.0273367, max = 0.0605425 (LShoulder)
[2024-10-09 17:21:18.172] [info] Frame 26 (t = 0.9):	 total squared error = 0.0141991, marker error: RMS = 0.0273372, max = 0.0605285 (LShoulder)
[2024-10-09 17:21:18.233] [info] Frame 27 (t = 0.933333):	 total squared error = 0.0141995, marker error: RMS = 0.0273375, max = 0.0605674 (LShoulder)
[2024-10-09 17:21:18.276] [info] Frame 28 (t = 0.966667):	 total squared error = 0.0142010, marker error: RMS = 0.027339, max = 0.0605378 (LShoulder)
[2024-10-09 17:21:18.335] [info] Frame 29 (t = 1.0):	 total squared error = 0.0142002, marker error: RMS = 0.0273382, max = 0.0605484 (LShoulder)
[2024-10-09 17:21:18.396] [info] Frame 30 (t = 1.03333):	 total squared error = 0.014199, marker error: RMS = 0.0273371, max = 0.0605654 (LShoulder)
[2024-10-09 17:21:18.442] [info] Frame 31 (t = 1.06667):	 total squared error = 0.0142002, marker error: RMS = 0.0273382, max = 0.0605438 (LShoulder)
[2024-10-09 17:21:18.496] [info] Frame 32 (t = 1.1):	 total squared error = 0.0142022, marker error: RMS = 0.0273401, max = 0.0605544 (LShoulder)
[2024-10-09 17:21:18.528] [info] Frame 33 (t = 1.13333):	 total squared error = 0.0142025, marker error: RMS = 0.0273404, max = 0.0605481 (LShoulder)
[2024-10-09 17:21:18.583] [info] Frame 34 (t = 1.16667):	 total squared error = 0.0141991, marker error: RMS = 0.0273371, max = 0.0605464 (LShoulder)
[2024-10-09 17:21:18.633] [info] Frame 35 (t = 1.2):	 total squared error = 0.0141997, marker error: RMS = 0.0273378, max = 0.0605367 (LShoulder)
[2024-10-09 17:21:18.700] [info] Frame 36 (t = 1.23333):	 total squared error = 0.0142004, marker error: RMS = 0.0273384, max = 0.0605460 (LShoulder)
[2024-10-09 17:21:18.728] [info] Frame 37 (t = 1.26667):	 total squared error = 0.0141996, marker error: RMS = 0.0273376, max = 0.0605587 (LShoulder)
[2024-10-09 17:21:18.790] [info] Frame 38 (t = 1.3):	 total squared error = 0.0142005, marker error: RMS = 0.0273385, max = 0.0605818 (LShoulder)
[2024-10-09 17:21:18.820] [info] Frame 39 (t = 1.33333):	 total squared error = 0.0142015, marker error: RMS = 0.0273395, max = 0.0605943 (LShoulder)
[2024-10-09 17:21:18.859] [info] Frame 40 (t = 1.36667):	 total squared error = 0.0142029, marker error: RMS = 0.0273408, max = 0.0605580 (LShoulder)
[2024-10-09 17:21:18.928] [info] Frame 41 (t = 1.4):	 total squared error = 0.0141993, marker error: RMS = 0.0273374, max = 0.0605368 (LShoulder)
[2024-10-09 17:21:19.007] [info] Frame 42 (t = 1.43333):	 total squared error = 0.0142004, marker error: RMS = 0.0273384, max = 0.0604995 (LShoulder)
[2024-10-09 17:21:19.069] [info] Frame 43 (t = 1.46667):	 total squared error = 0.0141997, marker error: RMS = 0.0273378, max = 0.0605375 (LShoulder)
[2024-10-09 17:21:19.122] [info] Frame 44 (t = 1.5):	 total squared error = 0.0142013, marker error: RMS = 0.0273393, max = 0.0605834 (LShoulder)
[2024-10-09 17:21:19.190] [info] Frame 45 (t = 1.53333):	 total squared error = 0.0141996, marker error: RMS = 0.0273377, max = 0.0605035 (LShoulder)
[2024-10-09 17:21:19.260] [info] Frame 46 (t = 1.56667):	 total squared error = 0.0141993, marker error: RMS = 0.0273374, max = 0.0605564 (LShoulder)
[2024-10-09 17:21:19.338] [info] Frame 47 (t = 1.6):	 total squared error = 0.014199, marker error: RMS = 0.027337, max = 0.0605621 (LShoulder)
[2024-10-09 17:21:19.366] [info] Frame 48 (t = 1.63333):	 total squared error = 0.0142033, marker error: RMS = 0.0273412, max = 0.0605391 (LShoulder)
[2024-10-09 17:21:19.434] [info] Frame 49 (t = 1.66667):	 total squared error = 0.0141982, marker error: RMS = 0.0273363, max = 0.0605457 (LShoulder)
[2024-10-09 17:21:19.502] [info] Frame 50 (t = 1.7):	 total squared error = 0.0141984, marker error: RMS = 0.0273365, max = 0.0605679 (LShoulder)
[2024-10-09 17:21:19.567] [info] Frame 51 (t = 1.73333):	 total squared error = 0.0141997, marker error: RMS = 0.0273377, max = 0.0605577 (LShoulder)
[2024-10-09 17:21:19.592] [info] Frame 52 (t = 1.76667):	 total squared error = 0.014212, marker error: RMS = 0.0273496, max = 0.0605211 (LShoulder)
[2024-10-09 17:21:19.642] [info] Frame 53 (t = 1.8):	 total squared error = 0.0142134, marker error: RMS = 0.027351, max = 0.0605073 (LShoulder)
[2024-10-09 17:21:19.725] [info] Frame 54 (t = 1.83333):	 total squared error = 0.0141992, marker error: RMS = 0.0273373, max = 0.0605218 (LShoulder)
[2024-10-09 17:21:19.793] [info] Frame 55 (t = 1.86667):	 total squared error = 0.0141996, marker error: RMS = 0.0273377, max = 0.0605588 (LShoulder)
[2024-10-09 17:21:19.868] [info] Frame 56 (t = 1.9):	 total squared error = 0.0141986, marker error: RMS = 0.0273367, max = 0.0605033 (LShoulder)
[2024-10-09 17:21:19.947] [info] Frame 57 (t = 1.93333):	 total squared error = 0.0142008, marker error: RMS = 0.0273388, max = 0.0605108 (LShoulder)
[2024-10-09 17:21:20.021] [info] Frame 58 (t = 1.96667):	 total squared error = 0.0142023, marker error: RMS = 0.0273402, max = 0.0605204 (LShoulder)
[2024-10-09 17:21:20.077] [info] Frame 59 (t = 2.0):	 total squared error = 0.0142013, marker error: RMS = 0.0273392, max = 0.0605907 (LShoulder)
[2024-10-09 17:21:20.150] [info] Frame 60 (t = 2.03333):	 total squared error = 0.0142, marker error: RMS = 0.0273381, max = 0.0605395 (LShoulder)
[2024-10-09 17:21:20.211] [info] Frame 61 (t = 2.06667):	 total squared error = 0.0142014, marker error: RMS = 0.0273394, max = 0.0605913 (LShoulder)
[2024-10-09 17:21:20.280] [info] Frame 62 (t = 2.1):	 total squared error = 0.0142013, marker error: RMS = 0.0273393, max = 0.0605626 (LShoulder)
[2024-10-09 17:21:20.358] [info] Frame 63 (t = 2.13333):	 total squared error = 0.0141995, marker error: RMS = 0.0273376, max = 0.0605590 (LShoulder)
[2024-10-09 17:21:20.389] [info] Frame 64 (t = 2.16667):	 total squared error = 0.0142022, marker error: RMS = 0.0273402, max = 0.0605294 (LShoulder)
[2024-10-09 17:21:20.457] [info] Frame 65 (t = 2.2):	 total squared error = 0.0142, marker error: RMS = 0.027338, max = 0.0605287 (LShoulder)
[2024-10-09 17:21:20.528] [info] Frame 66 (t = 2.23333):	 total squared error = 0.0142, marker error: RMS = 0.027338, max = 0.0605275 (LShoulder)
[2024-10-09 17:21:20.586] [info] Frame 67 (t = 2.26667):	 total squared error = 0.0141998, marker error: RMS = 0.0273378, max = 0.0605529 (LShoulder)
[2024-10-09 17:21:20.616] [info] Frame 68 (t = 2.3):	 total squared error = 0.0142017, marker error: RMS = 0.0273397, max = 0.0605580 (LShoulder)
[2024-10-09 17:21:20.646] [info] Frame 69 (t = 2.33333):	 total squared error = 0.0142053, marker error: RMS = 0.0273431, max = 0.0605472 (LShoulder)
[2024-10-09 17:21:20.708] [info] Frame 70 (t = 2.36667):	 total squared error = 0.0141989, marker error: RMS = 0.0273369, max = 0.0605515 (LShoulder)
[2024-10-09 17:21:20.774] [info] Frame 71 (t = 2.4):	 total squared error = 0.0141996, marker error: RMS = 0.0273377, max = 0.0605350 (LShoulder)
[2024-10-09 17:21:20.809] [info] Frame 72 (t = 2.43333):	 total squared error = 0.0141995, marker error: RMS = 0.0273375, max = 0.0605218 (LShoulder)
[2024-10-09 17:21:20.881] [info] Frame 73 (t = 2.46667):	 total squared error = 0.0141996, marker error: RMS = 0.0273376, max = 0.0605183 (LShoulder)
[2024-10-09 17:21:20.950] [info] Frame 74 (t = 2.5):	 total squared error = 0.0141998, marker error: RMS = 0.0273379, max = 0.0605249 (LShoulder)
[2024-10-09 17:21:21.014] [info] Frame 75 (t = 2.53333):	 total squared error = 0.0141998, marker error: RMS = 0.0273378, max = 0.0605663 (LShoulder)
[2024-10-09 17:21:21.070] [info] Frame 76 (t = 2.56667):	 total squared error = 0.0142018, marker error: RMS = 0.0273398, max = 0.0605407 (LShoulder)
[2024-10-09 17:21:21.139] [info] Frame 77 (t = 2.6):	 total squared error = 0.0141996, marker error: RMS = 0.0273376, max = 0.0605220 (LShoulder)
[2024-10-09 17:21:21.192] [info] Frame 78 (t = 2.63333):	 total squared error = 0.0142047, marker error: RMS = 0.0273425, max = 0.0605546 (LShoulder)
[2024-10-09 17:21:21.270] [info] Frame 79 (t = 2.66667):	 total squared error = 0.0141988, marker error: RMS = 0.0273369, max = 0.0605384 (LShoulder)
[2024-10-09 17:21:21.348] [info] Frame 80 (t = 2.7):	 total squared error = 0.0142011, marker error: RMS = 0.0273391, max = 0.0605441 (LShoulder)
[2024-10-09 17:21:21.414] [info] Frame 81 (t = 2.73333):	 total squared error = 0.0142013, marker error: RMS = 0.0273393, max = 0.0605107 (LShoulder)
[2024-10-09 17:21:21.488] [info] Frame 82 (t = 2.76667):	 total squared error = 0.0141996, marker error: RMS = 0.0273376, max = 0.0605379 (LShoulder)
[2024-10-09 17:21:21.565] [info] Frame 83 (t = 2.8):	 total squared error = 0.014199, marker error: RMS = 0.0273371, max = 0.0605377 (LShoulder)
[2024-10-09 17:21:21.639] [info] Frame 84 (t = 2.83333):	 total squared error = 0.0141991, marker error: RMS = 0.0273372, max = 0.0605247 (LShoulder)
[2024-10-09 17:21:21.710] [info] Frame 85 (t = 2.86667):	 total squared error = 0.0141996, marker error: RMS = 0.0273377, max = 0.0605412 (LShoulder)
[2024-10-09 17:21:21.775] [info] Frame 86 (t = 2.9):	 total squared error = 0.0142, marker error: RMS = 0.027338, max = 0.0605459 (LShoulder)
[2024-10-09 17:21:21.831] [info] Frame 87 (t = 2.93333):	 total squared error = 0.0142062, marker error: RMS = 0.027344, max = 0.0605291 (LShoulder)
[2024-10-09 17:21:21.867] [info] Frame 88 (t = 2.96667):	 total squared error = 0.0142093, marker error: RMS = 0.027347, max = 0.0605381 (LShoulder)
[2024-10-09 17:21:21.917] [info] Frame 89 (t = 3.0):	 total squared error = 0.0141996, marker error: RMS = 0.0273377, max = 0.0605117 (LShoulder)
[2024-10-09 17:21:21.998] [info] Frame 90 (t = 3.03333):	 total squared error = 0.0142004, marker error: RMS = 0.0273384, max = 0.0605432 (LShoulder)
[2024-10-09 17:21:22.068] [info] Frame 91 (t = 3.06667):	 total squared error = 0.0142003, marker error: RMS = 0.0273383, max = 0.0605575 (LShoulder)
[2024-10-09 17:21:22.101] [info] Frame 92 (t = 3.1):	 total squared error = 0.0142011, marker error: RMS = 0.0273391, max = 0.0605421 (LShoulder)
[2024-10-09 17:21:22.165] [info] Frame 93 (t = 3.13333):	 total squared error = 0.0142, marker error: RMS = 0.027338, max = 0.0605487 (LShoulder)
[2024-10-09 17:21:22.230] [info] Frame 94 (t = 3.16667):	 total squared error = 0.0142002, marker error: RMS = 0.0273382, max = 0.0605478 (LShoulder)
[2024-10-09 17:21:22.308] [info] Frame 95 (t = 3.2):	 total squared error = 0.0142022, marker error: RMS = 0.0273402, max = 0.0605134 (LShoulder)
[2024-10-09 17:21:22.364] [info] Frame 96 (t = 3.23333):	 total squared error = 0.0142048, marker error: RMS = 0.0273427, max = 0.0605900 (LShoulder)
[2024-10-09 17:21:22.439] [info] Frame 97 (t = 3.26667):	 total squared error = 0.0141992, marker error: RMS = 0.0273372, max = 0.0605259 (LShoulder)
[2024-10-09 17:21:22.509] [info] Frame 98 (t = 3.3):	 total squared error = 0.0141991, marker error: RMS = 0.0273372, max = 0.0605332 (LShoulder)
[2024-10-09 17:21:22.580] [info] Frame 99 (t = 3.33333):	 total squared error = 0.0142002, marker error: RMS = 0.0273382, max = 0.0605200 (LShoulder)
[2024-10-09 17:21:22.627] [info] Frame 100 (t = 3.36667):	 total squared error = 0.0142227, marker error: RMS = 0.0273599, max = 0.0604771 (LShoulder)
[2024-10-09 17:21:22.690] [info] Frame 101 (t = 3.4):	 total squared error = 0.0142004, marker error: RMS = 0.0273384, max = 0.0605197 (LShoulder)
[2024-10-09 17:21:22.740] [info] Frame 102 (t = 3.43333):	 total squared error = 0.0142065, marker error: RMS = 0.0273443, max = 0.0604701 (LShoulder)
[2024-10-09 17:21:22.791] [info] Frame 103 (t = 3.46667):	 total squared error = 0.014199, marker error: RMS = 0.0273371, max = 0.0605541 (LShoulder)
[2024-10-09 17:21:22.863] [info] Frame 104 (t = 3.5):	 total squared error = 0.0141989, marker error: RMS = 0.027337, max = 0.0605354 (LShoulder)
[2024-10-09 17:21:22.934] [info] Frame 105 (t = 3.53333):	 total squared error = 0.0141999, marker error: RMS = 0.027338, max = 0.0605342 (LShoulder)
[2024-10-09 17:21:23.001] [info] Frame 106 (t = 3.56667):	 total squared error = 0.0141999, marker error: RMS = 0.0273379, max = 0.0605445 (LShoulder)
[2024-10-09 17:21:23.060] [info] Frame 107 (t = 3.6):	 total squared error = 0.0142023, marker error: RMS = 0.0273403, max = 0.0605539 (LShoulder)
[2024-10-09 17:21:23.124] [info] Frame 108 (t = 3.63333):	 total squared error = 0.0142010, marker error: RMS = 0.027339, max = 0.0605256 (LShoulder)
[2024-10-09 17:21:23.175] [info] Frame 109 (t = 3.66667):	 total squared error = 0.0142038, marker error: RMS = 0.0273417, max = 0.0605328 (LShoulder)
[2024-10-09 17:21:23.247] [info] Frame 110 (t = 3.7):	 total squared error = 0.0142002, marker error: RMS = 0.0273383, max = 0.0605169 (LShoulder)
[2024-10-09 17:21:23.305] [info] Frame 111 (t = 3.73333):	 total squared error = 0.0141999, marker error: RMS = 0.0273379, max = 0.0605241 (LShoulder)
[2024-10-09 17:21:23.377] [info] Frame 112 (t = 3.76667):	 total squared error = 0.0141999, marker error: RMS = 0.0273379, max = 0.0605279 (LShoulder)
[2024-10-09 17:21:23.457] [info] Frame 113 (t = 3.8):	 total squared error = 0.0142001, marker error: RMS = 0.0273381, max = 0.0605310 (LShoulder)
[2024-10-09 17:21:23.515] [info] Frame 114 (t = 3.83333):	 total squared error = 0.0141994, marker error: RMS = 0.0273375, max = 0.0605449 (LShoulder)
[2024-10-09 17:21:23.586] [info] Frame 115 (t = 3.86667):	 total squared error = 0.0142007, marker error: RMS = 0.0273388, max = 0.0605279 (LShoulder)
[2024-10-09 17:21:23.644] [info] Frame 116 (t = 3.9):	 total squared error = 0.0142010, marker error: RMS = 0.027339, max = 0.0605297 (LShoulder)
[2024-10-09 17:21:23.697] [info] Frame 117 (t = 3.93333):	 total squared error = 0.0142083, marker error: RMS = 0.027346, max = 0.0605249 (LShoulder)
[2024-10-09 17:21:23.754] [info] Frame 118 (t = 3.96667):	 total squared error = 0.0141983, marker error: RMS = 0.0273364, max = 0.0605361 (LShoulder)
[2024-10-09 17:21:23.824] [info] Frame 119 (t = 4.0):	 total squared error = 0.0142004, marker error: RMS = 0.0273384, max = 0.0605272 (LShoulder)
[2024-10-09 17:21:23.889] [info] Frame 120 (t = 4.03333):	 total squared error = 0.0142014, marker error: RMS = 0.0273394, max = 0.0605695 (LShoulder)
[2024-10-09 17:21:23.964] [info] Frame 121 (t = 4.06667):	 total squared error = 0.0141989, marker error: RMS = 0.027337, max = 0.0605232 (LShoulder)
[2024-10-09 17:21:24.039] [info] Frame 122 (t = 4.1):	 total squared error = 0.0141994, marker error: RMS = 0.0273374, max = 0.0605159 (LShoulder)
[2024-10-09 17:21:24.104] [info] Frame 123 (t = 4.13333):	 total squared error = 0.0142026, marker error: RMS = 0.0273406, max = 0.0605440 (LShoulder)
[2024-10-09 17:21:24.172] [info] Frame 124 (t = 4.16667):	 total squared error = 0.0141999, marker error: RMS = 0.0273379, max = 0.0605308 (LShoulder)
[2024-10-09 17:21:24.237] [info] Frame 125 (t = 4.2):	 total squared error = 0.0141986, marker error: RMS = 0.0273366, max = 0.0605383 (LShoulder)
[2024-10-09 17:21:24.307] [info] Frame 126 (t = 4.23333):	 total squared error = 0.0142004, marker error: RMS = 0.0273384, max = 0.0605463 (LShoulder)
[2024-10-09 17:21:24.366] [info] Frame 127 (t = 4.26667):	 total squared error = 0.0141999, marker error: RMS = 0.027338, max = 0.0605683 (LShoulder)
[2024-10-09 17:21:24.410] [info] Frame 128 (t = 4.3):	 total squared error = 0.0142085, marker error: RMS = 0.0273462, max = 0.0605112 (LShoulder)
[2024-10-09 17:21:24.476] [info] Frame 129 (t = 4.33333):	 total squared error = 0.0141988, marker error: RMS = 0.0273369, max = 0.0605791 (LShoulder)
[2024-10-09 17:21:24.538] [info] Frame 130 (t = 4.36667):	 total squared error = 0.0142004, marker error: RMS = 0.0273385, max = 0.0605457 (LShoulder)
[2024-10-09 17:21:24.602] [info] Frame 131 (t = 4.4):	 total squared error = 0.0141998, marker error: RMS = 0.0273379, max = 0.0605268 (LShoulder)
[2024-10-09 17:21:24.667] [info] Frame 132 (t = 4.43333):	 total squared error = 0.0141992, marker error: RMS = 0.0273373, max = 0.0605328 (LShoulder)
[2024-10-09 17:21:24.720] [info] Frame 133 (t = 4.46667):	 total squared error = 0.0142015, marker error: RMS = 0.0273395, max = 0.0605415 (LShoulder)
[2024-10-09 17:21:24.789] [info] Frame 134 (t = 4.5):	 total squared error = 0.0142014, marker error: RMS = 0.0273394, max = 0.0605182 (LShoulder)
[2024-10-09 17:21:24.857] [info] Frame 135 (t = 4.53333):	 total squared error = 0.0141999, marker error: RMS = 0.0273379, max = 0.0605239 (LShoulder)
[2024-10-09 17:21:24.907] [info] Frame 136 (t = 4.56667):	 total squared error = 0.0142178, marker error: RMS = 0.0273552, max = 0.0605056 (LShoulder)
[2024-10-09 17:21:24.942] [info] Frame 137 (t = 4.6):	 total squared error = 0.0142156, marker error: RMS = 0.0273531, max = 0.0605895 (LShoulder)
[2024-10-09 17:21:25.004] [info] Frame 138 (t = 4.63333):	 total squared error = 0.0142, marker error: RMS = 0.027338, max = 0.0605550 (LShoulder)
[2024-10-09 17:21:25.075] [info] Frame 139 (t = 4.66667):	 total squared error = 0.014198, marker error: RMS = 0.0273361, max = 0.0605264 (LShoulder)
[2024-10-09 17:21:25.120] [info] Frame 140 (t = 4.7):	 total squared error = 0.0142047, marker error: RMS = 0.0273426, max = 0.0605112 (LShoulder)
[2024-10-09 17:21:25.185] [info] Frame 141 (t = 4.73333):	 total squared error = 0.0141994, marker error: RMS = 0.0273375, max = 0.0605190 (LShoulder)
[2024-10-09 17:21:25.266] [info] Frame 142 (t = 4.76667):	 total squared error = 0.0142020, marker error: RMS = 0.02734, max = 0.0605019 (LShoulder)
[2024-10-09 17:21:25.335] [info] Frame 143 (t = 4.8):	 total squared error = 0.0141996, marker error: RMS = 0.0273377, max = 0.0605503 (LShoulder)
[2024-10-09 17:21:25.406] [info] Frame 144 (t = 4.83333):	 total squared error = 0.0142003, marker error: RMS = 0.0273383, max = 0.0605343 (LShoulder)
[2024-10-09 17:21:25.491] [info] Frame 145 (t = 4.86667):	 total squared error = 0.0141997, marker error: RMS = 0.0273377, max = 0.0605214 (LShoulder)
[2024-10-09 17:21:25.555] [info] Frame 146 (t = 4.9):	 total squared error = 0.0141978, marker error: RMS = 0.0273359, max = 0.0605486 (LShoulder)
[2024-10-09 17:21:25.632] [info] Frame 147 (t = 4.93333):	 total squared error = 0.0142015, marker error: RMS = 0.0273395, max = 0.0605063 (LShoulder)
[2024-10-09 17:21:25.697] [info] Frame 148 (t = 4.96667):	 total squared error = 0.0141998, marker error: RMS = 0.0273378, max = 0.0605232 (LShoulder)
[2024-10-09 17:21:25.761] [info] Frame 149 (t = 5.0):	 total squared error = 0.0141996, marker error: RMS = 0.0273377, max = 0.0605577 (LShoulder)
[2024-10-09 17:21:25.842] [info] Frame 150 (t = 5.03333):	 total squared error = 0.0141994, marker error: RMS = 0.0273375, max = 0.0605212 (LShoulder)
[2024-10-09 17:21:25.908] [info] Frame 151 (t = 5.06667):	 total squared error = 0.014199, marker error: RMS = 0.027337, max = 0.0605333 (LShoulder)
[2024-10-09 17:21:25.969] [info] Frame 152 (t = 5.1):	 total squared error = 0.0142012, marker error: RMS = 0.0273391, max = 0.0605514 (LShoulder)
[2024-10-09 17:21:26.044] [info] Frame 153 (t = 5.13333):	 total squared error = 0.0142006, marker error: RMS = 0.0273386, max = 0.0605276 (LShoulder)
[2024-10-09 17:21:26.103] [info] Frame 154 (t = 5.16667):	 total squared error = 0.0142013, marker error: RMS = 0.0273393, max = 0.0605250 (LShoulder)
[2024-10-09 17:21:26.170] [info] Frame 155 (t = 5.2):	 total squared error = 0.0142022, marker error: RMS = 0.0273402, max = 0.0605464 (LShoulder)
[2024-10-09 17:21:26.244] [info] Frame 156 (t = 5.23333):	 total squared error = 0.0141997, marker error: RMS = 0.0273378, max = 0.0605353 (LShoulder)
[2024-10-09 17:21:26.279] [info] Frame 157 (t = 5.26667):	 total squared error = 0.0142025, marker error: RMS = 0.0273405, max = 0.0605263 (LShoulder)
[2024-10-09 17:21:26.313] [info] Frame 158 (t = 5.3):	 total squared error = 0.0142057, marker error: RMS = 0.0273435, max = 0.0605400 (LShoulder)
[2024-10-09 17:21:26.381] [info] Frame 159 (t = 5.33333):	 total squared error = 0.0141985, marker error: RMS = 0.0273366, max = 0.0605520 (LShoulder)
[2024-10-09 17:21:26.440] [info] Frame 160 (t = 5.36667):	 total squared error = 0.0141992, marker error: RMS = 0.0273373, max = 0.0605456 (LShoulder)
[2024-10-09 17:21:26.514] [info] Frame 161 (t = 5.4):	 total squared error = 0.0142, marker error: RMS = 0.027338, max = 0.0605276 (LShoulder)
[2024-10-09 17:21:26.562] [info] Frame 162 (t = 5.43333):	 total squared error = 0.0142051, marker error: RMS = 0.027343, max = 0.0605179 (LShoulder)
[2024-10-09 17:21:26.605] [info] Frame 163 (t = 5.46667):	 total squared error = 0.0142085, marker error: RMS = 0.0273462, max = 0.0605367 (LShoulder)
[2024-10-09 17:21:26.673] [info] Frame 164 (t = 5.5):	 total squared error = 0.0141996, marker error: RMS = 0.0273376, max = 0.0605380 (LShoulder)
[2024-10-09 17:21:26.725] [info] Frame 165 (t = 5.53333):	 total squared error = 0.0142068, marker error: RMS = 0.0273446, max = 0.0605036 (LShoulder)
[2024-10-09 17:21:26.796] [info] Frame 166 (t = 5.56667):	 total squared error = 0.0141995, marker error: RMS = 0.0273376, max = 0.0605338 (LShoulder)
[2024-10-09 17:21:26.866] [info] Frame 167 (t = 5.6):	 total squared error = 0.0141994, marker error: RMS = 0.0273375, max = 0.0605796 (LShoulder)
[2024-10-09 17:21:26.954] [info] Frame 168 (t = 5.63333):	 total squared error = 0.0141996, marker error: RMS = 0.0273377, max = 0.0605352 (LShoulder)
[2024-10-09 17:21:27.035] [info] Frame 169 (t = 5.66667):	 total squared error = 0.0142002, marker error: RMS = 0.0273383, max = 0.0605140 (LShoulder)
[2024-10-09 17:21:27.106] [info] Frame 170 (t = 5.7):	 total squared error = 0.014199, marker error: RMS = 0.0273371, max = 0.0605140 (LShoulder)
[2024-10-09 17:21:27.173] [info] Frame 171 (t = 5.73333):	 total squared error = 0.0141983, marker error: RMS = 0.0273364, max = 0.0605422 (LShoulder)
[2024-10-09 17:21:27.247] [info] Frame 172 (t = 5.76667):	 total squared error = 0.0141991, marker error: RMS = 0.0273372, max = 0.0605475 (LShoulder)
[2024-10-09 17:21:27.311] [info] Frame 173 (t = 5.8):	 total squared error = 0.0141994, marker error: RMS = 0.0273375, max = 0.0605342 (LShoulder)
[2024-10-09 17:21:27.382] [info] Frame 174 (t = 5.83333):	 total squared error = 0.0142018, marker error: RMS = 0.0273397, max = 0.0605346 (LShoulder)
[2024-10-09 17:21:27.451] [info] Frame 175 (t = 5.86667):	 total squared error = 0.0141985, marker error: RMS = 0.0273366, max = 0.0604976 (LShoulder)
[2024-10-09 17:21:27.522] [info] Frame 176 (t = 5.9):	 total squared error = 0.0142004, marker error: RMS = 0.0273384, max = 0.0605145 (LShoulder)
[2024-10-09 17:21:27.587] [info] Frame 177 (t = 5.93333):	 total squared error = 0.0142010, marker error: RMS = 0.027339, max = 0.0605207 (LShoulder)
[2024-10-09 17:21:27.646] [info] Frame 178 (t = 5.96667):	 total squared error = 0.0141996, marker error: RMS = 0.0273377, max = 0.0605645 (LShoulder)
[2024-10-09 17:21:27.714] [info] Frame 179 (t = 6.0):	 total squared error = 0.0141999, marker error: RMS = 0.0273379, max = 0.0605524 (LShoulder)
[2024-10-09 17:21:27.750] [info] Frame 180 (t = 6.03333):	 total squared error = 0.0142004, marker error: RMS = 0.0273384, max = 0.0605351 (LShoulder)
[2024-10-09 17:21:27.821] [info] Frame 181 (t = 6.06667):	 total squared error = 0.0141995, marker error: RMS = 0.0273375, max = 0.0605359 (LShoulder)
[2024-10-09 17:21:27.895] [info] Frame 182 (t = 6.1):	 total squared error = 0.0141996, marker error: RMS = 0.0273376, max = 0.0605335 (LShoulder)
[2024-10-09 17:21:27.971] [info] Frame 183 (t = 6.13333):	 total squared error = 0.0141993, marker error: RMS = 0.0273374, max = 0.0605196 (LShoulder)
[2024-10-09 17:21:28.039] [info] Frame 184 (t = 6.16667):	 total squared error = 0.0142009, marker error: RMS = 0.0273389, max = 0.0605216 (LShoulder)
[2024-10-09 17:21:28.082] [info] Frame 185 (t = 6.2):	 total squared error = 0.0141993, marker error: RMS = 0.0273374, max = 0.0605259 (LShoulder)
[2024-10-09 17:21:28.126] [info] Frame 186 (t = 6.23333):	 total squared error = 0.0142075, marker error: RMS = 0.0273453, max = 0.0605068 (LShoulder)
[2024-10-09 17:21:28.194] [info] Frame 187 (t = 6.26667):	 total squared error = 0.014199, marker error: RMS = 0.027337, max = 0.0605506 (LShoulder)
[2024-10-09 17:21:28.244] [info] Frame 188 (t = 6.3):	 total squared error = 0.0142021, marker error: RMS = 0.0273401, max = 0.0605222 (LShoulder)
[2024-10-09 17:21:28.309] [info] Frame 189 (t = 6.33333):	 total squared error = 0.0141995, marker error: RMS = 0.0273376, max = 0.0605444 (LShoulder)
[2024-10-09 17:21:28.373] [info] Frame 190 (t = 6.36667):	 total squared error = 0.0141992, marker error: RMS = 0.0273373, max = 0.0605662 (LShoulder)
[2024-10-09 17:21:28.438] [info] Frame 191 (t = 6.4):	 total squared error = 0.0141996, marker error: RMS = 0.0273377, max = 0.0605465 (LShoulder)
[2024-10-09 17:21:28.509] [info] Frame 192 (t = 6.43333):	 total squared error = 0.0141993, marker error: RMS = 0.0273374, max = 0.0605340 (LShoulder)
[2024-10-09 17:21:28.561] [info] Frame 193 (t = 6.46667):	 total squared error = 0.0142016, marker error: RMS = 0.0273396, max = 0.0605233 (LShoulder)
[2024-10-09 17:21:28.620] [info] Frame 194 (t = 6.5):	 total squared error = 0.0142001, marker error: RMS = 0.0273381, max = 0.0605500 (LShoulder)
[2024-10-09 17:21:28.665] [info] Frame 195 (t = 6.53333):	 total squared error = 0.0142019, marker error: RMS = 0.0273398, max = 0.0605257 (LShoulder)
[2024-10-09 17:21:28.726] [info] Frame 196 (t = 6.56667):	 total squared error = 0.0141991, marker error: RMS = 0.0273372, max = 0.0605881 (LShoulder)
[2024-10-09 17:21:28.800] [info] Frame 197 (t = 6.6):	 total squared error = 0.0142003, marker error: RMS = 0.0273384, max = 0.0606069 (LShoulder)
[2024-10-09 17:21:28.882] [info] Frame 198 (t = 6.63333):	 total squared error = 0.0141996, marker error: RMS = 0.0273376, max = 0.0605138 (LShoulder)
[2024-10-09 17:21:28.960] [info] Frame 199 (t = 6.66667):	 total squared error = 0.0141989, marker error: RMS = 0.0273369, max = 0.0605233 (LShoulder)
[2024-10-09 17:21:29.042] [info] Frame 200 (t = 6.7):	 total squared error = 0.014199, marker error: RMS = 0.027337, max = 0.0605300 (LShoulder)
[2024-10-09 17:21:29.116] [info] Frame 201 (t = 6.73333):	 total squared error = 0.0141992, marker error: RMS = 0.0273373, max = 0.0605291 (LShoulder)
[2024-10-09 17:21:29.190] [info] Frame 202 (t = 6.76667):	 total squared error = 0.0141992, marker error: RMS = 0.0273373, max = 0.0605182 (LShoulder)
[2024-10-09 17:21:29.257] [info] Frame 203 (t = 6.8):	 total squared error = 0.0141998, marker error: RMS = 0.0273378, max = 0.0605515 (LShoulder)
[2024-10-09 17:21:29.313] [info] Frame 204 (t = 6.83333):	 total squared error = 0.0141984, marker error: RMS = 0.0273365, max = 0.0605489 (LShoulder)
[2024-10-09 17:21:29.367] [info] Frame 205 (t = 6.86667):	 total squared error = 0.0141991, marker error: RMS = 0.0273372, max = 0.0605538 (LShoulder)
[2024-10-09 17:21:29.429] [info] Frame 206 (t = 6.9):	 total squared error = 0.0142, marker error: RMS = 0.027338, max = 0.0605275 (LShoulder)
[2024-10-09 17:21:29.462] [info] Frame 207 (t = 6.93333):	 total squared error = 0.0142007, marker error: RMS = 0.0273387, max = 0.0605396 (LShoulder)
[2024-10-09 17:21:29.529] [info] Frame 208 (t = 6.96667):	 total squared error = 0.0141996, marker error: RMS = 0.0273377, max = 0.0605389 (LShoulder)
[2024-10-09 17:21:29.591] [info] Frame 209 (t = 7.0):	 total squared error = 0.014199, marker error: RMS = 0.0273371, max = 0.0605718 (LShoulder)
[2024-10-09 17:21:29.685] [info] Frame 210 (t = 7.03333):	 total squared error = 0.0141991, marker error: RMS = 0.0273371, max = 0.0605178 (LShoulder)
[2024-10-09 17:21:29.716] [info] Frame 211 (t = 7.06667):	 total squared error = 0.0142051, marker error: RMS = 0.0273429, max = 0.0604911 (LShoulder)
[2024-10-09 17:21:29.750] [info] Frame 212 (t = 7.1):	 total squared error = 0.0142033, marker error: RMS = 0.0273412, max = 0.0605242 (LShoulder)
[2024-10-09 17:21:29.814] [info] Frame 213 (t = 7.13333):	 total squared error = 0.0141993, marker error: RMS = 0.0273373, max = 0.0605439 (LShoulder)
[2024-10-09 17:21:29.867] [info] Frame 214 (t = 7.16667):	 total squared error = 0.0142121, marker error: RMS = 0.0273496, max = 0.0604792 (LShoulder)
[2024-10-09 17:21:29.942] [info] Frame 215 (t = 7.2):	 total squared error = 0.0141997, marker error: RMS = 0.0273378, max = 0.0605332 (LShoulder)
[2024-10-09 17:21:29.996] [info] Frame 216 (t = 7.23333):	 total squared error = 0.0142115, marker error: RMS = 0.0273491, max = 0.0605502 (LShoulder)
[2024-10-09 17:21:30.067] [info] Frame 217 (t = 7.26667):	 total squared error = 0.0142, marker error: RMS = 0.0273381, max = 0.0605051 (LShoulder)
[2024-10-09 17:21:30.137] [info] Frame 218 (t = 7.3):	 total squared error = 0.0142006, marker error: RMS = 0.0273386, max = 0.0605368 (LShoulder)
[2024-10-09 17:21:30.207] [info] Frame 219 (t = 7.33333):	 total squared error = 0.0142006, marker error: RMS = 0.0273386, max = 0.0605313 (LShoulder)
[2024-10-09 17:21:30.260] [info] Frame 220 (t = 7.36667):	 total squared error = 0.0142011, marker error: RMS = 0.0273391, max = 0.0605511 (LShoulder)
[2024-10-09 17:21:30.332] [info] Frame 221 (t = 7.4):	 total squared error = 0.0142006, marker error: RMS = 0.0273386, max = 0.0605200 (LShoulder)
[2024-10-09 17:21:30.398] [info] Frame 222 (t = 7.43333):	 total squared error = 0.0141998, marker error: RMS = 0.0273379, max = 0.0605338 (LShoulder)
[2024-10-09 17:21:30.469] [info] Frame 223 (t = 7.46667):	 total squared error = 0.0142007, marker error: RMS = 0.0273387, max = 0.0605287 (LShoulder)
[2024-10-09 17:21:30.533] [info] Frame 224 (t = 7.5):	 total squared error = 0.0142028, marker error: RMS = 0.0273407, max = 0.0605121 (LShoulder)
[2024-10-09 17:21:30.596] [info] Frame 225 (t = 7.53333):	 total squared error = 0.0142002, marker error: RMS = 0.0273383, max = 0.0605557 (LShoulder)
[2024-10-09 17:21:30.661] [info] Frame 226 (t = 7.56667):	 total squared error = 0.0142002, marker error: RMS = 0.0273383, max = 0.0605364 (LShoulder)
[2024-10-09 17:21:30.743] [info] Frame 227 (t = 7.6):	 total squared error = 0.0141987, marker error: RMS = 0.0273368, max = 0.0605331 (LShoulder)
[2024-10-09 17:21:30.806] [info] Frame 228 (t = 7.63333):	 total squared error = 0.0142003, marker error: RMS = 0.0273384, max = 0.0606105 (LShoulder)
[2024-10-09 17:21:30.871] [info] Frame 229 (t = 7.66667):	 total squared error = 0.0142014, marker error: RMS = 0.0273394, max = 0.0605400 (LShoulder)
[2024-10-09 17:21:30.957] [info] Frame 230 (t = 7.7):	 total squared error = 0.0141993, marker error: RMS = 0.0273374, max = 0.0605215 (LShoulder)
[2024-10-09 17:21:31.025] [info] Frame 231 (t = 7.73333):	 total squared error = 0.0141993, marker error: RMS = 0.0273374, max = 0.0605569 (LShoulder)
[2024-10-09 17:21:31.049] [info] Frame 232 (t = 7.76667):	 total squared error = 0.0142209, marker error: RMS = 0.0273581, max = 0.0604827 (LShoulder)
[2024-10-09 17:21:31.121] [info] Frame 233 (t = 7.8):	 total squared error = 0.0141986, marker error: RMS = 0.0273367, max = 0.0605464 (LShoulder)
[2024-10-09 17:21:31.186] [info] Frame 234 (t = 7.83333):	 total squared error = 0.0142009, marker error: RMS = 0.0273389, max = 0.0605284 (LShoulder)
[2024-10-09 17:21:31.257] [info] Frame 235 (t = 7.86667):	 total squared error = 0.0142010, marker error: RMS = 0.027339, max = 0.0605415 (LShoulder)
[2024-10-09 17:21:31.328] [info] Frame 236 (t = 7.9):	 total squared error = 0.0142004, marker error: RMS = 0.0273384, max = 0.0605474 (LShoulder)
[2024-10-09 17:21:31.424] [info] Frame 237 (t = 7.93333):	 total squared error = 0.0142, marker error: RMS = 0.027338, max = 0.0605067 (LShoulder)
[2024-10-09 17:21:31.470] [info] Frame 238 (t = 7.96667):	 total squared error = 0.0142020, marker error: RMS = 0.02734, max = 0.0605264 (LShoulder)
[2024-10-09 17:21:31.535] [info] Frame 239 (t = 8.0):	 total squared error = 0.0141983, marker error: RMS = 0.0273364, max = 0.0605511 (LShoulder)
[2024-10-09 17:21:31.601] [info] Frame 240 (t = 8.03333):	 total squared error = 0.0141995, marker error: RMS = 0.0273375, max = 0.0605223 (LShoulder)
[2024-10-09 17:21:31.647] [info] Frame 241 (t = 8.06667):	 total squared error = 0.0142017, marker error: RMS = 0.0273397, max = 0.0605350 (LShoulder)
[2024-10-09 17:21:31.711] [info] Frame 242 (t = 8.1):	 total squared error = 0.0141992, marker error: RMS = 0.0273373, max = 0.0605375 (LShoulder)
[2024-10-09 17:21:31.764] [info] Frame 243 (t = 8.13333):	 total squared error = 0.0142007, marker error: RMS = 0.0273387, max = 0.0605385 (LShoulder)
[2024-10-09 17:21:31.836] [info] Frame 244 (t = 8.16667):	 total squared error = 0.0141994, marker error: RMS = 0.0273374, max = 0.0605269 (LShoulder)
[2024-10-09 17:21:31.897] [info] Frame 245 (t = 8.2):	 total squared error = 0.0141998, marker error: RMS = 0.0273378, max = 0.0605336 (LShoulder)
[2024-10-09 17:21:31.970] [info] Frame 246 (t = 8.23333):	 total squared error = 0.0142018, marker error: RMS = 0.0273398, max = 0.0605276 (LShoulder)
[2024-10-09 17:21:32.032] [info] Frame 247 (t = 8.26667):	 total squared error = 0.0142001, marker error: RMS = 0.0273381, max = 0.0605772 (LShoulder)
[2024-10-09 17:21:32.104] [info] Frame 248 (t = 8.3):	 total squared error = 0.0142003, marker error: RMS = 0.0273383, max = 0.0605244 (LShoulder)
[2024-10-09 17:21:32.188] [info] Frame 249 (t = 8.33333):	 total squared error = 0.0141987, marker error: RMS = 0.0273368, max = 0.0605366 (LShoulder)
[2024-10-09 17:21:32.260] [info] Frame 250 (t = 8.36667):	 total squared error = 0.0141991, marker error: RMS = 0.0273372, max = 0.0605407 (LShoulder)
[2024-10-09 17:21:32.325] [info] Frame 251 (t = 8.4):	 total squared error = 0.0141997, marker error: RMS = 0.0273378, max = 0.0605367 (LShoulder)
[2024-10-09 17:21:32.403] [info] Frame 252 (t = 8.43333):	 total squared error = 0.0142002, marker error: RMS = 0.0273383, max = 0.0605279 (LShoulder)
[2024-10-09 17:21:32.483] [info] Frame 253 (t = 8.46667):	 total squared error = 0.0141995, marker error: RMS = 0.0273376, max = 0.0605376 (LShoulder)
[2024-10-09 17:21:32.534] [info] Frame 254 (t = 8.5):	 total squared error = 0.0142024, marker error: RMS = 0.0273403, max = 0.0605249 (LShoulder)
[2024-10-09 17:21:32.596] [info] Frame 255 (t = 8.53333):	 total squared error = 0.0141993, marker error: RMS = 0.0273374, max = 0.0605134 (LShoulder)
[2024-10-09 17:21:32.667] [info] Frame 256 (t = 8.56667):	 total squared error = 0.0142005, marker error: RMS = 0.0273385, max = 0.0605484 (LShoulder)
[2024-10-09 17:21:32.752] [info] Frame 257 (t = 8.6):	 total squared error = 0.014198, marker error: RMS = 0.0273361, max = 0.0605252 (LShoulder)
[2024-10-09 17:21:32.844] [info] Frame 258 (t = 8.63333):	 total squared error = 0.0141988, marker error: RMS = 0.0273369, max = 0.0605328 (LShoulder)
[2024-10-09 17:21:32.900] [info] Frame 259 (t = 8.66667):	 total squared error = 0.014199, marker error: RMS = 0.0273371, max = 0.0605355 (LShoulder)
[2024-10-09 17:21:32.958] [info] Frame 260 (t = 8.7):	 total squared error = 0.0142033, marker error: RMS = 0.0273412, max = 0.0605561 (LShoulder)
[2024-10-09 17:21:33.020] [info] Frame 261 (t = 8.73333):	 total squared error = 0.0142004, marker error: RMS = 0.0273385, max = 0.0605526 (LShoulder)
[2024-10-09 17:21:33.088] [info] Frame 262 (t = 8.76667):	 total squared error = 0.0141988, marker error: RMS = 0.0273369, max = 0.0605314 (LShoulder)
[2024-10-09 17:21:33.159] [info] Frame 263 (t = 8.8):	 total squared error = 0.0142006, marker error: RMS = 0.0273386, max = 0.0605322 (LShoulder)
[2024-10-09 17:21:33.234] [info] Frame 264 (t = 8.83333):	 total squared error = 0.0141963, marker error: RMS = 0.0273344, max = 0.0605556 (LShoulder)
[2024-10-09 17:21:33.290] [info] Frame 265 (t = 8.86667):	 total squared error = 0.0142005, marker error: RMS = 0.0273385, max = 0.0605675 (LShoulder)
[2024-10-09 17:21:33.352] [info] Frame 266 (t = 8.9):	 total squared error = 0.0142010, marker error: RMS = 0.027339, max = 0.0605500 (LShoulder)
[2024-10-09 17:21:33.425] [info] Frame 267 (t = 8.93333):	 total squared error = 0.014199, marker error: RMS = 0.0273371, max = 0.0605385 (LShoulder)
[2024-10-09 17:21:33.513] [info] Frame 268 (t = 8.96667):	 total squared error = 0.0141988, marker error: RMS = 0.0273369, max = 0.0605327 (LShoulder)
[2024-10-09 17:21:33.561] [info] Frame 269 (t = 9.0):	 total squared error = 0.0142028, marker error: RMS = 0.0273408, max = 0.0605190 (LShoulder)
[2024-10-09 17:21:33.604] [info] Frame 270 (t = 9.03333):	 total squared error = 0.0142090, marker error: RMS = 0.0273467, max = 0.0605362 (LShoulder)
[2024-10-09 17:21:33.679] [info] Frame 271 (t = 9.06667):	 total squared error = 0.0142004, marker error: RMS = 0.0273384, max = 0.0605369 (LShoulder)
[2024-10-09 17:21:33.750] [info] Frame 272 (t = 9.1):	 total squared error = 0.0141999, marker error: RMS = 0.027338, max = 0.0605230 (LShoulder)
[2024-10-09 17:21:33.799] [info] Frame 273 (t = 9.13333):	 total squared error = 0.0142103, marker error: RMS = 0.0273479, max = 0.0604829 (LShoulder)
[2024-10-09 17:21:33.853] [info] Frame 274 (t = 9.16667):	 total squared error = 0.0141984, marker error: RMS = 0.0273365, max = 0.0605439 (LShoulder)
[2024-10-09 17:21:33.918] [info] Frame 275 (t = 9.2):	 total squared error = 0.0141999, marker error: RMS = 0.0273379, max = 0.0605379 (LShoulder)
[2024-10-09 17:21:33.966] [info] Frame 276 (t = 9.23333):	 total squared error = 0.0142051, marker error: RMS = 0.027343, max = 0.0605111 (LShoulder)
[2024-10-09 17:21:34.041] [info] Frame 277 (t = 9.26667):	 total squared error = 0.0141991, marker error: RMS = 0.0273372, max = 0.0605182 (LShoulder)
[2024-10-09 17:21:34.106] [info] Frame 278 (t = 9.3):	 total squared error = 0.0141992, marker error: RMS = 0.0273373, max = 0.0605286 (LShoulder)
[2024-10-09 17:21:34.174] [info] Frame 279 (t = 9.33333):	 total squared error = 0.0141988, marker error: RMS = 0.0273369, max = 0.0605303 (LShoulder)
[2024-10-09 17:21:34.236] [info] Frame 280 (t = 9.36667):	 total squared error = 0.0142001, marker error: RMS = 0.0273381, max = 0.0605500 (LShoulder)
[2024-10-09 17:21:34.320] [info] Frame 281 (t = 9.4):	 total squared error = 0.014199, marker error: RMS = 0.0273371, max = 0.0605188 (LShoulder)
[2024-10-09 17:21:34.398] [info] Frame 282 (t = 9.43333):	 total squared error = 0.014199, marker error: RMS = 0.0273371, max = 0.0605325 (LShoulder)
[2024-10-09 17:21:34.449] [info] Frame 283 (t = 9.46667):	 total squared error = 0.0142020, marker error: RMS = 0.0273399, max = 0.0605193 (LShoulder)
[2024-10-09 17:21:34.484] [info] Frame 284 (t = 9.5):	 total squared error = 0.0142021, marker error: RMS = 0.0273401, max = 0.0605442 (LShoulder)
[2024-10-09 17:21:34.541] [info] Frame 285 (t = 9.53333):	 total squared error = 0.0141992, marker error: RMS = 0.0273372, max = 0.0605393 (LShoulder)
[2024-10-09 17:21:34.619] [info] Frame 286 (t = 9.56667):	 total squared error = 0.0141991, marker error: RMS = 0.0273371, max = 0.0605460 (LShoulder)
[2024-10-09 17:21:34.688] [info] Frame 287 (t = 9.6):	 total squared error = 0.0141974, marker error: RMS = 0.0273355, max = 0.0605429 (LShoulder)
[2024-10-09 17:21:34.752] [info] Frame 288 (t = 9.63333):	 total squared error = 0.0142004, marker error: RMS = 0.0273384, max = 0.0605451 (LShoulder)
[2024-10-09 17:21:34.828] [info] Frame 289 (t = 9.66667):	 total squared error = 0.0141984, marker error: RMS = 0.0273365, max = 0.0605134 (LShoulder)
[2024-10-09 17:21:34.906] [info] Frame 290 (t = 9.7):	 total squared error = 0.0141992, marker error: RMS = 0.0273373, max = 0.0605233 (LShoulder)
[2024-10-09 17:21:34.954] [info] Frame 291 (t = 9.73333):	 total squared error = 0.0142027, marker error: RMS = 0.0273407, max = 0.0605175 (LShoulder)
[2024-10-09 17:21:35.013] [info] Frame 292 (t = 9.76667):	 total squared error = 0.0142008, marker error: RMS = 0.0273388, max = 0.0605579 (LShoulder)
[2024-10-09 17:21:35.074] [info] Frame 293 (t = 9.8):	 total squared error = 0.0142004, marker error: RMS = 0.0273384, max = 0.0605560 (LShoulder)
[2024-10-09 17:21:35.120] [info] Frame 294 (t = 9.83333):	 total squared error = 0.0142032, marker error: RMS = 0.0273411, max = 0.0605439 (LShoulder)
[2024-10-09 17:21:35.194] [info] Frame 295 (t = 9.86667):	 total squared error = 0.0141987, marker error: RMS = 0.0273368, max = 0.0605452 (LShoulder)
[2024-10-09 17:21:35.253] [info] Frame 296 (t = 9.9):	 total squared error = 0.0142017, marker error: RMS = 0.0273396, max = 0.0605670 (LShoulder)
[2024-10-09 17:21:35.315] [info] Frame 297 (t = 9.93333):	 total squared error = 0.0141999, marker error: RMS = 0.0273379, max = 0.0605965 (LShoulder)
[2024-10-09 17:21:35.382] [info] Frame 298 (t = 9.96667):	 total squared error = 0.0142007, marker error: RMS = 0.0273387, max = 0.0605045 (LShoulder)
[2024-10-09 17:21:35.449] [info] Frame 299 (t = 10.0):	 total squared error = 0.0142051, marker error: RMS = 0.027343, max = 0.0605498 (LShoulder)
[2024-10-09 17:21:35.485] [info] Frame 300 (t = 10.0333):	 total squared error = 0.0142022, marker error: RMS = 0.0273402, max = 0.0605582 (LShoulder)
[2024-10-09 17:21:35.518] [info] Frame 301 (t = 10.0667):	 total squared error = 0.0142032, marker error: RMS = 0.0273412, max = 0.0605483 (LShoulder)
[2024-10-09 17:21:35.584] [info] Frame 302 (t = 10.1):	 total squared error = 0.0142002, marker error: RMS = 0.0273383, max = 0.0605679 (LShoulder)
[2024-10-09 17:21:35.668] [info] Frame 303 (t = 10.1333):	 total squared error = 0.0141999, marker error: RMS = 0.0273379, max = 0.0605220 (LShoulder)
[2024-10-09 17:21:35.736] [info] Frame 304 (t = 10.1667):	 total squared error = 0.0141997, marker error: RMS = 0.0273377, max = 0.0605392 (LShoulder)
[2024-10-09 17:21:35.782] [info] Frame 305 (t = 10.2):	 total squared error = 0.0142054, marker error: RMS = 0.0273432, max = 0.0605139 (LShoulder)
[2024-10-09 17:21:35.845] [info] Frame 306 (t = 10.2333):	 total squared error = 0.0142013, marker error: RMS = 0.0273393, max = 0.0605321 (LShoulder)
[2024-10-09 17:21:35.913] [info] Frame 307 (t = 10.2667):	 total squared error = 0.0141993, marker error: RMS = 0.0273373, max = 0.0605334 (LShoulder)
[2024-10-09 17:21:35.978] [info] Frame 308 (t = 10.3):	 total squared error = 0.0141988, marker error: RMS = 0.0273369, max = 0.0605290 (LShoulder)
[2024-10-09 17:21:36.042] [info] Frame 309 (t = 10.3333):	 total squared error = 0.0142023, marker error: RMS = 0.0273403, max = 0.0606130 (LShoulder)
[2024-10-09 17:21:36.078] [info] Frame 310 (t = 10.3667):	 total squared error = 0.0142005, marker error: RMS = 0.0273386, max = 0.0605741 (LShoulder)
[2024-10-09 17:21:36.140] [info] Frame 311 (t = 10.4):	 total squared error = 0.0142008, marker error: RMS = 0.0273389, max = 0.0605610 (LShoulder)
[2024-10-09 17:21:36.207] [info] Frame 312 (t = 10.4333):	 total squared error = 0.0142003, marker error: RMS = 0.0273383, max = 0.0605320 (LShoulder)
[2024-10-09 17:21:36.261] [info] Frame 313 (t = 10.4667):	 total squared error = 0.0141997, marker error: RMS = 0.0273377, max = 0.0605330 (LShoulder)
[2024-10-09 17:21:36.317] [info] Frame 314 (t = 10.5):	 total squared error = 0.0142030, marker error: RMS = 0.0273409, max = 0.0605789 (LShoulder)
[2024-10-09 17:21:36.395] [info] Frame 315 (t = 10.5333):	 total squared error = 0.0141995, marker error: RMS = 0.0273375, max = 0.0605510 (LShoulder)
[2024-10-09 17:21:36.474] [info] Frame 316 (t = 10.5667):	 total squared error = 0.0142005, marker error: RMS = 0.0273385, max = 0.0605225 (LShoulder)
[2024-10-09 17:21:36.541] [info] Frame 317 (t = 10.6):	 total squared error = 0.0142004, marker error: RMS = 0.0273385, max = 0.0605390 (LShoulder)
[2024-10-09 17:21:36.611] [info] Frame 318 (t = 10.6333):	 total squared error = 0.0141957, marker error: RMS = 0.0273339, max = 0.0606085 (LShoulder)
[2024-10-09 17:21:36.687] [info] Frame 319 (t = 10.6667):	 total squared error = 0.0141997, marker error: RMS = 0.0273378, max = 0.0605414 (LShoulder)
[2024-10-09 17:21:36.732] [info] Frame 320 (t = 10.7):	 total squared error = 0.0142051, marker error: RMS = 0.0273429, max = 0.0605085 (LShoulder)
[2024-10-09 17:21:36.800] [info] Frame 321 (t = 10.7333):	 total squared error = 0.0141986, marker error: RMS = 0.0273367, max = 0.0605283 (LShoulder)
[2024-10-09 17:21:36.872] [info] Frame 322 (t = 10.7667):	 total squared error = 0.0141988, marker error: RMS = 0.0273369, max = 0.0605485 (LShoulder)
[2024-10-09 17:21:36.938] [info] Frame 323 (t = 10.8):	 total squared error = 0.0142013, marker error: RMS = 0.0273393, max = 0.0605239 (LShoulder)
[2024-10-09 17:21:37.039] [info] Frame 324 (t = 10.8333):	 total squared error = 0.0141998, marker error: RMS = 0.0273379, max = 0.0605107 (LShoulder)
[2024-10-09 17:21:37.113] [info] Frame 325 (t = 10.8667):	 total squared error = 0.0142004, marker error: RMS = 0.0273384, max = 0.0605148 (LShoulder)
[2024-10-09 17:21:37.181] [info] Frame 326 (t = 10.9):	 total squared error = 0.0142, marker error: RMS = 0.027338, max = 0.0605622 (LShoulder)
[2024-10-09 17:21:37.249] [info] Frame 327 (t = 10.9333):	 total squared error = 0.0142005, marker error: RMS = 0.0273386, max = 0.0605742 (LShoulder)
[2024-10-09 17:21:37.313] [info] Frame 328 (t = 10.9667):	 total squared error = 0.0142, marker error: RMS = 0.0273381, max = 0.0605540 (LShoulder)
[2024-10-09 17:21:37.384] [info] Frame 329 (t = 11.0):	 total squared error = 0.0141987, marker error: RMS = 0.0273368, max = 0.0605559 (LShoulder)
[2024-10-09 17:21:37.465] [info] Frame 330 (t = 11.0333):	 total squared error = 0.0141979, marker error: RMS = 0.027336, max = 0.0605288 (LShoulder)
[2024-10-09 17:21:37.536] [info] Frame 331 (t = 11.0667):	 total squared error = 0.0141942, marker error: RMS = 0.0273324, max = 0.0605232 (LShoulder)
[2024-10-09 17:21:37.579] [info] Frame 332 (t = 11.1):	 total squared error = 0.0142003, marker error: RMS = 0.0273383, max = 0.0604944 (LShoulder)
[2024-10-09 17:21:37.644] [info] Frame 333 (t = 11.1333):	 total squared error = 0.0141904, marker error: RMS = 0.0273288, max = 0.0605162 (LShoulder)
[2024-10-09 17:21:37.719] [info] Frame 334 (t = 11.1667):	 total squared error = 0.0141896, marker error: RMS = 0.027328, max = 0.0604630 (LShoulder)
[2024-10-09 17:21:37.786] [info] Frame 335 (t = 11.2):	 total squared error = 0.014194, marker error: RMS = 0.0273322, max = 0.0605271 (LShoulder)
[2024-10-09 17:21:37.858] [info] Frame 336 (t = 11.2333):	 total squared error = 0.0142084, marker error: RMS = 0.0273461, max = 0.0605498 (LShoulder)
[2024-10-09 17:21:37.939] [info] Frame 337 (t = 11.2667):	 total squared error = 0.014238, marker error: RMS = 0.0273746, max = 0.0606704 (LShoulder)
[2024-10-09 17:21:38.007] [info] Frame 338 (t = 11.3):	 total squared error = 0.0142854, marker error: RMS = 0.0274202, max = 0.0609071 (LShoulder)
[2024-10-09 17:21:38.069] [info] Frame 339 (t = 11.3333):	 total squared error = 0.0143476, marker error: RMS = 0.0274798, max = 0.0611707 (LShoulder)
[2024-10-09 17:21:38.103] [info] Frame 340 (t = 11.3667):	 total squared error = 0.0144183, marker error: RMS = 0.0275473, max = 0.0615171 (LShoulder)
[2024-10-09 17:21:38.161] [info] Frame 341 (t = 11.4):	 total squared error = 0.0143943, marker error: RMS = 0.0275244, max = 0.0614322 (LShoulder)
[2024-10-09 17:21:38.180] [info] Frame 342 (t = 11.4333):	 total squared error = 0.0142701, marker error: RMS = 0.0274054, max = 0.0607684 (LShoulder)
[2024-10-09 17:21:38.240] [info] Frame 343 (t = 11.4667):	 total squared error = 0.0138919, marker error: RMS = 0.0270398, max = 0.0593591 (LShoulder)
[2024-10-09 17:21:38.268] [info] Frame 344 (t = 11.5):	 total squared error = 0.0132693, marker error: RMS = 0.026427, max = 0.0562675 (LShoulder)
[2024-10-09 17:21:38.322] [info] Frame 345 (t = 11.5333):	 total squared error = 0.0124174, marker error: RMS = 0.0255646, max = 0.0520950 (LShoulder)
[2024-10-09 17:21:38.385] [info] Frame 346 (t = 11.5667):	 total squared error = 0.0115173, marker error: RMS = 0.0246206, max = 0.0470032 (LShoulder)
[2024-10-09 17:21:38.447] [info] Frame 347 (t = 11.6):	 total squared error = 0.0106100, marker error: RMS = 0.023631, max = 0.0422354 (LShoulder)
[2024-10-09 17:21:38.508] [info] Frame 348 (t = 11.6333):	 total squared error = 0.00971966, marker error: RMS = 0.0226177, max = 0.0393664 (RShoulder)
[2024-10-09 17:21:38.561] [info] Frame 349 (t = 11.6667):	 total squared error = 0.00901280, marker error: RMS = 0.0217798, max = 0.0378516 (RShoulder)
[2024-10-09 17:21:38.625] [info] Frame 350 (t = 11.7):	 total squared error = 0.00863076, marker error: RMS = 0.0213132, max = 0.0372381 (RShoulder)
[2024-10-09 17:21:38.686] [info] Frame 351 (t = 11.7333):	 total squared error = 0.00849391, marker error: RMS = 0.0211435, max = 0.0375413 (RShoulder)
[2024-10-09 17:21:38.753] [info] Frame 352 (t = 11.7667):	 total squared error = 0.00857408, marker error: RMS = 0.0212431, max = 0.0384332 (RShoulder)
[2024-10-09 17:21:38.823] [info] Frame 353 (t = 11.8):	 total squared error = 0.00891679, marker error: RMS = 0.0216634, max = 0.0400187 (RShoulder)
[2024-10-09 17:21:38.891] [info] Frame 354 (t = 11.8333):	 total squared error = 0.00953004, marker error: RMS = 0.022396, max = 0.0423724 (RShoulder)
[2024-10-09 17:21:38.953] [info] Frame 355 (t = 11.8667):	 total squared error = 0.0103317, marker error: RMS = 0.0233189, max = 0.0452714 (RShoulder)
[2024-10-09 17:21:39.009] [info] Frame 356 (t = 11.9):	 total squared error = 0.0111875, marker error: RMS = 0.0242655, max = 0.0479014 (RShoulder)
[2024-10-09 17:21:39.064] [info] Frame 357 (t = 11.9333):	 total squared error = 0.0120458, marker error: RMS = 0.0251791, max = 0.0507422 (LShoulder)
[2024-10-09 17:21:39.106] [info] Frame 358 (t = 11.9667):	 total squared error = 0.0129318, marker error: RMS = 0.0260887, max = 0.0539721 (LShoulder)
[2024-10-09 17:21:39.138] [info] Frame 359 (t = 12.0):	 total squared error = 0.0137563, marker error: RMS = 0.0269076, max = 0.0561507 (LShoulder)
[2024-10-09 17:21:39.196] [info] Frame 360 (t = 12.0333):	 total squared error = 0.0141264, marker error: RMS = 0.0272671, max = 0.0564751 (LShoulder)
[2024-10-09 17:21:39.225] [info] Frame 361 (t = 12.0667):	 total squared error = 0.0136451, marker error: RMS = 0.0267986, max = 0.0547438 (RShoulder)
[2024-10-09 17:21:39.279] [info] Frame 362 (t = 12.1):	 total squared error = 0.0125248, marker error: RMS = 0.0256749, max = 0.0504896 (RShoulder)
[2024-10-09 17:21:39.346] [info] Frame 363 (t = 12.1333):	 total squared error = 0.0113706, marker error: RMS = 0.0244633, max = 0.044558 (RShoulder)
[2024-10-09 17:21:39.435] [info] Frame 364 (t = 12.1667):	 total squared error = 0.0107307, marker error: RMS = 0.0237649, max = 0.0383232 (RShoulder)
[2024-10-09 17:21:39.515] [info] Frame 365 (t = 12.2):	 total squared error = 0.0105208, marker error: RMS = 0.0235314, max = 0.0418838 (RHeel)
[2024-10-09 17:21:39.568] [info] Frame 366 (t = 12.2333):	 total squared error = 0.0101851, marker error: RMS = 0.0231529, max = 0.0426379 (RHeel)
[2024-10-09 17:21:39.621] [info] Frame 367 (t = 12.2667):	 total squared error = 0.00945506, marker error: RMS = 0.0223077, max = 0.0393138 (RHeel)
[2024-10-09 17:21:39.668] [info] Frame 368 (t = 12.3):	 total squared error = 0.00868546, marker error: RMS = 0.0213806, max = 0.0349519 (RHeel)
[2024-10-09 17:21:39.736] [info] Frame 369 (t = 12.3333):	 total squared error = 0.00822696, marker error: RMS = 0.0208086, max = 0.0324156 (RHeel)
[2024-10-09 17:21:39.807] [info] Frame 370 (t = 12.3667):	 total squared error = 0.00817578, marker error: RMS = 0.0207438, max = 0.032499 (RHeel)
[2024-10-09 17:21:39.854] [info] Frame 371 (t = 12.4):	 total squared error = 0.00804471, marker error: RMS = 0.0205768, max = 0.0318162 (RShoulder)
[2024-10-09 17:21:39.936] [info] Frame 372 (t = 12.4333):	 total squared error = 0.00729198, marker error: RMS = 0.0195905, max = 0.032847 (RShoulder)
[2024-10-09 17:21:40.000] [info] Frame 373 (t = 12.4667):	 total squared error = 0.00630863, marker error: RMS = 0.0182218, max = 0.0335653 (RShoulder)
[2024-10-09 17:21:40.049] [info] Frame 374 (t = 12.5):	 total squared error = 0.00563153, marker error: RMS = 0.0172162, max = 0.0336144 (RShoulder)
[2024-10-09 17:21:40.102] [info] Frame 375 (t = 12.5333):	 total squared error = 0.00526491, marker error: RMS = 0.0166463, max = 0.0328147 (RShoulder)
[2024-10-09 17:21:40.163] [info] Frame 376 (t = 12.5667):	 total squared error = 0.00501262, marker error: RMS = 0.0162426, max = 0.031627 (RShoulder)
[2024-10-09 17:21:40.226] [info] Frame 377 (t = 12.6):	 total squared error = 0.00480772, marker error: RMS = 0.0159072, max = 0.0303906 (RShoulder)
[2024-10-09 17:21:40.288] [info] Frame 378 (t = 12.6333):	 total squared error = 0.00462906, marker error: RMS = 0.0156088, max = 0.0293745 (RShoulder)
[2024-10-09 17:21:40.321] [info] Frame 379 (t = 12.6667):	 total squared error = 0.00451489, marker error: RMS = 0.0154151, max = 0.028672 (RShoulder)
[2024-10-09 17:21:40.395] [info] Frame 380 (t = 12.7):	 total squared error = 0.00446473, marker error: RMS = 0.0153293, max = 0.0274374 (RShoulder)
[2024-10-09 17:21:40.469] [info] Frame 381 (t = 12.7333):	 total squared error = 0.00465000, marker error: RMS = 0.0156441, max = 0.0263599 (RShoulder)
[2024-10-09 17:21:40.530] [info] Frame 382 (t = 12.7667):	 total squared error = 0.00509609, marker error: RMS = 0.0163773, max = 0.0253838 (RShoulder)
[2024-10-09 17:21:40.607] [info] Frame 383 (t = 12.8):	 total squared error = 0.00574227, marker error: RMS = 0.0173846, max = 0.0287272 (LBigToe)
[2024-10-09 17:21:40.682] [info] Frame 384 (t = 12.8333):	 total squared error = 0.00634039, marker error: RMS = 0.0182676, max = 0.0310725 (LBigToe)
[2024-10-09 17:21:40.760] [info] Frame 385 (t = 12.8667):	 total squared error = 0.00660155, marker error: RMS = 0.01864, max = 0.0306967 (LBigToe)
[2024-10-09 17:21:40.828] [info] Frame 386 (t = 12.9):	 total squared error = 0.00649983, marker error: RMS = 0.0184958, max = 0.0287745 (Neck)
[2024-10-09 17:21:40.903] [info] Frame 387 (t = 12.9333):	 total squared error = 0.00628504, marker error: RMS = 0.0181877, max = 0.0295054 (Neck)
[2024-10-09 17:21:40.962] [info] Frame 388 (t = 12.9667):	 total squared error = 0.00606062, marker error: RMS = 0.01786, max = 0.0297595 (Neck)
[2024-10-09 17:21:41.009] [info] Frame 389 (t = 13.0):	 total squared error = 0.00571848, marker error: RMS = 0.0173486, max = 0.0294928 (Neck)
[2024-10-09 17:21:41.076] [info] Frame 390 (t = 13.0333):	 total squared error = 0.00518105, marker error: RMS = 0.0165132, max = 0.0286747 (Neck)
[2024-10-09 17:21:41.115] [info] Frame 391 (t = 13.0667):	 total squared error = 0.00464712, marker error: RMS = 0.0156392, max = 0.0277233 (Neck)
[2024-10-09 17:21:41.165] [info] Frame 392 (t = 13.1):	 total squared error = 0.00422776, marker error: RMS = 0.0149169, max = 0.0268972 (Neck)
[2024-10-09 17:21:41.230] [info] Frame 393 (t = 13.1333):	 total squared error = 0.00394840, marker error: RMS = 0.0144156, max = 0.0264999 (Neck)
[2024-10-09 17:21:41.267] [info] Frame 394 (t = 13.1667):	 total squared error = 0.00383363, marker error: RMS = 0.0142046, max = 0.0268077 (Neck)
[2024-10-09 17:21:41.314] [info] Frame 395 (t = 13.2):	 total squared error = 0.00385361, marker error: RMS = 0.0142415, max = 0.0284937 (RKnee)
[2024-10-09 17:21:41.357] [info] Frame 396 (t = 13.2333):	 total squared error = 0.00394652, marker error: RMS = 0.0144122, max = 0.0298406 (RKnee)
[2024-10-09 17:21:41.428] [info] Frame 397 (t = 13.2667):	 total squared error = 0.00399117, marker error: RMS = 0.0144935, max = 0.0288809 (RKnee)
[2024-10-09 17:21:41.498] [info] Frame 398 (t = 13.3):	 total squared error = 0.00408981, marker error: RMS = 0.0146715, max = 0.0271151 (RShoulder)
[2024-10-09 17:21:41.538] [info] Frame 399 (t = 13.3333):	 total squared error = 0.00442167, marker error: RMS = 0.0152551, max = 0.0304069 (RShoulder)
[2024-10-09 17:21:41.585] [info] Frame 400 (t = 13.3667):	 total squared error = 0.00485040, marker error: RMS = 0.0159776, max = 0.032757 (RShoulder)
[2024-10-09 17:21:41.643] [info] Frame 401 (t = 13.4):	 total squared error = 0.00503929, marker error: RMS = 0.0162858, max = 0.0341479 (RShoulder)
[2024-10-09 17:21:41.690] [info] Frame 402 (t = 13.4333):	 total squared error = 0.00505596, marker error: RMS = 0.0163127, max = 0.0348335 (RShoulder)
[2024-10-09 17:21:41.733] [info] Frame 403 (t = 13.4667):	 total squared error = 0.00512048, marker error: RMS = 0.0164164, max = 0.0350432 (RShoulder)
[2024-10-09 17:21:41.777] [info] Frame 404 (t = 13.5):	 total squared error = 0.00515859, marker error: RMS = 0.0164774, max = 0.0346343 (RShoulder)
[2024-10-09 17:21:41.827] [info] Frame 405 (t = 13.5333):	 total squared error = 0.00502595, marker error: RMS = 0.0162642, max = 0.033877 (RShoulder)
[2024-10-09 17:21:41.904] [info] Frame 406 (t = 13.5667):	 total squared error = 0.00486843, marker error: RMS = 0.0160073, max = 0.0322952 (RShoulder)
[2024-10-09 17:21:41.949] [info] Frame 407 (t = 13.6):	 total squared error = 0.00487486, marker error: RMS = 0.0160179, max = 0.0304398 (RShoulder)
[2024-10-09 17:21:42.036] [info] Frame 408 (t = 13.6333):	 total squared error = 0.00497772, marker error: RMS = 0.016186, max = 0.0286958 (RShoulder)
[2024-10-09 17:21:42.081] [info] Frame 409 (t = 13.6667):	 total squared error = 0.00501880, marker error: RMS = 0.0162526, max = 0.0272551 (Neck)
[2024-10-09 17:21:42.155] [info] Frame 410 (t = 13.7):	 total squared error = 0.00482039, marker error: RMS = 0.0159281, max = 0.0274736 (Neck)
[2024-10-09 17:21:42.212] [info] Frame 411 (t = 13.7333):	 total squared error = 0.00451129, marker error: RMS = 0.0154090, max = 0.0273686 (Neck)
[2024-10-09 17:21:42.283] [info] Frame 412 (t = 13.7667):	 total squared error = 0.00418898, marker error: RMS = 0.0148483, max = 0.0270883 (Neck)
[2024-10-09 17:21:42.337] [info] Frame 413 (t = 13.8):	 total squared error = 0.00387218, marker error: RMS = 0.0142758, max = 0.0264363 (Neck)
[2024-10-09 17:21:42.401] [info] Frame 414 (t = 13.8333):	 total squared error = 0.00369149, marker error: RMS = 0.0139387, max = 0.0253802 (Neck)
[2024-10-09 17:21:42.462] [info] Frame 415 (t = 13.8667):	 total squared error = 0.00382691, marker error: RMS = 0.0141921, max = 0.0240787 (Neck)
[2024-10-09 17:21:42.514] [info] Frame 416 (t = 13.9):	 total squared error = 0.00421347, marker error: RMS = 0.0148917, max = 0.0242707 (RShoulder)
[2024-10-09 17:21:42.570] [info] Frame 417 (t = 13.9333):	 total squared error = 0.00452106, marker error: RMS = 0.0154256, max = 0.0270071 (LKnee)
[2024-10-09 17:21:42.614] [info] Frame 418 (t = 13.9667):	 total squared error = 0.00459839, marker error: RMS = 0.015557, max = 0.0288255 (LKnee)
[2024-10-09 17:21:42.650] [info] Frame 419 (t = 14.0):	 total squared error = 0.00458519, marker error: RMS = 0.0155347, max = 0.0289814 (LKnee)
[2024-10-09 17:21:42.743] [info] Frame 420 (t = 14.0333):	 total squared error = 0.00457314, marker error: RMS = 0.0155142, max = 0.028757 (LKnee)
[2024-10-09 17:21:42.812] [info] Frame 421 (t = 14.0667):	 total squared error = 0.00458915, marker error: RMS = 0.0155414, max = 0.0284197 (LKnee)
[2024-10-09 17:21:42.877] [info] Frame 422 (t = 14.1):	 total squared error = 0.00447165, marker error: RMS = 0.0153411, max = 0.0277996 (LKnee)
[2024-10-09 17:21:42.948] [info] Frame 423 (t = 14.1333):	 total squared error = 0.00418232, marker error: RMS = 0.0148365, max = 0.0264463 (LKnee)
[2024-10-09 17:21:42.992] [info] Frame 424 (t = 14.1667):	 total squared error = 0.00389541, marker error: RMS = 0.0143186, max = 0.0246877 (LKnee)
[2024-10-09 17:21:43.066] [info] Frame 425 (t = 14.2):	 total squared error = 0.00370726, marker error: RMS = 0.0139685, max = 0.0236193 (RShoulder)
[2024-10-09 17:21:43.109] [info] Frame 426 (t = 14.2333):	 total squared error = 0.00358866, marker error: RMS = 0.0137433, max = 0.0247999 (RShoulder)
[2024-10-09 17:21:43.197] [info] Frame 427 (t = 14.2667):	 total squared error = 0.00341327, marker error: RMS = 0.0134032, max = 0.0261809 (RShoulder)
[2024-10-09 17:21:43.244] [info] Frame 428 (t = 14.3):	 total squared error = 0.00328041, marker error: RMS = 0.0131398, max = 0.0266585 (RShoulder)
[2024-10-09 17:21:43.310] [info] Frame 429 (t = 14.3333):	 total squared error = 0.00331545, marker error: RMS = 0.0132097, max = 0.0272634 (RShoulder)
[2024-10-09 17:21:43.365] [info] Frame 430 (t = 14.3667):	 total squared error = 0.00353333, marker error: RMS = 0.0136369, max = 0.0280134 (RShoulder)
[2024-10-09 17:21:43.415] [info] Frame 431 (t = 14.4):	 total squared error = 0.00401236, marker error: RMS = 0.0145319, max = 0.0287373 (RShoulder)
[2024-10-09 17:21:43.474] [info] Frame 432 (t = 14.4333):	 total squared error = 0.00459088, marker error: RMS = 0.0155443, max = 0.0290293 (RShoulder)
[2024-10-09 17:21:43.521] [info] Frame 433 (t = 14.4667):	 total squared error = 0.00495923, marker error: RMS = 0.0161559, max = 0.0291564 (RShoulder)
[2024-10-09 17:21:43.574] [info] Frame 434 (t = 14.5):	 total squared error = 0.00500107, marker error: RMS = 0.0162239, max = 0.0292487 (RShoulder)
[2024-10-09 17:21:43.618] [info] Frame 435 (t = 14.5333):	 total squared error = 0.00489688, marker error: RMS = 0.0160540, max = 0.0297389 (RShoulder)
[2024-10-09 17:21:43.667] [info] Frame 436 (t = 14.5667):	 total squared error = 0.00480596, marker error: RMS = 0.0159042, max = 0.0302411 (RShoulder)
[2024-10-09 17:21:43.734] [info] Frame 437 (t = 14.6):	 total squared error = 0.00474941, marker error: RMS = 0.0158104, max = 0.0304924 (RShoulder)
[2024-10-09 17:21:43.804] [info] Frame 438 (t = 14.6333):	 total squared error = 0.00479385, marker error: RMS = 0.0158842, max = 0.0302526 (RShoulder)
[2024-10-09 17:21:43.889] [info] Frame 439 (t = 14.6667):	 total squared error = 0.00495289, marker error: RMS = 0.0161455, max = 0.0312108 (RKnee)
[2024-10-09 17:21:43.976] [info] Frame 440 (t = 14.7):	 total squared error = 0.00497692, marker error: RMS = 0.0161847, max = 0.0338781 (RKnee)
[2024-10-09 17:21:44.061] [info] Frame 441 (t = 14.7333):	 total squared error = 0.00467035, marker error: RMS = 0.0156783, max = 0.0314558 (RKnee)
[2024-10-09 17:21:44.142] [info] Frame 442 (t = 14.7667):	 total squared error = 0.00417379, marker error: RMS = 0.0148214, max = 0.0249261 (RKnee)
[2024-10-09 17:21:44.210] [info] Frame 443 (t = 14.8):	 total squared error = 0.00373799, marker error: RMS = 0.0140263, max = 0.022951 (RShoulder)
[2024-10-09 17:21:44.269] [info] Frame 444 (t = 14.8333):	 total squared error = 0.00350416, marker error: RMS = 0.0135805, max = 0.0232672 (RShoulder)
[2024-10-09 17:21:44.315] [info] Frame 445 (t = 14.8667):	 total squared error = 0.00342265, marker error: RMS = 0.0134216, max = 0.0240754 (RShoulder)
[2024-10-09 17:21:44.385] [info] Frame 446 (t = 14.9):	 total squared error = 0.00339796, marker error: RMS = 0.0133731, max = 0.0246503 (RShoulder)
[2024-10-09 17:21:44.452] [info] Frame 447 (t = 14.9333):	 total squared error = 0.00349106, marker error: RMS = 0.0135551, max = 0.024487 (RShoulder)
[2024-10-09 17:21:44.504] [info] Frame 448 (t = 14.9667):	 total squared error = 0.00376466, marker error: RMS = 0.0140762, max = 0.0238769 (LKnee)
[2024-10-09 17:21:44.560] [info] Frame 449 (t = 15.0):	 total squared error = 0.00411273, marker error: RMS = 0.0147126, max = 0.0248797 (LKnee)
[2024-10-09 17:21:44.612] [info] Frame 450 (t = 15.0333):	 total squared error = 0.00446997, marker error: RMS = 0.0153382, max = 0.0254146 (RHeel)
[2024-10-09 17:21:44.656] [info] Frame 451 (t = 15.0667):	 total squared error = 0.00484145, marker error: RMS = 0.0159629, max = 0.0268285 (RHeel)
[2024-10-09 17:21:44.707] [info] Frame 452 (t = 15.1):	 total squared error = 0.00503594, marker error: RMS = 0.0162803, max = 0.0263833 (RHeel)
[2024-10-09 17:21:44.741] [info] Frame 453 (t = 15.1333):	 total squared error = 0.00485334, marker error: RMS = 0.0159825, max = 0.0252244 (LAnkle)
[2024-10-09 17:21:44.808] [info] Frame 454 (t = 15.1667):	 total squared error = 0.00445471, marker error: RMS = 0.015312, max = 0.0236364 (LKnee)
[2024-10-09 17:21:44.854] [info] Frame 455 (t = 15.2):	 total squared error = 0.00425185, marker error: RMS = 0.0149593, max = 0.0261352 (LKnee)
[2024-10-09 17:21:44.922] [info] Frame 456 (t = 15.2333):	 total squared error = 0.00419901, marker error: RMS = 0.0148661, max = 0.0270097 (LKnee)
[2024-10-09 17:21:44.981] [info] Frame 457 (t = 15.2667):	 total squared error = 0.00399693, marker error: RMS = 0.0145039, max = 0.024519 (LKnee)
[2024-10-09 17:21:45.042] [info] Frame 458 (t = 15.3):	 total squared error = 0.00341083, marker error: RMS = 0.0133984, max = 0.0220873 (Neck)
[2024-10-09 17:21:45.094] [info] Frame 459 (t = 15.3333):	 total squared error = 0.00261123, marker error: RMS = 0.0117232, max = 0.0213862 (Neck)
[2024-10-09 17:21:45.152] [info] Frame 460 (t = 15.3667):	 total squared error = 0.00211941, marker error: RMS = 0.0105616, max = 0.0202279 (Neck)
[2024-10-09 17:21:45.200] [info] Frame 461 (t = 15.4):	 total squared error = 0.00211950, marker error: RMS = 0.0105618, max = 0.0188363 (Neck)
[2024-10-09 17:21:45.293] [info] Frame 462 (t = 15.4333):	 total squared error = 0.00223212, marker error: RMS = 0.0108388, max = 0.0172067 (Neck)
[2024-10-09 17:21:45.339] [info] Frame 463 (t = 15.4667):	 total squared error = 0.00228814, marker error: RMS = 0.0109740, max = 0.0171565 (LKnee)
[2024-10-09 17:21:45.398] [info] Frame 464 (t = 15.5):	 total squared error = 0.00238385, marker error: RMS = 0.0112012, max = 0.0158231 (LShoulder)
[2024-10-09 17:21:45.457] [info] Frame 465 (t = 15.5333):	 total squared error = 0.00260279, marker error: RMS = 0.0117042, max = 0.021 (RKnee)
[2024-10-09 17:21:45.518] [info] Frame 466 (t = 15.5667):	 total squared error = 0.00281358, marker error: RMS = 0.0121689, max = 0.0261981 (RKnee)
[2024-10-09 17:21:45.588] [info] Frame 467 (t = 15.6):	 total squared error = 0.00298091, marker error: RMS = 0.0125256, max = 0.0281031 (RKnee)
[2024-10-09 17:21:45.630] [info] Frame 468 (t = 15.6333):	 total squared error = 0.00308791, marker error: RMS = 0.0127484, max = 0.0258692 (RKnee)
[2024-10-09 17:21:45.695] [info] Frame 469 (t = 15.6667):	 total squared error = 0.00289080, marker error: RMS = 0.0123348, max = 0.0216777 (RKnee)
[2024-10-09 17:21:45.763] [info] Frame 470 (t = 15.7):	 total squared error = 0.00257527, marker error: RMS = 0.0116422, max = 0.0210540 (Neck)
[2024-10-09 17:21:45.829] [info] Frame 471 (t = 15.7333):	 total squared error = 0.00252057, marker error: RMS = 0.0115179, max = 0.0214585 (Neck)
[2024-10-09 17:21:45.922] [info] Frame 472 (t = 15.7667):	 total squared error = 0.00283284, marker error: RMS = 0.0122105, max = 0.0211593 (Neck)
[2024-10-09 17:21:45.989] [info] Frame 473 (t = 15.8):	 total squared error = 0.00319927, marker error: RMS = 0.0129762, max = 0.0234182 (RElbow)
[2024-10-09 17:21:46.050] [info] Frame 474 (t = 15.8333):	 total squared error = 0.00339529, marker error: RMS = 0.0133678, max = 0.025767 (RElbow)
[2024-10-09 17:21:46.123] [info] Frame 475 (t = 15.8667):	 total squared error = 0.00358250, marker error: RMS = 0.0137314, max = 0.0272747 (RElbow)
[2024-10-09 17:21:46.164] [info] Frame 476 (t = 15.9):	 total squared error = 0.00430874, marker error: RMS = 0.0150591, max = 0.0283584 (RElbow)
[2024-10-09 17:21:46.216] [info] Frame 477 (t = 15.9333):	 total squared error = 0.00524670, marker error: RMS = 0.0166175, max = 0.0288647 (RElbow)
[2024-10-09 17:21:46.272] [info] Frame 478 (t = 15.9667):	 total squared error = 0.00559718, marker error: RMS = 0.0171636, max = 0.0291325 (RElbow)
[2024-10-09 17:21:46.324] [info] Frame 479 (t = 16.0):	 total squared error = 0.00528556, marker error: RMS = 0.016679, max = 0.0291591 (RElbow)
[2024-10-09 17:21:46.366] [info] Frame 480 (t = 16.0333):	 total squared error = 0.00491346, marker error: RMS = 0.0160811, max = 0.0290113 (RElbow)
[2024-10-09 17:21:46.426] [info] Frame 481 (t = 16.0667):	 total squared error = 0.00506688, marker error: RMS = 0.0163303, max = 0.0290947 (RShoulder)
[2024-10-09 17:21:46.493] [info] Frame 482 (t = 16.1):	 total squared error = 0.00562287, marker error: RMS = 0.0172029, max = 0.0301646 (Neck)
[2024-10-09 17:21:46.557] [info] Frame 483 (t = 16.1333):	 total squared error = 0.00622118, marker error: RMS = 0.0180950, max = 0.0335059 (Neck)
[2024-10-09 17:21:46.594] [info] Frame 484 (t = 16.1667):	 total squared error = 0.00688600, marker error: RMS = 0.0190374, max = 0.0361643 (Neck)
[2024-10-09 17:21:46.636] [info] Frame 485 (t = 16.2):	 total squared error = 0.00752197, marker error: RMS = 0.0198971, max = 0.0382269 (Neck)
[2024-10-09 17:21:46.692] [info] Frame 486 (t = 16.2333):	 total squared error = 0.00796669, marker error: RMS = 0.0204768, max = 0.0403152 (Neck)
[2024-10-09 17:21:46.756] [info] Frame 487 (t = 16.2667):	 total squared error = 0.00814674, marker error: RMS = 0.0207069, max = 0.0429238 (Neck)
[2024-10-09 17:21:46.828] [info] Frame 488 (t = 16.3):	 total squared error = 0.00812909, marker error: RMS = 0.0206845, max = 0.0463504 (Neck)
[2024-10-09 17:21:46.920] [info] Frame 489 (t = 16.3333):	 total squared error = 0.00793381, marker error: RMS = 0.0204345, max = 0.0506420 (Neck)
[2024-10-09 17:21:47.014] [info] Frame 490 (t = 16.3667):	 total squared error = 0.00770737, marker error: RMS = 0.0201408, max = 0.0558164 (Neck)
[2024-10-09 17:21:47.089] [info] Frame 491 (t = 16.4):	 total squared error = 0.00771859, marker error: RMS = 0.0201554, max = 0.0613307 (Neck)
[2024-10-09 17:21:47.157] [info] Frame 492 (t = 16.4333):	 total squared error = 0.00805938, marker error: RMS = 0.0205956, max = 0.0661251 (Neck)
[2024-10-09 17:21:47.212] [info] Frame 493 (t = 16.4667):	 total squared error = 0.00875399, marker error: RMS = 0.0214648, max = 0.0699355 (Neck)
[2024-10-09 17:21:47.308] [info] Frame 494 (t = 16.5):	 total squared error = 0.00987457, marker error: RMS = 0.0227972, max = 0.0725277 (Neck)
[2024-10-09 17:21:47.370] [info] Frame 495 (t = 16.5333):	 total squared error = 0.0113075, marker error: RMS = 0.0243953, max = 0.0738094 (Neck)
[2024-10-09 17:21:47.409] [info] Frame 496 (t = 16.5667):	 total squared error = 0.0125349, marker error: RMS = 0.0256852, max = 0.0734998 (Neck)
[2024-10-09 17:21:47.477] [info] Frame 497 (t = 16.6):	 total squared error = 0.0130424, marker error: RMS = 0.0262, max = 0.0714123 (Neck)
[2024-10-09 17:21:47.539] [info] Frame 498 (t = 16.6333):	 total squared error = 0.0128125, marker error: RMS = 0.0259681, max = 0.06767 (Neck)
[2024-10-09 17:21:47.583] [info] Frame 499 (t = 16.6667):	 total squared error = 0.0118973, marker error: RMS = 0.0250234, max = 0.0621131 (Neck)
[2024-10-09 17:21:47.636] [info] Frame 500 (t = 16.7):	 total squared error = 0.0104945, marker error: RMS = 0.0235020, max = 0.0552182 (Neck)
[2024-10-09 17:21:47.691] [info] Frame 501 (t = 16.7333):	 total squared error = 0.00910127, marker error: RMS = 0.0218864, max = 0.0485764 (Neck)
[2024-10-09 17:21:47.751] [info] Frame 502 (t = 16.7667):	 total squared error = 0.00835514, marker error: RMS = 0.0209701, max = 0.0436416 (Neck)
[2024-10-09 17:21:47.825] [info] Frame 503 (t = 16.8):	 total squared error = 0.00856335, marker error: RMS = 0.0212298, max = 0.0405522 (Neck)
[2024-10-09 17:21:47.864] [info] Frame 504 (t = 16.8333):	 total squared error = 0.00955939, marker error: RMS = 0.0224305, max = 0.0384587 (Neck)
[2024-10-09 17:21:47.961] [info] Frame 505 (t = 16.8667):	 total squared error = 0.0106646, marker error: RMS = 0.0236916, max = 0.0419098 (LSmallToe)
[2024-10-09 17:21:48.055] [info] Frame 506 (t = 16.9):	 total squared error = 0.0110141, marker error: RMS = 0.0240768, max = 0.0421656 (LSmallToe)
[2024-10-09 17:21:48.115] [info] Frame 507 (t = 16.9333):	 total squared error = 0.0100826, marker error: RMS = 0.0230361, max = 0.0372196 (LSmallToe)
[2024-10-09 17:21:48.208] [info] Frame 508 (t = 16.9667):	 total squared error = 0.00821305, marker error: RMS = 0.0207910, max = 0.0357838 (Neck)
[2024-10-09 17:21:48.267] [info] Frame 509 (t = 17.0):	 total squared error = 0.00649776, marker error: RMS = 0.0184929, max = 0.0356868 (Neck)
[2024-10-09 17:21:48.341] [info] Frame 510 (t = 17.0333):	 total squared error = 0.00575933, marker error: RMS = 0.0174104, max = 0.0355309 (Neck)
[2024-10-09 17:21:48.392] [info] Frame 511 (t = 17.0667):	 total squared error = 0.00591438, marker error: RMS = 0.0176432, max = 0.0348935 (Neck)
[2024-10-09 17:21:48.426] [info] Frame 512 (t = 17.1):	 total squared error = 0.00641010, marker error: RMS = 0.0183677, max = 0.0336656 (Neck)
[2024-10-09 17:21:48.457] [info] Frame 513 (t = 17.1333):	 total squared error = 0.00679643, marker error: RMS = 0.0189131, max = 0.0331991 (LHeel)
[2024-10-09 17:21:48.521] [info] Frame 514 (t = 17.1667):	 total squared error = 0.00692881, marker error: RMS = 0.0190964, max = 0.0347247 (LHeel)
[2024-10-09 17:21:48.556] [info] Frame 515 (t = 17.2):	 total squared error = 0.00691854, marker error: RMS = 0.0190823, max = 0.0352343 (LHeel)
[2024-10-09 17:21:48.603] [info] Frame 516 (t = 17.2333):	 total squared error = 0.00679397, marker error: RMS = 0.0189097, max = 0.0350487 (LHeel)
[2024-10-09 17:21:48.638] [info] Frame 517 (t = 17.2667):	 total squared error = 0.00656737, marker error: RMS = 0.0185917, max = 0.0347747 (LHeel)
[2024-10-09 17:21:48.694] [info] Frame 518 (t = 17.3):	 total squared error = 0.00620493, marker error: RMS = 0.0180714, max = 0.0343787 (LHeel)
[2024-10-09 17:21:48.756] [info] Frame 519 (t = 17.3333):	 total squared error = 0.00583281, marker error: RMS = 0.0175211, max = 0.0342205 (LHeel)
[2024-10-09 17:21:48.812] [info] Frame 520 (t = 17.3667):	 total squared error = 0.00562256, marker error: RMS = 0.0172025, max = 0.0341684 (LHeel)
[2024-10-09 17:21:48.842] [info] Frame 521 (t = 17.4):	 total squared error = 0.00566178, marker error: RMS = 0.0172623, max = 0.0345657 (LHeel)
[2024-10-09 17:21:48.900] [info] Frame 522 (t = 17.4333):	 total squared error = 0.00572611, marker error: RMS = 0.0173601, max = 0.0337758 (LHeel)
[2024-10-09 17:21:48.938] [info] Frame 523 (t = 17.4667):	 total squared error = 0.00582785, marker error: RMS = 0.0175137, max = 0.0334774 (LHeel)
[2024-10-09 17:21:48.965] [info] Frame 524 (t = 17.5):	 total squared error = 0.00589549, marker error: RMS = 0.017615, max = 0.0333437 (LHeel)
[2024-10-09 17:21:48.989] [info] Frame 525 (t = 17.5333):	 total squared error = 0.00597702, marker error: RMS = 0.0177364, max = 0.0337583 (LHeel)
[2024-10-09 17:21:49.010] [info] Frame 526 (t = 17.5667):	 total squared error = 0.00611473, marker error: RMS = 0.0179396, max = 0.0350139 (LHeel)
[2024-10-09 17:21:49.062] [info] Frame 527 (t = 17.6):	 total squared error = 0.00627329, marker error: RMS = 0.0181707, max = 0.0365966 (LHeel)
[2024-10-09 17:21:49.092] [info] Frame 528 (t = 17.6333):	 total squared error = 0.00639356, marker error: RMS = 0.018344, max = 0.0377926 (LHeel)
[2024-10-09 17:21:49.126] [info] Frame 529 (t = 17.6667):	 total squared error = 0.00641542, marker error: RMS = 0.0183753, max = 0.0380024 (LHeel)
[2024-10-09 17:21:49.147] [info] Frame 530 (t = 17.7):	 total squared error = 0.00635521, marker error: RMS = 0.0182889, max = 0.0371385 (LHeel)
[2024-10-09 17:21:49.168] [info] Frame 531 (t = 17.7333):	 total squared error = 0.00633204, marker error: RMS = 0.0182555, max = 0.0352927 (LHeel)
[2024-10-09 17:21:49.232] [info] Frame 532 (t = 17.7667):	 total squared error = 0.00647738, marker error: RMS = 0.0184639, max = 0.0333837 (LHeel)
[2024-10-09 17:21:49.250] [info] Frame 533 (t = 17.8):	 total squared error = 0.00671865, marker error: RMS = 0.0188046, max = 0.0318975 (LHeel)
[2024-10-09 17:21:49.340] [info] Frame 534 (t = 17.8333):	 total squared error = 0.00684400, marker error: RMS = 0.0189792, max = 0.0310900 (LHeel)
[2024-10-09 17:21:49.372] [info] Frame 535 (t = 17.8667):	 total squared error = 0.00683250, marker error: RMS = 0.0189633, max = 0.0310828 (LHeel)
[2024-10-09 17:21:49.405] [info] Frame 536 (t = 17.9):	 total squared error = 0.00673819, marker error: RMS = 0.0188319, max = 0.0312573 (LHeel)
[2024-10-09 17:21:49.483] [info] Frame 537 (t = 17.9333):	 total squared error = 0.00660493, marker error: RMS = 0.0186448, max = 0.031223 (LHeel)
[2024-10-09 17:21:49.538] [info] Frame 538 (t = 17.9667):	 total squared error = 0.00644347, marker error: RMS = 0.0184155, max = 0.0312367 (LHeel)
[2024-10-09 17:21:49.611] [info] Frame 539 (t = 18.0):	 total squared error = 0.00627790, marker error: RMS = 0.0181773, max = 0.0312914 (LHeel)
[2024-10-09 17:21:49.674] [info] Frame 540 (t = 18.0333):	 total squared error = 0.00625730, marker error: RMS = 0.0181475, max = 0.0316107 (LHeel)
[2024-10-09 17:21:49.720] [info] Frame 541 (t = 18.0667):	 total squared error = 0.00635656, marker error: RMS = 0.0182909, max = 0.0321375 (LHeel)
[2024-10-09 17:21:49.761] [info] Frame 542 (t = 18.1):	 total squared error = 0.00646005, marker error: RMS = 0.0184392, max = 0.0326509 (LHeel)
[2024-10-09 17:21:49.828] [info] Frame 543 (t = 18.1333):	 total squared error = 0.00653675, marker error: RMS = 0.0185483, max = 0.0329914 (LHeel)
[2024-10-09 17:21:49.857] [info] Frame 544 (t = 18.1667):	 total squared error = 0.00668028, marker error: RMS = 0.0187508, max = 0.0329022 (LHeel)
[2024-10-09 17:21:49.932] [info] Frame 545 (t = 18.2):	 total squared error = 0.00682337, marker error: RMS = 0.0189506, max = 0.0328567 (LHeel)
[2024-10-09 17:21:50.003] [info] Frame 546 (t = 18.2333):	 total squared error = 0.00694933, marker error: RMS = 0.0191247, max = 0.0330023 (LHeel)
[2024-10-09 17:21:50.048] [info] Frame 547 (t = 18.2667):	 total squared error = 0.00704925, marker error: RMS = 0.0192617, max = 0.0333829 (LHeel)
[2024-10-09 17:21:50.091] [info] Frame 548 (t = 18.3):	 total squared error = 0.00713264, marker error: RMS = 0.0193753, max = 0.0338168 (LHeel)
[2024-10-09 17:21:50.170] [info] Frame 549 (t = 18.3333):	 total squared error = 0.00716275, marker error: RMS = 0.0194161, max = 0.0340648 (LHeel)
[2024-10-09 17:21:50.223] [info] Frame 550 (t = 18.3667):	 total squared error = 0.00718078, marker error: RMS = 0.0194406, max = 0.0343467 (LHeel)
[2024-10-09 17:21:50.271] [info] Frame 551 (t = 18.4):	 total squared error = 0.00717638, marker error: RMS = 0.0194346, max = 0.0347628 (LHeel)
[2024-10-09 17:21:50.354] [info] Frame 552 (t = 18.4333):	 total squared error = 0.00710627, marker error: RMS = 0.0193395, max = 0.0355985 (LHeel)
[2024-10-09 17:21:50.391] [info] Frame 553 (t = 18.4667):	 total squared error = 0.00702739, marker error: RMS = 0.0192318, max = 0.0367769 (LHeel)
[2024-10-09 17:21:50.494] [info] Frame 554 (t = 18.5):	 total squared error = 0.00693030, marker error: RMS = 0.0190985, max = 0.0381095 (LHeel)
[2024-10-09 17:21:50.550] [info] Frame 555 (t = 18.5333):	 total squared error = 0.00692669, marker error: RMS = 0.0190935, max = 0.0395509 (LHeel)
[2024-10-09 17:21:50.641] [info] Frame 556 (t = 18.5667):	 total squared error = 0.00692769, marker error: RMS = 0.0190949, max = 0.0403647 (LHeel)
[2024-10-09 17:21:50.703] [info] Frame 557 (t = 18.6):	 total squared error = 0.00692755, marker error: RMS = 0.0190947, max = 0.0405912 (LHeel)
[2024-10-09 17:21:50.758] [info] Frame 558 (t = 18.6333):	 total squared error = 0.00689970, marker error: RMS = 0.0190563, max = 0.0402853 (LHeel)
[2024-10-09 17:21:50.829] [info] Frame 559 (t = 18.6667):	 total squared error = 0.00685736, marker error: RMS = 0.0189977, max = 0.0395344 (LHeel)
[2024-10-09 17:21:50.907] [info] Frame 560 (t = 18.7):	 total squared error = 0.00685636, marker error: RMS = 0.0189963, max = 0.0388704 (LHeel)
[2024-10-09 17:21:50.941] [info] Frame 561 (t = 18.7333):	 total squared error = 0.00689287, marker error: RMS = 0.0190469, max = 0.0381909 (LHeel)
[2024-10-09 17:21:50.977] [info] Frame 562 (t = 18.7667):	 total squared error = 0.00698397, marker error: RMS = 0.0191723, max = 0.0376102 (LHeel)
[2024-10-09 17:21:51.020] [info] Frame 563 (t = 18.8):	 total squared error = 0.00711451, marker error: RMS = 0.0193507, max = 0.0369711 (LHeel)
[2024-10-09 17:21:51.110] [info] Frame 564 (t = 18.8333):	 total squared error = 0.00725884, marker error: RMS = 0.019546, max = 0.0362804 (LHeel)
[2024-10-09 17:21:51.193] [info] Frame 565 (t = 18.8667):	 total squared error = 0.00745487, marker error: RMS = 0.0198081, max = 0.0355237 (LHeel)
[2024-10-09 17:21:51.260] [info] Frame 566 (t = 18.9):	 total squared error = 0.00761960, marker error: RMS = 0.0200258, max = 0.034896 (LHeel)
[2024-10-09 17:21:51.299] [info] Frame 567 (t = 18.9333):	 total squared error = 0.00757435, marker error: RMS = 0.0199662, max = 0.0348665 (LHeel)
[2024-10-09 17:21:51.363] [info] Frame 568 (t = 18.9667):	 total squared error = 0.00719529, marker error: RMS = 0.0194602, max = 0.0358217 (LHeel)
[2024-10-09 17:21:51.385] [info] Frame 569 (t = 19.0):	 total squared error = 0.00683689, marker error: RMS = 0.0189693, max = 0.038239 (LHeel)
[2024-10-09 17:21:51.418] [info] Frame 570 (t = 19.0333):	 total squared error = 0.00714903, marker error: RMS = 0.0193975, max = 0.0421693 (LHeel)
[2024-10-09 17:21:51.432] [info] InverseKinematicsTool completed 571 frames in 35 second(s).
[2024-10-15 18:56:10.374] [info] Updating Model file from 40000 to latest format...
[2024-10-15 18:56:10.402] [info] Loaded model Pose2Sim_AlphaPose from file D:\data_1009\path1_01\opensim\Model_Pose2Sim_Halpe26.osim
[2024-10-15 18:56:29.525] [info] Storage: read data file = D:\data_1009\path1_01\opensim\Balancing_for_IK_BODY.mot (nr=571 nc=63)
