[2024-10-09 17:54:19.979] [info] Preparing to run InverseKinematicsTool.
[2024-10-09 17:54:20.001] [info] Loaded model Pose2Sim_scaled from file Model_Pose2Sim_Halpe26_scaled.osim
[2024-10-09 17:54:20.001] [warning] Couldn't find file 'r_pelvis.vtp'.
[2024-10-09 17:54:20.001] [warning] Couldn't find file 'l_pelvis.vtp'.
[2024-10-09 17:54:20.001] [warning] Couldn't find file 'sacrum.vtp'.
[2024-10-09 17:54:20.002] [warning] Couldn't find file 'femur_r.vtp'.
[2024-10-09 17:54:20.002] [warning] Couldn't find file 'r_patella.vtp'.
[2024-10-09 17:54:20.002] [warning] Couldn't find file 'tibia_r.vtp'.
[2024-10-09 17:54:20.002] [warning] Couldn't find file 'fibula_r.vtp'.
[2024-10-09 17:54:20.002] [warning] Couldn't find file 'talus_rv.vtp'.
[2024-10-09 17:54:20.002] [warning] Couldn't find file 'foot.vtp'.
[2024-10-09 17:54:20.003] [warning] Couldn't find file 'bofoot.vtp'.
[2024-10-09 17:54:20.003] [warning] Couldn't find file 'femur_l.vtp'.
[2024-10-09 17:54:20.003] [warning] Couldn't find file 'l_patella.vtp'.
[2024-10-09 17:54:20.003] [warning] Couldn't find file 'tibia_l.vtp'.
[2024-10-09 17:54:20.003] [warning] Couldn't find file 'fibula_l.vtp'.
[2024-10-09 17:54:20.003] [warning] Couldn't find file 'talus_lv.vtp'.
[2024-10-09 17:54:20.003] [warning] Couldn't find file 'l_foot.vtp'.
[2024-10-09 17:54:20.004] [warning] Couldn't find file 'l_bofoot.vtp'.
[2024-10-09 17:54:20.004] [warning] Couldn't find file 'lumbar5.vtp'.
[2024-10-09 17:54:20.004] [warning] Couldn't find file 'lumbar4.vtp'.
[2024-10-09 17:54:20.004] [warning] Couldn't find file 'lumbar3.vtp'.
[2024-10-09 17:54:20.004] [warning] Couldn't find file 'lumbar2.vtp'.
[2024-10-09 17:54:20.004] [warning] Couldn't find file 'lumbar1.vtp'.
[2024-10-09 17:54:20.004] [warning] Couldn't find file 'cerv1sm.vtp'.
[2024-10-09 17:54:20.004] [warning] Couldn't find file 'cerv2sm.vtp'.
[2024-10-09 17:54:20.005] [warning] Couldn't find file 'cerv3sm.vtp'.
[2024-10-09 17:54:20.005] [warning] Couldn't find file 'cerv4sm.vtp'.
[2024-10-09 17:54:20.005] [warning] Couldn't find file 'cerv5sm.vtp'.
[2024-10-09 17:54:20.005] [warning] Couldn't find file 'cerv6sm.vtp'.
[2024-10-09 17:54:20.005] [warning] Couldn't find file 'cerv7.vtp'.
[2024-10-09 17:54:20.005] [warning] Couldn't find file 'thoracic12_s.vtp'.
[2024-10-09 17:54:20.005] [warning] Couldn't find file 'thoracic11_s.vtp'.
[2024-10-09 17:54:20.005] [warning] Couldn't find file 'thoracic10_s.vtp'.
[2024-10-09 17:54:20.006] [warning] Couldn't find file 'thoracic9_s.vtp'.
[2024-10-09 17:54:20.006] [warning] Couldn't find file 'thoracic8_s.vtp'.
[2024-10-09 17:54:20.006] [warning] Couldn't find file 'thoracic7_s.vtp'.
[2024-10-09 17:54:20.006] [warning] Couldn't find file 'thoracic6_s.vtp'.
[2024-10-09 17:54:20.006] [warning] Couldn't find file 'thoracic5_s.vtp'.
[2024-10-09 17:54:20.006] [warning] Couldn't find file 'thoracic4_s.vtp'.
[2024-10-09 17:54:20.006] [warning] Couldn't find file 'thoracic3_s.vtp'.
[2024-10-09 17:54:20.007] [warning] Couldn't find file 'thoracic2_s.vtp'.
[2024-10-09 17:54:20.007] [warning] Couldn't find file 'thoracic1_s.vtp'.
[2024-10-09 17:54:20.007] [warning] Couldn't find file 'hat_ribs_scap.vtp'.
[2024-10-09 17:54:20.007] [warning] Couldn't find file 'hat_jaw.vtp'.
[2024-10-09 17:54:20.007] [warning] Couldn't find file 'hat_skull.vtp'.
[2024-10-09 17:54:20.007] [warning] Couldn't find file 'humerus_rv.vtp'.
[2024-10-09 17:54:20.007] [warning] Couldn't find file 'ulna_rv.vtp'.
[2024-10-09 17:54:20.007] [warning] Couldn't find file 'radius_rv.vtp'.
[2024-10-09 17:54:20.008] [warning] Couldn't find file 'pisiform_rvs.vtp'.
[2024-10-09 17:54:20.008] [warning] Couldn't find file 'lunate_rvs.vtp'.
[2024-10-09 17:54:20.008] [warning] Couldn't find file 'scaphoid_rvs.vtp'.
[2024-10-09 17:54:20.008] [warning] Couldn't find file 'triquetrum_rvs.vtp'.
[2024-10-09 17:54:20.008] [warning] Couldn't find file 'hamate_rvs.vtp'.
[2024-10-09 17:54:20.008] [warning] Couldn't find file 'capitate_rvs.vtp'.
[2024-10-09 17:54:20.008] [warning] Couldn't find file 'trapezoid_rvs.vtp'.
[2024-10-09 17:54:20.008] [warning] Couldn't find file 'trapezium_rvs.vtp'.
[2024-10-09 17:54:20.009] [warning] Couldn't find file 'metacarpal2_rvs.vtp'.
[2024-10-09 17:54:20.009] [warning] Couldn't find file 'index_proximal_rvs.vtp'.
[2024-10-09 17:54:20.009] [warning] Couldn't find file 'index_medial_rvs.vtp'.
[2024-10-09 17:54:20.009] [warning] Couldn't find file 'index_distal_rvs.vtp'.
[2024-10-09 17:54:20.009] [warning] Couldn't find file 'metacarpal3_rvs.vtp'.
[2024-10-09 17:54:20.009] [warning] Couldn't find file 'middle_proximal_rvs.vtp'.
[2024-10-09 17:54:20.009] [warning] Couldn't find file 'middle_medial_rvs.vtp'.
[2024-10-09 17:54:20.009] [warning] Couldn't find file 'middle_distal_rvs.vtp'.
[2024-10-09 17:54:20.010] [warning] Couldn't find file 'metacarpal4_rvs.vtp'.
[2024-10-09 17:54:20.010] [warning] Couldn't find file 'ring_proximal_rvs.vtp'.
[2024-10-09 17:54:20.010] [warning] Couldn't find file 'ring_medial_rvs.vtp'.
[2024-10-09 17:54:20.010] [warning] Couldn't find file 'ring_distal_rvs.vtp'.
[2024-10-09 17:54:20.010] [warning] Couldn't find file 'metacarpal5_rvs.vtp'.
[2024-10-09 17:54:20.010] [warning] Couldn't find file 'little_proximal_rvs.vtp'.
[2024-10-09 17:54:20.010] [warning] Couldn't find file 'little_medial_rvs.vtp'.
[2024-10-09 17:54:20.011] [warning] Couldn't find file 'little_distal_rvs.vtp'.
[2024-10-09 17:54:20.011] [warning] Couldn't find file 'metacarpal1_rvs.vtp'.
[2024-10-09 17:54:20.011] [warning] Couldn't find file 'thumb_proximal_rvs.vtp'.
[2024-10-09 17:54:20.011] [warning] Couldn't find file 'thumb_distal_rvs.vtp'.
[2024-10-09 17:54:20.012] [warning] Couldn't find file 'humerus_lv.vtp'.
[2024-10-09 17:54:20.012] [warning] Couldn't find file 'ulna_lv.vtp'.
[2024-10-09 17:54:20.012] [warning] Couldn't find file 'radius_lv.vtp'.
[2024-10-09 17:54:20.012] [warning] Couldn't find file 'pisiform_lvs.vtp'.
[2024-10-09 17:54:20.012] [warning] Couldn't find file 'lunate_lvs.vtp'.
[2024-10-09 17:54:20.012] [warning] Couldn't find file 'scaphoid_lvs.vtp'.
[2024-10-09 17:54:20.012] [warning] Couldn't find file 'triquetrum_lvs.vtp'.
[2024-10-09 17:54:20.013] [warning] Couldn't find file 'hamate_lvs.vtp'.
[2024-10-09 17:54:20.013] [warning] Couldn't find file 'capitate_lvs.vtp'.
[2024-10-09 17:54:20.013] [warning] Couldn't find file 'trapezoid_lvs.vtp'.
[2024-10-09 17:54:20.013] [warning] Couldn't find file 'trapezium_lvs.vtp'.
[2024-10-09 17:54:20.013] [warning] Couldn't find file 'metacarpal2_lvs.vtp'.
[2024-10-09 17:54:20.013] [warning] Couldn't find file 'index_proximal_lvs.vtp'.
[2024-10-09 17:54:20.013] [warning] Couldn't find file 'index_medial_lvs.vtp'.
[2024-10-09 17:54:20.014] [warning] Couldn't find file 'index_distal_lvs.vtp'.
[2024-10-09 17:54:20.014] [warning] Couldn't find file 'metacarpal3_lvs.vtp'.
[2024-10-09 17:54:20.014] [warning] Couldn't find file 'middle_proximal_lvs.vtp'.
[2024-10-09 17:54:20.014] [warning] Couldn't find file 'middle_medial_lvs.vtp'.
[2024-10-09 17:54:20.014] [warning] Couldn't find file 'middle_distal_lvs.vtp'.
[2024-10-09 17:54:20.014] [warning] Couldn't find file 'metacarpal4_lvs.vtp'.
[2024-10-09 17:54:20.014] [warning] Couldn't find file 'ring_proximal_lvs.vtp'.
[2024-10-09 17:54:20.015] [warning] Couldn't find file 'ring_medial_lvs.vtp'.
[2024-10-09 17:54:20.015] [warning] Couldn't find file 'ring_distal_lvs.vtp'.
[2024-10-09 17:54:20.015] [warning] Couldn't find file 'metacarpal5_lvs.vtp'.
[2024-10-09 17:54:20.015] [warning] Couldn't find file 'little_proximal_lvs.vtp'.
[2024-10-09 17:54:20.015] [warning] Couldn't find file 'little_medial_lvs.vtp'.
[2024-10-09 17:54:20.015] [warning] Couldn't find file 'little_distal_lvs.vtp'.
[2024-10-09 17:54:20.015] [warning] Couldn't find file 'metacarpal1_lvs.vtp'.
[2024-10-09 17:54:20.015] [warning] Couldn't find file 'thumb_proximal_lvs.vtp'.
[2024-10-09 17:54:20.016] [warning] Couldn't find file 'thumb_distal_lvs.vtp'.
[2024-10-09 17:54:20.017] [cout] [info] 
               MODEL: Pose2Sim_scaled
         coordinates: 62
              forces: 0
           actuators: 0
             muscles: 0
            analyses: 0
              probes: 0
              bodies: 30
              joints: 30
         constraints: 20
             markers: 22
         controllers: 0
  contact geometries: 0
misc modelcomponents: 0
[2024-10-09 17:54:20.018] [info] Running tool .
[2024-10-09 17:54:20.581] [info] Frame 0 (t = 0.0333333):	 total squared error = 0.0146357, marker error: RMS = 0.0277543, max = 0.0551303 (LShoulder)
[2024-10-09 17:54:20.646] [info] Frame 1 (t = 0.0666667):	 total squared error = 0.0128826, marker error: RMS = 0.0260391, max = 0.0518327 (LShoulder)
[2024-10-09 17:54:20.724] [info] Frame 2 (t = 0.1):	 total squared error = 0.0123496, marker error: RMS = 0.0254946, max = 0.0491675 (LShoulder)
[2024-10-09 17:54:20.822] [info] Frame 3 (t = 0.133333):	 total squared error = 0.0125006, marker error: RMS = 0.02565, max = 0.0474353 (LShoulder)
[2024-10-09 17:54:20.844] [info] Frame 4 (t = 0.166667):	 total squared error = 0.0127225, marker error: RMS = 0.0258767, max = 0.0459096 (LShoulder)
[2024-10-09 17:54:20.923] [info] Frame 5 (t = 0.2):	 total squared error = 0.0126319, marker error: RMS = 0.0257844, max = 0.0448477 (LShoulder)
[2024-10-09 17:54:20.939] [info] Frame 6 (t = 0.233333):	 total squared error = 0.012271, marker error: RMS = 0.0254134, max = 0.0426975 (LShoulder)
[2024-10-09 17:54:20.977] [info] Frame 7 (t = 0.266667):	 total squared error = 0.0119066, marker error: RMS = 0.0250333, max = 0.0408732 (LShoulder)
[2024-10-09 17:54:21.033] [info] Frame 8 (t = 0.3):	 total squared error = 0.0118247, marker error: RMS = 0.024947, max = 0.0404323 (LShoulder)
[2024-10-09 17:54:21.084] [info] Frame 9 (t = 0.333333):	 total squared error = 0.0121747, marker error: RMS = 0.0253135, max = 0.0420294 (LShoulder)
[2024-10-09 17:54:21.150] [info] Frame 10 (t = 0.366667):	 total squared error = 0.0130222, marker error: RMS = 0.0261798, max = 0.0455186 (LShoulder)
[2024-10-09 17:54:21.184] [info] Frame 11 (t = 0.4):	 total squared error = 0.0142602, marker error: RMS = 0.027396, max = 0.0502290 (LShoulder)
[2024-10-09 17:54:21.234] [info] Frame 12 (t = 0.433333):	 total squared error = 0.0155146, marker error: RMS = 0.0285755, max = 0.0543141 (LShoulder)
[2024-10-09 17:54:21.298] [info] Frame 13 (t = 0.466667):	 total squared error = 0.0164682, marker error: RMS = 0.0294405, max = 0.0571867 (LShoulder)
[2024-10-09 17:54:21.324] [info] Frame 14 (t = 0.5):	 total squared error = 0.0169194, marker error: RMS = 0.0298412, max = 0.0588747 (LShoulder)
[2024-10-09 17:54:21.347] [info] Frame 15 (t = 0.533333):	 total squared error = 0.0169146, marker error: RMS = 0.0298369, max = 0.0594628 (LShoulder)
[2024-10-09 17:54:21.381] [info] Frame 16 (t = 0.566667):	 total squared error = 0.0165763, marker error: RMS = 0.029537, max = 0.0594812 (LShoulder)
[2024-10-09 17:54:21.412] [info] Frame 17 (t = 0.6):	 total squared error = 0.0160313, marker error: RMS = 0.0290474, max = 0.0591905 (LShoulder)
[2024-10-09 17:54:21.451] [info] Frame 18 (t = 0.633333):	 total squared error = 0.0154814, marker error: RMS = 0.0285449, max = 0.0589775 (LShoulder)
[2024-10-09 17:54:21.481] [info] Frame 19 (t = 0.666667):	 total squared error = 0.0150090, marker error: RMS = 0.0281060, max = 0.0586771 (LShoulder)
[2024-10-09 17:54:21.510] [info] Frame 20 (t = 0.7):	 total squared error = 0.0146724, marker error: RMS = 0.027789, max = 0.0585875 (LShoulder)
[2024-10-09 17:54:21.536] [info] Frame 21 (t = 0.733333):	 total squared error = 0.0144697, marker error: RMS = 0.0275965, max = 0.0585402 (LShoulder)
[2024-10-09 17:54:21.569] [info] Frame 22 (t = 0.766667):	 total squared error = 0.0144459, marker error: RMS = 0.0275738, max = 0.0586766 (LShoulder)
[2024-10-09 17:54:21.655] [info] Frame 23 (t = 0.8):	 total squared error = 0.0146976, marker error: RMS = 0.0278129, max = 0.0589934 (LShoulder)
[2024-10-09 17:54:21.677] [info] Frame 24 (t = 0.833333):	 total squared error = 0.0153664, marker error: RMS = 0.0284387, max = 0.0594802 (LShoulder)
[2024-10-09 17:54:21.729] [info] Frame 25 (t = 0.866667):	 total squared error = 0.0163014, marker error: RMS = 0.0292911, max = 0.0599398 (LShoulder)
[2024-10-09 17:54:21.766] [info] Frame 26 (t = 0.9):	 total squared error = 0.0173147, marker error: RMS = 0.0301878, max = 0.0601810 (LShoulder)
[2024-10-09 17:54:21.857] [info] Frame 27 (t = 0.933333):	 total squared error = 0.0180442, marker error: RMS = 0.0308171, max = 0.0598244 (LShoulder)
[2024-10-09 17:54:21.875] [info] Frame 28 (t = 0.966667):	 total squared error = 0.0183434, marker error: RMS = 0.0310716, max = 0.0591338 (LShoulder)
[2024-10-09 17:54:21.903] [info] Frame 29 (t = 1.0):	 total squared error = 0.0182624, marker error: RMS = 0.0310029, max = 0.0580518 (LShoulder)
[2024-10-09 17:54:21.977] [info] Frame 30 (t = 1.03333):	 total squared error = 0.017966, marker error: RMS = 0.0307503, max = 0.0568933 (LShoulder)
[2024-10-09 17:54:22.018] [info] Frame 31 (t = 1.06667):	 total squared error = 0.01766, marker error: RMS = 0.0304873, max = 0.0563186 (LShoulder)
[2024-10-09 17:54:22.035] [info] Frame 32 (t = 1.1):	 total squared error = 0.0174663, marker error: RMS = 0.0303196, max = 0.0564167 (LShoulder)
[2024-10-09 17:54:22.068] [info] Frame 33 (t = 1.13333):	 total squared error = 0.017319, marker error: RMS = 0.0301915, max = 0.056719 (LShoulder)
[2024-10-09 17:54:22.152] [info] Frame 34 (t = 1.16667):	 total squared error = 0.0171527, marker error: RMS = 0.0300462, max = 0.0566498 (LShoulder)
[2024-10-09 17:54:22.185] [info] Frame 35 (t = 1.2):	 total squared error = 0.0169519, marker error: RMS = 0.0298698, max = 0.0557347 (LShoulder)
[2024-10-09 17:54:22.312] [info] Frame 36 (t = 1.23333):	 total squared error = 0.0167504, marker error: RMS = 0.0296917, max = 0.0533648 (LShoulder)
[2024-10-09 17:54:22.383] [info] Frame 37 (t = 1.26667):	 total squared error = 0.0167459, marker error: RMS = 0.0296878, max = 0.051182 (LShoulder)
[2024-10-09 17:54:22.431] [info] Frame 38 (t = 1.3):	 total squared error = 0.0169484, marker error: RMS = 0.0298667, max = 0.0496424 (LShoulder)
[2024-10-09 17:54:22.487] [info] Frame 39 (t = 1.33333):	 total squared error = 0.017245, marker error: RMS = 0.0301269, max = 0.0487702 (LShoulder)
[2024-10-09 17:54:22.535] [info] Frame 40 (t = 1.36667):	 total squared error = 0.0174577, marker error: RMS = 0.0303122, max = 0.0479956 (LShoulder)
[2024-10-09 17:54:22.574] [info] Frame 41 (t = 1.4):	 total squared error = 0.0174868, marker error: RMS = 0.0303374, max = 0.0488588 (Neck)
[2024-10-09 17:54:22.614] [info] Frame 42 (t = 1.43333):	 total squared error = 0.0173503, marker error: RMS = 0.0302187, max = 0.0493268 (Neck)
[2024-10-09 17:54:22.661] [info] Frame 43 (t = 1.46667):	 total squared error = 0.0171346, marker error: RMS = 0.0300304, max = 0.0489741 (Neck)
[2024-10-09 17:54:22.716] [info] Frame 44 (t = 1.5):	 total squared error = 0.0169375, marker error: RMS = 0.0298571, max = 0.0478828 (Neck)
[2024-10-09 17:54:22.765] [info] Frame 45 (t = 1.53333):	 total squared error = 0.0168552, marker error: RMS = 0.0297845, max = 0.0485455 (LShoulder)
[2024-10-09 17:54:22.827] [info] Frame 46 (t = 1.56667):	 total squared error = 0.0168908, marker error: RMS = 0.0298159, max = 0.0505689 (LShoulder)
[2024-10-09 17:54:22.877] [info] Frame 47 (t = 1.6):	 total squared error = 0.0169558, marker error: RMS = 0.0298733, max = 0.0522455 (LShoulder)
[2024-10-09 17:54:22.893] [info] Frame 48 (t = 1.63333):	 total squared error = 0.0169216, marker error: RMS = 0.0298431, max = 0.0531356 (LShoulder)
[2024-10-09 17:54:22.936] [info] Frame 49 (t = 1.66667):	 total squared error = 0.0166631, marker error: RMS = 0.0296143, max = 0.053539 (LShoulder)
[2024-10-09 17:54:22.967] [info] Frame 50 (t = 1.7):	 total squared error = 0.0164364, marker error: RMS = 0.0294121, max = 0.0539738 (LShoulder)
[2024-10-09 17:54:23.001] [info] Frame 51 (t = 1.73333):	 total squared error = 0.0163857, marker error: RMS = 0.0293668, max = 0.0549709 (LShoulder)
[2024-10-09 17:54:23.073] [info] Frame 52 (t = 1.76667):	 total squared error = 0.0163976, marker error: RMS = 0.0293774, max = 0.0571192 (LShoulder)
[2024-10-09 17:54:23.107] [info] Frame 53 (t = 1.8):	 total squared error = 0.016523, marker error: RMS = 0.0294895, max = 0.0584469 (LShoulder)
[2024-10-09 17:54:23.179] [info] Frame 54 (t = 1.83333):	 total squared error = 0.0165463, marker error: RMS = 0.0295103, max = 0.0600078 (LShoulder)
[2024-10-09 17:54:23.213] [info] Frame 55 (t = 1.86667):	 total squared error = 0.0165627, marker error: RMS = 0.0295249, max = 0.0606772 (LShoulder)
[2024-10-09 17:54:23.261] [info] Frame 56 (t = 1.9):	 total squared error = 0.0165911, marker error: RMS = 0.0295502, max = 0.0609528 (LShoulder)
[2024-10-09 17:54:23.288] [info] Frame 57 (t = 1.93333):	 total squared error = 0.0166878, marker error: RMS = 0.0296362, max = 0.0609587 (LShoulder)
[2024-10-09 17:54:23.371] [info] Frame 58 (t = 1.96667):	 total squared error = 0.0168335, marker error: RMS = 0.0297653, max = 0.0600252 (LShoulder)
[2024-10-09 17:54:23.419] [info] Frame 59 (t = 2.0):	 total squared error = 0.0170157, marker error: RMS = 0.0299259, max = 0.0592278 (LShoulder)
[2024-10-09 17:54:23.486] [info] Frame 60 (t = 2.03333):	 total squared error = 0.0171547, marker error: RMS = 0.0300479, max = 0.0582708 (LShoulder)
[2024-10-09 17:54:23.549] [info] Frame 61 (t = 2.06667):	 total squared error = 0.0171934, marker error: RMS = 0.0300818, max = 0.0572731 (LShoulder)
[2024-10-09 17:54:23.570] [info] Frame 62 (t = 2.1):	 total squared error = 0.017115, marker error: RMS = 0.0300132, max = 0.0561478 (LShoulder)
[2024-10-09 17:54:23.618] [info] Frame 63 (t = 2.13333):	 total squared error = 0.0169717, marker error: RMS = 0.0298873, max = 0.0547093 (LShoulder)
[2024-10-09 17:54:23.697] [info] Frame 64 (t = 2.16667):	 total squared error = 0.0168235, marker error: RMS = 0.0297565, max = 0.0534154 (LShoulder)
[2024-10-09 17:54:23.756] [info] Frame 65 (t = 2.2):	 total squared error = 0.0167917, marker error: RMS = 0.0297283, max = 0.0521682 (LShoulder)
[2024-10-09 17:54:23.876] [info] Frame 66 (t = 2.23333):	 total squared error = 0.0168642, marker error: RMS = 0.0297924, max = 0.0517076 (LShoulder)
[2024-10-09 17:54:23.903] [info] Frame 67 (t = 2.26667):	 total squared error = 0.0170306, marker error: RMS = 0.029939, max = 0.0523549 (LShoulder)
[2024-10-09 17:54:23.930] [info] Frame 68 (t = 2.3):	 total squared error = 0.0172343, marker error: RMS = 0.0301175, max = 0.0536813 (LShoulder)
[2024-10-09 17:54:23.984] [info] Frame 69 (t = 2.33333):	 total squared error = 0.0173653, marker error: RMS = 0.0302318, max = 0.0556609 (LShoulder)
[2024-10-09 17:54:24.041] [info] Frame 70 (t = 2.36667):	 total squared error = 0.0173892, marker error: RMS = 0.0302527, max = 0.0571898 (LShoulder)
[2024-10-09 17:54:24.060] [info] Frame 71 (t = 2.4):	 total squared error = 0.017336, marker error: RMS = 0.0302063, max = 0.0578915 (LShoulder)
[2024-10-09 17:54:24.084] [info] Frame 72 (t = 2.43333):	 total squared error = 0.0171533, marker error: RMS = 0.0300467, max = 0.0582378 (LShoulder)
[2024-10-09 17:54:24.114] [info] Frame 73 (t = 2.46667):	 total squared error = 0.0169060, marker error: RMS = 0.0298294, max = 0.0581845 (LShoulder)
[2024-10-09 17:54:24.146] [info] Frame 74 (t = 2.5):	 total squared error = 0.0166495, marker error: RMS = 0.0296022, max = 0.057697 (LShoulder)
[2024-10-09 17:54:24.204] [info] Frame 75 (t = 2.53333):	 total squared error = 0.016336, marker error: RMS = 0.0293222, max = 0.0575454 (LShoulder)
[2024-10-09 17:54:24.235] [info] Frame 76 (t = 2.56667):	 total squared error = 0.0162193, marker error: RMS = 0.0292172, max = 0.0569943 (LShoulder)
[2024-10-09 17:54:24.317] [info] Frame 77 (t = 2.6):	 total squared error = 0.0162409, marker error: RMS = 0.0292367, max = 0.0574182 (LShoulder)
[2024-10-09 17:54:24.346] [info] Frame 78 (t = 2.63333):	 total squared error = 0.0164546, marker error: RMS = 0.0294284, max = 0.0574014 (LShoulder)
[2024-10-09 17:54:24.406] [info] Frame 79 (t = 2.66667):	 total squared error = 0.0167397, marker error: RMS = 0.0296823, max = 0.0576356 (LShoulder)
[2024-10-09 17:54:24.430] [info] Frame 80 (t = 2.7):	 total squared error = 0.0169542, marker error: RMS = 0.0298718, max = 0.0580353 (LShoulder)
[2024-10-09 17:54:24.536] [info] Frame 81 (t = 2.73333):	 total squared error = 0.0170654, marker error: RMS = 0.0299696, max = 0.0578175 (LShoulder)
[2024-10-09 17:54:24.570] [info] Frame 82 (t = 2.76667):	 total squared error = 0.0170952, marker error: RMS = 0.0299958, max = 0.0581898 (LShoulder)
[2024-10-09 17:54:24.632] [info] Frame 83 (t = 2.8):	 total squared error = 0.0170801, marker error: RMS = 0.0299825, max = 0.0579375 (LShoulder)
[2024-10-09 17:54:24.665] [info] Frame 84 (t = 2.83333):	 total squared error = 0.0171072, marker error: RMS = 0.0300063, max = 0.0580337 (LShoulder)
[2024-10-09 17:54:24.729] [info] Frame 85 (t = 2.86667):	 total squared error = 0.0171497, marker error: RMS = 0.0300435, max = 0.0583022 (LShoulder)
[2024-10-09 17:54:24.799] [info] Frame 86 (t = 2.9):	 total squared error = 0.0171879, marker error: RMS = 0.0300770, max = 0.0584936 (LShoulder)
[2024-10-09 17:54:24.874] [info] Frame 87 (t = 2.93333):	 total squared error = 0.0171934, marker error: RMS = 0.0300818, max = 0.0586464 (LShoulder)
[2024-10-09 17:54:24.905] [info] Frame 88 (t = 2.96667):	 total squared error = 0.0171738, marker error: RMS = 0.0300646, max = 0.0585556 (LShoulder)
[2024-10-09 17:54:24.939] [info] Frame 89 (t = 3.0):	 total squared error = 0.0171293, marker error: RMS = 0.0300257, max = 0.0586889 (LShoulder)
[2024-10-09 17:54:25.035] [info] Frame 90 (t = 3.03333):	 total squared error = 0.0170316, marker error: RMS = 0.0299399, max = 0.059288 (LShoulder)
[2024-10-09 17:54:25.084] [info] Frame 91 (t = 3.06667):	 total squared error = 0.0169823, marker error: RMS = 0.0298966, max = 0.0596044 (LShoulder)
[2024-10-09 17:54:25.132] [info] Frame 92 (t = 3.1):	 total squared error = 0.0169716, marker error: RMS = 0.0298872, max = 0.0598962 (LShoulder)
[2024-10-09 17:54:25.168] [info] Frame 93 (t = 3.13333):	 total squared error = 0.0170061, marker error: RMS = 0.0299175, max = 0.0599982 (LShoulder)
[2024-10-09 17:54:25.265] [info] Frame 94 (t = 3.16667):	 total squared error = 0.0170026, marker error: RMS = 0.0299144, max = 0.0596573 (LShoulder)
[2024-10-09 17:54:25.311] [info] Frame 95 (t = 3.2):	 total squared error = 0.0170254, marker error: RMS = 0.0299345, max = 0.0587117 (LShoulder)
[2024-10-09 17:54:25.342] [info] Frame 96 (t = 3.23333):	 total squared error = 0.0169522, marker error: RMS = 0.02987, max = 0.0570578 (LShoulder)
[2024-10-09 17:54:25.373] [info] Frame 97 (t = 3.26667):	 total squared error = 0.0167428, marker error: RMS = 0.029685, max = 0.0548351 (LShoulder)
[2024-10-09 17:54:25.401] [info] Frame 98 (t = 3.3):	 total squared error = 0.016389, marker error: RMS = 0.0293697, max = 0.0521789 (LShoulder)
[2024-10-09 17:54:25.421] [info] Frame 99 (t = 3.33333):	 total squared error = 0.0159707, marker error: RMS = 0.0289925, max = 0.0497896 (LShoulder)
[2024-10-09 17:54:25.439] [info] Frame 100 (t = 3.36667):	 total squared error = 0.0155198, marker error: RMS = 0.0285802, max = 0.0487552 (LShoulder)
[2024-10-09 17:54:25.514] [info] Frame 101 (t = 3.4):	 total squared error = 0.0150405, marker error: RMS = 0.0281354, max = 0.0491596 (LShoulder)
[2024-10-09 17:54:25.582] [info] Frame 102 (t = 3.43333):	 total squared error = 0.0145717, marker error: RMS = 0.0276935, max = 0.0511602 (LShoulder)
[2024-10-09 17:54:25.616] [info] Frame 103 (t = 3.46667):	 total squared error = 0.0141969, marker error: RMS = 0.0273351, max = 0.053224 (LShoulder)
[2024-10-09 17:54:25.666] [info] Frame 104 (t = 3.5):	 total squared error = 0.0139599, marker error: RMS = 0.0271060, max = 0.0549228 (LShoulder)
[2024-10-09 17:54:25.728] [info] Frame 105 (t = 3.53333):	 total squared error = 0.0139107, marker error: RMS = 0.0270581, max = 0.055441 (LShoulder)
[2024-10-09 17:54:25.749] [info] Frame 106 (t = 3.56667):	 total squared error = 0.0140134, marker error: RMS = 0.0271578, max = 0.0549271 (LShoulder)
[2024-10-09 17:54:25.771] [info] Frame 107 (t = 3.6):	 total squared error = 0.0142306, marker error: RMS = 0.0273674, max = 0.0537743 (LShoulder)
[2024-10-09 17:54:25.833] [info] Frame 108 (t = 3.63333):	 total squared error = 0.0145749, marker error: RMS = 0.0276965, max = 0.0522774 (LShoulder)
[2024-10-09 17:54:25.871] [info] Frame 109 (t = 3.66667):	 total squared error = 0.0150149, marker error: RMS = 0.0281115, max = 0.0517838 (LShoulder)
[2024-10-09 17:54:25.891] [info] Frame 110 (t = 3.7):	 total squared error = 0.0154549, marker error: RMS = 0.0285204, max = 0.0523916 (LShoulder)
[2024-10-09 17:54:25.931] [info] Frame 111 (t = 3.73333):	 total squared error = 0.0157739, marker error: RMS = 0.0288133, max = 0.0540604 (LShoulder)
[2024-10-09 17:54:25.990] [info] Frame 112 (t = 3.76667):	 total squared error = 0.0159194, marker error: RMS = 0.0289458, max = 0.0562302 (LShoulder)
[2024-10-09 17:54:26.019] [info] Frame 113 (t = 3.8):	 total squared error = 0.015918, marker error: RMS = 0.0289446, max = 0.0580990 (LShoulder)
[2024-10-09 17:54:26.088] [info] Frame 114 (t = 3.83333):	 total squared error = 0.0158226, marker error: RMS = 0.0288577, max = 0.0593552 (LShoulder)
[2024-10-09 17:54:26.103] [info] Frame 115 (t = 3.86667):	 total squared error = 0.0157134, marker error: RMS = 0.028758, max = 0.0601783 (LShoulder)
[2024-10-09 17:54:26.179] [info] Frame 116 (t = 3.9):	 total squared error = 0.0156202, marker error: RMS = 0.0286726, max = 0.0600055 (LShoulder)
[2024-10-09 17:54:26.208] [info] Frame 117 (t = 3.93333):	 total squared error = 0.0156072, marker error: RMS = 0.0286606, max = 0.0602570 (LShoulder)
[2024-10-09 17:54:26.268] [info] Frame 118 (t = 3.96667):	 total squared error = 0.015662, marker error: RMS = 0.0287109, max = 0.0595212 (LShoulder)
[2024-10-09 17:54:26.284] [info] Frame 119 (t = 4.0):	 total squared error = 0.0158799, marker error: RMS = 0.02891, max = 0.05939 (LShoulder)
[2024-10-09 17:54:26.322] [info] Frame 120 (t = 4.03333):	 total squared error = 0.0161806, marker error: RMS = 0.0291824, max = 0.0589676 (LShoulder)
[2024-10-09 17:54:26.409] [info] Frame 121 (t = 4.06667):	 total squared error = 0.0164545, marker error: RMS = 0.0294283, max = 0.0593045 (LShoulder)
[2024-10-09 17:54:26.468] [info] Frame 122 (t = 4.1):	 total squared error = 0.0167436, marker error: RMS = 0.0296857, max = 0.0591683 (LShoulder)
[2024-10-09 17:54:26.535] [info] Frame 123 (t = 4.13333):	 total squared error = 0.0169546, marker error: RMS = 0.0298722, max = 0.0589851 (LShoulder)
[2024-10-09 17:54:26.561] [info] Frame 124 (t = 4.16667):	 total squared error = 0.0170151, marker error: RMS = 0.0299254, max = 0.0584561 (LShoulder)
[2024-10-09 17:54:26.587] [info] Frame 125 (t = 4.2):	 total squared error = 0.0168894, marker error: RMS = 0.0298147, max = 0.0575471 (LShoulder)
[2024-10-09 17:54:26.611] [info] Frame 126 (t = 4.23333):	 total squared error = 0.016631, marker error: RMS = 0.0295858, max = 0.0563104 (LShoulder)
[2024-10-09 17:54:26.633] [info] Frame 127 (t = 4.26667):	 total squared error = 0.0163164, marker error: RMS = 0.0293045, max = 0.0548783 (LShoulder)
[2024-10-09 17:54:26.708] [info] Frame 128 (t = 4.3):	 total squared error = 0.0159373, marker error: RMS = 0.0289621, max = 0.0522035 (LShoulder)
[2024-10-09 17:54:26.729] [info] Frame 129 (t = 4.33333):	 total squared error = 0.0155676, marker error: RMS = 0.0286243, max = 0.0501597 (LShoulder)
[2024-10-09 17:54:26.847] [info] Frame 130 (t = 4.36667):	 total squared error = 0.0152611, marker error: RMS = 0.0283411, max = 0.0476037 (Neck)
[2024-10-09 17:54:26.904] [info] Frame 131 (t = 4.4):	 total squared error = 0.015197, marker error: RMS = 0.0282815, max = 0.0495489 (Neck)
[2024-10-09 17:54:26.968] [info] Frame 132 (t = 4.43333):	 total squared error = 0.0153119, marker error: RMS = 0.0283882, max = 0.0507220 (Neck)
[2024-10-09 17:54:26.999] [info] Frame 133 (t = 4.46667):	 total squared error = 0.0154895, marker error: RMS = 0.0285524, max = 0.0506911 (Neck)
[2024-10-09 17:54:27.019] [info] Frame 134 (t = 4.5):	 total squared error = 0.0157096, marker error: RMS = 0.0287545, max = 0.0498353 (Neck)
[2024-10-09 17:54:27.072] [info] Frame 135 (t = 4.53333):	 total squared error = 0.0160121, marker error: RMS = 0.0290300, max = 0.0489669 (Neck)
[2024-10-09 17:54:27.098] [info] Frame 136 (t = 4.56667):	 total squared error = 0.0162933, marker error: RMS = 0.0292839, max = 0.0480093 (LShoulder)
[2024-10-09 17:54:27.146] [info] Frame 137 (t = 4.6):	 total squared error = 0.0165387, marker error: RMS = 0.0295035, max = 0.0501746 (LShoulder)
[2024-10-09 17:54:27.177] [info] Frame 138 (t = 4.63333):	 total squared error = 0.0168637, marker error: RMS = 0.029792, max = 0.0519226 (LShoulder)
[2024-10-09 17:54:27.236] [info] Frame 139 (t = 4.66667):	 total squared error = 0.0171297, marker error: RMS = 0.0300261, max = 0.0543765 (LShoulder)
[2024-10-09 17:54:27.304] [info] Frame 140 (t = 4.7):	 total squared error = 0.0173864, marker error: RMS = 0.0302502, max = 0.056387 (LShoulder)
[2024-10-09 17:54:27.399] [info] Frame 141 (t = 4.73333):	 total squared error = 0.0175578, marker error: RMS = 0.0303990, max = 0.0578307 (LShoulder)
[2024-10-09 17:54:27.467] [info] Frame 142 (t = 4.76667):	 total squared error = 0.0176512, marker error: RMS = 0.0304797, max = 0.0584904 (LShoulder)
[2024-10-09 17:54:27.508] [info] Frame 143 (t = 4.8):	 total squared error = 0.0176633, marker error: RMS = 0.0304901, max = 0.0583263 (LShoulder)
[2024-10-09 17:54:27.584] [info] Frame 144 (t = 4.83333):	 total squared error = 0.0175601, marker error: RMS = 0.0304010, max = 0.0580797 (LShoulder)
[2024-10-09 17:54:27.637] [info] Frame 145 (t = 4.86667):	 total squared error = 0.0173703, marker error: RMS = 0.0302362, max = 0.0573281 (LShoulder)
[2024-10-09 17:54:27.677] [info] Frame 146 (t = 4.9):	 total squared error = 0.0170902, marker error: RMS = 0.0299914, max = 0.0566074 (LShoulder)
[2024-10-09 17:54:27.716] [info] Frame 147 (t = 4.93333):	 total squared error = 0.0167679, marker error: RMS = 0.0297072, max = 0.0557522 (LShoulder)
[2024-10-09 17:54:27.748] [info] Frame 148 (t = 4.96667):	 total squared error = 0.0164728, marker error: RMS = 0.0294447, max = 0.0547974 (LShoulder)
[2024-10-09 17:54:27.781] [info] Frame 149 (t = 5.0):	 total squared error = 0.0162701, marker error: RMS = 0.0292629, max = 0.0539999 (LShoulder)
[2024-10-09 17:54:27.828] [info] Frame 150 (t = 5.03333):	 total squared error = 0.0162183, marker error: RMS = 0.0292163, max = 0.0537971 (LShoulder)
[2024-10-09 17:54:27.864] [info] Frame 151 (t = 5.06667):	 total squared error = 0.0163292, marker error: RMS = 0.0293161, max = 0.0544833 (LShoulder)
[2024-10-09 17:54:27.885] [info] Frame 152 (t = 5.1):	 total squared error = 0.0165593, marker error: RMS = 0.0295219, max = 0.0556991 (LShoulder)
[2024-10-09 17:54:27.915] [info] Frame 153 (t = 5.13333):	 total squared error = 0.0168352, marker error: RMS = 0.0297668, max = 0.0570475 (LShoulder)
[2024-10-09 17:54:28.002] [info] Frame 154 (t = 5.16667):	 total squared error = 0.0170521, marker error: RMS = 0.0299579, max = 0.0574668 (LShoulder)
[2024-10-09 17:54:28.067] [info] Frame 155 (t = 5.2):	 total squared error = 0.0172067, marker error: RMS = 0.0300934, max = 0.0578348 (LShoulder)
[2024-10-09 17:54:28.123] [info] Frame 156 (t = 5.23333):	 total squared error = 0.0172497, marker error: RMS = 0.0301310, max = 0.0578831 (LShoulder)
[2024-10-09 17:54:28.152] [info] Frame 157 (t = 5.26667):	 total squared error = 0.0171889, marker error: RMS = 0.0300779, max = 0.0578203 (LShoulder)
[2024-10-09 17:54:28.266] [info] Frame 158 (t = 5.3):	 total squared error = 0.0170307, marker error: RMS = 0.0299391, max = 0.0570908 (LShoulder)
[2024-10-09 17:54:28.328] [info] Frame 159 (t = 5.33333):	 total squared error = 0.0168305, marker error: RMS = 0.0297626, max = 0.0562351 (LShoulder)
[2024-10-09 17:54:28.382] [info] Frame 160 (t = 5.36667):	 total squared error = 0.0166285, marker error: RMS = 0.0295835, max = 0.0549163 (LShoulder)
[2024-10-09 17:54:28.438] [info] Frame 161 (t = 5.4):	 total squared error = 0.0164508, marker error: RMS = 0.029425, max = 0.0535134 (LShoulder)
[2024-10-09 17:54:28.464] [info] Frame 162 (t = 5.43333):	 total squared error = 0.0163633, marker error: RMS = 0.0293467, max = 0.0520236 (LShoulder)
[2024-10-09 17:54:28.563] [info] Frame 163 (t = 5.46667):	 total squared error = 0.0162536, marker error: RMS = 0.0292481, max = 0.0517178 (LShoulder)
[2024-10-09 17:54:28.624] [info] Frame 164 (t = 5.5):	 total squared error = 0.0161904, marker error: RMS = 0.0291912, max = 0.0515494 (LShoulder)
[2024-10-09 17:54:28.652] [info] Frame 165 (t = 5.53333):	 total squared error = 0.0160751, marker error: RMS = 0.0290871, max = 0.0517058 (LShoulder)
[2024-10-09 17:54:28.692] [info] Frame 166 (t = 5.56667):	 total squared error = 0.0158688, marker error: RMS = 0.0288998, max = 0.0516557 (LShoulder)
[2024-10-09 17:54:28.727] [info] Frame 167 (t = 5.6):	 total squared error = 0.0156236, marker error: RMS = 0.0286757, max = 0.0510629 (LShoulder)
[2024-10-09 17:54:28.789] [info] Frame 168 (t = 5.63333):	 total squared error = 0.0154293, marker error: RMS = 0.0284968, max = 0.0501033 (LShoulder)
[2024-10-09 17:54:28.815] [info] Frame 169 (t = 5.66667):	 total squared error = 0.0154135, marker error: RMS = 0.0284822, max = 0.0499902 (LShoulder)
[2024-10-09 17:54:28.851] [info] Frame 170 (t = 5.7):	 total squared error = 0.0155529, marker error: RMS = 0.0286107, max = 0.0507416 (LShoulder)
[2024-10-09 17:54:28.870] [info] Frame 171 (t = 5.73333):	 total squared error = 0.0158251, marker error: RMS = 0.02886, max = 0.0523356 (LShoulder)
[2024-10-09 17:54:28.906] [info] Frame 172 (t = 5.76667):	 total squared error = 0.0160816, marker error: RMS = 0.0290929, max = 0.0539982 (LShoulder)
[2024-10-09 17:54:29.016] [info] Frame 173 (t = 5.8):	 total squared error = 0.0163456, marker error: RMS = 0.0293308, max = 0.0559887 (LShoulder)
[2024-10-09 17:54:29.037] [info] Frame 174 (t = 5.83333):	 total squared error = 0.0165875, marker error: RMS = 0.029547, max = 0.0570515 (LShoulder)
[2024-10-09 17:54:29.068] [info] Frame 175 (t = 5.86667):	 total squared error = 0.016724, marker error: RMS = 0.0296683, max = 0.0575439 (LShoulder)
[2024-10-09 17:54:29.099] [info] Frame 176 (t = 5.9):	 total squared error = 0.0168355, marker error: RMS = 0.029767, max = 0.0577249 (LShoulder)
[2024-10-09 17:54:29.147] [info] Frame 177 (t = 5.93333):	 total squared error = 0.0169467, marker error: RMS = 0.0298652, max = 0.0577187 (LShoulder)
[2024-10-09 17:54:29.192] [info] Frame 178 (t = 5.96667):	 total squared error = 0.0170936, marker error: RMS = 0.0299944, max = 0.0576737 (LShoulder)
[2024-10-09 17:54:29.209] [info] Frame 179 (t = 6.0):	 total squared error = 0.0172794, marker error: RMS = 0.0301569, max = 0.0576704 (LShoulder)
[2024-10-09 17:54:29.239] [info] Frame 180 (t = 6.03333):	 total squared error = 0.0174151, marker error: RMS = 0.0302751, max = 0.0574685 (LShoulder)
[2024-10-09 17:54:29.270] [info] Frame 181 (t = 6.06667):	 total squared error = 0.0173233, marker error: RMS = 0.0301952, max = 0.0568102 (LShoulder)
[2024-10-09 17:54:29.396] [info] Frame 182 (t = 6.1):	 total squared error = 0.0168188, marker error: RMS = 0.0297523, max = 0.0556904 (LShoulder)
[2024-10-09 17:54:29.416] [info] Frame 183 (t = 6.13333):	 total squared error = 0.0159878, marker error: RMS = 0.0290080, max = 0.0532789 (LShoulder)
[2024-10-09 17:54:29.470] [info] Frame 184 (t = 6.16667):	 total squared error = 0.0149104, marker error: RMS = 0.0280135, max = 0.0500838 (LShoulder)
[2024-10-09 17:54:29.510] [info] Frame 185 (t = 6.2):	 total squared error = 0.0138411, marker error: RMS = 0.0269903, max = 0.0463787 (LShoulder)
[2024-10-09 17:54:29.551] [info] Frame 186 (t = 6.23333):	 total squared error = 0.012971, marker error: RMS = 0.0261282, max = 0.0430752 (LShoulder)
[2024-10-09 17:54:29.616] [info] Frame 187 (t = 6.26667):	 total squared error = 0.0123967, marker error: RMS = 0.0255433, max = 0.0405735 (LShoulder)
[2024-10-09 17:54:29.638] [info] Frame 188 (t = 6.3):	 total squared error = 0.0121802, marker error: RMS = 0.0253192, max = 0.0389306 (LShoulder)
[2024-10-09 17:54:29.667] [info] Frame 189 (t = 6.33333):	 total squared error = 0.0122918, marker error: RMS = 0.025435, max = 0.0388364 (LShoulder)
[2024-10-09 17:54:29.693] [info] Frame 190 (t = 6.36667):	 total squared error = 0.0127583, marker error: RMS = 0.0259131, max = 0.0408444 (LShoulder)
[2024-10-09 17:54:29.722] [info] Frame 191 (t = 6.4):	 total squared error = 0.0134952, marker error: RMS = 0.026651, max = 0.0447504 (LShoulder)
[2024-10-09 17:54:29.781] [info] Frame 192 (t = 6.43333):	 total squared error = 0.0143588, marker error: RMS = 0.0274905, max = 0.0489469 (LShoulder)
[2024-10-09 17:54:29.812] [info] Frame 193 (t = 6.46667):	 total squared error = 0.0151322, marker error: RMS = 0.0282211, max = 0.0531282 (LShoulder)
[2024-10-09 17:54:29.908] [info] Frame 194 (t = 6.5):	 total squared error = 0.0154966, marker error: RMS = 0.0285589, max = 0.0551832 (LShoulder)
[2024-10-09 17:54:29.934] [info] Frame 195 (t = 6.53333):	 total squared error = 0.0154022, marker error: RMS = 0.0284718, max = 0.0558106 (LShoulder)
[2024-10-09 17:54:30.028] [info] Frame 196 (t = 6.56667):	 total squared error = 0.0148589, marker error: RMS = 0.0279651, max = 0.0550420 (LShoulder)
[2024-10-09 17:54:30.045] [info] Frame 197 (t = 6.6):	 total squared error = 0.0141713, marker error: RMS = 0.0273104, max = 0.0527379 (LShoulder)
[2024-10-09 17:54:30.114] [info] Frame 198 (t = 6.63333):	 total squared error = 0.0135465, marker error: RMS = 0.0267015, max = 0.0507355 (LShoulder)
[2024-10-09 17:54:30.166] [info] Frame 199 (t = 6.66667):	 total squared error = 0.0131109, marker error: RMS = 0.0262687, max = 0.0478495 (LShoulder)
[2024-10-09 17:54:30.185] [info] Frame 200 (t = 6.7):	 total squared error = 0.0129067, marker error: RMS = 0.0260634, max = 0.0448627 (LShoulder)
[2024-10-09 17:54:30.244] [info] Frame 201 (t = 6.73333):	 total squared error = 0.0128945, marker error: RMS = 0.0260511, max = 0.0433945 (LShoulder)
[2024-10-09 17:54:30.266] [info] Frame 202 (t = 6.76667):	 total squared error = 0.013138, marker error: RMS = 0.0262959, max = 0.0437896 (LShoulder)
[2024-10-09 17:54:30.333] [info] Frame 203 (t = 6.8):	 total squared error = 0.0135347, marker error: RMS = 0.0266899, max = 0.0459757 (LShoulder)
[2024-10-09 17:54:30.360] [info] Frame 204 (t = 6.83333):	 total squared error = 0.0140771, marker error: RMS = 0.0272194, max = 0.0494607 (LShoulder)
[2024-10-09 17:54:30.419] [info] Frame 205 (t = 6.86667):	 total squared error = 0.0145145, marker error: RMS = 0.0276392, max = 0.0520249 (LShoulder)
[2024-10-09 17:54:30.440] [info] Frame 206 (t = 6.9):	 total squared error = 0.0146202, marker error: RMS = 0.0277396, max = 0.0534321 (LShoulder)
[2024-10-09 17:54:30.460] [info] Frame 207 (t = 6.93333):	 total squared error = 0.0143351, marker error: RMS = 0.0274678, max = 0.0531639 (LShoulder)
[2024-10-09 17:54:30.479] [info] Frame 208 (t = 6.96667):	 total squared error = 0.0137571, marker error: RMS = 0.0269083, max = 0.0516819 (LShoulder)
[2024-10-09 17:54:30.524] [info] Frame 209 (t = 7.0):	 total squared error = 0.0130849, marker error: RMS = 0.0262427, max = 0.0505753 (LShoulder)
[2024-10-09 17:54:30.550] [info] Frame 210 (t = 7.03333):	 total squared error = 0.0126599, marker error: RMS = 0.025813, max = 0.0499621 (LShoulder)
[2024-10-09 17:54:30.617] [info] Frame 211 (t = 7.06667):	 total squared error = 0.0124734, marker error: RMS = 0.0256221, max = 0.0500565 (LShoulder)
[2024-10-09 17:54:30.671] [info] Frame 212 (t = 7.1):	 total squared error = 0.012497, marker error: RMS = 0.0256464, max = 0.0506983 (LShoulder)
[2024-10-09 17:54:30.700] [info] Frame 213 (t = 7.13333):	 total squared error = 0.0126111, marker error: RMS = 0.0257632, max = 0.0514513 (LShoulder)
[2024-10-09 17:54:30.744] [info] Frame 214 (t = 7.16667):	 total squared error = 0.0128049, marker error: RMS = 0.0259604, max = 0.0522119 (LShoulder)
[2024-10-09 17:54:30.766] [info] Frame 215 (t = 7.2):	 total squared error = 0.0131365, marker error: RMS = 0.0262943, max = 0.0536512 (LShoulder)
[2024-10-09 17:54:30.800] [info] Frame 216 (t = 7.23333):	 total squared error = 0.0136123, marker error: RMS = 0.0267663, max = 0.0553267 (LShoulder)
[2024-10-09 17:54:30.829] [info] Frame 217 (t = 7.26667):	 total squared error = 0.0141269, marker error: RMS = 0.0272676, max = 0.0568469 (LShoulder)
[2024-10-09 17:54:30.850] [info] Frame 218 (t = 7.3):	 total squared error = 0.0145189, marker error: RMS = 0.0276433, max = 0.0579021 (LShoulder)
[2024-10-09 17:54:30.867] [info] Frame 219 (t = 7.33333):	 total squared error = 0.0146663, marker error: RMS = 0.0277833, max = 0.0582019 (LShoulder)
[2024-10-09 17:54:30.938] [info] Frame 220 (t = 7.36667):	 total squared error = 0.0144461, marker error: RMS = 0.0275739, max = 0.0580641 (LShoulder)
[2024-10-09 17:54:30.968] [info] Frame 221 (t = 7.4):	 total squared error = 0.0141346, marker error: RMS = 0.027275, max = 0.0570362 (LShoulder)
[2024-10-09 17:54:30.998] [info] Frame 222 (t = 7.43333):	 total squared error = 0.0138497, marker error: RMS = 0.0269987, max = 0.0556585 (LShoulder)
[2024-10-09 17:54:31.066] [info] Frame 223 (t = 7.46667):	 total squared error = 0.0137569, marker error: RMS = 0.0269081, max = 0.0545015 (LShoulder)
[2024-10-09 17:54:31.083] [info] Frame 224 (t = 7.5):	 total squared error = 0.013978, marker error: RMS = 0.0271235, max = 0.0540213 (LShoulder)
[2024-10-09 17:54:31.116] [info] Frame 225 (t = 7.53333):	 total squared error = 0.0144016, marker error: RMS = 0.0275314, max = 0.0545796 (LShoulder)
[2024-10-09 17:54:31.136] [info] Frame 226 (t = 7.56667):	 total squared error = 0.0148817, marker error: RMS = 0.0279865, max = 0.0559022 (LShoulder)
[2024-10-09 17:54:31.192] [info] Frame 227 (t = 7.6):	 total squared error = 0.0151872, marker error: RMS = 0.0282724, max = 0.0569787 (LShoulder)
[2024-10-09 17:54:31.225] [info] Frame 228 (t = 7.63333):	 total squared error = 0.0152826, marker error: RMS = 0.028361, max = 0.0579681 (LShoulder)
[2024-10-09 17:54:31.264] [info] Frame 229 (t = 7.66667):	 total squared error = 0.0151925, marker error: RMS = 0.0282773, max = 0.0585080 (LShoulder)
[2024-10-09 17:54:31.283] [info] Frame 230 (t = 7.7):	 total squared error = 0.0150194, marker error: RMS = 0.0281157, max = 0.0584652 (LShoulder)
[2024-10-09 17:54:31.327] [info] Frame 231 (t = 7.73333):	 total squared error = 0.0148318, marker error: RMS = 0.0279396, max = 0.0582469 (LShoulder)
[2024-10-09 17:54:31.358] [info] Frame 232 (t = 7.76667):	 total squared error = 0.0147109, marker error: RMS = 0.0278255, max = 0.0577368 (LShoulder)
[2024-10-09 17:54:31.422] [info] Frame 233 (t = 7.8):	 total squared error = 0.0146779, marker error: RMS = 0.0277942, max = 0.057421 (LShoulder)
[2024-10-09 17:54:31.456] [info] Frame 234 (t = 7.83333):	 total squared error = 0.0147336, marker error: RMS = 0.0278469, max = 0.0571719 (LShoulder)
[2024-10-09 17:54:31.492] [info] Frame 235 (t = 7.86667):	 total squared error = 0.0148509, marker error: RMS = 0.0279576, max = 0.057123 (LShoulder)
[2024-10-09 17:54:31.520] [info] Frame 236 (t = 7.9):	 total squared error = 0.0150377, marker error: RMS = 0.0281328, max = 0.0571758 (LShoulder)
[2024-10-09 17:54:31.549] [info] Frame 237 (t = 7.93333):	 total squared error = 0.0152978, marker error: RMS = 0.0283751, max = 0.057243 (LShoulder)
[2024-10-09 17:54:31.609] [info] Frame 238 (t = 7.96667):	 total squared error = 0.0155636, marker error: RMS = 0.0286205, max = 0.0574421 (LShoulder)
[2024-10-09 17:54:31.632] [info] Frame 239 (t = 8.0):	 total squared error = 0.0157529, marker error: RMS = 0.0287941, max = 0.057667 (LShoulder)
[2024-10-09 17:54:31.679] [info] Frame 240 (t = 8.03333):	 total squared error = 0.0157464, marker error: RMS = 0.0287882, max = 0.0576833 (LShoulder)
[2024-10-09 17:54:31.701] [info] Frame 241 (t = 8.06667):	 total squared error = 0.0156152, marker error: RMS = 0.028668, max = 0.0578129 (LShoulder)
[2024-10-09 17:54:31.746] [info] Frame 242 (t = 8.1):	 total squared error = 0.0154099, marker error: RMS = 0.0284789, max = 0.0582067 (LShoulder)
[2024-10-09 17:54:31.796] [info] Frame 243 (t = 8.13333):	 total squared error = 0.015215, marker error: RMS = 0.0282983, max = 0.0580910 (LShoulder)
[2024-10-09 17:54:31.826] [info] Frame 244 (t = 8.16667):	 total squared error = 0.0150560, marker error: RMS = 0.02815, max = 0.058286 (LShoulder)
[2024-10-09 17:54:31.864] [info] Frame 245 (t = 8.2):	 total squared error = 0.0149878, marker error: RMS = 0.0280862, max = 0.0584557 (LShoulder)
[2024-10-09 17:54:31.895] [info] Frame 246 (t = 8.23333):	 total squared error = 0.0150552, marker error: RMS = 0.0281492, max = 0.0584578 (LShoulder)
[2024-10-09 17:54:31.941] [info] Frame 247 (t = 8.26667):	 total squared error = 0.0151295, marker error: RMS = 0.0282186, max = 0.0585529 (LShoulder)
[2024-10-09 17:54:31.959] [info] Frame 248 (t = 8.3):	 total squared error = 0.0152031, marker error: RMS = 0.0282872, max = 0.0586599 (LShoulder)
[2024-10-09 17:54:32.040] [info] Frame 249 (t = 8.33333):	 total squared error = 0.0151605, marker error: RMS = 0.0282475, max = 0.0581617 (LShoulder)
[2024-10-09 17:54:32.065] [info] Frame 250 (t = 8.36667):	 total squared error = 0.0150179, marker error: RMS = 0.0281144, max = 0.0579469 (LShoulder)
[2024-10-09 17:54:32.148] [info] Frame 251 (t = 8.4):	 total squared error = 0.0147354, marker error: RMS = 0.0278487, max = 0.0569289 (LShoulder)
[2024-10-09 17:54:32.179] [info] Frame 252 (t = 8.43333):	 total squared error = 0.0143924, marker error: RMS = 0.0275226, max = 0.0563265 (LShoulder)
[2024-10-09 17:54:32.210] [info] Frame 253 (t = 8.46667):	 total squared error = 0.0140075, marker error: RMS = 0.0271521, max = 0.0557133 (LShoulder)
[2024-10-09 17:54:32.271] [info] Frame 254 (t = 8.5):	 total squared error = 0.0136082, marker error: RMS = 0.0267623, max = 0.0549489 (LShoulder)
[2024-10-09 17:54:32.300] [info] Frame 255 (t = 8.53333):	 total squared error = 0.0132417, marker error: RMS = 0.0263995, max = 0.0541812 (LShoulder)
[2024-10-09 17:54:32.329] [info] Frame 256 (t = 8.56667):	 total squared error = 0.0129834, marker error: RMS = 0.0261407, max = 0.053265 (LShoulder)
[2024-10-09 17:54:32.408] [info] Frame 257 (t = 8.6):	 total squared error = 0.0127095, marker error: RMS = 0.0258635, max = 0.05353 (LShoulder)
[2024-10-09 17:54:32.454] [info] Frame 258 (t = 8.63333):	 total squared error = 0.0126135, marker error: RMS = 0.0257656, max = 0.0535464 (LShoulder)
[2024-10-09 17:54:32.501] [info] Frame 259 (t = 8.66667):	 total squared error = 0.0125277, marker error: RMS = 0.0256778, max = 0.0536416 (LShoulder)
[2024-10-09 17:54:32.530] [info] Frame 260 (t = 8.7):	 total squared error = 0.012451, marker error: RMS = 0.0255992, max = 0.0533127 (LShoulder)
[2024-10-09 17:54:32.641] [info] Frame 261 (t = 8.73333):	 total squared error = 0.0124132, marker error: RMS = 0.0255603, max = 0.0518182 (LShoulder)
[2024-10-09 17:54:32.666] [info] Frame 262 (t = 8.76667):	 total squared error = 0.0124773, marker error: RMS = 0.0256262, max = 0.0511146 (LShoulder)
[2024-10-09 17:54:32.717] [info] Frame 263 (t = 8.8):	 total squared error = 0.0127062, marker error: RMS = 0.0258601, max = 0.0507592 (LShoulder)
[2024-10-09 17:54:32.741] [info] Frame 264 (t = 8.83333):	 total squared error = 0.0130649, marker error: RMS = 0.0262226, max = 0.0517664 (LShoulder)
[2024-10-09 17:54:32.773] [info] Frame 265 (t = 8.86667):	 total squared error = 0.0135138, marker error: RMS = 0.0266693, max = 0.0532388 (LShoulder)
[2024-10-09 17:54:32.813] [info] Frame 266 (t = 8.9):	 total squared error = 0.0139382, marker error: RMS = 0.0270849, max = 0.0546063 (LShoulder)
[2024-10-09 17:54:32.842] [info] Frame 267 (t = 8.93333):	 total squared error = 0.014327, marker error: RMS = 0.02746, max = 0.0555086 (LShoulder)
[2024-10-09 17:54:32.899] [info] Frame 268 (t = 8.96667):	 total squared error = 0.0146401, marker error: RMS = 0.0277584, max = 0.0554603 (LShoulder)
[2024-10-09 17:54:32.940] [info] Frame 269 (t = 9.0):	 total squared error = 0.0148903, marker error: RMS = 0.0279947, max = 0.0556487 (LShoulder)
[2024-10-09 17:54:33.048] [info] Frame 270 (t = 9.03333):	 total squared error = 0.0150437, marker error: RMS = 0.0281385, max = 0.0557298 (LShoulder)
[2024-10-09 17:54:33.067] [info] Frame 271 (t = 9.06667):	 total squared error = 0.0151175, marker error: RMS = 0.0282074, max = 0.0561524 (LShoulder)
[2024-10-09 17:54:33.119] [info] Frame 272 (t = 9.1):	 total squared error = 0.0151541, marker error: RMS = 0.0282416, max = 0.0564475 (LShoulder)
[2024-10-09 17:54:33.153] [info] Frame 273 (t = 9.13333):	 total squared error = 0.0152197, marker error: RMS = 0.0283026, max = 0.0565949 (LShoulder)
[2024-10-09 17:54:33.203] [info] Frame 274 (t = 9.16667):	 total squared error = 0.0152364, marker error: RMS = 0.0283181, max = 0.0569448 (LShoulder)
[2024-10-09 17:54:33.251] [info] Frame 275 (t = 9.2):	 total squared error = 0.0151642, marker error: RMS = 0.028251, max = 0.057138 (LShoulder)
[2024-10-09 17:54:33.332] [info] Frame 276 (t = 9.23333):	 total squared error = 0.0149521, marker error: RMS = 0.0280527, max = 0.0573539 (LShoulder)
[2024-10-09 17:54:33.363] [info] Frame 277 (t = 9.26667):	 total squared error = 0.0146836, marker error: RMS = 0.0277996, max = 0.0569411 (LShoulder)
[2024-10-09 17:54:33.459] [info] Frame 278 (t = 9.3):	 total squared error = 0.0143033, marker error: RMS = 0.0274373, max = 0.0574873 (LShoulder)
[2024-10-09 17:54:33.512] [info] Frame 279 (t = 9.33333):	 total squared error = 0.0140098, marker error: RMS = 0.0271543, max = 0.0575479 (LShoulder)
[2024-10-09 17:54:33.545] [info] Frame 280 (t = 9.36667):	 total squared error = 0.013856, marker error: RMS = 0.0270049, max = 0.057776 (LShoulder)
[2024-10-09 17:54:33.645] [info] Frame 281 (t = 9.4):	 total squared error = 0.0138255, marker error: RMS = 0.0269752, max = 0.0579039 (LShoulder)
[2024-10-09 17:54:33.675] [info] Frame 282 (t = 9.43333):	 total squared error = 0.0139584, marker error: RMS = 0.0271045, max = 0.0584889 (LShoulder)
[2024-10-09 17:54:33.699] [info] Frame 283 (t = 9.46667):	 total squared error = 0.0141497, marker error: RMS = 0.0272895, max = 0.0590475 (LShoulder)
[2024-10-09 17:54:33.833] [info] Frame 284 (t = 9.5):	 total squared error = 0.0141478, marker error: RMS = 0.0272878, max = 0.0586133 (LShoulder)
[2024-10-09 17:54:33.866] [info] Frame 285 (t = 9.53333):	 total squared error = 0.0142114, marker error: RMS = 0.027349, max = 0.0588075 (LShoulder)
[2024-10-09 17:54:33.897] [info] Frame 286 (t = 9.56667):	 total squared error = 0.0142179, marker error: RMS = 0.0273552, max = 0.0588878 (LShoulder)
[2024-10-09 17:54:33.950] [info] Frame 287 (t = 9.6):	 total squared error = 0.0141896, marker error: RMS = 0.027328, max = 0.0591504 (LShoulder)
[2024-10-09 17:54:34.004] [info] Frame 288 (t = 9.63333):	 total squared error = 0.0142027, marker error: RMS = 0.0273407, max = 0.0590987 (LShoulder)
[2024-10-09 17:54:34.059] [info] Frame 289 (t = 9.66667):	 total squared error = 0.014242, marker error: RMS = 0.0273784, max = 0.0587551 (LShoulder)
[2024-10-09 17:54:34.090] [info] Frame 290 (t = 9.7):	 total squared error = 0.0142803, marker error: RMS = 0.0274152, max = 0.0582686 (LShoulder)
[2024-10-09 17:54:34.140] [info] Frame 291 (t = 9.73333):	 total squared error = 0.0142146, marker error: RMS = 0.0273521, max = 0.0573503 (LShoulder)
[2024-10-09 17:54:34.166] [info] Frame 292 (t = 9.76667):	 total squared error = 0.0140914, marker error: RMS = 0.0272333, max = 0.056161 (LShoulder)
[2024-10-09 17:54:34.192] [info] Frame 293 (t = 9.8):	 total squared error = 0.0139246, marker error: RMS = 0.0270716, max = 0.0546222 (LShoulder)
[2024-10-09 17:54:34.316] [info] Frame 294 (t = 9.83333):	 total squared error = 0.0136707, marker error: RMS = 0.0268237, max = 0.0539051 (LShoulder)
[2024-10-09 17:54:34.348] [info] Frame 295 (t = 9.86667):	 total squared error = 0.0135567, marker error: RMS = 0.0267116, max = 0.0530682 (LShoulder)
[2024-10-09 17:54:34.382] [info] Frame 296 (t = 9.9):	 total squared error = 0.0135234, marker error: RMS = 0.0266788, max = 0.0530232 (LShoulder)
[2024-10-09 17:54:34.469] [info] Frame 297 (t = 9.93333):	 total squared error = 0.0134876, marker error: RMS = 0.0266435, max = 0.0530102 (LShoulder)
[2024-10-09 17:54:34.525] [info] Frame 298 (t = 9.96667):	 total squared error = 0.0134895, marker error: RMS = 0.0266453, max = 0.0530767 (LShoulder)
[2024-10-09 17:54:34.581] [info] Frame 299 (t = 10.0):	 total squared error = 0.0135738, marker error: RMS = 0.0267285, max = 0.0532889 (LShoulder)
[2024-10-09 17:54:34.630] [info] Frame 300 (t = 10.0333):	 total squared error = 0.0137621, marker error: RMS = 0.0269132, max = 0.0539922 (LShoulder)
[2024-10-09 17:54:34.656] [info] Frame 301 (t = 10.0667):	 total squared error = 0.0139523, marker error: RMS = 0.0270986, max = 0.0551872 (LShoulder)
[2024-10-09 17:54:34.700] [info] Frame 302 (t = 10.1):	 total squared error = 0.013997, marker error: RMS = 0.0271419, max = 0.0555434 (LShoulder)
[2024-10-09 17:54:34.762] [info] Frame 303 (t = 10.1333):	 total squared error = 0.0138465, marker error: RMS = 0.0269956, max = 0.0555751 (LShoulder)
[2024-10-09 17:54:34.813] [info] Frame 304 (t = 10.1667):	 total squared error = 0.0134868, marker error: RMS = 0.0266427, max = 0.0547583 (LShoulder)
[2024-10-09 17:54:34.896] [info] Frame 305 (t = 10.2):	 total squared error = 0.0129631, marker error: RMS = 0.0261203, max = 0.0531644 (LShoulder)
[2024-10-09 17:54:34.990] [info] Frame 306 (t = 10.2333):	 total squared error = 0.0124272, marker error: RMS = 0.0255746, max = 0.0511233 (LShoulder)
[2024-10-09 17:54:35.011] [info] Frame 307 (t = 10.2667):	 total squared error = 0.0121103, marker error: RMS = 0.0252465, max = 0.0485739 (LShoulder)
[2024-10-09 17:54:35.094] [info] Frame 308 (t = 10.3):	 total squared error = 0.0118624, marker error: RMS = 0.0249868, max = 0.047715 (LShoulder)
[2024-10-09 17:54:35.112] [info] Frame 309 (t = 10.3333):	 total squared error = 0.0119247, marker error: RMS = 0.0250523, max = 0.0472056 (LShoulder)
[2024-10-09 17:54:35.193] [info] Frame 310 (t = 10.3667):	 total squared error = 0.0121674, marker error: RMS = 0.0253059, max = 0.0473899 (LShoulder)
[2024-10-09 17:54:35.273] [info] Frame 311 (t = 10.4):	 total squared error = 0.0126491, marker error: RMS = 0.0258020, max = 0.0488568 (LShoulder)
[2024-10-09 17:54:35.342] [info] Frame 312 (t = 10.4333):	 total squared error = 0.0133593, marker error: RMS = 0.0265164, max = 0.0511316 (LShoulder)
[2024-10-09 17:54:35.399] [info] Frame 313 (t = 10.4667):	 total squared error = 0.0141853, marker error: RMS = 0.0273239, max = 0.0536103 (LShoulder)
[2024-10-09 17:54:35.446] [info] Frame 314 (t = 10.5):	 total squared error = 0.014886, marker error: RMS = 0.0279906, max = 0.0554583 (LShoulder)
[2024-10-09 17:54:35.469] [info] Frame 315 (t = 10.5333):	 total squared error = 0.0152688, marker error: RMS = 0.0283482, max = 0.056791 (LShoulder)
[2024-10-09 17:54:35.498] [info] Frame 316 (t = 10.5667):	 total squared error = 0.0153421, marker error: RMS = 0.0284162, max = 0.0571685 (LShoulder)
[2024-10-09 17:54:35.549] [info] Frame 317 (t = 10.6):	 total squared error = 0.0152008, marker error: RMS = 0.0282851, max = 0.0577951 (LShoulder)
[2024-10-09 17:54:35.600] [info] Frame 318 (t = 10.6333):	 total squared error = 0.0150044, marker error: RMS = 0.0281016, max = 0.0581625 (LShoulder)
[2024-10-09 17:54:35.675] [info] Frame 319 (t = 10.6667):	 total squared error = 0.0147704, marker error: RMS = 0.0278817, max = 0.0585188 (LShoulder)
[2024-10-09 17:54:35.693] [info] Frame 320 (t = 10.7):	 total squared error = 0.0146092, marker error: RMS = 0.0277291, max = 0.0583093 (LShoulder)
[2024-10-09 17:54:35.773] [info] Frame 321 (t = 10.7333):	 total squared error = 0.0144437, marker error: RMS = 0.0275717, max = 0.0585937 (LShoulder)
[2024-10-09 17:54:35.793] [info] Frame 322 (t = 10.7667):	 total squared error = 0.0144316, marker error: RMS = 0.02756, max = 0.0585717 (LShoulder)
[2024-10-09 17:54:35.860] [info] Frame 323 (t = 10.8):	 total squared error = 0.0144581, marker error: RMS = 0.0275854, max = 0.0581484 (LShoulder)
[2024-10-09 17:54:35.888] [info] Frame 324 (t = 10.8333):	 total squared error = 0.0145438, marker error: RMS = 0.027667, max = 0.0579876 (LShoulder)
[2024-10-09 17:54:35.910] [info] Frame 325 (t = 10.8667):	 total squared error = 0.0147147, marker error: RMS = 0.0278291, max = 0.0577685 (LShoulder)
[2024-10-09 17:54:35.974] [info] Frame 326 (t = 10.9):	 total squared error = 0.0149506, marker error: RMS = 0.0280513, max = 0.0575543 (LShoulder)
[2024-10-09 17:54:35.993] [info] Frame 327 (t = 10.9333):	 total squared error = 0.0152203, marker error: RMS = 0.0283031, max = 0.0573969 (LShoulder)
[2024-10-09 17:54:36.070] [info] Frame 328 (t = 10.9667):	 total squared error = 0.0153789, marker error: RMS = 0.0284502, max = 0.0576012 (LShoulder)
[2024-10-09 17:54:36.119] [info] Frame 329 (t = 11.0):	 total squared error = 0.0153652, marker error: RMS = 0.0284375, max = 0.0578645 (LShoulder)
[2024-10-09 17:54:36.173] [info] Frame 330 (t = 11.0333):	 total squared error = 0.0151258, marker error: RMS = 0.0282151, max = 0.0581168 (LShoulder)
[2024-10-09 17:54:36.207] [info] Frame 331 (t = 11.0667):	 total squared error = 0.0147487, marker error: RMS = 0.0278613, max = 0.0583192 (LShoulder)
[2024-10-09 17:54:36.264] [info] Frame 332 (t = 11.1):	 total squared error = 0.0143122, marker error: RMS = 0.0274458, max = 0.0578009 (LShoulder)
[2024-10-09 17:54:36.284] [info] Frame 333 (t = 11.1333):	 total squared error = 0.0139945, marker error: RMS = 0.0271395, max = 0.0572705 (LShoulder)
[2024-10-09 17:54:36.343] [info] Frame 334 (t = 11.1667):	 total squared error = 0.0137955, marker error: RMS = 0.0269458, max = 0.0556377 (LShoulder)
[2024-10-09 17:54:36.369] [info] Frame 335 (t = 11.2):	 total squared error = 0.0139756, marker error: RMS = 0.0271212, max = 0.054782 (LShoulder)
[2024-10-09 17:54:36.442] [info] Frame 336 (t = 11.2333):	 total squared error = 0.0144941, marker error: RMS = 0.0276197, max = 0.0541291 (LShoulder)
[2024-10-09 17:54:36.490] [info] Frame 337 (t = 11.2667):	 total squared error = 0.0151535, marker error: RMS = 0.028241, max = 0.0548145 (LShoulder)
[2024-10-09 17:54:36.513] [info] Frame 338 (t = 11.3):	 total squared error = 0.0155979, marker error: RMS = 0.0286521, max = 0.0562487 (LShoulder)
[2024-10-09 17:54:36.539] [info] Frame 339 (t = 11.3333):	 total squared error = 0.0156177, marker error: RMS = 0.0286702, max = 0.0573644 (LShoulder)
[2024-10-09 17:54:36.598] [info] Frame 340 (t = 11.3667):	 total squared error = 0.015196, marker error: RMS = 0.0282805, max = 0.0580905 (LShoulder)
[2024-10-09 17:54:36.623] [info] Frame 341 (t = 11.4):	 total squared error = 0.0145998, marker error: RMS = 0.0277202, max = 0.0579309 (LShoulder)
[2024-10-09 17:54:36.688] [info] Frame 342 (t = 11.4333):	 total squared error = 0.0138944, marker error: RMS = 0.0270423, max = 0.0583145 (LShoulder)
[2024-10-09 17:54:36.707] [info] Frame 343 (t = 11.4667):	 total squared error = 0.0134864, marker error: RMS = 0.0266423, max = 0.0576302 (LShoulder)
[2024-10-09 17:54:36.725] [info] Frame 344 (t = 11.5):	 total squared error = 0.0134464, marker error: RMS = 0.0266028, max = 0.0571738 (LShoulder)
[2024-10-09 17:54:36.748] [info] Frame 345 (t = 11.5333):	 total squared error = 0.0137491, marker error: RMS = 0.0269005, max = 0.0569841 (LShoulder)
[2024-10-09 17:54:36.832] [info] Frame 346 (t = 11.5667):	 total squared error = 0.0141839, marker error: RMS = 0.0273225, max = 0.0564276 (LShoulder)
[2024-10-09 17:54:36.888] [info] Frame 347 (t = 11.6):	 total squared error = 0.0145382, marker error: RMS = 0.0276617, max = 0.0559316 (LShoulder)
[2024-10-09 17:54:36.956] [info] Frame 348 (t = 11.6333):	 total squared error = 0.0145796, marker error: RMS = 0.0277010, max = 0.0553349 (LShoulder)
[2024-10-09 17:54:37.012] [info] Frame 349 (t = 11.6667):	 total squared error = 0.0141794, marker error: RMS = 0.0273182, max = 0.0547037 (LShoulder)
[2024-10-09 17:54:37.074] [info] Frame 350 (t = 11.7):	 total squared error = 0.0133908, marker error: RMS = 0.0265476, max = 0.053867 (LShoulder)
[2024-10-09 17:54:37.149] [info] Frame 351 (t = 11.7333):	 total squared error = 0.0124622, marker error: RMS = 0.0256106, max = 0.0530624 (LShoulder)
[2024-10-09 17:54:37.246] [info] Frame 352 (t = 11.7667):	 total squared error = 0.0116831, marker error: RMS = 0.0247972, max = 0.0522112 (LShoulder)
[2024-10-09 17:54:37.335] [info] Frame 353 (t = 11.8):	 total squared error = 0.0111414, marker error: RMS = 0.0242155, max = 0.0514257 (LShoulder)
[2024-10-09 17:54:37.389] [info] Frame 354 (t = 11.8333):	 total squared error = 0.0108088, marker error: RMS = 0.0238513, max = 0.0502594 (LShoulder)
[2024-10-09 17:54:37.434] [info] Frame 355 (t = 11.8667):	 total squared error = 0.0105885, marker error: RMS = 0.0236070, max = 0.0493742 (LShoulder)
[2024-10-09 17:54:37.502] [info] Frame 356 (t = 11.9):	 total squared error = 0.0104585, marker error: RMS = 0.0234616, max = 0.0480949 (LShoulder)
[2024-10-09 17:54:37.592] [info] Frame 357 (t = 11.9333):	 total squared error = 0.0103948, marker error: RMS = 0.02339, max = 0.046256 (LShoulder)
[2024-10-09 17:54:37.642] [info] Frame 358 (t = 11.9667):	 total squared error = 0.0102717, marker error: RMS = 0.0232511, max = 0.0433028 (LShoulder)
[2024-10-09 17:54:37.768] [info] Frame 359 (t = 12.0):	 total squared error = 0.00993943, marker error: RMS = 0.022872, max = 0.0404645 (RShoulder)
[2024-10-09 17:54:37.805] [info] Frame 360 (t = 12.0333):	 total squared error = 0.00939690, marker error: RMS = 0.022239, max = 0.0366508 (RShoulder)
[2024-10-09 17:54:37.842] [info] Frame 361 (t = 12.0667):	 total squared error = 0.00878954, marker error: RMS = 0.0215083, max = 0.0328459 (RShoulder)
[2024-10-09 17:54:38.093] [info] Frame 362 (t = 12.1):	 total squared error = 0.00825918, marker error: RMS = 0.0208493, max = 0.0302483 (RShoulder)
[2024-10-09 17:54:38.160] [info] Frame 363 (t = 12.1333):	 total squared error = 0.00799588, marker error: RMS = 0.0205143, max = 0.0307107 (LAnkle)
[2024-10-09 17:54:38.279] [info] Frame 364 (t = 12.1667):	 total squared error = 0.00795905, marker error: RMS = 0.0204670, max = 0.0319346 (LAnkle)
[2024-10-09 17:54:38.318] [info] Frame 365 (t = 12.2):	 total squared error = 0.00808018, marker error: RMS = 0.0206221, max = 0.0325558 (LAnkle)
[2024-10-09 17:54:38.576] [info] Frame 366 (t = 12.2333):	 total squared error = 0.00820700, marker error: RMS = 0.0207833, max = 0.0356 (LKnee)
[2024-10-09 17:54:38.637] [info] Frame 367 (t = 12.2667):	 total squared error = 0.00823686, marker error: RMS = 0.0208211, max = 0.0376737 (LKnee)
[2024-10-09 17:54:38.669] [info] Frame 368 (t = 12.3):	 total squared error = 0.00818802, marker error: RMS = 0.0207593, max = 0.0385994 (LKnee)
[2024-10-09 17:54:38.766] [info] Frame 369 (t = 12.3333):	 total squared error = 0.00830716, marker error: RMS = 0.0209098, max = 0.0380636 (LKnee)
[2024-10-09 17:54:38.819] [info] Frame 370 (t = 12.3667):	 total squared error = 0.00879206, marker error: RMS = 0.0215114, max = 0.0361389 (LKnee)
[2024-10-09 17:54:38.930] [info] Frame 371 (t = 12.4):	 total squared error = 0.00955992, marker error: RMS = 0.0224311, max = 0.0340622 (LKnee)
[2024-10-09 17:54:38.975] [info] Frame 372 (t = 12.4333):	 total squared error = 0.0101497, marker error: RMS = 0.0231127, max = 0.0338239 (RHeel)
[2024-10-09 17:54:39.032] [info] Frame 373 (t = 12.4667):	 total squared error = 0.0101519, marker error: RMS = 0.0231151, max = 0.0336853 (RShoulder)
[2024-10-09 17:54:39.097] [info] Frame 374 (t = 12.5):	 total squared error = 0.00950733, marker error: RMS = 0.0223693, max = 0.0331094 (RShoulder)
[2024-10-09 17:54:39.166] [info] Frame 375 (t = 12.5333):	 total squared error = 0.00856831, marker error: RMS = 0.0212359, max = 0.032651 (LShoulder)
[2024-10-09 17:54:39.212] [info] Frame 376 (t = 12.5667):	 total squared error = 0.00783840, marker error: RMS = 0.0203113, max = 0.0328202 (LShoulder)
[2024-10-09 17:54:39.280] [info] Frame 377 (t = 12.6):	 total squared error = 0.00732961, marker error: RMS = 0.019641, max = 0.0329636 (LShoulder)
[2024-10-09 17:54:39.315] [info] Frame 378 (t = 12.6333):	 total squared error = 0.00672628, marker error: RMS = 0.0188153, max = 0.0331217 (LShoulder)
[2024-10-09 17:54:39.384] [info] Frame 379 (t = 12.6667):	 total squared error = 0.00594167, marker error: RMS = 0.0176839, max = 0.0331928 (RShoulder)
[2024-10-09 17:54:39.445] [info] Frame 380 (t = 12.7):	 total squared error = 0.00527032, marker error: RMS = 0.0166549, max = 0.0338343 (RShoulder)
[2024-10-09 17:54:39.501] [info] Frame 381 (t = 12.7333):	 total squared error = 0.00486249, marker error: RMS = 0.0159975, max = 0.0341163 (RShoulder)
[2024-10-09 17:54:39.553] [info] Frame 382 (t = 12.7667):	 total squared error = 0.00463526, marker error: RMS = 0.0156193, max = 0.0339877 (RShoulder)
[2024-10-09 17:54:39.598] [info] Frame 383 (t = 12.8):	 total squared error = 0.00442932, marker error: RMS = 0.0152683, max = 0.0334065 (RShoulder)
[2024-10-09 17:54:39.694] [info] Frame 384 (t = 12.8333):	 total squared error = 0.00420881, marker error: RMS = 0.0148834, max = 0.0325557 (RShoulder)
[2024-10-09 17:54:39.732] [info] Frame 385 (t = 12.8667):	 total squared error = 0.00406352, marker error: RMS = 0.0146243, max = 0.0322378 (RShoulder)
[2024-10-09 17:54:39.799] [info] Frame 386 (t = 12.9):	 total squared error = 0.00404592, marker error: RMS = 0.0145926, max = 0.0329427 (LShoulder)
[2024-10-09 17:54:39.833] [info] Frame 387 (t = 12.9333):	 total squared error = 0.00410250, marker error: RMS = 0.0146942, max = 0.0336040 (LShoulder)
[2024-10-09 17:54:39.866] [info] Frame 388 (t = 12.9667):	 total squared error = 0.00414659, marker error: RMS = 0.014773, max = 0.0339118 (LShoulder)
[2024-10-09 17:54:39.928] [info] Frame 389 (t = 13.0):	 total squared error = 0.00420010, marker error: RMS = 0.014868, max = 0.033371 (LShoulder)
[2024-10-09 17:54:39.985] [info] Frame 390 (t = 13.0333):	 total squared error = 0.00434248, marker error: RMS = 0.0151179, max = 0.0319314 (LShoulder)
[2024-10-09 17:54:40.027] [info] Frame 391 (t = 13.0667):	 total squared error = 0.00451340, marker error: RMS = 0.0154126, max = 0.0300235 (LShoulder)
[2024-10-09 17:54:40.083] [info] Frame 392 (t = 13.1):	 total squared error = 0.00462614, marker error: RMS = 0.0156039, max = 0.0279636 (LShoulder)
[2024-10-09 17:54:40.151] [info] Frame 393 (t = 13.1333):	 total squared error = 0.00481800, marker error: RMS = 0.0159242, max = 0.0289988 (LKnee)
[2024-10-09 17:54:40.193] [info] Frame 394 (t = 13.1667):	 total squared error = 0.00518382, marker error: RMS = 0.0165176, max = 0.0298782 (LKnee)
[2024-10-09 17:54:40.243] [info] Frame 395 (t = 13.2):	 total squared error = 0.00570491, marker error: RMS = 0.017328, max = 0.0306381 (LKnee)
[2024-10-09 17:54:40.314] [info] Frame 396 (t = 13.2333):	 total squared error = 0.00610061, marker error: RMS = 0.0179188, max = 0.0307850 (LKnee)
[2024-10-09 17:54:40.359] [info] Frame 397 (t = 13.2667):	 total squared error = 0.00611547, marker error: RMS = 0.0179407, max = 0.0309001 (LKnee)
[2024-10-09 17:54:40.418] [info] Frame 398 (t = 13.3):	 total squared error = 0.00585273, marker error: RMS = 0.017551, max = 0.0307218 (LKnee)
[2024-10-09 17:54:40.482] [info] Frame 399 (t = 13.3333):	 total squared error = 0.00573657, marker error: RMS = 0.017376, max = 0.0294508 (LKnee)
[2024-10-09 17:54:40.533] [info] Frame 400 (t = 13.3667):	 total squared error = 0.00581207, marker error: RMS = 0.0174899, max = 0.0296073 (RKnee)
[2024-10-09 17:54:40.679] [info] Frame 401 (t = 13.4):	 total squared error = 0.00564704, marker error: RMS = 0.0172399, max = 0.0308118 (RKnee)
[2024-10-09 17:54:40.719] [info] Frame 402 (t = 13.4333):	 total squared error = 0.00515453, marker error: RMS = 0.0164709, max = 0.0313754 (RKnee)
[2024-10-09 17:54:40.776] [info] Frame 403 (t = 13.4667):	 total squared error = 0.00451930, marker error: RMS = 0.0154226, max = 0.0321674 (RKnee)
[2024-10-09 17:54:40.819] [info] Frame 404 (t = 13.5):	 total squared error = 0.00398783, marker error: RMS = 0.0144874, max = 0.0316275 (RKnee)
[2024-10-09 17:54:40.850] [info] Frame 405 (t = 13.5333):	 total squared error = 0.00370198, marker error: RMS = 0.0139585, max = 0.029651 (RKnee)
[2024-10-09 17:54:40.891] [info] Frame 406 (t = 13.5667):	 total squared error = 0.00371325, marker error: RMS = 0.0139798, max = 0.0273437 (RKnee)
[2024-10-09 17:54:40.946] [info] Frame 407 (t = 13.6):	 total squared error = 0.00404437, marker error: RMS = 0.0145898, max = 0.025659 (RKnee)
[2024-10-09 17:54:40.990] [info] Frame 408 (t = 13.6333):	 total squared error = 0.00456985, marker error: RMS = 0.0155087, max = 0.0251077 (RKnee)
[2024-10-09 17:54:41.074] [info] Frame 409 (t = 13.6667):	 total squared error = 0.00514674, marker error: RMS = 0.0164585, max = 0.02559 (RKnee)
[2024-10-09 17:54:41.121] [info] Frame 410 (t = 13.7):	 total squared error = 0.00577331, marker error: RMS = 0.0174315, max = 0.0270963 (RKnee)
[2024-10-09 17:54:41.161] [info] Frame 411 (t = 13.7333):	 total squared error = 0.00654397, marker error: RMS = 0.0185585, max = 0.0298857 (RKnee)
[2024-10-09 17:54:41.219] [info] Frame 412 (t = 13.7667):	 total squared error = 0.00730318, marker error: RMS = 0.0196056, max = 0.0323756 (RKnee)
[2024-10-09 17:54:41.292] [info] Frame 413 (t = 13.8):	 total squared error = 0.00793941, marker error: RMS = 0.0204417, max = 0.0354334 (RKnee)
[2024-10-09 17:54:41.337] [info] Frame 414 (t = 13.8333):	 total squared error = 0.00844351, marker error: RMS = 0.0210807, max = 0.0376534 (RKnee)
[2024-10-09 17:54:41.452] [info] Frame 415 (t = 13.8667):	 total squared error = 0.00866798, marker error: RMS = 0.0213591, max = 0.039227 (RKnee)
[2024-10-09 17:54:41.534] [info] Frame 416 (t = 13.9):	 total squared error = 0.00846680, marker error: RMS = 0.0211097, max = 0.0395015 (RKnee)
[2024-10-09 17:54:41.578] [info] Frame 417 (t = 13.9333):	 total squared error = 0.00786871, marker error: RMS = 0.0203505, max = 0.0378428 (RKnee)
[2024-10-09 17:54:41.634] [info] Frame 418 (t = 13.9667):	 total squared error = 0.00706691, marker error: RMS = 0.0192858, max = 0.0337949 (RKnee)
[2024-10-09 17:54:41.692] [info] Frame 419 (t = 14.0):	 total squared error = 0.00631938, marker error: RMS = 0.0182373, max = 0.0274022 (RKnee)
[2024-10-09 17:54:41.756] [info] Frame 420 (t = 14.0333):	 total squared error = 0.00580367, marker error: RMS = 0.0174773, max = 0.0264299 (RShoulder)
[2024-10-09 17:54:41.803] [info] Frame 421 (t = 14.0667):	 total squared error = 0.00549179, marker error: RMS = 0.0170012, max = 0.0265392 (RShoulder)
[2024-10-09 17:54:41.862] [info] Frame 422 (t = 14.1):	 total squared error = 0.00534913, marker error: RMS = 0.0167789, max = 0.0266577 (RShoulder)
[2024-10-09 17:54:41.930] [info] Frame 423 (t = 14.1333):	 total squared error = 0.00532686, marker error: RMS = 0.016744, max = 0.0264522 (RShoulder)
[2024-10-09 17:54:41.992] [info] Frame 424 (t = 14.1667):	 total squared error = 0.00532743, marker error: RMS = 0.0167449, max = 0.029935 (LKnee)
[2024-10-09 17:54:42.050] [info] Frame 425 (t = 14.2):	 total squared error = 0.00531297, marker error: RMS = 0.0167221, max = 0.0337774 (LKnee)
[2024-10-09 17:54:42.115] [info] Frame 426 (t = 14.2333):	 total squared error = 0.00533211, marker error: RMS = 0.0167522, max = 0.0371196 (LKnee)
[2024-10-09 17:54:42.152] [info] Frame 427 (t = 14.2667):	 total squared error = 0.00537762, marker error: RMS = 0.0168236, max = 0.0373916 (LKnee)
[2024-10-09 17:54:42.190] [info] Frame 428 (t = 14.3):	 total squared error = 0.00540314, marker error: RMS = 0.0168634, max = 0.0356297 (LKnee)
[2024-10-09 17:54:42.237] [info] Frame 429 (t = 14.3333):	 total squared error = 0.00526874, marker error: RMS = 0.0166524, max = 0.0337317 (LKnee)
[2024-10-09 17:54:42.311] [info] Frame 430 (t = 14.3667):	 total squared error = 0.00503654, marker error: RMS = 0.0162813, max = 0.0324156 (LKnee)
[2024-10-09 17:54:42.356] [info] Frame 431 (t = 14.4):	 total squared error = 0.00496594, marker error: RMS = 0.0161668, max = 0.0320590 (LKnee)
[2024-10-09 17:54:42.423] [info] Frame 432 (t = 14.4333):	 total squared error = 0.00502436, marker error: RMS = 0.0162616, max = 0.0332693 (LKnee)
[2024-10-09 17:54:42.502] [info] Frame 433 (t = 14.4667):	 total squared error = 0.00501351, marker error: RMS = 0.016244, max = 0.0348416 (LKnee)
[2024-10-09 17:54:42.588] [info] Frame 434 (t = 14.5):	 total squared error = 0.00489940, marker error: RMS = 0.0160581, max = 0.0348419 (LKnee)
[2024-10-09 17:54:42.670] [info] Frame 435 (t = 14.5333):	 total squared error = 0.00468969, marker error: RMS = 0.0157107, max = 0.0318902 (LKnee)
[2024-10-09 17:54:42.714] [info] Frame 436 (t = 14.5667):	 total squared error = 0.00420909, marker error: RMS = 0.0148839, max = 0.0257536 (LKnee)
[2024-10-09 17:54:42.778] [info] Frame 437 (t = 14.6):	 total squared error = 0.00363732, marker error: RMS = 0.0138361, max = 0.0227983 (LShoulder)
[2024-10-09 17:54:42.828] [info] Frame 438 (t = 14.6333):	 total squared error = 0.00322217, marker error: RMS = 0.0130226, max = 0.0225935 (LShoulder)
[2024-10-09 17:54:42.889] [info] Frame 439 (t = 14.6667):	 total squared error = 0.00305245, marker error: RMS = 0.012675, max = 0.0225931 (LShoulder)
[2024-10-09 17:54:42.967] [info] Frame 440 (t = 14.7):	 total squared error = 0.00313915, marker error: RMS = 0.0128537, max = 0.0229618 (LShoulder)
[2024-10-09 17:54:43.032] [info] Frame 441 (t = 14.7333):	 total squared error = 0.00350009, marker error: RMS = 0.0135726, max = 0.0252 (RKnee)
[2024-10-09 17:54:43.083] [info] Frame 442 (t = 14.7667):	 total squared error = 0.00404181, marker error: RMS = 0.0145852, max = 0.0289637 (RKnee)
[2024-10-09 17:54:43.140] [info] Frame 443 (t = 14.8):	 total squared error = 0.00454066, marker error: RMS = 0.015459, max = 0.0307056 (RKnee)
[2024-10-09 17:54:43.204] [info] Frame 444 (t = 14.8333):	 total squared error = 0.00493288, marker error: RMS = 0.0161129, max = 0.0304952 (RKnee)
[2024-10-09 17:54:43.281] [info] Frame 445 (t = 14.8667):	 total squared error = 0.00530625, marker error: RMS = 0.0167116, max = 0.0287812 (RKnee)
[2024-10-09 17:54:43.343] [info] Frame 446 (t = 14.9):	 total squared error = 0.00556180, marker error: RMS = 0.0171093, max = 0.0288052 (LHeel)
[2024-10-09 17:54:43.414] [info] Frame 447 (t = 14.9333):	 total squared error = 0.00561987, marker error: RMS = 0.0171983, max = 0.0297558 (LHeel)
[2024-10-09 17:54:43.478] [info] Frame 448 (t = 14.9667):	 total squared error = 0.00573788, marker error: RMS = 0.017378, max = 0.0319426 (RKnee)
[2024-10-09 17:54:43.574] [info] Frame 449 (t = 15.0):	 total squared error = 0.00607829, marker error: RMS = 0.017886, max = 0.0380545 (RKnee)
[2024-10-09 17:54:43.657] [info] Frame 450 (t = 15.0333):	 total squared error = 0.00631248, marker error: RMS = 0.0182273, max = 0.0423794 (RKnee)
[2024-10-09 17:54:43.747] [info] Frame 451 (t = 15.0667):	 total squared error = 0.00608203, marker error: RMS = 0.0178915, max = 0.0416775 (RKnee)
[2024-10-09 17:54:43.822] [info] Frame 452 (t = 15.1):	 total squared error = 0.00541812, marker error: RMS = 0.0168868, max = 0.0350016 (RKnee)
[2024-10-09 17:54:43.883] [info] Frame 453 (t = 15.1333):	 total squared error = 0.00476487, marker error: RMS = 0.0158361, max = 0.0265486 (LHeel)
[2024-10-09 17:54:43.964] [info] Frame 454 (t = 15.1667):	 total squared error = 0.00450327, marker error: RMS = 0.0153953, max = 0.0263838 (LHeel)
[2024-10-09 17:54:44.017] [info] Frame 455 (t = 15.2):	 total squared error = 0.00459431, marker error: RMS = 0.0155501, max = 0.0259772 (LHeel)
[2024-10-09 17:54:44.084] [info] Frame 456 (t = 15.2333):	 total squared error = 0.00474297, marker error: RMS = 0.0157997, max = 0.025575 (LHeel)
[2024-10-09 17:54:44.146] [info] Frame 457 (t = 15.2667):	 total squared error = 0.00480205, marker error: RMS = 0.0158978, max = 0.0255179 (LHeel)
[2024-10-09 17:54:44.189] [info] Frame 458 (t = 15.3):	 total squared error = 0.00481925, marker error: RMS = 0.0159262, max = 0.0252746 (LHeel)
[2024-10-09 17:54:44.265] [info] Frame 459 (t = 15.3333):	 total squared error = 0.00478399, marker error: RMS = 0.0158679, max = 0.0284963 (LKnee)
[2024-10-09 17:54:44.326] [info] Frame 460 (t = 15.3667):	 total squared error = 0.00482548, marker error: RMS = 0.0159365, max = 0.0329836 (LKnee)
[2024-10-09 17:54:44.378] [info] Frame 461 (t = 15.4):	 total squared error = 0.00476576, marker error: RMS = 0.0158376, max = 0.0344331 (LKnee)
[2024-10-09 17:54:44.420] [info] Frame 462 (t = 15.4333):	 total squared error = 0.00450927, marker error: RMS = 0.0154055, max = 0.0328597 (LKnee)
[2024-10-09 17:54:44.487] [info] Frame 463 (t = 15.4667):	 total squared error = 0.00434528, marker error: RMS = 0.0151228, max = 0.0295483 (LKnee)
[2024-10-09 17:54:44.559] [info] Frame 464 (t = 15.5):	 total squared error = 0.00460347, marker error: RMS = 0.0155656, max = 0.0276616 (LKnee)
[2024-10-09 17:54:44.616] [info] Frame 465 (t = 15.5333):	 total squared error = 0.00526816, marker error: RMS = 0.0166515, max = 0.0290124 (LKnee)
[2024-10-09 17:54:44.680] [info] Frame 466 (t = 15.5667):	 total squared error = 0.00642621, marker error: RMS = 0.0183908, max = 0.0340447 (LKnee)
[2024-10-09 17:54:44.729] [info] Frame 467 (t = 15.6):	 total squared error = 0.00838525, marker error: RMS = 0.0210078, max = 0.0421582 (LKnee)
[2024-10-09 17:54:44.798] [info] Frame 468 (t = 15.6333):	 total squared error = 0.0109878, marker error: RMS = 0.0240480, max = 0.0505128 (LKnee)
[2024-10-09 17:54:44.876] [info] Frame 469 (t = 15.6667):	 total squared error = 0.0129444, marker error: RMS = 0.0261014, max = 0.0543121 (LKnee)
[2024-10-09 17:54:44.962] [info] Frame 470 (t = 15.7):	 total squared error = 0.012597, marker error: RMS = 0.0257488, max = 0.0509490 (LKnee)
[2024-10-09 17:54:45.016] [info] Frame 471 (t = 15.7333):	 total squared error = 0.0101206, marker error: RMS = 0.0230795, max = 0.041798 (LKnee)
[2024-10-09 17:54:45.081] [info] Frame 472 (t = 15.7667):	 total squared error = 0.00730187, marker error: RMS = 0.0196038, max = 0.0317602 (LKnee)
[2024-10-09 17:54:45.158] [info] Frame 473 (t = 15.8):	 total squared error = 0.00557696, marker error: RMS = 0.0171325, max = 0.0265427 (LKnee)
[2024-10-09 17:54:45.221] [info] Frame 474 (t = 15.8333):	 total squared error = 0.00507169, marker error: RMS = 0.016338, max = 0.0268665 (LKnee)
[2024-10-09 17:54:45.286] [info] Frame 475 (t = 15.8667):	 total squared error = 0.00510217, marker error: RMS = 0.016387, max = 0.02837 (LKnee)
[2024-10-09 17:54:45.374] [info] Frame 476 (t = 15.9):	 total squared error = 0.00508852, marker error: RMS = 0.0163651, max = 0.0304907 (RSmallToe)
[2024-10-09 17:54:45.442] [info] Frame 477 (t = 15.9333):	 total squared error = 0.00500101, marker error: RMS = 0.0162238, max = 0.0300447 (RSmallToe)
[2024-10-09 17:54:45.498] [info] Frame 478 (t = 15.9667):	 total squared error = 0.00501099, marker error: RMS = 0.01624, max = 0.0266052 (LHeel)
[2024-10-09 17:54:45.557] [info] Frame 479 (t = 16.0):	 total squared error = 0.00529113, marker error: RMS = 0.0166877, max = 0.0295932 (LHeel)
[2024-10-09 17:54:45.674] [info] Frame 480 (t = 16.0333):	 total squared error = 0.00591601, marker error: RMS = 0.0176456, max = 0.0329554 (LHeel)
[2024-10-09 17:54:45.714] [info] Frame 481 (t = 16.0667):	 total squared error = 0.00677212, marker error: RMS = 0.0188793, max = 0.0356734 (LHeel)
[2024-10-09 17:54:45.776] [info] Frame 482 (t = 16.1):	 total squared error = 0.00740500, marker error: RMS = 0.0197418, max = 0.0377085 (Neck)
[2024-10-09 17:54:45.844] [info] Frame 483 (t = 16.1333):	 total squared error = 0.00772952, marker error: RMS = 0.0201697, max = 0.0389215 (Neck)
[2024-10-09 17:54:45.919] [info] Frame 484 (t = 16.1667):	 total squared error = 0.00804342, marker error: RMS = 0.0205752, max = 0.0394337 (Neck)
[2024-10-09 17:54:45.980] [info] Frame 485 (t = 16.2):	 total squared error = 0.00864650, marker error: RMS = 0.0213326, max = 0.0399469 (Neck)
[2024-10-09 17:54:46.041] [info] Frame 486 (t = 16.2333):	 total squared error = 0.00946275, marker error: RMS = 0.0223168, max = 0.0408658 (Neck)
[2024-10-09 17:54:46.112] [info] Frame 487 (t = 16.2667):	 total squared error = 0.0103843, marker error: RMS = 0.0233783, max = 0.0426111 (Neck)
[2024-10-09 17:54:46.197] [info] Frame 488 (t = 16.3):	 total squared error = 0.0113721, marker error: RMS = 0.0244649, max = 0.0455817 (Neck)
[2024-10-09 17:54:46.264] [info] Frame 489 (t = 16.3333):	 total squared error = 0.0122163, marker error: RMS = 0.0253567, max = 0.0495862 (Neck)
[2024-10-09 17:54:46.419] [info] Frame 490 (t = 16.3667):	 total squared error = 0.0124698, marker error: RMS = 0.0256184, max = 0.0534385 (Neck)
[2024-10-09 17:54:46.480] [info] Frame 491 (t = 16.4):	 total squared error = 0.0119323, marker error: RMS = 0.0250603, max = 0.055798 (Neck)
[2024-10-09 17:54:46.555] [info] Frame 492 (t = 16.4333):	 total squared error = 0.0106922, marker error: RMS = 0.0237223, max = 0.055729 (Neck)
[2024-10-09 17:54:46.623] [info] Frame 493 (t = 16.4667):	 total squared error = 0.00929178, marker error: RMS = 0.0221143, max = 0.0530459 (Neck)
[2024-10-09 17:54:46.697] [info] Frame 494 (t = 16.5):	 total squared error = 0.00836429, marker error: RMS = 0.0209816, max = 0.0476045 (Neck)
[2024-10-09 17:54:46.765] [info] Frame 495 (t = 16.5333):	 total squared error = 0.00834428, marker error: RMS = 0.0209564, max = 0.0427726 (LBigToe)
[2024-10-09 17:54:46.818] [info] Frame 496 (t = 16.5667):	 total squared error = 0.00901170, marker error: RMS = 0.0217784, max = 0.0494829 (LBigToe)
[2024-10-09 17:54:46.865] [info] Frame 497 (t = 16.6):	 total squared error = 0.00972062, marker error: RMS = 0.0226188, max = 0.0524455 (LBigToe)
[2024-10-09 17:54:46.935] [info] Frame 498 (t = 16.6333):	 total squared error = 0.00984268, marker error: RMS = 0.0227604, max = 0.0510804 (LBigToe)
[2024-10-09 17:54:47.012] [info] Frame 499 (t = 16.6667):	 total squared error = 0.00922057, marker error: RMS = 0.0220294, max = 0.0456291 (LBigToe)
[2024-10-09 17:54:47.076] [info] Frame 500 (t = 16.7):	 total squared error = 0.00816787, marker error: RMS = 0.0207337, max = 0.0370596 (LBigToe)
[2024-10-09 17:54:47.144] [info] Frame 501 (t = 16.7333):	 total squared error = 0.00715288, marker error: RMS = 0.0194028, max = 0.0306670 (Neck)
[2024-10-09 17:54:47.226] [info] Frame 502 (t = 16.7667):	 total squared error = 0.00651446, marker error: RMS = 0.0185166, max = 0.0321062 (Neck)
[2024-10-09 17:54:47.300] [info] Frame 503 (t = 16.8):	 total squared error = 0.00639846, marker error: RMS = 0.018351, max = 0.0342408 (Neck)
[2024-10-09 17:54:47.339] [info] Frame 504 (t = 16.8333):	 total squared error = 0.00669336, marker error: RMS = 0.0187692, max = 0.0365527 (Neck)
[2024-10-09 17:54:47.382] [info] Frame 505 (t = 16.8667):	 total squared error = 0.00714028, marker error: RMS = 0.0193857, max = 0.038766 (Neck)
[2024-10-09 17:54:47.422] [info] Frame 506 (t = 16.9):	 total squared error = 0.00757095, marker error: RMS = 0.0199617, max = 0.0405370 (Neck)
[2024-10-09 17:54:47.455] [info] Frame 507 (t = 16.9333):	 total squared error = 0.00816117, marker error: RMS = 0.0207252, max = 0.0418388 (Neck)
[2024-10-09 17:54:47.495] [info] Frame 508 (t = 16.9667):	 total squared error = 0.00914168, marker error: RMS = 0.0219349, max = 0.0424304 (Neck)
[2024-10-09 17:54:47.536] [info] Frame 509 (t = 17.0):	 total squared error = 0.0103726, marker error: RMS = 0.0233651, max = 0.0422807 (Neck)
[2024-10-09 17:54:47.632] [info] Frame 510 (t = 17.0333):	 total squared error = 0.0112061, marker error: RMS = 0.0242857, max = 0.0416567 (Neck)
[2024-10-09 17:54:47.697] [info] Frame 511 (t = 17.0667):	 total squared error = 0.0111125, marker error: RMS = 0.024184, max = 0.0407987 (Neck)
[2024-10-09 17:54:47.775] [info] Frame 512 (t = 17.1):	 total squared error = 0.0103640, marker error: RMS = 0.0233553, max = 0.0401366 (Neck)
[2024-10-09 17:54:47.858] [info] Frame 513 (t = 17.1333):	 total squared error = 0.00964278, marker error: RMS = 0.0225281, max = 0.0396849 (Neck)
[2024-10-09 17:54:47.940] [info] Frame 514 (t = 17.1667):	 total squared error = 0.00941283, marker error: RMS = 0.0222579, max = 0.0392752 (Neck)
[2024-10-09 17:54:47.975] [info] Frame 515 (t = 17.2):	 total squared error = 0.00985501, marker error: RMS = 0.0227747, max = 0.0387915 (Neck)
[2024-10-09 17:54:48.021] [info] Frame 516 (t = 17.2333):	 total squared error = 0.0108613, marker error: RMS = 0.0239092, max = 0.0381507 (Neck)
[2024-10-09 17:54:48.098] [info] Frame 517 (t = 17.2667):	 total squared error = 0.0120710, marker error: RMS = 0.0252055, max = 0.0439833 (LSmallToe)
[2024-10-09 17:54:48.129] [info] Frame 518 (t = 17.3):	 total squared error = 0.0130841, marker error: RMS = 0.0262419, max = 0.0508560 (LSmallToe)
[2024-10-09 17:54:48.167] [info] Frame 519 (t = 17.3333):	 total squared error = 0.0136656, marker error: RMS = 0.0268186, max = 0.0547685 (LSmallToe)
[2024-10-09 17:54:48.205] [info] Frame 520 (t = 17.3667):	 total squared error = 0.0138601, marker error: RMS = 0.0270089, max = 0.0567628 (LSmallToe)
[2024-10-09 17:54:48.248] [info] Frame 521 (t = 17.4):	 total squared error = 0.0137844, marker error: RMS = 0.026935, max = 0.0576039 (LSmallToe)
[2024-10-09 17:54:48.295] [info] Frame 522 (t = 17.4333):	 total squared error = 0.0135689, marker error: RMS = 0.0267236, max = 0.0579111 (LSmallToe)
[2024-10-09 17:54:48.320] [info] Frame 523 (t = 17.4667):	 total squared error = 0.0133143, marker error: RMS = 0.0264718, max = 0.0578568 (LSmallToe)
[2024-10-09 17:54:48.356] [info] Frame 524 (t = 17.5):	 total squared error = 0.0130695, marker error: RMS = 0.0262273, max = 0.0575996 (LSmallToe)
[2024-10-09 17:54:48.372] [info] Frame 525 (t = 17.5333):	 total squared error = 0.0129143, marker error: RMS = 0.0260711, max = 0.0572486 (LSmallToe)
[2024-10-09 17:54:48.407] [info] Frame 526 (t = 17.5667):	 total squared error = 0.0128789, marker error: RMS = 0.0260353, max = 0.0572346 (LSmallToe)
[2024-10-09 17:54:48.437] [info] Frame 527 (t = 17.6):	 total squared error = 0.0129658, marker error: RMS = 0.0261229, max = 0.0573483 (LSmallToe)
[2024-10-09 17:54:48.474] [info] Frame 528 (t = 17.6333):	 total squared error = 0.0131497, marker error: RMS = 0.0263076, max = 0.0577698 (LSmallToe)
[2024-10-09 17:54:48.500] [info] Frame 529 (t = 17.6667):	 total squared error = 0.0133344, marker error: RMS = 0.0264917, max = 0.058111 (LSmallToe)
[2024-10-09 17:54:48.544] [info] Frame 530 (t = 17.7):	 total squared error = 0.0133889, marker error: RMS = 0.0265458, max = 0.0578937 (LSmallToe)
[2024-10-09 17:54:48.653] [info] Frame 531 (t = 17.7333):	 total squared error = 0.0131944, marker error: RMS = 0.0263523, max = 0.0573805 (LSmallToe)
[2024-10-09 17:54:48.701] [info] Frame 532 (t = 17.7667):	 total squared error = 0.0127651, marker error: RMS = 0.02592, max = 0.0559665 (LSmallToe)
[2024-10-09 17:54:48.751] [info] Frame 533 (t = 17.8):	 total squared error = 0.0121699, marker error: RMS = 0.0253086, max = 0.0535981 (LSmallToe)
[2024-10-09 17:54:48.775] [info] Frame 534 (t = 17.8333):	 total squared error = 0.0116388, marker error: RMS = 0.0247501, max = 0.0502884 (LSmallToe)
[2024-10-09 17:54:48.802] [info] Frame 535 (t = 17.8667):	 total squared error = 0.0114285, marker error: RMS = 0.0245255, max = 0.0465914 (LSmallToe)
[2024-10-09 17:54:48.821] [info] Frame 536 (t = 17.9):	 total squared error = 0.0115494, marker error: RMS = 0.0246549, max = 0.0432503 (LSmallToe)
[2024-10-09 17:54:48.840] [info] Frame 537 (t = 17.9333):	 total squared error = 0.011668, marker error: RMS = 0.0247811, max = 0.0413665 (LHeel)
[2024-10-09 17:54:48.862] [info] Frame 538 (t = 17.9667):	 total squared error = 0.011517, marker error: RMS = 0.0246202, max = 0.0402432 (LHeel)
[2024-10-09 17:54:48.878] [info] Frame 539 (t = 18.0):	 total squared error = 0.0111015, marker error: RMS = 0.0241721, max = 0.0399771 (LSmallToe)
[2024-10-09 17:54:48.893] [info] Frame 540 (t = 18.0333):	 total squared error = 0.0106745, marker error: RMS = 0.0237026, max = 0.0414558 (LSmallToe)
[2024-10-09 17:54:48.950] [info] Frame 541 (t = 18.0667):	 total squared error = 0.0105753, marker error: RMS = 0.0235923, max = 0.0439984 (LSmallToe)
[2024-10-09 17:54:48.983] [info] Frame 542 (t = 18.1):	 total squared error = 0.0109320, marker error: RMS = 0.0239868, max = 0.0473728 (LSmallToe)
[2024-10-09 17:54:49.013] [info] Frame 543 (t = 18.1333):	 total squared error = 0.0115622, marker error: RMS = 0.0246685, max = 0.0508064 (LSmallToe)
[2024-10-09 17:54:49.079] [info] Frame 544 (t = 18.1667):	 total squared error = 0.0121192, marker error: RMS = 0.0252558, max = 0.0534228 (LSmallToe)
[2024-10-09 17:54:49.144] [info] Frame 545 (t = 18.2):	 total squared error = 0.0122798, marker error: RMS = 0.0254225, max = 0.0543722 (LSmallToe)
[2024-10-09 17:54:49.193] [info] Frame 546 (t = 18.2333):	 total squared error = 0.0119763, marker error: RMS = 0.0251064, max = 0.0536975 (LSmallToe)
[2024-10-09 17:54:49.232] [info] Frame 547 (t = 18.2667):	 total squared error = 0.0114057, marker error: RMS = 0.0245011, max = 0.0518531 (LSmallToe)
[2024-10-09 17:54:49.276] [info] Frame 548 (t = 18.3):	 total squared error = 0.0109103, marker error: RMS = 0.023963, max = 0.0501146 (LSmallToe)
[2024-10-09 17:54:49.330] [info] Frame 549 (t = 18.3333):	 total squared error = 0.0106245, marker error: RMS = 0.0236471, max = 0.0490984 (LSmallToe)
[2024-10-09 17:54:49.398] [info] Frame 550 (t = 18.3667):	 total squared error = 0.0105754, marker error: RMS = 0.0235924, max = 0.0493647 (LSmallToe)
[2024-10-09 17:54:49.485] [info] Frame 551 (t = 18.4):	 total squared error = 0.0107854, marker error: RMS = 0.0238254, max = 0.0503897 (LSmallToe)
[2024-10-09 17:54:49.535] [info] Frame 552 (t = 18.4333):	 total squared error = 0.0112471, marker error: RMS = 0.0243301, max = 0.0516564 (LSmallToe)
[2024-10-09 17:54:49.601] [info] Frame 553 (t = 18.4667):	 total squared error = 0.011761, marker error: RMS = 0.0248798, max = 0.0525561 (LSmallToe)
[2024-10-09 17:54:49.669] [info] Frame 554 (t = 18.5):	 total squared error = 0.0122015, marker error: RMS = 0.0253413, max = 0.0527301 (LSmallToe)
[2024-10-09 17:54:49.719] [info] Frame 555 (t = 18.5333):	 total squared error = 0.0125216, marker error: RMS = 0.0256716, max = 0.0524907 (LSmallToe)
[2024-10-09 17:54:49.762] [info] Frame 556 (t = 18.5667):	 total squared error = 0.012679, marker error: RMS = 0.0258325, max = 0.0520206 (LSmallToe)
[2024-10-09 17:54:49.809] [info] Frame 557 (t = 18.6):	 total squared error = 0.0126947, marker error: RMS = 0.0258484, max = 0.051741 (LSmallToe)
[2024-10-09 17:54:49.851] [info] Frame 558 (t = 18.6333):	 total squared error = 0.0125834, marker error: RMS = 0.0257348, max = 0.0515521 (LSmallToe)
[2024-10-09 17:54:49.916] [info] Frame 559 (t = 18.6667):	 total squared error = 0.0124342, marker error: RMS = 0.0255819, max = 0.0514471 (LSmallToe)
[2024-10-09 17:54:49.972] [info] Frame 560 (t = 18.7):	 total squared error = 0.0123802, marker error: RMS = 0.0255263, max = 0.0514334 (LSmallToe)
[2024-10-09 17:54:50.033] [info] Frame 561 (t = 18.7333):	 total squared error = 0.0124479, marker error: RMS = 0.0255959, max = 0.0515557 (LSmallToe)
[2024-10-09 17:54:50.108] [info] Frame 562 (t = 18.7667):	 total squared error = 0.012628, marker error: RMS = 0.0257805, max = 0.0516253 (LSmallToe)
[2024-10-09 17:54:50.161] [info] Frame 563 (t = 18.8):	 total squared error = 0.0128869, marker error: RMS = 0.0260434, max = 0.0517483 (LSmallToe)
[2024-10-09 17:54:50.216] [info] Frame 564 (t = 18.8333):	 total squared error = 0.0131608, marker error: RMS = 0.0263187, max = 0.0518052 (LSmallToe)
[2024-10-09 17:54:50.275] [info] Frame 565 (t = 18.8667):	 total squared error = 0.0133909, marker error: RMS = 0.0265477, max = 0.0517881 (LSmallToe)
[2024-10-09 17:54:50.323] [info] Frame 566 (t = 18.9):	 total squared error = 0.0135517, marker error: RMS = 0.0267067, max = 0.0517418 (LSmallToe)
[2024-10-09 17:54:50.369] [info] Frame 567 (t = 18.9333):	 total squared error = 0.0136166, marker error: RMS = 0.0267706, max = 0.051488 (LSmallToe)
[2024-10-09 17:54:50.427] [info] Frame 568 (t = 18.9667):	 total squared error = 0.0135919, marker error: RMS = 0.0267463, max = 0.0511504 (LSmallToe)
[2024-10-09 17:54:50.488] [info] Frame 569 (t = 19.0):	 total squared error = 0.0135378, marker error: RMS = 0.026693, max = 0.0507999 (LSmallToe)
[2024-10-09 17:54:50.535] [info] Frame 570 (t = 19.0333):	 total squared error = 0.0134669, marker error: RMS = 0.026623, max = 0.0506277 (LSmallToe)
[2024-10-09 17:54:50.587] [info] Frame 571 (t = 19.0667):	 total squared error = 0.0133739, marker error: RMS = 0.0265309, max = 0.0507753 (LSmallToe)
[2024-10-09 17:54:50.646] [info] Frame 572 (t = 19.1):	 total squared error = 0.0132571, marker error: RMS = 0.0264148, max = 0.0512626 (LSmallToe)
[2024-10-09 17:54:50.698] [info] Frame 573 (t = 19.1333):	 total squared error = 0.013127, marker error: RMS = 0.0262849, max = 0.051957 (LSmallToe)
[2024-10-09 17:54:50.746] [info] Frame 574 (t = 19.1667):	 total squared error = 0.012983, marker error: RMS = 0.0261403, max = 0.0526591 (LSmallToe)
[2024-10-09 17:54:50.760] [info] InverseKinematicsTool completed 575 frames in 30 second(s).
