[2024-10-09 17:58:13.988] [info] Preparing to run InverseKinematicsTool.
[2024-10-09 17:58:14.010] [info] Loaded model Pose2Sim_scaled from file Model_Pose2Sim_Halpe26_scaled.osim
[2024-10-09 17:58:14.011] [warning] Couldn't find file 'r_pelvis.vtp'.
[2024-10-09 17:58:14.011] [warning] Couldn't find file 'l_pelvis.vtp'.
[2024-10-09 17:58:14.011] [warning] Couldn't find file 'sacrum.vtp'.
[2024-10-09 17:58:14.011] [warning] Couldn't find file 'femur_r.vtp'.
[2024-10-09 17:58:14.011] [warning] Couldn't find file 'r_patella.vtp'.
[2024-10-09 17:58:14.011] [warning] Couldn't find file 'tibia_r.vtp'.
[2024-10-09 17:58:14.012] [warning] Couldn't find file 'fibula_r.vtp'.
[2024-10-09 17:58:14.012] [warning] Couldn't find file 'talus_rv.vtp'.
[2024-10-09 17:58:14.012] [warning] Couldn't find file 'foot.vtp'.
[2024-10-09 17:58:14.012] [warning] Couldn't find file 'bofoot.vtp'.
[2024-10-09 17:58:14.012] [warning] Couldn't find file 'femur_l.vtp'.
[2024-10-09 17:58:14.012] [warning] Couldn't find file 'l_patella.vtp'.
[2024-10-09 17:58:14.012] [warning] Couldn't find file 'tibia_l.vtp'.
[2024-10-09 17:58:14.013] [warning] Couldn't find file 'fibula_l.vtp'.
[2024-10-09 17:58:14.013] [warning] Couldn't find file 'talus_lv.vtp'.
[2024-10-09 17:58:14.013] [warning] Couldn't find file 'l_foot.vtp'.
[2024-10-09 17:58:14.013] [warning] Couldn't find file 'l_bofoot.vtp'.
[2024-10-09 17:58:14.013] [warning] Couldn't find file 'lumbar5.vtp'.
[2024-10-09 17:58:14.013] [warning] Couldn't find file 'lumbar4.vtp'.
[2024-10-09 17:58:14.013] [warning] Couldn't find file 'lumbar3.vtp'.
[2024-10-09 17:58:14.013] [warning] Couldn't find file 'lumbar2.vtp'.
[2024-10-09 17:58:14.014] [warning] Couldn't find file 'lumbar1.vtp'.
[2024-10-09 17:58:14.014] [warning] Couldn't find file 'cerv1sm.vtp'.
[2024-10-09 17:58:14.014] [warning] Couldn't find file 'cerv2sm.vtp'.
[2024-10-09 17:58:14.014] [warning] Couldn't find file 'cerv3sm.vtp'.
[2024-10-09 17:58:14.014] [warning] Couldn't find file 'cerv4sm.vtp'.
[2024-10-09 17:58:14.014] [warning] Couldn't find file 'cerv5sm.vtp'.
[2024-10-09 17:58:14.014] [warning] Couldn't find file 'cerv6sm.vtp'.
[2024-10-09 17:58:14.015] [warning] Couldn't find file 'cerv7.vtp'.
[2024-10-09 17:58:14.015] [warning] Couldn't find file 'thoracic12_s.vtp'.
[2024-10-09 17:58:14.015] [warning] Couldn't find file 'thoracic11_s.vtp'.
[2024-10-09 17:58:14.015] [warning] Couldn't find file 'thoracic10_s.vtp'.
[2024-10-09 17:58:14.015] [warning] Couldn't find file 'thoracic9_s.vtp'.
[2024-10-09 17:58:14.015] [warning] Couldn't find file 'thoracic8_s.vtp'.
[2024-10-09 17:58:14.015] [warning] Couldn't find file 'thoracic7_s.vtp'.
[2024-10-09 17:58:14.016] [warning] Couldn't find file 'thoracic6_s.vtp'.
[2024-10-09 17:58:14.016] [warning] Couldn't find file 'thoracic5_s.vtp'.
[2024-10-09 17:58:14.016] [warning] Couldn't find file 'thoracic4_s.vtp'.
[2024-10-09 17:58:14.016] [warning] Couldn't find file 'thoracic3_s.vtp'.
[2024-10-09 17:58:14.016] [warning] Couldn't find file 'thoracic2_s.vtp'.
[2024-10-09 17:58:14.016] [warning] Couldn't find file 'thoracic1_s.vtp'.
[2024-10-09 17:58:14.016] [warning] Couldn't find file 'hat_ribs_scap.vtp'.
[2024-10-09 17:58:14.016] [warning] Couldn't find file 'hat_jaw.vtp'.
[2024-10-09 17:58:14.017] [warning] Couldn't find file 'hat_skull.vtp'.
[2024-10-09 17:58:14.017] [warning] Couldn't find file 'humerus_rv.vtp'.
[2024-10-09 17:58:14.017] [warning] Couldn't find file 'ulna_rv.vtp'.
[2024-10-09 17:58:14.017] [warning] Couldn't find file 'radius_rv.vtp'.
[2024-10-09 17:58:14.017] [warning] Couldn't find file 'pisiform_rvs.vtp'.
[2024-10-09 17:58:14.017] [warning] Couldn't find file 'lunate_rvs.vtp'.
[2024-10-09 17:58:14.017] [warning] Couldn't find file 'scaphoid_rvs.vtp'.
[2024-10-09 17:58:14.017] [warning] Couldn't find file 'triquetrum_rvs.vtp'.
[2024-10-09 17:58:14.018] [warning] Couldn't find file 'hamate_rvs.vtp'.
[2024-10-09 17:58:14.018] [warning] Couldn't find file 'capitate_rvs.vtp'.
[2024-10-09 17:58:14.018] [warning] Couldn't find file 'trapezoid_rvs.vtp'.
[2024-10-09 17:58:14.018] [warning] Couldn't find file 'trapezium_rvs.vtp'.
[2024-10-09 17:58:14.018] [warning] Couldn't find file 'metacarpal2_rvs.vtp'.
[2024-10-09 17:58:14.018] [warning] Couldn't find file 'index_proximal_rvs.vtp'.
[2024-10-09 17:58:14.018] [warning] Couldn't find file 'index_medial_rvs.vtp'.
[2024-10-09 17:58:14.018] [warning] Couldn't find file 'index_distal_rvs.vtp'.
[2024-10-09 17:58:14.019] [warning] Couldn't find file 'metacarpal3_rvs.vtp'.
[2024-10-09 17:58:14.019] [warning] Couldn't find file 'middle_proximal_rvs.vtp'.
[2024-10-09 17:58:14.019] [warning] Couldn't find file 'middle_medial_rvs.vtp'.
[2024-10-09 17:58:14.019] [warning] Couldn't find file 'middle_distal_rvs.vtp'.
[2024-10-09 17:58:14.019] [warning] Couldn't find file 'metacarpal4_rvs.vtp'.
[2024-10-09 17:58:14.019] [warning] Couldn't find file 'ring_proximal_rvs.vtp'.
[2024-10-09 17:58:14.019] [warning] Couldn't find file 'ring_medial_rvs.vtp'.
[2024-10-09 17:58:14.019] [warning] Couldn't find file 'ring_distal_rvs.vtp'.
[2024-10-09 17:58:14.020] [warning] Couldn't find file 'metacarpal5_rvs.vtp'.
[2024-10-09 17:58:14.020] [warning] Couldn't find file 'little_proximal_rvs.vtp'.
[2024-10-09 17:58:14.020] [warning] Couldn't find file 'little_medial_rvs.vtp'.
[2024-10-09 17:58:14.020] [warning] Couldn't find file 'little_distal_rvs.vtp'.
[2024-10-09 17:58:14.020] [warning] Couldn't find file 'metacarpal1_rvs.vtp'.
[2024-10-09 17:58:14.020] [warning] Couldn't find file 'thumb_proximal_rvs.vtp'.
[2024-10-09 17:58:14.021] [warning] Couldn't find file 'thumb_distal_rvs.vtp'.
[2024-10-09 17:58:14.021] [warning] Couldn't find file 'humerus_lv.vtp'.
[2024-10-09 17:58:14.021] [warning] Couldn't find file 'ulna_lv.vtp'.
[2024-10-09 17:58:14.021] [warning] Couldn't find file 'radius_lv.vtp'.
[2024-10-09 17:58:14.021] [warning] Couldn't find file 'pisiform_lvs.vtp'.
[2024-10-09 17:58:14.021] [warning] Couldn't find file 'lunate_lvs.vtp'.
[2024-10-09 17:58:14.021] [warning] Couldn't find file 'scaphoid_lvs.vtp'.
[2024-10-09 17:58:14.022] [warning] Couldn't find file 'triquetrum_lvs.vtp'.
[2024-10-09 17:58:14.022] [warning] Couldn't find file 'hamate_lvs.vtp'.
[2024-10-09 17:58:14.022] [warning] Couldn't find file 'capitate_lvs.vtp'.
[2024-10-09 17:58:14.022] [warning] Couldn't find file 'trapezoid_lvs.vtp'.
[2024-10-09 17:58:14.022] [warning] Couldn't find file 'trapezium_lvs.vtp'.
[2024-10-09 17:58:14.022] [warning] Couldn't find file 'metacarpal2_lvs.vtp'.
[2024-10-09 17:58:14.022] [warning] Couldn't find file 'index_proximal_lvs.vtp'.
[2024-10-09 17:58:14.022] [warning] Couldn't find file 'index_medial_lvs.vtp'.
[2024-10-09 17:58:14.023] [warning] Couldn't find file 'index_distal_lvs.vtp'.
[2024-10-09 17:58:14.023] [warning] Couldn't find file 'metacarpal3_lvs.vtp'.
[2024-10-09 17:58:14.023] [warning] Couldn't find file 'middle_proximal_lvs.vtp'.
[2024-10-09 17:58:14.023] [warning] Couldn't find file 'middle_medial_lvs.vtp'.
[2024-10-09 17:58:14.023] [warning] Couldn't find file 'middle_distal_lvs.vtp'.
[2024-10-09 17:58:14.023] [warning] Couldn't find file 'metacarpal4_lvs.vtp'.
[2024-10-09 17:58:14.023] [warning] Couldn't find file 'ring_proximal_lvs.vtp'.
[2024-10-09 17:58:14.023] [warning] Couldn't find file 'ring_medial_lvs.vtp'.
[2024-10-09 17:58:14.024] [warning] Couldn't find file 'ring_distal_lvs.vtp'.
[2024-10-09 17:58:14.024] [warning] Couldn't find file 'metacarpal5_lvs.vtp'.
[2024-10-09 17:58:14.024] [warning] Couldn't find file 'little_proximal_lvs.vtp'.
[2024-10-09 17:58:14.024] [warning] Couldn't find file 'little_medial_lvs.vtp'.
[2024-10-09 17:58:14.024] [warning] Couldn't find file 'little_distal_lvs.vtp'.
[2024-10-09 17:58:14.024] [warning] Couldn't find file 'metacarpal1_lvs.vtp'.
[2024-10-09 17:58:14.024] [warning] Couldn't find file 'thumb_proximal_lvs.vtp'.
[2024-10-09 17:58:14.024] [warning] Couldn't find file 'thumb_distal_lvs.vtp'.
[2024-10-09 17:58:14.026] [cout] [info] 
               MODEL: Pose2Sim_scaled
         coordinates: 62
              forces: 0
           actuators: 0
             muscles: 0
            analyses: 0
              probes: 0
              bodies: 30
              joints: 30
         constraints: 20
             markers: 22
         controllers: 0
  contact geometries: 0
misc modelcomponents: 0
[2024-10-09 17:58:14.027] [info] Running tool .
[2024-10-09 17:58:14.428] [info] Frame 0 (t = 0.0333333):	 total squared error = 0.0146107, marker error: RMS = 0.0277306, max = 0.0436832 (LShoulder)
[2024-10-09 17:58:14.508] [info] Frame 1 (t = 0.0666667):	 total squared error = 0.0139603, marker error: RMS = 0.0271063, max = 0.0452158 (LShoulder)
[2024-10-09 17:58:14.608] [info] Frame 2 (t = 0.1):	 total squared error = 0.0140848, marker error: RMS = 0.0272269, max = 0.0453975 (LShoulder)
[2024-10-09 17:58:14.666] [info] Frame 3 (t = 0.133333):	 total squared error = 0.0143291, marker error: RMS = 0.027462, max = 0.0443035 (LShoulder)
[2024-10-09 17:58:14.761] [info] Frame 4 (t = 0.166667):	 total squared error = 0.0143728, marker error: RMS = 0.0275038, max = 0.0434299 (LShoulder)
[2024-10-09 17:58:14.851] [info] Frame 5 (t = 0.2):	 total squared error = 0.0143124, marker error: RMS = 0.027446, max = 0.0435634 (LShoulder)
[2024-10-09 17:58:14.900] [info] Frame 6 (t = 0.233333):	 total squared error = 0.0142934, marker error: RMS = 0.0274278, max = 0.0447241 (LShoulder)
[2024-10-09 17:58:14.966] [info] Frame 7 (t = 0.266667):	 total squared error = 0.0143003, marker error: RMS = 0.0274344, max = 0.045838 (LShoulder)
[2024-10-09 17:58:15.063] [info] Frame 8 (t = 0.3):	 total squared error = 0.014168, marker error: RMS = 0.0273072, max = 0.0455377 (LShoulder)
[2024-10-09 17:58:15.159] [info] Frame 9 (t = 0.333333):	 total squared error = 0.0138474, marker error: RMS = 0.0269965, max = 0.0437437 (LShoulder)
[2024-10-09 17:58:15.194] [info] Frame 10 (t = 0.366667):	 total squared error = 0.0134851, marker error: RMS = 0.026641, max = 0.0412558 (LShoulder)
[2024-10-09 17:58:15.232] [info] Frame 11 (t = 0.4):	 total squared error = 0.0132956, marker error: RMS = 0.0264532, max = 0.0391463 (RHeel)
[2024-10-09 17:58:15.301] [info] Frame 12 (t = 0.433333):	 total squared error = 0.0134063, marker error: RMS = 0.0265631, max = 0.0372132 (RShoulder)
[2024-10-09 17:58:15.358] [info] Frame 13 (t = 0.466667):	 total squared error = 0.0137606, marker error: RMS = 0.0269118, max = 0.0374825 (LHeel)
[2024-10-09 17:58:15.390] [info] Frame 14 (t = 0.5):	 total squared error = 0.0142045, marker error: RMS = 0.0273424, max = 0.0388426 (LHeel)
[2024-10-09 17:58:15.408] [info] Frame 15 (t = 0.533333):	 total squared error = 0.0146387, marker error: RMS = 0.0277572, max = 0.0405819 (LAnkle)
[2024-10-09 17:58:15.507] [info] Frame 16 (t = 0.566667):	 total squared error = 0.0149991, marker error: RMS = 0.0280968, max = 0.0422449 (LAnkle)
[2024-10-09 17:58:15.590] [info] Frame 17 (t = 0.6):	 total squared error = 0.015311, marker error: RMS = 0.0283873, max = 0.0434042 (LAnkle)
[2024-10-09 17:58:15.680] [info] Frame 18 (t = 0.633333):	 total squared error = 0.0156546, marker error: RMS = 0.0287041, max = 0.04438 (LAnkle)
[2024-10-09 17:58:15.762] [info] Frame 19 (t = 0.666667):	 total squared error = 0.0159933, marker error: RMS = 0.0290130, max = 0.045422 (LAnkle)
[2024-10-09 17:58:15.814] [info] Frame 20 (t = 0.7):	 total squared error = 0.0162284, marker error: RMS = 0.0292254, max = 0.0464486 (LAnkle)
[2024-10-09 17:58:15.890] [info] Frame 21 (t = 0.733333):	 total squared error = 0.0163577, marker error: RMS = 0.0293416, max = 0.0473541 (LAnkle)
[2024-10-09 17:58:15.969] [info] Frame 22 (t = 0.766667):	 total squared error = 0.0164402, marker error: RMS = 0.0294155, max = 0.0482649 (LAnkle)
[2024-10-09 17:58:16.048] [info] Frame 23 (t = 0.8):	 total squared error = 0.0164848, marker error: RMS = 0.0294554, max = 0.0491069 (LAnkle)
[2024-10-09 17:58:16.099] [info] Frame 24 (t = 0.833333):	 total squared error = 0.0164966, marker error: RMS = 0.029466, max = 0.0498099 (LAnkle)
[2024-10-09 17:58:16.183] [info] Frame 25 (t = 0.866667):	 total squared error = 0.0164484, marker error: RMS = 0.0294229, max = 0.0501956 (LAnkle)
[2024-10-09 17:58:16.287] [info] Frame 26 (t = 0.9):	 total squared error = 0.0163295, marker error: RMS = 0.0293164, max = 0.0499193 (LAnkle)
[2024-10-09 17:58:16.374] [info] Frame 27 (t = 0.933333):	 total squared error = 0.0161337, marker error: RMS = 0.0291401, max = 0.0488597 (LAnkle)
[2024-10-09 17:58:16.420] [info] Frame 28 (t = 0.966667):	 total squared error = 0.0159167, marker error: RMS = 0.0289434, max = 0.0469934 (LAnkle)
[2024-10-09 17:58:16.460] [info] Frame 29 (t = 1.0):	 total squared error = 0.0157024, marker error: RMS = 0.0287479, max = 0.0447464 (LAnkle)
[2024-10-09 17:58:16.547] [info] Frame 30 (t = 1.03333):	 total squared error = 0.0155002, marker error: RMS = 0.0285622, max = 0.043512 (LAnkle)
[2024-10-09 17:58:16.592] [info] Frame 31 (t = 1.06667):	 total squared error = 0.0154851, marker error: RMS = 0.0285483, max = 0.0434855 (LAnkle)
[2024-10-09 17:58:16.687] [info] Frame 32 (t = 1.1):	 total squared error = 0.0155759, marker error: RMS = 0.0286318, max = 0.0447992 (LAnkle)
[2024-10-09 17:58:16.728] [info] Frame 33 (t = 1.13333):	 total squared error = 0.0157365, marker error: RMS = 0.0287791, max = 0.0463262 (LAnkle)
[2024-10-09 17:58:16.819] [info] Frame 34 (t = 1.16667):	 total squared error = 0.0158029, marker error: RMS = 0.0288398, max = 0.0471429 (LAnkle)
[2024-10-09 17:58:16.927] [info] Frame 35 (t = 1.2):	 total squared error = 0.0157302, marker error: RMS = 0.0287733, max = 0.0466907 (LAnkle)
[2024-10-09 17:58:16.983] [info] Frame 36 (t = 1.23333):	 total squared error = 0.0155771, marker error: RMS = 0.028633, max = 0.0451784 (LAnkle)
[2024-10-09 17:58:17.249] [info] Frame 37 (t = 1.26667):	 total squared error = 0.0153239, marker error: RMS = 0.0283993, max = 0.0434841 (LAnkle)
[2024-10-09 17:58:17.284] [info] Frame 38 (t = 1.3):	 total squared error = 0.0151966, marker error: RMS = 0.0282811, max = 0.0420213 (LAnkle)
[2024-10-09 17:58:17.326] [info] Frame 39 (t = 1.33333):	 total squared error = 0.015162, marker error: RMS = 0.0282489, max = 0.0426488 (LHeel)
[2024-10-09 17:58:17.421] [info] Frame 40 (t = 1.36667):	 total squared error = 0.0151168, marker error: RMS = 0.0282067, max = 0.0427228 (LHeel)
[2024-10-09 17:58:17.464] [info] Frame 41 (t = 1.4):	 total squared error = 0.0150412, marker error: RMS = 0.0281362, max = 0.0426506 (LHeel)
[2024-10-09 17:58:17.523] [info] Frame 42 (t = 1.43333):	 total squared error = 0.014888, marker error: RMS = 0.0279925, max = 0.0420925 (LHeel)
[2024-10-09 17:58:17.576] [info] Frame 43 (t = 1.46667):	 total squared error = 0.0147165, marker error: RMS = 0.0278308, max = 0.0411574 (LHeel)
[2024-10-09 17:58:17.619] [info] Frame 44 (t = 1.5):	 total squared error = 0.0146134, marker error: RMS = 0.0277331, max = 0.0410506 (LAnkle)
[2024-10-09 17:58:17.677] [info] Frame 45 (t = 1.53333):	 total squared error = 0.0146488, marker error: RMS = 0.0277667, max = 0.0422281 (LAnkle)
[2024-10-09 17:58:17.731] [info] Frame 46 (t = 1.56667):	 total squared error = 0.0148616, marker error: RMS = 0.0279676, max = 0.0439527 (LAnkle)
[2024-10-09 17:58:17.784] [info] Frame 47 (t = 1.6):	 total squared error = 0.0152060, marker error: RMS = 0.0282898, max = 0.0461002 (LAnkle)
[2024-10-09 17:58:17.827] [info] Frame 48 (t = 1.63333):	 total squared error = 0.0155842, marker error: RMS = 0.0286395, max = 0.0479675 (LAnkle)
[2024-10-09 17:58:17.881] [info] Frame 49 (t = 1.66667):	 total squared error = 0.0158707, marker error: RMS = 0.0289016, max = 0.0493475 (LAnkle)
[2024-10-09 17:58:17.930] [info] Frame 50 (t = 1.7):	 total squared error = 0.0159927, marker error: RMS = 0.0290125, max = 0.0499964 (LAnkle)
[2024-10-09 17:58:18.012] [info] Frame 51 (t = 1.73333):	 total squared error = 0.0159661, marker error: RMS = 0.0289883, max = 0.0501091 (LAnkle)
[2024-10-09 17:58:18.056] [info] Frame 52 (t = 1.76667):	 total squared error = 0.0158062, marker error: RMS = 0.0288428, max = 0.0498709 (LAnkle)
[2024-10-09 17:58:18.109] [info] Frame 53 (t = 1.8):	 total squared error = 0.0155333, marker error: RMS = 0.0285927, max = 0.0493175 (LAnkle)
[2024-10-09 17:58:18.166] [info] Frame 54 (t = 1.83333):	 total squared error = 0.0151972, marker error: RMS = 0.0282816, max = 0.0485871 (LAnkle)
[2024-10-09 17:58:18.214] [info] Frame 55 (t = 1.86667):	 total squared error = 0.0149096, marker error: RMS = 0.0280127, max = 0.0476233 (LAnkle)
[2024-10-09 17:58:18.286] [info] Frame 56 (t = 1.9):	 total squared error = 0.0147498, marker error: RMS = 0.0278623, max = 0.0468411 (LAnkle)
[2024-10-09 17:58:18.342] [info] Frame 57 (t = 1.93333):	 total squared error = 0.0147872, marker error: RMS = 0.0278975, max = 0.0464904 (LAnkle)
[2024-10-09 17:58:18.440] [info] Frame 58 (t = 1.96667):	 total squared error = 0.0149060, marker error: RMS = 0.0280094, max = 0.0467349 (LAnkle)
[2024-10-09 17:58:18.493] [info] Frame 59 (t = 2.0):	 total squared error = 0.0150664, marker error: RMS = 0.0281597, max = 0.0473042 (LAnkle)
[2024-10-09 17:58:18.550] [info] Frame 60 (t = 2.03333):	 total squared error = 0.0152016, marker error: RMS = 0.0282857, max = 0.0479072 (LAnkle)
[2024-10-09 17:58:18.606] [info] Frame 61 (t = 2.06667):	 total squared error = 0.0152551, marker error: RMS = 0.0283355, max = 0.048176 (LAnkle)
[2024-10-09 17:58:18.674] [info] Frame 62 (t = 2.1):	 total squared error = 0.0152147, marker error: RMS = 0.0282979, max = 0.0478654 (LAnkle)
[2024-10-09 17:58:18.725] [info] Frame 63 (t = 2.13333):	 total squared error = 0.0150992, marker error: RMS = 0.0281904, max = 0.0473335 (LAnkle)
[2024-10-09 17:58:18.795] [info] Frame 64 (t = 2.16667):	 total squared error = 0.0149612, marker error: RMS = 0.0280612, max = 0.0465015 (LAnkle)
[2024-10-09 17:58:18.852] [info] Frame 65 (t = 2.2):	 total squared error = 0.0148463, marker error: RMS = 0.0279532, max = 0.0456438 (LAnkle)
[2024-10-09 17:58:18.933] [info] Frame 66 (t = 2.23333):	 total squared error = 0.0147688, marker error: RMS = 0.0278802, max = 0.0448806 (LAnkle)
[2024-10-09 17:58:19.009] [info] Frame 67 (t = 2.26667):	 total squared error = 0.0147439, marker error: RMS = 0.0278567, max = 0.0442993 (LAnkle)
[2024-10-09 17:58:19.071] [info] Frame 68 (t = 2.3):	 total squared error = 0.0147319, marker error: RMS = 0.0278454, max = 0.0439823 (LAnkle)
[2024-10-09 17:58:19.146] [info] Frame 69 (t = 2.33333):	 total squared error = 0.014676, marker error: RMS = 0.0277925, max = 0.0438109 (LAnkle)
[2024-10-09 17:58:19.211] [info] Frame 70 (t = 2.36667):	 total squared error = 0.0145695, marker error: RMS = 0.0276915, max = 0.0438354 (LAnkle)
[2024-10-09 17:58:19.279] [info] Frame 71 (t = 2.4):	 total squared error = 0.0144872, marker error: RMS = 0.0276132, max = 0.0440327 (LAnkle)
[2024-10-09 17:58:19.331] [info] Frame 72 (t = 2.43333):	 total squared error = 0.0144595, marker error: RMS = 0.0275867, max = 0.0441229 (LAnkle)
[2024-10-09 17:58:19.397] [info] Frame 73 (t = 2.46667):	 total squared error = 0.0145058, marker error: RMS = 0.0276308, max = 0.0439797 (LAnkle)
[2024-10-09 17:58:19.430] [info] Frame 74 (t = 2.5):	 total squared error = 0.0146355, marker error: RMS = 0.0277541, max = 0.0435468 (LAnkle)
[2024-10-09 17:58:19.486] [info] Frame 75 (t = 2.53333):	 total squared error = 0.0148448, marker error: RMS = 0.0279518, max = 0.0427199 (LAnkle)
[2024-10-09 17:58:19.547] [info] Frame 76 (t = 2.56667):	 total squared error = 0.0151687, marker error: RMS = 0.0282552, max = 0.0432974 (LShoulder)
[2024-10-09 17:58:19.589] [info] Frame 77 (t = 2.6):	 total squared error = 0.015533, marker error: RMS = 0.0285924, max = 0.0450900 (LShoulder)
[2024-10-09 17:58:19.676] [info] Frame 78 (t = 2.63333):	 total squared error = 0.0157772, marker error: RMS = 0.0288163, max = 0.0451009 (LShoulder)
[2024-10-09 17:58:19.721] [info] Frame 79 (t = 2.66667):	 total squared error = 0.0158172, marker error: RMS = 0.0288528, max = 0.0448865 (LAnkle)
[2024-10-09 17:58:19.750] [info] Frame 80 (t = 2.7):	 total squared error = 0.0155718, marker error: RMS = 0.0286281, max = 0.0466384 (LAnkle)
[2024-10-09 17:58:19.780] [info] Frame 81 (t = 2.73333):	 total squared error = 0.0151202, marker error: RMS = 0.02821, max = 0.0473642 (LAnkle)
[2024-10-09 17:58:19.858] [info] Frame 82 (t = 2.76667):	 total squared error = 0.0146219, marker error: RMS = 0.0277412, max = 0.0460880 (LAnkle)
[2024-10-09 17:58:19.929] [info] Frame 83 (t = 2.8):	 total squared error = 0.0141633, marker error: RMS = 0.0273027, max = 0.0435951 (LAnkle)
[2024-10-09 17:58:20.036] [info] Frame 84 (t = 2.83333):	 total squared error = 0.0138471, marker error: RMS = 0.0269962, max = 0.0400577 (LAnkle)
[2024-10-09 17:58:20.107] [info] Frame 85 (t = 2.86667):	 total squared error = 0.013733, marker error: RMS = 0.0268848, max = 0.0368124 (RShoulder)
[2024-10-09 17:58:20.169] [info] Frame 86 (t = 2.9):	 total squared error = 0.0138089, marker error: RMS = 0.026959, max = 0.0368093 (RShoulder)
[2024-10-09 17:58:20.217] [info] Frame 87 (t = 2.93333):	 total squared error = 0.0140065, marker error: RMS = 0.0271511, max = 0.0370759 (RShoulder)
[2024-10-09 17:58:20.276] [info] Frame 88 (t = 2.96667):	 total squared error = 0.0142456, marker error: RMS = 0.0273819, max = 0.0376475 (LHeel)
[2024-10-09 17:58:20.317] [info] Frame 89 (t = 3.0):	 total squared error = 0.0144874, marker error: RMS = 0.0276133, max = 0.0383832 (LHeel)
[2024-10-09 17:58:20.367] [info] Frame 90 (t = 3.03333):	 total squared error = 0.0146204, marker error: RMS = 0.0277398, max = 0.0396952 (LHeel)
[2024-10-09 17:58:20.419] [info] Frame 91 (t = 3.06667):	 total squared error = 0.0146012, marker error: RMS = 0.0277215, max = 0.0402078 (LHeel)
[2024-10-09 17:58:20.522] [info] Frame 92 (t = 3.1):	 total squared error = 0.0143523, marker error: RMS = 0.0274843, max = 0.0402711 (LHeel)
[2024-10-09 17:58:20.613] [info] Frame 93 (t = 3.13333):	 total squared error = 0.0140014, marker error: RMS = 0.0271462, max = 0.0399244 (LHeel)
[2024-10-09 17:58:20.708] [info] Frame 94 (t = 3.16667):	 total squared error = 0.0137068, marker error: RMS = 0.0268591, max = 0.0398434 (LHeel)
[2024-10-09 17:58:20.777] [info] Frame 95 (t = 3.2):	 total squared error = 0.0136266, marker error: RMS = 0.0267804, max = 0.0402276 (LHeel)
[2024-10-09 17:58:20.845] [info] Frame 96 (t = 3.23333):	 total squared error = 0.0138106, marker error: RMS = 0.0269606, max = 0.0410723 (LHeel)
[2024-10-09 17:58:20.894] [info] Frame 97 (t = 3.26667):	 total squared error = 0.014138, marker error: RMS = 0.0272783, max = 0.0420545 (LHeel)
[2024-10-09 17:58:20.954] [info] Frame 98 (t = 3.3):	 total squared error = 0.0143912, marker error: RMS = 0.0275215, max = 0.0426259 (LHeel)
[2024-10-09 17:58:21.035] [info] Frame 99 (t = 3.33333):	 total squared error = 0.0144779, marker error: RMS = 0.0276043, max = 0.0427235 (LHeel)
[2024-10-09 17:58:21.054] [info] Frame 100 (t = 3.36667):	 total squared error = 0.0145566, marker error: RMS = 0.0276792, max = 0.0424211 (LHeel)
[2024-10-09 17:58:21.130] [info] Frame 101 (t = 3.4):	 total squared error = 0.0145353, marker error: RMS = 0.027659, max = 0.0422352 (LHeel)
[2024-10-09 17:58:21.210] [info] Frame 102 (t = 3.43333):	 total squared error = 0.0146306, marker error: RMS = 0.0277495, max = 0.0419672 (LHeel)
[2024-10-09 17:58:21.295] [info] Frame 103 (t = 3.46667):	 total squared error = 0.0146505, marker error: RMS = 0.0277683, max = 0.041776 (LHeel)
[2024-10-09 17:58:21.357] [info] Frame 104 (t = 3.5):	 total squared error = 0.0145445, marker error: RMS = 0.0276677, max = 0.0415415 (LHeel)
[2024-10-09 17:58:21.440] [info] Frame 105 (t = 3.53333):	 total squared error = 0.0143546, marker error: RMS = 0.0274865, max = 0.0412743 (LHeel)
[2024-10-09 17:58:21.515] [info] Frame 106 (t = 3.56667):	 total squared error = 0.0141979, marker error: RMS = 0.027336, max = 0.0410372 (LHeel)
[2024-10-09 17:58:21.592] [info] Frame 107 (t = 3.6):	 total squared error = 0.0141344, marker error: RMS = 0.0272748, max = 0.0407754 (LHeel)
[2024-10-09 17:58:21.675] [info] Frame 108 (t = 3.63333):	 total squared error = 0.0141691, marker error: RMS = 0.0273083, max = 0.0405262 (LHeel)
[2024-10-09 17:58:21.739] [info] Frame 109 (t = 3.66667):	 total squared error = 0.0142722, marker error: RMS = 0.0274074, max = 0.0402179 (LHeel)
[2024-10-09 17:58:21.808] [info] Frame 110 (t = 3.7):	 total squared error = 0.0143348, marker error: RMS = 0.0274675, max = 0.0396241 (LHeel)
[2024-10-09 17:58:21.894] [info] Frame 111 (t = 3.73333):	 total squared error = 0.014291, marker error: RMS = 0.0274255, max = 0.0384854 (LHeel)
[2024-10-09 17:58:21.923] [info] Frame 112 (t = 3.76667):	 total squared error = 0.0141554, marker error: RMS = 0.0272951, max = 0.0376685 (RShoulder)
[2024-10-09 17:58:21.952] [info] Frame 113 (t = 3.8):	 total squared error = 0.0140665, marker error: RMS = 0.0272092, max = 0.0377677 (RShoulder)
[2024-10-09 17:58:22.001] [info] Frame 114 (t = 3.83333):	 total squared error = 0.0140178, marker error: RMS = 0.0271621, max = 0.0394083 (LAnkle)
[2024-10-09 17:58:22.041] [info] Frame 115 (t = 3.86667):	 total squared error = 0.0139646, marker error: RMS = 0.0271105, max = 0.0407013 (LAnkle)
[2024-10-09 17:58:22.086] [info] Frame 116 (t = 3.9):	 total squared error = 0.013877, marker error: RMS = 0.0270253, max = 0.0410203 (LAnkle)
[2024-10-09 17:58:22.142] [info] Frame 117 (t = 3.93333):	 total squared error = 0.0137861, marker error: RMS = 0.0269367, max = 0.0405281 (LAnkle)
[2024-10-09 17:58:22.182] [info] Frame 118 (t = 3.96667):	 total squared error = 0.013795, marker error: RMS = 0.0269453, max = 0.0401774 (LAnkle)
[2024-10-09 17:58:22.238] [info] Frame 119 (t = 4.0):	 total squared error = 0.0139259, marker error: RMS = 0.0270729, max = 0.0408123 (LAnkle)
[2024-10-09 17:58:22.282] [info] Frame 120 (t = 4.03333):	 total squared error = 0.0141168, marker error: RMS = 0.0272578, max = 0.0417341 (LAnkle)
[2024-10-09 17:58:22.323] [info] Frame 121 (t = 4.06667):	 total squared error = 0.0142345, marker error: RMS = 0.0273712, max = 0.0421308 (LAnkle)
[2024-10-09 17:58:22.390] [info] Frame 122 (t = 4.1):	 total squared error = 0.0142002, marker error: RMS = 0.0273382, max = 0.04163 (LAnkle)
[2024-10-09 17:58:22.438] [info] Frame 123 (t = 4.13333):	 total squared error = 0.0140271, marker error: RMS = 0.0271711, max = 0.0402408 (LAnkle)
[2024-10-09 17:58:22.489] [info] Frame 124 (t = 4.16667):	 total squared error = 0.0137027, marker error: RMS = 0.0268551, max = 0.0380532 (LAnkle)
[2024-10-09 17:58:22.537] [info] Frame 125 (t = 4.2):	 total squared error = 0.0132774, marker error: RMS = 0.0264351, max = 0.0371579 (RShoulder)
[2024-10-09 17:58:22.590] [info] Frame 126 (t = 4.23333):	 total squared error = 0.0128207, marker error: RMS = 0.0259764, max = 0.0371633 (RShoulder)
[2024-10-09 17:58:22.639] [info] Frame 127 (t = 4.26667):	 total squared error = 0.0124437, marker error: RMS = 0.0255917, max = 0.036942 (RShoulder)
[2024-10-09 17:58:22.694] [info] Frame 128 (t = 4.3):	 total squared error = 0.0121906, marker error: RMS = 0.0253301, max = 0.0368716 (RShoulder)
[2024-10-09 17:58:22.768] [info] Frame 129 (t = 4.33333):	 total squared error = 0.0121024, marker error: RMS = 0.0252382, max = 0.036662 (RShoulder)
[2024-10-09 17:58:22.819] [info] Frame 130 (t = 4.36667):	 total squared error = 0.0121643, marker error: RMS = 0.0253027, max = 0.0364203 (LShoulder)
[2024-10-09 17:58:22.914] [info] Frame 131 (t = 4.4):	 total squared error = 0.0123261, marker error: RMS = 0.0254704, max = 0.0363062 (LShoulder)
[2024-10-09 17:58:22.958] [info] Frame 132 (t = 4.43333):	 total squared error = 0.0126174, marker error: RMS = 0.0257697, max = 0.03646 (LShoulder)
[2024-10-09 17:58:23.111] [info] Frame 133 (t = 4.46667):	 total squared error = 0.0129314, marker error: RMS = 0.0260883, max = 0.0361637 (RShoulder)
[2024-10-09 17:58:23.194] [info] Frame 134 (t = 4.5):	 total squared error = 0.013381, marker error: RMS = 0.026538, max = 0.0362367 (RShoulder)
[2024-10-09 17:58:23.250] [info] Frame 135 (t = 4.53333):	 total squared error = 0.0138159, marker error: RMS = 0.0269658, max = 0.0367744 (LHeel)
[2024-10-09 17:58:23.345] [info] Frame 136 (t = 4.56667):	 total squared error = 0.0141428, marker error: RMS = 0.0272829, max = 0.0382433 (LHeel)
[2024-10-09 17:58:23.427] [info] Frame 137 (t = 4.6):	 total squared error = 0.0143418, marker error: RMS = 0.0274742, max = 0.0394664 (LHeel)
[2024-10-09 17:58:23.463] [info] Frame 138 (t = 4.63333):	 total squared error = 0.0145011, marker error: RMS = 0.0276264, max = 0.0402944 (LHeel)
[2024-10-09 17:58:23.546] [info] Frame 139 (t = 4.66667):	 total squared error = 0.0145793, marker error: RMS = 0.0277007, max = 0.0409446 (LHeel)
[2024-10-09 17:58:23.611] [info] Frame 140 (t = 4.7):	 total squared error = 0.0146751, marker error: RMS = 0.0277916, max = 0.0412874 (LHeel)
[2024-10-09 17:58:23.667] [info] Frame 141 (t = 4.73333):	 total squared error = 0.0147452, marker error: RMS = 0.0278579, max = 0.0415587 (LHeel)
[2024-10-09 17:58:23.782] [info] Frame 142 (t = 4.76667):	 total squared error = 0.0147877, marker error: RMS = 0.027898, max = 0.0417203 (LHeel)
[2024-10-09 17:58:23.848] [info] Frame 143 (t = 4.8):	 total squared error = 0.0149247, marker error: RMS = 0.0280270, max = 0.0417468 (LHeel)
[2024-10-09 17:58:23.943] [info] Frame 144 (t = 4.83333):	 total squared error = 0.0150839, marker error: RMS = 0.028176, max = 0.0416933 (LHeel)
[2024-10-09 17:58:23.988] [info] Frame 145 (t = 4.86667):	 total squared error = 0.0151847, marker error: RMS = 0.0282701, max = 0.0412165 (LHeel)
[2024-10-09 17:58:24.067] [info] Frame 146 (t = 4.9):	 total squared error = 0.0151739, marker error: RMS = 0.02826, max = 0.0402491 (LHeel)
[2024-10-09 17:58:24.131] [info] Frame 147 (t = 4.93333):	 total squared error = 0.0151515, marker error: RMS = 0.0282391, max = 0.0392002 (RShoulder)
[2024-10-09 17:58:24.177] [info] Frame 148 (t = 4.96667):	 total squared error = 0.0152078, marker error: RMS = 0.0282915, max = 0.0399293 (LAnkle)
[2024-10-09 17:58:24.221] [info] Frame 149 (t = 5.0):	 total squared error = 0.0153151, marker error: RMS = 0.0283911, max = 0.0427586 (LAnkle)
[2024-10-09 17:58:24.278] [info] Frame 150 (t = 5.03333):	 total squared error = 0.0154407, marker error: RMS = 0.0285074, max = 0.0448868 (LAnkle)
[2024-10-09 17:58:24.332] [info] Frame 151 (t = 5.06667):	 total squared error = 0.0155242, marker error: RMS = 0.0285843, max = 0.0460403 (LAnkle)
[2024-10-09 17:58:24.371] [info] Frame 152 (t = 5.1):	 total squared error = 0.0155281, marker error: RMS = 0.0285879, max = 0.0465426 (LAnkle)
[2024-10-09 17:58:24.405] [info] Frame 153 (t = 5.13333):	 total squared error = 0.0154625, marker error: RMS = 0.0285275, max = 0.0467102 (LAnkle)
[2024-10-09 17:58:24.477] [info] Frame 154 (t = 5.16667):	 total squared error = 0.0152924, marker error: RMS = 0.0283701, max = 0.0462777 (LAnkle)
[2024-10-09 17:58:24.552] [info] Frame 155 (t = 5.2):	 total squared error = 0.0151041, marker error: RMS = 0.0281949, max = 0.044521 (LAnkle)
[2024-10-09 17:58:24.586] [info] Frame 156 (t = 5.23333):	 total squared error = 0.0150402, marker error: RMS = 0.0281352, max = 0.0417739 (LAnkle)
[2024-10-09 17:58:24.639] [info] Frame 157 (t = 5.26667):	 total squared error = 0.0151681, marker error: RMS = 0.0282545, max = 0.0441943 (LShoulder)
[2024-10-09 17:58:24.667] [info] Frame 158 (t = 5.3):	 total squared error = 0.0154582, marker error: RMS = 0.0285235, max = 0.0462133 (LShoulder)
[2024-10-09 17:58:24.716] [info] Frame 159 (t = 5.33333):	 total squared error = 0.0156086, marker error: RMS = 0.0286619, max = 0.0464027 (LShoulder)
[2024-10-09 17:58:24.772] [info] Frame 160 (t = 5.36667):	 total squared error = 0.0156572, marker error: RMS = 0.0287065, max = 0.0446036 (LShoulder)
[2024-10-09 17:58:24.813] [info] Frame 161 (t = 5.4):	 total squared error = 0.0155855, marker error: RMS = 0.0286407, max = 0.0445574 (LAnkle)
[2024-10-09 17:58:24.866] [info] Frame 162 (t = 5.43333):	 total squared error = 0.0153918, marker error: RMS = 0.0284622, max = 0.0470154 (LAnkle)
[2024-10-09 17:58:24.922] [info] Frame 163 (t = 5.46667):	 total squared error = 0.0151597, marker error: RMS = 0.0282467, max = 0.0480465 (LAnkle)
[2024-10-09 17:58:24.983] [info] Frame 164 (t = 5.5):	 total squared error = 0.0149759, marker error: RMS = 0.0280750, max = 0.0481102 (LAnkle)
[2024-10-09 17:58:25.026] [info] Frame 165 (t = 5.53333):	 total squared error = 0.0149572, marker error: RMS = 0.0280575, max = 0.0479197 (LAnkle)
[2024-10-09 17:58:25.088] [info] Frame 166 (t = 5.56667):	 total squared error = 0.0150983, marker error: RMS = 0.0281895, max = 0.0475439 (LAnkle)
[2024-10-09 17:58:25.131] [info] Frame 167 (t = 5.6):	 total squared error = 0.0153297, marker error: RMS = 0.0284047, max = 0.0466043 (LAnkle)
[2024-10-09 17:58:25.193] [info] Frame 168 (t = 5.63333):	 total squared error = 0.0155479, marker error: RMS = 0.0286061, max = 0.0449656 (LAnkle)
[2024-10-09 17:58:25.252] [info] Frame 169 (t = 5.66667):	 total squared error = 0.0156545, marker error: RMS = 0.0287040, max = 0.0428876 (LAnkle)
[2024-10-09 17:58:25.300] [info] Frame 170 (t = 5.7):	 total squared error = 0.0156305, marker error: RMS = 0.0286821, max = 0.0411679 (LAnkle)
[2024-10-09 17:58:25.367] [info] Frame 171 (t = 5.73333):	 total squared error = 0.0154747, marker error: RMS = 0.0285387, max = 0.0410540 (LAnkle)
[2024-10-09 17:58:25.420] [info] Frame 172 (t = 5.76667):	 total squared error = 0.0153362, marker error: RMS = 0.0284107, max = 0.0423704 (LAnkle)
[2024-10-09 17:58:25.489] [info] Frame 173 (t = 5.8):	 total squared error = 0.0152968, marker error: RMS = 0.0283742, max = 0.04465 (LAnkle)
[2024-10-09 17:58:25.552] [info] Frame 174 (t = 5.83333):	 total squared error = 0.0154256, marker error: RMS = 0.0284934, max = 0.0470343 (LAnkle)
[2024-10-09 17:58:25.623] [info] Frame 175 (t = 5.86667):	 total squared error = 0.0156702, marker error: RMS = 0.0287185, max = 0.0489462 (LAnkle)
[2024-10-09 17:58:25.722] [info] Frame 176 (t = 5.9):	 total squared error = 0.0159159, marker error: RMS = 0.0289427, max = 0.0500904 (LAnkle)
[2024-10-09 17:58:25.794] [info] Frame 177 (t = 5.93333):	 total squared error = 0.0160663, marker error: RMS = 0.0290791, max = 0.0500669 (LAnkle)
[2024-10-09 17:58:25.862] [info] Frame 178 (t = 5.96667):	 total squared error = 0.0160503, marker error: RMS = 0.0290647, max = 0.0488096 (LAnkle)
[2024-10-09 17:58:25.905] [info] Frame 179 (t = 6.0):	 total squared error = 0.0159040, marker error: RMS = 0.0289319, max = 0.0461219 (LAnkle)
[2024-10-09 17:58:25.948] [info] Frame 180 (t = 6.03333):	 total squared error = 0.0156719, marker error: RMS = 0.02872, max = 0.0429474 (LHeel)
[2024-10-09 17:58:26.008] [info] Frame 181 (t = 6.06667):	 total squared error = 0.0154396, marker error: RMS = 0.0285063, max = 0.0432882 (LHeel)
[2024-10-09 17:58:26.056] [info] Frame 182 (t = 6.1):	 total squared error = 0.0153199, marker error: RMS = 0.0283956, max = 0.0436052 (LHeel)
[2024-10-09 17:58:26.124] [info] Frame 183 (t = 6.13333):	 total squared error = 0.0153453, marker error: RMS = 0.0284191, max = 0.0437176 (LHeel)
[2024-10-09 17:58:26.198] [info] Frame 184 (t = 6.16667):	 total squared error = 0.0154957, marker error: RMS = 0.0285581, max = 0.0436808 (LHeel)
[2024-10-09 17:58:26.255] [info] Frame 185 (t = 6.2):	 total squared error = 0.0157238, marker error: RMS = 0.0287675, max = 0.0434778 (LHeel)
[2024-10-09 17:58:26.282] [info] Frame 186 (t = 6.23333):	 total squared error = 0.0159387, marker error: RMS = 0.0289634, max = 0.0428764 (RHeel)
[2024-10-09 17:58:26.318] [info] Frame 187 (t = 6.26667):	 total squared error = 0.0158758, marker error: RMS = 0.0289062, max = 0.044395 (RHeel)
[2024-10-09 17:58:26.377] [info] Frame 188 (t = 6.3):	 total squared error = 0.0153761, marker error: RMS = 0.0284477, max = 0.0440024 (RHeel)
[2024-10-09 17:58:26.446] [info] Frame 189 (t = 6.33333):	 total squared error = 0.0144766, marker error: RMS = 0.0276030, max = 0.0418173 (LHeel)
[2024-10-09 17:58:26.525] [info] Frame 190 (t = 6.36667):	 total squared error = 0.0134823, marker error: RMS = 0.0266383, max = 0.041182 (LHeel)
[2024-10-09 17:58:26.599] [info] Frame 191 (t = 6.4):	 total squared error = 0.0126815, marker error: RMS = 0.025835, max = 0.0409281 (LHeel)
[2024-10-09 17:58:26.667] [info] Frame 192 (t = 6.43333):	 total squared error = 0.0121638, marker error: RMS = 0.0253022, max = 0.0407878 (LHeel)
[2024-10-09 17:58:26.695] [info] Frame 193 (t = 6.46667):	 total squared error = 0.0120281, marker error: RMS = 0.0251607, max = 0.0409593 (LHeel)
[2024-10-09 17:58:26.721] [info] Frame 194 (t = 6.5):	 total squared error = 0.0122255, marker error: RMS = 0.0253662, max = 0.0403324 (LHeel)
[2024-10-09 17:58:26.780] [info] Frame 195 (t = 6.53333):	 total squared error = 0.0125936, marker error: RMS = 0.0257453, max = 0.0403173 (LShoulder)
[2024-10-09 17:58:26.810] [info] Frame 196 (t = 6.56667):	 total squared error = 0.0130291, marker error: RMS = 0.0261867, max = 0.0404631 (LShoulder)
[2024-10-09 17:58:26.875] [info] Frame 197 (t = 6.6):	 total squared error = 0.013369, marker error: RMS = 0.026526, max = 0.0400988 (LShoulder)
[2024-10-09 17:58:26.962] [info] Frame 198 (t = 6.63333):	 total squared error = 0.0136868, marker error: RMS = 0.0268395, max = 0.0401500 (LAnkle)
[2024-10-09 17:58:26.993] [info] Frame 199 (t = 6.66667):	 total squared error = 0.0139729, marker error: RMS = 0.0271185, max = 0.0439277 (LAnkle)
[2024-10-09 17:58:27.018] [info] Frame 200 (t = 6.7):	 total squared error = 0.0141828, marker error: RMS = 0.0273215, max = 0.0458853 (LAnkle)
[2024-10-09 17:58:27.123] [info] Frame 201 (t = 6.73333):	 total squared error = 0.014267, marker error: RMS = 0.0274024, max = 0.045827 (LAnkle)
[2024-10-09 17:58:27.191] [info] Frame 202 (t = 6.76667):	 total squared error = 0.0143079, marker error: RMS = 0.0274417, max = 0.0442547 (LAnkle)
[2024-10-09 17:58:27.244] [info] Frame 203 (t = 6.8):	 total squared error = 0.0143832, marker error: RMS = 0.0275138, max = 0.0419043 (LAnkle)
[2024-10-09 17:58:27.274] [info] Frame 204 (t = 6.83333):	 total squared error = 0.0146195, marker error: RMS = 0.0277389, max = 0.0398822 (LAnkle)
[2024-10-09 17:58:27.359] [info] Frame 205 (t = 6.86667):	 total squared error = 0.0148856, marker error: RMS = 0.0279902, max = 0.0403901 (LHeel)
[2024-10-09 17:58:27.408] [info] Frame 206 (t = 6.9):	 total squared error = 0.0152081, marker error: RMS = 0.0282918, max = 0.0414679 (LHeel)
[2024-10-09 17:58:27.480] [info] Frame 207 (t = 6.93333):	 total squared error = 0.015432, marker error: RMS = 0.0284993, max = 0.0425473 (LHeel)
[2024-10-09 17:58:27.554] [info] Frame 208 (t = 6.96667):	 total squared error = 0.0155628, marker error: RMS = 0.0286198, max = 0.0430402 (LHeel)
[2024-10-09 17:58:27.629] [info] Frame 209 (t = 7.0):	 total squared error = 0.0155745, marker error: RMS = 0.0286306, max = 0.0429841 (LHeel)
[2024-10-09 17:58:27.669] [info] Frame 210 (t = 7.03333):	 total squared error = 0.0154748, marker error: RMS = 0.0285388, max = 0.0430388 (LAnkle)
[2024-10-09 17:58:27.729] [info] Frame 211 (t = 7.06667):	 total squared error = 0.0152874, marker error: RMS = 0.0283655, max = 0.0449796 (LAnkle)
[2024-10-09 17:58:27.823] [info] Frame 212 (t = 7.1):	 total squared error = 0.0150871, marker error: RMS = 0.0281791, max = 0.0469403 (LAnkle)
[2024-10-09 17:58:27.869] [info] Frame 213 (t = 7.13333):	 total squared error = 0.0149362, marker error: RMS = 0.0280378, max = 0.0483685 (LAnkle)
[2024-10-09 17:58:27.924] [info] Frame 214 (t = 7.16667):	 total squared error = 0.0148466, marker error: RMS = 0.0279535, max = 0.0490489 (LAnkle)
[2024-10-09 17:58:27.965] [info] Frame 215 (t = 7.2):	 total squared error = 0.0148334, marker error: RMS = 0.0279411, max = 0.0493387 (LAnkle)
[2024-10-09 17:58:28.005] [info] Frame 216 (t = 7.23333):	 total squared error = 0.0148666, marker error: RMS = 0.0279724, max = 0.0492965 (LAnkle)
[2024-10-09 17:58:28.052] [info] Frame 217 (t = 7.26667):	 total squared error = 0.0148751, marker error: RMS = 0.0279803, max = 0.0489626 (LAnkle)
[2024-10-09 17:58:28.138] [info] Frame 218 (t = 7.3):	 total squared error = 0.0147654, marker error: RMS = 0.027877, max = 0.0483471 (LAnkle)
[2024-10-09 17:58:28.186] [info] Frame 219 (t = 7.33333):	 total squared error = 0.0145353, marker error: RMS = 0.0276589, max = 0.0471753 (LAnkle)
[2024-10-09 17:58:28.261] [info] Frame 220 (t = 7.36667):	 total squared error = 0.0142467, marker error: RMS = 0.0273829, max = 0.0455867 (LAnkle)
[2024-10-09 17:58:28.359] [info] Frame 221 (t = 7.4):	 total squared error = 0.0140639, marker error: RMS = 0.0272067, max = 0.0437381 (LAnkle)
[2024-10-09 17:58:28.451] [info] Frame 222 (t = 7.43333):	 total squared error = 0.0140776, marker error: RMS = 0.0272199, max = 0.0421099 (LAnkle)
[2024-10-09 17:58:28.499] [info] Frame 223 (t = 7.46667):	 total squared error = 0.0143692, marker error: RMS = 0.0275004, max = 0.0410241 (LAnkle)
[2024-10-09 17:58:28.564] [info] Frame 224 (t = 7.5):	 total squared error = 0.0150054, marker error: RMS = 0.0281026, max = 0.0416255 (RHeel)
[2024-10-09 17:58:28.618] [info] Frame 225 (t = 7.53333):	 total squared error = 0.0158018, marker error: RMS = 0.0288388, max = 0.0444669 (RHeel)
[2024-10-09 17:58:28.695] [info] Frame 226 (t = 7.56667):	 total squared error = 0.0164168, marker error: RMS = 0.0293946, max = 0.0453882 (RHeel)
[2024-10-09 17:58:28.760] [info] Frame 227 (t = 7.6):	 total squared error = 0.0166996, marker error: RMS = 0.0296467, max = 0.0470356 (LAnkle)
[2024-10-09 17:58:28.817] [info] Frame 228 (t = 7.63333):	 total squared error = 0.0167657, marker error: RMS = 0.0297053, max = 0.0482522 (LAnkle)
[2024-10-09 17:58:28.870] [info] Frame 229 (t = 7.66667):	 total squared error = 0.0167567, marker error: RMS = 0.0296973, max = 0.0490610 (LAnkle)
[2024-10-09 17:58:28.914] [info] Frame 230 (t = 7.7):	 total squared error = 0.016667, marker error: RMS = 0.0296178, max = 0.0493248 (LAnkle)
[2024-10-09 17:58:28.984] [info] Frame 231 (t = 7.73333):	 total squared error = 0.0164747, marker error: RMS = 0.0294463, max = 0.0492674 (LAnkle)
[2024-10-09 17:58:29.052] [info] Frame 232 (t = 7.76667):	 total squared error = 0.0161472, marker error: RMS = 0.0291523, max = 0.0484959 (LAnkle)
[2024-10-09 17:58:29.114] [info] Frame 233 (t = 7.8):	 total squared error = 0.0157061, marker error: RMS = 0.0287513, max = 0.0470903 (LAnkle)
[2024-10-09 17:58:29.173] [info] Frame 234 (t = 7.83333):	 total squared error = 0.0152442, marker error: RMS = 0.0283254, max = 0.0453045 (LAnkle)
[2024-10-09 17:58:29.218] [info] Frame 235 (t = 7.86667):	 total squared error = 0.0148769, marker error: RMS = 0.027982, max = 0.043936 (LAnkle)
[2024-10-09 17:58:29.267] [info] Frame 236 (t = 7.9):	 total squared error = 0.0146975, marker error: RMS = 0.0278128, max = 0.0434661 (LAnkle)
[2024-10-09 17:58:29.323] [info] Frame 237 (t = 7.93333):	 total squared error = 0.0146766, marker error: RMS = 0.027793, max = 0.0437313 (LAnkle)
[2024-10-09 17:58:29.388] [info] Frame 238 (t = 7.96667):	 total squared error = 0.0146544, marker error: RMS = 0.027772, max = 0.0438951 (LAnkle)
[2024-10-09 17:58:29.428] [info] Frame 239 (t = 8.0):	 total squared error = 0.0145089, marker error: RMS = 0.0276338, max = 0.0429937 (LAnkle)
[2024-10-09 17:58:29.460] [info] Frame 240 (t = 8.03333):	 total squared error = 0.0142313, marker error: RMS = 0.0273681, max = 0.0405957 (LAnkle)
[2024-10-09 17:58:29.537] [info] Frame 241 (t = 8.06667):	 total squared error = 0.0137839, marker error: RMS = 0.0269345, max = 0.0410738 (LHeel)
[2024-10-09 17:58:29.624] [info] Frame 242 (t = 8.1):	 total squared error = 0.0132799, marker error: RMS = 0.0264375, max = 0.0411681 (LHeel)
[2024-10-09 17:58:29.693] [info] Frame 243 (t = 8.13333):	 total squared error = 0.0127907, marker error: RMS = 0.025946, max = 0.0406229 (LHeel)
[2024-10-09 17:58:29.792] [info] Frame 244 (t = 8.16667):	 total squared error = 0.0124077, marker error: RMS = 0.0255546, max = 0.0396895 (LHeel)
[2024-10-09 17:58:29.836] [info] Frame 245 (t = 8.2):	 total squared error = 0.0122347, marker error: RMS = 0.0253758, max = 0.039148 (LShoulder)
[2024-10-09 17:58:29.889] [info] Frame 246 (t = 8.23333):	 total squared error = 0.0123298, marker error: RMS = 0.0254742, max = 0.0403204 (LShoulder)
[2024-10-09 17:58:29.935] [info] Frame 247 (t = 8.26667):	 total squared error = 0.0126831, marker error: RMS = 0.0258366, max = 0.041282 (LShoulder)
[2024-10-09 17:58:30.015] [info] Frame 248 (t = 8.3):	 total squared error = 0.0131876, marker error: RMS = 0.0263455, max = 0.0415918 (LShoulder)
[2024-10-09 17:58:30.075] [info] Frame 249 (t = 8.33333):	 total squared error = 0.0137685, marker error: RMS = 0.0269195, max = 0.0409602 (RShoulder)
[2024-10-09 17:58:30.158] [info] Frame 250 (t = 8.36667):	 total squared error = 0.014328, marker error: RMS = 0.027461, max = 0.0401222 (RShoulder)
[2024-10-09 17:58:30.245] [info] Frame 251 (t = 8.4):	 total squared error = 0.0148138, marker error: RMS = 0.0279226, max = 0.0411237 (LAnkle)
[2024-10-09 17:58:30.307] [info] Frame 252 (t = 8.43333):	 total squared error = 0.0151922, marker error: RMS = 0.028277, max = 0.0434203 (LAnkle)
[2024-10-09 17:58:30.359] [info] Frame 253 (t = 8.46667):	 total squared error = 0.015524, marker error: RMS = 0.0285842, max = 0.0448803 (LAnkle)
[2024-10-09 17:58:30.434] [info] Frame 254 (t = 8.5):	 total squared error = 0.0158095, marker error: RMS = 0.0288458, max = 0.0460174 (LAnkle)
[2024-10-09 17:58:30.479] [info] Frame 255 (t = 8.53333):	 total squared error = 0.0160617, marker error: RMS = 0.0290749, max = 0.0468891 (LAnkle)
[2024-10-09 17:58:30.548] [info] Frame 256 (t = 8.56667):	 total squared error = 0.0161348, marker error: RMS = 0.0291411, max = 0.047136 (LAnkle)
[2024-10-09 17:58:30.626] [info] Frame 257 (t = 8.6):	 total squared error = 0.0160541, marker error: RMS = 0.0290681, max = 0.0467216 (LAnkle)
[2024-10-09 17:58:30.707] [info] Frame 258 (t = 8.63333):	 total squared error = 0.0158716, marker error: RMS = 0.0289024, max = 0.0458233 (LAnkle)
[2024-10-09 17:58:30.747] [info] Frame 259 (t = 8.66667):	 total squared error = 0.0156781, marker error: RMS = 0.0287256, max = 0.0448719 (LAnkle)
[2024-10-09 17:58:30.792] [info] Frame 260 (t = 8.7):	 total squared error = 0.0155345, marker error: RMS = 0.0285938, max = 0.0445706 (LAnkle)
[2024-10-09 17:58:30.833] [info] Frame 261 (t = 8.73333):	 total squared error = 0.0154917, marker error: RMS = 0.0285544, max = 0.0451063 (LAnkle)
[2024-10-09 17:58:30.904] [info] Frame 262 (t = 8.76667):	 total squared error = 0.0155255, marker error: RMS = 0.0285855, max = 0.0459618 (LAnkle)
[2024-10-09 17:58:30.959] [info] Frame 263 (t = 8.8):	 total squared error = 0.0155532, marker error: RMS = 0.028611, max = 0.0462974 (LAnkle)
[2024-10-09 17:58:31.003] [info] Frame 264 (t = 8.83333):	 total squared error = 0.0155465, marker error: RMS = 0.0286049, max = 0.0459417 (LAnkle)
[2024-10-09 17:58:31.088] [info] Frame 265 (t = 8.86667):	 total squared error = 0.0155214, marker error: RMS = 0.0285817, max = 0.0450556 (LAnkle)
[2024-10-09 17:58:31.200] [info] Frame 266 (t = 8.9):	 total squared error = 0.0155495, marker error: RMS = 0.0286076, max = 0.0446208 (LAnkle)
[2024-10-09 17:58:31.248] [info] Frame 267 (t = 8.93333):	 total squared error = 0.0157241, marker error: RMS = 0.0287677, max = 0.0450856 (LAnkle)
[2024-10-09 17:58:31.338] [info] Frame 268 (t = 8.96667):	 total squared error = 0.0159617, marker error: RMS = 0.0289843, max = 0.0458611 (LAnkle)
[2024-10-09 17:58:31.405] [info] Frame 269 (t = 9.0):	 total squared error = 0.0162159, marker error: RMS = 0.0292142, max = 0.0467395 (LAnkle)
[2024-10-09 17:58:31.452] [info] Frame 270 (t = 9.03333):	 total squared error = 0.0163275, marker error: RMS = 0.0293146, max = 0.0473789 (LAnkle)
[2024-10-09 17:58:31.533] [info] Frame 271 (t = 9.06667):	 total squared error = 0.0162118, marker error: RMS = 0.0292105, max = 0.0476691 (LAnkle)
[2024-10-09 17:58:31.615] [info] Frame 272 (t = 9.1):	 total squared error = 0.0159308, marker error: RMS = 0.0289562, max = 0.0477679 (LAnkle)
[2024-10-09 17:58:31.693] [info] Frame 273 (t = 9.13333):	 total squared error = 0.0155773, marker error: RMS = 0.0286332, max = 0.0476571 (LAnkle)
[2024-10-09 17:58:31.755] [info] Frame 274 (t = 9.16667):	 total squared error = 0.0152299, marker error: RMS = 0.0283121, max = 0.0474941 (LAnkle)
[2024-10-09 17:58:31.808] [info] Frame 275 (t = 9.2):	 total squared error = 0.0149114, marker error: RMS = 0.0280144, max = 0.0472266 (LAnkle)
[2024-10-09 17:58:31.870] [info] Frame 276 (t = 9.23333):	 total squared error = 0.0146223, marker error: RMS = 0.0277415, max = 0.0468751 (LAnkle)
[2024-10-09 17:58:31.926] [info] Frame 277 (t = 9.26667):	 total squared error = 0.0144071, marker error: RMS = 0.0275366, max = 0.0463153 (LAnkle)
[2024-10-09 17:58:31.978] [info] Frame 278 (t = 9.3):	 total squared error = 0.0143026, marker error: RMS = 0.0274366, max = 0.0456748 (LAnkle)
[2024-10-09 17:58:32.074] [info] Frame 279 (t = 9.33333):	 total squared error = 0.0142783, marker error: RMS = 0.0274133, max = 0.0450142 (LAnkle)
[2024-10-09 17:58:32.111] [info] Frame 280 (t = 9.36667):	 total squared error = 0.0142663, marker error: RMS = 0.0274018, max = 0.0444881 (LAnkle)
[2024-10-09 17:58:32.181] [info] Frame 281 (t = 9.4):	 total squared error = 0.0142382, marker error: RMS = 0.0273748, max = 0.0444057 (LAnkle)
[2024-10-09 17:58:32.248] [info] Frame 282 (t = 9.43333):	 total squared error = 0.0142217, marker error: RMS = 0.0273589, max = 0.0447659 (LAnkle)
[2024-10-09 17:58:32.335] [info] Frame 283 (t = 9.46667):	 total squared error = 0.014219, marker error: RMS = 0.0273563, max = 0.0451272 (LAnkle)
[2024-10-09 17:58:32.379] [info] Frame 284 (t = 9.5):	 total squared error = 0.0141623, marker error: RMS = 0.0273017, max = 0.0450281 (LAnkle)
[2024-10-09 17:58:32.457] [info] Frame 285 (t = 9.53333):	 total squared error = 0.0139803, marker error: RMS = 0.0271257, max = 0.0437867 (LAnkle)
[2024-10-09 17:58:32.509] [info] Frame 286 (t = 9.56667):	 total squared error = 0.0137813, marker error: RMS = 0.026932, max = 0.0418301 (LAnkle)
[2024-10-09 17:58:32.582] [info] Frame 287 (t = 9.6):	 total squared error = 0.0137225, marker error: RMS = 0.0268744, max = 0.0400622 (LAnkle)
[2024-10-09 17:58:32.700] [info] Frame 288 (t = 9.63333):	 total squared error = 0.0139412, marker error: RMS = 0.0270878, max = 0.0392041 (LAnkle)
[2024-10-09 17:58:32.768] [info] Frame 289 (t = 9.66667):	 total squared error = 0.0143718, marker error: RMS = 0.0275029, max = 0.0394565 (LHeel)
[2024-10-09 17:58:32.877] [info] Frame 290 (t = 9.7):	 total squared error = 0.0148187, marker error: RMS = 0.0279273, max = 0.0399104 (LHeel)
[2024-10-09 17:58:32.957] [info] Frame 291 (t = 9.73333):	 total squared error = 0.0151895, marker error: RMS = 0.0282745, max = 0.0403321 (LAnkle)
[2024-10-09 17:58:33.052] [info] Frame 292 (t = 9.76667):	 total squared error = 0.0153873, marker error: RMS = 0.028458, max = 0.0409177 (LAnkle)
[2024-10-09 17:58:33.087] [info] Frame 293 (t = 9.8):	 total squared error = 0.0154565, marker error: RMS = 0.0285219, max = 0.0413847 (LAnkle)
[2024-10-09 17:58:33.153] [info] Frame 294 (t = 9.83333):	 total squared error = 0.0153357, marker error: RMS = 0.0284102, max = 0.0416997 (LAnkle)
[2024-10-09 17:58:33.227] [info] Frame 295 (t = 9.86667):	 total squared error = 0.0150460, marker error: RMS = 0.0281406, max = 0.0406095 (LAnkle)
[2024-10-09 17:58:33.268] [info] Frame 296 (t = 9.9):	 total squared error = 0.0146355, marker error: RMS = 0.0277541, max = 0.0409216 (LShoulder)
[2024-10-09 17:58:33.347] [info] Frame 297 (t = 9.93333):	 total squared error = 0.0142462, marker error: RMS = 0.0273825, max = 0.0416379 (LShoulder)
[2024-10-09 17:58:33.393] [info] Frame 298 (t = 9.96667):	 total squared error = 0.0140878, marker error: RMS = 0.0272299, max = 0.0416975 (LShoulder)
[2024-10-09 17:58:33.468] [info] Frame 299 (t = 10.0):	 total squared error = 0.0142058, marker error: RMS = 0.0273436, max = 0.0415493 (LShoulder)
[2024-10-09 17:58:33.496] [info] Frame 300 (t = 10.0333):	 total squared error = 0.0145025, marker error: RMS = 0.0276277, max = 0.0421686 (LShoulder)
[2024-10-09 17:58:33.529] [info] Frame 301 (t = 10.0667):	 total squared error = 0.0148067, marker error: RMS = 0.0279159, max = 0.0439312 (LShoulder)
[2024-10-09 17:58:33.569] [info] Frame 302 (t = 10.1):	 total squared error = 0.0150036, marker error: RMS = 0.0281010, max = 0.0461924 (LShoulder)
[2024-10-09 17:58:33.634] [info] Frame 303 (t = 10.1333):	 total squared error = 0.0150804, marker error: RMS = 0.0281728, max = 0.04847 (LShoulder)
[2024-10-09 17:58:33.699] [info] Frame 304 (t = 10.1667):	 total squared error = 0.0150122, marker error: RMS = 0.0281090, max = 0.0503900 (LShoulder)
[2024-10-09 17:58:33.724] [info] Frame 305 (t = 10.2):	 total squared error = 0.0148203, marker error: RMS = 0.0279288, max = 0.0515775 (LShoulder)
[2024-10-09 17:58:33.773] [info] Frame 306 (t = 10.2333):	 total squared error = 0.0146206, marker error: RMS = 0.0277399, max = 0.0517908 (LShoulder)
[2024-10-09 17:58:33.842] [info] Frame 307 (t = 10.2667):	 total squared error = 0.0144999, marker error: RMS = 0.0276252, max = 0.0512914 (LShoulder)
[2024-10-09 17:58:33.905] [info] Frame 308 (t = 10.3):	 total squared error = 0.0144039, marker error: RMS = 0.0275337, max = 0.0500844 (LShoulder)
[2024-10-09 17:58:33.970] [info] Frame 309 (t = 10.3333):	 total squared error = 0.0142543, marker error: RMS = 0.0273902, max = 0.0482851 (LShoulder)
[2024-10-09 17:58:34.023] [info] Frame 310 (t = 10.3667):	 total squared error = 0.0141235, marker error: RMS = 0.0272643, max = 0.0463366 (LShoulder)
[2024-10-09 17:58:34.130] [info] Frame 311 (t = 10.4):	 total squared error = 0.0141302, marker error: RMS = 0.0272708, max = 0.0444414 (LShoulder)
[2024-10-09 17:58:34.205] [info] Frame 312 (t = 10.4333):	 total squared error = 0.0143347, marker error: RMS = 0.0274673, max = 0.0421874 (LShoulder)
[2024-10-09 17:58:34.281] [info] Frame 313 (t = 10.4667):	 total squared error = 0.0146891, marker error: RMS = 0.0278049, max = 0.0401423 (RShoulder)
[2024-10-09 17:58:34.327] [info] Frame 314 (t = 10.5):	 total squared error = 0.015123, marker error: RMS = 0.0282125, max = 0.0419090 (LAnkle)
[2024-10-09 17:58:34.399] [info] Frame 315 (t = 10.5333):	 total squared error = 0.0155061, marker error: RMS = 0.0285677, max = 0.0443131 (LAnkle)
[2024-10-09 17:58:34.458] [info] Frame 316 (t = 10.5667):	 total squared error = 0.015765, marker error: RMS = 0.0288052, max = 0.0453461 (LAnkle)
[2024-10-09 17:58:34.514] [info] Frame 317 (t = 10.6):	 total squared error = 0.0159134, marker error: RMS = 0.0289405, max = 0.0452292 (LAnkle)
[2024-10-09 17:58:34.553] [info] Frame 318 (t = 10.6333):	 total squared error = 0.0160099, marker error: RMS = 0.0290281, max = 0.0444577 (LAnkle)
[2024-10-09 17:58:34.607] [info] Frame 319 (t = 10.6667):	 total squared error = 0.0160956, marker error: RMS = 0.0291056, max = 0.043892 (LAnkle)
[2024-10-09 17:58:34.648] [info] Frame 320 (t = 10.7):	 total squared error = 0.0161176, marker error: RMS = 0.0291255, max = 0.0432688 (LAnkle)
[2024-10-09 17:58:34.671] [info] Frame 321 (t = 10.7333):	 total squared error = 0.015976, marker error: RMS = 0.0289973, max = 0.0429764 (LAnkle)
[2024-10-09 17:58:34.717] [info] Frame 322 (t = 10.7667):	 total squared error = 0.0156798, marker error: RMS = 0.0287272, max = 0.0427827 (LAnkle)
[2024-10-09 17:58:34.773] [info] Frame 323 (t = 10.8):	 total squared error = 0.0153004, marker error: RMS = 0.0283776, max = 0.0424095 (LAnkle)
[2024-10-09 17:58:34.801] [info] Frame 324 (t = 10.8333):	 total squared error = 0.0149504, marker error: RMS = 0.0280511, max = 0.0415212 (LAnkle)
[2024-10-09 17:58:34.860] [info] Frame 325 (t = 10.8667):	 total squared error = 0.014629, marker error: RMS = 0.0277479, max = 0.0395358 (LAnkle)
[2024-10-09 17:58:34.986] [info] Frame 326 (t = 10.9):	 total squared error = 0.0143842, marker error: RMS = 0.0275148, max = 0.0376714 (LHeel)
[2024-10-09 17:58:35.062] [info] Frame 327 (t = 10.9333):	 total squared error = 0.0142475, marker error: RMS = 0.0273837, max = 0.037177 (LHeel)
[2024-10-09 17:58:35.141] [info] Frame 328 (t = 10.9667):	 total squared error = 0.0142076, marker error: RMS = 0.0273454, max = 0.0366665 (LShoulder)
[2024-10-09 17:58:35.172] [info] Frame 329 (t = 11.0):	 total squared error = 0.0142625, marker error: RMS = 0.0273982, max = 0.0374406 (LShoulder)
[2024-10-09 17:58:35.228] [info] Frame 330 (t = 11.0333):	 total squared error = 0.0143679, marker error: RMS = 0.0274992, max = 0.0382557 (LShoulder)
[2024-10-09 17:58:35.264] [info] Frame 331 (t = 11.0667):	 total squared error = 0.0144587, marker error: RMS = 0.0275859, max = 0.039548 (LShoulder)
[2024-10-09 17:58:35.334] [info] Frame 332 (t = 11.1):	 total squared error = 0.0144715, marker error: RMS = 0.0275982, max = 0.0409929 (LShoulder)
[2024-10-09 17:58:35.405] [info] Frame 333 (t = 11.1333):	 total squared error = 0.0144712, marker error: RMS = 0.0275978, max = 0.0422889 (LShoulder)
[2024-10-09 17:58:35.422] [info] Frame 334 (t = 11.1667):	 total squared error = 0.0146503, marker error: RMS = 0.0277681, max = 0.0431201 (LShoulder)
[2024-10-09 17:58:35.490] [info] Frame 335 (t = 11.2):	 total squared error = 0.0149295, marker error: RMS = 0.0280314, max = 0.044869 (LShoulder)
[2024-10-09 17:58:35.532] [info] Frame 336 (t = 11.2333):	 total squared error = 0.0155477, marker error: RMS = 0.0286059, max = 0.047533 (LShoulder)
[2024-10-09 17:58:35.604] [info] Frame 337 (t = 11.2667):	 total squared error = 0.0162643, marker error: RMS = 0.0292578, max = 0.0505605 (LShoulder)
[2024-10-09 17:58:35.666] [info] Frame 338 (t = 11.3):	 total squared error = 0.0167901, marker error: RMS = 0.0297269, max = 0.0535769 (LShoulder)
[2024-10-09 17:58:35.737] [info] Frame 339 (t = 11.3333):	 total squared error = 0.0170169, marker error: RMS = 0.029927, max = 0.056229 (LShoulder)
[2024-10-09 17:58:35.790] [info] Frame 340 (t = 11.3667):	 total squared error = 0.0170559, marker error: RMS = 0.0299613, max = 0.0585831 (LShoulder)
[2024-10-09 17:58:35.818] [info] Frame 341 (t = 11.4):	 total squared error = 0.0169767, marker error: RMS = 0.0298916, max = 0.0606624 (LShoulder)
[2024-10-09 17:58:35.861] [info] Frame 342 (t = 11.4333):	 total squared error = 0.016771, marker error: RMS = 0.02971, max = 0.0611637 (LShoulder)
[2024-10-09 17:58:35.920] [info] Frame 343 (t = 11.4667):	 total squared error = 0.0163314, marker error: RMS = 0.029318, max = 0.0606882 (LShoulder)
[2024-10-09 17:58:35.981] [info] Frame 344 (t = 11.5):	 total squared error = 0.0156248, marker error: RMS = 0.0286768, max = 0.0588972 (LShoulder)
[2024-10-09 17:58:36.015] [info] Frame 345 (t = 11.5333):	 total squared error = 0.0148109, marker error: RMS = 0.0279199, max = 0.0561547 (LShoulder)
[2024-10-09 17:58:36.096] [info] Frame 346 (t = 11.5667):	 total squared error = 0.0140752, marker error: RMS = 0.0272177, max = 0.0536291 (LShoulder)
[2024-10-09 17:58:36.177] [info] Frame 347 (t = 11.6):	 total squared error = 0.0137553, marker error: RMS = 0.0269066, max = 0.052266 (LShoulder)
[2024-10-09 17:58:36.279] [info] Frame 348 (t = 11.6333):	 total squared error = 0.013868, marker error: RMS = 0.0270166, max = 0.0526389 (LShoulder)
[2024-10-09 17:58:36.333] [info] Frame 349 (t = 11.6667):	 total squared error = 0.0141591, marker error: RMS = 0.0272986, max = 0.053547 (LShoulder)
[2024-10-09 17:58:36.545] [info] Frame 350 (t = 11.7):	 total squared error = 0.0141552, marker error: RMS = 0.0272948, max = 0.0540727 (LShoulder)
[2024-10-09 17:58:36.604] [info] Frame 351 (t = 11.7333):	 total squared error = 0.0137384, marker error: RMS = 0.02689, max = 0.0526504 (LShoulder)
[2024-10-09 17:58:36.668] [info] Frame 352 (t = 11.7667):	 total squared error = 0.0129773, marker error: RMS = 0.0261346, max = 0.0495692 (LShoulder)
[2024-10-09 17:58:36.699] [info] Frame 353 (t = 11.8):	 total squared error = 0.0121543, marker error: RMS = 0.0252923, max = 0.0462339 (LShoulder)
[2024-10-09 17:58:36.739] [info] Frame 354 (t = 11.8333):	 total squared error = 0.0114977, marker error: RMS = 0.0245996, max = 0.0441306 (RShoulder)
[2024-10-09 17:58:36.840] [info] Frame 355 (t = 11.8667):	 total squared error = 0.0111799, marker error: RMS = 0.0242573, max = 0.0445341 (RShoulder)
[2024-10-09 17:58:36.926] [info] Frame 356 (t = 11.9):	 total squared error = 0.0112361, marker error: RMS = 0.0243182, max = 0.0458025 (RShoulder)
[2024-10-09 17:58:37.023] [info] Frame 357 (t = 11.9333):	 total squared error = 0.0115996, marker error: RMS = 0.0247084, max = 0.0477217 (LShoulder)
[2024-10-09 17:58:37.099] [info] Frame 358 (t = 11.9667):	 total squared error = 0.0120967, marker error: RMS = 0.0252323, max = 0.0495204 (LShoulder)
[2024-10-09 17:58:37.154] [info] Frame 359 (t = 12.0):	 total squared error = 0.0125183, marker error: RMS = 0.0256683, max = 0.0503887 (LShoulder)
[2024-10-09 17:58:37.211] [info] Frame 360 (t = 12.0333):	 total squared error = 0.0127356, marker error: RMS = 0.0258901, max = 0.0504790 (LShoulder)
[2024-10-09 17:58:37.244] [info] Frame 361 (t = 12.0667):	 total squared error = 0.0127132, marker error: RMS = 0.0258673, max = 0.0499793 (LShoulder)
[2024-10-09 17:58:37.314] [info] Frame 362 (t = 12.1):	 total squared error = 0.012538, marker error: RMS = 0.0256884, max = 0.04854 (LShoulder)
[2024-10-09 17:58:37.372] [info] Frame 363 (t = 12.1333):	 total squared error = 0.0122633, marker error: RMS = 0.0254054, max = 0.0468109 (LShoulder)
[2024-10-09 17:58:37.440] [info] Frame 364 (t = 12.1667):	 total squared error = 0.011938, marker error: RMS = 0.0250663, max = 0.0459436 (RShoulder)
[2024-10-09 17:58:37.521] [info] Frame 365 (t = 12.2):	 total squared error = 0.0115991, marker error: RMS = 0.0247079, max = 0.0455877 (RShoulder)
[2024-10-09 17:58:37.603] [info] Frame 366 (t = 12.2333):	 total squared error = 0.0113368, marker error: RMS = 0.0244269, max = 0.0453573 (RShoulder)
[2024-10-09 17:58:37.654] [info] Frame 367 (t = 12.2667):	 total squared error = 0.0112542, marker error: RMS = 0.0243377, max = 0.0449308 (RShoulder)
[2024-10-09 17:58:37.711] [info] Frame 368 (t = 12.3):	 total squared error = 0.0112879, marker error: RMS = 0.0243742, max = 0.0444258 (RShoulder)
[2024-10-09 17:58:37.766] [info] Frame 369 (t = 12.3333):	 total squared error = 0.0112499, marker error: RMS = 0.0243331, max = 0.0436462 (RShoulder)
[2024-10-09 17:58:37.831] [info] Frame 370 (t = 12.3667):	 total squared error = 0.0109196, marker error: RMS = 0.0239733, max = 0.0426292 (RShoulder)
[2024-10-09 17:58:37.901] [info] Frame 371 (t = 12.4):	 total squared error = 0.0103205, marker error: RMS = 0.0233063, max = 0.0416358 (RShoulder)
[2024-10-09 17:58:37.962] [info] Frame 372 (t = 12.4333):	 total squared error = 0.00971205, marker error: RMS = 0.0226089, max = 0.0407973 (RShoulder)
[2024-10-09 17:58:38.055] [info] Frame 373 (t = 12.4667):	 total squared error = 0.00917594, marker error: RMS = 0.021976, max = 0.0401638 (RShoulder)
[2024-10-09 17:58:38.144] [info] Frame 374 (t = 12.5):	 total squared error = 0.00859923, marker error: RMS = 0.0212742, max = 0.0397362 (RShoulder)
[2024-10-09 17:58:38.225] [info] Frame 375 (t = 12.5333):	 total squared error = 0.00794982, marker error: RMS = 0.0204551, max = 0.039168 (RShoulder)
[2024-10-09 17:58:38.256] [info] Frame 376 (t = 12.5667):	 total squared error = 0.00740338, marker error: RMS = 0.0197396, max = 0.0387413 (RShoulder)
[2024-10-09 17:58:38.324] [info] Frame 377 (t = 12.6):	 total squared error = 0.00699269, marker error: RMS = 0.0191843, max = 0.0372939 (RShoulder)
[2024-10-09 17:58:38.367] [info] Frame 378 (t = 12.6333):	 total squared error = 0.00662585, marker error: RMS = 0.0186743, max = 0.0361542 (RShoulder)
[2024-10-09 17:58:38.413] [info] Frame 379 (t = 12.6667):	 total squared error = 0.00609085, marker error: RMS = 0.0179045, max = 0.0345776 (RShoulder)
[2024-10-09 17:58:38.508] [info] Frame 380 (t = 12.7):	 total squared error = 0.00534843, marker error: RMS = 0.0167779, max = 0.0325209 (RShoulder)
[2024-10-09 17:58:38.569] [info] Frame 381 (t = 12.7333):	 total squared error = 0.00457301, marker error: RMS = 0.015514, max = 0.0304916 (RShoulder)
[2024-10-09 17:58:38.609] [info] Frame 382 (t = 12.7667):	 total squared error = 0.00397524, marker error: RMS = 0.0144646, max = 0.0287166 (RShoulder)
[2024-10-09 17:58:38.647] [info] Frame 383 (t = 12.8):	 total squared error = 0.00362141, marker error: RMS = 0.0138058, max = 0.0274835 (RShoulder)
[2024-10-09 17:58:38.731] [info] Frame 384 (t = 12.8333):	 total squared error = 0.00346267, marker error: RMS = 0.0134999, max = 0.0270777 (RShoulder)
[2024-10-09 17:58:38.787] [info] Frame 385 (t = 12.8667):	 total squared error = 0.00353967, marker error: RMS = 0.0136491, max = 0.028257 (RShoulder)
[2024-10-09 17:58:38.875] [info] Frame 386 (t = 12.9):	 total squared error = 0.00384443, marker error: RMS = 0.0142246, max = 0.0310498 (RShoulder)
[2024-10-09 17:58:38.922] [info] Frame 387 (t = 12.9333):	 total squared error = 0.00433455, marker error: RMS = 0.0151041, max = 0.0341691 (RShoulder)
[2024-10-09 17:58:38.984] [info] Frame 388 (t = 12.9667):	 total squared error = 0.00491340, marker error: RMS = 0.0160810, max = 0.0369867 (RShoulder)
[2024-10-09 17:58:39.043] [info] Frame 389 (t = 13.0):	 total squared error = 0.00556539, marker error: RMS = 0.0171148, max = 0.0386624 (RShoulder)
[2024-10-09 17:58:39.097] [info] Frame 390 (t = 13.0333):	 total squared error = 0.00620362, marker error: RMS = 0.0180695, max = 0.038872 (RShoulder)
[2024-10-09 17:58:39.168] [info] Frame 391 (t = 13.0667):	 total squared error = 0.00673426, marker error: RMS = 0.0188264, max = 0.0379826 (LShoulder)
[2024-10-09 17:58:39.236] [info] Frame 392 (t = 13.1):	 total squared error = 0.00691784, marker error: RMS = 0.0190813, max = 0.0364072 (LShoulder)
[2024-10-09 17:58:39.282] [info] Frame 393 (t = 13.1333):	 total squared error = 0.00658887, marker error: RMS = 0.0186221, max = 0.0343399 (LShoulder)
[2024-10-09 17:58:39.350] [info] Frame 394 (t = 13.1667):	 total squared error = 0.00596663, marker error: RMS = 0.017721, max = 0.0322912 (LShoulder)
[2024-10-09 17:58:39.397] [info] Frame 395 (t = 13.2):	 total squared error = 0.00549152, marker error: RMS = 0.0170008, max = 0.0305790 (LShoulder)
[2024-10-09 17:58:39.446] [info] Frame 396 (t = 13.2333):	 total squared error = 0.00531794, marker error: RMS = 0.01673, max = 0.0292275 (LShoulder)
[2024-10-09 17:58:39.484] [info] Frame 397 (t = 13.2667):	 total squared error = 0.00529488, marker error: RMS = 0.0166936, max = 0.0292059 (LShoulder)
[2024-10-09 17:58:39.551] [info] Frame 398 (t = 13.3):	 total squared error = 0.00519241, marker error: RMS = 0.0165313, max = 0.0290711 (LShoulder)
[2024-10-09 17:58:39.619] [info] Frame 399 (t = 13.3333):	 total squared error = 0.00496458, marker error: RMS = 0.0161646, max = 0.0299304 (LShoulder)
[2024-10-09 17:58:39.669] [info] Frame 400 (t = 13.3667):	 total squared error = 0.00469610, marker error: RMS = 0.0157214, max = 0.0306658 (LShoulder)
[2024-10-09 17:58:39.702] [info] Frame 401 (t = 13.4):	 total squared error = 0.00444907, marker error: RMS = 0.0153023, max = 0.0308538 (LShoulder)
[2024-10-09 17:58:39.759] [info] Frame 402 (t = 13.4333):	 total squared error = 0.00432667, marker error: RMS = 0.0150904, max = 0.0300082 (LShoulder)
[2024-10-09 17:58:39.805] [info] Frame 403 (t = 13.4667):	 total squared error = 0.00442901, marker error: RMS = 0.0152678, max = 0.0285955 (RShoulder)
[2024-10-09 17:58:39.879] [info] Frame 404 (t = 13.5):	 total squared error = 0.00471275, marker error: RMS = 0.0157493, max = 0.0282481 (RShoulder)
[2024-10-09 17:58:39.943] [info] Frame 405 (t = 13.5333):	 total squared error = 0.00496968, marker error: RMS = 0.0161729, max = 0.0292518 (RHeel)
[2024-10-09 17:58:39.990] [info] Frame 406 (t = 13.5667):	 total squared error = 0.00504101, marker error: RMS = 0.0162885, max = 0.0281158 (RHeel)
[2024-10-09 17:58:40.042] [info] Frame 407 (t = 13.6):	 total squared error = 0.00508483, marker error: RMS = 0.0163592, max = 0.0270107 (RShoulder)
[2024-10-09 17:58:40.123] [info] Frame 408 (t = 13.6333):	 total squared error = 0.00522778, marker error: RMS = 0.0165875, max = 0.0272183 (RShoulder)
[2024-10-09 17:58:40.169] [info] Frame 409 (t = 13.6667):	 total squared error = 0.00542355, marker error: RMS = 0.0168953, max = 0.0276212 (RShoulder)
[2024-10-09 17:58:40.214] [info] Frame 410 (t = 13.7):	 total squared error = 0.00554295, marker error: RMS = 0.0170802, max = 0.0287595 (RKnee)
[2024-10-09 17:58:40.291] [info] Frame 411 (t = 13.7333):	 total squared error = 0.00536356, marker error: RMS = 0.0168016, max = 0.0284612 (RKnee)
[2024-10-09 17:58:40.341] [info] Frame 412 (t = 13.7667):	 total squared error = 0.00497208, marker error: RMS = 0.0161768, max = 0.0274004 (RShoulder)
[2024-10-09 17:58:40.427] [info] Frame 413 (t = 13.8):	 total squared error = 0.00460776, marker error: RMS = 0.0155729, max = 0.0271907 (RShoulder)
[2024-10-09 17:58:40.508] [info] Frame 414 (t = 13.8333):	 total squared error = 0.00438858, marker error: RMS = 0.015198, max = 0.026578 (RShoulder)
[2024-10-09 17:58:40.577] [info] Frame 415 (t = 13.8667):	 total squared error = 0.00427362, marker error: RMS = 0.0149976, max = 0.0261878 (RShoulder)
[2024-10-09 17:58:40.637] [info] Frame 416 (t = 13.9):	 total squared error = 0.00425328, marker error: RMS = 0.0149618, max = 0.0264488 (RShoulder)
[2024-10-09 17:58:40.698] [info] Frame 417 (t = 13.9333):	 total squared error = 0.00436284, marker error: RMS = 0.0151533, max = 0.0272885 (RShoulder)
[2024-10-09 17:58:40.757] [info] Frame 418 (t = 13.9667):	 total squared error = 0.00461105, marker error: RMS = 0.0155784, max = 0.0282685 (RShoulder)
[2024-10-09 17:58:40.806] [info] Frame 419 (t = 14.0):	 total squared error = 0.00503221, marker error: RMS = 0.0162743, max = 0.0287254 (RShoulder)
[2024-10-09 17:58:40.859] [info] Frame 420 (t = 14.0333):	 total squared error = 0.00553456, marker error: RMS = 0.0170673, max = 0.0287267 (RShoulder)
[2024-10-09 17:58:40.923] [info] Frame 421 (t = 14.0667):	 total squared error = 0.00588299, marker error: RMS = 0.0175963, max = 0.0280879 (RShoulder)
[2024-10-09 17:58:40.978] [info] Frame 422 (t = 14.1):	 total squared error = 0.00598123, marker error: RMS = 0.0177426, max = 0.0282627 (RHeel)
[2024-10-09 17:58:41.039] [info] Frame 423 (t = 14.1333):	 total squared error = 0.00597936, marker error: RMS = 0.0177399, max = 0.0294296 (RHeel)
[2024-10-09 17:58:41.079] [info] Frame 424 (t = 14.1667):	 total squared error = 0.00609118, marker error: RMS = 0.0179050, max = 0.0295867 (LShoulder)
[2024-10-09 17:58:41.125] [info] Frame 425 (t = 14.2):	 total squared error = 0.00624283, marker error: RMS = 0.0181265, max = 0.0311502 (LKnee)
[2024-10-09 17:58:41.189] [info] Frame 426 (t = 14.2333):	 total squared error = 0.00625622, marker error: RMS = 0.0181459, max = 0.031554 (LKnee)
[2024-10-09 17:58:41.236] [info] Frame 427 (t = 14.2667):	 total squared error = 0.00597291, marker error: RMS = 0.0177303, max = 0.0307167 (LShoulder)
[2024-10-09 17:58:41.307] [info] Frame 428 (t = 14.3):	 total squared error = 0.00552123, marker error: RMS = 0.0170467, max = 0.0299585 (LShoulder)
[2024-10-09 17:58:41.350] [info] Frame 429 (t = 14.3333):	 total squared error = 0.00519928, marker error: RMS = 0.0165423, max = 0.0292555 (LKnee)
[2024-10-09 17:58:41.391] [info] Frame 430 (t = 14.3667):	 total squared error = 0.00507395, marker error: RMS = 0.0163417, max = 0.0296102 (LKnee)
[2024-10-09 17:58:41.476] [info] Frame 431 (t = 14.4):	 total squared error = 0.00492205, marker error: RMS = 0.0160952, max = 0.0278808 (LKnee)
[2024-10-09 17:58:41.552] [info] Frame 432 (t = 14.4333):	 total squared error = 0.00454875, marker error: RMS = 0.0154728, max = 0.0248299 (LShoulder)
[2024-10-09 17:58:41.624] [info] Frame 433 (t = 14.4667):	 total squared error = 0.00409404, marker error: RMS = 0.0146791, max = 0.0241419 (LShoulder)
[2024-10-09 17:58:41.676] [info] Frame 434 (t = 14.5):	 total squared error = 0.00382398, marker error: RMS = 0.0141867, max = 0.0236217 (LShoulder)
[2024-10-09 17:58:41.736] [info] Frame 435 (t = 14.5333):	 total squared error = 0.00374112, marker error: RMS = 0.0140321, max = 0.0228963 (LShoulder)
[2024-10-09 17:58:41.769] [info] Frame 436 (t = 14.5667):	 total squared error = 0.00371259, marker error: RMS = 0.0139785, max = 0.0226052 (LHeel)
[2024-10-09 17:58:41.827] [info] Frame 437 (t = 14.6):	 total squared error = 0.00377390, marker error: RMS = 0.0140935, max = 0.0256508 (LHeel)
[2024-10-09 17:58:41.891] [info] Frame 438 (t = 14.6333):	 total squared error = 0.00395416, marker error: RMS = 0.0144261, max = 0.0273872 (LHeel)
[2024-10-09 17:58:41.969] [info] Frame 439 (t = 14.6667):	 total squared error = 0.00413671, marker error: RMS = 0.0147554, max = 0.0274427 (LHeel)
[2024-10-09 17:58:42.037] [info] Frame 440 (t = 14.7):	 total squared error = 0.00422803, marker error: RMS = 0.0149174, max = 0.0267625 (LHeel)
[2024-10-09 17:58:42.114] [info] Frame 441 (t = 14.7333):	 total squared error = 0.00436929, marker error: RMS = 0.0151645, max = 0.027765 (LKnee)
[2024-10-09 17:58:42.184] [info] Frame 442 (t = 14.7667):	 total squared error = 0.00464362, marker error: RMS = 0.0156333, max = 0.0281611 (LKnee)
[2024-10-09 17:58:42.228] [info] Frame 443 (t = 14.8):	 total squared error = 0.00499383, marker error: RMS = 0.0162121, max = 0.0284038 (LHeel)
[2024-10-09 17:58:42.293] [info] Frame 444 (t = 14.8333):	 total squared error = 0.00537787, marker error: RMS = 0.016824, max = 0.0293702 (LHeel)
[2024-10-09 17:58:42.363] [info] Frame 445 (t = 14.8667):	 total squared error = 0.00574208, marker error: RMS = 0.0173843, max = 0.0313087 (RKnee)
[2024-10-09 17:58:42.468] [info] Frame 446 (t = 14.9):	 total squared error = 0.00582758, marker error: RMS = 0.0175133, max = 0.0335453 (RKnee)
[2024-10-09 17:58:42.554] [info] Frame 447 (t = 14.9333):	 total squared error = 0.00552607, marker error: RMS = 0.0170542, max = 0.0316469 (RKnee)
[2024-10-09 17:58:42.606] [info] Frame 448 (t = 14.9667):	 total squared error = 0.00506358, marker error: RMS = 0.016325, max = 0.0277463 (LHeel)
[2024-10-09 17:58:42.665] [info] Frame 449 (t = 15.0):	 total squared error = 0.00464314, marker error: RMS = 0.0156325, max = 0.0272541 (LHeel)
[2024-10-09 17:58:42.720] [info] Frame 450 (t = 15.0333):	 total squared error = 0.00435789, marker error: RMS = 0.0151447, max = 0.0264595 (LHeel)
[2024-10-09 17:58:42.789] [info] Frame 451 (t = 15.0667):	 total squared error = 0.00412665, marker error: RMS = 0.0147374, max = 0.02514 (LHeel)
[2024-10-09 17:58:42.844] [info] Frame 452 (t = 15.1):	 total squared error = 0.00385263, marker error: RMS = 0.0142397, max = 0.0230676 (LHeel)
[2024-10-09 17:58:42.910] [info] Frame 453 (t = 15.1333):	 total squared error = 0.00353743, marker error: RMS = 0.0136448, max = 0.0202223 (LHeel)
[2024-10-09 17:58:42.973] [info] Frame 454 (t = 15.1667):	 total squared error = 0.00329437, marker error: RMS = 0.0131677, max = 0.0188432 (Neck)
[2024-10-09 17:58:43.022] [info] Frame 455 (t = 15.2):	 total squared error = 0.00325127, marker error: RMS = 0.0130813, max = 0.0201604 (LShoulder)
[2024-10-09 17:58:43.078] [info] Frame 456 (t = 15.2333):	 total squared error = 0.00342200, marker error: RMS = 0.0134203, max = 0.021274 (LShoulder)
[2024-10-09 17:58:43.139] [info] Frame 457 (t = 15.2667):	 total squared error = 0.00374586, marker error: RMS = 0.0140410, max = 0.0217153 (LShoulder)
[2024-10-09 17:58:43.186] [info] Frame 458 (t = 15.3):	 total squared error = 0.00429655, marker error: RMS = 0.0150378, max = 0.0223629 (RHeel)
[2024-10-09 17:58:43.260] [info] Frame 459 (t = 15.3333):	 total squared error = 0.00491919, marker error: RMS = 0.0160905, max = 0.0230512 (LKnee)
[2024-10-09 17:58:43.323] [info] Frame 460 (t = 15.3667):	 total squared error = 0.00510238, marker error: RMS = 0.0163874, max = 0.0226777 (LKnee)
[2024-10-09 17:58:43.368] [info] Frame 461 (t = 15.4):	 total squared error = 0.00474580, marker error: RMS = 0.0158044, max = 0.0212327 (RHeel)
[2024-10-09 17:58:43.461] [info] Frame 462 (t = 15.4333):	 total squared error = 0.00434491, marker error: RMS = 0.0151222, max = 0.0221766 (RKnee)
[2024-10-09 17:58:43.535] [info] Frame 463 (t = 15.4667):	 total squared error = 0.00441945, marker error: RMS = 0.0152513, max = 0.028643 (LKnee)
[2024-10-09 17:58:43.594] [info] Frame 464 (t = 15.5):	 total squared error = 0.00468497, marker error: RMS = 0.0157028, max = 0.0337993 (LKnee)
[2024-10-09 17:58:43.678] [info] Frame 465 (t = 15.5333):	 total squared error = 0.00451097, marker error: RMS = 0.0154084, max = 0.0322754 (LKnee)
[2024-10-09 17:58:43.744] [info] Frame 466 (t = 15.5667):	 total squared error = 0.00388130, marker error: RMS = 0.0142926, max = 0.0247603 (LKnee)
[2024-10-09 17:58:43.818] [info] Frame 467 (t = 15.6):	 total squared error = 0.00321475, marker error: RMS = 0.0130076, max = 0.0209698 (LElbow)
[2024-10-09 17:58:43.883] [info] Frame 468 (t = 15.6333):	 total squared error = 0.00289902, marker error: RMS = 0.0123523, max = 0.0226211 (LElbow)
[2024-10-09 17:58:43.918] [info] Frame 469 (t = 15.6667):	 total squared error = 0.00296690, marker error: RMS = 0.0124961, max = 0.0236747 (LElbow)
[2024-10-09 17:58:43.959] [info] Frame 470 (t = 15.7):	 total squared error = 0.00325830, marker error: RMS = 0.0130954, max = 0.0227063 (LElbow)
[2024-10-09 17:58:44.048] [info] Frame 471 (t = 15.7333):	 total squared error = 0.00360029, marker error: RMS = 0.0137655, max = 0.0219437 (Neck)
[2024-10-09 17:58:44.106] [info] Frame 472 (t = 15.7667):	 total squared error = 0.00396245, marker error: RMS = 0.0144413, max = 0.0229928 (LHeel)
[2024-10-09 17:58:44.161] [info] Frame 473 (t = 15.8):	 total squared error = 0.00430589, marker error: RMS = 0.0150541, max = 0.0288906 (LHeel)
[2024-10-09 17:58:44.249] [info] Frame 474 (t = 15.8333):	 total squared error = 0.00446985, marker error: RMS = 0.015338, max = 0.0324612 (LHeel)
[2024-10-09 17:58:44.314] [info] Frame 475 (t = 15.8667):	 total squared error = 0.00435531, marker error: RMS = 0.0151402, max = 0.0332909 (LHeel)
[2024-10-09 17:58:44.372] [info] Frame 476 (t = 15.9):	 total squared error = 0.00407116, marker error: RMS = 0.014638, max = 0.0324889 (LHeel)
[2024-10-09 17:58:44.446] [info] Frame 477 (t = 15.9333):	 total squared error = 0.00392236, marker error: RMS = 0.014368, max = 0.0318635 (LHeel)
[2024-10-09 17:58:44.519] [info] Frame 478 (t = 15.9667):	 total squared error = 0.00421209, marker error: RMS = 0.0148892, max = 0.032322 (LHeel)
[2024-10-09 17:58:44.566] [info] Frame 479 (t = 16.0):	 total squared error = 0.00511652, marker error: RMS = 0.0164101, max = 0.0330526 (LHeel)
[2024-10-09 17:58:44.639] [info] Frame 480 (t = 16.0333):	 total squared error = 0.00652906, marker error: RMS = 0.0185374, max = 0.0330381 (LHeel)
[2024-10-09 17:58:44.683] [info] Frame 481 (t = 16.0667):	 total squared error = 0.00786148, marker error: RMS = 0.0203411, max = 0.0365894 (RKnee)
[2024-10-09 17:58:44.794] [info] Frame 482 (t = 16.1):	 total squared error = 0.00856437, marker error: RMS = 0.021231, max = 0.0396189 (RKnee)
[2024-10-09 17:58:44.873] [info] Frame 483 (t = 16.1333):	 total squared error = 0.00896146, marker error: RMS = 0.0217176, max = 0.0396543 (RKnee)
[2024-10-09 17:58:44.934] [info] Frame 484 (t = 16.1667):	 total squared error = 0.00922945, marker error: RMS = 0.0220400, max = 0.0354074 (RKnee)
[2024-10-09 17:58:44.991] [info] Frame 485 (t = 16.2):	 total squared error = 0.00916513, marker error: RMS = 0.021963, max = 0.0334818 (LHeel)
[2024-10-09 17:58:45.066] [info] Frame 486 (t = 16.2333):	 total squared error = 0.00894267, marker error: RMS = 0.0216949, max = 0.0348752 (LShoulder)
[2024-10-09 17:58:45.115] [info] Frame 487 (t = 16.2667):	 total squared error = 0.00898526, marker error: RMS = 0.0217465, max = 0.0366476 (LShoulder)
[2024-10-09 17:58:45.260] [info] Frame 488 (t = 16.3):	 total squared error = 0.00920376, marker error: RMS = 0.0220093, max = 0.037649 (LShoulder)
[2024-10-09 17:58:45.338] [info] Frame 489 (t = 16.3333):	 total squared error = 0.00938977, marker error: RMS = 0.0222306, max = 0.0372831 (LShoulder)
[2024-10-09 17:58:45.398] [info] Frame 490 (t = 16.3667):	 total squared error = 0.00942333, marker error: RMS = 0.0222703, max = 0.0352107 (LShoulder)
[2024-10-09 17:58:45.462] [info] Frame 491 (t = 16.4):	 total squared error = 0.00937987, marker error: RMS = 0.0222189, max = 0.0314068 (LShoulder)
[2024-10-09 17:58:45.526] [info] Frame 492 (t = 16.4333):	 total squared error = 0.00952997, marker error: RMS = 0.0223959, max = 0.0337192 (LKnee)
[2024-10-09 17:58:45.578] [info] Frame 493 (t = 16.4667):	 total squared error = 0.0101357, marker error: RMS = 0.0230967, max = 0.0430453 (LKnee)
[2024-10-09 17:58:45.631] [info] Frame 494 (t = 16.5):	 total squared error = 0.0111502, marker error: RMS = 0.024225, max = 0.0498523 (LKnee)
[2024-10-09 17:58:45.765] [info] Frame 495 (t = 16.5333):	 total squared error = 0.0122841, marker error: RMS = 0.025427, max = 0.0536218 (LKnee)
[2024-10-09 17:58:45.822] [info] Frame 496 (t = 16.5667):	 total squared error = 0.0129226, marker error: RMS = 0.0260794, max = 0.0550749 (LKnee)
[2024-10-09 17:58:45.891] [info] Frame 497 (t = 16.6):	 total squared error = 0.0126736, marker error: RMS = 0.025827, max = 0.0549494 (LKnee)
[2024-10-09 17:58:45.950] [info] Frame 498 (t = 16.6333):	 total squared error = 0.0118909, marker error: RMS = 0.0250168, max = 0.0543366 (LKnee)
[2024-10-09 17:58:45.997] [info] Frame 499 (t = 16.6667):	 total squared error = 0.0114775, marker error: RMS = 0.024578, max = 0.053978 (LKnee)
[2024-10-09 17:58:46.094] [info] Frame 500 (t = 16.7):	 total squared error = 0.0121719, marker error: RMS = 0.0253106, max = 0.0538157 (LKnee)
[2024-10-09 17:58:46.195] [info] Frame 501 (t = 16.7333):	 total squared error = 0.0140322, marker error: RMS = 0.027176, max = 0.0509684 (LKnee)
[2024-10-09 17:58:46.273] [info] Frame 502 (t = 16.7667):	 total squared error = 0.0161775, marker error: RMS = 0.0291796, max = 0.0580218 (LHeel)
[2024-10-09 17:58:46.461] [info] Frame 503 (t = 16.8):	 total squared error = 0.0173831, marker error: RMS = 0.0302473, max = 0.0636706 (LHeel)
[2024-10-09 17:58:46.513] [info] Frame 504 (t = 16.8333):	 total squared error = 0.0170810, marker error: RMS = 0.0299833, max = 0.0602278 (LHeel)
[2024-10-09 17:58:46.553] [info] Frame 505 (t = 16.8667):	 total squared error = 0.015663, marker error: RMS = 0.0287118, max = 0.0558514 (LAnkle)
[2024-10-09 17:58:46.589] [info] Frame 506 (t = 16.9):	 total squared error = 0.0142507, marker error: RMS = 0.0273868, max = 0.05286 (LAnkle)
[2024-10-09 17:58:46.626] [info] Frame 507 (t = 16.9333):	 total squared error = 0.0133709, marker error: RMS = 0.026528, max = 0.0512669 (LAnkle)
[2024-10-09 17:58:46.693] [info] Frame 508 (t = 16.9667):	 total squared error = 0.0130631, marker error: RMS = 0.0262208, max = 0.0508072 (LAnkle)
[2024-10-09 17:58:46.735] [info] Frame 509 (t = 17.0):	 total squared error = 0.0130363, marker error: RMS = 0.0261939, max = 0.0508318 (LAnkle)
[2024-10-09 17:58:46.803] [info] Frame 510 (t = 17.0333):	 total squared error = 0.0130177, marker error: RMS = 0.0261752, max = 0.0503262 (LAnkle)
[2024-10-09 17:58:46.847] [info] Frame 511 (t = 17.0667):	 total squared error = 0.0128146, marker error: RMS = 0.0259702, max = 0.0491076 (LAnkle)
[2024-10-09 17:58:46.921] [info] Frame 512 (t = 17.1):	 total squared error = 0.0124754, marker error: RMS = 0.0256242, max = 0.0477985 (LAnkle)
[2024-10-09 17:58:46.997] [info] Frame 513 (t = 17.1333):	 total squared error = 0.0122459, marker error: RMS = 0.0253874, max = 0.0476702 (LAnkle)
[2024-10-09 17:58:47.028] [info] Frame 514 (t = 17.1667):	 total squared error = 0.0124109, marker error: RMS = 0.0255579, max = 0.0495797 (LAnkle)
[2024-10-09 17:58:47.084] [info] Frame 515 (t = 17.2):	 total squared error = 0.0133303, marker error: RMS = 0.0264876, max = 0.0521784 (LAnkle)
[2024-10-09 17:58:47.127] [info] Frame 516 (t = 17.2333):	 total squared error = 0.0149556, marker error: RMS = 0.0280559, max = 0.0543313 (LAnkle)
[2024-10-09 17:58:47.188] [info] Frame 517 (t = 17.2667):	 total squared error = 0.016599, marker error: RMS = 0.0295572, max = 0.0549519 (LAnkle)
[2024-10-09 17:58:47.275] [info] Frame 518 (t = 17.3):	 total squared error = 0.0173921, marker error: RMS = 0.0302552, max = 0.0535915 (LAnkle)
[2024-10-09 17:58:47.354] [info] Frame 519 (t = 17.3333):	 total squared error = 0.0170764, marker error: RMS = 0.0299793, max = 0.0542956 (LSmallToe)
[2024-10-09 17:58:47.402] [info] Frame 520 (t = 17.3667):	 total squared error = 0.0161859, marker error: RMS = 0.0291872, max = 0.0569647 (LSmallToe)
[2024-10-09 17:58:47.488] [info] Frame 521 (t = 17.4):	 total squared error = 0.0154862, marker error: RMS = 0.0285493, max = 0.0598512 (LSmallToe)
[2024-10-09 17:58:47.574] [info] Frame 522 (t = 17.4333):	 total squared error = 0.0151935, marker error: RMS = 0.0282782, max = 0.0616337 (LSmallToe)
[2024-10-09 17:58:47.652] [info] Frame 523 (t = 17.4667):	 total squared error = 0.0151171, marker error: RMS = 0.0282071, max = 0.0624754 (LSmallToe)
[2024-10-09 17:58:47.713] [info] Frame 524 (t = 17.5):	 total squared error = 0.0150629, marker error: RMS = 0.0281564, max = 0.0629285 (LSmallToe)
[2024-10-09 17:58:47.751] [info] Frame 525 (t = 17.5333):	 total squared error = 0.0150045, marker error: RMS = 0.0281018, max = 0.0626312 (LSmallToe)
[2024-10-09 17:58:47.768] [info] Frame 526 (t = 17.5667):	 total squared error = 0.0150101, marker error: RMS = 0.0281070, max = 0.0617972 (LSmallToe)
[2024-10-09 17:58:47.846] [info] Frame 527 (t = 17.6):	 total squared error = 0.0150198, marker error: RMS = 0.0281161, max = 0.0595906 (LSmallToe)
[2024-10-09 17:58:47.878] [info] Frame 528 (t = 17.6333):	 total squared error = 0.0151613, marker error: RMS = 0.0282483, max = 0.0571549 (LSmallToe)
[2024-10-09 17:58:47.939] [info] Frame 529 (t = 17.6667):	 total squared error = 0.0153076, marker error: RMS = 0.0283842, max = 0.0545497 (LSmallToe)
[2024-10-09 17:58:47.973] [info] Frame 530 (t = 17.7):	 total squared error = 0.0153488, marker error: RMS = 0.0284224, max = 0.0523289 (LSmallToe)
[2024-10-09 17:58:48.008] [info] Frame 531 (t = 17.7333):	 total squared error = 0.0152181, marker error: RMS = 0.0283011, max = 0.0507190 (LSmallToe)
[2024-10-09 17:58:48.028] [info] Frame 532 (t = 17.7667):	 total squared error = 0.0149315, marker error: RMS = 0.0280333, max = 0.0502751 (LSmallToe)
[2024-10-09 17:58:48.091] [info] Frame 533 (t = 17.8):	 total squared error = 0.0145522, marker error: RMS = 0.027675, max = 0.0505863 (LSmallToe)
[2024-10-09 17:58:48.122] [info] Frame 534 (t = 17.8333):	 total squared error = 0.0142105, marker error: RMS = 0.0273482, max = 0.0521851 (LSmallToe)
[2024-10-09 17:58:48.149] [info] Frame 535 (t = 17.8667):	 total squared error = 0.0140260, marker error: RMS = 0.02717, max = 0.0543806 (LSmallToe)
[2024-10-09 17:58:48.173] [info] Frame 536 (t = 17.9):	 total squared error = 0.0140239, marker error: RMS = 0.027168, max = 0.0566325 (LSmallToe)
[2024-10-09 17:58:48.197] [info] Frame 537 (t = 17.9333):	 total squared error = 0.0141621, marker error: RMS = 0.0273016, max = 0.0587247 (LSmallToe)
[2024-10-09 17:58:48.262] [info] Frame 538 (t = 17.9667):	 total squared error = 0.0143498, marker error: RMS = 0.0274818, max = 0.0601597 (LSmallToe)
[2024-10-09 17:58:48.280] [info] Frame 539 (t = 18.0):	 total squared error = 0.0145109, marker error: RMS = 0.0276357, max = 0.0610556 (LSmallToe)
[2024-10-09 17:58:48.316] [info] Frame 540 (t = 18.0333):	 total squared error = 0.0146090, marker error: RMS = 0.0277289, max = 0.0611968 (LSmallToe)
[2024-10-09 17:58:48.339] [info] Frame 541 (t = 18.0667):	 total squared error = 0.0146345, marker error: RMS = 0.0277531, max = 0.0611655 (LSmallToe)
[2024-10-09 17:58:48.400] [info] Frame 542 (t = 18.1):	 total squared error = 0.0146334, marker error: RMS = 0.0277521, max = 0.0609257 (LSmallToe)
[2024-10-09 17:58:48.444] [info] Frame 543 (t = 18.1333):	 total squared error = 0.0145908, marker error: RMS = 0.0277116, max = 0.0607368 (LSmallToe)
[2024-10-09 17:58:48.494] [info] Frame 544 (t = 18.1667):	 total squared error = 0.014525, marker error: RMS = 0.0276492, max = 0.0606927 (LSmallToe)
[2024-10-09 17:58:48.533] [info] Frame 545 (t = 18.2):	 total squared error = 0.0144262, marker error: RMS = 0.0275549, max = 0.0605483 (LSmallToe)
[2024-10-09 17:58:48.588] [info] Frame 546 (t = 18.2333):	 total squared error = 0.0143599, marker error: RMS = 0.0274915, max = 0.0604976 (LSmallToe)
[2024-10-09 17:58:48.668] [info] Frame 547 (t = 18.2667):	 total squared error = 0.0143564, marker error: RMS = 0.0274882, max = 0.0605483 (LSmallToe)
[2024-10-09 17:58:48.711] [info] Frame 548 (t = 18.3):	 total squared error = 0.0144713, marker error: RMS = 0.0275979, max = 0.0608929 (LSmallToe)
[2024-10-09 17:58:48.756] [info] Frame 549 (t = 18.3333):	 total squared error = 0.014689, marker error: RMS = 0.0278048, max = 0.0614251 (LSmallToe)
[2024-10-09 17:58:48.801] [info] Frame 550 (t = 18.3667):	 total squared error = 0.0150134, marker error: RMS = 0.0281101, max = 0.0623979 (LSmallToe)
[2024-10-09 17:58:48.842] [info] Frame 551 (t = 18.4):	 total squared error = 0.0153994, marker error: RMS = 0.0284692, max = 0.0635828 (LSmallToe)
[2024-10-09 17:58:48.897] [info] Frame 552 (t = 18.4333):	 total squared error = 0.0158274, marker error: RMS = 0.0288621, max = 0.0647829 (LSmallToe)
[2024-10-09 17:58:48.937] [info] Frame 553 (t = 18.4667):	 total squared error = 0.0162089, marker error: RMS = 0.0292079, max = 0.0656345 (LSmallToe)
[2024-10-09 17:58:48.984] [info] Frame 554 (t = 18.5):	 total squared error = 0.0165021, marker error: RMS = 0.0294709, max = 0.0663262 (LSmallToe)
[2024-10-09 17:58:49.046] [info] Frame 555 (t = 18.5333):	 total squared error = 0.0166772, marker error: RMS = 0.0296268, max = 0.0667634 (LSmallToe)
[2024-10-09 17:58:49.108] [info] Frame 556 (t = 18.5667):	 total squared error = 0.0167583, marker error: RMS = 0.0296988, max = 0.0668228 (LSmallToe)
[2024-10-09 17:58:49.172] [info] Frame 557 (t = 18.6):	 total squared error = 0.0167578, marker error: RMS = 0.0296983, max = 0.0665532 (LSmallToe)
[2024-10-09 17:58:49.219] [info] Frame 558 (t = 18.6333):	 total squared error = 0.0167071, marker error: RMS = 0.0296533, max = 0.065952 (LSmallToe)
[2024-10-09 17:58:49.268] [info] Frame 559 (t = 18.6667):	 total squared error = 0.0166345, marker error: RMS = 0.0295888, max = 0.0651824 (LSmallToe)
[2024-10-09 17:58:49.315] [info] Frame 560 (t = 18.7):	 total squared error = 0.0165597, marker error: RMS = 0.0295222, max = 0.0644864 (LSmallToe)
[2024-10-09 17:58:49.363] [info] Frame 561 (t = 18.7333):	 total squared error = 0.0164849, marker error: RMS = 0.0294555, max = 0.0639767 (LSmallToe)
[2024-10-09 17:58:49.413] [info] Frame 562 (t = 18.7667):	 total squared error = 0.0164446, marker error: RMS = 0.0294195, max = 0.0637082 (LSmallToe)
[2024-10-09 17:58:49.451] [info] Frame 563 (t = 18.8):	 total squared error = 0.0164526, marker error: RMS = 0.0294267, max = 0.0636094 (LSmallToe)
[2024-10-09 17:58:49.541] [info] Frame 564 (t = 18.8333):	 total squared error = 0.0165108, marker error: RMS = 0.0294787, max = 0.0639315 (LSmallToe)
[2024-10-09 17:58:49.583] [info] Frame 565 (t = 18.8667):	 total squared error = 0.0166, marker error: RMS = 0.0295581, max = 0.0643832 (LSmallToe)
[2024-10-09 17:58:49.702] [info] Frame 566 (t = 18.9):	 total squared error = 0.0166292, marker error: RMS = 0.0295842, max = 0.0648439 (LSmallToe)
[2024-10-09 17:58:49.748] [info] Frame 567 (t = 18.9333):	 total squared error = 0.0165831, marker error: RMS = 0.0295431, max = 0.064888 (LSmallToe)
[2024-10-09 17:58:49.793] [info] Frame 568 (t = 18.9667):	 total squared error = 0.0164484, marker error: RMS = 0.0294229, max = 0.0648392 (LSmallToe)
[2024-10-09 17:58:49.832] [info] Frame 569 (t = 19.0):	 total squared error = 0.0162794, marker error: RMS = 0.0292713, max = 0.0645131 (LSmallToe)
[2024-10-09 17:58:49.870] [info] Frame 570 (t = 19.0333):	 total squared error = 0.0161116, marker error: RMS = 0.02912, max = 0.0639276 (LSmallToe)
[2024-10-09 17:58:49.923] [info] Frame 571 (t = 19.0667):	 total squared error = 0.0159606, marker error: RMS = 0.0289833, max = 0.0635123 (LSmallToe)
[2024-10-09 17:58:49.968] [info] Frame 572 (t = 19.1):	 total squared error = 0.0158354, marker error: RMS = 0.0288694, max = 0.0631352 (LSmallToe)
[2024-10-09 17:58:50.058] [info] Frame 573 (t = 19.1333):	 total squared error = 0.0157457, marker error: RMS = 0.0287875, max = 0.0629634 (LSmallToe)
[2024-10-09 17:58:50.131] [info] Frame 574 (t = 19.1667):	 total squared error = 0.0157264, marker error: RMS = 0.0287699, max = 0.0630196 (LSmallToe)
[2024-10-09 17:58:50.188] [info] Frame 575 (t = 19.2):	 total squared error = 0.01573, marker error: RMS = 0.0287732, max = 0.0630971 (LSmallToe)
[2024-10-09 17:58:50.264] [info] Frame 576 (t = 19.2333):	 total squared error = 0.0156884, marker error: RMS = 0.0287351, max = 0.0629609 (LSmallToe)
[2024-10-09 17:58:50.308] [info] Frame 577 (t = 19.2667):	 total squared error = 0.0155609, marker error: RMS = 0.0286181, max = 0.0622041 (LSmallToe)
[2024-10-09 17:58:50.354] [info] Frame 578 (t = 19.3):	 total squared error = 0.0153071, marker error: RMS = 0.0283838, max = 0.0608088 (LSmallToe)
[2024-10-09 17:58:50.429] [info] Frame 579 (t = 19.3333):	 total squared error = 0.0149466, marker error: RMS = 0.0280475, max = 0.0588018 (LSmallToe)
[2024-10-09 17:58:50.499] [info] Frame 580 (t = 19.3667):	 total squared error = 0.0145839, marker error: RMS = 0.0277051, max = 0.0563957 (LSmallToe)
[2024-10-09 17:58:50.655] [info] Frame 581 (t = 19.4):	 total squared error = 0.0142648, marker error: RMS = 0.0274004, max = 0.0541468 (LSmallToe)
[2024-10-09 17:58:50.698] [info] Frame 582 (t = 19.4333):	 total squared error = 0.0140596, marker error: RMS = 0.0272025, max = 0.0526231 (LSmallToe)
[2024-10-09 17:58:50.745] [info] Frame 583 (t = 19.4667):	 total squared error = 0.0139591, marker error: RMS = 0.0271051, max = 0.0525342 (LSmallToe)
[2024-10-09 17:58:50.801] [info] Frame 584 (t = 19.5):	 total squared error = 0.0139885, marker error: RMS = 0.0271336, max = 0.0536269 (LSmallToe)
[2024-10-09 17:58:50.851] [info] Frame 585 (t = 19.5333):	 total squared error = 0.0141832, marker error: RMS = 0.0273219, max = 0.0553467 (LSmallToe)
[2024-10-09 17:58:50.896] [info] Frame 586 (t = 19.5667):	 total squared error = 0.0144923, marker error: RMS = 0.027618, max = 0.0572727 (LSmallToe)
[2024-10-09 17:58:50.952] [info] Frame 587 (t = 19.6):	 total squared error = 0.0148505, marker error: RMS = 0.0279572, max = 0.0587355 (LSmallToe)
[2024-10-09 17:58:50.998] [info] Frame 588 (t = 19.6333):	 total squared error = 0.0151801, marker error: RMS = 0.0282658, max = 0.0591673 (LSmallToe)
[2024-10-09 17:58:51.057] [info] Frame 589 (t = 19.6667):	 total squared error = 0.0154299, marker error: RMS = 0.0284974, max = 0.0587814 (LSmallToe)
[2024-10-09 17:58:51.107] [info] Frame 590 (t = 19.7):	 total squared error = 0.01559, marker error: RMS = 0.0286448, max = 0.0579436 (LSmallToe)
[2024-10-09 17:58:51.163] [info] Frame 591 (t = 19.7333):	 total squared error = 0.0156187, marker error: RMS = 0.0286711, max = 0.0573281 (LSmallToe)
[2024-10-09 17:58:51.232] [info] Frame 592 (t = 19.7667):	 total squared error = 0.0155361, marker error: RMS = 0.0285953, max = 0.0574077 (LSmallToe)
[2024-10-09 17:58:51.278] [info] Frame 593 (t = 19.8):	 total squared error = 0.0154585, marker error: RMS = 0.0285238, max = 0.058262 (LSmallToe)
[2024-10-09 17:58:51.324] [info] Frame 594 (t = 19.8333):	 total squared error = 0.0154538, marker error: RMS = 0.0285194, max = 0.0595512 (LSmallToe)
[2024-10-09 17:58:51.367] [info] Frame 595 (t = 19.8667):	 total squared error = 0.0155679, marker error: RMS = 0.0286245, max = 0.0607806 (LSmallToe)
[2024-10-09 17:58:51.411] [info] Frame 596 (t = 19.9):	 total squared error = 0.0157027, marker error: RMS = 0.0287482, max = 0.0617652 (LSmallToe)
[2024-10-09 17:58:51.459] [info] Frame 597 (t = 19.9333):	 total squared error = 0.0157807, marker error: RMS = 0.0288195, max = 0.0620841 (LSmallToe)
[2024-10-09 17:58:51.503] [info] Frame 598 (t = 19.9667):	 total squared error = 0.0156997, marker error: RMS = 0.0287455, max = 0.0610129 (LSmallToe)
[2024-10-09 17:58:51.542] [info] Frame 599 (t = 20.0):	 total squared error = 0.015344, marker error: RMS = 0.0284179, max = 0.0579801 (LSmallToe)
[2024-10-09 17:58:51.579] [info] Frame 600 (t = 20.0333):	 total squared error = 0.0147106, marker error: RMS = 0.0278252, max = 0.0522633 (LSmallToe)
[2024-10-09 17:58:51.622] [info] Frame 601 (t = 20.0667):	 total squared error = 0.0138926, marker error: RMS = 0.0270406, max = 0.046274 (RHip)
[2024-10-09 17:58:51.640] [info] Frame 602 (t = 20.1):	 total squared error = 0.0131142, marker error: RMS = 0.026272, max = 0.0465892 (RHip)
[2024-10-09 17:58:51.685] [info] Frame 603 (t = 20.1333):	 total squared error = 0.0126953, marker error: RMS = 0.0258491, max = 0.0466204 (RHip)
[2024-10-09 17:58:51.728] [info] Frame 604 (t = 20.1667):	 total squared error = 0.0128483, marker error: RMS = 0.0260043, max = 0.0464991 (RHip)
[2024-10-09 17:58:51.751] [info] Frame 605 (t = 20.2):	 total squared error = 0.0140421, marker error: RMS = 0.0271856, max = 0.0463322 (RHip)
[2024-10-09 17:58:51.786] [info] Frame 606 (t = 20.2333):	 total squared error = 0.0166392, marker error: RMS = 0.029593, max = 0.0614614 (LSmallToe)
[2024-10-09 17:58:51.800] [info] InverseKinematicsTool completed 607 frames in 37 second(s).
